
     ######################################################################
   ##########################################################################
  ###                                                                      ###
 ###            Tinker  ---  Software Tools for Molecular Design            ###
 ##                                                                          ##
 ##                          Version 8.7  June 2019                          ##
 ##                                                                          ##
 ##               Copyright (c)  Jay William Ponder  1990-2019               ##
 ###                           All Rights Reserved                          ###
  ###                                                                      ###
   ##########################################################################
     ######################################################################


 Additional Atom Definition Parameters :

     Type  Class  Symbol  Description               Atomic    Mass   Valence

     401    401     N     methylamine                  7     14.007     3
     402    402     C     methylamine                  6     12.011     4
     405    405     H     methylamine                  1      1.008     1
     407    407     H     methylamine                  1      1.008     1

 Additional Bond Stretching Parameters :

     Atom Classes             K(S)         Length

       401 402             381.300         1.4587
       401 407             515.900         1.0156
       402 405             341.000         1.1034

 Additional Angle Bending Parameters :

     Atom Classes             K(B)          Angle

     405 402 405            40.570        107.770
     401 402 405            70.990        109.155
     402 401 407            35.000        109.892
     407 401 407            34.500        106.231

 Additional Stretch-Bend Parameters :

     Atom Classes          K(SB)-1        K(SB)-2

     401 402 405            11.500         11.500
     402 401 407             4.300          7.200
     407 401 407             4.300          7.200

 Additional Torsional Parameters :

     Atom Classes     1-Fold    2-Fold    3-Fold    4-Fold    5-Fold    6-Fold

   407 401 402 405   0.00   0  0.66 180  0.29   0  0.00   0  0.00   0  0.00   0

 Additional van der Waals Parameters :

     Atom Class               Size        Epsilon        Reduction

         401                3.7100         0.1050          0.000
         402                3.8200         0.1010          0.000
         405                2.8800         0.0240          0.910
         407                2.7000         0.0200          0.910

 Additional Atomic Multipole Parameters :

     Atom Type     Coordinate Frame Definition         Multipole Moments

         401      402    407    407   Z-Bisect    -0.28246
                                                   0.36146  0.00000  0.20852
                                                  -0.90965
                                                   0.00000  0.30097
                                                  -0.52888  0.00000  0.60868

         402      401    407    407   Z-Bisect     0.12313
                                                  -0.10697  0.00000  0.38281
                                                  -0.33363
                                                   0.00000 -0.31356
                                                  -0.03827  0.00000  0.64719

         405      402    401      0   Z-then-X     0.00781
                                                  -0.00272  0.00000 -0.10601
                                                   0.02245
                                                   0.00000  0.02136
                                                  -0.03884  0.00000 -0.04381

         407      401    407      0   Z-then-X     0.06795
                                                  -0.03052  0.00000 -0.19778
                                                   0.03699
                                                   0.00000  0.04764
                                                   0.00520  0.00000 -0.08463

 Additional Atomic Dipole Polarizability Parameters :

     Atom Type           Alpha       Thole     Group Atom Types

         401             1.073       0.390         402  407
         402             1.334       0.390         401  405
         405             0.496       0.390         402
         407             0.496       0.390         401

 Limited Memory BFGS Quasi-Newton Optimization :

 QN Iter     F Value      G RMS      F Move   X Move   Angle  FG Call  Comment

     0        3.2301     8.2489                                   1
     1        2.8141     9.1004      0.4160   0.0142    0.00      3    Success 
     2        2.5719     2.5878      0.2421   0.0107   47.94      4    Success 
     3        2.5520     1.6611      0.0199   0.0026   27.32      5    Success 
     4        2.5423     1.3041      0.0097   0.0011   34.40      6    Success 
     5        2.5263     0.8860      0.0160   0.0025   30.78      7    Success 
     6        2.5094     1.1830      0.0169   0.0058   26.59      8    Success 
     7        2.5065     0.6454      0.0029   0.0013   57.66     10    Success 
     8        2.5053     0.3652      0.0011   0.0006   52.92     11    Success 
     9        2.5042     0.2954      0.0012   0.0009   38.80     12    Success 
    10        2.5036     0.1984      0.0005   0.0006   52.46     13    Success 
    11        2.5033     0.1007      0.0003   0.0006   52.26     14    Success 
    12        2.5033     0.1174      0.0000   0.0003   45.14     15    Success 
    13        2.5033     0.0203      0.0000   0.0001   38.93     16   SmallGrad

 LBFGS  --  Normal Termination due to SmallGrad

 Final Function Value :            2.5033
 Final RMS Gradient :              0.0203
 Final Gradient Norm :             0.0537
