
     ######################################################################
   ##########################################################################
  ###                                                                      ###
 ###            Tinker  ---  Software Tools for Molecular Design            ###
 ##                                                                          ##
 ##                          Version 8.7  June 2019                          ##
 ##                                                                          ##
 ##               Copyright (c)  Jay William Ponder  1990-2019               ##
 ###                           All Rights Reserved                          ###
  ###                                                                      ###
   ##########################################################################
     ######################################################################


 Additional Atom Definition Parameters :

     Type  Class  Symbol  Description               Atomic    Mass   Valence

     403    403     N     ModifiedRes                  7     14.007     3
     412    412     H     ModifiedRes                  1      1.008     1
     401    401     C     ModifiedRes                  6     12.011     4
     410    410     H     ModifiedRes                  1      1.008     1
     404    404     C     ModifiedRes                  6     12.011     3
     411    411     O     ModifiedRes                  8     15.999     1
     402    402     C     ModifiedRes                  6     12.011     4
     407    407     S     ModifiedRes                 16     32.066     2
     408    408     C     ModifiedRes                  6     12.011     2
     416    416     N     ModifiedRes                  7     14.007     1
     409    409     H     ModifiedRes                  1      1.008     1
     406    406     C     ModifiedRes                  6     12.011     3
     413    413     O     ModifiedRes                  8     15.999     1
     405    405     N     ModifiedRes                  7     14.007     3
     414    414     H     ModifiedRes                  1      1.008     1
     415    415     H     ModifiedRes                  1      1.008     1

 Additional Bond Stretching Parameters :

     Atom Classes             K(S)         Length

       401 403             374.800         1.4589
       403 406             482.000         1.3610
       403 412             542.000         1.0150
       401 410             341.000         1.0957
       401 404             345.300         1.5388
       401 402             345.300         1.5181
       404 405             482.000         1.3572
       404 411             705.000         1.2314
       402 409             395.500         1.0914
       402 407             235.800         1.8318
       407 408             235.800         1.6971
       408 416             450.000         1.1861
       406 413             705.000         1.2330
       406 414             356.400         1.1017
       405 415             542.000         1.0125

 Additional Angle Bending Parameters :

     Atom Classes             K(B)          Angle

     403 406 413            60.000        124.094
     401 403 412            35.000        118.942
     406 403 412            35.000        118.838
     401 404 405            70.000        113.359
     401 404 411            80.000        121.700
     401 402 407            53.200        108.210
     401 403 406            50.000        121.364
     404 401 410            38.000        109.343
     402 401 410            38.000        110.332
     403 401 410            50.600        106.311
     402 401 404            60.000        109.451
     403 401 404            80.000        110.698
     402 401 403            80.000        110.661
     402 407 408            60.430         97.779
     407 408 416            60.000        178.379
     409 402 409            39.570        108.414
     401 402 409            42.440        109.507
     407 402 409            60.240        109.536
     405 404 411            60.000        124.942
     413 406 414            68.340        122.634
     403 406 414            31.650        113.263
     415 405 415            22.300        119.362
     404 405 415            35.000        117.511

 Additional Stretch-Bend Parameters :

     Atom Classes          K(SB)-1        K(SB)-2

     401 403 412             4.300          7.200
     406 403 412             4.300          7.200
     401 404 405            18.700         18.700
     401 402 407            18.700         18.700
     401 403 406             7.200          7.200
     404 401 410            11.500         18.700
     402 401 410            11.500         18.700
     403 401 410            11.500         11.500
     402 401 404            18.700         18.700
     403 401 404            18.700         18.700
     402 401 403            18.700         18.700
     402 407 408            -5.750         -5.750
     401 402 409            11.500         11.500
     407 402 409            11.500         11.500
     403 406 414            11.500         11.500
     404 405 415             4.300          7.200
     415 405 415             4.300          7.200
     401 404 411            18.700         18.700
     413 406 414            11.500         11.500

 Additional Out-of-Plane Bend Parameters :

     Atom Classes                   K(OPB)

     401 403   0   0                14.400
     401 404   0   0                14.400
     403 406   0   0               107.910
     404 405   0   0                71.940
     405 404   0   0               107.910
     406 403   0   0                71.940
     411 404   0   0               122.298
     412 403   0   0                 5.755
     413 406   0   0               122.298
     414 406   0   0               140.283
     415 405   0   0                 5.755

 Additional Torsional Parameters :

     Atom Classes     1-Fold    2-Fold    3-Fold    4-Fold    5-Fold    6-Fold

   403 401 404 405   0.00   0  0.00 180  0.00   0  0.00   0  0.00   0  0.00   0
   403 401 404 411   0.00   0  0.00 180  0.00   0  0.00   0  0.00   0  0.00   0
   403 401 402 409   0.00   0  0.00 180  0.00   0  0.00   0  0.00   0  0.00   0
   403 401 402 407   0.00   0  0.00 180  0.00   0  0.00   0  0.00   0  0.00   0
   410 401 403 412   0.00   0  0.00 180  0.00   0  0.00   0  0.00   0  0.00   0
   404 401 403 412   0.00   0  0.00 180  0.00   0  0.00   0  0.00   0  0.00   0
   402 401 403 412   0.00   0  0.00 180  0.00   0  0.00   0  0.00   0  0.00   0
   412 403 406 413   0.00   0  0.00 180  0.00   0  0.00   0  0.00   0  0.00   0
   412 403 406 414   0.00   0  0.00 180  0.00   0  0.00   0  0.00   0  0.00   0
   401 404 405 415   0.00   0  1.20 180  0.80   0  0.00   0  0.00   0  0.00   0
   401 402 407 408   0.00   0  0.00 180  0.00   0  0.00   0  0.00   0  0.00   0
   401 403 406 413   0.00   0  0.00 180  0.00   0  0.00   0  0.00   0  0.00   0
   401 403 406 414   0.00   0  0.00 180  0.00   0  0.00   0  0.00   0  0.00   0
   410 401 404 405   0.00   0  0.00 180  0.00   0  0.00   0  0.00   0  0.00   0
   410 401 404 411   0.00   0  0.00 180  0.00   0  0.00   0  0.00   0  0.00   0
   410 401 402 409   0.00   0  0.00 180  0.00   0  0.00   0  0.00   0  0.00   0
   410 401 402 407   0.00   0  0.00 180  0.00   0  0.00   0  0.00   0  0.00   0
   410 401 403 406   0.00   0  0.00 180  0.00   0  0.00   0  0.00   0  0.00   0
   404 401 402 409   0.00   0  0.00 180  0.00   0  0.00   0  0.00   0  0.00   0
   404 401 402 407   0.00   0  0.00 180  0.00   0  0.00   0  0.00   0  0.00   0
   404 401 403 406   0.00   0  0.00 180  0.00   0  0.00   0  0.00   0  0.00   0
   411 404 405 415   0.00   0  0.00 180  0.00   0  0.00   0  0.00   0  0.00   0
   402 401 404 411   0.00   0  0.00 180  0.00   0  0.00   0  0.00   0  0.00   0
   402 401 404 405   0.00   0  0.00 180  0.00   0  0.00   0  0.00   0  0.00   0
   402 401 403 406   0.00   0  0.00 180  0.00   0  0.00   0  0.00   0  0.00   0
   402 407 408 416   0.00   0  0.00 180  0.50   0  0.00   0  0.00   0  0.00   0
   409 402 407 408   0.00   0  0.00 180  0.00   0  0.00   0  0.00   0  0.00   0

 Additional Pi-Orbital Torsion Parameters :

     Atom Classes       2-Fold

       404 405           6.850
       403 406           6.850

 Additional van der Waals Parameters :

     Atom Class               Size        Epsilon        Reduction

         403                3.7100         0.1100          0.000
         412                2.5900         0.0220          0.900
         401                3.6500         0.1010          0.000
         410                2.8800         0.0240          0.910
         404                3.8200         0.1060          0.000
         411                3.3000         0.1120          0.000
         402                3.7800         0.1060          0.000
         407                4.0050         0.3550          0.000
         408                3.7800         0.1060          0.000
         416                3.7100         0.1050          0.000
         409                2.8700         0.0330          0.900
         406                3.8200         0.1060          0.000
         413                3.3000         0.1120          0.000
         405                3.7100         0.1100          0.000
         414                2.9200         0.0300          0.920
         415                2.5900         0.0220          0.900

 Additional Atomic Multipole Parameters :

     Atom Type     Coordinate Frame Definition         Multipole Moments

         401      403    404      0   Z-then-X    -0.27040
                                                  -0.22190  0.00000  0.26102
                                                  -0.17903
                                                   0.00000 -0.24517
                                                   0.13675  0.00000  0.42420

         402      407    401      0   Z-then-X    -0.16380
                                                   0.27778  0.00000 -0.20334
                                                   0.30211
                                                   0.00000 -0.49081
                                                  -0.33263  0.00000  0.18870

         403      406    401      0   Z-then-X    -0.06286
                                                   0.37348  0.00000 -0.12295
                                                   0.79149
                                                   0.00000 -1.08676
                                                  -0.63736  0.00000  0.29527

         404      411    405      0   Z-then-X     0.97419
                                                  -0.10999  0.00000  0.25580
                                                   0.38321
                                                   0.00000 -0.33696
                                                  -0.17133  0.00000 -0.04625

         405      404    415      0   Z-then-X    -0.32376
                                                   0.05823  0.00000 -0.07138
                                                   0.32176
                                                   0.00000 -0.38869
                                                  -0.03945  0.00000  0.06693

         406      413    403      0   Z-then-X     0.63075
                                                   0.40149  0.00000  0.25741
                                                  -0.01797
                                                   0.00000  0.01503
                                                   0.00873  0.00000  0.00294

         407      408    402      0   Z-then-X     0.34019
                                                   0.47821  0.00000  0.49978
                                                   1.11919
                                                   0.00000 -2.31639
                                                  -0.50667  0.00000  1.19720

         408      407    416      0   Z-then-X     0.21608
                                                   0.00820  0.00000 -0.28509
                                                   0.05369
                                                   0.00000  0.10740
                                                   0.05156  0.00000 -0.16109

         409      402    407      0   Z-then-X     0.09933
                                                   0.00064  0.00000 -0.16410
                                                   0.07960
                                                   0.00000  0.07569
                                                  -0.01944  0.00000 -0.15529

         410      401    403      0   Z-then-X     0.10718
                                                  -0.02083  0.00000 -0.03604
                                                  -0.03187
                                                   0.00000  0.01466
                                                  -0.01392  0.00000  0.01721

         411      404    405      0   Z-then-X    -0.77613
                                                   0.13027  0.00000 -0.18830
                                                  -0.53109
                                                   0.00000  0.25725
                                                   0.21601  0.00000  0.27384

         412      403    401      0   Z-then-X     0.11911
                                                   0.01244  0.00000 -0.25689
                                                   0.04573
                                                   0.00000  0.01640
                                                  -0.00301  0.00000 -0.06213

         413      406    403      0   Z-then-X    -0.66614
                                                  -0.21394  0.00000 -0.03273
                                                  -0.49754
                                                   0.00000  0.12402
                                                  -0.24547  0.00000  0.37352

         414      406    413      0   Z-then-X    -0.02624
                                                   0.07068  0.00000 -0.22870
                                                   0.12255
                                                   0.00000  0.03666
                                                   0.03118  0.00000 -0.15921

         415      405    404      0   Z-then-X     0.13248
                                                   0.00045  0.00000 -0.38308
                                                   0.28470
                                                   0.00000  0.12111
                                                   0.01221  0.00000 -0.40581

         416      408    407      0   Z-then-X    -0.56179
                                                   0.01684  0.00000 -0.29231
                                                   0.37390
                                                   0.00000  0.24558
                                                   0.00671  0.00000 -0.61948

 Additional Atomic Dipole Polarizability Parameters :

     Atom Type           Alpha       Thole     Group Atom Types

         403             1.073       0.390         412  401  406
         412             0.496       0.390         403
         401             1.334       0.390         403  410  404  402
         410             0.496       0.390         401
         404             1.334       0.390         401  411  405
         411             0.837       0.390         404
         402             1.334       0.390         401  407  409
         407             3.300       0.390         402  408
         408             1.334       0.390         407  416
         416             1.073       0.390         408
         409             0.496       0.390         402
         406             1.334       0.390         403  413  414
         413             0.837       0.390         406
         405             1.073       0.390         404  415
         414             0.494       0.390         406
         415             0.496       0.390         405

 Limited Memory BFGS Quasi-Newton Optimization :

 QN Iter     F Value      G RMS      F Move   X Move   Angle  FG Call  Comment

     0     1068.7675   607.2566                                   1
     1      491.5569   438.8377    577.2106   0.0982    0.00      2    Success 
     2      331.0931   499.1468    160.4639   0.0720   37.05      3    Success 
     3      208.2226   230.7704    122.8705   0.0207   26.18      4    Success 
     4      112.4925   144.0231     95.7301   0.0436   35.11      5    Success 
     5       63.8419   108.9858     48.6505   0.0361   43.45      6    Success 
     6       26.0030   120.4077     37.8390   0.0526   44.56      7    Success 
     7        6.3368    89.0104     19.6661   0.0414   57.36      8    Success 
     8       -5.2182    46.3045     11.5550   0.0122   36.54      9    Success 
     9      -13.2123    30.3734      7.9941   0.0162   33.43     10    Success 
    10      -19.6781    40.4902      6.4658   0.0305   46.04     11    Success 
    11      -23.2934    57.6199      3.6153   0.0222   56.31     12    Success 
    12      -27.3427    17.1524      4.0493   0.0098   51.64     13    Success 
    13      -28.0425    10.4952      0.6999   0.0053   46.26     14    Success 
    14      -28.4580    10.5172      0.4155   0.0035   42.79     15    Success 
    15      -29.1529    10.3336      0.6948   0.0064   46.83     16    Success 
    16      -30.1351    12.6955      0.9822   0.0128   54.42     17    Success 
    17      -30.7515    17.5735      0.6164   0.0225   67.58     18    Success 
    18      -31.3212     6.8896      0.5697   0.0035   36.47     19    Success 
    19      -31.5897     6.1785      0.2686   0.0038   38.21     20    Success 
    20      -31.8465     5.9702      0.2568   0.0065   59.90     21    Success 
    21      -32.1039     7.5699      0.2573   0.0092   64.85     22    Success 
    22      -32.3475     4.9540      0.2436   0.0118   73.04     23    Success 
    23      -32.5097     4.2906      0.1622   0.0040   56.45     24    Success 
    24      -32.7095     7.2951      0.1998   0.0079   57.99     25    Success 
    25      -32.7718     5.6947      0.0622   0.0034   73.83     27    Success 
    26      -32.8182     3.1693      0.0464   0.0027   76.76     28    Success 
    27      -32.8581     2.7391      0.0399   0.0031   68.59     29    Success 
    28      -32.8788     4.1900      0.0207   0.0022   63.28     30    Success 
    29      -32.9006     2.3691      0.0219   0.0009   63.01     31    Success 
    30      -32.9272     1.7098      0.0266   0.0016   56.41     32    Success 
    31      -32.9460     1.9935      0.0188   0.0017   58.35     33    Success 
    32      -32.9498     4.7531      0.0037   0.0028   67.74     34    Success 
    33      -32.9566     3.8488      0.0068   0.0001   52.01     35    Success 
    34      -32.9679     2.3503      0.0113   0.0004   57.28     36    Success 
    35      -32.9817     1.3521      0.0138   0.0010   58.60     37    Success 
    36      -32.9871     1.6657      0.0054   0.0007   66.74     38    Success 
    37      -32.9963     1.6255      0.0092   0.0011   71.18     39    Success 
    38      -33.0108     1.7896      0.0145   0.0019   70.56     40    Success 
    39      -33.0265     1.9636      0.0157   0.0034   74.46     41    Success 
    40      -33.0366     1.4129      0.0101   0.0026   77.49     42    Success 
    41      -33.0419     0.9851      0.0053   0.0007   64.72     43    Success 
    42      -33.0470     0.9923      0.0051   0.0008   60.05     44    Success 
    43      -33.0532     1.0161      0.0062   0.0013   66.89     45    Success 
    44      -33.0569     1.5044      0.0038   0.0022   72.47     46    Success 
    45      -33.0617     0.6787      0.0048   0.0005   57.05     47    Success 
    46      -33.0647     0.6979      0.0031   0.0007   59.21     48    Success 
    47      -33.0690     0.9271      0.0043   0.0012   68.30     49    Success 
    48      -33.0709     1.6286      0.0019   0.0008   74.54     51    Success 
    49      -33.0739     1.1106      0.0030   0.0009   82.17     52    Success 
    50      -33.0780     0.6540      0.0041   0.0016   79.01     53    Success 
    51      -33.0808     0.7648      0.0028   0.0011   73.50     54    Success 
    52      -33.0844     0.9964      0.0036   0.0016   74.93     55    Success 
    53      -33.0870     1.3610      0.0025   0.0019   77.55     56    Success 
    54      -33.0894     0.5969      0.0024   0.0003   59.16     57    Success 
    55      -33.0912     0.6135      0.0017   0.0003   47.68     58    Success 
    56      -33.0927     0.7114      0.0015   0.0005   69.30     59    Success 
    57      -33.0947     1.0154      0.0020   0.0011   77.41     60    Success 
    58      -33.0966     0.5360      0.0020   0.0014   80.87     61    Success 
    59      -33.0974     0.3270      0.0008   0.0005   76.85     62    Success 
    60      -33.0982     0.4498      0.0008   0.0005   67.54     63    Success 
    61      -33.0991     0.5685      0.0009   0.0005   74.54     64    Success 
    62      -33.1003     0.6588      0.0012   0.0008   76.98     65    Success 
    63      -33.1016     0.5201      0.0013   0.0011   79.26     66    Success 
    64      -33.1024     0.4250      0.0008   0.0005   73.05     67    Success 
    65      -33.1031     0.3474      0.0007   0.0002   60.09     68    Success 
    66      -33.1037     0.3612      0.0006   0.0003   60.51     69    Success 
    67      -33.1044     0.4613      0.0006   0.0006   73.48     70    Success 
    68      -33.1048     0.2806      0.0004   0.0007   79.24     71    Success 
    69      -33.1050     0.1909      0.0002   0.0001   53.94     72    Success 
    70      -33.1053     0.2114      0.0003   0.0002   58.89     73    Success 
    71      -33.1054     0.8782      0.0000   0.0004   65.21     74    Success 
    72      -33.1057     0.4859      0.0003   0.0001   71.87     76    Success 
    73      -33.1060     0.1979      0.0003   0.0002   76.41     77    Success 
    74      -33.1061     0.2464      0.0001   0.0002   75.30     78    Success 
    75      -33.1063     0.1919      0.0002   0.0003   78.54     79    Success 
    76      -33.1065     0.2039      0.0002   0.0003   72.81     80    Success 
    77      -33.1067     0.1827      0.0002   0.0003   75.71     81    Success 
    78      -33.1068     0.1814      0.0001   0.0001   66.14     82    Success 
    79      -33.1070     0.1788      0.0002   0.0002   68.34     83    Success 
    80      -33.1071     0.4449      0.0001   0.0004   72.18     84    Success 
    81      -33.1073     0.2006      0.0002   0.0001   76.74     85    Success 
    82      -33.1074     0.1138      0.0001   0.0002   75.92     86    Success 
    83      -33.1074     0.1220      0.0001   0.0002   75.55     87    Success 
    84      -33.1075     0.0913      0.0001   0.0002   73.88     88    Success 
    85      -33.1076     0.2555      0.0000   0.0002   69.81     89    Success 
    86      -33.1076     0.1644      0.0000   0.0000   60.28     90    Success 
    87      -33.1076     0.0624      0.0000   0.0001   60.91     91    Success 
    88      -33.1077     0.0690      0.0000   0.0000   62.78     92    Success 
    89      -33.1077     0.0678      0.0000   0.0001   69.71     93    Success 
    90      -33.1077     0.0926      0.0000   0.0001   70.50     94    Success 
    91      -33.1077     0.0759      0.0000   0.0002   79.24     95    Success 
    92      -33.1078     0.0384      0.0000   0.0000   43.26     96    Success 
    93      -33.1078     0.0364      0.0000   0.0000   46.17     97    Success 
    94      -33.1078     0.0510      0.0000   0.0000   62.59     98    Success 
    95      -33.1078     0.0357      0.0000   0.0000   77.44    100    Success 
    96      -33.1078     0.0220      0.0000   0.0000   72.49    101    Success 
    97      -33.1078     0.0241      0.0000   0.0000   63.50    102    Success 
    98      -33.1078     0.0273      0.0000   0.0000   67.95    103    Success 
    99      -33.1078     0.0284      0.0000   0.0000   69.92    104    Success 
   100      -33.1078     0.0632      0.0000   0.0001   70.49    105    Success 
   101      -33.1078     0.0307      0.0000   0.0000   80.15    106    Success 
   102      -33.1078     0.0207      0.0000   0.0000   74.73    107    Success 
   103      -33.1078     0.0240      0.0000   0.0000   69.92    108    Success 
   104      -33.1078     0.0312      0.0000   0.0000   71.51    109    Success 
   105      -33.1078     0.0346      0.0000   0.0001   76.52    110    Success 
   106      -33.1078     0.0141      0.0000   0.0000   61.04    111    Success 
   107      -33.1078     0.0146      0.0000   0.0000   57.99    112    Success 
   108      -33.1078     0.0125      0.0000   0.0000   67.21    113    Success 
   109      -33.1078     0.0171      0.0000   0.0000   68.01    114    Success 
   110      -33.1078     0.0150      0.0000   0.0000   75.22    115    Success 
   111      -33.1078     0.0060      0.0000   0.0000   68.95    116    Success 
   112      -33.1078     0.0044      0.0000   0.0000   63.66    117    Success 
   113      -33.1078     0.0049      0.0000   0.0000   65.36    118    Success 
   114      -33.1078     0.0051      0.0000   0.0000   60.25    119    Success 
   115      -33.1078     0.0036      0.0000   0.0000   68.42    120    Success 
   116      -33.1078     0.0038      0.0000   0.0000   68.95    121    Success 
   117      -33.1078     0.0051      0.0000   0.0000   68.63    122    Success 
   118      -33.1078     0.0031      0.0000   0.0000   67.48    123    Success 
   119      -33.1078     0.0034      0.0000   0.0000   61.34    124    Success 
   120      -33.1078     0.0036      0.0000   0.0000   70.32    125    Success 
   121      -33.1078     0.0060      0.0000   0.0000   73.28    126    Success 
   122      -33.1078     0.0026      0.0000   0.0000   72.31    127    Success 
   123      -33.1078     0.0021      0.0000   0.0000   52.55    128    Success 
   124      -33.1078     0.0035      0.0000   0.0000   60.18    129    Success 
   125      -33.1078     0.0040      0.0000   0.0000   76.72    130    Success 
   126      -33.1078     0.0061      0.0000   0.0000   79.44    131    Success 
   127      -33.1078     0.0029      0.0000   0.0000   71.79    132    Success 
   128      -33.1078     0.0011      0.0000   0.0000   64.46    133    Success 
   129      -33.1078     0.0013      0.0000   0.0000   60.29    134    Success 
   130      -33.1078     0.0015      0.0000   0.0000   65.10    135    Success 
   131      -33.1078     0.0019      0.0000   0.0000   70.35    136    Success 
   132      -33.1078     0.0008      0.0000   0.0000   74.32    137   SmallGrad

 LBFGS  --  Normal Termination due to SmallGrad

 Final Function Value :          -33.1078
 Final RMS Gradient :              0.0008
 Final Gradient Norm :             0.0035
