
     ######################################################################
   ##########################################################################
  ###                                                                      ###
 ###            Tinker  ---  Software Tools for Molecular Design            ###
 ##                                                                          ##
 ##                          Version 8.7  June 2019                          ##
 ##                                                                          ##
 ##               Copyright (c)  Jay William Ponder  1990-2019               ##
 ###                           All Rights Reserved                          ###
  ###                                                                      ###
   ##########################################################################
     ######################################################################


 Additional Atom Definition Parameters :

     Type  Class  Symbol  Description               Atomic    Mass   Valence

     403    403     N     ModifiedRes                  7     14.007     3
     412    412     H     ModifiedRes                  1      1.008     1
     401    401     C     ModifiedRes                  6     12.011     4
     410    410     H     ModifiedRes                  1      1.008     1
     404    404     C     ModifiedRes                  6     12.011     3
     411    411     O     ModifiedRes                  8     15.999     1
     402    402     C     ModifiedRes                  6     12.011     4
     407    407     S     ModifiedRes                 16     32.066     2
     408    408     C     ModifiedRes                  6     12.011     2
     416    416     N     ModifiedRes                  7     14.007     1
     409    409     H     ModifiedRes                  1      1.008     1
     406    406     C     ModifiedRes                  6     12.011     3
     413    413     O     ModifiedRes                  8     15.999     1
     405    405     N     ModifiedRes                  7     14.007     3
     414    414     H     ModifiedRes                  1      1.008     1
     415    415     H     ModifiedRes                  1      1.008     1

 Additional Bond Stretching Parameters :

     Atom Classes             K(S)         Length

       401 403             374.800         1.4589
       403 406             482.000         1.3610
       403 412             542.000         1.0150
       401 410             341.000         1.0957
       401 404             345.300         1.5388
       401 402             345.300         1.5181
       404 405             482.000         1.3572
       404 411             705.000         1.2314
       402 409             395.500         1.0914
       402 407             235.800         1.8318
       407 408             235.800         1.6971
       408 416             450.000         1.1861
       406 413             705.000         1.2330
       406 414             356.400         1.1017
       405 415             542.000         1.0125

 Additional Angle Bending Parameters :

     Atom Classes             K(B)          Angle

     403 406 413            60.000        124.094
     401 403 412            35.000        118.942
     406 403 412            35.000        118.838
     401 404 405            70.000        113.359
     401 404 411            80.000        121.700
     401 402 407            53.200        108.210
     401 403 406            50.000        121.364
     404 401 410            38.000        109.343
     402 401 410            38.000        110.332
     403 401 410            50.600        106.311
     402 401 404            60.000        109.451
     403 401 404            80.000        110.698
     402 401 403            80.000        110.661
     402 407 408            60.430         97.779
     407 408 416            60.000        178.379
     409 402 409            39.570        108.414
     401 402 409            42.440        109.507
     407 402 409            60.240        109.536
     405 404 411            60.000        124.942
     413 406 414            68.340        122.634
     403 406 414            31.650        113.263
     415 405 415            22.300        119.362
     404 405 415            35.000        117.511

 Additional Stretch-Bend Parameters :

     Atom Classes          K(SB)-1        K(SB)-2

     401 403 412             4.300          7.200
     406 403 412             4.300          7.200
     401 404 405            18.700         18.700
     401 402 407            18.700         18.700
     401 403 406             7.200          7.200
     404 401 410            11.500         18.700
     402 401 410            11.500         18.700
     403 401 410            11.500         11.500
     402 401 404            18.700         18.700
     403 401 404            18.700         18.700
     402 401 403            18.700         18.700
     402 407 408            -5.750         -5.750
     401 402 409            11.500         11.500
     407 402 409            11.500         11.500
     403 406 414            11.500         11.500
     404 405 415             4.300          7.200
     415 405 415             4.300          7.200
     401 404 411            18.700         18.700
     413 406 414            11.500         11.500

 Additional Out-of-Plane Bend Parameters :

     Atom Classes                   K(OPB)

     401 403   0   0                14.400
     401 404   0   0                14.400
     403 406   0   0               107.910
     404 405   0   0                71.940
     405 404   0   0               107.910
     406 403   0   0                71.940
     411 404   0   0               122.298
     412 403   0   0                 5.755
     413 406   0   0               122.298
     414 406   0   0               140.283
     415 405   0   0                 5.755

 Additional Torsional Parameters :

     Atom Classes     1-Fold    2-Fold    3-Fold    4-Fold    5-Fold    6-Fold

   403 401 404 405   0.00   0  0.00 180  0.00   0  0.00   0  0.00   0  0.00   0
   403 401 404 411   0.00   0  0.00 180  0.00   0  0.00   0  0.00   0  0.00   0
   403 401 402 409   0.00   0  0.00 180  0.00   0  0.00   0  0.00   0  0.00   0
   403 401 402 407   0.00   0  0.00 180  0.00   0  0.00   0  0.00   0  0.00   0
   410 401 403 412   0.00   0  0.00 180  0.00   0  0.00   0  0.00   0  0.00   0
   404 401 403 412   0.00   0  0.00 180  0.00   0  0.00   0  0.00   0  0.00   0
   402 401 403 412   0.00   0  0.00 180  0.00   0  0.00   0  0.00   0  0.00   0
   412 403 406 413   0.00   0  0.00 180  0.00   0  0.00   0  0.00   0  0.00   0
   412 403 406 414   0.00   0  0.00 180  0.00   0  0.00   0  0.00   0  0.00   0
   401 404 405 415   0.00   0  1.20 180  0.80   0  0.00   0  0.00   0  0.00   0
   401 402 407 408   0.00   0  0.00 180  0.00   0  0.00   0  0.00   0  0.00   0
   401 403 406 413   0.00   0  0.00 180  0.00   0  0.00   0  0.00   0  0.00   0
   401 403 406 414   0.00   0  0.00 180  0.00   0  0.00   0  0.00   0  0.00   0
   410 401 404 405   0.00   0  0.00 180  0.00   0  0.00   0  0.00   0  0.00   0
   410 401 404 411   0.00   0  0.00 180  0.00   0  0.00   0  0.00   0  0.00   0
   410 401 402 409   0.00   0  0.00 180  0.00   0  0.00   0  0.00   0  0.00   0
   410 401 402 407   0.00   0  0.00 180  0.00   0  0.00   0  0.00   0  0.00   0
   410 401 403 406   0.00   0  0.00 180  0.00   0  0.00   0  0.00   0  0.00   0
   404 401 402 409   0.00   0  0.00 180  0.00   0  0.00   0  0.00   0  0.00   0
   404 401 402 407   0.00   0  0.00 180  0.00   0  0.00   0  0.00   0  0.00   0
   404 401 403 406   0.00   0  0.00 180  0.00   0  0.00   0  0.00   0  0.00   0
   411 404 405 415   0.00   0  0.00 180  0.00   0  0.00   0  0.00   0  0.00   0
   402 401 404 411   0.00   0  0.00 180  0.00   0  0.00   0  0.00   0  0.00   0
   402 401 404 405   0.00   0  0.00 180  0.00   0  0.00   0  0.00   0  0.00   0
   402 401 403 406   0.00   0  0.00 180  0.00   0  0.00   0  0.00   0  0.00   0
   402 407 408 416   0.00   0  0.00 180  0.50   0  0.00   0  0.00   0  0.00   0
   409 402 407 408   0.00   0  0.00 180  0.00   0  0.00   0  0.00   0  0.00   0

 Additional Pi-Orbital Torsion Parameters :

     Atom Classes       2-Fold

       404 405           6.850
       403 406           6.850

 Additional van der Waals Parameters :

     Atom Class               Size        Epsilon        Reduction

         403                3.7100         0.1100          0.000
         412                2.5900         0.0220          0.900
         401                3.6500         0.1010          0.000
         410                2.8800         0.0240          0.910
         404                3.8200         0.1060          0.000
         411                3.3000         0.1120          0.000
         402                3.7800         0.1060          0.000
         407                4.0050         0.3550          0.000
         408                3.7800         0.1060          0.000
         416                3.7100         0.1050          0.000
         409                2.8700         0.0330          0.900
         406                3.8200         0.1060          0.000
         413                3.3000         0.1120          0.000
         405                3.7100         0.1100          0.000
         414                2.9200         0.0300          0.920
         415                2.5900         0.0220          0.900

 Additional Atomic Multipole Parameters :

     Atom Type     Coordinate Frame Definition         Multipole Moments

         401      403    404      0   Z-then-X    -0.27040
                                                  -0.22190  0.00000  0.26102
                                                  -0.17903
                                                   0.00000 -0.24517
                                                   0.13675  0.00000  0.42420

         402      407    401      0   Z-then-X    -0.16380
                                                   0.27778  0.00000 -0.20334
                                                   0.30211
                                                   0.00000 -0.49081
                                                  -0.33263  0.00000  0.18870

         403      406    401      0   Z-then-X    -0.06286
                                                   0.37348  0.00000 -0.12295
                                                   0.79149
                                                   0.00000 -1.08676
                                                  -0.63736  0.00000  0.29527

         404      411    405      0   Z-then-X     0.97419
                                                  -0.10999  0.00000  0.25580
                                                   0.38321
                                                   0.00000 -0.33696
                                                  -0.17133  0.00000 -0.04625

         405      404    415      0   Z-then-X    -0.32376
                                                   0.05823  0.00000 -0.07138
                                                   0.32176
                                                   0.00000 -0.38869
                                                  -0.03945  0.00000  0.06693

         406      413    403      0   Z-then-X     0.63075
                                                   0.40149  0.00000  0.25741
                                                  -0.01797
                                                   0.00000  0.01503
                                                   0.00873  0.00000  0.00294

         407      408    402      0   Z-then-X     0.34019
                                                   0.47821  0.00000  0.49978
                                                   1.11919
                                                   0.00000 -2.31639
                                                  -0.50667  0.00000  1.19720

         408      407    416      0   Z-then-X     0.21608
                                                   0.00820  0.00000 -0.28509
                                                   0.05369
                                                   0.00000  0.10740
                                                   0.05156  0.00000 -0.16109

         409      402    407      0   Z-then-X     0.09933
                                                   0.00064  0.00000 -0.16410
                                                   0.07960
                                                   0.00000  0.07569
                                                  -0.01944  0.00000 -0.15529

         410      401    403      0   Z-then-X     0.10718
                                                  -0.02083  0.00000 -0.03604
                                                  -0.03187
                                                   0.00000  0.01466
                                                  -0.01392  0.00000  0.01721

         411      404    405      0   Z-then-X    -0.77613
                                                   0.13027  0.00000 -0.18830
                                                  -0.53109
                                                   0.00000  0.25725
                                                   0.21601  0.00000  0.27384

         412      403    401      0   Z-then-X     0.11911
                                                   0.01244  0.00000 -0.25689
                                                   0.04573
                                                   0.00000  0.01640
                                                  -0.00301  0.00000 -0.06213

         413      406    403      0   Z-then-X    -0.66614
                                                  -0.21394  0.00000 -0.03273
                                                  -0.49754
                                                   0.00000  0.12402
                                                  -0.24547  0.00000  0.37352

         414      406    413      0   Z-then-X    -0.02624
                                                   0.07068  0.00000 -0.22870
                                                   0.12255
                                                   0.00000  0.03666
                                                   0.03118  0.00000 -0.15921

         415      405    404      0   Z-then-X     0.13248
                                                   0.00045  0.00000 -0.38308
                                                   0.28470
                                                   0.00000  0.12111
                                                   0.01221  0.00000 -0.40581

         416      408    407      0   Z-then-X    -0.56179
                                                   0.01684  0.00000 -0.29231
                                                   0.37390
                                                   0.00000  0.24558
                                                   0.00671  0.00000 -0.61948

 Additional Atomic Dipole Polarizability Parameters :

     Atom Type           Alpha       Thole     Group Atom Types

         403             1.073       0.390         412  401  406
         412             0.496       0.390         403
         401             1.334       0.390         403  410  404  402
         410             0.496       0.390         401
         404             1.334       0.390         401  411  405
         411             0.837       0.390         404
         402             1.334       0.390         401  407  409
         407             3.300       0.390         402  408
         408             1.334       0.390         407  416
         416             1.073       0.390         408
         409             0.496       0.390         402
         406             1.334       0.390         403  413  414
         413             0.837       0.390         406
         405             1.073       0.390         404  415
         414             0.494       0.390         406
         415             0.496       0.390         405

 Limited Memory BFGS Quasi-Newton Optimization :

 QN Iter     F Value      G RMS      F Move   X Move   Angle  FG Call  Comment

     0     1028.8614   616.9583                                   1
     1      554.8951   391.3335    473.9663   0.0982    0.00      2    Success 
     2      438.2746   299.5283    116.6206   0.0412   28.14      3    Success 
     3      366.4085   229.7773     71.8660   0.0184   36.06      4    Success 
     4      245.0173   152.0197    121.3913   0.0434   36.83      5    Success 
     5       86.9391   118.8323    158.0782   0.0982   28.90      6    Success 
     6       43.7824   184.0812     43.1566   0.0858   49.49      7    Success 
     7       16.1017    80.1612     27.6808   0.0260   52.53      8    Success 
     8        7.0419    54.2449      9.0598   0.0100   38.16      9    Success 
     9       -3.9514    32.3907     10.9933   0.0229   36.01     10    Success 
    10       -8.5651    37.8433      4.6138   0.0191   45.36     11    Success 
    11      -12.2031    24.8259      3.6380   0.0167   61.52     12    Success 
    12      -15.3081    21.5707      3.1050   0.0186   54.98     13    Success 
    13      -17.8778    22.4605      2.5697   0.0198   57.32     14    Success 
    14      -19.7746    21.2008      1.8967   0.0184   61.00     15    Success 
    15      -20.7275    13.7913      0.9530   0.0073   59.06     16    Success 
    16      -21.5574    12.4614      0.8299   0.0079   55.18     17    Success 
    17      -22.3266    15.7533      0.7692   0.0148   60.99     18    Success 
    18      -22.8795    12.0246      0.5529   0.0061   54.48     19    Success 
    19      -23.2142     8.9225      0.3347   0.0036   54.80     20    Success 
    20      -23.6661     7.9149      0.4519   0.0082   60.08     21    Success 
    21      -24.1196     7.3969      0.4535   0.0097   62.12     22    Success 
    22      -24.5762     9.2262      0.4566   0.0150   65.04     23    Success 
    23      -24.9904     7.2523      0.4141   0.0115   70.35     24    Success 
    24      -25.3609     7.2934      0.3705   0.0110   66.94     25    Success 
    25      -25.6085     6.9213      0.2476   0.0110   68.79     26    Success 
    26      -25.7593     4.9604      0.1507   0.0052   67.38     27    Success 
    27      -25.8502     3.8602      0.0909   0.0031   62.66     28    Success 
    28      -25.9379     5.2581      0.0877   0.0046   64.16     29    Success 
    29      -25.9848     7.8089      0.0469   0.0071   75.26     30    Success 
    30      -26.0529     3.2886      0.0681   0.0011   52.43     31    Success 
    31      -26.0998     3.0605      0.0469   0.0019   50.80     32    Success 
    32      -26.1322     2.7430      0.0324   0.0021   69.07     33    Success 
    33      -26.1760     3.0412      0.0438   0.0032   65.68     34    Success 
    34      -26.2013     4.0258      0.0253   0.0059   74.29     35    Success 
    35      -26.2262     1.8651      0.0248   0.0014   67.93     36    Success 
    36      -26.2402     1.9873      0.0140   0.0009   51.50     37    Success 
    37      -26.2605     2.4013      0.0204   0.0017   62.28     38    Success 
    38      -26.2807     2.9379      0.0202   0.0033   73.43     39    Success 
    39      -26.2970     1.4268      0.0163   0.0021   76.34     40    Success 
    40      -26.3057     1.1813      0.0087   0.0016   72.42     41    Success 
    41      -26.3137     1.3659      0.0080   0.0017   70.23     42    Success 
    42      -26.3189     2.3672      0.0052   0.0016   67.83     43    Success 
    43      -26.3259     1.0973      0.0069   0.0006   66.71     44    Success 
    44      -26.3311     0.9313      0.0053   0.0008   58.86     45    Success 
    45      -26.3350     0.9913      0.0038   0.0008   68.96     46    Success 
    46      -26.3407     0.9448      0.0057   0.0012   69.24     47    Success 
    47      -26.3460     1.0430      0.0053   0.0021   71.78     48    Success 
    48      -26.3498     0.7067      0.0038   0.0009   69.72     49    Success 
    49      -26.3532     0.8104      0.0034   0.0008   62.81     50    Success 
    50      -26.3577     0.9824      0.0045   0.0014   70.61     51    Success 
    51      -26.3592     1.1035      0.0015   0.0007   75.94     53    Success 
    52      -26.3611     0.5059      0.0019   0.0007   78.52     54    Success 
    53      -26.3621     0.4135      0.0010   0.0004   67.51     55    Success 
    54      -26.3630     0.4333      0.0010   0.0004   64.44     56    Success 
    55      -26.3643     0.4135      0.0013   0.0006   66.37     57    Success 
    56      -26.3648     0.4272      0.0005   0.0004   68.76     59    Success 
    57      -26.3653     0.2321      0.0005   0.0003   68.76     60    Success 
    58      -26.3656     0.2531      0.0003   0.0002   57.09     61    Success 
    59      -26.3660     0.3470      0.0004   0.0003   62.48     62    Success 
    60      -26.3666     0.4344      0.0006   0.0005   73.04     63    Success 
    61      -26.3673     0.3950      0.0007   0.0008   77.82     64    Success 
    62      -26.3679     0.3030      0.0005   0.0006   76.28     65    Success 
    63      -26.3682     0.2217      0.0003   0.0002   58.91     66    Success 
    64      -26.3684     0.2309      0.0003   0.0002   49.18     67    Success 
    65      -26.3687     0.2306      0.0003   0.0002   67.68     68    Success 
    66      -26.3691     0.3391      0.0004   0.0004   72.00     69    Success 
    67      -26.3695     0.2166      0.0004   0.0006   78.99     70    Success 
    68      -26.3697     0.1764      0.0002   0.0002   72.88     71    Success 
    69      -26.3700     0.1654      0.0003   0.0004   67.12     72    Success 
    70      -26.3702     0.2661      0.0002   0.0003   67.28     74    Success 
    71      -26.3704     0.1616      0.0002   0.0002   76.43     75    Success 
    72      -26.3705     0.1142      0.0002   0.0002   70.98     76    Success 
    73      -26.3706     0.2737      0.0001   0.0001   65.67     78    Success 
    74      -26.3706     0.1359      0.0001   0.0001   79.04     79    Success 
    75      -26.3707     0.0826      0.0000   0.0001   71.87     80    Success 
    76      -26.3707     0.0877      0.0000   0.0001   64.63     81    Success 
    77      -26.3708     0.0857      0.0000   0.0001   67.60     82    Success 
    78      -26.3708     0.1641      0.0000   0.0002   68.04     83    Success 
    79      -26.3708     0.0429      0.0000   0.0001   67.57     84    Success 
    80      -26.3708     0.0351      0.0000   0.0000   60.47     85    Success 
    81      -26.3709     0.0400      0.0000   0.0000   45.35     86    Success 
    82      -26.3709     0.0562      0.0000   0.0001   59.54     87    Success 
    83      -26.3709     0.0807      0.0000   0.0001   72.33     88    Success 
    84      -26.3709     0.0579      0.0000   0.0002   80.02     89    Success 
    85      -26.3710     0.0652      0.0000   0.0001   77.19     90    Success 
    86      -26.3710     0.0671      0.0000   0.0001   75.69     91    Success 
    87      -26.3710     0.0385      0.0000   0.0000   71.98     92    Success 
    88      -26.3710     0.0240      0.0000   0.0000   69.00     93    Success 
    89      -26.3710     0.0273      0.0000   0.0000   64.34     94    Success 
    90      -26.3710     0.0387      0.0000   0.0000   74.57     95    Success 
    91      -26.3710     0.0262      0.0000   0.0000   78.21     96    Success 
    92      -26.3710     0.0201      0.0000   0.0000   71.99     97    Success 
    93      -26.3710     0.0242      0.0000   0.0000   65.33     98    Success 
    94      -26.3710     0.0293      0.0000   0.0000   69.00     99    Success 
    95      -26.3710     0.0221      0.0000   0.0000   73.48    100    Success 
    96      -26.3710     0.0192      0.0000   0.0000   72.78    101    Success 
    97      -26.3710     0.0169      0.0000   0.0000   73.03    102    Success 
    98      -26.3710     0.0138      0.0000   0.0000   73.82    103    Success 
    99      -26.3710     0.0190      0.0000   0.0000   68.84    104    Success 
   100      -26.3710     0.0143      0.0000   0.0000   73.25    105    Success 
   101      -26.3710     0.0117      0.0000   0.0000   57.04    106    Success 
   102      -26.3710     0.0111      0.0000   0.0000   56.98    107    Success 
   103      -26.3710     0.0196      0.0000   0.0000   67.59    108    Success 
   104      -26.3710     0.0104      0.0000   0.0000   79.44    109    Success 
   105      -26.3710     0.0094      0.0000   0.0000   76.13    110    Success 
   106      -26.3710     0.0149      0.0000   0.0000   73.89    111    Success 
   107      -26.3710     0.0139      0.0000   0.0000   78.61    112    Success 
   108      -26.3710     0.0093      0.0000   0.0000   68.20    113    Success 
   109      -26.3710     0.0079      0.0000   0.0000   62.07    114    Success 
   110      -26.3710     0.0117      0.0000   0.0000   70.40    115    Success 
   111      -26.3710     0.0116      0.0000   0.0000   77.55    116    Success 
   112      -26.3710     0.0047      0.0000   0.0000   69.22    117    Success 
   113      -26.3710     0.0040      0.0000   0.0000   68.27    118    Success 
   114      -26.3710     0.0051      0.0000   0.0000   68.78    119    Success 
   115      -26.3710     0.0064      0.0000   0.0000   69.81    120    Success 
   116      -26.3710     0.0060      0.0000   0.0000   75.75    121    Success 
   117      -26.3710     0.0153      0.0000   0.0000   77.67    122    Success 
   118      -26.3710     0.0063      0.0000   0.0000   68.38    123    Success 
   119      -26.3710     0.0049      0.0000   0.0000   68.86    124    Success 
   120      -26.3710     0.0060      0.0000   0.0000   67.96    125    Success 
   121      -26.3710     0.0057      0.0000   0.0000   75.34    126    Success 
   122      -26.3710     0.0061      0.0000   0.0000   73.08    127    Success 
   123      -26.3710     0.0073      0.0000   0.0000   79.75    128    Success 
   124      -26.3710     0.0032      0.0000   0.0000   71.20    129    Success 
   125      -26.3710     0.0017      0.0000   0.0000   66.82    130    Success 
   126      -26.3710     0.0019      0.0000   0.0000   54.73    131    Success 
   127      -26.3710     0.0018      0.0000   0.0000   65.27    132    Success 
   128      -26.3710     0.0025      0.0000   0.0000   68.84    133    Success 
   129      -26.3710     0.0015      0.0000   0.0000   76.20    134    Success 
   130      -26.3710     0.0011      0.0000   0.0000   65.02    135    Success 
   131      -26.3710     0.0011      0.0000   0.0000   61.92    136    Success 
   132      -26.3710     0.0012      0.0000   0.0000   63.92    137    Success 
   133      -26.3710     0.0010      0.0000   0.0000   68.49    138    Success 
   134      -26.3710     0.0017      0.0000   0.0000   70.33    139    Success 
   135      -26.3710     0.0010      0.0000   0.0000   67.64    140   SmallGrad

 LBFGS  --  Normal Termination due to SmallGrad

 Final Function Value :          -26.3710
 Final RMS Gradient :              0.0010
 Final Gradient Norm :             0.0042
