
     ######################################################################
   ##########################################################################
  ###                                                                      ###
 ###            Tinker  ---  Software Tools for Molecular Design            ###
 ##                                                                          ##
 ##                          Version 8.7  June 2019                          ##
 ##                                                                          ##
 ##               Copyright (c)  Jay William Ponder  1990-2019               ##
 ###                           All Rights Reserved                          ###
  ###                                                                      ###
   ##########################################################################
     ######################################################################


 Additional Atom Definition Parameters :

     Type  Class  Symbol  Description               Atomic    Mass   Valence

     403    403     N     ModifiedRes                  7     14.007     3
     412    412     H     ModifiedRes                  1      1.008     1
     401    401     C     ModifiedRes                  6     12.011     4
     410    410     H     ModifiedRes                  1      1.008     1
     404    404     C     ModifiedRes                  6     12.011     3
     411    411     O     ModifiedRes                  8     15.999     1
     402    402     C     ModifiedRes                  6     12.011     4
     407    407     S     ModifiedRes                 16     32.066     2
     408    408     C     ModifiedRes                  6     12.011     2
     416    416     N     ModifiedRes                  7     14.007     1
     409    409     H     ModifiedRes                  1      1.008     1
     406    406     C     ModifiedRes                  6     12.011     3
     413    413     O     ModifiedRes                  8     15.999     1
     405    405     N     ModifiedRes                  7     14.007     3
     414    414     H     ModifiedRes                  1      1.008     1
     415    415     H     ModifiedRes                  1      1.008     1

 Additional Bond Stretching Parameters :

     Atom Classes             K(S)         Length

       401 403             374.800         1.4589
       403 406             482.000         1.3610
       403 412             542.000         1.0150
       401 410             341.000         1.0957
       401 404             345.300         1.5388
       401 402             345.300         1.5181
       404 405             482.000         1.3572
       404 411             705.000         1.2314
       402 409             395.500         1.0914
       402 407             235.800         1.8318
       407 408             235.800         1.6971
       408 416             450.000         1.1861
       406 413             705.000         1.2330
       406 414             356.400         1.1017
       405 415             542.000         1.0125

 Additional Angle Bending Parameters :

     Atom Classes             K(B)          Angle

     403 406 413            60.000        124.094
     401 403 412            35.000        118.942
     406 403 412            35.000        118.838
     401 404 405            70.000        113.359
     401 404 411            80.000        121.700
     401 402 407            53.200        108.210
     401 403 406            50.000        121.364
     404 401 410            38.000        109.343
     402 401 410            38.000        110.332
     403 401 410            50.600        106.311
     402 401 404            60.000        109.451
     403 401 404            80.000        110.698
     402 401 403            80.000        110.661
     402 407 408            60.430         97.779
     407 408 416            60.000        178.379
     409 402 409            39.570        108.414
     401 402 409            42.440        109.507
     407 402 409            60.240        109.536
     405 404 411            60.000        124.942
     413 406 414            68.340        122.634
     403 406 414            31.650        113.263
     415 405 415            22.300        119.362
     404 405 415            35.000        117.511

 Additional Stretch-Bend Parameters :

     Atom Classes          K(SB)-1        K(SB)-2

     401 403 412             4.300          7.200
     406 403 412             4.300          7.200
     401 404 405            18.700         18.700
     401 402 407            18.700         18.700
     401 403 406             7.200          7.200
     404 401 410            11.500         18.700
     402 401 410            11.500         18.700
     403 401 410            11.500         11.500
     402 401 404            18.700         18.700
     403 401 404            18.700         18.700
     402 401 403            18.700         18.700
     402 407 408            -5.750         -5.750
     401 402 409            11.500         11.500
     407 402 409            11.500         11.500
     403 406 414            11.500         11.500
     404 405 415             4.300          7.200
     415 405 415             4.300          7.200
     401 404 411            18.700         18.700
     413 406 414            11.500         11.500

 Additional Out-of-Plane Bend Parameters :

     Atom Classes                   K(OPB)

     401 403   0   0                14.400
     401 404   0   0                14.400
     403 406   0   0               107.910
     404 405   0   0                71.940
     405 404   0   0               107.910
     406 403   0   0                71.940
     411 404   0   0               122.298
     412 403   0   0                 5.755
     413 406   0   0               122.298
     414 406   0   0               140.283
     415 405   0   0                 5.755

 Additional Torsional Parameters :

     Atom Classes     1-Fold    2-Fold    3-Fold    4-Fold    5-Fold    6-Fold

   403 401 404 405   0.00   0  0.00 180  0.00   0  0.00   0  0.00   0  0.00   0
   403 401 404 411   0.00   0  0.00 180  0.00   0  0.00   0  0.00   0  0.00   0
   403 401 402 409   0.00   0  0.00 180  0.00   0  0.00   0  0.00   0  0.00   0
   403 401 402 407   0.00   0  0.00 180  0.00   0  0.00   0  0.00   0  0.00   0
   410 401 403 412   0.00   0  0.00 180  0.00   0  0.00   0  0.00   0  0.00   0
   404 401 403 412   0.00   0  0.00 180  0.00   0  0.00   0  0.00   0  0.00   0
   402 401 403 412   0.00   0  0.00 180  0.00   0  0.00   0  0.00   0  0.00   0
   412 403 406 413   0.00   0  0.00 180  0.00   0  0.00   0  0.00   0  0.00   0
   412 403 406 414   0.00   0  0.00 180  0.00   0  0.00   0  0.00   0  0.00   0
   401 404 405 415   0.00   0  1.20 180  0.80   0  0.00   0  0.00   0  0.00   0
   401 402 407 408   0.00   0  0.00 180  0.00   0  0.00   0  0.00   0  0.00   0
   401 403 406 413   0.00   0  0.00 180  0.00   0  0.00   0  0.00   0  0.00   0
   401 403 406 414   0.00   0  0.00 180  0.00   0  0.00   0  0.00   0  0.00   0
   410 401 404 405   0.00   0  0.00 180  0.00   0  0.00   0  0.00   0  0.00   0
   410 401 404 411   0.00   0  0.00 180  0.00   0  0.00   0  0.00   0  0.00   0
   410 401 402 409   0.00   0  0.00 180  0.00   0  0.00   0  0.00   0  0.00   0
   410 401 402 407   0.00   0  0.00 180  0.00   0  0.00   0  0.00   0  0.00   0
   410 401 403 406   0.00   0  0.00 180  0.00   0  0.00   0  0.00   0  0.00   0
   404 401 402 409   0.00   0  0.00 180  0.00   0  0.00   0  0.00   0  0.00   0
   404 401 402 407   0.00   0  0.00 180  0.00   0  0.00   0  0.00   0  0.00   0
   404 401 403 406   0.00   0  0.00 180  0.00   0  0.00   0  0.00   0  0.00   0
   411 404 405 415   0.00   0  0.00 180  0.00   0  0.00   0  0.00   0  0.00   0
   402 401 404 411   0.00   0  0.00 180  0.00   0  0.00   0  0.00   0  0.00   0
   402 401 404 405   0.00   0  0.00 180  0.00   0  0.00   0  0.00   0  0.00   0
   402 401 403 406   0.00   0  0.00 180  0.00   0  0.00   0  0.00   0  0.00   0
   402 407 408 416   0.00   0  0.00 180  0.50   0  0.00   0  0.00   0  0.00   0
   409 402 407 408   0.00   0  0.00 180  0.00   0  0.00   0  0.00   0  0.00   0

 Additional Pi-Orbital Torsion Parameters :

     Atom Classes       2-Fold

       404 405           6.850
       403 406           6.850

 Additional van der Waals Parameters :

     Atom Class               Size        Epsilon        Reduction

         403                3.7100         0.1100          0.000
         412                2.5900         0.0220          0.900
         401                3.6500         0.1010          0.000
         410                2.8800         0.0240          0.910
         404                3.8200         0.1060          0.000
         411                3.3000         0.1120          0.000
         402                3.7800         0.1060          0.000
         407                4.0050         0.3550          0.000
         408                3.7800         0.1060          0.000
         416                3.7100         0.1050          0.000
         409                2.8700         0.0330          0.900
         406                3.8200         0.1060          0.000
         413                3.3000         0.1120          0.000
         405                3.7100         0.1100          0.000
         414                2.9200         0.0300          0.920
         415                2.5900         0.0220          0.900

 Additional Atomic Multipole Parameters :

     Atom Type     Coordinate Frame Definition         Multipole Moments

         401      403    404      0   Z-then-X    -0.27040
                                                  -0.22190  0.00000  0.26102
                                                  -0.17903
                                                   0.00000 -0.24517
                                                   0.13675  0.00000  0.42420

         402      407    401      0   Z-then-X    -0.16380
                                                   0.27778  0.00000 -0.20334
                                                   0.30211
                                                   0.00000 -0.49081
                                                  -0.33263  0.00000  0.18870

         403      406    401      0   Z-then-X    -0.06286
                                                   0.37348  0.00000 -0.12295
                                                   0.79149
                                                   0.00000 -1.08676
                                                  -0.63736  0.00000  0.29527

         404      411    405      0   Z-then-X     0.97419
                                                  -0.10999  0.00000  0.25580
                                                   0.38321
                                                   0.00000 -0.33696
                                                  -0.17133  0.00000 -0.04625

         405      404    415      0   Z-then-X    -0.32376
                                                   0.05823  0.00000 -0.07138
                                                   0.32176
                                                   0.00000 -0.38869
                                                  -0.03945  0.00000  0.06693

         406      413    403      0   Z-then-X     0.63075
                                                   0.40149  0.00000  0.25741
                                                  -0.01797
                                                   0.00000  0.01503
                                                   0.00873  0.00000  0.00294

         407      408    402      0   Z-then-X     0.34019
                                                   0.47821  0.00000  0.49978
                                                   1.11919
                                                   0.00000 -2.31639
                                                  -0.50667  0.00000  1.19720

         408      407    416      0   Z-then-X     0.21608
                                                   0.00820  0.00000 -0.28509
                                                   0.05369
                                                   0.00000  0.10740
                                                   0.05156  0.00000 -0.16109

         409      402    407      0   Z-then-X     0.09933
                                                   0.00064  0.00000 -0.16410
                                                   0.07960
                                                   0.00000  0.07569
                                                  -0.01944  0.00000 -0.15529

         410      401    403      0   Z-then-X     0.10718
                                                  -0.02083  0.00000 -0.03604
                                                  -0.03187
                                                   0.00000  0.01466
                                                  -0.01392  0.00000  0.01721

         411      404    405      0   Z-then-X    -0.77613
                                                   0.13027  0.00000 -0.18830
                                                  -0.53109
                                                   0.00000  0.25725
                                                   0.21601  0.00000  0.27384

         412      403    401      0   Z-then-X     0.11911
                                                   0.01244  0.00000 -0.25689
                                                   0.04573
                                                   0.00000  0.01640
                                                  -0.00301  0.00000 -0.06213

         413      406    403      0   Z-then-X    -0.66614
                                                  -0.21394  0.00000 -0.03273
                                                  -0.49754
                                                   0.00000  0.12402
                                                  -0.24547  0.00000  0.37352

         414      406    413      0   Z-then-X    -0.02624
                                                   0.07068  0.00000 -0.22870
                                                   0.12255
                                                   0.00000  0.03666
                                                   0.03118  0.00000 -0.15921

         415      405    404      0   Z-then-X     0.13248
                                                   0.00045  0.00000 -0.38308
                                                   0.28470
                                                   0.00000  0.12111
                                                   0.01221  0.00000 -0.40581

         416      408    407      0   Z-then-X    -0.56179
                                                   0.01684  0.00000 -0.29231
                                                   0.37390
                                                   0.00000  0.24558
                                                   0.00671  0.00000 -0.61948

 Additional Atomic Dipole Polarizability Parameters :

     Atom Type           Alpha       Thole     Group Atom Types

         403             1.073       0.390         412  401  406
         412             0.496       0.390         403
         401             1.334       0.390         403  410  404  402
         410             0.496       0.390         401
         404             1.334       0.390         401  411  405
         411             0.837       0.390         404
         402             1.334       0.390         401  407  409
         407             3.300       0.390         402  408
         408             1.334       0.390         407  416
         416             1.073       0.390         408
         409             0.496       0.390         402
         406             1.334       0.390         403  413  414
         413             0.837       0.390         406
         405             1.073       0.390         404  415
         414             0.494       0.390         406
         415             0.496       0.390         405

 Limited Memory BFGS Quasi-Newton Optimization :

 QN Iter     F Value      G RMS      F Move   X Move   Angle  FG Call  Comment

     0      -27.2400     7.3570                                   1
     1      -27.3137     8.4537      0.0737   0.0011    0.00      3    Success 
     2      -27.3728     5.0379      0.0592   0.0008   49.06      4    Success 
     3      -27.4277     4.7364      0.0548   0.0012   46.09      5    Success 
     4      -27.4996     4.7142      0.0719   0.0020   53.22      6    Success 
     5      -27.5851     5.1009      0.0855   0.0031   60.46      7    Success 
     6      -27.6131     8.7540      0.0280   0.0046   66.25      8    Success 
     7      -27.6593     5.5950      0.0462   0.0004   29.79      9    Success 
     8      -27.7170     2.8950      0.0577   0.0012   39.85     10    Success 
     9      -27.7441     3.3464      0.0271   0.0012   58.95     11    Success 
    10      -27.7881     3.2485      0.0440   0.0023   67.42     12    Success 
    11      -27.8519     2.9973      0.0639   0.0042   68.92     13    Success 
    12      -27.8769     3.8279      0.0250   0.0030   71.84     15    Success 
    13      -27.9025     1.4346      0.0256   0.0027   77.02     16    Success 
    14      -27.9124     1.3330      0.0099   0.0009   57.09     17    Success 
    15      -27.9270     1.7345      0.0146   0.0014   55.19     18    Success 
    16      -27.9377     3.2347      0.0108   0.0025   68.52     19    Success 
    17      -27.9507     1.5182      0.0129   0.0011   71.05     20    Success 
    18      -27.9579     1.0943      0.0073   0.0006   55.56     21    Success 
    19      -27.9664     1.3353      0.0085   0.0013   61.31     22    Success 
    20      -27.9755     1.3975      0.0091   0.0015   71.53     23    Success 
    21      -27.9872     1.5893      0.0116   0.0026   73.85     24    Success 
    22      -27.9978     1.4396      0.0106   0.0030   75.86     25    Success 
    23      -28.0045     1.0959      0.0068   0.0008   64.45     26    Success 
    24      -28.0097     2.6328      0.0052   0.0014   59.91     27    Success 
    25      -28.0139     1.4971      0.0042   0.0007   73.39     28    Success 
    26      -28.0160     0.9568      0.0021   0.0002   59.90     29    Success 
    27      -28.0189     0.7261      0.0030   0.0007   70.91     30    Success 
    28      -28.0220     1.0398      0.0031   0.0010   72.39     31    Success 
    29      -28.0269     1.2190      0.0049   0.0014   76.76     32    Success 
    30      -28.0323     2.2001      0.0054   0.0023   78.96     33    Success 
    31      -28.0388     1.0895      0.0065   0.0020   82.00     34    Success 
    32      -28.0414     0.5115      0.0026   0.0006   72.72     35    Success 
    33      -28.0432     0.5461      0.0017   0.0004   48.32     36    Success 
    34      -28.0441     0.6003      0.0010   0.0003   66.94     37    Success 
    35      -28.0455     0.6851      0.0014   0.0006   71.17     38    Success 
    36      -28.0469     0.4616      0.0014   0.0009   75.85     39    Success 
    37      -28.0474     0.3523      0.0005   0.0003   65.70     40    Success 
    38      -28.0477     0.3257      0.0003   0.0001   59.05     41    Success 
    39      -28.0482     0.3075      0.0005   0.0002   61.88     42    Success 
    40      -28.0490     0.3160      0.0008   0.0005   66.17     43    Success 
    41      -28.0493     0.4576      0.0003   0.0003   70.85     45    Success 
    42      -28.0498     0.2325      0.0005   0.0004   78.85     46    Success 
    43      -28.0500     0.1306      0.0002   0.0003   73.45     47    Success 
    44      -28.0501     0.1744      0.0001   0.0002   59.86     48    Success 
    45      -28.0502     0.1278      0.0001   0.0001   68.58     49    Success 
    46      -28.0503     0.1468      0.0001   0.0001   61.00     50    Success 
    47      -28.0504     0.3321      0.0001   0.0002   68.37     51    Success 
    48      -28.0505     0.1385      0.0001   0.0001   72.06     52    Success 
    49      -28.0505     0.1601      0.0001   0.0001   68.91     53    Success 
    50      -28.0506     0.1786      0.0001   0.0001   76.98     54    Success 
    51      -28.0507     0.1535      0.0001   0.0002   78.05     55    Success 
    52      -28.0508     0.2387      0.0001   0.0003   76.29     56    Success 
    53      -28.0509     0.0915      0.0001   0.0002   78.62     57    Success 
    54      -28.0509     0.0725      0.0000   0.0000   61.18     58    Success 
    55      -28.0509     0.0686      0.0000   0.0001   56.80     59    Success 
    56      -28.0509     0.1375      0.0000   0.0002   62.40     60    Success 
    57      -28.0510     0.0579      0.0000   0.0000   66.25     61    Success 
    58      -28.0510     0.0431      0.0000   0.0001   66.56     62    Success 
    59      -28.0510     0.0468      0.0000   0.0000   70.30     63    Success 
    60      -28.0510     0.0658      0.0000   0.0001   69.88     64    Success 
    61      -28.0510     0.0423      0.0000   0.0001   76.86     65    Success 
    62      -28.0510     0.0388      0.0000   0.0001   66.17     66    Success 
    63      -28.0511     0.0503      0.0000   0.0001   64.08     67    Success 
    64      -28.0511     0.0856      0.0000   0.0001   71.48     68    Success 
    65      -28.0511     0.0439      0.0000   0.0000   69.42     69    Success 
    66      -28.0511     0.0426      0.0000   0.0001   69.51     70    Success 
    67      -28.0511     0.0505      0.0000   0.0001   76.38     71    Success 
    68      -28.0511     0.0628      0.0000   0.0001   76.88     72    Success 
    69      -28.0511     0.0869      0.0000   0.0002   80.45     73    Success 
    70      -28.0511     0.0799      0.0000   0.0001   81.22     74    Success 
    71      -28.0511     0.0508      0.0000   0.0000   79.66     75    Success 
    72      -28.0512     0.0393      0.0000   0.0000   67.97     76    Success 
    73      -28.0512     0.0476      0.0000   0.0001   70.95     77    Success 
    74      -28.0512     0.0684      0.0000   0.0001   78.78     78    Success 
    75      -28.0512     0.0986      0.0000   0.0002   83.51     79    Success 
    76      -28.0512     0.0532      0.0000   0.0000   74.26     80    Success 
    77      -28.0512     0.0293      0.0000   0.0000   59.17     81    Success 
    78      -28.0512     0.0359      0.0000   0.0000   69.38     82    Success 
    79      -28.0512     0.0357      0.0000   0.0000   75.85     83    Success 
    80      -28.0512     0.0498      0.0000   0.0001   75.23     84    Success 
    81      -28.0512     0.0264      0.0000   0.0001   81.84     85    Success 
    82      -28.0512     0.0262      0.0000   0.0000   71.80     86    Success 
    83      -28.0512     0.0245      0.0000   0.0000   70.54     87    Success 
    84      -28.0512     0.0323      0.0000   0.0000   68.72     88    Success 
    85      -28.0512     0.0232      0.0000   0.0000   74.98     89    Success 
    86      -28.0512     0.0215      0.0000   0.0000   74.41     90    Success 
    87      -28.0512     0.0221      0.0000   0.0001   75.33     91    Success 
    88      -28.0512     0.0316      0.0000   0.0001   77.45     92    Success 
    89      -28.0512     0.0341      0.0000   0.0000   79.63     93    Success 
    90      -28.0512     0.0165      0.0000   0.0000   81.82     94    Success 
    91      -28.0512     0.0065      0.0000   0.0000   80.68     95    Success 
    92      -28.0512     0.0115      0.0000   0.0000   49.97     96    Success 
    93      -28.0512     0.0110      0.0000   0.0000   71.94     97    Success 
    94      -28.0512     0.0098      0.0000   0.0000   69.84     98    Success 
    95      -28.0512     0.0088      0.0000   0.0000   75.94     99    Success 
    96      -28.0512     0.0052      0.0000   0.0000   73.25    100    Success 
    97      -28.0512     0.0049      0.0000   0.0000   57.95    101    Success 
    98      -28.0512     0.0044      0.0000   0.0000   59.41    102    Success 
    99      -28.0512     0.0090      0.0000   0.0000   68.30    103    Success 
   100      -28.0512     0.0060      0.0000   0.0000   70.31    104    Success 
   101      -28.0512     0.0016      0.0000   0.0000   64.89    105    Success 
   102      -28.0512     0.0015      0.0000   0.0000   53.42    106    Success 
   103      -28.0512     0.0013      0.0000   0.0000   52.01    107    Success 
   104      -28.0512     0.0015      0.0000   0.0000   51.35    108    Success 
   105      -28.0512     0.0024      0.0000   0.0000   65.99    109    Success 
   106      -28.0512     0.0012      0.0000   0.0000   68.45    110    Success 
   107      -28.0512     0.0012      0.0000   0.0000   66.93    111    Success 
   108      -28.0512     0.0013      0.0000   0.0000   71.61    112    Success 
   109      -28.0512     0.0026      0.0000   0.0000   75.18    113    Success 
   110      -28.0512     0.0009      0.0000   0.0000   74.54    114   SmallGrad

 LBFGS  --  Normal Termination due to SmallGrad

 Final Function Value :          -28.0512
 Final RMS Gradient :              0.0009
 Final Gradient Norm :             0.0039
