
     ######################################################################
   ##########################################################################
  ###                                                                      ###
 ###            Tinker  ---  Software Tools for Molecular Design            ###
 ##                                                                          ##
 ##                          Version 8.7  June 2019                          ##
 ##                                                                          ##
 ##               Copyright (c)  Jay William Ponder  1990-2019               ##
 ###                           All Rights Reserved                          ###
  ###                                                                      ###
   ##########################################################################
     ######################################################################


 Additional Atom Definition Parameters :

     Type  Class  Symbol  Description               Atomic    Mass   Valence

     403    403     N     ModifiedRes                  7     14.007     3
     412    412     H     ModifiedRes                  1      1.008     1
     401    401     C     ModifiedRes                  6     12.011     4
     410    410     H     ModifiedRes                  1      1.008     1
     404    404     C     ModifiedRes                  6     12.011     3
     411    411     O     ModifiedRes                  8     15.999     1
     402    402     C     ModifiedRes                  6     12.011     4
     407    407     S     ModifiedRes                 16     32.066     2
     408    408     C     ModifiedRes                  6     12.011     2
     416    416     N     ModifiedRes                  7     14.007     1
     409    409     H     ModifiedRes                  1      1.008     1
     406    406     C     ModifiedRes                  6     12.011     3
     413    413     O     ModifiedRes                  8     15.999     1
     405    405     N     ModifiedRes                  7     14.007     3
     414    414     H     ModifiedRes                  1      1.008     1
     415    415     H     ModifiedRes                  1      1.008     1

 Additional Bond Stretching Parameters :

     Atom Classes             K(S)         Length

       401 403             374.800         1.4589
       403 406             482.000         1.3610
       403 412             542.000         1.0150
       401 410             341.000         1.0957
       401 404             345.300         1.5388
       401 402             345.300         1.5181
       404 405             482.000         1.3572
       404 411             705.000         1.2314
       402 409             395.500         1.0914
       402 407             235.800         1.8318
       407 408             235.800         1.6971
       408 416             450.000         1.1861
       406 413             705.000         1.2330
       406 414             356.400         1.1017
       405 415             542.000         1.0125

 Additional Angle Bending Parameters :

     Atom Classes             K(B)          Angle

     403 406 413            60.000        124.094
     401 403 412            35.000        118.942
     406 403 412            35.000        118.838
     401 404 405            70.000        113.359
     401 404 411            80.000        121.700
     401 402 407            53.200        108.210
     401 403 406            50.000        121.364
     404 401 410            38.000        109.343
     402 401 410            38.000        110.332
     403 401 410            50.600        106.311
     402 401 404            60.000        109.451
     403 401 404            80.000        110.698
     402 401 403            80.000        110.661
     402 407 408            60.430         97.779
     407 408 416            60.000        178.379
     409 402 409            39.570        108.414
     401 402 409            42.440        109.507
     407 402 409            60.240        109.536
     405 404 411            60.000        124.942
     413 406 414            68.340        122.634
     403 406 414            31.650        113.263
     415 405 415            22.300        119.362
     404 405 415            35.000        117.511

 Additional Stretch-Bend Parameters :

     Atom Classes          K(SB)-1        K(SB)-2

     401 403 412             4.300          7.200
     406 403 412             4.300          7.200
     401 404 405            18.700         18.700
     401 402 407            18.700         18.700
     401 403 406             7.200          7.200
     404 401 410            11.500         18.700
     402 401 410            11.500         18.700
     403 401 410            11.500         11.500
     402 401 404            18.700         18.700
     403 401 404            18.700         18.700
     402 401 403            18.700         18.700
     402 407 408            -5.750         -5.750
     401 402 409            11.500         11.500
     407 402 409            11.500         11.500
     403 406 414            11.500         11.500
     404 405 415             4.300          7.200
     415 405 415             4.300          7.200
     401 404 411            18.700         18.700
     413 406 414            11.500         11.500

 Additional Out-of-Plane Bend Parameters :

     Atom Classes                   K(OPB)

     401 403   0   0                14.400
     401 404   0   0                14.400
     403 406   0   0               107.910
     404 405   0   0                71.940
     405 404   0   0               107.910
     406 403   0   0                71.940
     411 404   0   0               122.298
     412 403   0   0                 5.755
     413 406   0   0               122.298
     414 406   0   0               140.283
     415 405   0   0                 5.755

 Additional Torsional Parameters :

     Atom Classes     1-Fold    2-Fold    3-Fold    4-Fold    5-Fold    6-Fold

   403 401 404 405   0.00   0  0.00 180  0.00   0  0.00   0  0.00   0  0.00   0
   403 401 404 411   0.00   0  0.00 180  0.00   0  0.00   0  0.00   0  0.00   0
   403 401 402 409   0.00   0  0.00 180  0.00   0  0.00   0  0.00   0  0.00   0
   403 401 402 407   0.00   0  0.00 180  0.00   0  0.00   0  0.00   0  0.00   0
   410 401 403 412   0.00   0  0.00 180  0.00   0  0.00   0  0.00   0  0.00   0
   404 401 403 412   0.00   0  0.00 180  0.00   0  0.00   0  0.00   0  0.00   0
   402 401 403 412   0.00   0  0.00 180  0.00   0  0.00   0  0.00   0  0.00   0
   412 403 406 413   0.00   0  0.00 180  0.00   0  0.00   0  0.00   0  0.00   0
   412 403 406 414   0.00   0  0.00 180  0.00   0  0.00   0  0.00   0  0.00   0
   401 404 405 415   0.00   0  1.20 180  0.80   0  0.00   0  0.00   0  0.00   0
   401 402 407 408   0.00   0  0.00 180  0.00   0  0.00   0  0.00   0  0.00   0
   401 403 406 413   0.00   0  0.00 180  0.00   0  0.00   0  0.00   0  0.00   0
   401 403 406 414   0.00   0  0.00 180  0.00   0  0.00   0  0.00   0  0.00   0
   410 401 404 405   0.00   0  0.00 180  0.00   0  0.00   0  0.00   0  0.00   0
   410 401 404 411   0.00   0  0.00 180  0.00   0  0.00   0  0.00   0  0.00   0
   410 401 402 409   0.00   0  0.00 180  0.00   0  0.00   0  0.00   0  0.00   0
   410 401 402 407   0.00   0  0.00 180  0.00   0  0.00   0  0.00   0  0.00   0
   410 401 403 406   0.00   0  0.00 180  0.00   0  0.00   0  0.00   0  0.00   0
   404 401 402 409   0.00   0  0.00 180  0.00   0  0.00   0  0.00   0  0.00   0
   404 401 402 407   0.00   0  0.00 180  0.00   0  0.00   0  0.00   0  0.00   0
   404 401 403 406   0.00   0  0.00 180  0.00   0  0.00   0  0.00   0  0.00   0
   411 404 405 415   0.00   0  0.00 180  0.00   0  0.00   0  0.00   0  0.00   0
   402 401 404 411   0.00   0  0.00 180  0.00   0  0.00   0  0.00   0  0.00   0
   402 401 404 405   0.00   0  0.00 180  0.00   0  0.00   0  0.00   0  0.00   0
   402 401 403 406   0.00   0  0.00 180  0.00   0  0.00   0  0.00   0  0.00   0
   402 407 408 416   0.00   0  0.00 180  0.50   0  0.00   0  0.00   0  0.00   0
   409 402 407 408   0.00   0  0.00 180  0.00   0  0.00   0  0.00   0  0.00   0

 Additional Pi-Orbital Torsion Parameters :

     Atom Classes       2-Fold

       404 405           6.850
       403 406           6.850

 Additional van der Waals Parameters :

     Atom Class               Size        Epsilon        Reduction

         403                3.7100         0.1100          0.000
         412                2.5900         0.0220          0.900
         401                3.6500         0.1010          0.000
         410                2.8800         0.0240          0.910
         404                3.8200         0.1060          0.000
         411                3.3000         0.1120          0.000
         402                3.7800         0.1060          0.000
         407                4.0050         0.3550          0.000
         408                3.7800         0.1060          0.000
         416                3.7100         0.1050          0.000
         409                2.8700         0.0330          0.900
         406                3.8200         0.1060          0.000
         413                3.3000         0.1120          0.000
         405                3.7100         0.1100          0.000
         414                2.9200         0.0300          0.920
         415                2.5900         0.0220          0.900

 Additional Atomic Multipole Parameters :

     Atom Type     Coordinate Frame Definition         Multipole Moments

         401      403    404      0   Z-then-X    -0.27040
                                                  -0.22190  0.00000  0.26102
                                                  -0.17903
                                                   0.00000 -0.24517
                                                   0.13675  0.00000  0.42420

         402      407    401      0   Z-then-X    -0.16380
                                                   0.27778  0.00000 -0.20334
                                                   0.30211
                                                   0.00000 -0.49081
                                                  -0.33263  0.00000  0.18870

         403      406    401      0   Z-then-X    -0.06286
                                                   0.37348  0.00000 -0.12295
                                                   0.79149
                                                   0.00000 -1.08676
                                                  -0.63736  0.00000  0.29527

         404      411    405      0   Z-then-X     0.97419
                                                  -0.10999  0.00000  0.25580
                                                   0.38321
                                                   0.00000 -0.33696
                                                  -0.17133  0.00000 -0.04625

         405      404    415      0   Z-then-X    -0.32376
                                                   0.05823  0.00000 -0.07138
                                                   0.32176
                                                   0.00000 -0.38869
                                                  -0.03945  0.00000  0.06693

         406      413    403      0   Z-then-X     0.63075
                                                   0.40149  0.00000  0.25741
                                                  -0.01797
                                                   0.00000  0.01503
                                                   0.00873  0.00000  0.00294

         407      408    402      0   Z-then-X     0.34019
                                                   0.47821  0.00000  0.49978
                                                   1.11919
                                                   0.00000 -2.31639
                                                  -0.50667  0.00000  1.19720

         408      407    416      0   Z-then-X     0.21608
                                                   0.00820  0.00000 -0.28509
                                                   0.05369
                                                   0.00000  0.10740
                                                   0.05156  0.00000 -0.16109

         409      402    407      0   Z-then-X     0.09933
                                                   0.00064  0.00000 -0.16410
                                                   0.07960
                                                   0.00000  0.07569
                                                  -0.01944  0.00000 -0.15529

         410      401    403      0   Z-then-X     0.10718
                                                  -0.02083  0.00000 -0.03604
                                                  -0.03187
                                                   0.00000  0.01466
                                                  -0.01392  0.00000  0.01721

         411      404    405      0   Z-then-X    -0.77613
                                                   0.13027  0.00000 -0.18830
                                                  -0.53109
                                                   0.00000  0.25725
                                                   0.21601  0.00000  0.27384

         412      403    401      0   Z-then-X     0.11911
                                                   0.01244  0.00000 -0.25689
                                                   0.04573
                                                   0.00000  0.01640
                                                  -0.00301  0.00000 -0.06213

         413      406    403      0   Z-then-X    -0.66614
                                                  -0.21394  0.00000 -0.03273
                                                  -0.49754
                                                   0.00000  0.12402
                                                  -0.24547  0.00000  0.37352

         414      406    413      0   Z-then-X    -0.02624
                                                   0.07068  0.00000 -0.22870
                                                   0.12255
                                                   0.00000  0.03666
                                                   0.03118  0.00000 -0.15921

         415      405    404      0   Z-then-X     0.13248
                                                   0.00045  0.00000 -0.38308
                                                   0.28470
                                                   0.00000  0.12111
                                                   0.01221  0.00000 -0.40581

         416      408    407      0   Z-then-X    -0.56179
                                                   0.01684  0.00000 -0.29231
                                                   0.37390
                                                   0.00000  0.24558
                                                   0.00671  0.00000 -0.61948

 Additional Atomic Dipole Polarizability Parameters :

     Atom Type           Alpha       Thole     Group Atom Types

         403             1.073       0.390         412  401  406
         412             0.496       0.390         403
         401             1.334       0.390         403  410  404  402
         410             0.496       0.390         401
         404             1.334       0.390         401  411  405
         411             0.837       0.390         404
         402             1.334       0.390         401  407  409
         407             3.300       0.390         402  408
         408             1.334       0.390         407  416
         416             1.073       0.390         408
         409             0.496       0.390         402
         406             1.334       0.390         403  413  414
         413             0.837       0.390         406
         405             1.073       0.390         404  415
         414             0.494       0.390         406
         415             0.496       0.390         405

 Limited Memory BFGS Quasi-Newton Optimization :

 QN Iter     F Value      G RMS      F Move   X Move   Angle  FG Call  Comment

     0      507.7768   413.2870                                   1
     1      333.0557   373.4690    174.7211   0.0982    0.00      2    Success 
     2      193.8771   166.7392    139.1787   0.0326    2.10      3    Success 
     3      135.2804   115.6948     58.5967   0.0298   15.31      4    Success 
     4       81.9403   147.7668     53.3401   0.0546   33.41      5    Success 
     5       49.0967   126.2477     32.8436   0.0419   58.55      6    Success 
     6       26.7832    71.0532     22.3135   0.0245   56.30      7    Success 
     7        8.9784    48.2851     17.8048   0.0315   46.81      8    Success 
     8        3.9925    79.0535      4.9859   0.0275   43.95      9    Success 
     9       -0.8534    26.6361      4.8459   0.0077   32.07     10    Success 
    10       -2.0716    23.8793      1.2182   0.0041   43.39     11    Success 
    11       -4.2321    20.6293      2.1605   0.0069   34.32     12    Success 
    12       -7.4301    24.5647      3.1980   0.0152   39.88     13    Success 
    13      -10.6693    21.0791      3.2392   0.0292   60.27     14    Success 
    14      -12.3400    16.0529      1.6707   0.0116   60.55     15    Success 
    15      -14.4816    15.2745      2.1416   0.0225   59.61     16    Success 
    16      -15.5163    23.3131      1.0348   0.0196   63.82     17    Success 
    17      -16.5432    11.0119      1.0268   0.0102   67.43     18    Success 
    18      -17.2264    12.7308      0.6833   0.0065   49.69     19    Success 
    19      -18.2137    15.5931      0.9872   0.0123   61.02     20    Success 
    20      -19.3938    13.4555      1.1801   0.0155   68.00     21    Success 
    21      -20.5154    11.1376      1.1216   0.0272   72.81     22    Success 
    22      -20.9086    15.2766      0.3932   0.0203   72.90     23    Success 
    23      -21.2524     7.5401      0.3438   0.0030   53.81     24    Success 
    24      -21.5007     7.5059      0.2483   0.0048   56.15     25    Success 
    25      -21.7167     6.9786      0.2160   0.0066   71.92     26    Success 
    26      -22.0398     5.7022      0.3231   0.0102   70.39     27    Success 
    27      -22.1711    11.2371      0.1313   0.0089   72.53     29    Success 
    28      -22.3283     4.4070      0.1572   0.0061   77.64     30    Success 
    29      -22.3857     4.0056      0.0574   0.0021   63.52     31    Success 
    30      -22.4377     7.8514      0.0521   0.0039   66.12     32    Success 
    31      -22.4972     4.1040      0.0595   0.0022   70.30     33    Success 
    32      -22.5322     4.2315      0.0350   0.0015   65.53     34    Success 
    33      -22.5797     3.8284      0.0476   0.0020   63.40     35    Success 
    34      -22.6273     5.1279      0.0476   0.0035   74.40     36    Success 
    35      -22.6712    15.0949      0.0439   0.0052   78.46     37    Success 
    36      -22.7076    10.7189      0.0364   0.0021   81.30     38    Success 
    37      -22.7271     3.9388      0.0195   0.0014   81.17     39    Success 
    38      -22.7439     3.9016      0.0168   0.0015   77.75     40    Success 
    39      -22.7713     3.5905      0.0273   0.0015   71.07     41    Success 
    40      -22.8152     4.4187      0.0439   0.0032   74.54     42    Success 
    41      -22.8748     7.2879      0.0597   0.0056   78.64     43    Success 
    42      -22.8890    25.8669      0.0141   0.0040   84.49     44    Success 
    43      -22.9022     8.3684      0.0133   0.0013   87.22     45    Success 
    44      -22.9118     5.5726      0.0096   0.0010   85.10     46    Success 
    45      -22.9243     2.9270      0.0124   0.0006   73.75     47    Success 
    46      -22.9362     3.0707      0.0120   0.0009   69.63     48    Success 
    47      -22.9543     3.2512      0.0181   0.0016   73.97     49    Success 
    48      -22.9817     3.1310      0.0273   0.0023   74.74     50    Success 
    49      -23.0099     4.5275      0.0283   0.0043   76.87     51    Success 
    50      -23.0408     3.2525      0.0309   0.0033   80.57     52    Success 
    51      -23.0722     3.1945      0.0313   0.0032   77.40     53    Success 
    52      -23.1194     3.5202      0.0473   0.0051   77.56     54    Success 
    53      -23.1247    12.6547      0.0053   0.0078   78.96     55    Success 
    54      -23.1680     8.0891      0.0432   0.0009   74.99     57    Success 
    55      -23.2137     2.2971      0.0457   0.0021   75.27     58    Success 
    56      -23.2257     2.4808      0.0120   0.0014   74.38     59    Success 
    57      -23.2445     2.4818      0.0188   0.0024   76.93     60    Success 
    58      -23.2755     2.8040      0.0310   0.0030   73.83     61    Success 
    59      -23.3071     3.2788      0.0316   0.0053   76.62     62    Success 
    60      -23.3354     4.7935      0.0283   0.0087   82.93     63    Success 
    61      -23.3668     2.7692      0.0314   0.0036   79.45     64    Success 
    62      -23.3903     2.5376      0.0235   0.0019   71.15     65    Success 
    63      -23.3953     2.2387      0.0050   0.0015   81.46     67    Success 
    64      -23.4045     2.1278      0.0092   0.0007   68.33     68    Success 
    65      -23.4189     2.3908      0.0144   0.0015   70.74     69    Success 
    66      -23.4434     1.9260      0.0245   0.0025   74.24     70    Success 
    67      -23.4743     2.2618      0.0309   0.0059   76.14     71    Success 
    68      -23.4810     4.1042      0.0067   0.0068   77.13     72    Success 
    69      -23.4920     2.7629      0.0110   0.0005   70.15     73    Success 
    70      -23.5067     1.0650      0.0147   0.0011   66.87     74    Success 
    71      -23.5145     1.0554      0.0078   0.0013   64.39     75    Success 
    72      -23.5248     1.4271      0.0104   0.0017   65.91     76    Success 
    73      -23.5390     1.9532      0.0142   0.0031   74.95     77    Success 
    74      -23.5532     2.0110      0.0142   0.0037   77.54     78    Success 
    75      -23.5650     1.4126      0.0118   0.0018   75.00     79    Success 
    76      -23.5689     2.5530      0.0039   0.0025   74.32     80    Success 
    77      -23.5724     1.3561      0.0035   0.0006   72.84     81    Success 
    78      -23.5735     0.6614      0.0011   0.0004   80.06     82    Success 
    79      -23.5747     0.5147      0.0012   0.0002   57.05     83    Success 
    80      -23.5766     0.6815      0.0019   0.0005   60.50     84    Success 
    81      -23.5793     0.8511      0.0028   0.0010   72.71     85    Success 
    82      -23.5828     1.1307      0.0034   0.0017   77.79     86    Success 
    83      -23.5852     0.9897      0.0025   0.0018   79.17     87    Success 
    84      -23.5873     0.4937      0.0021   0.0004   58.96     88    Success 
    85      -23.5883     0.5047      0.0009   0.0004   62.99     89    Success 
    86      -23.5887     0.4615      0.0005   0.0003   74.71     90    Success 
    87      -23.5894     0.3261      0.0006   0.0004   75.79     91    Success 
    88      -23.5901     0.3394      0.0007   0.0005   69.42     92    Success 
    89      -23.5905     0.3636      0.0005   0.0004   71.09     93    Success 
    90      -23.5909     0.2656      0.0003   0.0003   74.16     94    Success 
    91      -23.5913     0.2076      0.0004   0.0004   70.70     95    Success 
    92      -23.5916     0.3060      0.0004   0.0005   70.43     96    Success 
    93      -23.5920     0.3291      0.0003   0.0004   77.53     97    Success 
    94      -23.5924     0.2902      0.0004   0.0005   77.93     98    Success 
    95      -23.5927     0.3034      0.0003   0.0006   76.40     99    Success 
    96      -23.5930     0.1755      0.0003   0.0002   66.44    100    Success 
    97      -23.5932     0.1562      0.0002   0.0002   61.18    101    Success 
    98      -23.5934     0.2958      0.0002   0.0003   71.89    102    Success 
    99      -23.5936     0.2163      0.0002   0.0003   79.93    103    Success 
   100      -23.5937     0.1800      0.0002   0.0002   77.56    104    Success 
   101      -23.5939     0.3041      0.0002   0.0003   72.80    105    Success 
   102      -23.5942     0.1769      0.0003   0.0005   79.96    106    Success 
   103      -23.5943     0.1308      0.0001   0.0002   72.59    107    Success 
   104      -23.5945     0.1208      0.0002   0.0003   66.10    108    Success 
   105      -23.5947     0.2490      0.0002   0.0004   68.53    109    Success 
   106      -23.5948     0.1361      0.0001   0.0003   79.45    110    Success 
   107      -23.5949     0.0922      0.0001   0.0001   69.93    111    Success 
   108      -23.5950     0.1878      0.0001   0.0002   64.93    112    Success 
   109      -23.5950     0.1498      0.0000   0.0001   76.39    113    Success 
   110      -23.5951     0.1078      0.0000   0.0000   67.75    114    Success 
   111      -23.5951     0.0797      0.0001   0.0001   68.38    115    Success 
   112      -23.5952     0.0869      0.0001   0.0003   65.87    116    Success 
   113      -23.5953     0.2003      0.0001   0.0004   72.50    117    Success 
   114      -23.5954     0.1360      0.0001   0.0003   82.24    118    Success 
   115      -23.5954     0.0691      0.0000   0.0001   73.79    119    Success 
   116      -23.5955     0.0780      0.0000   0.0001   56.32    120    Success 
   117      -23.5955     0.0973      0.0000   0.0001   74.56    121    Success 
   118      -23.5955     0.0928      0.0000   0.0002   77.64    122    Success 
   119      -23.5956     0.1974      0.0000   0.0003   77.89    123    Success 
   120      -23.5956     0.1159      0.0000   0.0000   48.81    124    Success 
   121      -23.5956     0.0326      0.0000   0.0000   68.22    125    Success 
   122      -23.5956     0.0355      0.0000   0.0000   62.50    126    Success 
   123      -23.5956     0.0336      0.0000   0.0000   61.06    127    Success 
   124      -23.5956     0.0537      0.0000   0.0000   62.80    128    Success 
   125      -23.5956     0.0216      0.0000   0.0000   75.57    129    Success 
   126      -23.5956     0.0179      0.0000   0.0000   74.70    130    Success 
   127      -23.5956     0.0239      0.0000   0.0000   59.74    131    Success 
   128      -23.5956     0.0190      0.0000   0.0000   71.96    132    Success 
   129      -23.5956     0.0216      0.0000   0.0000   64.35    133    Success 
   130      -23.5956     0.0152      0.0000   0.0000   69.21    134    Success 
   131      -23.5956     0.0158      0.0000   0.0000   62.75    135    Success 
   132      -23.5956     0.0097      0.0000   0.0000   73.46    136    Success 
   133      -23.5956     0.0080      0.0000   0.0000   60.89    137    Success 
   134      -23.5956     0.0086      0.0000   0.0000   61.57    138    Success 
   135      -23.5956     0.0099      0.0000   0.0000   69.43    139    Success 
   136      -23.5956     0.0121      0.0000   0.0000   72.63    140    Success 
   137      -23.5956     0.0123      0.0000   0.0000   75.65    141    Success 
   138      -23.5956     0.0058      0.0000   0.0000   55.87    142    Success 
   139      -23.5956     0.0056      0.0000   0.0000   52.10    143    Success 
   140      -23.5956     0.0058      0.0000   0.0000   66.94    144    Success 
   141      -23.5956     0.0112      0.0000   0.0000   69.28    145    Success 
   142      -23.5956     0.0045      0.0000   0.0000   75.14    146    Success 
   143      -23.5956     0.0032      0.0000   0.0000   67.59    147    Success 
   144      -23.5956     0.0035      0.0000   0.0000   63.82    148    Success 
   145      -23.5956     0.0136      0.0000   0.0000   67.66    149    Success 
   146      -23.5956     0.0071      0.0000   0.0000   77.57    150    Success 
   147      -23.5956     0.0023      0.0000   0.0000   66.01    151    Success 
   148      -23.5956     0.0024      0.0000   0.0000   62.93    152    Success 
   149      -23.5956     0.0023      0.0000   0.0000   64.46    153    Success 
   150      -23.5956     0.0028      0.0000   0.0000   67.81    154    Success 
   151      -23.5956     0.0023      0.0000   0.0000   73.65    155    Success 
   152      -23.5956     0.0013      0.0000   0.0000   62.91    156    Success 
   153      -23.5956     0.0013      0.0000   0.0000   54.82    157    Success 
   154      -23.5956     0.0027      0.0000   0.0000   64.80    158    Success 
   155      -23.5956     0.0015      0.0000   0.0000   77.38    159    Success 
   156      -23.5956     0.0008      0.0000   0.0000   61.23    160   SmallGrad

 LBFGS  --  Normal Termination due to SmallGrad

 Final Function Value :          -23.5956
 Final RMS Gradient :              0.0008
 Final Gradient Norm :             0.0034
