
     ######################################################################
   ##########################################################################
  ###                                                                      ###
 ###            Tinker  ---  Software Tools for Molecular Design            ###
 ##                                                                          ##
 ##                          Version 8.7  June 2019                          ##
 ##                                                                          ##
 ##               Copyright (c)  Jay William Ponder  1990-2019               ##
 ###                           All Rights Reserved                          ###
  ###                                                                      ###
   ##########################################################################
     ######################################################################


 Additional Atom Definition Parameters :

     Type  Class  Symbol  Description               Atomic    Mass   Valence

     403    403     N     ModifiedRes                  7     14.007     3
     412    412     H     ModifiedRes                  1      1.008     1
     401    401     C     ModifiedRes                  6     12.011     4
     410    410     H     ModifiedRes                  1      1.008     1
     404    404     C     ModifiedRes                  6     12.011     3
     411    411     O     ModifiedRes                  8     15.999     1
     402    402     C     ModifiedRes                  6     12.011     4
     407    407     S     ModifiedRes                 16     32.066     2
     408    408     C     ModifiedRes                  6     12.011     2
     416    416     N     ModifiedRes                  7     14.007     1
     409    409     H     ModifiedRes                  1      1.008     1
     406    406     C     ModifiedRes                  6     12.011     3
     413    413     O     ModifiedRes                  8     15.999     1
     405    405     N     ModifiedRes                  7     14.007     3
     414    414     H     ModifiedRes                  1      1.008     1
     415    415     H     ModifiedRes                  1      1.008     1

 Additional Bond Stretching Parameters :

     Atom Classes             K(S)         Length

       401 403             374.800         1.4589
       403 406             482.000         1.3610
       403 412             542.000         1.0150
       401 410             341.000         1.0957
       401 404             345.300         1.5388
       401 402             345.300         1.5181
       404 405             482.000         1.3572
       404 411             705.000         1.2314
       402 409             395.500         1.0914
       402 407             235.800         1.8318
       407 408             235.800         1.6971
       408 416             450.000         1.1861
       406 413             705.000         1.2330
       406 414             356.400         1.1017
       405 415             542.000         1.0125

 Additional Angle Bending Parameters :

     Atom Classes             K(B)          Angle

     403 406 413            60.000        124.094
     401 403 412            35.000        118.942
     406 403 412            35.000        118.838
     401 404 405            70.000        113.359
     401 404 411            80.000        121.700
     401 402 407            53.200        108.210
     401 403 406            50.000        121.364
     404 401 410            38.000        109.343
     402 401 410            38.000        110.332
     403 401 410            50.600        106.311
     402 401 404            60.000        109.451
     403 401 404            80.000        110.698
     402 401 403            80.000        110.661
     402 407 408            60.430         97.779
     407 408 416            60.000        178.379
     409 402 409            39.570        108.414
     401 402 409            42.440        109.507
     407 402 409            60.240        109.536
     405 404 411            60.000        124.942
     413 406 414            68.340        122.634
     403 406 414            31.650        113.263
     415 405 415            22.300        119.362
     404 405 415            35.000        117.511

 Additional Stretch-Bend Parameters :

     Atom Classes          K(SB)-1        K(SB)-2

     401 403 412             4.300          7.200
     406 403 412             4.300          7.200
     401 404 405            18.700         18.700
     401 402 407            18.700         18.700
     401 403 406             7.200          7.200
     404 401 410            11.500         18.700
     402 401 410            11.500         18.700
     403 401 410            11.500         11.500
     402 401 404            18.700         18.700
     403 401 404            18.700         18.700
     402 401 403            18.700         18.700
     402 407 408            -5.750         -5.750
     401 402 409            11.500         11.500
     407 402 409            11.500         11.500
     403 406 414            11.500         11.500
     404 405 415             4.300          7.200
     415 405 415             4.300          7.200
     401 404 411            18.700         18.700
     413 406 414            11.500         11.500

 Additional Out-of-Plane Bend Parameters :

     Atom Classes                   K(OPB)

     401 403   0   0                14.400
     401 404   0   0                14.400
     403 406   0   0               107.910
     404 405   0   0                71.940
     405 404   0   0               107.910
     406 403   0   0                71.940
     411 404   0   0               122.298
     412 403   0   0                 5.755
     413 406   0   0               122.298
     414 406   0   0               140.283
     415 405   0   0                 5.755

 Additional Torsional Parameters :

     Atom Classes     1-Fold    2-Fold    3-Fold    4-Fold    5-Fold    6-Fold

   403 401 404 405   0.00   0  0.00 180  0.00   0  0.00   0  0.00   0  0.00   0
   403 401 404 411   0.00   0  0.00 180  0.00   0  0.00   0  0.00   0  0.00   0
   403 401 402 409   0.00   0  0.00 180  0.00   0  0.00   0  0.00   0  0.00   0
   403 401 402 407   0.00   0  0.00 180  0.00   0  0.00   0  0.00   0  0.00   0
   410 401 403 412   0.00   0  0.00 180  0.00   0  0.00   0  0.00   0  0.00   0
   404 401 403 412   0.00   0  0.00 180  0.00   0  0.00   0  0.00   0  0.00   0
   402 401 403 412   0.00   0  0.00 180  0.00   0  0.00   0  0.00   0  0.00   0
   412 403 406 413   0.00   0  0.00 180  0.00   0  0.00   0  0.00   0  0.00   0
   412 403 406 414   0.00   0  0.00 180  0.00   0  0.00   0  0.00   0  0.00   0
   401 404 405 415   0.00   0  1.20 180  0.80   0  0.00   0  0.00   0  0.00   0
   401 402 407 408   0.00   0  0.00 180  0.00   0  0.00   0  0.00   0  0.00   0
   401 403 406 413   0.00   0  0.00 180  0.00   0  0.00   0  0.00   0  0.00   0
   401 403 406 414   0.00   0  0.00 180  0.00   0  0.00   0  0.00   0  0.00   0
   410 401 404 405   0.00   0  0.00 180  0.00   0  0.00   0  0.00   0  0.00   0
   410 401 404 411   0.00   0  0.00 180  0.00   0  0.00   0  0.00   0  0.00   0
   410 401 402 409   0.00   0  0.00 180  0.00   0  0.00   0  0.00   0  0.00   0
   410 401 402 407   0.00   0  0.00 180  0.00   0  0.00   0  0.00   0  0.00   0
   410 401 403 406   0.00   0  0.00 180  0.00   0  0.00   0  0.00   0  0.00   0
   404 401 402 409   0.00   0  0.00 180  0.00   0  0.00   0  0.00   0  0.00   0
   404 401 402 407   0.00   0  0.00 180  0.00   0  0.00   0  0.00   0  0.00   0
   404 401 403 406   0.00   0  0.00 180  0.00   0  0.00   0  0.00   0  0.00   0
   411 404 405 415   0.00   0  0.00 180  0.00   0  0.00   0  0.00   0  0.00   0
   402 401 404 411   0.00   0  0.00 180  0.00   0  0.00   0  0.00   0  0.00   0
   402 401 404 405   0.00   0  0.00 180  0.00   0  0.00   0  0.00   0  0.00   0
   402 401 403 406   0.00   0  0.00 180  0.00   0  0.00   0  0.00   0  0.00   0
   402 407 408 416   0.00   0  0.00 180  0.50   0  0.00   0  0.00   0  0.00   0
   409 402 407 408   0.00   0  0.00 180  0.00   0  0.00   0  0.00   0  0.00   0

 Additional Pi-Orbital Torsion Parameters :

     Atom Classes       2-Fold

       404 405           6.850
       403 406           6.850

 Additional van der Waals Parameters :

     Atom Class               Size        Epsilon        Reduction

         403                3.7100         0.1100          0.000
         412                2.5900         0.0220          0.900
         401                3.6500         0.1010          0.000
         410                2.8800         0.0240          0.910
         404                3.8200         0.1060          0.000
         411                3.3000         0.1120          0.000
         402                3.7800         0.1060          0.000
         407                4.0050         0.3550          0.000
         408                3.7800         0.1060          0.000
         416                3.7100         0.1050          0.000
         409                2.8700         0.0330          0.900
         406                3.8200         0.1060          0.000
         413                3.3000         0.1120          0.000
         405                3.7100         0.1100          0.000
         414                2.9200         0.0300          0.920
         415                2.5900         0.0220          0.900

 Additional Atomic Multipole Parameters :

     Atom Type     Coordinate Frame Definition         Multipole Moments

         401      403    404      0   Z-then-X    -0.27040
                                                  -0.22190  0.00000  0.26102
                                                  -0.17903
                                                   0.00000 -0.24517
                                                   0.13675  0.00000  0.42420

         402      407    401      0   Z-then-X    -0.16380
                                                   0.27778  0.00000 -0.20334
                                                   0.30211
                                                   0.00000 -0.49081
                                                  -0.33263  0.00000  0.18870

         403      406    401      0   Z-then-X    -0.06286
                                                   0.37348  0.00000 -0.12295
                                                   0.79149
                                                   0.00000 -1.08676
                                                  -0.63736  0.00000  0.29527

         404      411    405      0   Z-then-X     0.97419
                                                  -0.10999  0.00000  0.25580
                                                   0.38321
                                                   0.00000 -0.33696
                                                  -0.17133  0.00000 -0.04625

         405      404    415      0   Z-then-X    -0.32376
                                                   0.05823  0.00000 -0.07138
                                                   0.32176
                                                   0.00000 -0.38869
                                                  -0.03945  0.00000  0.06693

         406      413    403      0   Z-then-X     0.63075
                                                   0.40149  0.00000  0.25741
                                                  -0.01797
                                                   0.00000  0.01503
                                                   0.00873  0.00000  0.00294

         407      408    402      0   Z-then-X     0.34019
                                                   0.47821  0.00000  0.49978
                                                   1.11919
                                                   0.00000 -2.31639
                                                  -0.50667  0.00000  1.19720

         408      407    416      0   Z-then-X     0.21608
                                                   0.00820  0.00000 -0.28509
                                                   0.05369
                                                   0.00000  0.10740
                                                   0.05156  0.00000 -0.16109

         409      402    407      0   Z-then-X     0.09933
                                                   0.00064  0.00000 -0.16410
                                                   0.07960
                                                   0.00000  0.07569
                                                  -0.01944  0.00000 -0.15529

         410      401    403      0   Z-then-X     0.10718
                                                  -0.02083  0.00000 -0.03604
                                                  -0.03187
                                                   0.00000  0.01466
                                                  -0.01392  0.00000  0.01721

         411      404    405      0   Z-then-X    -0.77613
                                                   0.13027  0.00000 -0.18830
                                                  -0.53109
                                                   0.00000  0.25725
                                                   0.21601  0.00000  0.27384

         412      403    401      0   Z-then-X     0.11911
                                                   0.01244  0.00000 -0.25689
                                                   0.04573
                                                   0.00000  0.01640
                                                  -0.00301  0.00000 -0.06213

         413      406    403      0   Z-then-X    -0.66614
                                                  -0.21394  0.00000 -0.03273
                                                  -0.49754
                                                   0.00000  0.12402
                                                  -0.24547  0.00000  0.37352

         414      406    413      0   Z-then-X    -0.02624
                                                   0.07068  0.00000 -0.22870
                                                   0.12255
                                                   0.00000  0.03666
                                                   0.03118  0.00000 -0.15921

         415      405    404      0   Z-then-X     0.13248
                                                   0.00045  0.00000 -0.38308
                                                   0.28470
                                                   0.00000  0.12111
                                                   0.01221  0.00000 -0.40581

         416      408    407      0   Z-then-X    -0.56179
                                                   0.01684  0.00000 -0.29231
                                                   0.37390
                                                   0.00000  0.24558
                                                   0.00671  0.00000 -0.61948

 Additional Atomic Dipole Polarizability Parameters :

     Atom Type           Alpha       Thole     Group Atom Types

         403             1.073       0.390         412  401  406
         412             0.496       0.390         403
         401             1.334       0.390         403  410  404  402
         410             0.496       0.390         401
         404             1.334       0.390         401  411  405
         411             0.837       0.390         404
         402             1.334       0.390         401  407  409
         407             3.300       0.390         402  408
         408             1.334       0.390         407  416
         416             1.073       0.390         408
         409             0.496       0.390         402
         406             1.334       0.390         403  413  414
         413             0.837       0.390         406
         405             1.073       0.390         404  415
         414             0.494       0.390         406
         415             0.496       0.390         405

 Limited Memory BFGS Quasi-Newton Optimization :

 QN Iter     F Value      G RMS      F Move   X Move   Angle  FG Call  Comment

     0     1398.3433   680.7512                                   1
     1      746.8593   310.1253    651.4840   0.0982    0.00      2    Success 
     2      543.4434   266.9581    203.4159   0.0512   24.51      3    Success 
     3      334.7019   300.6417    208.7415   0.0982   34.17      4    Success 
     4      268.8637   323.8943     65.8382   0.0660   54.97      5    Success 
     5      217.0010   152.8344     51.8627   0.0161   35.70      6    Success 
     6      176.4470   129.5676     40.5540   0.0232   36.64      7    Success 
     7      118.2671   140.0925     58.1799   0.0502   46.20      8    Success 
     8       72.7999   126.7009     45.4672   0.0620   61.54      9    Success 
     9       59.7404   131.4510     13.0595   0.0581   64.00     10    Success 
    10       41.3560    58.7539     18.3844   0.0128   30.44     11    Success 
    11       33.2929    36.1627      8.0631   0.0140   30.84     12    Success 
    12       28.4672    44.0120      4.8257   0.0143   48.97     13    Success 
    13       21.4121    47.9031      7.0551   0.0260   62.09     14    Success 
    14       14.6916    61.3400      6.7205   0.0429   67.55     15    Success 
    15        9.2699    30.3934      5.4217   0.0162   65.31     16    Success 
    16        4.7202    33.5658      4.5496   0.0193   48.98     17    Success 
    17        1.7790    32.3769      2.9413   0.0170   68.09     18    Success 
    18       -2.5646    25.4140      4.3436   0.0284   69.15     19    Success 
    19       -5.9467    35.9601      3.3821   0.0487   67.03     20    Success 
    20       -8.8342    20.9394      2.8875   0.0136   60.32     21    Success 
    21      -10.7619    21.6387      1.9278   0.0139   59.03     22    Success 
    22      -12.8660    26.6999      2.1041   0.0268   71.21     23    Success 
    23      -14.3269    17.1154      1.4609   0.0223   76.40     24    Success 
    24      -15.1944    13.8049      0.8675   0.0111   70.30     25    Success 
    25      -16.2872    16.9051      1.0928   0.0152   65.22     26    Success 
    26      -17.1986    24.0041      0.9113   0.0156   69.20     27    Success 
    27      -18.0327    15.7858      0.8341   0.0146   76.25     28    Success 
    28      -18.4640     8.4194      0.4313   0.0039   55.46     29    Success 
    29      -18.7377     9.2946      0.2738   0.0047   56.46     30    Success 
    30      -19.0672     9.7110      0.3295   0.0068   67.45     31    Success 
    31      -19.3779    12.3090      0.3106   0.0120   71.68     32    Success 
    32      -19.6502     8.2597      0.2723   0.0073   68.79     33    Success 
    33      -19.8133     7.3001      0.1631   0.0058   68.34     34    Success 
    34      -19.9809     5.7311      0.1676   0.0033   60.68     35    Success 
    35      -20.2117     4.7810      0.2308   0.0077   64.94     36    Success 
    36      -20.3717     7.7438      0.1599   0.0077   66.70     37    Success 
    37      -20.4306    10.6877      0.0589   0.0033   76.86     39    Success 
    38      -20.5071     4.6585      0.0766   0.0032   78.95     40    Success 
    39      -20.5569     5.2119      0.0498   0.0037   76.65     41    Success 
    40      -20.6233     3.9555      0.0663   0.0029   68.86     42    Success 
    41      -20.6972     3.3157      0.0739   0.0047   70.44     43    Success 
    42      -20.7754     4.1165      0.0782   0.0051   67.29     44    Success 
    43      -20.8464     3.3315      0.0710   0.0051   72.01     45    Success 
    44      -20.8833     6.4671      0.0370   0.0040   69.51     46    Success 
    45      -20.9200     2.9145      0.0367   0.0018   75.34     47    Success 
    46      -20.9467     2.9460      0.0267   0.0019   67.44     48    Success 
    47      -20.9742     3.4856      0.0275   0.0021   71.27     49    Success 
    48      -21.0181     3.6095      0.0439   0.0032   73.93     50    Success 
    49      -21.0613     7.0824      0.0432   0.0058   76.54     51    Success 
    50      -21.1197     3.4464      0.0584   0.0045   81.31     52    Success 
    51      -21.1549     2.6235      0.0353   0.0032   75.78     53    Success 
    52      -21.1832     2.5856      0.0283   0.0029   73.45     54    Success 
    53      -21.2197     2.3206      0.0364   0.0038   74.10     55    Success 
    54      -21.2533     3.1985      0.0336   0.0060   73.13     56    Success 
    55      -21.2820     1.9650      0.0287   0.0031   71.36     57    Success 
    56      -21.2957     1.7942      0.0137   0.0012   63.09     58    Success 
    57      -21.3120     1.4529      0.0162   0.0023   68.13     59    Success 
    58      -21.3242     1.5265      0.0122   0.0022   73.73     60    Success 
    59      -21.3310     3.0697      0.0068   0.0033   74.22     61    Success 
    60      -21.3404     1.3657      0.0094   0.0008   73.06     62    Success 
    61      -21.3453     1.0230      0.0049   0.0006   61.65     63    Success 
    62      -21.3493     1.2195      0.0039   0.0007   65.43     64    Success 
    63      -21.3550     1.3414      0.0057   0.0010   69.70     65    Success 
    64      -21.3577     2.3371      0.0028   0.0019   75.82     66    Success 
    65      -21.3620     1.2361      0.0042   0.0002   58.24     67    Success 
    66      -21.3659     0.8363      0.0039   0.0005   58.02     68    Success 
    67      -21.3689     1.1539      0.0030   0.0007   69.09     69    Success 
    68      -21.3736     1.4571      0.0047   0.0013   77.48     70    Success 
    69      -21.3775     2.3167      0.0039   0.0021   79.98     71    Success 
    70      -21.3824     1.1051      0.0050   0.0016   83.28     72    Success 
    71      -21.3849     0.7465      0.0024   0.0007   75.64     73    Success 
    72      -21.3876     1.0225      0.0027   0.0007   66.68     74    Success 
    73      -21.3903     1.3505      0.0028   0.0009   72.48     75    Success 
    74      -21.3933     1.1060      0.0029   0.0008   78.77     76    Success 
    75      -21.3978     0.7616      0.0045   0.0012   76.25     77    Success 
    76      -21.4022     0.6289      0.0045   0.0018   74.04     78    Success 
    77      -21.4046     1.0202      0.0024   0.0016   74.10     79    Success 
    78      -21.4073     0.5732      0.0027   0.0011   78.10     80    Success 
    79      -21.4092     0.4820      0.0019   0.0006   64.26     81    Success 
    80      -21.4105     0.6842      0.0013   0.0007   66.84     82    Success 
    81      -21.4116     0.5163      0.0011   0.0005   72.96     83    Success 
    82      -21.4124     0.3770      0.0008   0.0003   70.65     84    Success 
    83      -21.4134     0.3802      0.0010   0.0007   69.13     85    Success 
    84      -21.4139     0.6693      0.0005   0.0006   71.98     86    Success 
    85      -21.4145     0.3850      0.0006   0.0002   75.44     87    Success 
    86      -21.4154     0.3291      0.0008   0.0005   70.62     88    Success 
    87      -21.4159     0.3633      0.0006   0.0005   74.61     89    Success 
    88      -21.4163     0.8382      0.0004   0.0007   75.10     90    Success 
    89      -21.4170     0.4278      0.0006   0.0003   80.23     91    Success 
    90      -21.4175     0.3070      0.0006   0.0004   72.52     92    Success 
    91      -21.4180     0.4468      0.0004   0.0003   72.63     93    Success 
    92      -21.4187     0.5216      0.0007   0.0005   78.03     94    Success 
    93      -21.4190     1.3234      0.0003   0.0010   81.06     95    Success 
    94      -21.4195     0.9671      0.0005   0.0002   81.39     96    Success 
    95      -21.4202     0.3633      0.0007   0.0003   78.34     97    Success 
    96      -21.4204     0.2959      0.0003   0.0003   74.91     98    Success 
    97      -21.4207     0.3402      0.0002   0.0002   77.16     99    Success 
    98      -21.4210     0.3814      0.0004   0.0004   78.34    100    Success 
    99      -21.4215     0.4595      0.0004   0.0005   76.18    101    Success 
   100      -21.4221     0.3035      0.0006   0.0008   82.10    102    Success 
   101      -21.4227     0.2285      0.0005   0.0007   78.59    103    Success 
   102      -21.4233     0.2808      0.0006   0.0008   73.68    104    Success 
   103      -21.4235     0.4736      0.0002   0.0009   75.54    105    Success 
   104      -21.4239     0.2215      0.0003   0.0002   73.38    106    Success 
   105      -21.4240     0.1257      0.0002   0.0002   70.04    107    Success 
   106      -21.4241     0.1299      0.0001   0.0001   62.64    108    Success 
   107      -21.4242     0.1446      0.0001   0.0002   71.81    109    Success 
   108      -21.4242     0.0898      0.0001   0.0002   78.17    110    Success 
   109      -21.4243     0.0923      0.0000   0.0001   75.18    111    Success 
   110      -21.4243     0.0996      0.0000   0.0002   75.26    112    Success 
   111      -21.4244     0.1644      0.0000   0.0002   72.12    113    Success 
   112      -21.4244     0.0800      0.0000   0.0000   68.90    114    Success 
   113      -21.4244     0.0531      0.0000   0.0001   71.63    115    Success 
   114      -21.4244     0.0546      0.0000   0.0000   66.23    116    Success 
   115      -21.4244     0.0606      0.0000   0.0001   70.14    117    Success 
   116      -21.4244     0.0683      0.0000   0.0001   74.92    118    Success 
   117      -21.4245     0.0792      0.0000   0.0001   77.65    120    Success 
   118      -21.4245     0.0416      0.0000   0.0001   81.87    121    Success 
   119      -21.4245     0.0318      0.0000   0.0000   66.48    122    Success 
   120      -21.4245     0.0332      0.0000   0.0000   54.58    123    Success 
   121      -21.4245     0.0565      0.0000   0.0001   68.62    124    Success 
   122      -21.4245     0.0335      0.0000   0.0000   74.68    125    Success 
   123      -21.4245     0.0257      0.0000   0.0000   66.68    126    Success 
   124      -21.4245     0.0185      0.0000   0.0000   68.14    127    Success 
   125      -21.4245     0.0362      0.0000   0.0000   63.31    128    Success 
   126      -21.4245     0.0234      0.0000   0.0000   56.97    129    Success 
   127      -21.4245     0.0079      0.0000   0.0000   58.60    130    Success 
   128      -21.4245     0.0085      0.0000   0.0000   73.31    131    Success 
   129      -21.4245     0.0078      0.0000   0.0000   75.97    132    Success 
   130      -21.4245     0.0116      0.0000   0.0000   75.86    134    Success 
   131      -21.4245     0.0073      0.0000   0.0000   82.53    135    Success 
   132      -21.4245     0.0036      0.0000   0.0000   80.80    136    Success 
   133      -21.4245     0.0051      0.0000   0.0000   67.72    137    Success 
   134      -21.4245     0.0032      0.0000   0.0000   60.42    138    Success 
   135      -21.4245     0.0022      0.0000   0.0000   59.02    139    Success 
   136      -21.4245     0.0033      0.0000   0.0000   61.58    140    Success 
   137      -21.4245     0.0025      0.0000   0.0000   71.84    141    Success 
   138      -21.4245     0.0031      0.0000   0.0000   70.08    142    Success 
   139      -21.4245     0.0048      0.0000   0.0000   74.06    144    Success 
   140      -21.4245     0.0028      0.0000   0.0000   80.02    145    Success 
   141      -21.4245     0.0017      0.0000   0.0000   70.02    146    Success 
   142      -21.4245     0.0017      0.0000   0.0000   66.29    147    Success 
   143      -21.4245     0.0023      0.0000   0.0000   69.11    148    Success 
   144      -21.4245     0.0022      0.0000   0.0000   76.52    149    Success 
   145      -21.4245     0.0011      0.0000   0.0000   64.94    150    Success 
   146      -21.4245     0.0010      0.0000   0.0000   58.09    151   SmallGrad

 LBFGS  --  Normal Termination due to SmallGrad

 Final Function Value :          -21.4245
 Final RMS Gradient :              0.0010
 Final Gradient Norm :             0.0041
