
     ######################################################################
   ##########################################################################
  ###                                                                      ###
 ###            Tinker  ---  Software Tools for Molecular Design            ###
 ##                                                                          ##
 ##                          Version 8.7  June 2019                          ##
 ##                                                                          ##
 ##               Copyright (c)  Jay William Ponder  1990-2019               ##
 ###                           All Rights Reserved                          ###
  ###                                                                      ###
   ##########################################################################
     ######################################################################


 Additional Atom Definition Parameters :

     Type  Class  Symbol  Description               Atomic    Mass   Valence

     403    403     N     ModifiedRes                  7     14.007     3
     412    412     H     ModifiedRes                  1      1.008     1
     401    401     C     ModifiedRes                  6     12.011     4
     410    410     H     ModifiedRes                  1      1.008     1
     404    404     C     ModifiedRes                  6     12.011     3
     411    411     O     ModifiedRes                  8     15.999     1
     402    402     C     ModifiedRes                  6     12.011     4
     407    407     S     ModifiedRes                 16     32.066     2
     408    408     C     ModifiedRes                  6     12.011     2
     416    416     N     ModifiedRes                  7     14.007     1
     409    409     H     ModifiedRes                  1      1.008     1
     406    406     C     ModifiedRes                  6     12.011     3
     413    413     O     ModifiedRes                  8     15.999     1
     405    405     N     ModifiedRes                  7     14.007     3
     414    414     H     ModifiedRes                  1      1.008     1
     415    415     H     ModifiedRes                  1      1.008     1

 Additional Bond Stretching Parameters :

     Atom Classes             K(S)         Length

       401 403             374.800         1.4589
       403 406             482.000         1.3610
       403 412             542.000         1.0150
       401 410             341.000         1.0957
       401 404             345.300         1.5388
       401 402             345.300         1.5181
       404 405             482.000         1.3572
       404 411             705.000         1.2314
       402 409             395.500         1.0914
       402 407             235.800         1.8318
       407 408             235.800         1.6971
       408 416             450.000         1.1861
       406 413             705.000         1.2330
       406 414             356.400         1.1017
       405 415             542.000         1.0125

 Additional Angle Bending Parameters :

     Atom Classes             K(B)          Angle

     403 406 413            60.000        124.094
     401 403 412            35.000        118.942
     406 403 412            35.000        118.838
     401 404 405            70.000        113.359
     401 404 411            80.000        121.700
     401 402 407            53.200        108.210
     401 403 406            50.000        121.364
     404 401 410            38.000        109.343
     402 401 410            38.000        110.332
     403 401 410            50.600        106.311
     402 401 404            60.000        109.451
     403 401 404            80.000        110.698
     402 401 403            80.000        110.661
     402 407 408            60.430         97.779
     407 408 416            60.000        178.379
     409 402 409            39.570        108.414
     401 402 409            42.440        109.507
     407 402 409            60.240        109.536
     405 404 411            60.000        124.942
     413 406 414            68.340        122.634
     403 406 414            31.650        113.263
     415 405 415            22.300        119.362
     404 405 415            35.000        117.511

 Additional Stretch-Bend Parameters :

     Atom Classes          K(SB)-1        K(SB)-2

     401 403 412             4.300          7.200
     406 403 412             4.300          7.200
     401 404 405            18.700         18.700
     401 402 407            18.700         18.700
     401 403 406             7.200          7.200
     404 401 410            11.500         18.700
     402 401 410            11.500         18.700
     403 401 410            11.500         11.500
     402 401 404            18.700         18.700
     403 401 404            18.700         18.700
     402 401 403            18.700         18.700
     402 407 408            -5.750         -5.750
     401 402 409            11.500         11.500
     407 402 409            11.500         11.500
     403 406 414            11.500         11.500
     404 405 415             4.300          7.200
     415 405 415             4.300          7.200
     401 404 411            18.700         18.700
     413 406 414            11.500         11.500

 Additional Out-of-Plane Bend Parameters :

     Atom Classes                   K(OPB)

     401 403   0   0                14.400
     401 404   0   0                14.400
     403 406   0   0               107.910
     404 405   0   0                71.940
     405 404   0   0               107.910
     406 403   0   0                71.940
     411 404   0   0               122.298
     412 403   0   0                 5.755
     413 406   0   0               122.298
     414 406   0   0               140.283
     415 405   0   0                 5.755

 Additional Torsional Parameters :

     Atom Classes     1-Fold    2-Fold    3-Fold    4-Fold    5-Fold    6-Fold

   403 401 404 405   0.00   0  0.00 180  0.00   0  0.00   0  0.00   0  0.00   0
   403 401 404 411   0.00   0  0.00 180  0.00   0  0.00   0  0.00   0  0.00   0
   403 401 402 409   0.00   0  0.00 180  0.00   0  0.00   0  0.00   0  0.00   0
   403 401 402 407   0.00   0  0.00 180  0.00   0  0.00   0  0.00   0  0.00   0
   410 401 403 412   0.00   0  0.00 180  0.00   0  0.00   0  0.00   0  0.00   0
   404 401 403 412   0.00   0  0.00 180  0.00   0  0.00   0  0.00   0  0.00   0
   402 401 403 412   0.00   0  0.00 180  0.00   0  0.00   0  0.00   0  0.00   0
   412 403 406 413   0.00   0  0.00 180  0.00   0  0.00   0  0.00   0  0.00   0
   412 403 406 414   0.00   0  0.00 180  0.00   0  0.00   0  0.00   0  0.00   0
   401 404 405 415   0.00   0  1.20 180  0.80   0  0.00   0  0.00   0  0.00   0
   401 402 407 408   0.00   0  0.00 180  0.00   0  0.00   0  0.00   0  0.00   0
   401 403 406 413   0.00   0  0.00 180  0.00   0  0.00   0  0.00   0  0.00   0
   401 403 406 414   0.00   0  0.00 180  0.00   0  0.00   0  0.00   0  0.00   0
   410 401 404 405   0.00   0  0.00 180  0.00   0  0.00   0  0.00   0  0.00   0
   410 401 404 411   0.00   0  0.00 180  0.00   0  0.00   0  0.00   0  0.00   0
   410 401 402 409   0.00   0  0.00 180  0.00   0  0.00   0  0.00   0  0.00   0
   410 401 402 407   0.00   0  0.00 180  0.00   0  0.00   0  0.00   0  0.00   0
   410 401 403 406   0.00   0  0.00 180  0.00   0  0.00   0  0.00   0  0.00   0
   404 401 402 409   0.00   0  0.00 180  0.00   0  0.00   0  0.00   0  0.00   0
   404 401 402 407   0.00   0  0.00 180  0.00   0  0.00   0  0.00   0  0.00   0
   404 401 403 406   0.00   0  0.00 180  0.00   0  0.00   0  0.00   0  0.00   0
   411 404 405 415   0.00   0  0.00 180  0.00   0  0.00   0  0.00   0  0.00   0
   402 401 404 411   0.00   0  0.00 180  0.00   0  0.00   0  0.00   0  0.00   0
   402 401 404 405   0.00   0  0.00 180  0.00   0  0.00   0  0.00   0  0.00   0
   402 401 403 406   0.00   0  0.00 180  0.00   0  0.00   0  0.00   0  0.00   0
   402 407 408 416   0.00   0  0.00 180  0.50   0  0.00   0  0.00   0  0.00   0
   409 402 407 408   0.00   0  0.00 180  0.00   0  0.00   0  0.00   0  0.00   0

 Additional Pi-Orbital Torsion Parameters :

     Atom Classes       2-Fold

       404 405           6.850
       403 406           6.850

 Additional van der Waals Parameters :

     Atom Class               Size        Epsilon        Reduction

         403                3.7100         0.1100          0.000
         412                2.5900         0.0220          0.900
         401                3.6500         0.1010          0.000
         410                2.8800         0.0240          0.910
         404                3.8200         0.1060          0.000
         411                3.3000         0.1120          0.000
         402                3.7800         0.1060          0.000
         407                4.0050         0.3550          0.000
         408                3.7800         0.1060          0.000
         416                3.7100         0.1050          0.000
         409                2.8700         0.0330          0.900
         406                3.8200         0.1060          0.000
         413                3.3000         0.1120          0.000
         405                3.7100         0.1100          0.000
         414                2.9200         0.0300          0.920
         415                2.5900         0.0220          0.900

 Additional Atomic Multipole Parameters :

     Atom Type     Coordinate Frame Definition         Multipole Moments

         401      403    404      0   Z-then-X    -0.27040
                                                  -0.22190  0.00000  0.26102
                                                  -0.17903
                                                   0.00000 -0.24517
                                                   0.13675  0.00000  0.42420

         402      407    401      0   Z-then-X    -0.16380
                                                   0.27778  0.00000 -0.20334
                                                   0.30211
                                                   0.00000 -0.49081
                                                  -0.33263  0.00000  0.18870

         403      406    401      0   Z-then-X    -0.06286
                                                   0.37348  0.00000 -0.12295
                                                   0.79149
                                                   0.00000 -1.08676
                                                  -0.63736  0.00000  0.29527

         404      411    405      0   Z-then-X     0.97419
                                                  -0.10999  0.00000  0.25580
                                                   0.38321
                                                   0.00000 -0.33696
                                                  -0.17133  0.00000 -0.04625

         405      404    415      0   Z-then-X    -0.32376
                                                   0.05823  0.00000 -0.07138
                                                   0.32176
                                                   0.00000 -0.38869
                                                  -0.03945  0.00000  0.06693

         406      413    403      0   Z-then-X     0.63075
                                                   0.40149  0.00000  0.25741
                                                  -0.01797
                                                   0.00000  0.01503
                                                   0.00873  0.00000  0.00294

         407      408    402      0   Z-then-X     0.34019
                                                   0.47821  0.00000  0.49978
                                                   1.11919
                                                   0.00000 -2.31639
                                                  -0.50667  0.00000  1.19720

         408      407    416      0   Z-then-X     0.21608
                                                   0.00820  0.00000 -0.28509
                                                   0.05369
                                                   0.00000  0.10740
                                                   0.05156  0.00000 -0.16109

         409      402    407      0   Z-then-X     0.09933
                                                   0.00064  0.00000 -0.16410
                                                   0.07960
                                                   0.00000  0.07569
                                                  -0.01944  0.00000 -0.15529

         410      401    403      0   Z-then-X     0.10718
                                                  -0.02083  0.00000 -0.03604
                                                  -0.03187
                                                   0.00000  0.01466
                                                  -0.01392  0.00000  0.01721

         411      404    405      0   Z-then-X    -0.77613
                                                   0.13027  0.00000 -0.18830
                                                  -0.53109
                                                   0.00000  0.25725
                                                   0.21601  0.00000  0.27384

         412      403    401      0   Z-then-X     0.11911
                                                   0.01244  0.00000 -0.25689
                                                   0.04573
                                                   0.00000  0.01640
                                                  -0.00301  0.00000 -0.06213

         413      406    403      0   Z-then-X    -0.66614
                                                  -0.21394  0.00000 -0.03273
                                                  -0.49754
                                                   0.00000  0.12402
                                                  -0.24547  0.00000  0.37352

         414      406    413      0   Z-then-X    -0.02624
                                                   0.07068  0.00000 -0.22870
                                                   0.12255
                                                   0.00000  0.03666
                                                   0.03118  0.00000 -0.15921

         415      405    404      0   Z-then-X     0.13248
                                                   0.00045  0.00000 -0.38308
                                                   0.28470
                                                   0.00000  0.12111
                                                   0.01221  0.00000 -0.40581

         416      408    407      0   Z-then-X    -0.56179
                                                   0.01684  0.00000 -0.29231
                                                   0.37390
                                                   0.00000  0.24558
                                                   0.00671  0.00000 -0.61948

 Additional Atomic Dipole Polarizability Parameters :

     Atom Type           Alpha       Thole     Group Atom Types

         403             1.073       0.390         412  401  406
         412             0.496       0.390         403
         401             1.334       0.390         403  410  404  402
         410             0.496       0.390         401
         404             1.334       0.390         401  411  405
         411             0.837       0.390         404
         402             1.334       0.390         401  407  409
         407             3.300       0.390         402  408
         408             1.334       0.390         407  416
         416             1.073       0.390         408
         409             0.496       0.390         402
         406             1.334       0.390         403  413  414
         413             0.837       0.390         406
         405             1.073       0.390         404  415
         414             0.494       0.390         406
         415             0.496       0.390         405

 Limited Memory BFGS Quasi-Newton Optimization :

 QN Iter     F Value      G RMS      F Move   X Move   Angle  FG Call  Comment

     0      -16.7981    15.2933                                   1
     1      -17.9307    34.5047      1.1326   0.0086    0.00      3    Success 
     2      -18.8932    16.5779      0.9625   0.0072   65.10      4    Success 
     3      -19.1922    11.5182      0.2990   0.0021   52.37      5    Success 
     4      -19.6169     9.4508      0.4247   0.0045   49.77      6    Success 
     5      -20.0612    10.6182      0.4443   0.0063   54.62      7    Success 
     6      -20.5908    13.5127      0.5296   0.0103   63.58      8    Success 
     7      -21.1750    10.6147      0.5843   0.0115   71.37      9    Success 
     8      -21.7552     9.5425      0.5802   0.0121   68.53     10    Success 
     9      -22.1559    15.1064      0.4007   0.0157   67.98     11    Success 
    10      -22.4587     6.1178      0.3028   0.0034   56.93     12    Success 
    11      -22.5825     5.5931      0.1238   0.0019   40.44     13    Success 
    12      -22.7647     5.4949      0.1822   0.0045   56.52     14    Success 
    13      -22.9555     5.4692      0.1908   0.0081   67.90     15    Success 
    14      -22.9792    10.0569      0.0237   0.0108   72.18     16    Success 
    15      -23.0229     8.4881      0.0438   0.0004   47.10     17    Success 
    16      -23.0983     5.8573      0.0753   0.0007   39.27     18    Success 
    17      -23.2016     2.6142      0.1033   0.0020   43.62     19    Success 
    18      -23.2507     3.5208      0.0491   0.0023   50.70     20    Success 
    19      -23.3072     3.9790      0.0565   0.0036   70.99     21    Success 
    20      -23.3898     3.2027      0.0826   0.0056   73.56     22    Success 
    21      -23.4374     4.3210      0.0476   0.0081   74.26     23    Success 
    22      -23.4744     2.6470      0.0370   0.0025   65.82     24    Success 
    23      -23.4915     1.9476      0.0171   0.0012   68.23     25    Success 
    24      -23.5046     4.5960      0.0131   0.0020   60.20     26    Success 
    25      -23.5213     1.9359      0.0167   0.0016   78.57     27    Success 
    26      -23.5317     1.8268      0.0104   0.0017   76.73     28    Success 
    27      -23.5462     1.9125      0.0145   0.0028   76.82     29    Success 
    28      -23.5638     1.8916      0.0176   0.0026   76.00     30    Success 
    29      -23.5857     2.8404      0.0219   0.0036   73.49     31    Success 
    30      -23.6021     2.2972      0.0164   0.0045   78.96     32    Success 
    31      -23.6120     1.1750      0.0098   0.0010   70.42     33    Success 
    32      -23.6205     1.4648      0.0085   0.0011   57.43     34    Success 
    33      -23.6308     1.8383      0.0103   0.0013   67.63     35    Success 
    34      -23.6444     2.4491      0.0137   0.0025   75.71     36    Success 
    35      -23.6618     1.6417      0.0174   0.0042   81.56     37    Success 
    36      -23.6730     0.9956      0.0111   0.0030   80.19     38    Success 
    37      -23.6826     1.0255      0.0097   0.0028   72.96     39    Success 
    38      -23.6894     1.5494      0.0068   0.0019   69.72     40    Success 
    39      -23.6971     1.1941      0.0077   0.0017   75.77     41    Success 
    40      -23.7019     2.1313      0.0048   0.0017   70.65     42    Success 
    41      -23.7062     1.0289      0.0044   0.0008   71.59     43    Success 
    42      -23.7076     0.7304      0.0014   0.0002   65.44     44    Success 
    43      -23.7098     0.5821      0.0022   0.0006   70.54     45    Success 
    44      -23.7132     0.7185      0.0033   0.0013   70.66     46    Success 
    45      -23.7174     0.9172      0.0042   0.0017   74.10     47    Success 
    46      -23.7181     2.3713      0.0007   0.0027   79.20     48    Success 
    47      -23.7193     1.8921      0.0012   0.0001   73.77     49    Success 
    48      -23.7214     1.1765      0.0021   0.0003   77.46     50    Success 
    49      -23.7237     0.5708      0.0023   0.0007   74.28     51    Success 
    50      -23.7244     0.6335      0.0006   0.0002   70.43     52    Success 
    51      -23.7255     0.6436      0.0011   0.0003   70.77     53    Success 
    52      -23.7272     0.8889      0.0017   0.0006   71.34     54    Success 
    53      -23.7301     0.7824      0.0028   0.0011   78.44     55    Success 
    54      -23.7328     1.2331      0.0027   0.0015   74.56     56    Success 
    55      -23.7364     0.6974      0.0036   0.0022   83.70     57    Success 
    56      -23.7391     0.5531      0.0027   0.0016   78.51     58    Success 
    57      -23.7416     0.7187      0.0025   0.0020   77.00     59    Success 
    58      -23.7431     0.7750      0.0015   0.0009   74.49     60    Success 
    59      -23.7442     0.4193      0.0011   0.0003   65.31     61    Success 
    60      -23.7452     0.3092      0.0010   0.0003   55.67     62    Success 
    61      -23.7460     0.3483      0.0009   0.0007   70.52     63    Success 
    62      -23.7468     0.7422      0.0008   0.0010   73.61     64    Success 
    63      -23.7475     0.4343      0.0007   0.0007   82.83     65    Success 
    64      -23.7479     0.2082      0.0004   0.0001   60.45     66    Success 
    65      -23.7481     0.2238      0.0002   0.0001   55.35     67    Success 
    66      -23.7484     0.2068      0.0003   0.0003   66.42     68    Success 
    67      -23.7487     0.2600      0.0003   0.0004   68.60     69    Success 
    68      -23.7488     0.1709      0.0001   0.0002   73.85     70    Success 
    69      -23.7489     0.1219      0.0001   0.0001   56.37     71    Success 
    70      -23.7490     0.1172      0.0001   0.0001   53.69     72    Success 
    71      -23.7490     0.4309      0.0001   0.0002   60.15     73    Success 
    72      -23.7491     0.2696      0.0001   0.0001   77.82     74    Success 
    73      -23.7492     0.1157      0.0001   0.0002   77.63     75    Success 
    74      -23.7493     0.1336      0.0001   0.0001   73.26     76    Success 
    75      -23.7494     0.1304      0.0001   0.0002   74.16     77    Success 
    76      -23.7495     0.1952      0.0001   0.0003   74.02     78    Success 
    77      -23.7496     0.0966      0.0001   0.0003   77.89     79    Success 
    78      -23.7497     0.1296      0.0000   0.0001   60.12     80    Success 
    79      -23.7497     0.1200      0.0000   0.0001   69.69     81    Success 
    80      -23.7497     0.0884      0.0000   0.0000   69.57     82    Success 
    81      -23.7498     0.0678      0.0000   0.0001   65.21     83    Success 
    82      -23.7498     0.0961      0.0001   0.0002   68.78     84    Success 
    83      -23.7498     0.0956      0.0000   0.0002   77.40     85    Success 
    84      -23.7499     0.0475      0.0000   0.0000   53.39     86    Success 
    85      -23.7499     0.0389      0.0000   0.0000   54.30     87    Success 
    86      -23.7499     0.0628      0.0000   0.0000   57.63     88    Success 
    87      -23.7499     0.0596      0.0000   0.0001   73.59     89    Success 
    88      -23.7499     0.0777      0.0000   0.0001   73.67     90    Success 
    89      -23.7499     0.0693      0.0000   0.0001   79.12     91    Success 
    90      -23.7499     0.0341      0.0000   0.0000   46.99     92    Success 
    91      -23.7499     0.0301      0.0000   0.0000   48.65     93    Success 
    92      -23.7499     0.0285      0.0000   0.0000   67.40     94    Success 
    93      -23.7499     0.0845      0.0000   0.0001   66.15     95    Success 
    94      -23.7499     0.0701      0.0000   0.0000   70.71     96    Success 
    95      -23.7499     0.0470      0.0000   0.0000   70.11     97    Success 
    96      -23.7499     0.0207      0.0000   0.0000   69.29     98    Success 
    97      -23.7500     0.0278      0.0000   0.0000   65.83     99    Success 
    98      -23.7500     0.0363      0.0000   0.0000   74.71    100    Success 
    99      -23.7500     0.0350      0.0000   0.0000   77.14    101    Success 
   100      -23.7500     0.0391      0.0000   0.0001   79.91    102    Success 
   101      -23.7500     0.0452      0.0000   0.0000   74.31    103    Success 
   102      -23.7500     0.0352      0.0000   0.0000   66.01    104    Success 
   103      -23.7500     0.0281      0.0000   0.0000   73.15    105    Success 
   104      -23.7500     0.0270      0.0000   0.0000   77.84    106    Success 
   105      -23.7500     0.0328      0.0000   0.0001   78.48    107    Success 
   106      -23.7500     0.0181      0.0000   0.0000   81.53    108    Success 
   107      -23.7500     0.0188      0.0000   0.0000   72.02    109    Success 
   108      -23.7500     0.0382      0.0000   0.0000   68.69    110    Success 
   109      -23.7500     0.0158      0.0000   0.0000   69.72    111    Success 
   110      -23.7500     0.0123      0.0000   0.0000   62.95    112    Success 
   111      -23.7500     0.0160      0.0000   0.0000   69.08    113    Success 
   112      -23.7500     0.0161      0.0000   0.0000   76.47    114    Success 
   113      -23.7500     0.0213      0.0000   0.0000   76.56    115    Success 
   114      -23.7500     0.0123      0.0000   0.0000   79.80    116    Success 
   115      -23.7500     0.0094      0.0000   0.0000   63.50    117    Success 
   116      -23.7500     0.0110      0.0000   0.0000   61.30    118    Success 
   117      -23.7500     0.0091      0.0000   0.0000   75.95    119    Success 
   118      -23.7500     0.0081      0.0000   0.0000   72.51    120    Success 
   119      -23.7500     0.0098      0.0000   0.0000   71.95    121    Success 
   120      -23.7500     0.0085      0.0000   0.0000   75.14    122    Success 
   121      -23.7500     0.0106      0.0000   0.0000   73.05    123    Success 
   122      -23.7500     0.0116      0.0000   0.0000   77.43    125    Success 
   123      -23.7500     0.0069      0.0000   0.0000   79.26    126    Success 
   124      -23.7500     0.0064      0.0000   0.0000   73.43    127    Success 
   125      -23.7500     0.0064      0.0000   0.0000   73.52    128    Success 
   126      -23.7500     0.0052      0.0000   0.0000   75.23    129    Success 
   127      -23.7500     0.0064      0.0000   0.0000   72.31    131    Success 
   128      -23.7500     0.0035      0.0000   0.0000   69.45    132    Success 
   129      -23.7500     0.0036      0.0000   0.0000   58.86    133    Success 
   130      -23.7500     0.0038      0.0000   0.0000   69.84    134    Success 
   131      -23.7500     0.0073      0.0000   0.0000   77.02    135    Success 
   132      -23.7500     0.0030      0.0000   0.0000   76.77    136    Success 
   133      -23.7500     0.0021      0.0000   0.0000   65.57    137    Success 
   134      -23.7500     0.0027      0.0000   0.0000   67.03    138    Success 
   135      -23.7500     0.0031      0.0000   0.0000   74.75    139    Success 
   136      -23.7500     0.0046      0.0000   0.0000   77.19    140    Success 
   137      -23.7500     0.0026      0.0000   0.0000   81.71    141    Success 
   138      -23.7500     0.0017      0.0000   0.0000   77.08    142    Success 
   139      -23.7500     0.0021      0.0000   0.0000   68.66    143    Success 
   140      -23.7500     0.0028      0.0000   0.0000   73.62    144    Success 
   141      -23.7500     0.0014      0.0000   0.0000   64.64    145    Success 
   142      -23.7500     0.0011      0.0000   0.0000   64.95    146    Success 
   143      -23.7500     0.0016      0.0000   0.0000   69.89    147    Success 
   144      -23.7500     0.0018      0.0000   0.0000   76.96    148    Success 
   145      -23.7500     0.0053      0.0000   0.0000   78.23    149    Success 
   146      -23.7500     0.0042      0.0000   0.0000   81.46    150    Success 
   147      -23.7500     0.0024      0.0000   0.0000   80.86    151    Success 
   148      -23.7500     0.0014      0.0000   0.0000   79.07    152    Success 
   149      -23.7500     0.0016      0.0000   0.0000   77.60    153    Success 
   150      -23.7500     0.0016      0.0000   0.0000   76.73    154    Success 
   151      -23.7500     0.0018      0.0000   0.0000   76.09    155    Success 
   152      -23.7500     0.0016      0.0000   0.0000   78.37    156    Success 
   153      -23.7500     0.0013      0.0000   0.0000   79.14    157    Success 
   154      -23.7500     0.0022      0.0000   0.0000   76.11    158    Success 
   155      -23.7500     0.0013      0.0000   0.0000   79.59    159    Success 
   156      -23.7500     0.0012      0.0000   0.0000   72.60    160    Success 
   157      -23.7500     0.0013      0.0000   0.0000   76.05    161    Success 
   158      -23.7500     0.0017      0.0000   0.0000   78.25    162    Success 
   159      -23.7500     0.0017      0.0000   0.0000   81.20    163    Success 
   160      -23.7500     0.0006      0.0000   0.0000   58.41    164   SmallGrad

 LBFGS  --  Normal Termination due to SmallGrad

 Final Function Value :          -23.7500
 Final RMS Gradient :              0.0006
 Final Gradient Norm :             0.0027
