
     ######################################################################
   ##########################################################################
  ###                                                                      ###
 ###            Tinker  ---  Software Tools for Molecular Design            ###
 ##                                                                          ##
 ##                          Version 8.7  June 2019                          ##
 ##                                                                          ##
 ##               Copyright (c)  Jay William Ponder  1990-2019               ##
 ###                           All Rights Reserved                          ###
  ###                                                                      ###
   ##########################################################################
     ######################################################################


 Additional Atom Definition Parameters :

     Type  Class  Symbol  Description               Atomic    Mass   Valence

     403    403     N     ModifiedRes                  7     14.007     3
     412    412     H     ModifiedRes                  1      1.008     1
     401    401     C     ModifiedRes                  6     12.011     4
     410    410     H     ModifiedRes                  1      1.008     1
     404    404     C     ModifiedRes                  6     12.011     3
     411    411     O     ModifiedRes                  8     15.999     1
     402    402     C     ModifiedRes                  6     12.011     4
     407    407     S     ModifiedRes                 16     32.066     2
     408    408     C     ModifiedRes                  6     12.011     2
     416    416     N     ModifiedRes                  7     14.007     1
     409    409     H     ModifiedRes                  1      1.008     1
     406    406     C     ModifiedRes                  6     12.011     3
     413    413     O     ModifiedRes                  8     15.999     1
     405    405     N     ModifiedRes                  7     14.007     3
     414    414     H     ModifiedRes                  1      1.008     1
     415    415     H     ModifiedRes                  1      1.008     1

 Additional Bond Stretching Parameters :

     Atom Classes             K(S)         Length

       401 403             374.800         1.4589
       403 406             482.000         1.3610
       403 412             542.000         1.0150
       401 410             341.000         1.0957
       401 404             345.300         1.5388
       401 402             345.300         1.5181
       404 405             482.000         1.3572
       404 411             705.000         1.2314
       402 409             395.500         1.0914
       402 407             235.800         1.8318
       407 408             235.800         1.6971
       408 416             450.000         1.1861
       406 413             705.000         1.2330
       406 414             356.400         1.1017
       405 415             542.000         1.0125

 Additional Angle Bending Parameters :

     Atom Classes             K(B)          Angle

     403 406 413            60.000        124.094
     401 403 412            35.000        118.942
     406 403 412            35.000        118.838
     401 404 405            70.000        113.359
     401 404 411            80.000        121.700
     401 402 407            53.200        108.210
     401 403 406            50.000        121.364
     404 401 410            38.000        109.343
     402 401 410            38.000        110.332
     403 401 410            50.600        106.311
     402 401 404            60.000        109.451
     403 401 404            80.000        110.698
     402 401 403            80.000        110.661
     402 407 408            60.430         97.779
     407 408 416            60.000        178.379
     409 402 409            39.570        108.414
     401 402 409            42.440        109.507
     407 402 409            60.240        109.536
     405 404 411            60.000        124.942
     413 406 414            68.340        122.634
     403 406 414            31.650        113.263
     415 405 415            22.300        119.362
     404 405 415            35.000        117.511

 Additional Stretch-Bend Parameters :

     Atom Classes          K(SB)-1        K(SB)-2

     401 403 412             4.300          7.200
     406 403 412             4.300          7.200
     401 404 405            18.700         18.700
     401 402 407            18.700         18.700
     401 403 406             7.200          7.200
     404 401 410            11.500         18.700
     402 401 410            11.500         18.700
     403 401 410            11.500         11.500
     402 401 404            18.700         18.700
     403 401 404            18.700         18.700
     402 401 403            18.700         18.700
     402 407 408            -5.750         -5.750
     401 402 409            11.500         11.500
     407 402 409            11.500         11.500
     403 406 414            11.500         11.500
     404 405 415             4.300          7.200
     415 405 415             4.300          7.200
     401 404 411            18.700         18.700
     413 406 414            11.500         11.500

 Additional Out-of-Plane Bend Parameters :

     Atom Classes                   K(OPB)

     401 403   0   0                14.400
     401 404   0   0                14.400
     403 406   0   0               107.910
     404 405   0   0                71.940
     405 404   0   0               107.910
     406 403   0   0                71.940
     411 404   0   0               122.298
     412 403   0   0                 5.755
     413 406   0   0               122.298
     414 406   0   0               140.283
     415 405   0   0                 5.755

 Additional Torsional Parameters :

     Atom Classes     1-Fold    2-Fold    3-Fold    4-Fold    5-Fold    6-Fold

   403 401 404 405   0.00   0  0.00 180  0.00   0  0.00   0  0.00   0  0.00   0
   403 401 404 411   0.00   0  0.00 180  0.00   0  0.00   0  0.00   0  0.00   0
   403 401 402 409   0.00   0  0.00 180  0.00   0  0.00   0  0.00   0  0.00   0
   403 401 402 407   0.00   0  0.00 180  0.00   0  0.00   0  0.00   0  0.00   0
   410 401 403 412   0.00   0  0.00 180  0.00   0  0.00   0  0.00   0  0.00   0
   404 401 403 412   0.00   0  0.00 180  0.00   0  0.00   0  0.00   0  0.00   0
   402 401 403 412   0.00   0  0.00 180  0.00   0  0.00   0  0.00   0  0.00   0
   412 403 406 413   0.00   0  0.00 180  0.00   0  0.00   0  0.00   0  0.00   0
   412 403 406 414   0.00   0  0.00 180  0.00   0  0.00   0  0.00   0  0.00   0
   401 404 405 415   0.00   0  1.20 180  0.80   0  0.00   0  0.00   0  0.00   0
   401 402 407 408   0.00   0  0.00 180  0.00   0  0.00   0  0.00   0  0.00   0
   401 403 406 413   0.00   0  0.00 180  0.00   0  0.00   0  0.00   0  0.00   0
   401 403 406 414   0.00   0  0.00 180  0.00   0  0.00   0  0.00   0  0.00   0
   410 401 404 405   0.00   0  0.00 180  0.00   0  0.00   0  0.00   0  0.00   0
   410 401 404 411   0.00   0  0.00 180  0.00   0  0.00   0  0.00   0  0.00   0
   410 401 402 409   0.00   0  0.00 180  0.00   0  0.00   0  0.00   0  0.00   0
   410 401 402 407   0.00   0  0.00 180  0.00   0  0.00   0  0.00   0  0.00   0
   410 401 403 406   0.00   0  0.00 180  0.00   0  0.00   0  0.00   0  0.00   0
   404 401 402 409   0.00   0  0.00 180  0.00   0  0.00   0  0.00   0  0.00   0
   404 401 402 407   0.00   0  0.00 180  0.00   0  0.00   0  0.00   0  0.00   0
   404 401 403 406   0.00   0  0.00 180  0.00   0  0.00   0  0.00   0  0.00   0
   411 404 405 415   0.00   0  0.00 180  0.00   0  0.00   0  0.00   0  0.00   0
   402 401 404 411   0.00   0  0.00 180  0.00   0  0.00   0  0.00   0  0.00   0
   402 401 404 405   0.00   0  0.00 180  0.00   0  0.00   0  0.00   0  0.00   0
   402 401 403 406   0.00   0  0.00 180  0.00   0  0.00   0  0.00   0  0.00   0
   402 407 408 416   0.00   0  0.00 180  0.50   0  0.00   0  0.00   0  0.00   0
   409 402 407 408   0.00   0  0.00 180  0.00   0  0.00   0  0.00   0  0.00   0

 Additional Pi-Orbital Torsion Parameters :

     Atom Classes       2-Fold

       404 405           6.850
       403 406           6.850

 Additional van der Waals Parameters :

     Atom Class               Size        Epsilon        Reduction

         403                3.7100         0.1100          0.000
         412                2.5900         0.0220          0.900
         401                3.6500         0.1010          0.000
         410                2.8800         0.0240          0.910
         404                3.8200         0.1060          0.000
         411                3.3000         0.1120          0.000
         402                3.7800         0.1060          0.000
         407                4.0050         0.3550          0.000
         408                3.7800         0.1060          0.000
         416                3.7100         0.1050          0.000
         409                2.8700         0.0330          0.900
         406                3.8200         0.1060          0.000
         413                3.3000         0.1120          0.000
         405                3.7100         0.1100          0.000
         414                2.9200         0.0300          0.920
         415                2.5900         0.0220          0.900

 Additional Atomic Multipole Parameters :

     Atom Type     Coordinate Frame Definition         Multipole Moments

         401      403    404      0   Z-then-X    -0.27040
                                                  -0.22190  0.00000  0.26102
                                                  -0.17903
                                                   0.00000 -0.24517
                                                   0.13675  0.00000  0.42420

         402      407    401      0   Z-then-X    -0.16380
                                                   0.27778  0.00000 -0.20334
                                                   0.30211
                                                   0.00000 -0.49081
                                                  -0.33263  0.00000  0.18870

         403      406    401      0   Z-then-X    -0.06286
                                                   0.37348  0.00000 -0.12295
                                                   0.79149
                                                   0.00000 -1.08676
                                                  -0.63736  0.00000  0.29527

         404      411    405      0   Z-then-X     0.97419
                                                  -0.10999  0.00000  0.25580
                                                   0.38321
                                                   0.00000 -0.33696
                                                  -0.17133  0.00000 -0.04625

         405      404    415      0   Z-then-X    -0.32376
                                                   0.05823  0.00000 -0.07138
                                                   0.32176
                                                   0.00000 -0.38869
                                                  -0.03945  0.00000  0.06693

         406      413    403      0   Z-then-X     0.63075
                                                   0.40149  0.00000  0.25741
                                                  -0.01797
                                                   0.00000  0.01503
                                                   0.00873  0.00000  0.00294

         407      408    402      0   Z-then-X     0.34019
                                                   0.47821  0.00000  0.49978
                                                   1.11919
                                                   0.00000 -2.31639
                                                  -0.50667  0.00000  1.19720

         408      407    416      0   Z-then-X     0.21608
                                                   0.00820  0.00000 -0.28509
                                                   0.05369
                                                   0.00000  0.10740
                                                   0.05156  0.00000 -0.16109

         409      402    407      0   Z-then-X     0.09933
                                                   0.00064  0.00000 -0.16410
                                                   0.07960
                                                   0.00000  0.07569
                                                  -0.01944  0.00000 -0.15529

         410      401    403      0   Z-then-X     0.10718
                                                  -0.02083  0.00000 -0.03604
                                                  -0.03187
                                                   0.00000  0.01466
                                                  -0.01392  0.00000  0.01721

         411      404    405      0   Z-then-X    -0.77613
                                                   0.13027  0.00000 -0.18830
                                                  -0.53109
                                                   0.00000  0.25725
                                                   0.21601  0.00000  0.27384

         412      403    401      0   Z-then-X     0.11911
                                                   0.01244  0.00000 -0.25689
                                                   0.04573
                                                   0.00000  0.01640
                                                  -0.00301  0.00000 -0.06213

         413      406    403      0   Z-then-X    -0.66614
                                                  -0.21394  0.00000 -0.03273
                                                  -0.49754
                                                   0.00000  0.12402
                                                  -0.24547  0.00000  0.37352

         414      406    413      0   Z-then-X    -0.02624
                                                   0.07068  0.00000 -0.22870
                                                   0.12255
                                                   0.00000  0.03666
                                                   0.03118  0.00000 -0.15921

         415      405    404      0   Z-then-X     0.13248
                                                   0.00045  0.00000 -0.38308
                                                   0.28470
                                                   0.00000  0.12111
                                                   0.01221  0.00000 -0.40581

         416      408    407      0   Z-then-X    -0.56179
                                                   0.01684  0.00000 -0.29231
                                                   0.37390
                                                   0.00000  0.24558
                                                   0.00671  0.00000 -0.61948

 Additional Atomic Dipole Polarizability Parameters :

     Atom Type           Alpha       Thole     Group Atom Types

         403             1.073       0.390         412  401  406
         412             0.496       0.390         403
         401             1.334       0.390         403  410  404  402
         410             0.496       0.390         401
         404             1.334       0.390         401  411  405
         411             0.837       0.390         404
         402             1.334       0.390         401  407  409
         407             3.300       0.390         402  408
         408             1.334       0.390         407  416
         416             1.073       0.390         408
         409             0.496       0.390         402
         406             1.334       0.390         403  413  414
         413             0.837       0.390         406
         405             1.073       0.390         404  415
         414             0.494       0.390         406
         415             0.496       0.390         405

 Limited Memory BFGS Quasi-Newton Optimization :

 QN Iter     F Value      G RMS      F Move   X Move   Angle  FG Call  Comment

     0      -24.1412    61.3262                                   1
     1      -28.6031    45.1298      4.4620   0.0097    0.00      3    Success 
     2      -30.7125    28.0167      2.1094   0.0045   32.23      4    Success 
     3      -31.9578    19.4266      1.2453   0.0057   34.84      5    Success 
     4      -32.5795    14.9890      0.6217   0.0038   45.14      6    Success 
     5      -33.1122    11.2619      0.5328   0.0043   50.48      7    Success 
     6      -33.7316    10.0699      0.6193   0.0065   47.96      8    Success 
     7      -33.9984    20.0661      0.2669   0.0109   52.52      9    Success 
     8      -34.3731     9.0033      0.3747   0.0017   28.08     10    Success 
     9      -34.5400     5.1385      0.1669   0.0018   29.93     11    Success 
    10      -34.6401     5.9428      0.1000   0.0019   46.12     12    Success 
    11      -34.8048     6.2103      0.1647   0.0036   58.68     13    Success 
    12      -35.0494     6.0799      0.2446   0.0068   64.23     14    Success 
    13      -35.1225     6.3885      0.0732   0.0033   67.60     16    Success 
    14      -35.2247     3.1525      0.1021   0.0046   74.01     17    Success 
    15      -35.2733     2.0825      0.0487   0.0032   66.17     18    Success 
    16      -35.3063     2.5050      0.0329   0.0022   58.21     19    Success 
    17      -35.3410     4.2642      0.0347   0.0033   63.35     20    Success 
    18      -35.3779     2.2128      0.0369   0.0025   71.61     21    Success 
    19      -35.3990     1.6676      0.0212   0.0013   57.87     22    Success 
    20      -35.4257     2.0970      0.0266   0.0023   55.74     23    Success 
    21      -35.4487     2.2059      0.0230   0.0027   70.57     24    Success 
    22      -35.4720     2.1140      0.0233   0.0038   73.72     25    Success 
    23      -35.4893     2.0649      0.0173   0.0019   68.83     26    Success 
    24      -35.5034     1.8877      0.0142   0.0016   67.07     27    Success 
    25      -35.5135     3.1943      0.0100   0.0016   68.19     28    Success 
    26      -35.5249     1.8716      0.0115   0.0011   75.96     29    Success 
    27      -35.5396     1.6321      0.0147   0.0023   72.79     30    Success 
    28      -35.5478     1.7038      0.0082   0.0016   77.29     31    Success 
    29      -35.5596     1.8244      0.0118   0.0023   76.65     32    Success 
    30      -35.5722     1.6003      0.0125   0.0033   77.35     33    Success 
    31      -35.5796     1.0432      0.0074   0.0010   68.90     34    Success 
    32      -35.5862     1.1819      0.0066   0.0009   56.66     35    Success 
    33      -35.5946     1.2671      0.0084   0.0015   68.52     36    Success 
    34      -35.6016     2.1024      0.0070   0.0026   73.63     37    Success 
    35      -35.6095     1.0237      0.0079   0.0012   76.01     38    Success 
    36      -35.6160     1.0892      0.0065   0.0015   71.01     39    Success 
    37      -35.6224     1.3143      0.0065   0.0017   75.45     40    Success 
    38      -35.6264     2.9647      0.0040   0.0024   77.14     41    Success 
    39      -35.6318     1.2158      0.0053   0.0006   75.79     42    Success 
    40      -35.6341     0.8108      0.0023   0.0004   69.13     43    Success 
    41      -35.6357     0.6848      0.0016   0.0003   62.91     44    Success 
    42      -35.6381     0.8086      0.0025   0.0007   69.72     45    Success 
    43      -35.6417     1.1403      0.0035   0.0010   70.63     46    Success 
    44      -35.6461     0.8112      0.0044   0.0021   80.49     47    Success 
    45      -35.6488     1.2552      0.0027   0.0016   77.22     48    Success 
    46      -35.6512     0.6425      0.0024   0.0007   76.21     49    Success 
    47      -35.6526     0.7002      0.0013   0.0004   59.07     50    Success 
    48      -35.6533     0.7164      0.0008   0.0004   69.80     51    Success 
    49      -35.6540     0.4551      0.0007   0.0002   66.91     52    Success 
    50      -35.6549     0.4067      0.0009   0.0005   70.18     53    Success 
    51      -35.6556     0.4382      0.0007   0.0004   72.90     54    Success 
    52      -35.6568     0.4496      0.0012   0.0006   71.49     55    Success 
    53      -35.6580     0.8773      0.0012   0.0009   71.68     56    Success 
    54      -35.6593     0.4305      0.0013   0.0009   80.66     57    Success 
    55      -35.6599     0.2900      0.0005   0.0003   67.70     58    Success 
    56      -35.6604     0.2764      0.0005   0.0003   57.79     59    Success 
    57      -35.6611     0.3064      0.0006   0.0004   64.96     60    Success 
    58      -35.6613     0.5490      0.0002   0.0007   72.65     61    Success 
    59      -35.6616     0.3084      0.0003   0.0001   50.90     62    Success 
    60      -35.6618     0.2602      0.0002   0.0001   48.87     63    Success 
    61      -35.6619     0.3169      0.0001   0.0001   63.46     64    Success 
    62      -35.6620     0.2870      0.0001   0.0001   75.59     65    Success 
    63      -35.6623     0.2444      0.0003   0.0002   75.35     66    Success 
    64      -35.6627     0.1999      0.0004   0.0004   73.12     67    Success 
    65      -35.6631     0.3771      0.0004   0.0008   72.88     68    Success 
    66      -35.6633     0.3185      0.0002   0.0005   78.42     69    Success 
    67      -35.6634     0.1547      0.0001   0.0002   79.34     70    Success 
    68      -35.6634     0.0820      0.0000   0.0001   70.87     71    Success 
    69      -35.6635     0.0907      0.0000   0.0001   52.74     72    Success 
    70      -35.6635     0.2788      0.0000   0.0001   61.05     73    Success 
    71      -35.6635     0.2121      0.0000   0.0000   77.29     74    Success 
    72      -35.6635     0.1171      0.0000   0.0001   78.30     75    Success 
    73      -35.6636     0.0918      0.0000   0.0001   74.64     76    Success 
    74      -35.6636     0.1385      0.0000   0.0001   76.57     77    Success 
    75      -35.6636     0.1345      0.0000   0.0001   80.46     78    Success 
    76      -35.6637     0.1916      0.0000   0.0001   79.33     80    Success 
    77      -35.6637     0.1220      0.0000   0.0001   81.37     81    Success 
    78      -35.6637     0.0718      0.0000   0.0001   75.22     82    Success 
    79      -35.6637     0.0892      0.0000   0.0000   68.19     83    Success 
    80      -35.6638     0.0947      0.0000   0.0001   72.58     84    Success 
    81      -35.6638     0.1252      0.0000   0.0001   75.09     85    Success 
    82      -35.6638     0.1623      0.0000   0.0001   79.44     87    Success 
    83      -35.6639     0.0968      0.0000   0.0001   82.85     88    Success 
    84      -35.6639     0.0559      0.0000   0.0001   80.22     89    Success 
    85      -35.6639     0.0585      0.0000   0.0001   72.14     90    Success 
    86      -35.6639     0.0752      0.0000   0.0001   70.78     91    Success 
    87      -35.6639     0.0746      0.0000   0.0001   75.02     92    Success 
    88      -35.6640     0.0492      0.0000   0.0001   73.14     93    Success 
    89      -35.6640     0.0420      0.0000   0.0000   65.06     94    Success 
    90      -35.6640     0.0322      0.0000   0.0000   66.62     95    Success 
    91      -35.6640     0.0336      0.0000   0.0000   62.02     96    Success 
    92      -35.6640     0.0292      0.0000   0.0000   72.15     97    Success 
    93      -35.6640     0.0170      0.0000   0.0000   72.83     98    Success 
    94      -35.6640     0.0153      0.0000   0.0000   57.50     99    Success 
    95      -35.6640     0.0157      0.0000   0.0000   59.88    100    Success 
    96      -35.6640     0.0284      0.0000   0.0000   65.65    101    Success 
    97      -35.6640     0.0107      0.0000   0.0000   78.24    102    Success 
    98      -35.6640     0.0083      0.0000   0.0000   66.95    103    Success 
    99      -35.6640     0.0110      0.0000   0.0000   63.12    104    Success 
   100      -35.6640     0.0130      0.0000   0.0000   70.94    105    Success 
   101      -35.6640     0.0178      0.0000   0.0000   73.41    107    Success 
   102      -35.6640     0.0098      0.0000   0.0000   80.89    108    Success 
   103      -35.6640     0.0053      0.0000   0.0000   73.51    109    Success 
   104      -35.6640     0.0052      0.0000   0.0000   59.18    110    Success 
   105      -35.6640     0.0191      0.0000   0.0000   65.10    111    Success 
   106      -35.6640     0.0158      0.0000   0.0000   65.11    112    Success 
   107      -35.6640     0.0098      0.0000   0.0000   73.22    113    Success 
   108      -35.6640     0.0041      0.0000   0.0000   74.54    114    Success 
   109      -35.6640     0.0044      0.0000   0.0000   74.96    115    Success 
   110      -35.6640     0.0042      0.0000   0.0000   69.44    116    Success 
   111      -35.6640     0.0039      0.0000   0.0000   65.79    117    Success 
   112      -35.6640     0.0035      0.0000   0.0000   64.58    118    Success 
   113      -35.6640     0.0060      0.0000   0.0000   67.63    119    Success 
   114      -35.6640     0.0044      0.0000   0.0000   75.50    120    Success 
   115      -35.6640     0.0027      0.0000   0.0000   65.23    121    Success 
   116      -35.6640     0.0028      0.0000   0.0000   60.83    122    Success 
   117      -35.6640     0.0031      0.0000   0.0000   69.54    123    Success 
   118      -35.6640     0.0048      0.0000   0.0000   76.27    124    Success 
   119      -35.6640     0.0039      0.0000   0.0000   79.70    125    Success 
   120      -35.6640     0.0020      0.0000   0.0000   70.35    126    Success 
   121      -35.6640     0.0025      0.0000   0.0000   62.17    127    Success 
   122      -35.6640     0.0028      0.0000   0.0000   72.29    128    Success 
   123      -35.6640     0.0040      0.0000   0.0000   75.72    129    Success 
   124      -35.6640     0.0017      0.0000   0.0000   79.98    130    Success 
   125      -35.6640     0.0015      0.0000   0.0000   69.82    131    Success 
   126      -35.6640     0.0025      0.0000   0.0000   67.95    132    Success 
   127      -35.6640     0.0015      0.0000   0.0000   75.37    133    Success 
   128      -35.6640     0.0014      0.0000   0.0000   72.90    134    Success 
   129      -35.6640     0.0049      0.0000   0.0000   74.30    135    Success 
   130      -35.6640     0.0018      0.0000   0.0000   82.72    136    Success 
   131      -35.6640     0.0013      0.0000   0.0000   67.63    137    Success 
   132      -35.6640     0.0015      0.0000   0.0000   69.00    138    Success 
   133      -35.6640     0.0017      0.0000   0.0000   74.75    139    Success 
   134      -35.6640     0.0014      0.0000   0.0000   77.18    140    Success 
   135      -35.6640     0.0015      0.0000   0.0000   74.96    142    Success 
   136      -35.6640     0.0007      0.0000   0.0000   78.84    143   SmallGrad

 LBFGS  --  Normal Termination due to SmallGrad

 Final Function Value :          -35.6640
 Final RMS Gradient :              0.0007
 Final Gradient Norm :             0.0030
