
     ######################################################################
   ##########################################################################
  ###                                                                      ###
 ###            Tinker  ---  Software Tools for Molecular Design            ###
 ##                                                                          ##
 ##                          Version 8.7  June 2019                          ##
 ##                                                                          ##
 ##               Copyright (c)  Jay William Ponder  1990-2019               ##
 ###                           All Rights Reserved                          ###
  ###                                                                      ###
   ##########################################################################
     ######################################################################


 Additional Atom Definition Parameters :

     Type  Class  Symbol  Description               Atomic    Mass   Valence

     403    403     N     ModifiedRes                  7     14.007     3
     412    412     H     ModifiedRes                  1      1.008     1
     401    401     C     ModifiedRes                  6     12.011     4
     410    410     H     ModifiedRes                  1      1.008     1
     404    404     C     ModifiedRes                  6     12.011     3
     411    411     O     ModifiedRes                  8     15.999     1
     402    402     C     ModifiedRes                  6     12.011     4
     407    407     S     ModifiedRes                 16     32.066     2
     408    408     C     ModifiedRes                  6     12.011     2
     416    416     N     ModifiedRes                  7     14.007     1
     409    409     H     ModifiedRes                  1      1.008     1
     406    406     C     ModifiedRes                  6     12.011     3
     413    413     O     ModifiedRes                  8     15.999     1
     405    405     N     ModifiedRes                  7     14.007     3
     414    414     H     ModifiedRes                  1      1.008     1
     415    415     H     ModifiedRes                  1      1.008     1

 Additional Bond Stretching Parameters :

     Atom Classes             K(S)         Length

       401 403             374.800         1.4589
       403 406             482.000         1.3610
       403 412             542.000         1.0150
       401 410             341.000         1.0957
       401 404             345.300         1.5388
       401 402             345.300         1.5181
       404 405             482.000         1.3572
       404 411             705.000         1.2314
       402 409             395.500         1.0914
       402 407             235.800         1.8318
       407 408             235.800         1.6971
       408 416             450.000         1.1861
       406 413             705.000         1.2330
       406 414             356.400         1.1017
       405 415             542.000         1.0125

 Additional Angle Bending Parameters :

     Atom Classes             K(B)          Angle

     403 406 413            60.000        124.094
     401 403 412            35.000        118.942
     406 403 412            35.000        118.838
     401 404 405            70.000        113.359
     401 404 411            80.000        121.700
     401 402 407            53.200        108.210
     401 403 406            50.000        121.364
     404 401 410            38.000        109.343
     402 401 410            38.000        110.332
     403 401 410            50.600        106.311
     402 401 404            60.000        109.451
     403 401 404            80.000        110.698
     402 401 403            80.000        110.661
     402 407 408            60.430         97.779
     407 408 416            60.000        178.379
     409 402 409            39.570        108.414
     401 402 409            42.440        109.507
     407 402 409            60.240        109.536
     405 404 411            60.000        124.942
     413 406 414            68.340        122.634
     403 406 414            31.650        113.263
     415 405 415            22.300        119.362
     404 405 415            35.000        117.511

 Additional Stretch-Bend Parameters :

     Atom Classes          K(SB)-1        K(SB)-2

     401 403 412             4.300          7.200
     406 403 412             4.300          7.200
     401 404 405            18.700         18.700
     401 402 407            18.700         18.700
     401 403 406             7.200          7.200
     404 401 410            11.500         18.700
     402 401 410            11.500         18.700
     403 401 410            11.500         11.500
     402 401 404            18.700         18.700
     403 401 404            18.700         18.700
     402 401 403            18.700         18.700
     402 407 408            -5.750         -5.750
     401 402 409            11.500         11.500
     407 402 409            11.500         11.500
     403 406 414            11.500         11.500
     404 405 415             4.300          7.200
     415 405 415             4.300          7.200
     401 404 411            18.700         18.700
     413 406 414            11.500         11.500

 Additional Out-of-Plane Bend Parameters :

     Atom Classes                   K(OPB)

     401 403   0   0                14.400
     401 404   0   0                14.400
     403 406   0   0               107.910
     404 405   0   0                71.940
     405 404   0   0               107.910
     406 403   0   0                71.940
     411 404   0   0               122.298
     412 403   0   0                 5.755
     413 406   0   0               122.298
     414 406   0   0               140.283
     415 405   0   0                 5.755

 Additional Torsional Parameters :

     Atom Classes     1-Fold    2-Fold    3-Fold    4-Fold    5-Fold    6-Fold

   403 401 404 405   0.00   0  0.00 180  0.00   0  0.00   0  0.00   0  0.00   0
   403 401 404 411   0.00   0  0.00 180  0.00   0  0.00   0  0.00   0  0.00   0
   403 401 402 409   0.00   0  0.00 180  0.00   0  0.00   0  0.00   0  0.00   0
   403 401 402 407   0.00   0  0.00 180  0.00   0  0.00   0  0.00   0  0.00   0
   410 401 403 412   0.00   0  0.00 180  0.00   0  0.00   0  0.00   0  0.00   0
   404 401 403 412   0.00   0  0.00 180  0.00   0  0.00   0  0.00   0  0.00   0
   402 401 403 412   0.00   0  0.00 180  0.00   0  0.00   0  0.00   0  0.00   0
   412 403 406 413   0.00   0  0.00 180  0.00   0  0.00   0  0.00   0  0.00   0
   412 403 406 414   0.00   0  0.00 180  0.00   0  0.00   0  0.00   0  0.00   0
   401 404 405 415   0.00   0  1.20 180  0.80   0  0.00   0  0.00   0  0.00   0
   401 402 407 408   0.00   0  0.00 180  0.00   0  0.00   0  0.00   0  0.00   0
   401 403 406 413   0.00   0  0.00 180  0.00   0  0.00   0  0.00   0  0.00   0
   401 403 406 414   0.00   0  0.00 180  0.00   0  0.00   0  0.00   0  0.00   0
   410 401 404 405   0.00   0  0.00 180  0.00   0  0.00   0  0.00   0  0.00   0
   410 401 404 411   0.00   0  0.00 180  0.00   0  0.00   0  0.00   0  0.00   0
   410 401 402 409   0.00   0  0.00 180  0.00   0  0.00   0  0.00   0  0.00   0
   410 401 402 407   0.00   0  0.00 180  0.00   0  0.00   0  0.00   0  0.00   0
   410 401 403 406   0.00   0  0.00 180  0.00   0  0.00   0  0.00   0  0.00   0
   404 401 402 409   0.00   0  0.00 180  0.00   0  0.00   0  0.00   0  0.00   0
   404 401 402 407   0.00   0  0.00 180  0.00   0  0.00   0  0.00   0  0.00   0
   404 401 403 406   0.00   0  0.00 180  0.00   0  0.00   0  0.00   0  0.00   0
   411 404 405 415   0.00   0  0.00 180  0.00   0  0.00   0  0.00   0  0.00   0
   402 401 404 411   0.00   0  0.00 180  0.00   0  0.00   0  0.00   0  0.00   0
   402 401 404 405   0.00   0  0.00 180  0.00   0  0.00   0  0.00   0  0.00   0
   402 401 403 406   0.00   0  0.00 180  0.00   0  0.00   0  0.00   0  0.00   0
   402 407 408 416   0.00   0  0.00 180  0.50   0  0.00   0  0.00   0  0.00   0
   409 402 407 408   0.00   0  0.00 180  0.00   0  0.00   0  0.00   0  0.00   0

 Additional Pi-Orbital Torsion Parameters :

     Atom Classes       2-Fold

       404 405           6.850
       403 406           6.850

 Additional van der Waals Parameters :

     Atom Class               Size        Epsilon        Reduction

         403                3.7100         0.1100          0.000
         412                2.5900         0.0220          0.900
         401                3.6500         0.1010          0.000
         410                2.8800         0.0240          0.910
         404                3.8200         0.1060          0.000
         411                3.3000         0.1120          0.000
         402                3.7800         0.1060          0.000
         407                4.0050         0.3550          0.000
         408                3.7800         0.1060          0.000
         416                3.7100         0.1050          0.000
         409                2.8700         0.0330          0.900
         406                3.8200         0.1060          0.000
         413                3.3000         0.1120          0.000
         405                3.7100         0.1100          0.000
         414                2.9200         0.0300          0.920
         415                2.5900         0.0220          0.900

 Additional Atomic Multipole Parameters :

     Atom Type     Coordinate Frame Definition         Multipole Moments

         401      403    404      0   Z-then-X    -0.27040
                                                  -0.22190  0.00000  0.26102
                                                  -0.17903
                                                   0.00000 -0.24517
                                                   0.13675  0.00000  0.42420

         402      407    401      0   Z-then-X    -0.16380
                                                   0.27778  0.00000 -0.20334
                                                   0.30211
                                                   0.00000 -0.49081
                                                  -0.33263  0.00000  0.18870

         403      406    401      0   Z-then-X    -0.06286
                                                   0.37348  0.00000 -0.12295
                                                   0.79149
                                                   0.00000 -1.08676
                                                  -0.63736  0.00000  0.29527

         404      411    405      0   Z-then-X     0.97419
                                                  -0.10999  0.00000  0.25580
                                                   0.38321
                                                   0.00000 -0.33696
                                                  -0.17133  0.00000 -0.04625

         405      404    415      0   Z-then-X    -0.32376
                                                   0.05823  0.00000 -0.07138
                                                   0.32176
                                                   0.00000 -0.38869
                                                  -0.03945  0.00000  0.06693

         406      413    403      0   Z-then-X     0.63075
                                                   0.40149  0.00000  0.25741
                                                  -0.01797
                                                   0.00000  0.01503
                                                   0.00873  0.00000  0.00294

         407      408    402      0   Z-then-X     0.34019
                                                   0.47821  0.00000  0.49978
                                                   1.11919
                                                   0.00000 -2.31639
                                                  -0.50667  0.00000  1.19720

         408      407    416      0   Z-then-X     0.21608
                                                   0.00820  0.00000 -0.28509
                                                   0.05369
                                                   0.00000  0.10740
                                                   0.05156  0.00000 -0.16109

         409      402    407      0   Z-then-X     0.09933
                                                   0.00064  0.00000 -0.16410
                                                   0.07960
                                                   0.00000  0.07569
                                                  -0.01944  0.00000 -0.15529

         410      401    403      0   Z-then-X     0.10718
                                                  -0.02083  0.00000 -0.03604
                                                  -0.03187
                                                   0.00000  0.01466
                                                  -0.01392  0.00000  0.01721

         411      404    405      0   Z-then-X    -0.77613
                                                   0.13027  0.00000 -0.18830
                                                  -0.53109
                                                   0.00000  0.25725
                                                   0.21601  0.00000  0.27384

         412      403    401      0   Z-then-X     0.11911
                                                   0.01244  0.00000 -0.25689
                                                   0.04573
                                                   0.00000  0.01640
                                                  -0.00301  0.00000 -0.06213

         413      406    403      0   Z-then-X    -0.66614
                                                  -0.21394  0.00000 -0.03273
                                                  -0.49754
                                                   0.00000  0.12402
                                                  -0.24547  0.00000  0.37352

         414      406    413      0   Z-then-X    -0.02624
                                                   0.07068  0.00000 -0.22870
                                                   0.12255
                                                   0.00000  0.03666
                                                   0.03118  0.00000 -0.15921

         415      405    404      0   Z-then-X     0.13248
                                                   0.00045  0.00000 -0.38308
                                                   0.28470
                                                   0.00000  0.12111
                                                   0.01221  0.00000 -0.40581

         416      408    407      0   Z-then-X    -0.56179
                                                   0.01684  0.00000 -0.29231
                                                   0.37390
                                                   0.00000  0.24558
                                                   0.00671  0.00000 -0.61948

 Additional Atomic Dipole Polarizability Parameters :

     Atom Type           Alpha       Thole     Group Atom Types

         403             1.073       0.390         412  401  406
         412             0.496       0.390         403
         401             1.334       0.390         403  410  404  402
         410             0.496       0.390         401
         404             1.334       0.390         401  411  405
         411             0.837       0.390         404
         402             1.334       0.390         401  407  409
         407             3.300       0.390         402  408
         408             1.334       0.390         407  416
         416             1.073       0.390         408
         409             0.496       0.390         402
         406             1.334       0.390         403  413  414
         413             0.837       0.390         406
         405             1.073       0.390         404  415
         414             0.494       0.390         406
         415             0.496       0.390         405

 Limited Memory BFGS Quasi-Newton Optimization :

 QN Iter     F Value      G RMS      F Move   X Move   Angle  FG Call  Comment

     0      -28.3442    55.7887                                   1
     1      -30.3955    36.1854      2.0513   0.0039    0.00      3    Success 
     2      -31.5457    28.7326      1.1502   0.0024   33.86      4    Success 
     3      -33.2674    16.8390      1.7217   0.0055   36.31      5    Success 
     4      -34.2393    20.9198      0.9719   0.0092   34.24      6    Success 
     5      -34.7062    12.3083      0.4669   0.0039   52.82      7    Success 
     6      -34.9384     8.5055      0.2322   0.0017   42.56      8    Success 
     7      -35.2414     4.3329      0.3030   0.0042   43.08      9    Success 
     8      -35.3527     4.8828      0.1113   0.0034   45.38     10    Success 
     9      -35.4282     5.2935      0.0755   0.0034   59.02     11    Success 
    10      -35.5081     4.1535      0.0799   0.0019   58.80     12    Success 
    11      -35.6351     3.6573      0.1270   0.0038   55.75     13    Success 
    12      -35.7884     4.0885      0.1534   0.0078   60.44     14    Success 
    13      -35.8233     3.3522      0.0349   0.0026   68.52     16    Success 
    14      -35.8507     2.7551      0.0274   0.0019   70.34     17    Success 
    15      -35.8679     6.2362      0.0172   0.0027   66.06     18    Success 
    16      -35.8902     2.9145      0.0223   0.0008   66.74     19    Success 
    17      -35.9070     2.5180      0.0168   0.0007   54.42     20    Success 
    18      -35.9296     2.4250      0.0226   0.0017   65.04     21    Success 
    19      -35.9573     2.3944      0.0277   0.0023   69.41     22    Success 
    20      -35.9934     3.0583      0.0361   0.0041   71.57     23    Success 
    21      -36.0362     2.1950      0.0427   0.0055   76.23     24    Success 
    22      -36.0638     1.7921      0.0277   0.0028   70.41     25    Success 
    23      -36.0856     2.7645      0.0218   0.0042   66.04     26    Success 
    24      -36.0909     1.9896      0.0053   0.0004   57.66     28    Success 
    25      -36.0959     1.1223      0.0050   0.0009   76.75     29    Success 
    26      -36.0998     0.8392      0.0039   0.0004   50.89     30    Success 
    27      -36.1056     0.9294      0.0057   0.0010   58.17     31    Success 
    28      -36.1099     2.1192      0.0043   0.0017   68.11     32    Success 
    29      -36.1149     1.0730      0.0050   0.0010   77.19     33    Success 
    30      -36.1176     0.8688      0.0027   0.0004   64.26     34    Success 
    31      -36.1210     0.7805      0.0034   0.0007   64.86     35    Success 
    32      -36.1238     0.6522      0.0028   0.0008   69.65     36    Success 
    33      -36.1251     0.8268      0.0013   0.0006   67.90     38    Success 
    34      -36.1266     0.4348      0.0015   0.0005   72.16     39    Success 
    35      -36.1277     0.4677      0.0010   0.0004   61.10     40    Success 
    36      -36.1293     0.6026      0.0016   0.0006   65.09     41    Success 
    37      -36.1314     0.8317      0.0021   0.0010   73.02     42    Success 
    38      -36.1336     0.6609      0.0021   0.0014   78.55     43    Success 
    39      -36.1348     0.5576      0.0012   0.0005   69.48     44    Success 
    40      -36.1361     0.4841      0.0012   0.0004   61.42     45    Success 
    41      -36.1373     0.5698      0.0013   0.0005   67.62     46    Success 
    42      -36.1393     0.6386      0.0020   0.0010   75.47     47    Success 
    43      -36.1417     0.9314      0.0023   0.0017   78.33     48    Success 
    44      -36.1444     0.6200      0.0027   0.0021   82.46     49    Success 
    45      -36.1458     0.8446      0.0015   0.0010   77.44     50    Success 
    46      -36.1471     0.6571      0.0013   0.0009   79.19     51    Success 
    47      -36.1481     0.5761      0.0010   0.0002   63.35     52    Success 
    48      -36.1496     0.5145      0.0015   0.0006   69.96     53    Success 
    49      -36.1518     0.4803      0.0022   0.0013   75.26     54    Success 
    50      -36.1525     0.7057      0.0007   0.0008   78.67     56    Success 
    51      -36.1535     0.4161      0.0010   0.0010   84.10     57    Success 
    52      -36.1542     0.3029      0.0007   0.0009   80.90     58    Success 
    53      -36.1547     0.4958      0.0006   0.0007   74.78     59    Success 
    54      -36.1552     0.3231      0.0005   0.0002   68.49     60    Success 
    55      -36.1559     0.2848      0.0007   0.0004   61.03     61    Success 
    56      -36.1562     0.2835      0.0003   0.0003   70.32     62    Success 
    57      -36.1565     0.2070      0.0003   0.0004   75.91     63    Success 
    58      -36.1567     0.1597      0.0002   0.0003   74.58     64    Success 
    59      -36.1570     0.1798      0.0003   0.0004   68.84     65    Success 
    60      -36.1571     0.3106      0.0001   0.0002   68.18     67    Success 
    61      -36.1573     0.1743      0.0002   0.0002   77.50     68    Success 
    62      -36.1574     0.1047      0.0001   0.0001   68.57     69    Success 
    63      -36.1575     0.1281      0.0001   0.0001   58.89     70    Success 
    64      -36.1576     0.1515      0.0001   0.0002   67.44     71    Success 
    65      -36.1577     0.1588      0.0001   0.0003   73.37     72    Success 
    66      -36.1578     0.2378      0.0001   0.0004   76.80     73    Success 
    67      -36.1579     0.0869      0.0001   0.0001   61.04     74    Success 
    68      -36.1579     0.1010      0.0000   0.0000   48.42     75    Success 
    69      -36.1579     0.0921      0.0000   0.0001   74.07     76    Success 
    70      -36.1580     0.0728      0.0000   0.0001   71.79     77    Success 
    71      -36.1580     0.0581      0.0000   0.0001   70.00     78    Success 
    72      -36.1580     0.1264      0.0000   0.0002   68.51     79    Success 
    73      -36.1581     0.0774      0.0000   0.0001   79.22     80    Success 
    74      -36.1581     0.0593      0.0000   0.0001   65.18     81    Success 
    75      -36.1581     0.0528      0.0000   0.0001   60.47     82    Success 
    76      -36.1581     0.0450      0.0000   0.0001   66.27     84    Success 
    77      -36.1581     0.0296      0.0000   0.0000   69.86     85    Success 
    78      -36.1582     0.0294      0.0000   0.0000   62.76     86    Success 
    79      -36.1582     0.0436      0.0000   0.0000   65.27     87    Success 
    80      -36.1582     0.0204      0.0000   0.0000   66.98     88    Success 
    81      -36.1582     0.0200      0.0000   0.0000   54.04     89    Success 
    82      -36.1582     0.0252      0.0000   0.0000   60.89     90    Success 
    83      -36.1582     0.0247      0.0000   0.0000   70.35     91    Success 
    84      -36.1582     0.0156      0.0000   0.0000   72.54     92    Success 
    85      -36.1582     0.0150      0.0000   0.0000   65.56     93    Success 
    86      -36.1582     0.0125      0.0000   0.0000   62.28     94    Success 
    87      -36.1582     0.0090      0.0000   0.0000   56.43     95    Success 
    88      -36.1582     0.0078      0.0000   0.0000   53.70     96    Success 
    89      -36.1582     0.0103      0.0000   0.0000   59.40     97    Success 
    90      -36.1582     0.0237      0.0000   0.0000   71.89     98    Success 
    91      -36.1582     0.0148      0.0000   0.0000   68.41     99    Success 
    92      -36.1582     0.0074      0.0000   0.0000   52.65    100    Success 
    93      -36.1582     0.0066      0.0000   0.0000   70.40    101    Success 
    94      -36.1582     0.0064      0.0000   0.0000   67.06    102    Success 
    95      -36.1582     0.0063      0.0000   0.0000   71.26    103    Success 
    96      -36.1582     0.0104      0.0000   0.0000   69.44    105    Success 
    97      -36.1582     0.0072      0.0000   0.0000   73.90    106    Success 
    98      -36.1582     0.0046      0.0000   0.0000   68.93    107    Success 
    99      -36.1582     0.0052      0.0000   0.0000   68.10    108    Success 
   100      -36.1582     0.0050      0.0000   0.0000   72.42    109    Success 
   101      -36.1582     0.0064      0.0000   0.0000   73.65    110    Success 
   102      -36.1582     0.0034      0.0000   0.0000   74.65    111    Success 
   103      -36.1582     0.0029      0.0000   0.0000   56.50    112    Success 
   104      -36.1582     0.0022      0.0000   0.0000   67.52    113    Success 
   105      -36.1582     0.0031      0.0000   0.0000   64.25    114    Success 
   106      -36.1582     0.0017      0.0000   0.0000   73.39    115    Success 
   107      -36.1582     0.0019      0.0000   0.0000   68.78    116    Success 
   108      -36.1582     0.0018      0.0000   0.0000   71.13    117    Success 
   109      -36.1582     0.0046      0.0000   0.0000   70.47    118    Success 
   110      -36.1582     0.0034      0.0000   0.0000   52.13    119    Success 
   111      -36.1582     0.0013      0.0000   0.0000   59.38    120    Success 
   112      -36.1582     0.0011      0.0000   0.0000   57.35    121    Success 
   113      -36.1582     0.0013      0.0000   0.0000   68.66    122    Success 
   114      -36.1582     0.0013      0.0000   0.0000   71.76    123    Success 
   115      -36.1582     0.0026      0.0000   0.0000   69.43    124    Success 
   116      -36.1582     0.0018      0.0000   0.0000   78.88    125    Success 
   117      -36.1582     0.0006      0.0000   0.0000   77.02    126   SmallGrad

 LBFGS  --  Normal Termination due to SmallGrad

 Final Function Value :          -36.1582
 Final RMS Gradient :              0.0006
 Final Gradient Norm :             0.0027
