
     ######################################################################
   ##########################################################################
  ###                                                                      ###
 ###            Tinker  ---  Software Tools for Molecular Design            ###
 ##                                                                          ##
 ##                          Version 8.7  June 2019                          ##
 ##                                                                          ##
 ##               Copyright (c)  Jay William Ponder  1990-2019               ##
 ###                           All Rights Reserved                          ###
  ###                                                                      ###
   ##########################################################################
     ######################################################################


 Additional Atom Definition Parameters :

     Type  Class  Symbol  Description               Atomic    Mass   Valence

     403    403     N     ModifiedRes                  7     14.007     3
     412    412     H     ModifiedRes                  1      1.008     1
     401    401     C     ModifiedRes                  6     12.011     4
     410    410     H     ModifiedRes                  1      1.008     1
     404    404     C     ModifiedRes                  6     12.011     3
     411    411     O     ModifiedRes                  8     15.999     1
     402    402     C     ModifiedRes                  6     12.011     4
     407    407     S     ModifiedRes                 16     32.066     2
     408    408     C     ModifiedRes                  6     12.011     2
     416    416     N     ModifiedRes                  7     14.007     1
     409    409     H     ModifiedRes                  1      1.008     1
     406    406     C     ModifiedRes                  6     12.011     3
     413    413     O     ModifiedRes                  8     15.999     1
     405    405     N     ModifiedRes                  7     14.007     3
     414    414     H     ModifiedRes                  1      1.008     1
     415    415     H     ModifiedRes                  1      1.008     1

 Additional Bond Stretching Parameters :

     Atom Classes             K(S)         Length

       401 403             374.800         1.4589
       403 406             482.000         1.3610
       403 412             542.000         1.0150
       401 410             341.000         1.0957
       401 404             345.300         1.5388
       401 402             345.300         1.5181
       404 405             482.000         1.3572
       404 411             705.000         1.2314
       402 409             395.500         1.0914
       402 407             235.800         1.8318
       407 408             235.800         1.6971
       408 416             450.000         1.1861
       406 413             705.000         1.2330
       406 414             356.400         1.1017
       405 415             542.000         1.0125

 Additional Angle Bending Parameters :

     Atom Classes             K(B)          Angle

     403 406 413            60.000        124.094
     401 403 412            35.000        118.942
     406 403 412            35.000        118.838
     401 404 405            70.000        113.359
     401 404 411            80.000        121.700
     401 402 407            53.200        108.210
     401 403 406            50.000        121.364
     404 401 410            38.000        109.343
     402 401 410            38.000        110.332
     403 401 410            50.600        106.311
     402 401 404            60.000        109.451
     403 401 404            80.000        110.698
     402 401 403            80.000        110.661
     402 407 408            60.430         97.779
     407 408 416            60.000        178.379
     409 402 409            39.570        108.414
     401 402 409            42.440        109.507
     407 402 409            60.240        109.536
     405 404 411            60.000        124.942
     413 406 414            68.340        122.634
     403 406 414            31.650        113.263
     415 405 415            22.300        119.362
     404 405 415            35.000        117.511

 Additional Stretch-Bend Parameters :

     Atom Classes          K(SB)-1        K(SB)-2

     401 403 412             4.300          7.200
     406 403 412             4.300          7.200
     401 404 405            18.700         18.700
     401 402 407            18.700         18.700
     401 403 406             7.200          7.200
     404 401 410            11.500         18.700
     402 401 410            11.500         18.700
     403 401 410            11.500         11.500
     402 401 404            18.700         18.700
     403 401 404            18.700         18.700
     402 401 403            18.700         18.700
     402 407 408            -5.750         -5.750
     401 402 409            11.500         11.500
     407 402 409            11.500         11.500
     403 406 414            11.500         11.500
     404 405 415             4.300          7.200
     415 405 415             4.300          7.200
     401 404 411            18.700         18.700
     413 406 414            11.500         11.500

 Additional Out-of-Plane Bend Parameters :

     Atom Classes                   K(OPB)

     401 403   0   0                14.400
     401 404   0   0                14.400
     403 406   0   0               107.910
     404 405   0   0                71.940
     405 404   0   0               107.910
     406 403   0   0                71.940
     411 404   0   0               122.298
     412 403   0   0                 5.755
     413 406   0   0               122.298
     414 406   0   0               140.283
     415 405   0   0                 5.755

 Additional Torsional Parameters :

     Atom Classes     1-Fold    2-Fold    3-Fold    4-Fold    5-Fold    6-Fold

   403 401 404 405   0.00   0  0.00 180  0.00   0  0.00   0  0.00   0  0.00   0
   403 401 404 411   0.00   0  0.00 180  0.00   0  0.00   0  0.00   0  0.00   0
   403 401 402 409   0.00   0  0.00 180  0.00   0  0.00   0  0.00   0  0.00   0
   403 401 402 407   0.00   0  0.00 180  0.00   0  0.00   0  0.00   0  0.00   0
   410 401 403 412   0.00   0  0.00 180  0.00   0  0.00   0  0.00   0  0.00   0
   404 401 403 412   0.00   0  0.00 180  0.00   0  0.00   0  0.00   0  0.00   0
   402 401 403 412   0.00   0  0.00 180  0.00   0  0.00   0  0.00   0  0.00   0
   412 403 406 413   0.00   0  0.00 180  0.00   0  0.00   0  0.00   0  0.00   0
   412 403 406 414   0.00   0  0.00 180  0.00   0  0.00   0  0.00   0  0.00   0
   401 404 405 415   0.00   0  1.20 180  0.80   0  0.00   0  0.00   0  0.00   0
   401 402 407 408   0.00   0  0.00 180  0.00   0  0.00   0  0.00   0  0.00   0
   401 403 406 413   0.00   0  0.00 180  0.00   0  0.00   0  0.00   0  0.00   0
   401 403 406 414   0.00   0  0.00 180  0.00   0  0.00   0  0.00   0  0.00   0
   410 401 404 405   0.00   0  0.00 180  0.00   0  0.00   0  0.00   0  0.00   0
   410 401 404 411   0.00   0  0.00 180  0.00   0  0.00   0  0.00   0  0.00   0
   410 401 402 409   0.00   0  0.00 180  0.00   0  0.00   0  0.00   0  0.00   0
   410 401 402 407   0.00   0  0.00 180  0.00   0  0.00   0  0.00   0  0.00   0
   410 401 403 406   0.00   0  0.00 180  0.00   0  0.00   0  0.00   0  0.00   0
   404 401 402 409   0.00   0  0.00 180  0.00   0  0.00   0  0.00   0  0.00   0
   404 401 402 407   0.00   0  0.00 180  0.00   0  0.00   0  0.00   0  0.00   0
   404 401 403 406   0.00   0  0.00 180  0.00   0  0.00   0  0.00   0  0.00   0
   411 404 405 415   0.00   0  0.00 180  0.00   0  0.00   0  0.00   0  0.00   0
   402 401 404 411   0.00   0  0.00 180  0.00   0  0.00   0  0.00   0  0.00   0
   402 401 404 405   0.00   0  0.00 180  0.00   0  0.00   0  0.00   0  0.00   0
   402 401 403 406   0.00   0  0.00 180  0.00   0  0.00   0  0.00   0  0.00   0
   402 407 408 416   0.00   0  0.00 180  0.50   0  0.00   0  0.00   0  0.00   0
   409 402 407 408   0.00   0  0.00 180  0.00   0  0.00   0  0.00   0  0.00   0

 Additional Pi-Orbital Torsion Parameters :

     Atom Classes       2-Fold

       404 405           6.850
       403 406           6.850

 Additional van der Waals Parameters :

     Atom Class               Size        Epsilon        Reduction

         403                3.7100         0.1100          0.000
         412                2.5900         0.0220          0.900
         401                3.6500         0.1010          0.000
         410                2.8800         0.0240          0.910
         404                3.8200         0.1060          0.000
         411                3.3000         0.1120          0.000
         402                3.7800         0.1060          0.000
         407                4.0050         0.3550          0.000
         408                3.7800         0.1060          0.000
         416                3.7100         0.1050          0.000
         409                2.8700         0.0330          0.900
         406                3.8200         0.1060          0.000
         413                3.3000         0.1120          0.000
         405                3.7100         0.1100          0.000
         414                2.9200         0.0300          0.920
         415                2.5900         0.0220          0.900

 Additional Atomic Multipole Parameters :

     Atom Type     Coordinate Frame Definition         Multipole Moments

         401      403    404      0   Z-then-X    -0.27040
                                                  -0.22190  0.00000  0.26102
                                                  -0.17903
                                                   0.00000 -0.24517
                                                   0.13675  0.00000  0.42420

         402      407    401      0   Z-then-X    -0.16380
                                                   0.27778  0.00000 -0.20334
                                                   0.30211
                                                   0.00000 -0.49081
                                                  -0.33263  0.00000  0.18870

         403      406    401      0   Z-then-X    -0.06286
                                                   0.37348  0.00000 -0.12295
                                                   0.79149
                                                   0.00000 -1.08676
                                                  -0.63736  0.00000  0.29527

         404      411    405      0   Z-then-X     0.97419
                                                  -0.10999  0.00000  0.25580
                                                   0.38321
                                                   0.00000 -0.33696
                                                  -0.17133  0.00000 -0.04625

         405      404    415      0   Z-then-X    -0.32376
                                                   0.05823  0.00000 -0.07138
                                                   0.32176
                                                   0.00000 -0.38869
                                                  -0.03945  0.00000  0.06693

         406      413    403      0   Z-then-X     0.63075
                                                   0.40149  0.00000  0.25741
                                                  -0.01797
                                                   0.00000  0.01503
                                                   0.00873  0.00000  0.00294

         407      408    402      0   Z-then-X     0.34019
                                                   0.47821  0.00000  0.49978
                                                   1.11919
                                                   0.00000 -2.31639
                                                  -0.50667  0.00000  1.19720

         408      407    416      0   Z-then-X     0.21608
                                                   0.00820  0.00000 -0.28509
                                                   0.05369
                                                   0.00000  0.10740
                                                   0.05156  0.00000 -0.16109

         409      402    407      0   Z-then-X     0.09933
                                                   0.00064  0.00000 -0.16410
                                                   0.07960
                                                   0.00000  0.07569
                                                  -0.01944  0.00000 -0.15529

         410      401    403      0   Z-then-X     0.10718
                                                  -0.02083  0.00000 -0.03604
                                                  -0.03187
                                                   0.00000  0.01466
                                                  -0.01392  0.00000  0.01721

         411      404    405      0   Z-then-X    -0.77613
                                                   0.13027  0.00000 -0.18830
                                                  -0.53109
                                                   0.00000  0.25725
                                                   0.21601  0.00000  0.27384

         412      403    401      0   Z-then-X     0.11911
                                                   0.01244  0.00000 -0.25689
                                                   0.04573
                                                   0.00000  0.01640
                                                  -0.00301  0.00000 -0.06213

         413      406    403      0   Z-then-X    -0.66614
                                                  -0.21394  0.00000 -0.03273
                                                  -0.49754
                                                   0.00000  0.12402
                                                  -0.24547  0.00000  0.37352

         414      406    413      0   Z-then-X    -0.02624
                                                   0.07068  0.00000 -0.22870
                                                   0.12255
                                                   0.00000  0.03666
                                                   0.03118  0.00000 -0.15921

         415      405    404      0   Z-then-X     0.13248
                                                   0.00045  0.00000 -0.38308
                                                   0.28470
                                                   0.00000  0.12111
                                                   0.01221  0.00000 -0.40581

         416      408    407      0   Z-then-X    -0.56179
                                                   0.01684  0.00000 -0.29231
                                                   0.37390
                                                   0.00000  0.24558
                                                   0.00671  0.00000 -0.61948

 Additional Atomic Dipole Polarizability Parameters :

     Atom Type           Alpha       Thole     Group Atom Types

         403             1.073       0.390         412  401  406
         412             0.496       0.390         403
         401             1.334       0.390         403  410  404  402
         410             0.496       0.390         401
         404             1.334       0.390         401  411  405
         411             0.837       0.390         404
         402             1.334       0.390         401  407  409
         407             3.300       0.390         402  408
         408             1.334       0.390         407  416
         416             1.073       0.390         408
         409             0.496       0.390         402
         406             1.334       0.390         403  413  414
         413             0.837       0.390         406
         405             1.073       0.390         404  415
         414             0.494       0.390         406
         415             0.496       0.390         405

 Limited Memory BFGS Quasi-Newton Optimization :

 QN Iter     F Value      G RMS      F Move   X Move   Angle  FG Call  Comment

     0      -31.4144     4.8769                                   1
     1      -31.4487     4.5104      0.0343   0.0008    0.00      3    Success 
     2      -31.4685     3.0874      0.0197   0.0005   42.79      4    Success 
     3      -31.4850     2.9784      0.0165   0.0005   47.30      5    Success 
     4      -31.5108     2.8872      0.0258   0.0010   51.74      6    Success 
     5      -31.5384     3.8761      0.0277   0.0019   57.75      7    Success 
     6      -31.5623     2.3688      0.0239   0.0014   69.65      8    Success 
     7      -31.5841     2.1043      0.0218   0.0015   62.72      9    Success 
     8      -31.6127     2.4617      0.0286   0.0025   61.99     10    Success 
     9      -31.6225     5.0155      0.0098   0.0032   68.92     11    Success 
    10      -31.6389     3.2796      0.0163   0.0002   29.62     12    Success 
    11      -31.6614     1.6449      0.0225   0.0008   48.38     13    Success 
    12      -31.6762     2.3856      0.0148   0.0014   60.37     14    Success 
    13      -31.6969     2.5649      0.0207   0.0025   75.15     15    Success 
    14      -31.7236     2.8435      0.0267   0.0035   75.34     16    Success 
    15      -31.7335     2.0374      0.0099   0.0018   77.75     18    Success 
    16      -31.7410     1.3717      0.0075   0.0011   75.46     19    Success 
    17      -31.7495     1.4652      0.0085   0.0012   68.78     20    Success 
    18      -31.7622     1.8778      0.0126   0.0021   71.77     21    Success 
    19      -31.7780     1.8252      0.0158   0.0029   77.12     22    Success 
    20      -31.7849     2.3544      0.0069   0.0019   77.49     24    Success 
    21      -31.7949     1.2117      0.0100   0.0017   78.65     25    Success 
    22      -31.8018     0.8444      0.0069   0.0013   68.20     26    Success 
    23      -31.8063     1.0777      0.0045   0.0009   63.71     27    Success 
    24      -31.8088     3.0214      0.0025   0.0015   72.06     28    Success 
    25      -31.8130     1.9246      0.0042   0.0004   77.34     29    Success 
    26      -31.8188     0.8839      0.0058   0.0010   75.97     30    Success 
    27      -31.8225     1.2868      0.0037   0.0011   73.28     31    Success 
    28      -31.8274     1.5196      0.0049   0.0015   79.80     32    Success 
    29      -31.8349     1.4559      0.0075   0.0020   79.94     33    Success 
    30      -31.8373     1.7218      0.0024   0.0010   79.81     35    Success 
    31      -31.8410     1.0769      0.0037   0.0010   80.66     36    Success 
    32      -31.8443     0.6006      0.0033   0.0011   76.40     37    Success 
    33      -31.8462     0.7753      0.0020   0.0006   68.98     38    Success 
    34      -31.8493     0.9225      0.0031   0.0009   72.42     39    Success 
    35      -31.8520     1.8310      0.0026   0.0018   78.10     40    Success 
    36      -31.8553     1.0560      0.0034   0.0011   81.44     41    Success 
    37      -31.8577     0.7019      0.0024   0.0006   73.04     42    Success 
    38      -31.8602     0.8734      0.0025   0.0009   71.47     43    Success 
    39      -31.8626     0.9521      0.0024   0.0010   78.44     44    Success 
    40      -31.8661     0.8702      0.0035   0.0015   79.41     45    Success 
    41      -31.8688     1.1703      0.0027   0.0025   79.48     46    Success 
    42      -31.8717     0.5632      0.0029   0.0006   70.71     47    Success 
    43      -31.8737     0.7329      0.0020   0.0005   59.10     48    Success 
    44      -31.8765     0.9011      0.0028   0.0011   74.46     49    Success 
    45      -31.8775     2.2536      0.0010   0.0021   80.24     50    Success 
    46      -31.8792     1.6241      0.0017   0.0002   77.08     51    Success 
    47      -31.8815     0.5484      0.0023   0.0006   78.65     52    Success 
    48      -31.8823     0.4919      0.0009   0.0006   77.55     53    Success 
    49      -31.8829     0.5601      0.0005   0.0004   80.34     54    Success 
    50      -31.8837     0.5273      0.0009   0.0005   78.21     55    Success 
    51      -31.8844     0.9380      0.0007   0.0005   69.11     56    Success 
    52      -31.8854     0.5933      0.0010   0.0006   82.69     57    Success 
    53      -31.8863     0.3684      0.0008   0.0006   78.88     58    Success 
    54      -31.8868     0.5611      0.0005   0.0004   71.94     59    Success 
    55      -31.8873     0.4335      0.0006   0.0003   76.57     60    Success 
    56      -31.8881     0.3375      0.0008   0.0005   73.32     61    Success 
    57      -31.8884     0.6625      0.0003   0.0004   73.06     63    Success 
    58      -31.8889     0.4023      0.0005   0.0003   79.65     64    Success 
    59      -31.8894     0.2412      0.0005   0.0005   78.12     65    Success 
    60      -31.8897     0.2516      0.0004   0.0004   72.50     66    Success 
    61      -31.8901     0.3542      0.0003   0.0006   76.81     67    Success 
    62      -31.8904     0.3352      0.0003   0.0004   75.12     68    Success 
    63      -31.8905     0.1600      0.0002   0.0001   63.99     69    Success 
    64      -31.8906     0.1123      0.0001   0.0001   52.98     70    Success 
    65      -31.8907     0.1171      0.0001   0.0001   61.61     71    Success 
    66      -31.8908     0.1376      0.0001   0.0001   63.66     72    Success 
    67      -31.8909     0.1343      0.0001   0.0002   72.01     73    Success 
    68      -31.8910     0.0940      0.0000   0.0001   76.05     74    Success 
    69      -31.8910     0.0847      0.0000   0.0001   74.66     75    Success 
    70      -31.8910     0.1081      0.0000   0.0001   66.71     76    Success 
    71      -31.8911     0.0714      0.0000   0.0001   72.68     77    Success 
    72      -31.8911     0.0606      0.0000   0.0001   69.71     78    Success 
    73      -31.8911     0.1907      0.0000   0.0001   65.66     79    Success 
    74      -31.8911     0.1198      0.0000   0.0000   73.88     80    Success 
    75      -31.8911     0.0510      0.0000   0.0000   68.22     81    Success 
    76      -31.8912     0.0734      0.0000   0.0000   63.83     82    Success 
    77      -31.8912     0.0824      0.0000   0.0001   74.91     83    Success 
    78      -31.8912     0.1919      0.0000   0.0001   75.32     84    Success 
    79      -31.8912     0.1176      0.0000   0.0000   82.34     85    Success 
    80      -31.8912     0.0434      0.0000   0.0001   79.11     86    Success 
    81      -31.8912     0.0577      0.0000   0.0000   71.21     87    Success 
    82      -31.8912     0.0623      0.0000   0.0000   75.79     88    Success 
    83      -31.8912     0.0892      0.0000   0.0001   76.30     89    Success 
    84      -31.8912     0.0358      0.0000   0.0001   80.83     90    Success 
    85      -31.8912     0.0275      0.0000   0.0000   68.87     91    Success 
    86      -31.8913     0.0373      0.0000   0.0000   52.11     92    Success 
    87      -31.8913     0.0594      0.0000   0.0000   68.28     93    Success 
    88      -31.8913     0.0600      0.0000   0.0001   78.85     94    Success 
    89      -31.8913     0.0461      0.0000   0.0001   82.51     95    Success 
    90      -31.8913     0.0197      0.0000   0.0000   80.63     96    Success 
    91      -31.8913     0.0266      0.0000   0.0000   69.83     97    Success 
    92      -31.8913     0.0226      0.0000   0.0000   77.48     98    Success 
    93      -31.8913     0.0196      0.0000   0.0000   76.70     99    Success 
    94      -31.8913     0.0223      0.0000   0.0000   73.59    100    Success 
    95      -31.8913     0.0159      0.0000   0.0000   71.27    101    Success 
    96      -31.8913     0.0154      0.0000   0.0000   68.04    102    Success 
    97      -31.8913     0.0196      0.0000   0.0000   71.74    103    Success 
    98      -31.8913     0.0261      0.0000   0.0000   80.76    104    Success 
    99      -31.8913     0.0118      0.0000   0.0000   74.30    105    Success 
   100      -31.8913     0.0080      0.0000   0.0000   56.84    106    Success 
   101      -31.8913     0.0094      0.0000   0.0000   63.18    107    Success 
   102      -31.8913     0.0086      0.0000   0.0000   69.90    108    Success 
   103      -31.8913     0.0154      0.0000   0.0000   77.46    110    Success 
   104      -31.8913     0.0110      0.0000   0.0000   80.62    111    Success 
   105      -31.8913     0.0048      0.0000   0.0000   79.24    112    Success 
   106      -31.8913     0.0044      0.0000   0.0000   69.79    113    Success 
   107      -31.8913     0.0053      0.0000   0.0000   65.15    114    Success 
   108      -31.8913     0.0064      0.0000   0.0000   69.41    116    Success 
   109      -31.8913     0.0039      0.0000   0.0000   77.70    117    Success 
   110      -31.8913     0.0026      0.0000   0.0000   70.38    118    Success 
   111      -31.8913     0.0027      0.0000   0.0000   62.27    119    Success 
   112      -31.8913     0.0042      0.0000   0.0000   68.18    120    Success 
   113      -31.8913     0.0018      0.0000   0.0000   67.86    121    Success 
   114      -31.8913     0.0014      0.0000   0.0000   66.08    122    Success 
   115      -31.8913     0.0017      0.0000   0.0000   66.67    123    Success 
   116      -31.8913     0.0052      0.0000   0.0000   66.09    124    Success 
   117      -31.8913     0.0043      0.0000   0.0000   78.23    125    Success 
   118      -31.8913     0.0026      0.0000   0.0000   75.01    126    Success 
   119      -31.8913     0.0014      0.0000   0.0000   72.88    127    Success 
   120      -31.8913     0.0016      0.0000   0.0000   72.33    128    Success 
   121      -31.8913     0.0018      0.0000   0.0000   73.69    129    Success 
   122      -31.8913     0.0040      0.0000   0.0000   76.64    130    Success 
   123      -31.8913     0.0031      0.0000   0.0000   82.25    131    Success 
   124      -31.8913     0.0016      0.0000   0.0000   81.22    132    Success 
   125      -31.8913     0.0011      0.0000   0.0000   77.97    133    Success 
   126      -31.8913     0.0014      0.0000   0.0000   73.39    134    Success 
   127      -31.8913     0.0018      0.0000   0.0000   77.18    135    Success 
   128      -31.8913     0.0016      0.0000   0.0000   78.41    136    Success 
   129      -31.8913     0.0010      0.0000   0.0000   66.22    137    Success 
   130      -31.8913     0.0012      0.0000   0.0000   61.66    138    Success 
   131      -31.8913     0.0016      0.0000   0.0000   76.82    139    Success 
   132      -31.8913     0.0009      0.0000   0.0000   78.15    140   SmallGrad

 LBFGS  --  Normal Termination due to SmallGrad

 Final Function Value :          -31.8913
 Final RMS Gradient :              0.0009
 Final Gradient Norm :             0.0038
