
     ######################################################################
   ##########################################################################
  ###                                                                      ###
 ###            Tinker  ---  Software Tools for Molecular Design            ###
 ##                                                                          ##
 ##                          Version 8.7  June 2019                          ##
 ##                                                                          ##
 ##               Copyright (c)  Jay William Ponder  1990-2019               ##
 ###                           All Rights Reserved                          ###
  ###                                                                      ###
   ##########################################################################
     ######################################################################


 Additional Atom Definition Parameters :

     Type  Class  Symbol  Description               Atomic    Mass   Valence

     403    403     N     ModifiedRes                  7     14.007     3
     412    412     H     ModifiedRes                  1      1.008     1
     401    401     C     ModifiedRes                  6     12.011     4
     410    410     H     ModifiedRes                  1      1.008     1
     404    404     C     ModifiedRes                  6     12.011     3
     411    411     O     ModifiedRes                  8     15.999     1
     402    402     C     ModifiedRes                  6     12.011     4
     407    407     S     ModifiedRes                 16     32.066     2
     408    408     C     ModifiedRes                  6     12.011     2
     416    416     N     ModifiedRes                  7     14.007     1
     409    409     H     ModifiedRes                  1      1.008     1
     406    406     C     ModifiedRes                  6     12.011     3
     413    413     O     ModifiedRes                  8     15.999     1
     405    405     N     ModifiedRes                  7     14.007     3
     414    414     H     ModifiedRes                  1      1.008     1
     415    415     H     ModifiedRes                  1      1.008     1

 Additional Bond Stretching Parameters :

     Atom Classes             K(S)         Length

       401 403             374.800         1.4589
       403 406             482.000         1.3610
       403 412             542.000         1.0150
       401 410             341.000         1.0957
       401 404             345.300         1.5388
       401 402             345.300         1.5181
       404 405             482.000         1.3572
       404 411             705.000         1.2314
       402 409             395.500         1.0914
       402 407             235.800         1.8318
       407 408             235.800         1.6971
       408 416             450.000         1.1861
       406 413             705.000         1.2330
       406 414             356.400         1.1017
       405 415             542.000         1.0125

 Additional Angle Bending Parameters :

     Atom Classes             K(B)          Angle

     403 406 413            60.000        124.094
     401 403 412            35.000        118.942
     406 403 412            35.000        118.838
     401 404 405            70.000        113.359
     401 404 411            80.000        121.700
     401 402 407            53.200        108.210
     401 403 406            50.000        121.364
     404 401 410            38.000        109.343
     402 401 410            38.000        110.332
     403 401 410            50.600        106.311
     402 401 404            60.000        109.451
     403 401 404            80.000        110.698
     402 401 403            80.000        110.661
     402 407 408            60.430         97.779
     407 408 416            60.000        178.379
     409 402 409            39.570        108.414
     401 402 409            42.440        109.507
     407 402 409            60.240        109.536
     405 404 411            60.000        124.942
     413 406 414            68.340        122.634
     403 406 414            31.650        113.263
     415 405 415            22.300        119.362
     404 405 415            35.000        117.511

 Additional Stretch-Bend Parameters :

     Atom Classes          K(SB)-1        K(SB)-2

     401 403 412             4.300          7.200
     406 403 412             4.300          7.200
     401 404 405            18.700         18.700
     401 402 407            18.700         18.700
     401 403 406             7.200          7.200
     404 401 410            11.500         18.700
     402 401 410            11.500         18.700
     403 401 410            11.500         11.500
     402 401 404            18.700         18.700
     403 401 404            18.700         18.700
     402 401 403            18.700         18.700
     402 407 408            -5.750         -5.750
     401 402 409            11.500         11.500
     407 402 409            11.500         11.500
     403 406 414            11.500         11.500
     404 405 415             4.300          7.200
     415 405 415             4.300          7.200
     401 404 411            18.700         18.700
     413 406 414            11.500         11.500

 Additional Out-of-Plane Bend Parameters :

     Atom Classes                   K(OPB)

     401 403   0   0                14.400
     401 404   0   0                14.400
     403 406   0   0               107.910
     404 405   0   0                71.940
     405 404   0   0               107.910
     406 403   0   0                71.940
     411 404   0   0               122.298
     412 403   0   0                 5.755
     413 406   0   0               122.298
     414 406   0   0               140.283
     415 405   0   0                 5.755

 Additional Torsional Parameters :

     Atom Classes     1-Fold    2-Fold    3-Fold    4-Fold    5-Fold    6-Fold

   403 401 404 405   0.00   0  0.00 180  0.00   0  0.00   0  0.00   0  0.00   0
   403 401 404 411   0.00   0  0.00 180  0.00   0  0.00   0  0.00   0  0.00   0
   403 401 402 409   0.00   0  0.00 180  0.00   0  0.00   0  0.00   0  0.00   0
   403 401 402 407   0.00   0  0.00 180  0.00   0  0.00   0  0.00   0  0.00   0
   410 401 403 412   0.00   0  0.00 180  0.00   0  0.00   0  0.00   0  0.00   0
   404 401 403 412   0.00   0  0.00 180  0.00   0  0.00   0  0.00   0  0.00   0
   402 401 403 412   0.00   0  0.00 180  0.00   0  0.00   0  0.00   0  0.00   0
   412 403 406 413   0.00   0  0.00 180  0.00   0  0.00   0  0.00   0  0.00   0
   412 403 406 414   0.00   0  0.00 180  0.00   0  0.00   0  0.00   0  0.00   0
   401 404 405 415   0.00   0  1.20 180  0.80   0  0.00   0  0.00   0  0.00   0
   401 402 407 408   0.00   0  0.00 180  0.00   0  0.00   0  0.00   0  0.00   0
   401 403 406 413   0.00   0  0.00 180  0.00   0  0.00   0  0.00   0  0.00   0
   401 403 406 414   0.00   0  0.00 180  0.00   0  0.00   0  0.00   0  0.00   0
   410 401 404 405   0.00   0  0.00 180  0.00   0  0.00   0  0.00   0  0.00   0
   410 401 404 411   0.00   0  0.00 180  0.00   0  0.00   0  0.00   0  0.00   0
   410 401 402 409   0.00   0  0.00 180  0.00   0  0.00   0  0.00   0  0.00   0
   410 401 402 407   0.00   0  0.00 180  0.00   0  0.00   0  0.00   0  0.00   0
   410 401 403 406   0.00   0  0.00 180  0.00   0  0.00   0  0.00   0  0.00   0
   404 401 402 409   0.00   0  0.00 180  0.00   0  0.00   0  0.00   0  0.00   0
   404 401 402 407   0.00   0  0.00 180  0.00   0  0.00   0  0.00   0  0.00   0
   404 401 403 406   0.00   0  0.00 180  0.00   0  0.00   0  0.00   0  0.00   0
   411 404 405 415   0.00   0  0.00 180  0.00   0  0.00   0  0.00   0  0.00   0
   402 401 404 411   0.00   0  0.00 180  0.00   0  0.00   0  0.00   0  0.00   0
   402 401 404 405   0.00   0  0.00 180  0.00   0  0.00   0  0.00   0  0.00   0
   402 401 403 406   0.00   0  0.00 180  0.00   0  0.00   0  0.00   0  0.00   0
   402 407 408 416   0.00   0  0.00 180  0.50   0  0.00   0  0.00   0  0.00   0
   409 402 407 408   0.00   0  0.00 180  0.00   0  0.00   0  0.00   0  0.00   0

 Additional Pi-Orbital Torsion Parameters :

     Atom Classes       2-Fold

       404 405           6.850
       403 406           6.850

 Additional van der Waals Parameters :

     Atom Class               Size        Epsilon        Reduction

         403                3.7100         0.1100          0.000
         412                2.5900         0.0220          0.900
         401                3.6500         0.1010          0.000
         410                2.8800         0.0240          0.910
         404                3.8200         0.1060          0.000
         411                3.3000         0.1120          0.000
         402                3.7800         0.1060          0.000
         407                4.0050         0.3550          0.000
         408                3.7800         0.1060          0.000
         416                3.7100         0.1050          0.000
         409                2.8700         0.0330          0.900
         406                3.8200         0.1060          0.000
         413                3.3000         0.1120          0.000
         405                3.7100         0.1100          0.000
         414                2.9200         0.0300          0.920
         415                2.5900         0.0220          0.900

 Additional Atomic Multipole Parameters :

     Atom Type     Coordinate Frame Definition         Multipole Moments

         401      403    404      0   Z-then-X    -0.27040
                                                  -0.22190  0.00000  0.26102
                                                  -0.17903
                                                   0.00000 -0.24517
                                                   0.13675  0.00000  0.42420

         402      407    401      0   Z-then-X    -0.16380
                                                   0.27778  0.00000 -0.20334
                                                   0.30211
                                                   0.00000 -0.49081
                                                  -0.33263  0.00000  0.18870

         403      406    401      0   Z-then-X    -0.06286
                                                   0.37348  0.00000 -0.12295
                                                   0.79149
                                                   0.00000 -1.08676
                                                  -0.63736  0.00000  0.29527

         404      411    405      0   Z-then-X     0.97419
                                                  -0.10999  0.00000  0.25580
                                                   0.38321
                                                   0.00000 -0.33696
                                                  -0.17133  0.00000 -0.04625

         405      404    415      0   Z-then-X    -0.32376
                                                   0.05823  0.00000 -0.07138
                                                   0.32176
                                                   0.00000 -0.38869
                                                  -0.03945  0.00000  0.06693

         406      413    403      0   Z-then-X     0.63075
                                                   0.40149  0.00000  0.25741
                                                  -0.01797
                                                   0.00000  0.01503
                                                   0.00873  0.00000  0.00294

         407      408    402      0   Z-then-X     0.34019
                                                   0.47821  0.00000  0.49978
                                                   1.11919
                                                   0.00000 -2.31639
                                                  -0.50667  0.00000  1.19720

         408      407    416      0   Z-then-X     0.21608
                                                   0.00820  0.00000 -0.28509
                                                   0.05369
                                                   0.00000  0.10740
                                                   0.05156  0.00000 -0.16109

         409      402    407      0   Z-then-X     0.09933
                                                   0.00064  0.00000 -0.16410
                                                   0.07960
                                                   0.00000  0.07569
                                                  -0.01944  0.00000 -0.15529

         410      401    403      0   Z-then-X     0.10718
                                                  -0.02083  0.00000 -0.03604
                                                  -0.03187
                                                   0.00000  0.01466
                                                  -0.01392  0.00000  0.01721

         411      404    405      0   Z-then-X    -0.77613
                                                   0.13027  0.00000 -0.18830
                                                  -0.53109
                                                   0.00000  0.25725
                                                   0.21601  0.00000  0.27384

         412      403    401      0   Z-then-X     0.11911
                                                   0.01244  0.00000 -0.25689
                                                   0.04573
                                                   0.00000  0.01640
                                                  -0.00301  0.00000 -0.06213

         413      406    403      0   Z-then-X    -0.66614
                                                  -0.21394  0.00000 -0.03273
                                                  -0.49754
                                                   0.00000  0.12402
                                                  -0.24547  0.00000  0.37352

         414      406    413      0   Z-then-X    -0.02624
                                                   0.07068  0.00000 -0.22870
                                                   0.12255
                                                   0.00000  0.03666
                                                   0.03118  0.00000 -0.15921

         415      405    404      0   Z-then-X     0.13248
                                                   0.00045  0.00000 -0.38308
                                                   0.28470
                                                   0.00000  0.12111
                                                   0.01221  0.00000 -0.40581

         416      408    407      0   Z-then-X    -0.56179
                                                   0.01684  0.00000 -0.29231
                                                   0.37390
                                                   0.00000  0.24558
                                                   0.00671  0.00000 -0.61948

 Additional Atomic Dipole Polarizability Parameters :

     Atom Type           Alpha       Thole     Group Atom Types

         403             1.073       0.390         412  401  406
         412             0.496       0.390         403
         401             1.334       0.390         403  410  404  402
         410             0.496       0.390         401
         404             1.334       0.390         401  411  405
         411             0.837       0.390         404
         402             1.334       0.390         401  407  409
         407             3.300       0.390         402  408
         408             1.334       0.390         407  416
         416             1.073       0.390         408
         409             0.496       0.390         402
         406             1.334       0.390         403  413  414
         413             0.837       0.390         406
         405             1.073       0.390         404  415
         414             0.494       0.390         406
         415             0.496       0.390         405

 Limited Memory BFGS Quasi-Newton Optimization :

 QN Iter     F Value      G RMS      F Move   X Move   Angle  FG Call  Comment

     0      -19.4294    69.1364                                   1
     1      -27.4787    60.8994      8.0493   0.0130    0.00      3    Success 
     2      -30.3969    49.3523      2.9182   0.0085   41.27      4    Success 
     3      -32.0040    28.6852      1.6071   0.0027   33.33      5    Success 
     4      -33.8882    20.3355      1.8842   0.0072   36.96      6    Success 
     5      -34.6880    13.7753      0.7998   0.0051   49.23      7    Success 
     6      -35.1963    10.1986      0.5084   0.0055   53.98      8    Success 
     7      -35.6012     9.3577      0.4049   0.0054   45.20      9    Success 
     8      -35.8065     5.7278      0.2053   0.0030   55.59     10    Success 
     9      -35.9647     4.3882      0.1582   0.0034   49.24     11    Success 
    10      -36.0663     6.3529      0.1016   0.0040   50.73     12    Success 
    11      -36.1487     4.1237      0.0824   0.0029   63.24     13    Success 
    12      -36.1942     2.7596      0.0455   0.0013   50.08     14    Success 
    13      -36.2428     2.8595      0.0486   0.0022   46.88     15    Success 
    14      -36.2536     9.4577      0.0108   0.0029   60.94     16    Success 
    15      -36.2727     7.2893      0.0191   0.0002   45.03     17    Success 
    16      -36.3031     3.7130      0.0305   0.0008   68.87     18    Success 
    17      -36.3278     3.5458      0.0247   0.0016   65.87     19    Success 
    18      -36.3390     2.6864      0.0112   0.0006   67.51     20    Success 
    19      -36.3576     2.1495      0.0186   0.0013   69.63     21    Success 
    20      -36.3855     2.0024      0.0279   0.0024   66.54     22    Success 
    21      -36.4131     2.0933      0.0276   0.0031   69.49     23    Success 
    22      -36.4430     2.5814      0.0299   0.0034   69.90     24    Success 
    23      -36.4726     2.4963      0.0295   0.0054   76.09     25    Success 
    24      -36.4825     5.0245      0.0099   0.0020   66.74     26    Success 
    25      -36.4963     2.0877      0.0138   0.0007   71.08     27    Success 
    26      -36.5025     1.2075      0.0062   0.0006   66.78     28    Success 
    27      -36.5066     1.3148      0.0042   0.0005   62.58     29    Success 
    28      -36.5135     1.4970      0.0068   0.0010   69.82     30    Success 
    29      -36.5201     2.4215      0.0066   0.0015   70.16     31    Success 
    30      -36.5288     1.2681      0.0087   0.0018   80.50     32    Success 
    31      -36.5336     0.7934      0.0048   0.0011   75.20     33    Success 
    32      -36.5381     0.7476      0.0045   0.0010   62.59     34    Success 
    33      -36.5412     0.8178      0.0030   0.0008   64.23     35    Success 
    34      -36.5436     0.9537      0.0025   0.0010   66.14     36    Success 
    35      -36.5461     0.5518      0.0025   0.0004   57.68     37    Success 
    36      -36.5482     0.6022      0.0021   0.0006   54.49     38    Success 
    37      -36.5496     0.6710      0.0014   0.0006   71.13     39    Success 
    38      -36.5510     0.5942      0.0013   0.0009   74.85     40    Success 
    39      -36.5518     0.4017      0.0009   0.0004   72.18     41    Success 
    40      -36.5524     0.4350      0.0006   0.0002   50.18     42    Success 
    41      -36.5528     0.3426      0.0004   0.0002   65.25     43    Success 
    42      -36.5534     0.2441      0.0006   0.0003   64.95     44    Success 
    43      -36.5539     0.3354      0.0005   0.0005   62.93     45    Success 
    44      -36.5544     0.3314      0.0004   0.0004   72.71     46    Success 
    45      -36.5549     0.3234      0.0005   0.0003   71.96     47    Success 
    46      -36.5558     0.3152      0.0009   0.0005   70.74     48    Success 
    47      -36.5568     0.8195      0.0010   0.0010   72.10     49    Success 
    48      -36.5576     0.5062      0.0008   0.0012   83.56     50    Success 
    49      -36.5579     0.2784      0.0003   0.0001   57.06     51    Success 
    50      -36.5582     0.2383      0.0003   0.0001   48.69     52    Success 
    51      -36.5586     0.2736      0.0003   0.0003   68.52     53    Success 
    52      -36.5590     0.4252      0.0005   0.0005   73.29     54    Success 
    53      -36.5597     0.3368      0.0006   0.0008   81.14     55    Success 
    54      -36.5604     0.3314      0.0007   0.0008   78.70     56    Success 
    55      -36.5610     0.4166      0.0006   0.0014   80.37     57    Success 
    56      -36.5616     0.2212      0.0006   0.0003   64.13     58    Success 
    57      -36.5619     0.2056      0.0003   0.0002   53.74     59    Success 
    58      -36.5621     0.3777      0.0002   0.0004   69.08     60    Success 
    59      -36.5624     0.1784      0.0003   0.0003   77.20     61    Success 
    60      -36.5626     0.1688      0.0002   0.0003   77.02     62    Success 
    61      -36.5628     0.2484      0.0002   0.0005   78.31     63    Success 
    62      -36.5630     0.2964      0.0002   0.0005   79.74     64    Success 
    63      -36.5631     0.1800      0.0002   0.0001   71.56     65    Success 
    64      -36.5634     0.1308      0.0002   0.0003   64.60     66    Success 
    65      -36.5635     0.1996      0.0001   0.0002   67.67     67    Success 
    66      -36.5636     0.1203      0.0001   0.0003   78.86     68    Success 
    67      -36.5637     0.0956      0.0001   0.0002   72.82     69    Success 
    68      -36.5638     0.1212      0.0001   0.0002   69.48     70    Success 
    69      -36.5638     0.1140      0.0001   0.0001   68.79     71    Success 
    70      -36.5639     0.2108      0.0001   0.0001   68.59     72    Success 
    71      -36.5639     0.1022      0.0001   0.0001   79.00     73    Success 
    72      -36.5640     0.0934      0.0000   0.0001   71.49     74    Success 
    73      -36.5640     0.0759      0.0000   0.0001   70.46     75    Success 
    74      -36.5640     0.0874      0.0001   0.0002   70.66     76    Success 
    75      -36.5641     0.0888      0.0000   0.0001   73.93     78    Success 
    76      -36.5641     0.0567      0.0000   0.0001   75.07     79    Success 
    77      -36.5641     0.0529      0.0000   0.0001   65.77     80    Success 
    78      -36.5641     0.0492      0.0000   0.0001   67.03     81    Success 
    79      -36.5641     0.0676      0.0000   0.0001   66.75     83    Success 
    80      -36.5642     0.0329      0.0000   0.0001   72.84     84    Success 
    81      -36.5642     0.0331      0.0000   0.0000   63.54     85    Success 
    82      -36.5642     0.0472      0.0000   0.0001   65.55     86    Success 
    83      -36.5642     0.0313      0.0000   0.0000   72.13     87    Success 
    84      -36.5642     0.0271      0.0000   0.0000   66.29     88    Success 
    85      -36.5642     0.0285      0.0000   0.0000   71.63     89    Success 
    86      -36.5642     0.0202      0.0000   0.0000   71.13     90    Success 
    87      -36.5642     0.0138      0.0000   0.0000   65.58     91    Success 
    88      -36.5642     0.0142      0.0000   0.0000   60.12     92    Success 
    89      -36.5642     0.0286      0.0000   0.0000   63.72     93    Success 
    90      -36.5642     0.0158      0.0000   0.0000   73.79     94    Success 
    91      -36.5642     0.0140      0.0000   0.0000   69.86     95    Success 
    92      -36.5642     0.0172      0.0000   0.0000   74.04     96    Success 
    93      -36.5642     0.0467      0.0000   0.0000   75.71     97    Success 
    94      -36.5642     0.0339      0.0000   0.0000   79.27     98    Success 
    95      -36.5642     0.0145      0.0000   0.0000   77.12     99    Success 
    96      -36.5642     0.0132      0.0000   0.0000   72.08    100    Success 
    97      -36.5642     0.0149      0.0000   0.0000   76.35    101    Success 
    98      -36.5642     0.0150      0.0000   0.0000   74.19    102    Success 
    99      -36.5642     0.0185      0.0000   0.0000   75.24    103    Success 
   100      -36.5642     0.0087      0.0000   0.0000   78.44    104    Success 
   101      -36.5642     0.0064      0.0000   0.0000   72.40    105    Success 
   102      -36.5642     0.0089      0.0000   0.0000   64.30    106    Success 
   103      -36.5642     0.0084      0.0000   0.0000   70.36    107    Success 
   104      -36.5642     0.0052      0.0000   0.0000   69.43    108    Success 
   105      -36.5642     0.0046      0.0000   0.0000   60.89    109    Success 
   106      -36.5642     0.0032      0.0000   0.0000   53.63    110    Success 
   107      -36.5642     0.0035      0.0000   0.0000   60.32    111    Success 
   108      -36.5642     0.0045      0.0000   0.0000   70.60    112    Success 
   109      -36.5642     0.0044      0.0000   0.0000   74.69    113    Success 
   110      -36.5642     0.0026      0.0000   0.0000   74.91    114    Success 
   111      -36.5642     0.0026      0.0000   0.0000   65.65    115    Success 
   112      -36.5642     0.0027      0.0000   0.0000   64.50    116    Success 
   113      -36.5642     0.0021      0.0000   0.0000   67.44    117    Success 
   114      -36.5642     0.0036      0.0000   0.0000   67.12    118    Success 
   115      -36.5642     0.0022      0.0000   0.0000   70.77    119    Success 
   116      -36.5642     0.0018      0.0000   0.0000   61.97    120    Success 
   117      -36.5642     0.0021      0.0000   0.0000   67.90    121    Success 
   118      -36.5642     0.0027      0.0000   0.0000   72.23    122    Success 
   119      -36.5642     0.0021      0.0000   0.0000   80.11    123    Success 
   120      -36.5642     0.0014      0.0000   0.0000   75.66    124    Success 
   121      -36.5642     0.0043      0.0000   0.0000   71.48    125    Success 
   122      -36.5642     0.0037      0.0000   0.0000   51.80    126    Success 
   123      -36.5642     0.0027      0.0000   0.0000   63.92    127    Success 
   124      -36.5642     0.0006      0.0000   0.0000   61.97    128   SmallGrad

 LBFGS  --  Normal Termination due to SmallGrad

 Final Function Value :          -36.5642
 Final RMS Gradient :              0.0006
 Final Gradient Norm :             0.0026
