
     ######################################################################
   ##########################################################################
  ###                                                                      ###
 ###            Tinker  ---  Software Tools for Molecular Design            ###
 ##                                                                          ##
 ##                          Version 8.7  June 2019                          ##
 ##                                                                          ##
 ##               Copyright (c)  Jay William Ponder  1990-2019               ##
 ###                           All Rights Reserved                          ###
  ###                                                                      ###
   ##########################################################################
     ######################################################################


 Additional Atom Definition Parameters :

     Type  Class  Symbol  Description               Atomic    Mass   Valence

     403    403     N     ModifiedRes                  7     14.007     3
     412    412     H     ModifiedRes                  1      1.008     1
     401    401     C     ModifiedRes                  6     12.011     4
     410    410     H     ModifiedRes                  1      1.008     1
     404    404     C     ModifiedRes                  6     12.011     3
     411    411     O     ModifiedRes                  8     15.999     1
     402    402     C     ModifiedRes                  6     12.011     4
     407    407     S     ModifiedRes                 16     32.066     2
     408    408     C     ModifiedRes                  6     12.011     2
     416    416     N     ModifiedRes                  7     14.007     1
     409    409     H     ModifiedRes                  1      1.008     1
     406    406     C     ModifiedRes                  6     12.011     3
     413    413     O     ModifiedRes                  8     15.999     1
     405    405     N     ModifiedRes                  7     14.007     3
     414    414     H     ModifiedRes                  1      1.008     1
     415    415     H     ModifiedRes                  1      1.008     1

 Additional Bond Stretching Parameters :

     Atom Classes             K(S)         Length

       401 403             374.800         1.4589
       403 406             482.000         1.3610
       403 412             542.000         1.0150
       401 410             341.000         1.0957
       401 404             345.300         1.5388
       401 402             345.300         1.5181
       404 405             482.000         1.3572
       404 411             705.000         1.2314
       402 409             395.500         1.0914
       402 407             235.800         1.8318
       407 408             235.800         1.6971
       408 416             450.000         1.1861
       406 413             705.000         1.2330
       406 414             356.400         1.1017
       405 415             542.000         1.0125

 Additional Angle Bending Parameters :

     Atom Classes             K(B)          Angle

     403 406 413            60.000        124.094
     401 403 412            35.000        118.942
     406 403 412            35.000        118.838
     401 404 405            70.000        113.359
     401 404 411            80.000        121.700
     401 402 407            53.200        108.210
     401 403 406            50.000        121.364
     404 401 410            38.000        109.343
     402 401 410            38.000        110.332
     403 401 410            50.600        106.311
     402 401 404            60.000        109.451
     403 401 404            80.000        110.698
     402 401 403            80.000        110.661
     402 407 408            60.430         97.779
     407 408 416            60.000        178.379
     409 402 409            39.570        108.414
     401 402 409            42.440        109.507
     407 402 409            60.240        109.536
     405 404 411            60.000        124.942
     413 406 414            68.340        122.634
     403 406 414            31.650        113.263
     415 405 415            22.300        119.362
     404 405 415            35.000        117.511

 Additional Stretch-Bend Parameters :

     Atom Classes          K(SB)-1        K(SB)-2

     401 403 412             4.300          7.200
     406 403 412             4.300          7.200
     401 404 405            18.700         18.700
     401 402 407            18.700         18.700
     401 403 406             7.200          7.200
     404 401 410            11.500         18.700
     402 401 410            11.500         18.700
     403 401 410            11.500         11.500
     402 401 404            18.700         18.700
     403 401 404            18.700         18.700
     402 401 403            18.700         18.700
     402 407 408            -5.750         -5.750
     401 402 409            11.500         11.500
     407 402 409            11.500         11.500
     403 406 414            11.500         11.500
     404 405 415             4.300          7.200
     415 405 415             4.300          7.200
     401 404 411            18.700         18.700
     413 406 414            11.500         11.500

 Additional Out-of-Plane Bend Parameters :

     Atom Classes                   K(OPB)

     401 403   0   0                14.400
     401 404   0   0                14.400
     403 406   0   0               107.910
     404 405   0   0                71.940
     405 404   0   0               107.910
     406 403   0   0                71.940
     411 404   0   0               122.298
     412 403   0   0                 5.755
     413 406   0   0               122.298
     414 406   0   0               140.283
     415 405   0   0                 5.755

 Additional Torsional Parameters :

     Atom Classes     1-Fold    2-Fold    3-Fold    4-Fold    5-Fold    6-Fold

   403 401 404 405   0.00   0  0.00 180  0.00   0  0.00   0  0.00   0  0.00   0
   403 401 404 411   0.00   0  0.00 180  0.00   0  0.00   0  0.00   0  0.00   0
   403 401 402 409   0.00   0  0.00 180  0.00   0  0.00   0  0.00   0  0.00   0
   403 401 402 407   0.00   0  0.00 180  0.00   0  0.00   0  0.00   0  0.00   0
   410 401 403 412   0.00   0  0.00 180  0.00   0  0.00   0  0.00   0  0.00   0
   404 401 403 412   0.00   0  0.00 180  0.00   0  0.00   0  0.00   0  0.00   0
   402 401 403 412   0.00   0  0.00 180  0.00   0  0.00   0  0.00   0  0.00   0
   412 403 406 413   0.00   0  0.00 180  0.00   0  0.00   0  0.00   0  0.00   0
   412 403 406 414   0.00   0  0.00 180  0.00   0  0.00   0  0.00   0  0.00   0
   401 404 405 415   0.00   0  1.20 180  0.80   0  0.00   0  0.00   0  0.00   0
   401 402 407 408   0.00   0  0.00 180  0.00   0  0.00   0  0.00   0  0.00   0
   401 403 406 413   0.00   0  0.00 180  0.00   0  0.00   0  0.00   0  0.00   0
   401 403 406 414   0.00   0  0.00 180  0.00   0  0.00   0  0.00   0  0.00   0
   410 401 404 405   0.00   0  0.00 180  0.00   0  0.00   0  0.00   0  0.00   0
   410 401 404 411   0.00   0  0.00 180  0.00   0  0.00   0  0.00   0  0.00   0
   410 401 402 409   0.00   0  0.00 180  0.00   0  0.00   0  0.00   0  0.00   0
   410 401 402 407   0.00   0  0.00 180  0.00   0  0.00   0  0.00   0  0.00   0
   410 401 403 406   0.00   0  0.00 180  0.00   0  0.00   0  0.00   0  0.00   0
   404 401 402 409   0.00   0  0.00 180  0.00   0  0.00   0  0.00   0  0.00   0
   404 401 402 407   0.00   0  0.00 180  0.00   0  0.00   0  0.00   0  0.00   0
   404 401 403 406   0.00   0  0.00 180  0.00   0  0.00   0  0.00   0  0.00   0
   411 404 405 415   0.00   0  0.00 180  0.00   0  0.00   0  0.00   0  0.00   0
   402 401 404 411   0.00   0  0.00 180  0.00   0  0.00   0  0.00   0  0.00   0
   402 401 404 405   0.00   0  0.00 180  0.00   0  0.00   0  0.00   0  0.00   0
   402 401 403 406   0.00   0  0.00 180  0.00   0  0.00   0  0.00   0  0.00   0
   402 407 408 416   0.00   0  0.00 180  0.50   0  0.00   0  0.00   0  0.00   0
   409 402 407 408   0.00   0  0.00 180  0.00   0  0.00   0  0.00   0  0.00   0

 Additional Pi-Orbital Torsion Parameters :

     Atom Classes       2-Fold

       404 405           6.850
       403 406           6.850

 Additional van der Waals Parameters :

     Atom Class               Size        Epsilon        Reduction

         403                3.7100         0.1100          0.000
         412                2.5900         0.0220          0.900
         401                3.6500         0.1010          0.000
         410                2.8800         0.0240          0.910
         404                3.8200         0.1060          0.000
         411                3.3000         0.1120          0.000
         402                3.7800         0.1060          0.000
         407                4.0050         0.3550          0.000
         408                3.7800         0.1060          0.000
         416                3.7100         0.1050          0.000
         409                2.8700         0.0330          0.900
         406                3.8200         0.1060          0.000
         413                3.3000         0.1120          0.000
         405                3.7100         0.1100          0.000
         414                2.9200         0.0300          0.920
         415                2.5900         0.0220          0.900

 Additional Atomic Multipole Parameters :

     Atom Type     Coordinate Frame Definition         Multipole Moments

         401      403    404      0   Z-then-X    -0.27040
                                                  -0.22190  0.00000  0.26102
                                                  -0.17903
                                                   0.00000 -0.24517
                                                   0.13675  0.00000  0.42420

         402      407    401      0   Z-then-X    -0.16380
                                                   0.27778  0.00000 -0.20334
                                                   0.30211
                                                   0.00000 -0.49081
                                                  -0.33263  0.00000  0.18870

         403      406    401      0   Z-then-X    -0.06286
                                                   0.37348  0.00000 -0.12295
                                                   0.79149
                                                   0.00000 -1.08676
                                                  -0.63736  0.00000  0.29527

         404      411    405      0   Z-then-X     0.97419
                                                  -0.10999  0.00000  0.25580
                                                   0.38321
                                                   0.00000 -0.33696
                                                  -0.17133  0.00000 -0.04625

         405      404    415      0   Z-then-X    -0.32376
                                                   0.05823  0.00000 -0.07138
                                                   0.32176
                                                   0.00000 -0.38869
                                                  -0.03945  0.00000  0.06693

         406      413    403      0   Z-then-X     0.63075
                                                   0.40149  0.00000  0.25741
                                                  -0.01797
                                                   0.00000  0.01503
                                                   0.00873  0.00000  0.00294

         407      408    402      0   Z-then-X     0.34019
                                                   0.47821  0.00000  0.49978
                                                   1.11919
                                                   0.00000 -2.31639
                                                  -0.50667  0.00000  1.19720

         408      407    416      0   Z-then-X     0.21608
                                                   0.00820  0.00000 -0.28509
                                                   0.05369
                                                   0.00000  0.10740
                                                   0.05156  0.00000 -0.16109

         409      402    407      0   Z-then-X     0.09933
                                                   0.00064  0.00000 -0.16410
                                                   0.07960
                                                   0.00000  0.07569
                                                  -0.01944  0.00000 -0.15529

         410      401    403      0   Z-then-X     0.10718
                                                  -0.02083  0.00000 -0.03604
                                                  -0.03187
                                                   0.00000  0.01466
                                                  -0.01392  0.00000  0.01721

         411      404    405      0   Z-then-X    -0.77613
                                                   0.13027  0.00000 -0.18830
                                                  -0.53109
                                                   0.00000  0.25725
                                                   0.21601  0.00000  0.27384

         412      403    401      0   Z-then-X     0.11911
                                                   0.01244  0.00000 -0.25689
                                                   0.04573
                                                   0.00000  0.01640
                                                  -0.00301  0.00000 -0.06213

         413      406    403      0   Z-then-X    -0.66614
                                                  -0.21394  0.00000 -0.03273
                                                  -0.49754
                                                   0.00000  0.12402
                                                  -0.24547  0.00000  0.37352

         414      406    413      0   Z-then-X    -0.02624
                                                   0.07068  0.00000 -0.22870
                                                   0.12255
                                                   0.00000  0.03666
                                                   0.03118  0.00000 -0.15921

         415      405    404      0   Z-then-X     0.13248
                                                   0.00045  0.00000 -0.38308
                                                   0.28470
                                                   0.00000  0.12111
                                                   0.01221  0.00000 -0.40581

         416      408    407      0   Z-then-X    -0.56179
                                                   0.01684  0.00000 -0.29231
                                                   0.37390
                                                   0.00000  0.24558
                                                   0.00671  0.00000 -0.61948

 Additional Atomic Dipole Polarizability Parameters :

     Atom Type           Alpha       Thole     Group Atom Types

         403             1.073       0.390         412  401  406
         412             0.496       0.390         403
         401             1.334       0.390         403  410  404  402
         410             0.496       0.390         401
         404             1.334       0.390         401  411  405
         411             0.837       0.390         404
         402             1.334       0.390         401  407  409
         407             3.300       0.390         402  408
         408             1.334       0.390         407  416
         416             1.073       0.390         408
         409             0.496       0.390         402
         406             1.334       0.390         403  413  414
         413             0.837       0.390         406
         405             1.073       0.390         404  415
         414             0.494       0.390         406
         415             0.496       0.390         405

 Limited Memory BFGS Quasi-Newton Optimization :

 QN Iter     F Value      G RMS      F Move   X Move   Angle  FG Call  Comment

     0      707.7922   521.5340                                   1
     1      234.2220   226.0067    473.5702   0.0982    0.00      2    Success 
     2      142.2930   296.9213     91.9290   0.0761   12.89      3    Success 
     3      100.9683   205.0866     41.3247   0.0258   23.72      4    Success 
     4       79.0707    83.5092     21.8976   0.0129   44.90      5    Success 
     5       66.4199    64.8786     12.6508   0.0116   25.44      6    Success 
     6       47.5967    82.0491     18.8231   0.0260   33.45      7    Success 
     7       25.9095    77.6256     21.6872   0.0414   58.10      8    Success 
     8       16.6624   113.9629      9.2472   0.0596   66.32      9    Success 
     9        4.5726    40.3623     12.0898   0.0141   50.12     10    Success 
    10        0.6305    25.9232      3.9421   0.0114   43.40     11    Success 
    11       -1.8027    30.7146      2.4332   0.0127   55.57     12    Success 
    12       -5.0387    36.9252      3.2361   0.0213   65.61     13    Success 
    13       -9.2811    22.8897      4.2424   0.0302   71.97     14    Success 
    14      -12.0781    18.6302      2.7970   0.0233   64.66     15    Success 
    15      -15.1002    22.9572      3.0221   0.0215   49.69     16    Success 
    16      -16.8248    30.1560      1.7246   0.0226   65.96     17    Success 
    17      -18.4935    15.0324      1.6687   0.0115   68.38     18    Success 
    18      -19.8541    16.8868      1.3607   0.0144   59.18     19    Success 
    19      -20.9662    20.6974      1.1120   0.0158   72.96     20    Success 
    20      -22.7926    20.7233      1.8264   0.0241   75.66     21    Success 
    21      -24.7949    32.8732      2.0023   0.0417   76.43     22    Success 
    22      -27.4832    19.1784      2.6883   0.0431   80.98     23    Success 
    23      -28.8919    16.3214      1.4088   0.0369   73.19     24    Success 
    24      -30.5004    20.7154      1.6084   0.0164   61.84     25    Success 
    25      -31.3665    34.2353      0.8661   0.0264   71.52     26    Success 
    26      -32.1729     9.2282      0.8065   0.0047   59.50     27    Success 
    27      -32.4094     7.9839      0.2365   0.0051   69.36     28    Success 
    28      -32.8080     7.2703      0.3986   0.0106   71.86     29    Success 
    29      -33.4412     6.3093      0.6333   0.0154   66.64     30    Success 
    30      -33.7006    19.1909      0.2594   0.0341   70.90     31    Success 
    31      -34.1049    10.8174      0.4043   0.0047   71.30     32    Success 
    32      -34.4127     4.9995      0.3078   0.0048   55.27     33    Success 
    33      -34.5152     5.8106      0.1025   0.0026   58.30     34    Success 
    34      -34.6820     5.9539      0.1669   0.0047   65.52     35    Success 
    35      -34.8797     9.2849      0.1977   0.0082   67.64     36    Success 
    36      -35.0582     5.5345      0.1785   0.0096   79.53     37    Success 
    37      -35.1105    10.9458      0.0522   0.0059   71.77     38    Success 
    38      -35.1968     8.4376      0.0863   0.0017   71.34     39    Success 
    39      -35.3047     8.3553      0.1079   0.0065   79.98     40    Success 
    40      -35.4059     5.1641      0.1012   0.0036   72.03     41    Success 
    41      -35.5049     4.6608      0.0990   0.0040   70.21     42    Success 
    42      -35.6525     4.0985      0.1476   0.0067   69.33     43    Success 
    43      -35.6970    11.1965      0.0445   0.0116   71.06     44    Success 
    44      -35.7696     7.2531      0.0726   0.0010   62.99     45    Success 
    45      -35.8382     2.0320      0.0686   0.0016   53.50     46    Success 
    46      -35.8536     2.1473      0.0154   0.0008   54.85     47    Success 
    47      -35.8807     2.3399      0.0271   0.0015   57.46     48    Success 
    48      -35.9177     5.0008      0.0370   0.0032   66.02     49    Success 
    49      -35.9695     3.5695      0.0518   0.0042   78.80     50    Success 
    50      -36.0139     3.3438      0.0444   0.0045   78.47     51    Success 
    51      -36.0832     3.4809      0.0693   0.0059   75.60     52    Success 
    52      -36.1487     5.2543      0.0655   0.0103   77.55     53    Success 
    53      -36.2063     2.4547      0.0576   0.0053   77.73     54    Success 
    54      -36.2312     1.8662      0.0249   0.0014   60.78     55    Success 
    55      -36.2670     2.1150      0.0358   0.0024   50.97     56    Success 
    56      -36.2967     3.8340      0.0297   0.0045   68.54     57    Success 
    57      -36.3243     2.5559      0.0277   0.0036   79.97     58    Success 
    58      -36.3474     2.0119      0.0230   0.0040   79.32     59    Success 
    59      -36.3671     2.3785      0.0197   0.0045   78.01     60    Success 
    60      -36.3829     1.8602      0.0158   0.0021   75.53     61    Success 
    61      -36.4007     1.8285      0.0179   0.0022   70.19     62    Success 
    62      -36.4164     2.0966      0.0157   0.0034   73.58     63    Success 
    63      -36.4285     1.3360      0.0120   0.0014   68.77     64    Success 
    64      -36.4363     1.2710      0.0078   0.0008   58.05     65    Success 
    65      -36.4484     1.1838      0.0122   0.0017   65.66     66    Success 
    66      -36.4659     1.3601      0.0175   0.0033   69.85     67    Success 
    67      -36.4717     3.4631      0.0058   0.0060   76.26     68    Success 
    68      -36.4815     2.1835      0.0098   0.0004   62.61     69    Success 
    69      -36.4943     0.8015      0.0128   0.0010   60.31     70    Success 
    70      -36.4990     1.4643      0.0047   0.0012   65.02     71    Success 
    71      -36.5020     1.5602      0.0030   0.0014   78.04     72    Success 
    72      -36.5053     0.8347      0.0033   0.0007   76.86     73    Success 
    73      -36.5086     0.7800      0.0033   0.0009   68.15     74    Success 
    74      -36.5115     0.8470      0.0029   0.0008   71.27     75    Success 
    75      -36.5157     0.6416      0.0042   0.0012   71.41     76    Success 
    76      -36.5175     0.9400      0.0018   0.0011   73.51     78    Success 
    77      -36.5198     0.4539      0.0023   0.0007   73.51     79    Success 
    78      -36.5211     0.4155      0.0013   0.0005   62.71     80    Success 
    79      -36.5228     0.5474      0.0017   0.0009   67.00     81    Success 
    80      -36.5243     0.6089      0.0015   0.0010   71.54     82    Success 
    81      -36.5255     0.3580      0.0012   0.0007   77.02     83    Success 
    82      -36.5263     0.4182      0.0008   0.0007   71.20     84    Success 
    83      -36.5266     0.4749      0.0003   0.0004   73.92     85    Success 
    84      -36.5269     0.2640      0.0003   0.0001   63.31     86    Success 
    85      -36.5273     0.2264      0.0003   0.0002   61.24     87    Success 
    86      -36.5276     0.2662      0.0003   0.0002   68.52     88    Success 
    87      -36.5280     0.2726      0.0004   0.0004   71.40     89    Success 
    88      -36.5282     0.6559      0.0002   0.0006   73.50     90    Success 
    89      -36.5284     0.4714      0.0003   0.0001   72.71     91    Success 
    90      -36.5288     0.1413      0.0003   0.0002   69.66     92    Success 
    91      -36.5288     0.1249      0.0001   0.0001   62.16     93    Success 
    92      -36.5289     0.1451      0.0001   0.0001   63.46     94    Success 
    93      -36.5291     0.1593      0.0001   0.0002   67.30     95    Success 
    94      -36.5291     0.3041      0.0001   0.0001   69.44     97    Success 
    95      -36.5292     0.2070      0.0001   0.0001   80.36     98    Success 
    96      -36.5293     0.0859      0.0001   0.0003   77.85     99    Success 
    97      -36.5294     0.0800      0.0000   0.0001   69.64    100    Success 
    98      -36.5294     0.0738      0.0000   0.0001   63.73    101    Success 
    99      -36.5295     0.0719      0.0000   0.0001   63.18    103    Success 
   100      -36.5295     0.0460      0.0000   0.0000   59.87    104    Success 
   101      -36.5295     0.0485      0.0000   0.0000   53.13    105    Success 
   102      -36.5295     0.0501      0.0000   0.0001   65.80    106    Success 
   103      -36.5295     0.0975      0.0000   0.0001   69.37    107    Success 
   104      -36.5295     0.0545      0.0000   0.0000   61.39    108    Success 
   105      -36.5295     0.0283      0.0000   0.0000   57.13    109    Success 
   106      -36.5295     0.0325      0.0000   0.0000   63.13    110    Success 
   107      -36.5295     0.0491      0.0000   0.0000   68.28    111    Success 
   108      -36.5295     0.0212      0.0000   0.0000   74.51    112    Success 
   109      -36.5295     0.0207      0.0000   0.0000   58.74    113    Success 
   110      -36.5295     0.0233      0.0000   0.0000   58.56    114    Success 
   111      -36.5296     0.0391      0.0000   0.0000   66.60    115    Success 
   112      -36.5296     0.0266      0.0000   0.0001   77.30    116    Success 
   113      -36.5296     0.0234      0.0000   0.0000   72.61    117    Success 
   114      -36.5296     0.0244      0.0000   0.0000   68.66    118    Success 
   115      -36.5296     0.0300      0.0000   0.0000   66.60    119    Success 
   116      -36.5296     0.0338      0.0000   0.0000   75.44    120    Success 
   117      -36.5296     0.0164      0.0000   0.0000   69.79    121    Success 
   118      -36.5296     0.0147      0.0000   0.0000   68.02    122    Success 
   119      -36.5296     0.0136      0.0000   0.0000   71.34    123    Success 
   120      -36.5296     0.0129      0.0000   0.0000   68.83    124    Success 
   121      -36.5296     0.0218      0.0000   0.0000   70.63    125    Success 
   122      -36.5296     0.0171      0.0000   0.0000   65.88    126    Success 
   123      -36.5296     0.0090      0.0000   0.0000   61.38    127    Success 
   124      -36.5296     0.0067      0.0000   0.0000   43.46    128    Success 
   125      -36.5296     0.0081      0.0000   0.0000   58.95    129    Success 
   126      -36.5296     0.0099      0.0000   0.0000   70.35    130    Success 
   127      -36.5296     0.0099      0.0000   0.0000   75.01    131    Success 
   128      -36.5296     0.0083      0.0000   0.0000   79.35    132    Success 
   129      -36.5296     0.0088      0.0000   0.0000   76.61    134    Success 
   130      -36.5296     0.0069      0.0000   0.0000   71.99    135    Success 
   131      -36.5296     0.0068      0.0000   0.0000   65.92    136    Success 
   132      -36.5296     0.0081      0.0000   0.0000   71.38    137    Success 
   133      -36.5296     0.0116      0.0000   0.0000   77.31    138    Success 
   134      -36.5296     0.0076      0.0000   0.0000   76.91    139    Success 
   135      -36.5296     0.0056      0.0000   0.0000   65.59    140    Success 
   136      -36.5296     0.0062      0.0000   0.0000   69.75    141    Success 
   137      -36.5296     0.0076      0.0000   0.0000   76.47    142    Success 
   138      -36.5296     0.0079      0.0000   0.0000   79.22    143    Success 
   139      -36.5296     0.0035      0.0000   0.0000   71.70    144    Success 
   140      -36.5296     0.0032      0.0000   0.0000   61.88    145    Success 
   141      -36.5296     0.0039      0.0000   0.0000   66.31    146    Success 
   142      -36.5296     0.0038      0.0000   0.0000   72.55    147    Success 
   143      -36.5296     0.0038      0.0000   0.0000   75.58    148    Success 
   144      -36.5296     0.0034      0.0000   0.0000   71.86    149    Success 
   145      -36.5296     0.0012      0.0000   0.0000   66.28    150    Success 
   146      -36.5296     0.0012      0.0000   0.0000   49.21    151    Success 
   147      -36.5296     0.0015      0.0000   0.0000   58.31    152    Success 
   148      -36.5296     0.0022      0.0000   0.0000   67.05    153    Success 
   149      -36.5296     0.0011      0.0000   0.0000   75.61    154    Success 
   150      -36.5296     0.0011      0.0000   0.0000   68.75    155    Success 
   151      -36.5296     0.0026      0.0000   0.0000   70.70    156    Success 
   152      -36.5296     0.0015      0.0000   0.0000   74.49    157    Success 
   153      -36.5296     0.0013      0.0000   0.0000   68.60    158    Success 
   154      -36.5296     0.0017      0.0000   0.0000   73.22    159    Success 
   155      -36.5296     0.0019      0.0000   0.0000   78.65    160    Success 
   156      -36.5296     0.0019      0.0000   0.0000   79.68    161    Success 
   157      -36.5296     0.0016      0.0000   0.0000   80.53    163    Success 
   158      -36.5296     0.0008      0.0000   0.0000   76.32    164   SmallGrad

 LBFGS  --  Normal Termination due to SmallGrad

 Final Function Value :          -36.5296
 Final RMS Gradient :              0.0008
 Final Gradient Norm :             0.0033
