
     ######################################################################
   ##########################################################################
  ###                                                                      ###
 ###            Tinker  ---  Software Tools for Molecular Design            ###
 ##                                                                          ##
 ##                          Version 8.7  June 2019                          ##
 ##                                                                          ##
 ##               Copyright (c)  Jay William Ponder  1990-2019               ##
 ###                           All Rights Reserved                          ###
  ###                                                                      ###
   ##########################################################################
     ######################################################################


 Additional Atom Definition Parameters :

     Type  Class  Symbol  Description               Atomic    Mass   Valence

     403    403     N     ModifiedRes                  7     14.007     3
     412    412     H     ModifiedRes                  1      1.008     1
     401    401     C     ModifiedRes                  6     12.011     4
     410    410     H     ModifiedRes                  1      1.008     1
     404    404     C     ModifiedRes                  6     12.011     3
     411    411     O     ModifiedRes                  8     15.999     1
     402    402     C     ModifiedRes                  6     12.011     4
     407    407     S     ModifiedRes                 16     32.066     2
     408    408     C     ModifiedRes                  6     12.011     2
     416    416     N     ModifiedRes                  7     14.007     1
     409    409     H     ModifiedRes                  1      1.008     1
     406    406     C     ModifiedRes                  6     12.011     3
     413    413     O     ModifiedRes                  8     15.999     1
     405    405     N     ModifiedRes                  7     14.007     3
     414    414     H     ModifiedRes                  1      1.008     1
     415    415     H     ModifiedRes                  1      1.008     1

 Additional Bond Stretching Parameters :

     Atom Classes             K(S)         Length

       401 403             374.800         1.4589
       403 406             482.000         1.3610
       403 412             542.000         1.0150
       401 410             341.000         1.0957
       401 404             345.300         1.5388
       401 402             345.300         1.5181
       404 405             482.000         1.3572
       404 411             705.000         1.2314
       402 409             395.500         1.0914
       402 407             235.800         1.8318
       407 408             235.800         1.6971
       408 416             450.000         1.1861
       406 413             705.000         1.2330
       406 414             356.400         1.1017
       405 415             542.000         1.0125

 Additional Angle Bending Parameters :

     Atom Classes             K(B)          Angle

     403 406 413            60.000        124.094
     401 403 412            35.000        118.942
     406 403 412            35.000        118.838
     401 404 405            70.000        113.359
     401 404 411            80.000        121.700
     401 402 407            53.200        108.210
     401 403 406            50.000        121.364
     404 401 410            38.000        109.343
     402 401 410            38.000        110.332
     403 401 410            50.600        106.311
     402 401 404            60.000        109.451
     403 401 404            80.000        110.698
     402 401 403            80.000        110.661
     402 407 408            60.430         97.779
     407 408 416            60.000        178.379
     409 402 409            39.570        108.414
     401 402 409            42.440        109.507
     407 402 409            60.240        109.536
     405 404 411            60.000        124.942
     413 406 414            68.340        122.634
     403 406 414            31.650        113.263
     415 405 415            22.300        119.362
     404 405 415            35.000        117.511

 Additional Stretch-Bend Parameters :

     Atom Classes          K(SB)-1        K(SB)-2

     401 403 412             4.300          7.200
     406 403 412             4.300          7.200
     401 404 405            18.700         18.700
     401 402 407            18.700         18.700
     401 403 406             7.200          7.200
     404 401 410            11.500         18.700
     402 401 410            11.500         18.700
     403 401 410            11.500         11.500
     402 401 404            18.700         18.700
     403 401 404            18.700         18.700
     402 401 403            18.700         18.700
     402 407 408            -5.750         -5.750
     401 402 409            11.500         11.500
     407 402 409            11.500         11.500
     403 406 414            11.500         11.500
     404 405 415             4.300          7.200
     415 405 415             4.300          7.200
     401 404 411            18.700         18.700
     413 406 414            11.500         11.500

 Additional Out-of-Plane Bend Parameters :

     Atom Classes                   K(OPB)

     401 403   0   0                14.400
     401 404   0   0                14.400
     403 406   0   0               107.910
     404 405   0   0                71.940
     405 404   0   0               107.910
     406 403   0   0                71.940
     411 404   0   0               122.298
     412 403   0   0                 5.755
     413 406   0   0               122.298
     414 406   0   0               140.283
     415 405   0   0                 5.755

 Additional Torsional Parameters :

     Atom Classes     1-Fold    2-Fold    3-Fold    4-Fold    5-Fold    6-Fold

   403 401 404 405   0.00   0  0.00 180  0.00   0  0.00   0  0.00   0  0.00   0
   403 401 404 411   0.00   0  0.00 180  0.00   0  0.00   0  0.00   0  0.00   0
   403 401 402 409   0.00   0  0.00 180  0.00   0  0.00   0  0.00   0  0.00   0
   403 401 402 407   0.00   0  0.00 180  0.00   0  0.00   0  0.00   0  0.00   0
   410 401 403 412   0.00   0  0.00 180  0.00   0  0.00   0  0.00   0  0.00   0
   404 401 403 412   0.00   0  0.00 180  0.00   0  0.00   0  0.00   0  0.00   0
   402 401 403 412   0.00   0  0.00 180  0.00   0  0.00   0  0.00   0  0.00   0
   412 403 406 413   0.00   0  0.00 180  0.00   0  0.00   0  0.00   0  0.00   0
   412 403 406 414   0.00   0  0.00 180  0.00   0  0.00   0  0.00   0  0.00   0
   401 404 405 415   0.00   0  1.20 180  0.80   0  0.00   0  0.00   0  0.00   0
   401 402 407 408   0.00   0  0.00 180  0.00   0  0.00   0  0.00   0  0.00   0
   401 403 406 413   0.00   0  0.00 180  0.00   0  0.00   0  0.00   0  0.00   0
   401 403 406 414   0.00   0  0.00 180  0.00   0  0.00   0  0.00   0  0.00   0
   410 401 404 405   0.00   0  0.00 180  0.00   0  0.00   0  0.00   0  0.00   0
   410 401 404 411   0.00   0  0.00 180  0.00   0  0.00   0  0.00   0  0.00   0
   410 401 402 409   0.00   0  0.00 180  0.00   0  0.00   0  0.00   0  0.00   0
   410 401 402 407   0.00   0  0.00 180  0.00   0  0.00   0  0.00   0  0.00   0
   410 401 403 406   0.00   0  0.00 180  0.00   0  0.00   0  0.00   0  0.00   0
   404 401 402 409   0.00   0  0.00 180  0.00   0  0.00   0  0.00   0  0.00   0
   404 401 402 407   0.00   0  0.00 180  0.00   0  0.00   0  0.00   0  0.00   0
   404 401 403 406   0.00   0  0.00 180  0.00   0  0.00   0  0.00   0  0.00   0
   411 404 405 415   0.00   0  0.00 180  0.00   0  0.00   0  0.00   0  0.00   0
   402 401 404 411   0.00   0  0.00 180  0.00   0  0.00   0  0.00   0  0.00   0
   402 401 404 405   0.00   0  0.00 180  0.00   0  0.00   0  0.00   0  0.00   0
   402 401 403 406   0.00   0  0.00 180  0.00   0  0.00   0  0.00   0  0.00   0
   402 407 408 416   0.00   0  0.00 180  0.50   0  0.00   0  0.00   0  0.00   0
   409 402 407 408   0.00   0  0.00 180  0.00   0  0.00   0  0.00   0  0.00   0

 Additional Pi-Orbital Torsion Parameters :

     Atom Classes       2-Fold

       404 405           6.850
       403 406           6.850

 Additional van der Waals Parameters :

     Atom Class               Size        Epsilon        Reduction

         403                3.7100         0.1100          0.000
         412                2.5900         0.0220          0.900
         401                3.6500         0.1010          0.000
         410                2.8800         0.0240          0.910
         404                3.8200         0.1060          0.000
         411                3.3000         0.1120          0.000
         402                3.7800         0.1060          0.000
         407                4.0050         0.3550          0.000
         408                3.7800         0.1060          0.000
         416                3.7100         0.1050          0.000
         409                2.8700         0.0330          0.900
         406                3.8200         0.1060          0.000
         413                3.3000         0.1120          0.000
         405                3.7100         0.1100          0.000
         414                2.9200         0.0300          0.920
         415                2.5900         0.0220          0.900

 Additional Atomic Multipole Parameters :

     Atom Type     Coordinate Frame Definition         Multipole Moments

         401      403    404      0   Z-then-X    -0.27040
                                                  -0.22190  0.00000  0.26102
                                                  -0.17903
                                                   0.00000 -0.24517
                                                   0.13675  0.00000  0.42420

         402      407    401      0   Z-then-X    -0.16380
                                                   0.27778  0.00000 -0.20334
                                                   0.30211
                                                   0.00000 -0.49081
                                                  -0.33263  0.00000  0.18870

         403      406    401      0   Z-then-X    -0.06286
                                                   0.37348  0.00000 -0.12295
                                                   0.79149
                                                   0.00000 -1.08676
                                                  -0.63736  0.00000  0.29527

         404      411    405      0   Z-then-X     0.97419
                                                  -0.10999  0.00000  0.25580
                                                   0.38321
                                                   0.00000 -0.33696
                                                  -0.17133  0.00000 -0.04625

         405      404    415      0   Z-then-X    -0.32376
                                                   0.05823  0.00000 -0.07138
                                                   0.32176
                                                   0.00000 -0.38869
                                                  -0.03945  0.00000  0.06693

         406      413    403      0   Z-then-X     0.63075
                                                   0.40149  0.00000  0.25741
                                                  -0.01797
                                                   0.00000  0.01503
                                                   0.00873  0.00000  0.00294

         407      408    402      0   Z-then-X     0.34019
                                                   0.47821  0.00000  0.49978
                                                   1.11919
                                                   0.00000 -2.31639
                                                  -0.50667  0.00000  1.19720

         408      407    416      0   Z-then-X     0.21608
                                                   0.00820  0.00000 -0.28509
                                                   0.05369
                                                   0.00000  0.10740
                                                   0.05156  0.00000 -0.16109

         409      402    407      0   Z-then-X     0.09933
                                                   0.00064  0.00000 -0.16410
                                                   0.07960
                                                   0.00000  0.07569
                                                  -0.01944  0.00000 -0.15529

         410      401    403      0   Z-then-X     0.10718
                                                  -0.02083  0.00000 -0.03604
                                                  -0.03187
                                                   0.00000  0.01466
                                                  -0.01392  0.00000  0.01721

         411      404    405      0   Z-then-X    -0.77613
                                                   0.13027  0.00000 -0.18830
                                                  -0.53109
                                                   0.00000  0.25725
                                                   0.21601  0.00000  0.27384

         412      403    401      0   Z-then-X     0.11911
                                                   0.01244  0.00000 -0.25689
                                                   0.04573
                                                   0.00000  0.01640
                                                  -0.00301  0.00000 -0.06213

         413      406    403      0   Z-then-X    -0.66614
                                                  -0.21394  0.00000 -0.03273
                                                  -0.49754
                                                   0.00000  0.12402
                                                  -0.24547  0.00000  0.37352

         414      406    413      0   Z-then-X    -0.02624
                                                   0.07068  0.00000 -0.22870
                                                   0.12255
                                                   0.00000  0.03666
                                                   0.03118  0.00000 -0.15921

         415      405    404      0   Z-then-X     0.13248
                                                   0.00045  0.00000 -0.38308
                                                   0.28470
                                                   0.00000  0.12111
                                                   0.01221  0.00000 -0.40581

         416      408    407      0   Z-then-X    -0.56179
                                                   0.01684  0.00000 -0.29231
                                                   0.37390
                                                   0.00000  0.24558
                                                   0.00671  0.00000 -0.61948

 Additional Atomic Dipole Polarizability Parameters :

     Atom Type           Alpha       Thole     Group Atom Types

         403             1.073       0.390         412  401  406
         412             0.496       0.390         403
         401             1.334       0.390         403  410  404  402
         410             0.496       0.390         401
         404             1.334       0.390         401  411  405
         411             0.837       0.390         404
         402             1.334       0.390         401  407  409
         407             3.300       0.390         402  408
         408             1.334       0.390         407  416
         416             1.073       0.390         408
         409             0.496       0.390         402
         406             1.334       0.390         403  413  414
         413             0.837       0.390         406
         405             1.073       0.390         404  415
         414             0.494       0.390         406
         415             0.496       0.390         405

 Limited Memory BFGS Quasi-Newton Optimization :

 QN Iter     F Value      G RMS      F Move   X Move   Angle  FG Call  Comment

     0      -27.1730     7.2790                                   1
     1      -27.2251     4.1468      0.0521   0.0008    0.00      3    Success 
     2      -27.2459     3.0750      0.0209   0.0004   29.84      4    Success 
     3      -27.2712     2.1058      0.0252   0.0009   29.19      5    Success 
     4      -27.2807     2.6151      0.0095   0.0008   42.75      6    Success 
     5      -27.2865     1.6159      0.0058   0.0002   51.78      7    Success 
     6      -27.2950     1.3389      0.0086   0.0006   44.87      8    Success 
     7      -27.3036     1.8880      0.0086   0.0008   54.47      9    Success 
     8      -27.3173     2.4090      0.0136   0.0013   68.21     10    Success 
     9      -27.3329     3.7179      0.0157   0.0022   73.44     11    Success 
    10      -27.3541     2.1552      0.0211   0.0025   79.37     12    Success 
    11      -27.3684     1.3538      0.0144   0.0018   73.34     13    Success 
    12      -27.3805     1.7245      0.0121   0.0017   63.73     14    Success 
    13      -27.3899     1.8540      0.0094   0.0015   71.07     15    Success 
    14      -27.4002     1.5037      0.0103   0.0015   73.37     16    Success 
    15      -27.4123     1.5559      0.0121   0.0022   70.69     17    Success 
    16      -27.4243     1.9480      0.0120   0.0022   72.23     18    Success 
    17      -27.4358     1.8610      0.0115   0.0018   76.85     19    Success 
    18      -27.4530     1.4975      0.0172   0.0029   76.51     20    Success 
    19      -27.4612     1.7464      0.0082   0.0024   75.55     22    Success 
    20      -27.4692     0.7879      0.0079   0.0020   78.21     23    Success 
    21      -27.4730     0.8899      0.0039   0.0009   68.30     24    Success 
    22      -27.4794     1.0342      0.0064   0.0014   69.78     25    Success 
    23      -27.4881     1.3220      0.0087   0.0025   74.03     26    Success 
    24      -27.4926     1.4742      0.0046   0.0020   79.08     28    Success 
    25      -27.4962     0.6614      0.0035   0.0012   79.01     29    Success 
    26      -27.4980     0.5888      0.0019   0.0003   52.95     30    Success 
    27      -27.4995     1.9693      0.0015   0.0006   50.75     31    Success 
    28      -27.5015     1.0124      0.0020   0.0004   76.75     32    Success 
    29      -27.5030     0.5414      0.0015   0.0006   78.86     33    Success 
    30      -27.5045     0.6547      0.0014   0.0009   76.50     34    Success 
    31      -27.5058     0.6944      0.0014   0.0008   79.75     35    Success 
    32      -27.5081     0.7923      0.0023   0.0010   77.16     36    Success 
    33      -27.5117     0.7038      0.0036   0.0016   78.23     37    Success 
    34      -27.5163     0.9024      0.0045   0.0025   76.85     38    Success 
    35      -27.5190     0.8204      0.0027   0.0017   80.53     39    Success 
    36      -27.5212     0.6199      0.0022   0.0010   75.79     40    Success 
    37      -27.5232     0.4981      0.0019   0.0006   65.07     41    Success 
    38      -27.5241     1.2994      0.0009   0.0010   64.10     42    Success 
    39      -27.5255     0.7261      0.0014   0.0002   66.76     43    Success 
    40      -27.5267     0.3140      0.0013   0.0006   75.66     44    Success 
    41      -27.5272     0.3547      0.0004   0.0005   78.97     45    Success 
    42      -27.5279     0.3273      0.0007   0.0006   75.89     46    Success 
    43      -27.5290     0.3369      0.0011   0.0010   75.59     47    Success 
    44      -27.5298     0.5438      0.0009   0.0014   75.10     48    Success 
    45      -27.5307     0.2674      0.0009   0.0004   71.63     49    Success 
    46      -27.5312     0.2546      0.0005   0.0003   65.19     50    Success 
    47      -27.5317     0.3496      0.0005   0.0005   65.89     51    Success 
    48      -27.5319     0.2787      0.0002   0.0002   73.13     53    Success 
    49      -27.5320     0.1665      0.0002   0.0001   73.95     54    Success 
    50      -27.5322     0.1628      0.0002   0.0003   72.73     55    Success 
    51      -27.5322     0.2546      0.0000   0.0002   80.17     57    Success 
    52      -27.5323     0.1539      0.0001   0.0001   80.22     58    Success 
    53      -27.5324     0.0888      0.0001   0.0001   69.68     59    Success 
    54      -27.5324     0.1010      0.0000   0.0001   60.04     60    Success 
    55      -27.5325     0.0963      0.0001   0.0001   63.74     61    Success 
    56      -27.5326     0.0993      0.0001   0.0002   68.00     62    Success 
    57      -27.5326     0.0945      0.0000   0.0001   71.98     64    Success 
    58      -27.5326     0.0526      0.0000   0.0001   75.96     65    Success 
    59      -27.5326     0.0451      0.0000   0.0000   63.56     66    Success 
    60      -27.5326     0.0592      0.0000   0.0001   59.02     67    Success 
    61      -27.5326     0.0884      0.0000   0.0001   69.65     68    Success 
    62      -27.5327     0.1135      0.0000   0.0002   77.53     69    Success 
    63      -27.5327     0.0601      0.0000   0.0001   72.37     70    Success 
    64      -27.5327     0.0672      0.0000   0.0001   66.35     71    Success 
    65      -27.5327     0.0776      0.0000   0.0001   75.43     72    Success 
    66      -27.5328     0.1244      0.0000   0.0001   77.66     73    Success 
    67      -27.5328     0.0558      0.0000   0.0001   82.01     74    Success 
    68      -27.5328     0.0368      0.0000   0.0001   72.19     75    Success 
    69      -27.5328     0.0513      0.0000   0.0001   63.61     76    Success 
    70      -27.5328     0.0573      0.0000   0.0001   74.26     77    Success 
    71      -27.5328     0.1372      0.0000   0.0001   77.26     78    Success 
    72      -27.5328     0.1095      0.0000   0.0000   74.58     79    Success 
    73      -27.5328     0.0597      0.0000   0.0000   73.50     80    Success 
    74      -27.5328     0.0302      0.0000   0.0000   73.22     81    Success 
    75      -27.5329     0.0365      0.0000   0.0000   72.42     82    Success 
    76      -27.5329     0.0355      0.0000   0.0000   73.57     83    Success 
    77      -27.5329     0.0767      0.0000   0.0001   74.55     84    Success 
    78      -27.5329     0.0247      0.0000   0.0001   82.16     85    Success 
    79      -27.5329     0.0195      0.0000   0.0000   64.42     86    Success 
    80      -27.5329     0.0240      0.0000   0.0000   57.30     87    Success 
    81      -27.5329     0.0389      0.0000   0.0000   65.48     88    Success 
    82      -27.5329     0.0369      0.0000   0.0000   78.23     89    Success 
    83      -27.5329     0.0368      0.0000   0.0001   78.89     90    Success 
    84      -27.5329     0.0251      0.0000   0.0001   78.69     91    Success 
    85      -27.5329     0.0383      0.0000   0.0001   74.74     92    Success 
    86      -27.5329     0.0372      0.0000   0.0000   77.39     93    Success 
    87      -27.5329     0.0335      0.0000   0.0001   78.31     94    Success 
    88      -27.5329     0.0561      0.0000   0.0001   78.45     95    Success 
    89      -27.5329     0.0286      0.0000   0.0001   79.89     96    Success 
    90      -27.5329     0.0249      0.0000   0.0000   75.63     97    Success 
    91      -27.5329     0.0228      0.0000   0.0001   76.68     98    Success 
    92      -27.5329     0.0232      0.0000   0.0000   76.39    100    Success 
    93      -27.5329     0.0133      0.0000   0.0000   77.70    101    Success 
    94      -27.5329     0.0110      0.0000   0.0000   68.10    102    Success 
    95      -27.5329     0.0178      0.0000   0.0000   62.96    103    Success 
    96      -27.5329     0.0198      0.0000   0.0000   75.39    104    Success 
    97      -27.5329     0.0124      0.0000   0.0000   71.20    105    Success 
    98      -27.5329     0.0105      0.0000   0.0000   63.91    106    Success 
    99      -27.5329     0.0110      0.0000   0.0000   70.80    107    Success 
   100      -27.5329     0.0173      0.0000   0.0000   76.69    109    Success 
   101      -27.5329     0.0082      0.0000   0.0000   79.60    110    Success 
   102      -27.5329     0.0074      0.0000   0.0000   70.27    111    Success 
   103      -27.5329     0.0080      0.0000   0.0000   67.23    112    Success 
   104      -27.5329     0.0089      0.0000   0.0000   68.16    113    Success 
   105      -27.5329     0.0086      0.0000   0.0000   74.84    115    Success 
   106      -27.5329     0.0057      0.0000   0.0000   71.97    116    Success 
   107      -27.5329     0.0067      0.0000   0.0000   65.65    117    Success 
   108      -27.5329     0.0088      0.0000   0.0000   72.86    118    Success 
   109      -27.5329     0.0131      0.0000   0.0000   78.97    119    Success 
   110      -27.5329     0.0054      0.0000   0.0000   75.05    120    Success 
   111      -27.5329     0.0040      0.0000   0.0000   63.86    121    Success 
   112      -27.5329     0.0048      0.0000   0.0000   66.56    122    Success 
   113      -27.5329     0.0053      0.0000   0.0000   72.01    123    Success 
   114      -27.5329     0.0079      0.0000   0.0000   75.56    124    Success 
   115      -27.5329     0.0034      0.0000   0.0000   77.55    125    Success 
   116      -27.5329     0.0024      0.0000   0.0000   59.58    126    Success 
   117      -27.5329     0.0047      0.0000   0.0000   56.15    127    Success 
   118      -27.5329     0.0022      0.0000   0.0000   62.62    128    Success 
   119      -27.5329     0.0013      0.0000   0.0000   61.94    129    Success 
   120      -27.5329     0.0014      0.0000   0.0000   50.48    130    Success 
   121      -27.5329     0.0017      0.0000   0.0000   69.02    131    Success 
   122      -27.5329     0.0011      0.0000   0.0000   74.12    132    Success 
   123      -27.5329     0.0012      0.0000   0.0000   68.99    133    Success 
   124      -27.5329     0.0027      0.0000   0.0000   68.73    134    Success 
   125      -27.5329     0.0023      0.0000   0.0000   73.64    135    Success 
   126      -27.5329     0.0015      0.0000   0.0000   66.42    136    Success 
   127      -27.5329     0.0005      0.0000   0.0000   55.13    137   SmallGrad

 LBFGS  --  Normal Termination due to SmallGrad

 Final Function Value :          -27.5329
 Final RMS Gradient :              0.0005
 Final Gradient Norm :             0.0023
