
     ######################################################################
   ##########################################################################
  ###                                                                      ###
 ###            Tinker  ---  Software Tools for Molecular Design            ###
 ##                                                                          ##
 ##                          Version 8.7  June 2019                          ##
 ##                                                                          ##
 ##               Copyright (c)  Jay William Ponder  1990-2019               ##
 ###                           All Rights Reserved                          ###
  ###                                                                      ###
   ##########################################################################
     ######################################################################


 Additional Atom Definition Parameters :

     Type  Class  Symbol  Description               Atomic    Mass   Valence

     403    403     N     ModifiedRes                  7     14.007     3
     412    412     H     ModifiedRes                  1      1.008     1
     401    401     C     ModifiedRes                  6     12.011     4
     410    410     H     ModifiedRes                  1      1.008     1
     404    404     C     ModifiedRes                  6     12.011     3
     411    411     O     ModifiedRes                  8     15.999     1
     402    402     C     ModifiedRes                  6     12.011     4
     407    407     S     ModifiedRes                 16     32.066     2
     408    408     C     ModifiedRes                  6     12.011     2
     416    416     N     ModifiedRes                  7     14.007     1
     409    409     H     ModifiedRes                  1      1.008     1
     406    406     C     ModifiedRes                  6     12.011     3
     413    413     O     ModifiedRes                  8     15.999     1
     405    405     N     ModifiedRes                  7     14.007     3
     414    414     H     ModifiedRes                  1      1.008     1
     415    415     H     ModifiedRes                  1      1.008     1

 Additional Bond Stretching Parameters :

     Atom Classes             K(S)         Length

       401 403             374.800         1.4589
       403 406             482.000         1.3610
       403 412             542.000         1.0150
       401 410             341.000         1.0957
       401 404             345.300         1.5388
       401 402             345.300         1.5181
       404 405             482.000         1.3572
       404 411             705.000         1.2314
       402 409             395.500         1.0914
       402 407             235.800         1.8318
       407 408             235.800         1.6971
       408 416             450.000         1.1861
       406 413             705.000         1.2330
       406 414             356.400         1.1017
       405 415             542.000         1.0125

 Additional Angle Bending Parameters :

     Atom Classes             K(B)          Angle

     403 406 413            60.000        124.094
     401 403 412            35.000        118.942
     406 403 412            35.000        118.838
     401 404 405            70.000        113.359
     401 404 411            80.000        121.700
     401 402 407            53.200        108.210
     401 403 406            50.000        121.364
     404 401 410            38.000        109.343
     402 401 410            38.000        110.332
     403 401 410            50.600        106.311
     402 401 404            60.000        109.451
     403 401 404            80.000        110.698
     402 401 403            80.000        110.661
     402 407 408            60.430         97.779
     407 408 416            60.000        178.379
     409 402 409            39.570        108.414
     401 402 409            42.440        109.507
     407 402 409            60.240        109.536
     405 404 411            60.000        124.942
     413 406 414            68.340        122.634
     403 406 414            31.650        113.263
     415 405 415            22.300        119.362
     404 405 415            35.000        117.511

 Additional Stretch-Bend Parameters :

     Atom Classes          K(SB)-1        K(SB)-2

     401 403 412             4.300          7.200
     406 403 412             4.300          7.200
     401 404 405            18.700         18.700
     401 402 407            18.700         18.700
     401 403 406             7.200          7.200
     404 401 410            11.500         18.700
     402 401 410            11.500         18.700
     403 401 410            11.500         11.500
     402 401 404            18.700         18.700
     403 401 404            18.700         18.700
     402 401 403            18.700         18.700
     402 407 408            -5.750         -5.750
     401 402 409            11.500         11.500
     407 402 409            11.500         11.500
     403 406 414            11.500         11.500
     404 405 415             4.300          7.200
     415 405 415             4.300          7.200
     401 404 411            18.700         18.700
     413 406 414            11.500         11.500

 Additional Out-of-Plane Bend Parameters :

     Atom Classes                   K(OPB)

     401 403   0   0                14.400
     401 404   0   0                14.400
     403 406   0   0               107.910
     404 405   0   0                71.940
     405 404   0   0               107.910
     406 403   0   0                71.940
     411 404   0   0               122.298
     412 403   0   0                 5.755
     413 406   0   0               122.298
     414 406   0   0               140.283
     415 405   0   0                 5.755

 Additional Torsional Parameters :

     Atom Classes     1-Fold    2-Fold    3-Fold    4-Fold    5-Fold    6-Fold

   403 401 404 405   0.00   0  0.00 180  0.00   0  0.00   0  0.00   0  0.00   0
   403 401 404 411   0.00   0  0.00 180  0.00   0  0.00   0  0.00   0  0.00   0
   403 401 402 409   0.00   0  0.00 180  0.00   0  0.00   0  0.00   0  0.00   0
   403 401 402 407   0.00   0  0.00 180  0.00   0  0.00   0  0.00   0  0.00   0
   410 401 403 412   0.00   0  0.00 180  0.00   0  0.00   0  0.00   0  0.00   0
   404 401 403 412   0.00   0  0.00 180  0.00   0  0.00   0  0.00   0  0.00   0
   402 401 403 412   0.00   0  0.00 180  0.00   0  0.00   0  0.00   0  0.00   0
   412 403 406 413   0.00   0  0.00 180  0.00   0  0.00   0  0.00   0  0.00   0
   412 403 406 414   0.00   0  0.00 180  0.00   0  0.00   0  0.00   0  0.00   0
   401 404 405 415   0.00   0  1.20 180  0.80   0  0.00   0  0.00   0  0.00   0
   401 402 407 408   0.00   0  0.00 180  0.00   0  0.00   0  0.00   0  0.00   0
   401 403 406 413   0.00   0  0.00 180  0.00   0  0.00   0  0.00   0  0.00   0
   401 403 406 414   0.00   0  0.00 180  0.00   0  0.00   0  0.00   0  0.00   0
   410 401 404 405   0.00   0  0.00 180  0.00   0  0.00   0  0.00   0  0.00   0
   410 401 404 411   0.00   0  0.00 180  0.00   0  0.00   0  0.00   0  0.00   0
   410 401 402 409   0.00   0  0.00 180  0.00   0  0.00   0  0.00   0  0.00   0
   410 401 402 407   0.00   0  0.00 180  0.00   0  0.00   0  0.00   0  0.00   0
   410 401 403 406   0.00   0  0.00 180  0.00   0  0.00   0  0.00   0  0.00   0
   404 401 402 409   0.00   0  0.00 180  0.00   0  0.00   0  0.00   0  0.00   0
   404 401 402 407   0.00   0  0.00 180  0.00   0  0.00   0  0.00   0  0.00   0
   404 401 403 406   0.00   0  0.00 180  0.00   0  0.00   0  0.00   0  0.00   0
   411 404 405 415   0.00   0  0.00 180  0.00   0  0.00   0  0.00   0  0.00   0
   402 401 404 411   0.00   0  0.00 180  0.00   0  0.00   0  0.00   0  0.00   0
   402 401 404 405   0.00   0  0.00 180  0.00   0  0.00   0  0.00   0  0.00   0
   402 401 403 406   0.00   0  0.00 180  0.00   0  0.00   0  0.00   0  0.00   0
   402 407 408 416   0.00   0  0.00 180  0.50   0  0.00   0  0.00   0  0.00   0
   409 402 407 408   0.00   0  0.00 180  0.00   0  0.00   0  0.00   0  0.00   0

 Additional Pi-Orbital Torsion Parameters :

     Atom Classes       2-Fold

       404 405           6.850
       403 406           6.850

 Additional van der Waals Parameters :

     Atom Class               Size        Epsilon        Reduction

         403                3.7100         0.1100          0.000
         412                2.5900         0.0220          0.900
         401                3.6500         0.1010          0.000
         410                2.8800         0.0240          0.910
         404                3.8200         0.1060          0.000
         411                3.3000         0.1120          0.000
         402                3.7800         0.1060          0.000
         407                4.0050         0.3550          0.000
         408                3.7800         0.1060          0.000
         416                3.7100         0.1050          0.000
         409                2.8700         0.0330          0.900
         406                3.8200         0.1060          0.000
         413                3.3000         0.1120          0.000
         405                3.7100         0.1100          0.000
         414                2.9200         0.0300          0.920
         415                2.5900         0.0220          0.900

 Additional Atomic Multipole Parameters :

     Atom Type     Coordinate Frame Definition         Multipole Moments

         401      403    404      0   Z-then-X    -0.27040
                                                  -0.22190  0.00000  0.26102
                                                  -0.17903
                                                   0.00000 -0.24517
                                                   0.13675  0.00000  0.42420

         402      407    401      0   Z-then-X    -0.16380
                                                   0.27778  0.00000 -0.20334
                                                   0.30211
                                                   0.00000 -0.49081
                                                  -0.33263  0.00000  0.18870

         403      406    401      0   Z-then-X    -0.06286
                                                   0.37348  0.00000 -0.12295
                                                   0.79149
                                                   0.00000 -1.08676
                                                  -0.63736  0.00000  0.29527

         404      411    405      0   Z-then-X     0.97419
                                                  -0.10999  0.00000  0.25580
                                                   0.38321
                                                   0.00000 -0.33696
                                                  -0.17133  0.00000 -0.04625

         405      404    415      0   Z-then-X    -0.32376
                                                   0.05823  0.00000 -0.07138
                                                   0.32176
                                                   0.00000 -0.38869
                                                  -0.03945  0.00000  0.06693

         406      413    403      0   Z-then-X     0.63075
                                                   0.40149  0.00000  0.25741
                                                  -0.01797
                                                   0.00000  0.01503
                                                   0.00873  0.00000  0.00294

         407      408    402      0   Z-then-X     0.34019
                                                   0.47821  0.00000  0.49978
                                                   1.11919
                                                   0.00000 -2.31639
                                                  -0.50667  0.00000  1.19720

         408      407    416      0   Z-then-X     0.21608
                                                   0.00820  0.00000 -0.28509
                                                   0.05369
                                                   0.00000  0.10740
                                                   0.05156  0.00000 -0.16109

         409      402    407      0   Z-then-X     0.09933
                                                   0.00064  0.00000 -0.16410
                                                   0.07960
                                                   0.00000  0.07569
                                                  -0.01944  0.00000 -0.15529

         410      401    403      0   Z-then-X     0.10718
                                                  -0.02083  0.00000 -0.03604
                                                  -0.03187
                                                   0.00000  0.01466
                                                  -0.01392  0.00000  0.01721

         411      404    405      0   Z-then-X    -0.77613
                                                   0.13027  0.00000 -0.18830
                                                  -0.53109
                                                   0.00000  0.25725
                                                   0.21601  0.00000  0.27384

         412      403    401      0   Z-then-X     0.11911
                                                   0.01244  0.00000 -0.25689
                                                   0.04573
                                                   0.00000  0.01640
                                                  -0.00301  0.00000 -0.06213

         413      406    403      0   Z-then-X    -0.66614
                                                  -0.21394  0.00000 -0.03273
                                                  -0.49754
                                                   0.00000  0.12402
                                                  -0.24547  0.00000  0.37352

         414      406    413      0   Z-then-X    -0.02624
                                                   0.07068  0.00000 -0.22870
                                                   0.12255
                                                   0.00000  0.03666
                                                   0.03118  0.00000 -0.15921

         415      405    404      0   Z-then-X     0.13248
                                                   0.00045  0.00000 -0.38308
                                                   0.28470
                                                   0.00000  0.12111
                                                   0.01221  0.00000 -0.40581

         416      408    407      0   Z-then-X    -0.56179
                                                   0.01684  0.00000 -0.29231
                                                   0.37390
                                                   0.00000  0.24558
                                                   0.00671  0.00000 -0.61948

 Additional Atomic Dipole Polarizability Parameters :

     Atom Type           Alpha       Thole     Group Atom Types

         403             1.073       0.390         412  401  406
         412             0.496       0.390         403
         401             1.334       0.390         403  410  404  402
         410             0.496       0.390         401
         404             1.334       0.390         401  411  405
         411             0.837       0.390         404
         402             1.334       0.390         401  407  409
         407             3.300       0.390         402  408
         408             1.334       0.390         407  416
         416             1.073       0.390         408
         409             0.496       0.390         402
         406             1.334       0.390         403  413  414
         413             0.837       0.390         406
         405             1.073       0.390         404  415
         414             0.494       0.390         406
         415             0.496       0.390         405

 Limited Memory BFGS Quasi-Newton Optimization :

 QN Iter     F Value      G RMS      F Move   X Move   Angle  FG Call  Comment

     0      -34.5644    10.1440                                   1
     1      -34.7036     9.2720      0.1392   0.0015    0.00      3    Success 
     2      -34.7941     6.6667      0.0905   0.0010   42.22      4    Success 
     3      -34.9065     6.3165      0.1123   0.0019   44.92      5    Success 
     4      -35.0429     6.6316      0.1364   0.0029   54.46      6    Success 
     5      -35.1870     9.3818      0.1441   0.0049   61.91      7    Success 
     6      -35.3510     6.3978      0.1640   0.0039   70.71      8    Success 
     7      -35.5524     6.0715      0.2014   0.0063   65.10      9    Success 
     8      -35.6157     8.8646      0.0633   0.0029   68.00     11    Success 
     9      -35.7018     5.2279      0.0861   0.0029   74.44     12    Success 
    10      -35.7709     4.0950      0.0691   0.0027   68.69     13    Success 
    11      -35.8473     3.9885      0.0764   0.0032   63.41     14    Success 
    12      -35.9515     3.9429      0.1043   0.0046   65.25     15    Success 
    13      -36.0601     5.0190      0.1085   0.0074   67.62     16    Success 
    14      -36.1175     3.0219      0.0574   0.0046   72.11     17    Success 
    15      -36.1454     1.9981      0.0279   0.0010   47.79     18    Success 
    16      -36.1846     2.2362      0.0393   0.0023   46.60     19    Success 
    17      -36.2256     3.1099      0.0410   0.0037   66.64     20    Success 
    18      -36.2509     3.5952      0.0253   0.0060   75.82     21    Success 
    19      -36.2748     1.3436      0.0238   0.0009   51.09     22    Success 
    20      -36.2832     1.2075      0.0085   0.0006   43.16     23    Success 
    21      -36.2957     1.4130      0.0125   0.0013   55.32     24    Success 
    22      -36.3080     2.3157      0.0123   0.0024   66.04     25    Success 
    23      -36.3198     1.3432      0.0118   0.0020   76.16     26    Success 
    24      -36.3236     2.1662      0.0038   0.0011   66.01     27    Success 
    25      -36.3281     0.9086      0.0045   0.0004   65.76     28    Success 
    26      -36.3307     0.9496      0.0026   0.0003   52.32     29    Success 
    27      -36.3343     1.0341      0.0036   0.0007   65.09     30    Success 
    28      -36.3383     0.8485      0.0040   0.0010   71.93     31    Success 
    29      -36.3399     0.9235      0.0016   0.0006   69.90     33    Success 
    30      -36.3417     0.5417      0.0019   0.0006   73.26     34    Success 
    31      -36.3429     0.6044      0.0012   0.0004   64.97     35    Success 
    32      -36.3441     0.7871      0.0012   0.0005   68.55     36    Success 
    33      -36.3450     0.4142      0.0010   0.0003   71.86     37    Success 
    34      -36.3456     0.3817      0.0006   0.0002   59.05     38    Success 
    35      -36.3464     0.5377      0.0008   0.0003   63.25     39    Success 
    36      -36.3472     0.5764      0.0008   0.0005   75.18     40    Success 
    37      -36.3478     0.6201      0.0006   0.0007   77.45     41    Success 
    38      -36.3484     0.2700      0.0006   0.0001   47.72     42    Success 
    39      -36.3488     0.3468      0.0004   0.0002   38.29     43    Success 
    40      -36.3492     0.4671      0.0004   0.0002   69.81     44    Success 
    41      -36.3499     0.5543      0.0007   0.0004   76.25     45    Success 
    42      -36.3506     0.6673      0.0007   0.0008   79.58     46    Success 
    43      -36.3515     0.3611      0.0009   0.0007   80.96     47    Success 
    44      -36.3519     0.2239      0.0004   0.0004   76.66     48    Success 
    45      -36.3523     0.2613      0.0004   0.0004   68.01     49    Success 
    46      -36.3525     0.7698      0.0002   0.0004   71.30     50    Success 
    47      -36.3529     0.4789      0.0004   0.0002   77.28     51    Success 
    48      -36.3534     0.2504      0.0005   0.0003   75.64     52    Success 
    49      -36.3537     0.2995      0.0003   0.0004   75.52     53    Success 
    50      -36.3540     0.2874      0.0004   0.0004   78.58     54    Success 
    51      -36.3545     0.3511      0.0005   0.0006   77.51     55    Success 
    52      -36.3550     0.3296      0.0005   0.0008   79.04     56    Success 
    53      -36.3553     0.1957      0.0003   0.0002   66.61     57    Success 
    54      -36.3556     0.2125      0.0003   0.0002   57.72     58    Success 
    55      -36.3558     0.3482      0.0002   0.0003   71.83     59    Success 
    56      -36.3559     0.1996      0.0002   0.0004   80.75     60    Success 
    57      -36.3560     0.1051      0.0001   0.0001   55.25     61    Success 
    58      -36.3561     0.1106      0.0001   0.0001   59.44     62    Success 
    59      -36.3562     0.1281      0.0001   0.0001   64.67     63    Success 
    60      -36.3562     0.2731      0.0001   0.0002   70.34     64    Success 
    61      -36.3563     0.1518      0.0001   0.0002   79.26     65    Success 
    62      -36.3564     0.1147      0.0001   0.0002   74.57     66    Success 
    63      -36.3565     0.1380      0.0001   0.0002   73.25     67    Success 
    64      -36.3566     0.2790      0.0001   0.0003   75.22     68    Success 
    65      -36.3567     0.1531      0.0001   0.0002   80.22     69    Success 
    66      -36.3568     0.0992      0.0001   0.0001   73.17     70    Success 
    67      -36.3568     0.1230      0.0001   0.0001   68.81     71    Success 
    68      -36.3569     0.1353      0.0001   0.0002   75.63     72    Success 
    69      -36.3569     0.3087      0.0000   0.0002   78.02     73    Success 
    70      -36.3569     0.2015      0.0000   0.0000   63.85     74    Success 
    71      -36.3570     0.0728      0.0000   0.0000   57.82     75    Success 
    72      -36.3570     0.0944      0.0000   0.0000   68.28     76    Success 
    73      -36.3570     0.1142      0.0000   0.0001   75.32     77    Success 
    74      -36.3571     0.1259      0.0000   0.0001   77.90     78    Success 
    75      -36.3571     0.1626      0.0001   0.0002   77.58     79    Success 
    76      -36.3572     0.1386      0.0001   0.0003   82.67     80    Success 
    77      -36.3573     0.1671      0.0001   0.0004   82.69     81    Success 
    78      -36.3573     0.0999      0.0000   0.0001   81.33     83    Success 
    79      -36.3574     0.0557      0.0000   0.0000   52.23     84    Success 
    80      -36.3574     0.0477      0.0000   0.0001   58.97     85    Success 
    81      -36.3574     0.0412      0.0000   0.0000   68.15     86    Success 
    82      -36.3574     0.0428      0.0000   0.0001   64.70     87    Success 
    83      -36.3574     0.0691      0.0000   0.0001   73.55     88    Success 
    84      -36.3574     0.0368      0.0000   0.0000   71.26     89    Success 
    85      -36.3574     0.0279      0.0000   0.0000   69.99     90    Success 
    86      -36.3574     0.0221      0.0000   0.0000   56.83     91    Success 
    87      -36.3574     0.0254      0.0000   0.0000   59.48     92    Success 
    88      -36.3574     0.0495      0.0000   0.0000   68.95     93    Success 
    89      -36.3574     0.0204      0.0000   0.0000   79.18     94    Success 
    90      -36.3574     0.0130      0.0000   0.0000   70.80     95    Success 
    91      -36.3574     0.0156      0.0000   0.0000   60.72     96    Success 
    92      -36.3574     0.0297      0.0000   0.0000   66.32     97    Success 
    93      -36.3574     0.0166      0.0000   0.0000   77.86     98    Success 
    94      -36.3574     0.0145      0.0000   0.0000   70.76     99    Success 
    95      -36.3574     0.0149      0.0000   0.0000   66.36    100    Success 
    96      -36.3574     0.0113      0.0000   0.0000   75.09    101    Success 
    97      -36.3574     0.0091      0.0000   0.0000   73.91    102    Success 
    98      -36.3574     0.0151      0.0000   0.0000   67.85    103    Success 
    99      -36.3574     0.0155      0.0000   0.0000   75.60    104    Success 
   100      -36.3574     0.0088      0.0000   0.0000   75.37    105    Success 
   101      -36.3574     0.0068      0.0000   0.0000   72.77    106    Success 
   102      -36.3574     0.0072      0.0000   0.0000   67.67    107    Success 
   103      -36.3574     0.0057      0.0000   0.0000   70.63    108    Success 
   104      -36.3574     0.0063      0.0000   0.0000   69.51    109    Success 
   105      -36.3574     0.0040      0.0000   0.0000   67.30    110    Success 
   106      -36.3574     0.0031      0.0000   0.0000   53.06    111    Success 
   107      -36.3574     0.0076      0.0000   0.0000   66.87    112    Success 
   108      -36.3574     0.0052      0.0000   0.0000   62.05    113    Success 
   109      -36.3574     0.0020      0.0000   0.0000   69.20    114    Success 
   110      -36.3574     0.0024      0.0000   0.0000   64.00    115    Success 
   111      -36.3574     0.0030      0.0000   0.0000   70.55    116    Success 
   112      -36.3574     0.0029      0.0000   0.0000   72.61    117    Success 
   113      -36.3574     0.0041      0.0000   0.0000   75.28    119    Success 
   114      -36.3574     0.0023      0.0000   0.0000   78.56    120    Success 
   115      -36.3574     0.0014      0.0000   0.0000   72.53    121    Success 
   116      -36.3574     0.0018      0.0000   0.0000   71.56    122    Success 
   117      -36.3574     0.0018      0.0000   0.0000   73.41    123    Success 
   118      -36.3574     0.0018      0.0000   0.0000   71.84    124    Success 
   119      -36.3574     0.0021      0.0000   0.0000   72.42    125    Success 
   120      -36.3574     0.0015      0.0000   0.0000   77.75    126    Success 
   121      -36.3574     0.0021      0.0000   0.0000   77.05    128    Success 
   122      -36.3574     0.0011      0.0000   0.0000   81.77    129    Success 
   123      -36.3574     0.0010      0.0000   0.0000   73.06    130    Success 
   124      -36.3574     0.0015      0.0000   0.0000   70.28    131    Success 
   125      -36.3574     0.0015      0.0000   0.0000   77.39    132    Success 
   126      -36.3574     0.0009      0.0000   0.0000   73.66    133   SmallGrad

 LBFGS  --  Normal Termination due to SmallGrad

 Final Function Value :          -36.3574
 Final RMS Gradient :              0.0009
 Final Gradient Norm :             0.0038
