
     ######################################################################
   ##########################################################################
  ###                                                                      ###
 ###            Tinker  ---  Software Tools for Molecular Design            ###
 ##                                                                          ##
 ##                          Version 8.7  June 2019                          ##
 ##                                                                          ##
 ##               Copyright (c)  Jay William Ponder  1990-2019               ##
 ###                           All Rights Reserved                          ###
  ###                                                                      ###
   ##########################################################################
     ######################################################################


 Additional Atom Definition Parameters :

     Type  Class  Symbol  Description               Atomic    Mass   Valence

     403    403     N     ModifiedRes                  7     14.007     3
     412    412     H     ModifiedRes                  1      1.008     1
     401    401     C     ModifiedRes                  6     12.011     4
     410    410     H     ModifiedRes                  1      1.008     1
     404    404     C     ModifiedRes                  6     12.011     3
     411    411     O     ModifiedRes                  8     15.999     1
     402    402     C     ModifiedRes                  6     12.011     4
     407    407     S     ModifiedRes                 16     32.066     2
     408    408     C     ModifiedRes                  6     12.011     2
     416    416     N     ModifiedRes                  7     14.007     1
     409    409     H     ModifiedRes                  1      1.008     1
     406    406     C     ModifiedRes                  6     12.011     3
     413    413     O     ModifiedRes                  8     15.999     1
     405    405     N     ModifiedRes                  7     14.007     3
     414    414     H     ModifiedRes                  1      1.008     1
     415    415     H     ModifiedRes                  1      1.008     1

 Additional Bond Stretching Parameters :

     Atom Classes             K(S)         Length

       401 403             374.800         1.4589
       403 406             482.000         1.3610
       403 412             542.000         1.0150
       401 410             341.000         1.0957
       401 404             345.300         1.5388
       401 402             345.300         1.5181
       404 405             482.000         1.3572
       404 411             705.000         1.2314
       402 409             395.500         1.0914
       402 407             235.800         1.8318
       407 408             235.800         1.6971
       408 416             450.000         1.1861
       406 413             705.000         1.2330
       406 414             356.400         1.1017
       405 415             542.000         1.0125

 Additional Angle Bending Parameters :

     Atom Classes             K(B)          Angle

     403 406 413            60.000        124.094
     401 403 412            35.000        118.942
     406 403 412            35.000        118.838
     401 404 405            70.000        113.359
     401 404 411            80.000        121.700
     401 402 407            53.200        108.210
     401 403 406            50.000        121.364
     404 401 410            38.000        109.343
     402 401 410            38.000        110.332
     403 401 410            50.600        106.311
     402 401 404            60.000        109.451
     403 401 404            80.000        110.698
     402 401 403            80.000        110.661
     402 407 408            60.430         97.779
     407 408 416            60.000        178.379
     409 402 409            39.570        108.414
     401 402 409            42.440        109.507
     407 402 409            60.240        109.536
     405 404 411            60.000        124.942
     413 406 414            68.340        122.634
     403 406 414            31.650        113.263
     415 405 415            22.300        119.362
     404 405 415            35.000        117.511

 Additional Stretch-Bend Parameters :

     Atom Classes          K(SB)-1        K(SB)-2

     401 403 412             4.300          7.200
     406 403 412             4.300          7.200
     401 404 405            18.700         18.700
     401 402 407            18.700         18.700
     401 403 406             7.200          7.200
     404 401 410            11.500         18.700
     402 401 410            11.500         18.700
     403 401 410            11.500         11.500
     402 401 404            18.700         18.700
     403 401 404            18.700         18.700
     402 401 403            18.700         18.700
     402 407 408            -5.750         -5.750
     401 402 409            11.500         11.500
     407 402 409            11.500         11.500
     403 406 414            11.500         11.500
     404 405 415             4.300          7.200
     415 405 415             4.300          7.200
     401 404 411            18.700         18.700
     413 406 414            11.500         11.500

 Additional Out-of-Plane Bend Parameters :

     Atom Classes                   K(OPB)

     401 403   0   0                14.400
     401 404   0   0                14.400
     403 406   0   0               107.910
     404 405   0   0                71.940
     405 404   0   0               107.910
     406 403   0   0                71.940
     411 404   0   0               122.298
     412 403   0   0                 5.755
     413 406   0   0               122.298
     414 406   0   0               140.283
     415 405   0   0                 5.755

 Additional Torsional Parameters :

     Atom Classes     1-Fold    2-Fold    3-Fold    4-Fold    5-Fold    6-Fold

   403 401 404 405   0.00   0  0.00 180  0.00   0  0.00   0  0.00   0  0.00   0
   403 401 404 411   0.00   0  0.00 180  0.00   0  0.00   0  0.00   0  0.00   0
   403 401 402 409   0.00   0  0.00 180  0.00   0  0.00   0  0.00   0  0.00   0
   403 401 402 407   0.00   0  0.00 180  0.00   0  0.00   0  0.00   0  0.00   0
   410 401 403 412   0.00   0  0.00 180  0.00   0  0.00   0  0.00   0  0.00   0
   404 401 403 412   0.00   0  0.00 180  0.00   0  0.00   0  0.00   0  0.00   0
   402 401 403 412   0.00   0  0.00 180  0.00   0  0.00   0  0.00   0  0.00   0
   412 403 406 413   0.00   0  0.00 180  0.00   0  0.00   0  0.00   0  0.00   0
   412 403 406 414   0.00   0  0.00 180  0.00   0  0.00   0  0.00   0  0.00   0
   401 404 405 415   0.00   0  1.20 180  0.80   0  0.00   0  0.00   0  0.00   0
   401 402 407 408   0.00   0  0.00 180  0.00   0  0.00   0  0.00   0  0.00   0
   401 403 406 413   0.00   0  0.00 180  0.00   0  0.00   0  0.00   0  0.00   0
   401 403 406 414   0.00   0  0.00 180  0.00   0  0.00   0  0.00   0  0.00   0
   410 401 404 405   0.00   0  0.00 180  0.00   0  0.00   0  0.00   0  0.00   0
   410 401 404 411   0.00   0  0.00 180  0.00   0  0.00   0  0.00   0  0.00   0
   410 401 402 409   0.00   0  0.00 180  0.00   0  0.00   0  0.00   0  0.00   0
   410 401 402 407   0.00   0  0.00 180  0.00   0  0.00   0  0.00   0  0.00   0
   410 401 403 406   0.00   0  0.00 180  0.00   0  0.00   0  0.00   0  0.00   0
   404 401 402 409   0.00   0  0.00 180  0.00   0  0.00   0  0.00   0  0.00   0
   404 401 402 407   0.00   0  0.00 180  0.00   0  0.00   0  0.00   0  0.00   0
   404 401 403 406   0.00   0  0.00 180  0.00   0  0.00   0  0.00   0  0.00   0
   411 404 405 415   0.00   0  0.00 180  0.00   0  0.00   0  0.00   0  0.00   0
   402 401 404 411   0.00   0  0.00 180  0.00   0  0.00   0  0.00   0  0.00   0
   402 401 404 405   0.00   0  0.00 180  0.00   0  0.00   0  0.00   0  0.00   0
   402 401 403 406   0.00   0  0.00 180  0.00   0  0.00   0  0.00   0  0.00   0
   402 407 408 416   0.00   0  0.00 180  0.50   0  0.00   0  0.00   0  0.00   0
   409 402 407 408   0.00   0  0.00 180  0.00   0  0.00   0  0.00   0  0.00   0

 Additional Pi-Orbital Torsion Parameters :

     Atom Classes       2-Fold

       404 405           6.850
       403 406           6.850

 Additional van der Waals Parameters :

     Atom Class               Size        Epsilon        Reduction

         403                3.7100         0.1100          0.000
         412                2.5900         0.0220          0.900
         401                3.6500         0.1010          0.000
         410                2.8800         0.0240          0.910
         404                3.8200         0.1060          0.000
         411                3.3000         0.1120          0.000
         402                3.7800         0.1060          0.000
         407                4.0050         0.3550          0.000
         408                3.7800         0.1060          0.000
         416                3.7100         0.1050          0.000
         409                2.8700         0.0330          0.900
         406                3.8200         0.1060          0.000
         413                3.3000         0.1120          0.000
         405                3.7100         0.1100          0.000
         414                2.9200         0.0300          0.920
         415                2.5900         0.0220          0.900

 Additional Atomic Multipole Parameters :

     Atom Type     Coordinate Frame Definition         Multipole Moments

         401      403    404      0   Z-then-X    -0.27040
                                                  -0.22190  0.00000  0.26102
                                                  -0.17903
                                                   0.00000 -0.24517
                                                   0.13675  0.00000  0.42420

         402      407    401      0   Z-then-X    -0.16380
                                                   0.27778  0.00000 -0.20334
                                                   0.30211
                                                   0.00000 -0.49081
                                                  -0.33263  0.00000  0.18870

         403      406    401      0   Z-then-X    -0.06286
                                                   0.37348  0.00000 -0.12295
                                                   0.79149
                                                   0.00000 -1.08676
                                                  -0.63736  0.00000  0.29527

         404      411    405      0   Z-then-X     0.97419
                                                  -0.10999  0.00000  0.25580
                                                   0.38321
                                                   0.00000 -0.33696
                                                  -0.17133  0.00000 -0.04625

         405      404    415      0   Z-then-X    -0.32376
                                                   0.05823  0.00000 -0.07138
                                                   0.32176
                                                   0.00000 -0.38869
                                                  -0.03945  0.00000  0.06693

         406      413    403      0   Z-then-X     0.63075
                                                   0.40149  0.00000  0.25741
                                                  -0.01797
                                                   0.00000  0.01503
                                                   0.00873  0.00000  0.00294

         407      408    402      0   Z-then-X     0.34019
                                                   0.47821  0.00000  0.49978
                                                   1.11919
                                                   0.00000 -2.31639
                                                  -0.50667  0.00000  1.19720

         408      407    416      0   Z-then-X     0.21608
                                                   0.00820  0.00000 -0.28509
                                                   0.05369
                                                   0.00000  0.10740
                                                   0.05156  0.00000 -0.16109

         409      402    407      0   Z-then-X     0.09933
                                                   0.00064  0.00000 -0.16410
                                                   0.07960
                                                   0.00000  0.07569
                                                  -0.01944  0.00000 -0.15529

         410      401    403      0   Z-then-X     0.10718
                                                  -0.02083  0.00000 -0.03604
                                                  -0.03187
                                                   0.00000  0.01466
                                                  -0.01392  0.00000  0.01721

         411      404    405      0   Z-then-X    -0.77613
                                                   0.13027  0.00000 -0.18830
                                                  -0.53109
                                                   0.00000  0.25725
                                                   0.21601  0.00000  0.27384

         412      403    401      0   Z-then-X     0.11911
                                                   0.01244  0.00000 -0.25689
                                                   0.04573
                                                   0.00000  0.01640
                                                  -0.00301  0.00000 -0.06213

         413      406    403      0   Z-then-X    -0.66614
                                                  -0.21394  0.00000 -0.03273
                                                  -0.49754
                                                   0.00000  0.12402
                                                  -0.24547  0.00000  0.37352

         414      406    413      0   Z-then-X    -0.02624
                                                   0.07068  0.00000 -0.22870
                                                   0.12255
                                                   0.00000  0.03666
                                                   0.03118  0.00000 -0.15921

         415      405    404      0   Z-then-X     0.13248
                                                   0.00045  0.00000 -0.38308
                                                   0.28470
                                                   0.00000  0.12111
                                                   0.01221  0.00000 -0.40581

         416      408    407      0   Z-then-X    -0.56179
                                                   0.01684  0.00000 -0.29231
                                                   0.37390
                                                   0.00000  0.24558
                                                   0.00671  0.00000 -0.61948

 Additional Atomic Dipole Polarizability Parameters :

     Atom Type           Alpha       Thole     Group Atom Types

         403             1.073       0.390         412  401  406
         412             0.496       0.390         403
         401             1.334       0.390         403  410  404  402
         410             0.496       0.390         401
         404             1.334       0.390         401  411  405
         411             0.837       0.390         404
         402             1.334       0.390         401  407  409
         407             3.300       0.390         402  408
         408             1.334       0.390         407  416
         416             1.073       0.390         408
         409             0.496       0.390         402
         406             1.334       0.390         403  413  414
         413             0.837       0.390         406
         405             1.073       0.390         404  415
         414             0.494       0.390         406
         415             0.496       0.390         405

 Limited Memory BFGS Quasi-Newton Optimization :

 QN Iter     F Value      G RMS      F Move   X Move   Angle  FG Call  Comment

     0      -19.4145     5.8302                                   1
     1      -19.4672     5.0807      0.0527   0.0010    0.00      3    Success 
     2      -19.4897     3.3388      0.0225   0.0007   41.30      4    Success 
     3      -19.5012     2.4950      0.0115   0.0003   39.78      5    Success 
     4      -19.5178     1.3375      0.0167   0.0007   39.14      6    Success 
     5      -19.5274     1.7754      0.0095   0.0009   33.46      7    Success 
     6      -19.5332     1.5050      0.0058   0.0005   59.71      8    Success 
     7      -19.5413     1.5160      0.0081   0.0008   61.19      9    Success 
     8      -19.5534     1.8590      0.0120   0.0014   64.21     10    Success 
     9      -19.5687     1.9603      0.0154   0.0022   71.33     11    Success 
    10      -19.5835     1.8100      0.0148   0.0021   75.15     12    Success 
    11      -19.6023     2.7914      0.0188   0.0033   73.82     13    Success 
    12      -19.6273     2.0729      0.0250   0.0040   79.24     14    Success 
    13      -19.6479     1.7481      0.0206   0.0030   75.42     15    Success 
    14      -19.6749     1.9665      0.0270   0.0045   72.93     16    Success 
    15      -19.6813     3.5505      0.0063   0.0058   75.13     17    Success 
    16      -19.6920     2.4914      0.0108   0.0006   71.57     18    Success 
    17      -19.7068     1.0857      0.0148   0.0009   56.72     19    Success 
    18      -19.7151     1.2672      0.0083   0.0008   47.57     20    Success 
    19      -19.7273     1.7018      0.0122   0.0023   72.55     21    Success 
    20      -19.7463     1.7721      0.0190   0.0044   79.59     22    Success 
    21      -19.7551     2.6744      0.0088   0.0031   79.69     24    Success 
    22      -19.7690     1.7411      0.0139   0.0037   84.28     25    Success 
    23      -19.7804     0.5715      0.0114   0.0045   81.92     26    Success 
    24      -19.7813     1.8385      0.0010   0.0010   68.86     27    Success 
    25      -19.7828     1.0630      0.0015   0.0001   66.40     28    Success 
    26      -19.7845     0.5120      0.0017   0.0005   75.01     29    Success 
    27      -19.7857     0.6523      0.0012   0.0003   60.48     30    Success 
    28      -19.7877     0.7776      0.0020   0.0005   67.25     31    Success 
    29      -19.7909     0.9369      0.0031   0.0010   74.14     32    Success 
    30      -19.7924     1.6532      0.0016   0.0016   76.72     33    Success 
    31      -19.7947     0.8156      0.0023   0.0006   80.44     34    Success 
    32      -19.7962     0.4357      0.0015   0.0007   77.30     35    Success 
    33      -19.7969     0.5286      0.0007   0.0003   72.07     36    Success 
    34      -19.7981     0.5861      0.0012   0.0005   72.78     37    Success 
    35      -19.7996     0.8747      0.0015   0.0008   73.86     38    Success 
    36      -19.8012     0.5249      0.0016   0.0011   80.20     39    Success 
    37      -19.8018     0.3996      0.0006   0.0003   72.17     40    Success 
    38      -19.8023     0.3056      0.0005   0.0004   70.66     41    Success 
    39      -19.8026     0.2942      0.0002   0.0001   56.11     42    Success 
    40      -19.8029     0.2502      0.0004   0.0002   60.89     43    Success 
    41      -19.8035     0.2660      0.0006   0.0004   63.72     44    Success 
    42      -19.8041     0.3325      0.0005   0.0008   72.47     45    Success 
    43      -19.8044     0.2163      0.0004   0.0003   71.24     46    Success 
    44      -19.8047     0.2048      0.0003   0.0002   65.84     47    Success 
    45      -19.8049     0.2428      0.0002   0.0003   68.22     48    Success 
    46      -19.8050     0.1733      0.0001   0.0002   70.61     49    Success 
    47      -19.8051     0.1948      0.0001   0.0001   54.44     50    Success 
    48      -19.8052     0.1263      0.0001   0.0001   70.05     51    Success 
    49      -19.8052     0.1072      0.0001   0.0001   69.54     52    Success 
    50      -19.8053     0.1141      0.0001   0.0002   69.61     53    Success 
    51      -19.8053     0.1217      0.0001   0.0002   73.12     54    Success 
    52      -19.8054     0.1189      0.0001   0.0002   72.96     55    Success 
    53      -19.8054     0.0668      0.0000   0.0000   59.41     56    Success 
    54      -19.8055     0.0767      0.0000   0.0001   61.59     57    Success 
    55      -19.8055     0.0625      0.0000   0.0000   68.66     58    Success 
    56      -19.8055     0.0547      0.0000   0.0001   69.55     59    Success 
    57      -19.8055     0.0545      0.0000   0.0001   69.92     60    Success 
    58      -19.8055     0.0803      0.0000   0.0001   72.57     62    Success 
    59      -19.8055     0.0582      0.0000   0.0001   77.64     63    Success 
    60      -19.8056     0.0639      0.0000   0.0001   72.24     64    Success 
    61      -19.8056     0.1101      0.0000   0.0001   75.64     65    Success 
    62      -19.8056     0.0779      0.0000   0.0001   79.74     66    Success 
    63      -19.8056     0.0598      0.0000   0.0001   74.12     67    Success 
    64      -19.8056     0.0539      0.0000   0.0001   72.25     68    Success 
    65      -19.8057     0.0627      0.0000   0.0001   74.93     69    Success 
    66      -19.8057     0.0712      0.0000   0.0002   78.38     70    Success 
    67      -19.8057     0.0427      0.0000   0.0001   72.76     71    Success 
    68      -19.8057     0.0473      0.0000   0.0001   65.34     72    Success 
    69      -19.8057     0.0837      0.0000   0.0000   72.37     74    Success 
    70      -19.8057     0.0525      0.0000   0.0000   80.94     75    Success 
    71      -19.8057     0.0352      0.0000   0.0001   78.18     76    Success 
    72      -19.8057     0.0324      0.0000   0.0000   76.09     77    Success 
    73      -19.8057     0.0302      0.0000   0.0001   73.43     78    Success 
    74      -19.8058     0.0373      0.0000   0.0001   72.23     79    Success 
    75      -19.8058     0.0534      0.0000   0.0001   75.45     80    Success 
    76      -19.8058     0.0259      0.0000   0.0000   60.86     81    Success 
    77      -19.8058     0.0240      0.0000   0.0000   54.12     82    Success 
    78      -19.8058     0.0278      0.0000   0.0000   70.92     83    Success 
    79      -19.8058     0.0321      0.0000   0.0000   76.81     84    Success 
    80      -19.8058     0.0183      0.0000   0.0000   79.51     85    Success 
    81      -19.8058     0.0171      0.0000   0.0000   71.93     86    Success 
    82      -19.8058     0.0249      0.0000   0.0000   65.77     87    Success 
    83      -19.8058     0.0180      0.0000   0.0000   74.53     88    Success 
    84      -19.8058     0.0209      0.0000   0.0000   70.35     89    Success 
    85      -19.8058     0.0272      0.0000   0.0000   74.09     90    Success 
    86      -19.8058     0.0296      0.0000   0.0000   78.46     91    Success 
    87      -19.8058     0.0226      0.0000   0.0001   80.41     92    Success 
    88      -19.8058     0.0173      0.0000   0.0000   77.45     93    Success 
    89      -19.8058     0.0162      0.0000   0.0000   72.92     94    Success 
    90      -19.8058     0.0212      0.0000   0.0000   74.27     95    Success 
    91      -19.8058     0.0257      0.0000   0.0000   77.98     97    Success 
    92      -19.8058     0.0126      0.0000   0.0000   78.31     98    Success 
    93      -19.8058     0.0135      0.0000   0.0000   68.73     99    Success 
    94      -19.8058     0.0162      0.0000   0.0000   72.34    100    Success 
    95      -19.8058     0.0139      0.0000   0.0000   76.32    101    Success 
    96      -19.8058     0.0221      0.0000   0.0000   78.72    103    Success 
    97      -19.8058     0.0070      0.0000   0.0000   81.39    104    Success 
    98      -19.8058     0.0043      0.0000   0.0000   64.86    105    Success 
    99      -19.8058     0.0049      0.0000   0.0000   49.82    106    Success 
   100      -19.8058     0.0055      0.0000   0.0000   61.99    107    Success 
   101      -19.8058     0.0104      0.0000   0.0000   68.61    108    Success 
   102      -19.8058     0.0057      0.0000   0.0000   64.34    109    Success 
   103      -19.8058     0.0037      0.0000   0.0000   67.46    110    Success 
   104      -19.8058     0.0044      0.0000   0.0000   70.90    111    Success 
   105      -19.8058     0.0043      0.0000   0.0000   72.89    112    Success 
   106      -19.8058     0.0085      0.0000   0.0000   72.88    113    Success 
   107      -19.8058     0.0045      0.0000   0.0000   80.02    114    Success 
   108      -19.8058     0.0023      0.0000   0.0000   76.49    115    Success 
   109      -19.8058     0.0030      0.0000   0.0000   67.76    116    Success 
   110      -19.8058     0.0038      0.0000   0.0000   73.29    117    Success 
   111      -19.8058     0.0035      0.0000   0.0000   74.54    118    Success 
   112      -19.8058     0.0014      0.0000   0.0000   62.08    119    Success 
   113      -19.8058     0.0015      0.0000   0.0000   47.93    120    Success 
   114      -19.8058     0.0019      0.0000   0.0000   63.77    121    Success 
   115      -19.8058     0.0026      0.0000   0.0000   73.19    122    Success 
   116      -19.8058     0.0020      0.0000   0.0000   79.15    123    Success 
   117      -19.8058     0.0015      0.0000   0.0000   77.20    124    Success 
   118      -19.8058     0.0013      0.0000   0.0000   71.65    125    Success 
   119      -19.8058     0.0016      0.0000   0.0000   70.11    126    Success 
   120      -19.8058     0.0010      0.0000   0.0000   70.55    128   SmallGrad

 LBFGS  --  Normal Termination due to SmallGrad

 Final Function Value :          -19.8058
 Final RMS Gradient :              0.0010
 Final Gradient Norm :             0.0041
