
     ######################################################################
   ##########################################################################
  ###                                                                      ###
 ###            Tinker  ---  Software Tools for Molecular Design            ###
 ##                                                                          ##
 ##                          Version 8.7  June 2019                          ##
 ##                                                                          ##
 ##               Copyright (c)  Jay William Ponder  1990-2019               ##
 ###                           All Rights Reserved                          ###
  ###                                                                      ###
   ##########################################################################
     ######################################################################


 Additional Atom Definition Parameters :

     Type  Class  Symbol  Description               Atomic    Mass   Valence

     403    403     N     ModifiedRes                  7     14.007     3
     412    412     H     ModifiedRes                  1      1.008     1
     401    401     C     ModifiedRes                  6     12.011     4
     410    410     H     ModifiedRes                  1      1.008     1
     404    404     C     ModifiedRes                  6     12.011     3
     411    411     O     ModifiedRes                  8     15.999     1
     402    402     C     ModifiedRes                  6     12.011     4
     407    407     S     ModifiedRes                 16     32.066     2
     408    408     C     ModifiedRes                  6     12.011     2
     416    416     N     ModifiedRes                  7     14.007     1
     409    409     H     ModifiedRes                  1      1.008     1
     406    406     C     ModifiedRes                  6     12.011     3
     413    413     O     ModifiedRes                  8     15.999     1
     405    405     N     ModifiedRes                  7     14.007     3
     414    414     H     ModifiedRes                  1      1.008     1
     415    415     H     ModifiedRes                  1      1.008     1

 Additional Bond Stretching Parameters :

     Atom Classes             K(S)         Length

       401 403             374.800         1.4589
       403 406             482.000         1.3610
       403 412             542.000         1.0150
       401 410             341.000         1.0957
       401 404             345.300         1.5388
       401 402             345.300         1.5181
       404 405             482.000         1.3572
       404 411             705.000         1.2314
       402 409             395.500         1.0914
       402 407             235.800         1.8318
       407 408             235.800         1.6971
       408 416             450.000         1.1861
       406 413             705.000         1.2330
       406 414             356.400         1.1017
       405 415             542.000         1.0125

 Additional Angle Bending Parameters :

     Atom Classes             K(B)          Angle

     403 406 413            60.000        124.094
     401 403 412            35.000        118.942
     406 403 412            35.000        118.838
     401 404 405            70.000        113.359
     401 404 411            80.000        121.700
     401 402 407            53.200        108.210
     401 403 406            50.000        121.364
     404 401 410            38.000        109.343
     402 401 410            38.000        110.332
     403 401 410            50.600        106.311
     402 401 404            60.000        109.451
     403 401 404            80.000        110.698
     402 401 403            80.000        110.661
     402 407 408            60.430         97.779
     407 408 416            60.000        178.379
     409 402 409            39.570        108.414
     401 402 409            42.440        109.507
     407 402 409            60.240        109.536
     405 404 411            60.000        124.942
     413 406 414            68.340        122.634
     403 406 414            31.650        113.263
     415 405 415            22.300        119.362
     404 405 415            35.000        117.511

 Additional Stretch-Bend Parameters :

     Atom Classes          K(SB)-1        K(SB)-2

     401 403 412             4.300          7.200
     406 403 412             4.300          7.200
     401 404 405            18.700         18.700
     401 402 407            18.700         18.700
     401 403 406             7.200          7.200
     404 401 410            11.500         18.700
     402 401 410            11.500         18.700
     403 401 410            11.500         11.500
     402 401 404            18.700         18.700
     403 401 404            18.700         18.700
     402 401 403            18.700         18.700
     402 407 408            -5.750         -5.750
     401 402 409            11.500         11.500
     407 402 409            11.500         11.500
     403 406 414            11.500         11.500
     404 405 415             4.300          7.200
     415 405 415             4.300          7.200
     401 404 411            18.700         18.700
     413 406 414            11.500         11.500

 Additional Out-of-Plane Bend Parameters :

     Atom Classes                   K(OPB)

     401 403   0   0                14.400
     401 404   0   0                14.400
     403 406   0   0               107.910
     404 405   0   0                71.940
     405 404   0   0               107.910
     406 403   0   0                71.940
     411 404   0   0               122.298
     412 403   0   0                 5.755
     413 406   0   0               122.298
     414 406   0   0               140.283
     415 405   0   0                 5.755

 Additional Torsional Parameters :

     Atom Classes     1-Fold    2-Fold    3-Fold    4-Fold    5-Fold    6-Fold

   403 401 404 405   0.00   0  0.00 180  0.00   0  0.00   0  0.00   0  0.00   0
   403 401 404 411   0.00   0  0.00 180  0.00   0  0.00   0  0.00   0  0.00   0
   403 401 402 409   0.00   0  0.00 180  0.00   0  0.00   0  0.00   0  0.00   0
   403 401 402 407   0.00   0  0.00 180  0.00   0  0.00   0  0.00   0  0.00   0
   410 401 403 412   0.00   0  0.00 180  0.00   0  0.00   0  0.00   0  0.00   0
   404 401 403 412   0.00   0  0.00 180  0.00   0  0.00   0  0.00   0  0.00   0
   402 401 403 412   0.00   0  0.00 180  0.00   0  0.00   0  0.00   0  0.00   0
   412 403 406 413   0.00   0  0.00 180  0.00   0  0.00   0  0.00   0  0.00   0
   412 403 406 414   0.00   0  0.00 180  0.00   0  0.00   0  0.00   0  0.00   0
   401 404 405 415   0.00   0  1.20 180  0.80   0  0.00   0  0.00   0  0.00   0
   401 402 407 408   0.00   0  0.00 180  0.00   0  0.00   0  0.00   0  0.00   0
   401 403 406 413   0.00   0  0.00 180  0.00   0  0.00   0  0.00   0  0.00   0
   401 403 406 414   0.00   0  0.00 180  0.00   0  0.00   0  0.00   0  0.00   0
   410 401 404 405   0.00   0  0.00 180  0.00   0  0.00   0  0.00   0  0.00   0
   410 401 404 411   0.00   0  0.00 180  0.00   0  0.00   0  0.00   0  0.00   0
   410 401 402 409   0.00   0  0.00 180  0.00   0  0.00   0  0.00   0  0.00   0
   410 401 402 407   0.00   0  0.00 180  0.00   0  0.00   0  0.00   0  0.00   0
   410 401 403 406   0.00   0  0.00 180  0.00   0  0.00   0  0.00   0  0.00   0
   404 401 402 409   0.00   0  0.00 180  0.00   0  0.00   0  0.00   0  0.00   0
   404 401 402 407   0.00   0  0.00 180  0.00   0  0.00   0  0.00   0  0.00   0
   404 401 403 406   0.00   0  0.00 180  0.00   0  0.00   0  0.00   0  0.00   0
   411 404 405 415   0.00   0  0.00 180  0.00   0  0.00   0  0.00   0  0.00   0
   402 401 404 411   0.00   0  0.00 180  0.00   0  0.00   0  0.00   0  0.00   0
   402 401 404 405   0.00   0  0.00 180  0.00   0  0.00   0  0.00   0  0.00   0
   402 401 403 406   0.00   0  0.00 180  0.00   0  0.00   0  0.00   0  0.00   0
   402 407 408 416   0.00   0  0.00 180  0.50   0  0.00   0  0.00   0  0.00   0
   409 402 407 408   0.00   0  0.00 180  0.00   0  0.00   0  0.00   0  0.00   0

 Additional Pi-Orbital Torsion Parameters :

     Atom Classes       2-Fold

       404 405           6.850
       403 406           6.850

 Additional van der Waals Parameters :

     Atom Class               Size        Epsilon        Reduction

         403                3.7100         0.1100          0.000
         412                2.5900         0.0220          0.900
         401                3.6500         0.1010          0.000
         410                2.8800         0.0240          0.910
         404                3.8200         0.1060          0.000
         411                3.3000         0.1120          0.000
         402                3.7800         0.1060          0.000
         407                4.0050         0.3550          0.000
         408                3.7800         0.1060          0.000
         416                3.7100         0.1050          0.000
         409                2.8700         0.0330          0.900
         406                3.8200         0.1060          0.000
         413                3.3000         0.1120          0.000
         405                3.7100         0.1100          0.000
         414                2.9200         0.0300          0.920
         415                2.5900         0.0220          0.900

 Additional Atomic Multipole Parameters :

     Atom Type     Coordinate Frame Definition         Multipole Moments

         401      403    404      0   Z-then-X    -0.27040
                                                  -0.22190  0.00000  0.26102
                                                  -0.17903
                                                   0.00000 -0.24517
                                                   0.13675  0.00000  0.42420

         402      407    401      0   Z-then-X    -0.16380
                                                   0.27778  0.00000 -0.20334
                                                   0.30211
                                                   0.00000 -0.49081
                                                  -0.33263  0.00000  0.18870

         403      406    401      0   Z-then-X    -0.06286
                                                   0.37348  0.00000 -0.12295
                                                   0.79149
                                                   0.00000 -1.08676
                                                  -0.63736  0.00000  0.29527

         404      411    405      0   Z-then-X     0.97419
                                                  -0.10999  0.00000  0.25580
                                                   0.38321
                                                   0.00000 -0.33696
                                                  -0.17133  0.00000 -0.04625

         405      404    415      0   Z-then-X    -0.32376
                                                   0.05823  0.00000 -0.07138
                                                   0.32176
                                                   0.00000 -0.38869
                                                  -0.03945  0.00000  0.06693

         406      413    403      0   Z-then-X     0.63075
                                                   0.40149  0.00000  0.25741
                                                  -0.01797
                                                   0.00000  0.01503
                                                   0.00873  0.00000  0.00294

         407      408    402      0   Z-then-X     0.34019
                                                   0.47821  0.00000  0.49978
                                                   1.11919
                                                   0.00000 -2.31639
                                                  -0.50667  0.00000  1.19720

         408      407    416      0   Z-then-X     0.21608
                                                   0.00820  0.00000 -0.28509
                                                   0.05369
                                                   0.00000  0.10740
                                                   0.05156  0.00000 -0.16109

         409      402    407      0   Z-then-X     0.09933
                                                   0.00064  0.00000 -0.16410
                                                   0.07960
                                                   0.00000  0.07569
                                                  -0.01944  0.00000 -0.15529

         410      401    403      0   Z-then-X     0.10718
                                                  -0.02083  0.00000 -0.03604
                                                  -0.03187
                                                   0.00000  0.01466
                                                  -0.01392  0.00000  0.01721

         411      404    405      0   Z-then-X    -0.77613
                                                   0.13027  0.00000 -0.18830
                                                  -0.53109
                                                   0.00000  0.25725
                                                   0.21601  0.00000  0.27384

         412      403    401      0   Z-then-X     0.11911
                                                   0.01244  0.00000 -0.25689
                                                   0.04573
                                                   0.00000  0.01640
                                                  -0.00301  0.00000 -0.06213

         413      406    403      0   Z-then-X    -0.66614
                                                  -0.21394  0.00000 -0.03273
                                                  -0.49754
                                                   0.00000  0.12402
                                                  -0.24547  0.00000  0.37352

         414      406    413      0   Z-then-X    -0.02624
                                                   0.07068  0.00000 -0.22870
                                                   0.12255
                                                   0.00000  0.03666
                                                   0.03118  0.00000 -0.15921

         415      405    404      0   Z-then-X     0.13248
                                                   0.00045  0.00000 -0.38308
                                                   0.28470
                                                   0.00000  0.12111
                                                   0.01221  0.00000 -0.40581

         416      408    407      0   Z-then-X    -0.56179
                                                   0.01684  0.00000 -0.29231
                                                   0.37390
                                                   0.00000  0.24558
                                                   0.00671  0.00000 -0.61948

 Additional Atomic Dipole Polarizability Parameters :

     Atom Type           Alpha       Thole     Group Atom Types

         403             1.073       0.390         412  401  406
         412             0.496       0.390         403
         401             1.334       0.390         403  410  404  402
         410             0.496       0.390         401
         404             1.334       0.390         401  411  405
         411             0.837       0.390         404
         402             1.334       0.390         401  407  409
         407             3.300       0.390         402  408
         408             1.334       0.390         407  416
         416             1.073       0.390         408
         409             0.496       0.390         402
         406             1.334       0.390         403  413  414
         413             0.837       0.390         406
         405             1.073       0.390         404  415
         414             0.494       0.390         406
         415             0.496       0.390         405

 Limited Memory BFGS Quasi-Newton Optimization :

 QN Iter     F Value      G RMS      F Move   X Move   Angle  FG Call  Comment

     0      -18.0489     6.0765                                   1
     1      -18.0915     4.3517      0.0426   0.0008    0.00      3    Success 
     2      -18.1110     3.4587      0.0195   0.0004   35.21      4    Success 
     3      -18.1288     4.4287      0.0178   0.0007   45.34      5    Success 
     4      -18.1442     4.0373      0.0154   0.0007   63.35      6    Success 
     5      -18.1592     3.3799      0.0150   0.0005   63.31      7    Success 
     6      -18.1821     2.2563      0.0229   0.0010   60.54      8    Success 
     7      -18.2024     2.7955      0.0203   0.0017   56.48      9    Success 
     8      -18.2115     2.3099      0.0091   0.0009   67.27     10    Success 
     9      -18.2187     2.0031      0.0072   0.0004   59.87     11    Success 
    10      -18.2316     1.7063      0.0128   0.0008   59.78     12    Success 
    11      -18.2526     1.5444      0.0210   0.0017   60.09     13    Success 
    12      -18.2757     2.0861      0.0231   0.0034   63.52     14    Success 
    13      -18.2897     1.9289      0.0140   0.0028   74.44     15    Success 
    14      -18.2983     1.4780      0.0086   0.0007   65.96     16    Success 
    15      -18.3120     1.0288      0.0137   0.0013   60.78     17    Success 
    16      -18.3261     1.6509      0.0141   0.0029   60.65     18    Success 
    17      -18.3325     1.9197      0.0064   0.0018   73.96     19    Success 
    18      -18.3386     1.3040      0.0061   0.0005   65.39     20    Success 
    19      -18.3472     1.2878      0.0085   0.0013   66.65     21    Success 
    20      -18.3491     6.0332      0.0020   0.0013   76.98     22    Success 
    21      -18.3514     1.2322      0.0022   0.0004   84.48     23    Success 
    22      -18.3526     1.2882      0.0012   0.0002   65.28     24    Success 
    23      -18.3546     1.5802      0.0020   0.0003   66.24     25    Success 
    24      -18.3577     1.7987      0.0031   0.0007   78.77     26    Success 
    25      -18.3623     1.6785      0.0046   0.0011   79.77     27    Success 
    26      -18.3650     2.4846      0.0027   0.0022   81.98     28    Success 
    27      -18.3689     1.0958      0.0039   0.0003   69.31     29    Success 
    28      -18.3712     0.7758      0.0023   0.0003   55.20     30    Success 
    29      -18.3725     0.9439      0.0013   0.0003   69.27     31    Success 
    30      -18.3747     1.0244      0.0022   0.0005   71.36     32    Success 
    31      -18.3773     1.2324      0.0026   0.0016   81.39     33    Success 
    32      -18.3789     1.6443      0.0017   0.0010   76.38     34    Success 
    33      -18.3805     0.6963      0.0016   0.0003   68.26     35    Success 
    34      -18.3812     0.5175      0.0007   0.0002   70.26     36    Success 
    35      -18.3823     0.6513      0.0011   0.0003   62.51     37    Success 
    36      -18.3840     1.1952      0.0016   0.0007   73.61     38    Success 
    37      -18.3857     1.3568      0.0017   0.0008   82.95     39    Success 
    38      -18.3885     1.3415      0.0028   0.0012   83.15     40    Success 
    39      -18.3921     1.3937      0.0036   0.0020   83.16     41    Success 
    40      -18.3970     1.0278      0.0049   0.0025   83.49     42    Success 
    41      -18.3997     1.0375      0.0027   0.0024   82.27     43    Success 
    42      -18.4005     1.4798      0.0009   0.0005   79.71     45    Success 
    43      -18.4020     1.1498      0.0015   0.0003   75.98     46    Success 
    44      -18.4042     1.0625      0.0022   0.0004   70.91     47    Success 
    45      -18.4063     1.0146      0.0021   0.0016   81.70     48    Success 
    46      -18.4081     0.6266      0.0018   0.0005   75.31     49    Success 
    47      -18.4104     0.5335      0.0023   0.0013   76.48     50    Success 
    48      -18.4125     0.4944      0.0021   0.0013   77.20     51    Success 
    49      -18.4133     2.3087      0.0008   0.0023   78.22     52    Success 
    50      -18.4145     1.4420      0.0013   0.0001   75.78     53    Success 
    51      -18.4160     0.3236      0.0015   0.0003   72.35     54    Success 
    52      -18.4162     0.3840      0.0002   0.0002   71.42     55    Success 
    53      -18.4165     0.3563      0.0003   0.0002   73.51     56    Success 
    54      -18.4169     0.3846      0.0004   0.0003   74.19     57    Success 
    55      -18.4174     0.4762      0.0005   0.0003   65.94     58    Success 
    56      -18.4178     0.3040      0.0004   0.0005   79.48     59    Success 
    57      -18.4179     0.3425      0.0001   0.0001   63.78     60    Success 
    58      -18.4180     0.2147      0.0001   0.0000   64.58     61    Success 
    59      -18.4181     0.1523      0.0001   0.0001   60.01     62    Success 
    60      -18.4183     0.2127      0.0002   0.0002   63.52     63    Success 
    61      -18.4185     0.2009      0.0001   0.0002   75.89     64    Success 
    62      -18.4186     0.3339      0.0001   0.0003   75.52     65    Success 
    63      -18.4186     0.4314      0.0001   0.0002   81.10     66    Success 
    64      -18.4187     0.2010      0.0001   0.0001   83.75     67    Success 
    65      -18.4187     0.0998      0.0000   0.0001   77.15     68    Success 
    66      -18.4188     0.1285      0.0000   0.0000   62.63     69    Success 
    67      -18.4188     0.1545      0.0000   0.0001   69.45     70    Success 
    68      -18.4189     0.1759      0.0001   0.0001   73.48     71    Success 
    69      -18.4190     0.1814      0.0001   0.0002   77.57     72    Success 
    70      -18.4191     0.1714      0.0001   0.0003   78.03     73    Success 
    71      -18.4191     0.1490      0.0001   0.0002   80.51     74    Success 
    72      -18.4192     0.1233      0.0001   0.0001   75.66     75    Success 
    73      -18.4193     0.1532      0.0001   0.0001   67.78     76    Success 
    74      -18.4193     0.1357      0.0000   0.0001   74.75     77    Success 
    75      -18.4194     0.1240      0.0001   0.0001   73.69     78    Success 
    76      -18.4194     0.1667      0.0001   0.0002   74.68     79    Success 
    77      -18.4195     0.1186      0.0000   0.0002   78.94     80    Success 
    78      -18.4195     0.1001      0.0000   0.0000   67.93     81    Success 
    79      -18.4195     0.0508      0.0000   0.0000   79.04     82    Success 
    80      -18.4195     0.0372      0.0000   0.0000   69.58     83    Success 
    81      -18.4195     0.0492      0.0000   0.0000   62.53     84    Success 
    82      -18.4195     0.0570      0.0000   0.0001   71.68     85    Success 
    83      -18.4195     0.0714      0.0000   0.0000   74.90     87    Success 
    84      -18.4195     0.0345      0.0000   0.0000   79.49     88    Success 
    85      -18.4195     0.0468      0.0000   0.0000   67.23     89    Success 
    86      -18.4195     0.0997      0.0000   0.0001   79.03     90    Success 
    87      -18.4195     0.0540      0.0000   0.0000   75.93     91    Success 
    88      -18.4196     0.0359      0.0000   0.0000   72.89     92    Success 
    89      -18.4196     0.0478      0.0000   0.0000   77.28     93    Success 
    90      -18.4196     0.0537      0.0000   0.0001   80.02     94    Success 
    91      -18.4196     0.0566      0.0000   0.0001   77.35     95    Success 
    92      -18.4196     0.0880      0.0000   0.0001   81.90     96    Success 
    93      -18.4196     0.0544      0.0000   0.0000   80.71     97    Success 
    94      -18.4196     0.0289      0.0000   0.0000   74.71     98    Success 
    95      -18.4196     0.0240      0.0000   0.0000   64.14     99    Success 
    96      -18.4196     0.0278      0.0000   0.0000   63.56    100    Success 
    97      -18.4196     0.0249      0.0000   0.0000   74.44    101    Success 
    98      -18.4196     0.0341      0.0000   0.0000   76.58    103    Success 
    99      -18.4196     0.0248      0.0000   0.0000   79.91    104    Success 
   100      -18.4196     0.0150      0.0000   0.0000   78.04    105    Success 
   101      -18.4196     0.0278      0.0000   0.0000   69.89    106    Success 
   102      -18.4196     0.0124      0.0000   0.0000   75.43    107    Success 
   103      -18.4196     0.0099      0.0000   0.0000   66.83    108    Success 
   104      -18.4196     0.0106      0.0000   0.0000   69.91    109    Success 
   105      -18.4196     0.0107      0.0000   0.0000   72.29    110    Success 
   106      -18.4196     0.0160      0.0000   0.0000   74.07    112    Success 
   107      -18.4196     0.0107      0.0000   0.0000   78.76    113    Success 
   108      -18.4196     0.0220      0.0000   0.0000   73.95    114    Success 
   109      -18.4196     0.0210      0.0000   0.0000   80.63    115    Success 
   110      -18.4196     0.0085      0.0000   0.0000   83.38    116    Success 
   111      -18.4196     0.0072      0.0000   0.0000   77.80    117    Success 
   112      -18.4196     0.0098      0.0000   0.0000   78.01    118    Success 
   113      -18.4196     0.0094      0.0000   0.0000   81.23    119    Success 
   114      -18.4196     0.0123      0.0000   0.0000   82.63    120    Success 
   115      -18.4196     0.0060      0.0000   0.0000   76.67    121    Success 
   116      -18.4196     0.0037      0.0000   0.0000   67.21    122    Success 
   117      -18.4196     0.0034      0.0000   0.0000   71.38    123    Success 
   118      -18.4196     0.0045      0.0000   0.0000   67.70    124    Success 
   119      -18.4196     0.0032      0.0000   0.0000   73.28    125    Success 
   120      -18.4196     0.0042      0.0000   0.0000   72.80    126    Success 
   121      -18.4196     0.0035      0.0000   0.0000   77.16    127    Success 
   122      -18.4196     0.0021      0.0000   0.0000   67.09    128    Success 
   123      -18.4196     0.0022      0.0000   0.0000   63.01    129    Success 
   124      -18.4196     0.0053      0.0000   0.0000   63.35    130    Success 
   125      -18.4196     0.0036      0.0000   0.0000   75.70    131    Success 
   126      -18.4196     0.0016      0.0000   0.0000   76.80    132    Success 
   127      -18.4196     0.0020      0.0000   0.0000   72.77    133    Success 
   128      -18.4196     0.0025      0.0000   0.0000   77.44    134    Success 
   129      -18.4196     0.0026      0.0000   0.0000   76.94    135    Success 
   130      -18.4196     0.0073      0.0000   0.0000   78.91    136    Success 
   131      -18.4196     0.0022      0.0000   0.0000   83.11    137    Success 
   132      -18.4196     0.0015      0.0000   0.0000   72.66    138    Success 
   133      -18.4196     0.0017      0.0000   0.0000   74.50    139    Success 
   134      -18.4196     0.0018      0.0000   0.0000   76.50    140    Success 
   135      -18.4196     0.0026      0.0000   0.0000   75.02    141    Success 
   136      -18.4196     0.0018      0.0000   0.0000   81.96    142    Success 
   137      -18.4196     0.0026      0.0000   0.0000   82.81    144    Success 
   138      -18.4196     0.0017      0.0000   0.0000   82.58    145    Success 
   139      -18.4196     0.0013      0.0000   0.0000   77.96    146    Success 
   140      -18.4196     0.0013      0.0000   0.0000   75.48    147    Success 
   141      -18.4196     0.0012      0.0000   0.0000   76.04    148    Success 
   142      -18.4196     0.0011      0.0000   0.0000   74.77    149    Success 
   143      -18.4196     0.0024      0.0000   0.0000   72.76    150    Success 
   144      -18.4196     0.0019      0.0000   0.0000   65.63    151    Success 
   145      -18.4196     0.0012      0.0000   0.0000   63.59    152    Success 
   146      -18.4196     0.0006      0.0000   0.0000   64.56    153   SmallGrad

 LBFGS  --  Normal Termination due to SmallGrad

 Final Function Value :          -18.4196
 Final RMS Gradient :              0.0006
 Final Gradient Norm :             0.0027
