
     ######################################################################
   ##########################################################################
  ###                                                                      ###
 ###            Tinker  ---  Software Tools for Molecular Design            ###
 ##                                                                          ##
 ##                          Version 8.7  June 2019                          ##
 ##                                                                          ##
 ##               Copyright (c)  Jay William Ponder  1990-2019               ##
 ###                           All Rights Reserved                          ###
  ###                                                                      ###
   ##########################################################################
     ######################################################################


 Additional Atom Definition Parameters :

     Type  Class  Symbol  Description               Atomic    Mass   Valence

     403    403     N     ModifiedRes                  7     14.007     3
     412    412     H     ModifiedRes                  1      1.008     1
     401    401     C     ModifiedRes                  6     12.011     4
     410    410     H     ModifiedRes                  1      1.008     1
     404    404     C     ModifiedRes                  6     12.011     3
     411    411     O     ModifiedRes                  8     15.999     1
     402    402     C     ModifiedRes                  6     12.011     4
     407    407     S     ModifiedRes                 16     32.066     2
     408    408     C     ModifiedRes                  6     12.011     2
     416    416     N     ModifiedRes                  7     14.007     1
     409    409     H     ModifiedRes                  1      1.008     1
     406    406     C     ModifiedRes                  6     12.011     3
     413    413     O     ModifiedRes                  8     15.999     1
     405    405     N     ModifiedRes                  7     14.007     3
     414    414     H     ModifiedRes                  1      1.008     1
     415    415     H     ModifiedRes                  1      1.008     1

 Additional Bond Stretching Parameters :

     Atom Classes             K(S)         Length

       401 403             374.800         1.4589
       403 406             482.000         1.3610
       403 412             542.000         1.0150
       401 410             341.000         1.0957
       401 404             345.300         1.5388
       401 402             345.300         1.5181
       404 405             482.000         1.3572
       404 411             705.000         1.2314
       402 409             395.500         1.0914
       402 407             235.800         1.8318
       407 408             235.800         1.6971
       408 416             450.000         1.1861
       406 413             705.000         1.2330
       406 414             356.400         1.1017
       405 415             542.000         1.0125

 Additional Angle Bending Parameters :

     Atom Classes             K(B)          Angle

     403 406 413            60.000        124.094
     401 403 412            35.000        118.942
     406 403 412            35.000        118.838
     401 404 405            70.000        113.359
     401 404 411            80.000        121.700
     401 402 407            53.200        108.210
     401 403 406            50.000        121.364
     404 401 410            38.000        109.343
     402 401 410            38.000        110.332
     403 401 410            50.600        106.311
     402 401 404            60.000        109.451
     403 401 404            80.000        110.698
     402 401 403            80.000        110.661
     402 407 408            60.430         97.779
     407 408 416            60.000        178.379
     409 402 409            39.570        108.414
     401 402 409            42.440        109.507
     407 402 409            60.240        109.536
     405 404 411            60.000        124.942
     413 406 414            68.340        122.634
     403 406 414            31.650        113.263
     415 405 415            22.300        119.362
     404 405 415            35.000        117.511

 Additional Stretch-Bend Parameters :

     Atom Classes          K(SB)-1        K(SB)-2

     401 403 412             4.300          7.200
     406 403 412             4.300          7.200
     401 404 405            18.700         18.700
     401 402 407            18.700         18.700
     401 403 406             7.200          7.200
     404 401 410            11.500         18.700
     402 401 410            11.500         18.700
     403 401 410            11.500         11.500
     402 401 404            18.700         18.700
     403 401 404            18.700         18.700
     402 401 403            18.700         18.700
     402 407 408            -5.750         -5.750
     401 402 409            11.500         11.500
     407 402 409            11.500         11.500
     403 406 414            11.500         11.500
     404 405 415             4.300          7.200
     415 405 415             4.300          7.200
     401 404 411            18.700         18.700
     413 406 414            11.500         11.500

 Additional Out-of-Plane Bend Parameters :

     Atom Classes                   K(OPB)

     401 403   0   0                14.400
     401 404   0   0                14.400
     403 406   0   0               107.910
     404 405   0   0                71.940
     405 404   0   0               107.910
     406 403   0   0                71.940
     411 404   0   0               122.298
     412 403   0   0                 5.755
     413 406   0   0               122.298
     414 406   0   0               140.283
     415 405   0   0                 5.755

 Additional Torsional Parameters :

     Atom Classes     1-Fold    2-Fold    3-Fold    4-Fold    5-Fold    6-Fold

   403 401 404 405   0.00   0  0.00 180  0.00   0  0.00   0  0.00   0  0.00   0
   403 401 404 411   0.00   0  0.00 180  0.00   0  0.00   0  0.00   0  0.00   0
   403 401 402 409   0.00   0  0.00 180  0.00   0  0.00   0  0.00   0  0.00   0
   403 401 402 407   0.00   0  0.00 180  0.00   0  0.00   0  0.00   0  0.00   0
   410 401 403 412   0.00   0  0.00 180  0.00   0  0.00   0  0.00   0  0.00   0
   404 401 403 412   0.00   0  0.00 180  0.00   0  0.00   0  0.00   0  0.00   0
   402 401 403 412   0.00   0  0.00 180  0.00   0  0.00   0  0.00   0  0.00   0
   412 403 406 413   0.00   0  0.00 180  0.00   0  0.00   0  0.00   0  0.00   0
   412 403 406 414   0.00   0  0.00 180  0.00   0  0.00   0  0.00   0  0.00   0
   401 404 405 415   0.00   0  1.20 180  0.80   0  0.00   0  0.00   0  0.00   0
   401 402 407 408   0.00   0  0.00 180  0.00   0  0.00   0  0.00   0  0.00   0
   401 403 406 413   0.00   0  0.00 180  0.00   0  0.00   0  0.00   0  0.00   0
   401 403 406 414   0.00   0  0.00 180  0.00   0  0.00   0  0.00   0  0.00   0
   410 401 404 405   0.00   0  0.00 180  0.00   0  0.00   0  0.00   0  0.00   0
   410 401 404 411   0.00   0  0.00 180  0.00   0  0.00   0  0.00   0  0.00   0
   410 401 402 409   0.00   0  0.00 180  0.00   0  0.00   0  0.00   0  0.00   0
   410 401 402 407   0.00   0  0.00 180  0.00   0  0.00   0  0.00   0  0.00   0
   410 401 403 406   0.00   0  0.00 180  0.00   0  0.00   0  0.00   0  0.00   0
   404 401 402 409   0.00   0  0.00 180  0.00   0  0.00   0  0.00   0  0.00   0
   404 401 402 407   0.00   0  0.00 180  0.00   0  0.00   0  0.00   0  0.00   0
   404 401 403 406   0.00   0  0.00 180  0.00   0  0.00   0  0.00   0  0.00   0
   411 404 405 415   0.00   0  0.00 180  0.00   0  0.00   0  0.00   0  0.00   0
   402 401 404 411   0.00   0  0.00 180  0.00   0  0.00   0  0.00   0  0.00   0
   402 401 404 405   0.00   0  0.00 180  0.00   0  0.00   0  0.00   0  0.00   0
   402 401 403 406   0.00   0  0.00 180  0.00   0  0.00   0  0.00   0  0.00   0
   402 407 408 416   0.00   0  0.00 180  0.50   0  0.00   0  0.00   0  0.00   0
   409 402 407 408   0.00   0  0.00 180  0.00   0  0.00   0  0.00   0  0.00   0

 Additional Pi-Orbital Torsion Parameters :

     Atom Classes       2-Fold

       404 405           6.850
       403 406           6.850

 Additional van der Waals Parameters :

     Atom Class               Size        Epsilon        Reduction

         403                3.7100         0.1100          0.000
         412                2.5900         0.0220          0.900
         401                3.6500         0.1010          0.000
         410                2.8800         0.0240          0.910
         404                3.8200         0.1060          0.000
         411                3.3000         0.1120          0.000
         402                3.7800         0.1060          0.000
         407                4.0050         0.3550          0.000
         408                3.7800         0.1060          0.000
         416                3.7100         0.1050          0.000
         409                2.8700         0.0330          0.900
         406                3.8200         0.1060          0.000
         413                3.3000         0.1120          0.000
         405                3.7100         0.1100          0.000
         414                2.9200         0.0300          0.920
         415                2.5900         0.0220          0.900

 Additional Atomic Multipole Parameters :

     Atom Type     Coordinate Frame Definition         Multipole Moments

         401      403    404      0   Z-then-X    -0.27040
                                                  -0.22190  0.00000  0.26102
                                                  -0.17903
                                                   0.00000 -0.24517
                                                   0.13675  0.00000  0.42420

         402      407    401      0   Z-then-X    -0.16380
                                                   0.27778  0.00000 -0.20334
                                                   0.30211
                                                   0.00000 -0.49081
                                                  -0.33263  0.00000  0.18870

         403      406    401      0   Z-then-X    -0.06286
                                                   0.37348  0.00000 -0.12295
                                                   0.79149
                                                   0.00000 -1.08676
                                                  -0.63736  0.00000  0.29527

         404      411    405      0   Z-then-X     0.97419
                                                  -0.10999  0.00000  0.25580
                                                   0.38321
                                                   0.00000 -0.33696
                                                  -0.17133  0.00000 -0.04625

         405      404    415      0   Z-then-X    -0.32376
                                                   0.05823  0.00000 -0.07138
                                                   0.32176
                                                   0.00000 -0.38869
                                                  -0.03945  0.00000  0.06693

         406      413    403      0   Z-then-X     0.63075
                                                   0.40149  0.00000  0.25741
                                                  -0.01797
                                                   0.00000  0.01503
                                                   0.00873  0.00000  0.00294

         407      408    402      0   Z-then-X     0.34019
                                                   0.47821  0.00000  0.49978
                                                   1.11919
                                                   0.00000 -2.31639
                                                  -0.50667  0.00000  1.19720

         408      407    416      0   Z-then-X     0.21608
                                                   0.00820  0.00000 -0.28509
                                                   0.05369
                                                   0.00000  0.10740
                                                   0.05156  0.00000 -0.16109

         409      402    407      0   Z-then-X     0.09933
                                                   0.00064  0.00000 -0.16410
                                                   0.07960
                                                   0.00000  0.07569
                                                  -0.01944  0.00000 -0.15529

         410      401    403      0   Z-then-X     0.10718
                                                  -0.02083  0.00000 -0.03604
                                                  -0.03187
                                                   0.00000  0.01466
                                                  -0.01392  0.00000  0.01721

         411      404    405      0   Z-then-X    -0.77613
                                                   0.13027  0.00000 -0.18830
                                                  -0.53109
                                                   0.00000  0.25725
                                                   0.21601  0.00000  0.27384

         412      403    401      0   Z-then-X     0.11911
                                                   0.01244  0.00000 -0.25689
                                                   0.04573
                                                   0.00000  0.01640
                                                  -0.00301  0.00000 -0.06213

         413      406    403      0   Z-then-X    -0.66614
                                                  -0.21394  0.00000 -0.03273
                                                  -0.49754
                                                   0.00000  0.12402
                                                  -0.24547  0.00000  0.37352

         414      406    413      0   Z-then-X    -0.02624
                                                   0.07068  0.00000 -0.22870
                                                   0.12255
                                                   0.00000  0.03666
                                                   0.03118  0.00000 -0.15921

         415      405    404      0   Z-then-X     0.13248
                                                   0.00045  0.00000 -0.38308
                                                   0.28470
                                                   0.00000  0.12111
                                                   0.01221  0.00000 -0.40581

         416      408    407      0   Z-then-X    -0.56179
                                                   0.01684  0.00000 -0.29231
                                                   0.37390
                                                   0.00000  0.24558
                                                   0.00671  0.00000 -0.61948

 Additional Atomic Dipole Polarizability Parameters :

     Atom Type           Alpha       Thole     Group Atom Types

         403             1.073       0.390         412  401  406
         412             0.496       0.390         403
         401             1.334       0.390         403  410  404  402
         410             0.496       0.390         401
         404             1.334       0.390         401  411  405
         411             0.837       0.390         404
         402             1.334       0.390         401  407  409
         407             3.300       0.390         402  408
         408             1.334       0.390         407  416
         416             1.073       0.390         408
         409             0.496       0.390         402
         406             1.334       0.390         403  413  414
         413             0.837       0.390         406
         405             1.073       0.390         404  415
         414             0.494       0.390         406
         415             0.496       0.390         405

 Limited Memory BFGS Quasi-Newton Optimization :

 QN Iter     F Value      G RMS      F Move   X Move   Angle  FG Call  Comment

     0     2723.1621   950.4796                                   1
     1     1590.2095   457.3565   1132.9526   0.0982    0.00      2    Success 
     2     1083.2778   451.9679    506.9318   0.0982    8.93      3    Success 
     3      776.6017   380.3521    306.6761   0.0982   45.93      4    Success 
     4      602.9687   349.7226    173.6329   0.0639   50.17      5    Success 
     5      496.6505   362.2034    106.3182   0.0621   48.51      6    Success 
     6      422.1640   202.1749     74.4865   0.0237   47.51      7    Success 
     7      354.8996   191.2582     67.2644   0.0412   50.66      8    Success 
     8      268.4897   198.8379     86.4099   0.0610   55.48      9    Success 
     9      193.2819   156.6261     75.2078   0.0892   65.13     10    Success 
    10      150.1483   147.5514     43.1336   0.0640   55.09     11    Success 
    11      118.4921    85.7625     31.6562   0.0255   49.91     12    Success 
    12       95.3334    75.5192     23.1587   0.0336   45.00     13    Success 
    13       79.9666    90.6935     15.3668   0.0263   56.11     14    Success 
    14       58.9727    86.3885     20.9939   0.0533   69.30     15    Success 
    15       45.3080   159.9753     13.6646   0.0650   69.17     16    Success 
    16       28.2798    58.4959     17.0282   0.0180   61.03     17    Success 
    17       21.4415    38.6472      6.8383   0.0235   63.37     18    Success 
    18       17.5502    37.6226      3.8912   0.0187   68.47     19    Success 
    19       11.3953    34.7533      6.1550   0.0281   65.82     20    Success 
    20        3.2880    35.4110      8.1073   0.0472   65.36     21    Success 
    21       -2.1624    39.9013      5.4504   0.0460   67.43     22    Success 
    22       -5.7432    21.3441      3.5807   0.0174   66.79     23    Success 
    23       -8.7187    21.8863      2.9756   0.0214   54.71     24    Success 
    24      -10.6866    37.2192      1.9678   0.0208   66.72     25    Success 
    25      -12.2369    21.7647      1.5503   0.0147   76.78     26    Success 
    26      -13.5923    15.2852      1.3555   0.0154   71.90     27    Success 
    27      -14.7758    16.7527      1.1834   0.0156   66.88     28    Success 
    28      -15.8312    18.2816      1.0554   0.0158   71.63     29    Success 
    29      -16.0721    33.6395      0.2409   0.0205   71.80     30    Success 
    30      -16.5012    26.4364      0.4291   0.0011   42.24     31    Success 
    31      -17.1529    13.0541      0.6517   0.0022   36.26     32    Success 
    32      -17.5251     7.3699      0.3723   0.0038   45.53     33    Success 
    33      -17.6753     8.7032      0.1501   0.0029   63.02     34    Success 
    34      -17.9415     9.1427      0.2662   0.0049   67.18     35    Success 
    35      -18.3718     9.8553      0.4303   0.0086   67.92     36    Success 
    36      -18.7598    16.0766      0.3880   0.0157   72.02     37    Success 
    37      -18.8254    17.7269      0.0656   0.0099   74.31     38    Success 
    38      -18.9355    14.3321      0.1101   0.0022   79.20     39    Success 
    39      -19.1091     8.6826      0.1736   0.0022   67.12     40    Success 
    40      -19.1803     9.0988      0.0712   0.0032   61.68     41    Success 
    41      -19.2477     4.3080      0.0674   0.0015   64.62     42    Success 
    42      -19.3113     3.8651      0.0637   0.0018   57.88     43    Success 
    43      -19.4160     4.5094      0.1046   0.0035   58.49     44    Success 
    44      -19.5160     9.3960      0.1000   0.0063   65.96     45    Success 
    45      -19.6026     3.8380      0.0866   0.0058   81.07     46    Success 
    46      -19.6422     3.7020      0.0396   0.0022   72.19     47    Success 
    47      -19.7039     3.3572      0.0617   0.0041   73.05     48    Success 
    48      -19.7343     4.3552      0.0304   0.0030   70.74     50    Success 
    49      -19.7707     2.0779      0.0365   0.0039   78.65     51    Success 
    50      -19.7899     1.8384      0.0191   0.0013   63.47     52    Success 
    51      -19.8209     1.9617      0.0311   0.0021   55.70     53    Success 
    52      -19.8609     3.9540      0.0400   0.0040   63.93     54    Success 
    53      -19.8934     3.2489      0.0324   0.0050   78.92     55    Success 
    54      -19.9143     2.0930      0.0209   0.0015   69.97     56    Success 
    55      -19.9354     1.5771      0.0212   0.0018   60.88     57    Success 
    56      -19.9499     1.5139      0.0145   0.0016   64.63     58    Success 
    57      -19.9656     2.5713      0.0157   0.0026   66.29     59    Success 
    58      -19.9814     1.3785      0.0158   0.0025   77.55     60    Success 
    59      -19.9900     0.9253      0.0086   0.0013   67.66     61    Success 
    60      -19.9965     0.9938      0.0065   0.0013   60.27     62    Success 
    61      -20.0032     0.9734      0.0068   0.0012   63.04     63    Success 
    62      -20.0118     0.9714      0.0086   0.0017   66.09     64    Success 
    63      -20.0160     1.4976      0.0042   0.0013   69.21     66    Success 
    64      -20.0210     0.7488      0.0050   0.0011   75.11     67    Success 
    65      -20.0236     0.6911      0.0026   0.0007   69.10     68    Success 
    66      -20.0255     2.1754      0.0020   0.0013   71.30     69    Success 
    67      -20.0286     1.1890      0.0030   0.0006   79.91     70    Success 
    68      -20.0322     0.8772      0.0036   0.0011   76.70     71    Success 
    69      -20.0346     0.9217      0.0024   0.0009   77.58     72    Success 
    70      -20.0382     0.8123      0.0036   0.0012   75.92     73    Success 
    71      -20.0406     1.6463      0.0024   0.0020   75.94     74    Success 
    72      -20.0439     0.7955      0.0033   0.0005   71.85     75    Success 
    73      -20.0460     0.6296      0.0022   0.0006   68.46     76    Success 
    74      -20.0486     0.7787      0.0025   0.0009   70.35     77    Success 
    75      -20.0520     0.7696      0.0034   0.0014   76.67     78    Success 
    76      -20.0530     1.2742      0.0011   0.0007   77.96     80    Success 
    77      -20.0548     0.9230      0.0018   0.0007   82.86     81    Success 
    78      -20.0573     0.4548      0.0025   0.0013   80.33     82    Success 
    79      -20.0589     0.4964      0.0016   0.0010   73.86     83    Success 
    80      -20.0606     0.6587      0.0017   0.0010   73.51     84    Success 
    81      -20.0620     1.0053      0.0014   0.0014   77.77     85    Success 
    82      -20.0636     0.4592      0.0017   0.0004   68.87     86    Success 
    83      -20.0647     0.4630      0.0011   0.0004   60.70     87    Success 
    84      -20.0657     0.4959      0.0010   0.0005   70.94     88    Success 
    85      -20.0672     0.5563      0.0015   0.0009   75.60     89    Success 
    86      -20.0684     0.7300      0.0012   0.0016   79.07     90    Success 
    87      -20.0694     0.2810      0.0010   0.0005   76.44     91    Success 
    88      -20.0698     0.3184      0.0004   0.0003   65.41     92    Success 
    89      -20.0705     0.3742      0.0006   0.0004   69.94     93    Success 
    90      -20.0713     0.4998      0.0009   0.0007   74.05     94    Success 
    91      -20.0716     1.2408      0.0002   0.0010   78.30     95    Success 
    92      -20.0719     0.8512      0.0004   0.0001   67.26     96    Success 
    93      -20.0724     0.2247      0.0005   0.0002   71.20     97    Success 
    94      -20.0725     0.2505      0.0001   0.0001   63.98     98    Success 
    95      -20.0727     0.3315      0.0002   0.0002   71.33     99    Success 
    96      -20.0730     0.3647      0.0003   0.0002   76.09    100    Success 
    97      -20.0735     0.3357      0.0004   0.0005   79.09    101    Success 
    98      -20.0740     0.3449      0.0005   0.0008   78.64    102    Success 
    99      -20.0741     0.4589      0.0002   0.0004   75.90    103    Success 
   100      -20.0744     0.2491      0.0002   0.0002   76.21    104    Success 
   101      -20.0745     0.1888      0.0002   0.0001   61.68    105    Success 
   102      -20.0747     0.2329      0.0002   0.0002   69.59    106    Success 
   103      -20.0748     0.2504      0.0001   0.0003   76.82    107    Success 
   104      -20.0749     0.1320      0.0001   0.0001   66.74    108    Success 
   105      -20.0750     0.1479      0.0001   0.0001   66.40    109    Success 
   106      -20.0751     0.1796      0.0001   0.0001   71.64    110    Success 
   107      -20.0753     0.2002      0.0001   0.0002   75.23    111    Success 
   108      -20.0754     0.1436      0.0002   0.0003   78.13    112    Success 
   109      -20.0755     0.1414      0.0001   0.0002   72.09    113    Success 
   110      -20.0756     0.1516      0.0001   0.0002   71.56    114    Success 
   111      -20.0757     0.1163      0.0001   0.0001   67.97    115    Success 
   112      -20.0758     0.1032      0.0001   0.0002   68.60    116    Success 
   113      -20.0759     0.0937      0.0001   0.0003   72.79    117    Success 
   114      -20.0759     0.1187      0.0000   0.0002   74.22    119    Success 
   115      -20.0760     0.0752      0.0000   0.0002   79.28    120    Success 
   116      -20.0760     0.2261      0.0000   0.0001   69.64    121    Success 
   117      -20.0760     0.1009      0.0000   0.0001   82.12    122    Success 
   118      -20.0761     0.0568      0.0000   0.0000   71.29    123    Success 
   119      -20.0761     0.0637      0.0000   0.0001   65.66    124    Success 
   120      -20.0761     0.0568      0.0000   0.0001   72.18    125    Success 
   121      -20.0761     0.0588      0.0000   0.0000   62.29    127    Success 
   122      -20.0761     0.0331      0.0000   0.0000   75.67    128    Success 
   123      -20.0761     0.0253      0.0000   0.0000   64.98    129    Success 
   124      -20.0761     0.0297      0.0000   0.0000   65.68    130    Success 
   125      -20.0761     0.0213      0.0000   0.0000   64.78    131    Success 
   126      -20.0761     0.0180      0.0000   0.0000   63.31    132    Success 
   127      -20.0761     0.0431      0.0000   0.0000   62.51    133    Success 
   128      -20.0761     0.0153      0.0000   0.0000   78.03    134    Success 
   129      -20.0761     0.0112      0.0000   0.0000   58.02    135    Success 
   130      -20.0761     0.0124      0.0000   0.0000   52.80    136    Success 
   131      -20.0761     0.0188      0.0000   0.0000   63.78    138    Success 
   132      -20.0761     0.0107      0.0000   0.0000   74.46    139    Success 
   133      -20.0761     0.0054      0.0000   0.0000   68.39    140    Success 
   134      -20.0761     0.0055      0.0000   0.0000   56.69    141    Success 
   135      -20.0761     0.0110      0.0000   0.0000   60.27    142    Success 
   136      -20.0761     0.0057      0.0000   0.0000   59.29    143    Success 
   137      -20.0761     0.0048      0.0000   0.0000   59.74    144    Success 
   138      -20.0761     0.0050      0.0000   0.0000   69.31    145    Success 
   139      -20.0761     0.0088      0.0000   0.0000   69.87    147    Success 
   140      -20.0761     0.0066      0.0000   0.0000   81.28    148    Success 
   141      -20.0761     0.0030      0.0000   0.0000   77.99    149    Success 
   142      -20.0761     0.0022      0.0000   0.0000   69.71    150    Success 
   143      -20.0761     0.0023      0.0000   0.0000   63.56    151    Success 
   144      -20.0761     0.0024      0.0000   0.0000   61.88    152    Success 
   145      -20.0761     0.0025      0.0000   0.0000   67.20    154    Success 
   146      -20.0761     0.0014      0.0000   0.0000   67.64    155    Success 
   147      -20.0761     0.0013      0.0000   0.0000   60.20    156    Success 
   148      -20.0761     0.0013      0.0000   0.0000   60.30    157    Success 
   149      -20.0761     0.0021      0.0000   0.0000   65.86    158    Success 
   150      -20.0761     0.0012      0.0000   0.0000   72.12    159    Success 
   151      -20.0761     0.0009      0.0000   0.0000   57.56    160   SmallGrad

 LBFGS  --  Normal Termination due to SmallGrad

 Final Function Value :          -20.0761
 Final RMS Gradient :              0.0009
 Final Gradient Norm :             0.0037
