
     ######################################################################
   ##########################################################################
  ###                                                                      ###
 ###            Tinker  ---  Software Tools for Molecular Design            ###
 ##                                                                          ##
 ##                          Version 8.7  June 2019                          ##
 ##                                                                          ##
 ##               Copyright (c)  Jay William Ponder  1990-2019               ##
 ###                           All Rights Reserved                          ###
  ###                                                                      ###
   ##########################################################################
     ######################################################################


 Additional Atom Definition Parameters :

     Type  Class  Symbol  Description               Atomic    Mass   Valence

     403    403     N     ModifiedRes                  7     14.007     3
     412    412     H     ModifiedRes                  1      1.008     1
     401    401     C     ModifiedRes                  6     12.011     4
     410    410     H     ModifiedRes                  1      1.008     1
     404    404     C     ModifiedRes                  6     12.011     3
     411    411     O     ModifiedRes                  8     15.999     1
     402    402     C     ModifiedRes                  6     12.011     4
     407    407     S     ModifiedRes                 16     32.066     2
     408    408     C     ModifiedRes                  6     12.011     2
     416    416     N     ModifiedRes                  7     14.007     1
     409    409     H     ModifiedRes                  1      1.008     1
     406    406     C     ModifiedRes                  6     12.011     3
     413    413     O     ModifiedRes                  8     15.999     1
     405    405     N     ModifiedRes                  7     14.007     3
     414    414     H     ModifiedRes                  1      1.008     1
     415    415     H     ModifiedRes                  1      1.008     1

 Additional Bond Stretching Parameters :

     Atom Classes             K(S)         Length

       401 403             374.800         1.4589
       403 406             482.000         1.3610
       403 412             542.000         1.0150
       401 410             341.000         1.0957
       401 404             345.300         1.5388
       401 402             345.300         1.5181
       404 405             482.000         1.3572
       404 411             705.000         1.2314
       402 409             395.500         1.0914
       402 407             235.800         1.8318
       407 408             235.800         1.6971
       408 416             450.000         1.1861
       406 413             705.000         1.2330
       406 414             356.400         1.1017
       405 415             542.000         1.0125

 Additional Angle Bending Parameters :

     Atom Classes             K(B)          Angle

     403 406 413            60.000        124.094
     401 403 412            35.000        118.942
     406 403 412            35.000        118.838
     401 404 405            70.000        113.359
     401 404 411            80.000        121.700
     401 402 407            53.200        108.210
     401 403 406            50.000        121.364
     404 401 410            38.000        109.343
     402 401 410            38.000        110.332
     403 401 410            50.600        106.311
     402 401 404            60.000        109.451
     403 401 404            80.000        110.698
     402 401 403            80.000        110.661
     402 407 408            60.430         97.779
     407 408 416            60.000        178.379
     409 402 409            39.570        108.414
     401 402 409            42.440        109.507
     407 402 409            60.240        109.536
     405 404 411            60.000        124.942
     413 406 414            68.340        122.634
     403 406 414            31.650        113.263
     415 405 415            22.300        119.362
     404 405 415            35.000        117.511

 Additional Stretch-Bend Parameters :

     Atom Classes          K(SB)-1        K(SB)-2

     401 403 412             4.300          7.200
     406 403 412             4.300          7.200
     401 404 405            18.700         18.700
     401 402 407            18.700         18.700
     401 403 406             7.200          7.200
     404 401 410            11.500         18.700
     402 401 410            11.500         18.700
     403 401 410            11.500         11.500
     402 401 404            18.700         18.700
     403 401 404            18.700         18.700
     402 401 403            18.700         18.700
     402 407 408            -5.750         -5.750
     401 402 409            11.500         11.500
     407 402 409            11.500         11.500
     403 406 414            11.500         11.500
     404 405 415             4.300          7.200
     415 405 415             4.300          7.200
     401 404 411            18.700         18.700
     413 406 414            11.500         11.500

 Additional Out-of-Plane Bend Parameters :

     Atom Classes                   K(OPB)

     401 403   0   0                14.400
     401 404   0   0                14.400
     403 406   0   0               107.910
     404 405   0   0                71.940
     405 404   0   0               107.910
     406 403   0   0                71.940
     411 404   0   0               122.298
     412 403   0   0                 5.755
     413 406   0   0               122.298
     414 406   0   0               140.283
     415 405   0   0                 5.755

 Additional Torsional Parameters :

     Atom Classes     1-Fold    2-Fold    3-Fold    4-Fold    5-Fold    6-Fold

   403 401 404 405   0.00   0  0.00 180  0.00   0  0.00   0  0.00   0  0.00   0
   403 401 404 411   0.00   0  0.00 180  0.00   0  0.00   0  0.00   0  0.00   0
   403 401 402 409   0.00   0  0.00 180  0.00   0  0.00   0  0.00   0  0.00   0
   403 401 402 407   0.00   0  0.00 180  0.00   0  0.00   0  0.00   0  0.00   0
   410 401 403 412   0.00   0  0.00 180  0.00   0  0.00   0  0.00   0  0.00   0
   404 401 403 412   0.00   0  0.00 180  0.00   0  0.00   0  0.00   0  0.00   0
   402 401 403 412   0.00   0  0.00 180  0.00   0  0.00   0  0.00   0  0.00   0
   412 403 406 413   0.00   0  0.00 180  0.00   0  0.00   0  0.00   0  0.00   0
   412 403 406 414   0.00   0  0.00 180  0.00   0  0.00   0  0.00   0  0.00   0
   401 404 405 415   0.00   0  1.20 180  0.80   0  0.00   0  0.00   0  0.00   0
   401 402 407 408   0.00   0  0.00 180  0.00   0  0.00   0  0.00   0  0.00   0
   401 403 406 413   0.00   0  0.00 180  0.00   0  0.00   0  0.00   0  0.00   0
   401 403 406 414   0.00   0  0.00 180  0.00   0  0.00   0  0.00   0  0.00   0
   410 401 404 405   0.00   0  0.00 180  0.00   0  0.00   0  0.00   0  0.00   0
   410 401 404 411   0.00   0  0.00 180  0.00   0  0.00   0  0.00   0  0.00   0
   410 401 402 409   0.00   0  0.00 180  0.00   0  0.00   0  0.00   0  0.00   0
   410 401 402 407   0.00   0  0.00 180  0.00   0  0.00   0  0.00   0  0.00   0
   410 401 403 406   0.00   0  0.00 180  0.00   0  0.00   0  0.00   0  0.00   0
   404 401 402 409   0.00   0  0.00 180  0.00   0  0.00   0  0.00   0  0.00   0
   404 401 402 407   0.00   0  0.00 180  0.00   0  0.00   0  0.00   0  0.00   0
   404 401 403 406   0.00   0  0.00 180  0.00   0  0.00   0  0.00   0  0.00   0
   411 404 405 415   0.00   0  0.00 180  0.00   0  0.00   0  0.00   0  0.00   0
   402 401 404 411   0.00   0  0.00 180  0.00   0  0.00   0  0.00   0  0.00   0
   402 401 404 405   0.00   0  0.00 180  0.00   0  0.00   0  0.00   0  0.00   0
   402 401 403 406   0.00   0  0.00 180  0.00   0  0.00   0  0.00   0  0.00   0
   402 407 408 416   0.00   0  0.00 180  0.50   0  0.00   0  0.00   0  0.00   0
   409 402 407 408   0.00   0  0.00 180  0.00   0  0.00   0  0.00   0  0.00   0

 Additional Pi-Orbital Torsion Parameters :

     Atom Classes       2-Fold

       404 405           6.850
       403 406           6.850

 Additional van der Waals Parameters :

     Atom Class               Size        Epsilon        Reduction

         403                3.7100         0.1100          0.000
         412                2.5900         0.0220          0.900
         401                3.6500         0.1010          0.000
         410                2.8800         0.0240          0.910
         404                3.8200         0.1060          0.000
         411                3.3000         0.1120          0.000
         402                3.7800         0.1060          0.000
         407                4.0050         0.3550          0.000
         408                3.7800         0.1060          0.000
         416                3.7100         0.1050          0.000
         409                2.8700         0.0330          0.900
         406                3.8200         0.1060          0.000
         413                3.3000         0.1120          0.000
         405                3.7100         0.1100          0.000
         414                2.9200         0.0300          0.920
         415                2.5900         0.0220          0.900

 Additional Atomic Multipole Parameters :

     Atom Type     Coordinate Frame Definition         Multipole Moments

         401      403    404      0   Z-then-X    -0.27040
                                                  -0.22190  0.00000  0.26102
                                                  -0.17903
                                                   0.00000 -0.24517
                                                   0.13675  0.00000  0.42420

         402      407    401      0   Z-then-X    -0.16380
                                                   0.27778  0.00000 -0.20334
                                                   0.30211
                                                   0.00000 -0.49081
                                                  -0.33263  0.00000  0.18870

         403      406    401      0   Z-then-X    -0.06286
                                                   0.37348  0.00000 -0.12295
                                                   0.79149
                                                   0.00000 -1.08676
                                                  -0.63736  0.00000  0.29527

         404      411    405      0   Z-then-X     0.97419
                                                  -0.10999  0.00000  0.25580
                                                   0.38321
                                                   0.00000 -0.33696
                                                  -0.17133  0.00000 -0.04625

         405      404    415      0   Z-then-X    -0.32376
                                                   0.05823  0.00000 -0.07138
                                                   0.32176
                                                   0.00000 -0.38869
                                                  -0.03945  0.00000  0.06693

         406      413    403      0   Z-then-X     0.63075
                                                   0.40149  0.00000  0.25741
                                                  -0.01797
                                                   0.00000  0.01503
                                                   0.00873  0.00000  0.00294

         407      408    402      0   Z-then-X     0.34019
                                                   0.47821  0.00000  0.49978
                                                   1.11919
                                                   0.00000 -2.31639
                                                  -0.50667  0.00000  1.19720

         408      407    416      0   Z-then-X     0.21608
                                                   0.00820  0.00000 -0.28509
                                                   0.05369
                                                   0.00000  0.10740
                                                   0.05156  0.00000 -0.16109

         409      402    407      0   Z-then-X     0.09933
                                                   0.00064  0.00000 -0.16410
                                                   0.07960
                                                   0.00000  0.07569
                                                  -0.01944  0.00000 -0.15529

         410      401    403      0   Z-then-X     0.10718
                                                  -0.02083  0.00000 -0.03604
                                                  -0.03187
                                                   0.00000  0.01466
                                                  -0.01392  0.00000  0.01721

         411      404    405      0   Z-then-X    -0.77613
                                                   0.13027  0.00000 -0.18830
                                                  -0.53109
                                                   0.00000  0.25725
                                                   0.21601  0.00000  0.27384

         412      403    401      0   Z-then-X     0.11911
                                                   0.01244  0.00000 -0.25689
                                                   0.04573
                                                   0.00000  0.01640
                                                  -0.00301  0.00000 -0.06213

         413      406    403      0   Z-then-X    -0.66614
                                                  -0.21394  0.00000 -0.03273
                                                  -0.49754
                                                   0.00000  0.12402
                                                  -0.24547  0.00000  0.37352

         414      406    413      0   Z-then-X    -0.02624
                                                   0.07068  0.00000 -0.22870
                                                   0.12255
                                                   0.00000  0.03666
                                                   0.03118  0.00000 -0.15921

         415      405    404      0   Z-then-X     0.13248
                                                   0.00045  0.00000 -0.38308
                                                   0.28470
                                                   0.00000  0.12111
                                                   0.01221  0.00000 -0.40581

         416      408    407      0   Z-then-X    -0.56179
                                                   0.01684  0.00000 -0.29231
                                                   0.37390
                                                   0.00000  0.24558
                                                   0.00671  0.00000 -0.61948

 Additional Atomic Dipole Polarizability Parameters :

     Atom Type           Alpha       Thole     Group Atom Types

         403             1.073       0.390         412  401  406
         412             0.496       0.390         403
         401             1.334       0.390         403  410  404  402
         410             0.496       0.390         401
         404             1.334       0.390         401  411  405
         411             0.837       0.390         404
         402             1.334       0.390         401  407  409
         407             3.300       0.390         402  408
         408             1.334       0.390         407  416
         416             1.073       0.390         408
         409             0.496       0.390         402
         406             1.334       0.390         403  413  414
         413             0.837       0.390         406
         405             1.073       0.390         404  415
         414             0.494       0.390         406
         415             0.496       0.390         405

 Limited Memory BFGS Quasi-Newton Optimization :

 QN Iter     F Value      G RMS      F Move   X Move   Angle  FG Call  Comment

     0      -32.9250     8.7893                                   1
     1      -33.1012     7.3734      0.1762   0.0022    0.00      3    Success 
     2      -33.2207     6.5846      0.1195   0.0014   40.14      4    Success 
     3      -33.3948     4.8709      0.1740   0.0029   46.16      5    Success 
     4      -33.5560    10.1653      0.1613   0.0056   48.71      6    Success 
     5      -33.6867     5.9173      0.1306   0.0032   70.58      7    Success 
     6      -33.8091     5.6339      0.1224   0.0033   62.02      8    Success 
     7      -33.9482     5.7642      0.1391   0.0047   64.69      9    Success 
     8      -33.9741    14.3133      0.0259   0.0071   67.90     10    Success 
     9      -34.0218    12.0821      0.0477   0.0002   23.21     11    Success 
    10      -34.1045     8.3504      0.0827   0.0006   46.55     12    Success 
    11      -34.2210     3.4093      0.1165   0.0021   57.76     13    Success 
    12      -34.2812     4.9524      0.0602   0.0027   58.06     14    Success 
    13      -34.3320     8.2877      0.0507   0.0035   74.78     15    Success 
    14      -34.3935     6.2021      0.0615   0.0044   81.16     16    Success 
    15      -34.4390     3.3449      0.0456   0.0027   77.64     17    Success 
    16      -34.4716     3.0432      0.0326   0.0016   60.62     18    Success 
    17      -34.5036     3.7591      0.0320   0.0014   59.84     19    Success 
    18      -34.5566     4.0383      0.0531   0.0027   69.68     20    Success 
    19      -34.6417     4.0819      0.0851   0.0051   73.20     21    Success 
    20      -34.6616    10.6961      0.0199   0.0091   75.23     22    Success 
    21      -34.6971     8.4628      0.0355   0.0005   66.39     23    Success 
    22      -34.7498     3.9625      0.0527   0.0011   64.38     24    Success 
    23      -34.7719     1.3724      0.0220   0.0013   65.93     25    Success 
    24      -34.7774     1.5405      0.0055   0.0005   60.69     26    Success 
    25      -34.7873     1.5607      0.0099   0.0009   62.65     27    Success 
    26      -34.8042     1.5190      0.0169   0.0015   62.59     28    Success 
    27      -34.8084     5.5523      0.0042   0.0031   66.21     29    Success 
    28      -34.8160     4.5691      0.0076   0.0004   76.29     30    Success 
    29      -34.8284     2.7526      0.0123   0.0007   74.88     31    Success 
    30      -34.8382     0.8837      0.0098   0.0013   74.32     32    Success 
    31      -34.8401     0.9612      0.0019   0.0003   65.15     33    Success 
    32      -34.8437     0.9722      0.0035   0.0005   63.78     34    Success 
    33      -34.8496     0.8857      0.0059   0.0009   63.91     35    Success 
    34      -34.8573     1.1343      0.0077   0.0018   65.38     36    Success 
    35      -34.8617     0.8560      0.0043   0.0020   76.82     37    Success 
    36      -34.8635     0.8237      0.0018   0.0004   59.75     38    Success 
    37      -34.8658     0.6088      0.0023   0.0004   61.00     39    Success 
    38      -34.8683     0.5929      0.0025   0.0007   62.17     40    Success 
    39      -34.8699     1.4653      0.0015   0.0012   68.51     41    Success 
    40      -34.8722     0.7878      0.0024   0.0005   75.34     42    Success 
    41      -34.8746     0.5483      0.0024   0.0008   71.04     43    Success 
    42      -34.8759     0.5490      0.0014   0.0006   73.07     44    Success 
    43      -34.8782     0.5715      0.0022   0.0009   71.95     45    Success 
    44      -34.8806     0.9734      0.0024   0.0013   71.20     46    Success 
    45      -34.8837     0.7063      0.0031   0.0016   79.69     47    Success 
    46      -34.8857     0.8999      0.0020   0.0013   75.95     48    Success 
    47      -34.8879     0.6028      0.0022   0.0007   73.58     49    Success 
    48      -34.8902     0.5494      0.0022   0.0008   66.91     50    Success 
    49      -34.8927     0.5744      0.0026   0.0013   73.59     51    Success 
    50      -34.8945     0.9594      0.0018   0.0021   76.60     52    Success 
    51      -34.8966     0.5145      0.0021   0.0007   74.22     53    Success 
    52      -34.8977     0.5511      0.0011   0.0005   64.15     54    Success 
    53      -34.8987     0.5180      0.0010   0.0006   75.65     55    Success 
    54      -34.8997     0.3852      0.0010   0.0006   75.43     56    Success 
    55      -34.9010     0.3683      0.0014   0.0010   72.32     57    Success 
    56      -34.9017     0.8441      0.0006   0.0011   75.08     58    Success 
    57      -34.9025     0.3525      0.0008   0.0002   67.91     59    Success 
    58      -34.9030     0.2703      0.0005   0.0003   64.41     60    Success 
    59      -34.9034     0.2615      0.0004   0.0004   71.10     61    Success 
    60      -34.9038     0.5660      0.0004   0.0005   68.62     62    Success 
    61      -34.9042     0.1996      0.0004   0.0004   79.36     63    Success 
    62      -34.9043     0.1689      0.0001   0.0001   63.82     64    Success 
    63      -34.9045     0.2067      0.0002   0.0002   54.87     65    Success 
    64      -34.9047     0.2599      0.0002   0.0003   68.31     66    Success 
    65      -34.9049     0.1691      0.0002   0.0002   76.24     67    Success 
    66      -34.9051     0.2035      0.0002   0.0004   73.33     68    Success 
    67      -34.9054     0.2634      0.0003   0.0005   77.75     69    Success 
    68      -34.9056     0.5472      0.0003   0.0006   79.63     70    Success 
    69      -34.9060     0.3228      0.0004   0.0005   83.86     71    Success 
    70      -34.9063     0.1730      0.0003   0.0004   78.64     72    Success 
    71      -34.9065     0.1766      0.0002   0.0002   69.11     73    Success 
    72      -34.9067     0.1909      0.0002   0.0003   72.50     74    Success 
    73      -34.9068     0.2746      0.0001   0.0004   75.72     75    Success 
    74      -34.9069     0.1277      0.0001   0.0001   64.67     76    Success 
    75      -34.9070     0.1194      0.0001   0.0001   55.93     77    Success 
    76      -34.9070     0.2030      0.0001   0.0001   70.92     78    Success 
    77      -34.9071     0.1496      0.0001   0.0002   80.56     79    Success 
    78      -34.9073     0.1640      0.0001   0.0003   77.40     80    Success 
    79      -34.9073     0.1304      0.0000   0.0001   77.65     82    Success 
    80      -34.9073     0.0975      0.0000   0.0001   72.75     83    Success 
    81      -34.9074     0.0641      0.0000   0.0001   66.15     84    Success 
    82      -34.9074     0.1623      0.0000   0.0001   62.08     85    Success 
    83      -34.9074     0.0662      0.0000   0.0001   74.84     86    Success 
    84      -34.9075     0.0546      0.0000   0.0000   59.31     87    Success 
    85      -34.9075     0.0305      0.0000   0.0001   60.35     88    Success 
    86      -34.9075     0.0368      0.0000   0.0001   58.59     89    Success 
    87      -34.9075     0.0512      0.0000   0.0001   67.90     90    Success 
    88      -34.9075     0.0355      0.0000   0.0000   62.47     91    Success 
    89      -34.9075     0.0159      0.0000   0.0000   60.82     92    Success 
    90      -34.9075     0.0284      0.0000   0.0000   64.20     93    Success 
    91      -34.9075     0.0172      0.0000   0.0000   76.89     94    Success 
    92      -34.9075     0.0146      0.0000   0.0000   75.18     95    Success 
    93      -34.9075     0.0165      0.0000   0.0000   73.75     96    Success 
    94      -34.9075     0.0239      0.0000   0.0000   72.84     97    Success 
    95      -34.9075     0.0118      0.0000   0.0000   76.83     98    Success 
    96      -34.9075     0.0077      0.0000   0.0000   66.09     99    Success 
    97      -34.9075     0.0106      0.0000   0.0000   71.08    100    Success 
    98      -34.9075     0.0164      0.0000   0.0000   64.97    101    Success 
    99      -34.9075     0.0123      0.0000   0.0000   76.14    102    Success 
   100      -34.9075     0.0113      0.0000   0.0000   74.87    103    Success 
   101      -34.9075     0.0078      0.0000   0.0000   76.89    105    Success 
   102      -34.9075     0.0052      0.0000   0.0000   77.88    106    Success 
   103      -34.9075     0.0045      0.0000   0.0000   69.03    107    Success 
   104      -34.9075     0.0048      0.0000   0.0000   64.06    108    Success 
   105      -34.9075     0.0106      0.0000   0.0000   66.95    109    Success 
   106      -34.9075     0.0044      0.0000   0.0000   76.94    110    Success 
   107      -34.9075     0.0034      0.0000   0.0000   55.20    111    Success 
   108      -34.9075     0.0033      0.0000   0.0000   57.94    112    Success 
   109      -34.9075     0.0034      0.0000   0.0000   69.88    113    Success 
   110      -34.9075     0.0037      0.0000   0.0000   71.61    114    Success 
   111      -34.9075     0.0031      0.0000   0.0000   74.35    116    Success 
   112      -34.9075     0.0016      0.0000   0.0000   76.80    117    Success 
   113      -34.9075     0.0016      0.0000   0.0000   65.04    118    Success 
   114      -34.9075     0.0010      0.0000   0.0000   73.59    119   SmallGrad

 LBFGS  --  Normal Termination due to SmallGrad

 Final Function Value :          -34.9075
 Final RMS Gradient :              0.0010
 Final Gradient Norm :             0.0042
