
     ######################################################################
   ##########################################################################
  ###                                                                      ###
 ###            Tinker  ---  Software Tools for Molecular Design            ###
 ##                                                                          ##
 ##                          Version 8.7  June 2019                          ##
 ##                                                                          ##
 ##               Copyright (c)  Jay William Ponder  1990-2019               ##
 ###                           All Rights Reserved                          ###
  ###                                                                      ###
   ##########################################################################
     ######################################################################


 Additional Atom Definition Parameters :

     Type  Class  Symbol  Description               Atomic    Mass   Valence

     403    403     N     ModifiedRes                  7     14.007     3
     412    412     H     ModifiedRes                  1      1.008     1
     401    401     C     ModifiedRes                  6     12.011     4
     410    410     H     ModifiedRes                  1      1.008     1
     404    404     C     ModifiedRes                  6     12.011     3
     411    411     O     ModifiedRes                  8     15.999     1
     402    402     C     ModifiedRes                  6     12.011     4
     407    407     S     ModifiedRes                 16     32.066     2
     408    408     C     ModifiedRes                  6     12.011     2
     416    416     N     ModifiedRes                  7     14.007     1
     409    409     H     ModifiedRes                  1      1.008     1
     406    406     C     ModifiedRes                  6     12.011     3
     413    413     O     ModifiedRes                  8     15.999     1
     405    405     N     ModifiedRes                  7     14.007     3
     414    414     H     ModifiedRes                  1      1.008     1
     415    415     H     ModifiedRes                  1      1.008     1

 Additional Bond Stretching Parameters :

     Atom Classes             K(S)         Length

       401 403             374.800         1.4589
       403 406             482.000         1.3610
       403 412             542.000         1.0150
       401 410             341.000         1.0957
       401 404             345.300         1.5388
       401 402             345.300         1.5181
       404 405             482.000         1.3572
       404 411             705.000         1.2314
       402 409             395.500         1.0914
       402 407             235.800         1.8318
       407 408             235.800         1.6971
       408 416             450.000         1.1861
       406 413             705.000         1.2330
       406 414             356.400         1.1017
       405 415             542.000         1.0125

 Additional Angle Bending Parameters :

     Atom Classes             K(B)          Angle

     403 406 413            60.000        124.094
     401 403 412            35.000        118.942
     406 403 412            35.000        118.838
     401 404 405            70.000        113.359
     401 404 411            80.000        121.700
     401 402 407            53.200        108.210
     401 403 406            50.000        121.364
     404 401 410            38.000        109.343
     402 401 410            38.000        110.332
     403 401 410            50.600        106.311
     402 401 404            60.000        109.451
     403 401 404            80.000        110.698
     402 401 403            80.000        110.661
     402 407 408            60.430         97.779
     407 408 416            60.000        178.379
     409 402 409            39.570        108.414
     401 402 409            42.440        109.507
     407 402 409            60.240        109.536
     405 404 411            60.000        124.942
     413 406 414            68.340        122.634
     403 406 414            31.650        113.263
     415 405 415            22.300        119.362
     404 405 415            35.000        117.511

 Additional Stretch-Bend Parameters :

     Atom Classes          K(SB)-1        K(SB)-2

     401 403 412             4.300          7.200
     406 403 412             4.300          7.200
     401 404 405            18.700         18.700
     401 402 407            18.700         18.700
     401 403 406             7.200          7.200
     404 401 410            11.500         18.700
     402 401 410            11.500         18.700
     403 401 410            11.500         11.500
     402 401 404            18.700         18.700
     403 401 404            18.700         18.700
     402 401 403            18.700         18.700
     402 407 408            -5.750         -5.750
     401 402 409            11.500         11.500
     407 402 409            11.500         11.500
     403 406 414            11.500         11.500
     404 405 415             4.300          7.200
     415 405 415             4.300          7.200
     401 404 411            18.700         18.700
     413 406 414            11.500         11.500

 Additional Out-of-Plane Bend Parameters :

     Atom Classes                   K(OPB)

     401 403   0   0                14.400
     401 404   0   0                14.400
     403 406   0   0               107.910
     404 405   0   0                71.940
     405 404   0   0               107.910
     406 403   0   0                71.940
     411 404   0   0               122.298
     412 403   0   0                 5.755
     413 406   0   0               122.298
     414 406   0   0               140.283
     415 405   0   0                 5.755

 Additional Torsional Parameters :

     Atom Classes     1-Fold    2-Fold    3-Fold    4-Fold    5-Fold    6-Fold

   403 401 404 405   0.00   0  0.00 180  0.00   0  0.00   0  0.00   0  0.00   0
   403 401 404 411   0.00   0  0.00 180  0.00   0  0.00   0  0.00   0  0.00   0
   403 401 402 409   0.00   0  0.00 180  0.00   0  0.00   0  0.00   0  0.00   0
   403 401 402 407   0.00   0  0.00 180  0.00   0  0.00   0  0.00   0  0.00   0
   410 401 403 412   0.00   0  0.00 180  0.00   0  0.00   0  0.00   0  0.00   0
   404 401 403 412   0.00   0  0.00 180  0.00   0  0.00   0  0.00   0  0.00   0
   402 401 403 412   0.00   0  0.00 180  0.00   0  0.00   0  0.00   0  0.00   0
   412 403 406 413   0.00   0  0.00 180  0.00   0  0.00   0  0.00   0  0.00   0
   412 403 406 414   0.00   0  0.00 180  0.00   0  0.00   0  0.00   0  0.00   0
   401 404 405 415   0.00   0  1.20 180  0.80   0  0.00   0  0.00   0  0.00   0
   401 402 407 408   0.00   0  0.00 180  0.00   0  0.00   0  0.00   0  0.00   0
   401 403 406 413   0.00   0  0.00 180  0.00   0  0.00   0  0.00   0  0.00   0
   401 403 406 414   0.00   0  0.00 180  0.00   0  0.00   0  0.00   0  0.00   0
   410 401 404 405   0.00   0  0.00 180  0.00   0  0.00   0  0.00   0  0.00   0
   410 401 404 411   0.00   0  0.00 180  0.00   0  0.00   0  0.00   0  0.00   0
   410 401 402 409   0.00   0  0.00 180  0.00   0  0.00   0  0.00   0  0.00   0
   410 401 402 407   0.00   0  0.00 180  0.00   0  0.00   0  0.00   0  0.00   0
   410 401 403 406   0.00   0  0.00 180  0.00   0  0.00   0  0.00   0  0.00   0
   404 401 402 409   0.00   0  0.00 180  0.00   0  0.00   0  0.00   0  0.00   0
   404 401 402 407   0.00   0  0.00 180  0.00   0  0.00   0  0.00   0  0.00   0
   404 401 403 406   0.00   0  0.00 180  0.00   0  0.00   0  0.00   0  0.00   0
   411 404 405 415   0.00   0  0.00 180  0.00   0  0.00   0  0.00   0  0.00   0
   402 401 404 411   0.00   0  0.00 180  0.00   0  0.00   0  0.00   0  0.00   0
   402 401 404 405   0.00   0  0.00 180  0.00   0  0.00   0  0.00   0  0.00   0
   402 401 403 406   0.00   0  0.00 180  0.00   0  0.00   0  0.00   0  0.00   0
   402 407 408 416   0.00   0  0.00 180  0.50   0  0.00   0  0.00   0  0.00   0
   409 402 407 408   0.00   0  0.00 180  0.00   0  0.00   0  0.00   0  0.00   0

 Additional Pi-Orbital Torsion Parameters :

     Atom Classes       2-Fold

       404 405           6.850
       403 406           6.850

 Additional van der Waals Parameters :

     Atom Class               Size        Epsilon        Reduction

         403                3.7100         0.1100          0.000
         412                2.5900         0.0220          0.900
         401                3.6500         0.1010          0.000
         410                2.8800         0.0240          0.910
         404                3.8200         0.1060          0.000
         411                3.3000         0.1120          0.000
         402                3.7800         0.1060          0.000
         407                4.0050         0.3550          0.000
         408                3.7800         0.1060          0.000
         416                3.7100         0.1050          0.000
         409                2.8700         0.0330          0.900
         406                3.8200         0.1060          0.000
         413                3.3000         0.1120          0.000
         405                3.7100         0.1100          0.000
         414                2.9200         0.0300          0.920
         415                2.5900         0.0220          0.900

 Additional Atomic Multipole Parameters :

     Atom Type     Coordinate Frame Definition         Multipole Moments

         401      403    404      0   Z-then-X    -0.27040
                                                  -0.22190  0.00000  0.26102
                                                  -0.17903
                                                   0.00000 -0.24517
                                                   0.13675  0.00000  0.42420

         402      407    401      0   Z-then-X    -0.16380
                                                   0.27778  0.00000 -0.20334
                                                   0.30211
                                                   0.00000 -0.49081
                                                  -0.33263  0.00000  0.18870

         403      406    401      0   Z-then-X    -0.06286
                                                   0.37348  0.00000 -0.12295
                                                   0.79149
                                                   0.00000 -1.08676
                                                  -0.63736  0.00000  0.29527

         404      411    405      0   Z-then-X     0.97419
                                                  -0.10999  0.00000  0.25580
                                                   0.38321
                                                   0.00000 -0.33696
                                                  -0.17133  0.00000 -0.04625

         405      404    415      0   Z-then-X    -0.32376
                                                   0.05823  0.00000 -0.07138
                                                   0.32176
                                                   0.00000 -0.38869
                                                  -0.03945  0.00000  0.06693

         406      413    403      0   Z-then-X     0.63075
                                                   0.40149  0.00000  0.25741
                                                  -0.01797
                                                   0.00000  0.01503
                                                   0.00873  0.00000  0.00294

         407      408    402      0   Z-then-X     0.34019
                                                   0.47821  0.00000  0.49978
                                                   1.11919
                                                   0.00000 -2.31639
                                                  -0.50667  0.00000  1.19720

         408      407    416      0   Z-then-X     0.21608
                                                   0.00820  0.00000 -0.28509
                                                   0.05369
                                                   0.00000  0.10740
                                                   0.05156  0.00000 -0.16109

         409      402    407      0   Z-then-X     0.09933
                                                   0.00064  0.00000 -0.16410
                                                   0.07960
                                                   0.00000  0.07569
                                                  -0.01944  0.00000 -0.15529

         410      401    403      0   Z-then-X     0.10718
                                                  -0.02083  0.00000 -0.03604
                                                  -0.03187
                                                   0.00000  0.01466
                                                  -0.01392  0.00000  0.01721

         411      404    405      0   Z-then-X    -0.77613
                                                   0.13027  0.00000 -0.18830
                                                  -0.53109
                                                   0.00000  0.25725
                                                   0.21601  0.00000  0.27384

         412      403    401      0   Z-then-X     0.11911
                                                   0.01244  0.00000 -0.25689
                                                   0.04573
                                                   0.00000  0.01640
                                                  -0.00301  0.00000 -0.06213

         413      406    403      0   Z-then-X    -0.66614
                                                  -0.21394  0.00000 -0.03273
                                                  -0.49754
                                                   0.00000  0.12402
                                                  -0.24547  0.00000  0.37352

         414      406    413      0   Z-then-X    -0.02624
                                                   0.07068  0.00000 -0.22870
                                                   0.12255
                                                   0.00000  0.03666
                                                   0.03118  0.00000 -0.15921

         415      405    404      0   Z-then-X     0.13248
                                                   0.00045  0.00000 -0.38308
                                                   0.28470
                                                   0.00000  0.12111
                                                   0.01221  0.00000 -0.40581

         416      408    407      0   Z-then-X    -0.56179
                                                   0.01684  0.00000 -0.29231
                                                   0.37390
                                                   0.00000  0.24558
                                                   0.00671  0.00000 -0.61948

 Additional Atomic Dipole Polarizability Parameters :

     Atom Type           Alpha       Thole     Group Atom Types

         403             1.073       0.390         412  401  406
         412             0.496       0.390         403
         401             1.334       0.390         403  410  404  402
         410             0.496       0.390         401
         404             1.334       0.390         401  411  405
         411             0.837       0.390         404
         402             1.334       0.390         401  407  409
         407             3.300       0.390         402  408
         408             1.334       0.390         407  416
         416             1.073       0.390         408
         409             0.496       0.390         402
         406             1.334       0.390         403  413  414
         413             0.837       0.390         406
         405             1.073       0.390         404  415
         414             0.494       0.390         406
         415             0.496       0.390         405

 Limited Memory BFGS Quasi-Newton Optimization :

 QN Iter     F Value      G RMS      F Move   X Move   Angle  FG Call  Comment

     0      -20.2145     7.1717                                   1
     1      -20.2619     7.0374      0.0474   0.0007    0.00      3    Success 
     2      -20.2983     4.7019      0.0365   0.0005   44.61      4    Success 
     3      -20.3520     4.7293      0.0537   0.0012   41.68      5    Success 
     4      -20.4212     5.8367      0.0692   0.0019   55.38      6    Success 
     5      -20.5199     5.2044      0.0987   0.0032   65.55      7    Success 
     6      -20.5507    10.5992      0.0309   0.0054   67.21      8    Success 
     7      -20.6035     7.6773      0.0528   0.0004   36.90      9    Success 
     8      -20.6797     3.7537      0.0762   0.0011   47.76     10    Success 
     9      -20.7334     5.9557      0.0537   0.0025   56.84     11    Success 
    10      -20.7776     5.0287      0.0441   0.0021   74.35     12    Success 
    11      -20.8454     4.6701      0.0678   0.0041   76.21     13    Success 
    12      -20.9558     4.1682      0.1104   0.0057   73.52     14    Success 
    13      -21.1192     4.0782      0.1634   0.0105   73.66     15    Success 
    14      -21.2287     9.1702      0.1096   0.0154   73.86     16    Success 
    15      -21.2966     6.7285      0.0679   0.0049   74.18     17    Success 
    16      -21.3489     2.9048      0.0522   0.0037   80.02     18    Success 
    17      -21.3805     2.2150      0.0316   0.0013   49.59     19    Success 
    18      -21.4190     3.0870      0.0385   0.0025   59.79     20    Success 
    19      -21.4792     3.5168      0.0603   0.0049   73.47     21    Success 
    20      -21.5684     3.0338      0.0892   0.0076   75.52     22    Success 
    21      -21.5990     3.6965      0.0306   0.0047   76.34     24    Success 
    22      -21.6385     1.8216      0.0394   0.0050   79.39     25    Success 
    23      -21.6528     3.2791      0.0143   0.0021   68.90     26    Success 
    24      -21.6628     2.5895      0.0100   0.0015   76.84     27    Success 
    25      -21.6704     1.8071      0.0076   0.0006   72.14     28    Success 
    26      -21.6813     1.3098      0.0109   0.0011   64.34     29    Success 
    27      -21.6860     2.3533      0.0047   0.0010   66.38     31    Success 
    28      -21.6916     1.5038      0.0056   0.0011   80.42     32    Success 
    29      -21.6975     1.4415      0.0060   0.0012   77.02     33    Success 
    30      -21.7065     1.4722      0.0090   0.0017   74.61     34    Success 
    31      -21.7187     1.3337      0.0122   0.0022   73.39     35    Success 
    32      -21.7284     2.5364      0.0096   0.0033   74.03     36    Success 
    33      -21.7393     1.0584      0.0110   0.0018   76.73     37    Success 
    34      -21.7450     0.8860      0.0056   0.0006   52.49     38    Success 
    35      -21.7511     0.9000      0.0061   0.0012   60.03     39    Success 
    36      -21.7534     1.1183      0.0023   0.0009   72.23     41    Success 
    37      -21.7564     0.7825      0.0030   0.0009   77.64     42    Success 
    38      -21.7606     0.7740      0.0042   0.0014   72.32     43    Success 
    39      -21.7633     2.1938      0.0027   0.0023   75.07     44    Success 
    40      -21.7673     1.2316      0.0040   0.0006   77.66     45    Success 
    41      -21.7722     0.9129      0.0049   0.0011   74.40     46    Success 
    42      -21.7767     1.2385      0.0045   0.0014   74.71     47    Success 
    43      -21.7828     1.2365      0.0061   0.0021   80.16     48    Success 
    44      -21.7918     1.3590      0.0090   0.0034   80.65     49    Success 
    45      -21.7921     3.3077      0.0003   0.0051   81.62     50    Success 
    46      -21.7946     2.8350      0.0026   0.0001   69.50     52    Success 
    47      -21.7990     1.9354      0.0044   0.0004   74.41     53    Success 
    48      -21.8040     0.6364      0.0050   0.0008   71.15     54    Success 
    49      -21.8051     0.7679      0.0011   0.0005   77.52     55    Success 
    50      -21.8070     0.8682      0.0020   0.0008   78.20     56    Success 
    51      -21.8100     1.5013      0.0030   0.0011   77.26     57    Success 
    52      -21.8144     1.0589      0.0044   0.0022   84.21     58    Success 
    53      -21.8171     0.7851      0.0027   0.0021   83.65     59    Success 
    54      -21.8177     0.6039      0.0006   0.0005   80.23     61    Success 
    55      -21.8186     0.3406      0.0008   0.0003   69.11     62    Success 
    56      -21.8192     0.4313      0.0007   0.0003   56.74     63    Success 
    57      -21.8197     0.5182      0.0005   0.0002   68.89     64    Success 
    58      -21.8204     0.5817      0.0007   0.0004   73.92     65    Success 
    59      -21.8213     0.5217      0.0009   0.0007   78.63     66    Success 
    60      -21.8220     0.3162      0.0007   0.0007   80.57     67    Success 
    61      -21.8225     0.3567      0.0005   0.0006   75.63     68    Success 
    62      -21.8228     0.3647      0.0004   0.0003   75.15     69    Success 
    63      -21.8231     0.4225      0.0003   0.0003   73.55     70    Success 
    64      -21.8235     0.2443      0.0004   0.0003   77.63     71    Success 
    65      -21.8238     0.2648      0.0003   0.0003   72.10     72    Success 
    66      -21.8241     0.3088      0.0003   0.0003   74.23     73    Success 
    67      -21.8246     0.2550      0.0005   0.0005   77.26     74    Success 
    68      -21.8253     0.2670      0.0006   0.0008   75.55     75    Success 
    69      -21.8255     0.2404      0.0002   0.0004   76.40     77    Success 
    70      -21.8257     0.1475      0.0002   0.0003   73.63     78    Success 
    71      -21.8259     0.1495      0.0001   0.0002   65.66     79    Success 
    72      -21.8259     0.2786      0.0000   0.0003   69.72     80    Success 
    73      -21.8260     0.1999      0.0001   0.0000   54.81     81    Success 
    74      -21.8260     0.0929      0.0001   0.0000   53.68     82    Success 
    75      -21.8261     0.1732      0.0000   0.0001   62.93     83    Success 
    76      -21.8261     0.0905      0.0000   0.0001   76.46     84    Success 
    77      -21.8261     0.0755      0.0000   0.0001   79.59     85    Success 
    78      -21.8261     0.0470      0.0000   0.0001   78.00     86    Success 
    79      -21.8262     0.0464      0.0000   0.0001   76.96     87    Success 
    80      -21.8262     0.1003      0.0000   0.0001   68.86     88    Success 
    81      -21.8262     0.0821      0.0000   0.0000   62.11     89    Success 
    82      -21.8262     0.0519      0.0000   0.0000   62.53     90    Success 
    83      -21.8262     0.0272      0.0000   0.0000   58.23     91    Success 
    84      -21.8262     0.0344      0.0000   0.0000   60.18     92    Success 
    85      -21.8262     0.0452      0.0000   0.0000   69.23     93    Success 
    86      -21.8262     0.0449      0.0000   0.0001   76.77     94    Success 
    87      -21.8262     0.0249      0.0000   0.0000   75.42     95    Success 
    88      -21.8262     0.0184      0.0000   0.0000   73.01     96    Success 
    89      -21.8262     0.0210      0.0000   0.0000   66.61     97    Success 
    90      -21.8262     0.0228      0.0000   0.0000   68.95     98    Success 
    91      -21.8262     0.0252      0.0000   0.0000   71.69     99    Success 
    92      -21.8262     0.0409      0.0000   0.0001   75.01    100    Success 
    93      -21.8262     0.0262      0.0000   0.0000   66.37    101    Success 
    94      -21.8262     0.0118      0.0000   0.0000   67.07    102    Success 
    95      -21.8262     0.0152      0.0000   0.0000   65.71    103    Success 
    96      -21.8262     0.0175      0.0000   0.0000   72.15    104    Success 
    97      -21.8262     0.0317      0.0000   0.0000   75.43    105    Success 
    98      -21.8262     0.0274      0.0000   0.0001   82.69    106    Success 
    99      -21.8262     0.0502      0.0000   0.0001   82.71    107    Success 
   100      -21.8262     0.0342      0.0000   0.0000   74.50    108    Success 
   101      -21.8262     0.0120      0.0000   0.0000   70.08    109    Success 
   102      -21.8262     0.0148      0.0000   0.0000   52.70    110    Success 
   103      -21.8262     0.0170      0.0000   0.0000   73.57    111    Success 
   104      -21.8262     0.0161      0.0000   0.0000   76.42    112    Success 
   105      -21.8262     0.0200      0.0000   0.0000   79.75    113    Success 
   106      -21.8262     0.0106      0.0000   0.0000   78.67    114    Success 
   107      -21.8262     0.0093      0.0000   0.0000   76.20    115    Success 
   108      -21.8262     0.0129      0.0000   0.0000   70.00    116    Success 
   109      -21.8262     0.0181      0.0000   0.0000   75.43    117    Success 
   110      -21.8262     0.0089      0.0000   0.0000   73.93    118    Success 
   111      -21.8262     0.0086      0.0000   0.0000   62.89    119    Success 
   112      -21.8262     0.0096      0.0000   0.0000   71.99    120    Success 
   113      -21.8262     0.0112      0.0000   0.0000   77.67    121    Success 
   114      -21.8262     0.0070      0.0000   0.0000   80.01    122    Success 
   115      -21.8262     0.0064      0.0000   0.0000   68.12    123    Success 
   116      -21.8262     0.0082      0.0000   0.0000   66.43    124    Success 
   117      -21.8262     0.0112      0.0000   0.0000   74.68    125    Success 
   118      -21.8262     0.0060      0.0000   0.0000   70.81    126    Success 
   119      -21.8262     0.0058      0.0000   0.0000   68.77    127    Success 
   120      -21.8262     0.0107      0.0000   0.0000   75.74    128    Success 
   121      -21.8262     0.0060      0.0000   0.0000   82.24    129    Success 
   122      -21.8262     0.0054      0.0000   0.0000   76.74    130    Success 
   123      -21.8262     0.0143      0.0000   0.0000   71.94    131    Success 
   124      -21.8262     0.0066      0.0000   0.0000   81.86    132    Success 
   125      -21.8262     0.0036      0.0000   0.0000   71.52    133    Success 
   126      -21.8262     0.0042      0.0000   0.0000   68.35    134    Success 
   127      -21.8262     0.0042      0.0000   0.0000   74.02    135    Success 
   128      -21.8262     0.0069      0.0000   0.0000   74.41    136    Success 
   129      -21.8262     0.0027      0.0000   0.0000   76.49    137    Success 
   130      -21.8262     0.0019      0.0000   0.0000   65.70    138    Success 
   131      -21.8262     0.0025      0.0000   0.0000   56.63    139    Success 
   132      -21.8262     0.0057      0.0000   0.0000   72.54    140    Success 
   133      -21.8262     0.0034      0.0000   0.0000   81.69    141    Success 
   134      -21.8262     0.0019      0.0000   0.0000   80.27    142    Success 
   135      -21.8262     0.0017      0.0000   0.0000   76.77    143    Success 
   136      -21.8262     0.0022      0.0000   0.0000   73.74    144    Success 
   137      -21.8262     0.0025      0.0000   0.0000   75.08    145    Success 
   138      -21.8262     0.0017      0.0000   0.0000   73.20    146    Success 
   139      -21.8262     0.0014      0.0000   0.0000   64.73    147    Success 
   140      -21.8262     0.0017      0.0000   0.0000   61.46    148    Success 
   141      -21.8262     0.0025      0.0000   0.0000   75.23    149    Success 
   142      -21.8262     0.0020      0.0000   0.0000   81.51    150    Success 
   143      -21.8262     0.0018      0.0000   0.0000   77.09    151    Success 
   144      -21.8262     0.0018      0.0000   0.0000   76.50    152    Success 
   145      -21.8262     0.0014      0.0000   0.0000   73.21    153    Success 
   146      -21.8262     0.0021      0.0000   0.0000   70.40    154    Success 
   147      -21.8262     0.0010      0.0000   0.0000   81.42    155    Success 
   148      -21.8262     0.0007      0.0000   0.0000   77.15    156   SmallGrad

 LBFGS  --  Normal Termination due to SmallGrad

 Final Function Value :          -21.8262
 Final RMS Gradient :              0.0007
 Final Gradient Norm :             0.0031
