
     ######################################################################
   ##########################################################################
  ###                                                                      ###
 ###            Tinker  ---  Software Tools for Molecular Design            ###
 ##                                                                          ##
 ##                          Version 8.7  June 2019                          ##
 ##                                                                          ##
 ##               Copyright (c)  Jay William Ponder  1990-2019               ##
 ###                           All Rights Reserved                          ###
  ###                                                                      ###
   ##########################################################################
     ######################################################################


 Additional Atom Definition Parameters :

     Type  Class  Symbol  Description               Atomic    Mass   Valence

     403    403     N     ModifiedRes                  7     14.007     3
     412    412     H     ModifiedRes                  1      1.008     1
     401    401     C     ModifiedRes                  6     12.011     4
     410    410     H     ModifiedRes                  1      1.008     1
     404    404     C     ModifiedRes                  6     12.011     3
     411    411     O     ModifiedRes                  8     15.999     1
     402    402     C     ModifiedRes                  6     12.011     4
     407    407     S     ModifiedRes                 16     32.066     2
     408    408     C     ModifiedRes                  6     12.011     2
     416    416     N     ModifiedRes                  7     14.007     1
     409    409     H     ModifiedRes                  1      1.008     1
     406    406     C     ModifiedRes                  6     12.011     3
     413    413     O     ModifiedRes                  8     15.999     1
     405    405     N     ModifiedRes                  7     14.007     3
     414    414     H     ModifiedRes                  1      1.008     1
     415    415     H     ModifiedRes                  1      1.008     1

 Additional Bond Stretching Parameters :

     Atom Classes             K(S)         Length

       401 403             374.800         1.4589
       403 406             482.000         1.3610
       403 412             542.000         1.0150
       401 410             341.000         1.0957
       401 404             345.300         1.5388
       401 402             345.300         1.5181
       404 405             482.000         1.3572
       404 411             705.000         1.2314
       402 409             395.500         1.0914
       402 407             235.800         1.8318
       407 408             235.800         1.6971
       408 416             450.000         1.1861
       406 413             705.000         1.2330
       406 414             356.400         1.1017
       405 415             542.000         1.0125

 Additional Angle Bending Parameters :

     Atom Classes             K(B)          Angle

     403 406 413            60.000        124.094
     401 403 412            35.000        118.942
     406 403 412            35.000        118.838
     401 404 405            70.000        113.359
     401 404 411            80.000        121.700
     401 402 407            53.200        108.210
     401 403 406            50.000        121.364
     404 401 410            38.000        109.343
     402 401 410            38.000        110.332
     403 401 410            50.600        106.311
     402 401 404            60.000        109.451
     403 401 404            80.000        110.698
     402 401 403            80.000        110.661
     402 407 408            60.430         97.779
     407 408 416            60.000        178.379
     409 402 409            39.570        108.414
     401 402 409            42.440        109.507
     407 402 409            60.240        109.536
     405 404 411            60.000        124.942
     413 406 414            68.340        122.634
     403 406 414            31.650        113.263
     415 405 415            22.300        119.362
     404 405 415            35.000        117.511

 Additional Stretch-Bend Parameters :

     Atom Classes          K(SB)-1        K(SB)-2

     401 403 412             4.300          7.200
     406 403 412             4.300          7.200
     401 404 405            18.700         18.700
     401 402 407            18.700         18.700
     401 403 406             7.200          7.200
     404 401 410            11.500         18.700
     402 401 410            11.500         18.700
     403 401 410            11.500         11.500
     402 401 404            18.700         18.700
     403 401 404            18.700         18.700
     402 401 403            18.700         18.700
     402 407 408            -5.750         -5.750
     401 402 409            11.500         11.500
     407 402 409            11.500         11.500
     403 406 414            11.500         11.500
     404 405 415             4.300          7.200
     415 405 415             4.300          7.200
     401 404 411            18.700         18.700
     413 406 414            11.500         11.500

 Additional Out-of-Plane Bend Parameters :

     Atom Classes                   K(OPB)

     401 403   0   0                14.400
     401 404   0   0                14.400
     403 406   0   0               107.910
     404 405   0   0                71.940
     405 404   0   0               107.910
     406 403   0   0                71.940
     411 404   0   0               122.298
     412 403   0   0                 5.755
     413 406   0   0               122.298
     414 406   0   0               140.283
     415 405   0   0                 5.755

 Additional Torsional Parameters :

     Atom Classes     1-Fold    2-Fold    3-Fold    4-Fold    5-Fold    6-Fold

   403 401 404 405   0.00   0  0.00 180  0.00   0  0.00   0  0.00   0  0.00   0
   403 401 404 411   0.00   0  0.00 180  0.00   0  0.00   0  0.00   0  0.00   0
   403 401 402 409   0.00   0  0.00 180  0.00   0  0.00   0  0.00   0  0.00   0
   403 401 402 407   0.00   0  0.00 180  0.00   0  0.00   0  0.00   0  0.00   0
   410 401 403 412   0.00   0  0.00 180  0.00   0  0.00   0  0.00   0  0.00   0
   404 401 403 412   0.00   0  0.00 180  0.00   0  0.00   0  0.00   0  0.00   0
   402 401 403 412   0.00   0  0.00 180  0.00   0  0.00   0  0.00   0  0.00   0
   412 403 406 413   0.00   0  0.00 180  0.00   0  0.00   0  0.00   0  0.00   0
   412 403 406 414   0.00   0  0.00 180  0.00   0  0.00   0  0.00   0  0.00   0
   401 404 405 415   0.00   0  1.20 180  0.80   0  0.00   0  0.00   0  0.00   0
   401 402 407 408   0.00   0  0.00 180  0.00   0  0.00   0  0.00   0  0.00   0
   401 403 406 413   0.00   0  0.00 180  0.00   0  0.00   0  0.00   0  0.00   0
   401 403 406 414   0.00   0  0.00 180  0.00   0  0.00   0  0.00   0  0.00   0
   410 401 404 405   0.00   0  0.00 180  0.00   0  0.00   0  0.00   0  0.00   0
   410 401 404 411   0.00   0  0.00 180  0.00   0  0.00   0  0.00   0  0.00   0
   410 401 402 409   0.00   0  0.00 180  0.00   0  0.00   0  0.00   0  0.00   0
   410 401 402 407   0.00   0  0.00 180  0.00   0  0.00   0  0.00   0  0.00   0
   410 401 403 406   0.00   0  0.00 180  0.00   0  0.00   0  0.00   0  0.00   0
   404 401 402 409   0.00   0  0.00 180  0.00   0  0.00   0  0.00   0  0.00   0
   404 401 402 407   0.00   0  0.00 180  0.00   0  0.00   0  0.00   0  0.00   0
   404 401 403 406   0.00   0  0.00 180  0.00   0  0.00   0  0.00   0  0.00   0
   411 404 405 415   0.00   0  0.00 180  0.00   0  0.00   0  0.00   0  0.00   0
   402 401 404 411   0.00   0  0.00 180  0.00   0  0.00   0  0.00   0  0.00   0
   402 401 404 405   0.00   0  0.00 180  0.00   0  0.00   0  0.00   0  0.00   0
   402 401 403 406   0.00   0  0.00 180  0.00   0  0.00   0  0.00   0  0.00   0
   402 407 408 416   0.00   0  0.00 180  0.50   0  0.00   0  0.00   0  0.00   0
   409 402 407 408   0.00   0  0.00 180  0.00   0  0.00   0  0.00   0  0.00   0

 Additional Pi-Orbital Torsion Parameters :

     Atom Classes       2-Fold

       404 405           6.850
       403 406           6.850

 Additional van der Waals Parameters :

     Atom Class               Size        Epsilon        Reduction

         403                3.7100         0.1100          0.000
         412                2.5900         0.0220          0.900
         401                3.6500         0.1010          0.000
         410                2.8800         0.0240          0.910
         404                3.8200         0.1060          0.000
         411                3.3000         0.1120          0.000
         402                3.7800         0.1060          0.000
         407                4.0050         0.3550          0.000
         408                3.7800         0.1060          0.000
         416                3.7100         0.1050          0.000
         409                2.8700         0.0330          0.900
         406                3.8200         0.1060          0.000
         413                3.3000         0.1120          0.000
         405                3.7100         0.1100          0.000
         414                2.9200         0.0300          0.920
         415                2.5900         0.0220          0.900

 Additional Atomic Multipole Parameters :

     Atom Type     Coordinate Frame Definition         Multipole Moments

         401      403    404      0   Z-then-X    -0.27040
                                                  -0.22190  0.00000  0.26102
                                                  -0.17903
                                                   0.00000 -0.24517
                                                   0.13675  0.00000  0.42420

         402      407    401      0   Z-then-X    -0.16380
                                                   0.27778  0.00000 -0.20334
                                                   0.30211
                                                   0.00000 -0.49081
                                                  -0.33263  0.00000  0.18870

         403      406    401      0   Z-then-X    -0.06286
                                                   0.37348  0.00000 -0.12295
                                                   0.79149
                                                   0.00000 -1.08676
                                                  -0.63736  0.00000  0.29527

         404      411    405      0   Z-then-X     0.97419
                                                  -0.10999  0.00000  0.25580
                                                   0.38321
                                                   0.00000 -0.33696
                                                  -0.17133  0.00000 -0.04625

         405      404    415      0   Z-then-X    -0.32376
                                                   0.05823  0.00000 -0.07138
                                                   0.32176
                                                   0.00000 -0.38869
                                                  -0.03945  0.00000  0.06693

         406      413    403      0   Z-then-X     0.63075
                                                   0.40149  0.00000  0.25741
                                                  -0.01797
                                                   0.00000  0.01503
                                                   0.00873  0.00000  0.00294

         407      408    402      0   Z-then-X     0.34019
                                                   0.47821  0.00000  0.49978
                                                   1.11919
                                                   0.00000 -2.31639
                                                  -0.50667  0.00000  1.19720

         408      407    416      0   Z-then-X     0.21608
                                                   0.00820  0.00000 -0.28509
                                                   0.05369
                                                   0.00000  0.10740
                                                   0.05156  0.00000 -0.16109

         409      402    407      0   Z-then-X     0.09933
                                                   0.00064  0.00000 -0.16410
                                                   0.07960
                                                   0.00000  0.07569
                                                  -0.01944  0.00000 -0.15529

         410      401    403      0   Z-then-X     0.10718
                                                  -0.02083  0.00000 -0.03604
                                                  -0.03187
                                                   0.00000  0.01466
                                                  -0.01392  0.00000  0.01721

         411      404    405      0   Z-then-X    -0.77613
                                                   0.13027  0.00000 -0.18830
                                                  -0.53109
                                                   0.00000  0.25725
                                                   0.21601  0.00000  0.27384

         412      403    401      0   Z-then-X     0.11911
                                                   0.01244  0.00000 -0.25689
                                                   0.04573
                                                   0.00000  0.01640
                                                  -0.00301  0.00000 -0.06213

         413      406    403      0   Z-then-X    -0.66614
                                                  -0.21394  0.00000 -0.03273
                                                  -0.49754
                                                   0.00000  0.12402
                                                  -0.24547  0.00000  0.37352

         414      406    413      0   Z-then-X    -0.02624
                                                   0.07068  0.00000 -0.22870
                                                   0.12255
                                                   0.00000  0.03666
                                                   0.03118  0.00000 -0.15921

         415      405    404      0   Z-then-X     0.13248
                                                   0.00045  0.00000 -0.38308
                                                   0.28470
                                                   0.00000  0.12111
                                                   0.01221  0.00000 -0.40581

         416      408    407      0   Z-then-X    -0.56179
                                                   0.01684  0.00000 -0.29231
                                                   0.37390
                                                   0.00000  0.24558
                                                   0.00671  0.00000 -0.61948

 Additional Atomic Dipole Polarizability Parameters :

     Atom Type           Alpha       Thole     Group Atom Types

         403             1.073       0.390         412  401  406
         412             0.496       0.390         403
         401             1.334       0.390         403  410  404  402
         410             0.496       0.390         401
         404             1.334       0.390         401  411  405
         411             0.837       0.390         404
         402             1.334       0.390         401  407  409
         407             3.300       0.390         402  408
         408             1.334       0.390         407  416
         416             1.073       0.390         408
         409             0.496       0.390         402
         406             1.334       0.390         403  413  414
         413             0.837       0.390         406
         405             1.073       0.390         404  415
         414             0.494       0.390         406
         415             0.496       0.390         405

 Limited Memory BFGS Quasi-Newton Optimization :

 QN Iter     F Value      G RMS      F Move   X Move   Angle  FG Call  Comment

     0       50.7061   159.2973                                   1
     1       24.5194   116.6314     26.1866   0.0176    0.00      3    Success 
     2       11.9361    67.7294     12.5834   0.0115   37.05      4    Success 
     3        2.4772    62.3854      9.4589   0.0122   36.76      5    Success 
     4       -9.9406    51.8372     12.4178   0.0233   43.70      6    Success 
     5      -14.6065    52.5368      4.6658   0.0156   50.11      8    Success 
     6      -18.1083    28.5686      3.5018   0.0108   60.68      9    Success 
     7      -20.5633    18.9570      2.4550   0.0105   48.35     10    Success 
     8      -21.9133    15.1320      1.3501   0.0091   44.96     11    Success 
     9      -22.1624    23.4657      0.2490   0.0081   49.93     12    Success 
    10      -22.5454    13.2007      0.3830   0.0014   32.97     13    Success 
    11      -22.8791     6.9469      0.3336   0.0026   34.17     14    Success 
    12      -23.0925     8.2858      0.2134   0.0030   45.32     15    Success 
    13      -23.4275     8.7700      0.3350   0.0058   60.21     16    Success 
    14      -23.9388     8.9883      0.5114   0.0100   64.87     17    Success 
    15      -24.1493    11.1530      0.2105   0.0076   70.01     19    Success 
    16      -24.4508     6.1257      0.3015   0.0077   74.14     20    Success 
    17      -24.6210     5.7537      0.1702   0.0072   67.47     21    Success 
    18      -24.6764    10.5363      0.0553   0.0049   66.54     22    Success 
    19      -24.7633     5.8920      0.0869   0.0014   64.50     23    Success 
    20      -24.8854     4.7501      0.1221   0.0036   62.95     24    Success 
    21      -24.9946     4.7877      0.1092   0.0046   68.04     25    Success 
    22      -25.1489     3.5551      0.1543   0.0089   73.53     26    Success 
    23      -25.1952     5.7286      0.0464   0.0034   64.35     28    Success 
    24      -25.2574     3.9407      0.0621   0.0050   79.61     29    Success 
    25      -25.2936     3.7284      0.0362   0.0053   76.28     30    Success 
    26      -25.3193     2.0632      0.0257   0.0012   61.61     31    Success 
    27      -25.3391     2.5488      0.0198   0.0014   59.47     32    Success 
    28      -25.3696     2.6796      0.0305   0.0020   64.63     33    Success 
    29      -25.3795     7.0564      0.0099   0.0036   69.68     34    Success 
    30      -25.3971     5.4597      0.0176   0.0006   75.94     35    Success 
    31      -25.4244     2.8358      0.0273   0.0017   77.47     36    Success 
    32      -25.4434     1.7952      0.0190   0.0026   76.01     37    Success 
    33      -25.4516     1.9362      0.0082   0.0011   74.29     38    Success 
    34      -25.4660     1.9351      0.0144   0.0015   71.31     39    Success 
    35      -25.4804     3.3613      0.0144   0.0023   69.25     40    Success 
    36      -25.5009     1.8059      0.0204   0.0023   78.19     41    Success 
    37      -25.5115     0.9607      0.0106   0.0019   74.85     42    Success 
    38      -25.5187     0.9707      0.0072   0.0012   63.10     43    Success 
    39      -25.5294     1.2255      0.0108   0.0018   62.16     44    Success 
    40      -25.5393     2.2651      0.0098   0.0029   70.06     45    Success 
    41      -25.5520     1.2570      0.0127   0.0021   76.54     46    Success 
    42      -25.5611     0.8736      0.0091   0.0014   67.40     47    Success 
    43      -25.5679     1.3578      0.0067   0.0020   64.84     48    Success 
    44      -25.5716     1.1637      0.0037   0.0013   74.76     49    Success 
    45      -25.5743     0.7409      0.0027   0.0003   61.79     50    Success 
    46      -25.5780     0.5910      0.0038   0.0009   63.35     51    Success 
    47      -25.5801     1.9176      0.0020   0.0013   67.56     52    Success 
    48      -25.5826     0.8484      0.0025   0.0007   79.92     53    Success 
    49      -25.5842     0.5936      0.0016   0.0004   71.19     54    Success 
    50      -25.5856     0.4916      0.0014   0.0006   68.20     55    Success 
    51      -25.5869     0.4531      0.0012   0.0005   69.45     56    Success 
    52      -25.5887     0.6067      0.0018   0.0007   65.74     57    Success 
    53      -25.5909     0.6237      0.0022   0.0012   73.64     58    Success 
    54      -25.5918     1.0319      0.0009   0.0011   76.54     59    Success 
    55      -25.5931     0.4939      0.0013   0.0002   61.99     60    Success 
    56      -25.5943     0.4848      0.0011   0.0003   54.21     61    Success 
    57      -25.5957     0.6411      0.0014   0.0005   68.75     62    Success 
    58      -25.5981     0.7531      0.0024   0.0010   76.23     63    Success 
    59      -25.6009     1.2090      0.0028   0.0018   78.58     64    Success 
    60      -25.6044     0.7067      0.0036   0.0024   83.71     65    Success 
    61      -25.6061     0.6164      0.0016   0.0016   81.61     66    Success 
    62      -25.6075     0.4498      0.0014   0.0009   76.55     67    Success 
    63      -25.6087     0.5347      0.0012   0.0004   61.42     68    Success 
    64      -25.6105     0.5047      0.0018   0.0008   72.10     69    Success 
    65      -25.6114     0.7422      0.0009   0.0007   74.81     71    Success 
    66      -25.6127     0.3935      0.0013   0.0009   81.36     72    Success 
    67      -25.6135     0.3016      0.0008   0.0009   78.47     73    Success 
    68      -25.6140     0.3945      0.0005   0.0005   74.70     74    Success 
    69      -25.6145     0.3445      0.0005   0.0004   76.35     75    Success 
    70      -25.6149     0.6157      0.0004   0.0006   74.40     76    Success 
    71      -25.6152     0.1893      0.0004   0.0002   70.87     77    Success 
    72      -25.6153     0.2244      0.0001   0.0001   65.86     78    Success 
    73      -25.6155     0.2118      0.0002   0.0001   67.00     79    Success 
    74      -25.6158     0.2429      0.0003   0.0002   66.89     80    Success 
    75      -25.6162     0.2047      0.0004   0.0005   73.17     81    Success 
    76      -25.6164     0.2172      0.0003   0.0005   75.05     82    Success 
    77      -25.6166     0.3067      0.0001   0.0004   77.88     83    Success 
    78      -25.6167     0.2202      0.0002   0.0001   67.03     84    Success 
    79      -25.6170     0.1466      0.0003   0.0002   65.97     85    Success 
    80      -25.6173     0.1663      0.0003   0.0005   67.41     86    Success 
    81      -25.6175     0.2160      0.0002   0.0004   75.18     87    Success 
    82      -25.6176     0.3221      0.0001   0.0007   81.14     88    Success 
    83      -25.6178     0.1045      0.0002   0.0001   61.01     89    Success 
    84      -25.6178     0.1044      0.0001   0.0001   49.80     90    Success 
    85      -25.6179     0.1222      0.0001   0.0001   62.52     91    Success 
    86      -25.6180     0.1271      0.0001   0.0002   72.79     92    Success 
    87      -25.6180     0.1459      0.0000   0.0001   75.11     94    Success 
    88      -25.6181     0.0610      0.0001   0.0002   79.46     95    Success 
    89      -25.6181     0.0601      0.0000   0.0001   66.54     96    Success 
    90      -25.6182     0.0738      0.0000   0.0001   62.92     97    Success 
    91      -25.6182     0.1053      0.0000   0.0001   71.12     98    Success 
    92      -25.6182     0.0648      0.0000   0.0000   62.78     99    Success 
    93      -25.6182     0.0637      0.0000   0.0000   65.33    100    Success 
    94      -25.6182     0.0853      0.0000   0.0001   71.23    101    Success 
    95      -25.6182     0.0790      0.0000   0.0001   78.41    102    Success 
    96      -25.6183     0.0628      0.0000   0.0001   77.58    103    Success 
    97      -25.6183     0.1042      0.0000   0.0002   75.87    104    Success 
    98      -25.6183     0.0598      0.0000   0.0001   77.02    105    Success 
    99      -25.6183     0.0411      0.0000   0.0000   63.45    106    Success 
   100      -25.6183     0.0461      0.0000   0.0000   60.04    107    Success 
   101      -25.6183     0.0519      0.0000   0.0001   70.05    108    Success 
   102      -25.6183     0.1236      0.0000   0.0002   73.85    109    Success 
   103      -25.6184     0.0701      0.0000   0.0001   81.95    110    Success 
   104      -25.6184     0.0306      0.0000   0.0001   79.78    111    Success 
   105      -25.6184     0.0330      0.0000   0.0000   73.70    112    Success 
   106      -25.6184     0.0419      0.0000   0.0001   73.52    113    Success 
   107      -25.6184     0.0527      0.0000   0.0001   74.96    114    Success 
   108      -25.6184     0.0297      0.0000   0.0000   72.67    115    Success 
   109      -25.6184     0.0307      0.0000   0.0000   63.77    116    Success 
   110      -25.6184     0.0437      0.0000   0.0000   72.29    117    Success 
   111      -25.6184     0.0376      0.0000   0.0001   78.53    118    Success 
   112      -25.6184     0.0312      0.0000   0.0001   77.59    119    Success 
   113      -25.6184     0.0327      0.0000   0.0001   74.89    120    Success 
   114      -25.6184     0.0387      0.0000   0.0001   76.28    121    Success 
   115      -25.6184     0.0658      0.0000   0.0000   72.05    122    Success 
   116      -25.6184     0.0295      0.0000   0.0000   73.04    123    Success 
   117      -25.6184     0.0216      0.0000   0.0000   71.46    124    Success 
   118      -25.6185     0.0271      0.0000   0.0000   77.72    125    Success 
   119      -25.6185     0.0294      0.0000   0.0000   78.90    126    Success 
   120      -25.6185     0.0478      0.0000   0.0001   78.75    127    Success 
   121      -25.6185     0.0204      0.0000   0.0000   82.27    128    Success 
   122      -25.6185     0.0165      0.0000   0.0000   71.50    129    Success 
   123      -25.6185     0.0186      0.0000   0.0000   70.61    130    Success 
   124      -25.6185     0.0205      0.0000   0.0000   74.57    131    Success 
   125      -25.6185     0.0349      0.0000   0.0001   78.71    132    Success 
   126      -25.6185     0.0142      0.0000   0.0000   70.01    133    Success 
   127      -25.6185     0.0149      0.0000   0.0000   60.08    134    Success 
   128      -25.6185     0.0144      0.0000   0.0000   72.16    135    Success 
   129      -25.6185     0.0240      0.0000   0.0000   72.81    136    Success 
   130      -25.6185     0.0174      0.0000   0.0000   79.04    137    Success 
   131      -25.6185     0.0049      0.0000   0.0000   78.48    138    Success 
   132      -25.6185     0.0043      0.0000   0.0000   46.80    139    Success 
   133      -25.6185     0.0048      0.0000   0.0000   46.68    140    Success 
   134      -25.6185     0.0060      0.0000   0.0000   57.30    141    Success 
   135      -25.6185     0.0075      0.0000   0.0000   73.68    142    Success 
   136      -25.6185     0.0075      0.0000   0.0000   72.73    143    Success 
   137      -25.6185     0.0031      0.0000   0.0000   67.61    144    Success 
   138      -25.6185     0.0022      0.0000   0.0000   52.18    145    Success 
   139      -25.6185     0.0032      0.0000   0.0000   57.40    146    Success 
   140      -25.6185     0.0062      0.0000   0.0000   68.01    147    Success 
   141      -25.6185     0.0036      0.0000   0.0000   78.66    148    Success 
   142      -25.6185     0.0030      0.0000   0.0000   71.76    149    Success 
   143      -25.6185     0.0037      0.0000   0.0000   69.94    150    Success 
   144      -25.6185     0.0049      0.0000   0.0000   75.07    152    Success 
   145      -25.6185     0.0025      0.0000   0.0000   75.14    153    Success 
   146      -25.6185     0.0015      0.0000   0.0000   63.89    154    Success 
   147      -25.6185     0.0018      0.0000   0.0000   55.98    155    Success 
   148      -25.6185     0.0021      0.0000   0.0000   66.34    156    Success 
   149      -25.6185     0.0047      0.0000   0.0000   73.88    157    Success 
   150      -25.6185     0.0024      0.0000   0.0000   78.04    158    Success 
   151      -25.6185     0.0013      0.0000   0.0000   75.04    159    Success 
   152      -25.6185     0.0014      0.0000   0.0000   72.02    160    Success 
   153      -25.6185     0.0017      0.0000   0.0000   71.74    161    Success 
   154      -25.6185     0.0025      0.0000   0.0000   76.17    162    Success 
   155      -25.6185     0.0014      0.0000   0.0000   69.85    163    Success 
   156      -25.6185     0.0013      0.0000   0.0000   65.32    164    Success 
   157      -25.6185     0.0026      0.0000   0.0000   73.28    165    Success 
   158      -25.6185     0.0019      0.0000   0.0000   81.81    166    Success 
   159      -25.6185     0.0017      0.0000   0.0000   80.08    167    Success 
   160      -25.6185     0.0031      0.0000   0.0000   78.63    168    Success 
   161      -25.6185     0.0017      0.0000   0.0000   80.98    169    Success 
   162      -25.6185     0.0014      0.0000   0.0000   74.38    170    Success 
   163      -25.6185     0.0019      0.0000   0.0000   75.63    171    Success 
   164      -25.6185     0.0022      0.0000   0.0000   79.80    172    Success 
   165      -25.6185     0.0014      0.0000   0.0000   78.48    173    Success 
   166      -25.6185     0.0009      0.0000   0.0000   75.91    174   SmallGrad

 LBFGS  --  Normal Termination due to SmallGrad

 Final Function Value :          -25.6185
 Final RMS Gradient :              0.0009
 Final Gradient Norm :             0.0040
