
     ######################################################################
   ##########################################################################
  ###                                                                      ###
 ###            Tinker  ---  Software Tools for Molecular Design            ###
 ##                                                                          ##
 ##                          Version 8.7  June 2019                          ##
 ##                                                                          ##
 ##               Copyright (c)  Jay William Ponder  1990-2019               ##
 ###                           All Rights Reserved                          ###
  ###                                                                      ###
   ##########################################################################
     ######################################################################


 Additional Atom Definition Parameters :

     Type  Class  Symbol  Description               Atomic    Mass   Valence

     403    403     N     ModifiedRes                  7     14.007     3
     412    412     H     ModifiedRes                  1      1.008     1
     401    401     C     ModifiedRes                  6     12.011     4
     410    410     H     ModifiedRes                  1      1.008     1
     404    404     C     ModifiedRes                  6     12.011     3
     411    411     O     ModifiedRes                  8     15.999     1
     402    402     C     ModifiedRes                  6     12.011     4
     407    407     S     ModifiedRes                 16     32.066     2
     408    408     C     ModifiedRes                  6     12.011     2
     416    416     N     ModifiedRes                  7     14.007     1
     409    409     H     ModifiedRes                  1      1.008     1
     406    406     C     ModifiedRes                  6     12.011     3
     413    413     O     ModifiedRes                  8     15.999     1
     405    405     N     ModifiedRes                  7     14.007     3
     414    414     H     ModifiedRes                  1      1.008     1
     415    415     H     ModifiedRes                  1      1.008     1

 Additional Bond Stretching Parameters :

     Atom Classes             K(S)         Length

       401 403             374.800         1.4589
       403 406             482.000         1.3610
       403 412             542.000         1.0150
       401 410             341.000         1.0957
       401 404             345.300         1.5388
       401 402             345.300         1.5181
       404 405             482.000         1.3572
       404 411             705.000         1.2314
       402 409             395.500         1.0914
       402 407             235.800         1.8318
       407 408             235.800         1.6971
       408 416             450.000         1.1861
       406 413             705.000         1.2330
       406 414             356.400         1.1017
       405 415             542.000         1.0125

 Additional Angle Bending Parameters :

     Atom Classes             K(B)          Angle

     403 406 413            60.000        124.094
     401 403 412            35.000        118.942
     406 403 412            35.000        118.838
     401 404 405            70.000        113.359
     401 404 411            80.000        121.700
     401 402 407            53.200        108.210
     401 403 406            50.000        121.364
     404 401 410            38.000        109.343
     402 401 410            38.000        110.332
     403 401 410            50.600        106.311
     402 401 404            60.000        109.451
     403 401 404            80.000        110.698
     402 401 403            80.000        110.661
     402 407 408            60.430         97.779
     407 408 416            60.000        178.379
     409 402 409            39.570        108.414
     401 402 409            42.440        109.507
     407 402 409            60.240        109.536
     405 404 411            60.000        124.942
     413 406 414            68.340        122.634
     403 406 414            31.650        113.263
     415 405 415            22.300        119.362
     404 405 415            35.000        117.511

 Additional Stretch-Bend Parameters :

     Atom Classes          K(SB)-1        K(SB)-2

     401 403 412             4.300          7.200
     406 403 412             4.300          7.200
     401 404 405            18.700         18.700
     401 402 407            18.700         18.700
     401 403 406             7.200          7.200
     404 401 410            11.500         18.700
     402 401 410            11.500         18.700
     403 401 410            11.500         11.500
     402 401 404            18.700         18.700
     403 401 404            18.700         18.700
     402 401 403            18.700         18.700
     402 407 408            -5.750         -5.750
     401 402 409            11.500         11.500
     407 402 409            11.500         11.500
     403 406 414            11.500         11.500
     404 405 415             4.300          7.200
     415 405 415             4.300          7.200
     401 404 411            18.700         18.700
     413 406 414            11.500         11.500

 Additional Out-of-Plane Bend Parameters :

     Atom Classes                   K(OPB)

     401 403   0   0                14.400
     401 404   0   0                14.400
     403 406   0   0               107.910
     404 405   0   0                71.940
     405 404   0   0               107.910
     406 403   0   0                71.940
     411 404   0   0               122.298
     412 403   0   0                 5.755
     413 406   0   0               122.298
     414 406   0   0               140.283
     415 405   0   0                 5.755

 Additional Torsional Parameters :

     Atom Classes     1-Fold    2-Fold    3-Fold    4-Fold    5-Fold    6-Fold

   403 401 404 405   0.00   0  0.00 180  0.00   0  0.00   0  0.00   0  0.00   0
   403 401 404 411   0.00   0  0.00 180  0.00   0  0.00   0  0.00   0  0.00   0
   403 401 402 409   0.00   0  0.00 180  0.00   0  0.00   0  0.00   0  0.00   0
   403 401 402 407   0.00   0  0.00 180  0.00   0  0.00   0  0.00   0  0.00   0
   410 401 403 412   0.00   0  0.00 180  0.00   0  0.00   0  0.00   0  0.00   0
   404 401 403 412   0.00   0  0.00 180  0.00   0  0.00   0  0.00   0  0.00   0
   402 401 403 412   0.00   0  0.00 180  0.00   0  0.00   0  0.00   0  0.00   0
   412 403 406 413   0.00   0  0.00 180  0.00   0  0.00   0  0.00   0  0.00   0
   412 403 406 414   0.00   0  0.00 180  0.00   0  0.00   0  0.00   0  0.00   0
   401 404 405 415   0.00   0  1.20 180  0.80   0  0.00   0  0.00   0  0.00   0
   401 402 407 408   0.00   0  0.00 180  0.00   0  0.00   0  0.00   0  0.00   0
   401 403 406 413   0.00   0  0.00 180  0.00   0  0.00   0  0.00   0  0.00   0
   401 403 406 414   0.00   0  0.00 180  0.00   0  0.00   0  0.00   0  0.00   0
   410 401 404 405   0.00   0  0.00 180  0.00   0  0.00   0  0.00   0  0.00   0
   410 401 404 411   0.00   0  0.00 180  0.00   0  0.00   0  0.00   0  0.00   0
   410 401 402 409   0.00   0  0.00 180  0.00   0  0.00   0  0.00   0  0.00   0
   410 401 402 407   0.00   0  0.00 180  0.00   0  0.00   0  0.00   0  0.00   0
   410 401 403 406   0.00   0  0.00 180  0.00   0  0.00   0  0.00   0  0.00   0
   404 401 402 409   0.00   0  0.00 180  0.00   0  0.00   0  0.00   0  0.00   0
   404 401 402 407   0.00   0  0.00 180  0.00   0  0.00   0  0.00   0  0.00   0
   404 401 403 406   0.00   0  0.00 180  0.00   0  0.00   0  0.00   0  0.00   0
   411 404 405 415   0.00   0  0.00 180  0.00   0  0.00   0  0.00   0  0.00   0
   402 401 404 411   0.00   0  0.00 180  0.00   0  0.00   0  0.00   0  0.00   0
   402 401 404 405   0.00   0  0.00 180  0.00   0  0.00   0  0.00   0  0.00   0
   402 401 403 406   0.00   0  0.00 180  0.00   0  0.00   0  0.00   0  0.00   0
   402 407 408 416   0.00   0  0.00 180  0.50   0  0.00   0  0.00   0  0.00   0
   409 402 407 408   0.00   0  0.00 180  0.00   0  0.00   0  0.00   0  0.00   0

 Additional Pi-Orbital Torsion Parameters :

     Atom Classes       2-Fold

       404 405           6.850
       403 406           6.850

 Additional van der Waals Parameters :

     Atom Class               Size        Epsilon        Reduction

         403                3.7100         0.1100          0.000
         412                2.5900         0.0220          0.900
         401                3.6500         0.1010          0.000
         410                2.8800         0.0240          0.910
         404                3.8200         0.1060          0.000
         411                3.3000         0.1120          0.000
         402                3.7800         0.1060          0.000
         407                4.0050         0.3550          0.000
         408                3.7800         0.1060          0.000
         416                3.7100         0.1050          0.000
         409                2.8700         0.0330          0.900
         406                3.8200         0.1060          0.000
         413                3.3000         0.1120          0.000
         405                3.7100         0.1100          0.000
         414                2.9200         0.0300          0.920
         415                2.5900         0.0220          0.900

 Additional Atomic Multipole Parameters :

     Atom Type     Coordinate Frame Definition         Multipole Moments

         401      403    404      0   Z-then-X    -0.27040
                                                  -0.22190  0.00000  0.26102
                                                  -0.17903
                                                   0.00000 -0.24517
                                                   0.13675  0.00000  0.42420

         402      407    401      0   Z-then-X    -0.16380
                                                   0.27778  0.00000 -0.20334
                                                   0.30211
                                                   0.00000 -0.49081
                                                  -0.33263  0.00000  0.18870

         403      406    401      0   Z-then-X    -0.06286
                                                   0.37348  0.00000 -0.12295
                                                   0.79149
                                                   0.00000 -1.08676
                                                  -0.63736  0.00000  0.29527

         404      411    405      0   Z-then-X     0.97419
                                                  -0.10999  0.00000  0.25580
                                                   0.38321
                                                   0.00000 -0.33696
                                                  -0.17133  0.00000 -0.04625

         405      404    415      0   Z-then-X    -0.32376
                                                   0.05823  0.00000 -0.07138
                                                   0.32176
                                                   0.00000 -0.38869
                                                  -0.03945  0.00000  0.06693

         406      413    403      0   Z-then-X     0.63075
                                                   0.40149  0.00000  0.25741
                                                  -0.01797
                                                   0.00000  0.01503
                                                   0.00873  0.00000  0.00294

         407      408    402      0   Z-then-X     0.34019
                                                   0.47821  0.00000  0.49978
                                                   1.11919
                                                   0.00000 -2.31639
                                                  -0.50667  0.00000  1.19720

         408      407    416      0   Z-then-X     0.21608
                                                   0.00820  0.00000 -0.28509
                                                   0.05369
                                                   0.00000  0.10740
                                                   0.05156  0.00000 -0.16109

         409      402    407      0   Z-then-X     0.09933
                                                   0.00064  0.00000 -0.16410
                                                   0.07960
                                                   0.00000  0.07569
                                                  -0.01944  0.00000 -0.15529

         410      401    403      0   Z-then-X     0.10718
                                                  -0.02083  0.00000 -0.03604
                                                  -0.03187
                                                   0.00000  0.01466
                                                  -0.01392  0.00000  0.01721

         411      404    405      0   Z-then-X    -0.77613
                                                   0.13027  0.00000 -0.18830
                                                  -0.53109
                                                   0.00000  0.25725
                                                   0.21601  0.00000  0.27384

         412      403    401      0   Z-then-X     0.11911
                                                   0.01244  0.00000 -0.25689
                                                   0.04573
                                                   0.00000  0.01640
                                                  -0.00301  0.00000 -0.06213

         413      406    403      0   Z-then-X    -0.66614
                                                  -0.21394  0.00000 -0.03273
                                                  -0.49754
                                                   0.00000  0.12402
                                                  -0.24547  0.00000  0.37352

         414      406    413      0   Z-then-X    -0.02624
                                                   0.07068  0.00000 -0.22870
                                                   0.12255
                                                   0.00000  0.03666
                                                   0.03118  0.00000 -0.15921

         415      405    404      0   Z-then-X     0.13248
                                                   0.00045  0.00000 -0.38308
                                                   0.28470
                                                   0.00000  0.12111
                                                   0.01221  0.00000 -0.40581

         416      408    407      0   Z-then-X    -0.56179
                                                   0.01684  0.00000 -0.29231
                                                   0.37390
                                                   0.00000  0.24558
                                                   0.00671  0.00000 -0.61948

 Additional Atomic Dipole Polarizability Parameters :

     Atom Type           Alpha       Thole     Group Atom Types

         403             1.073       0.390         412  401  406
         412             0.496       0.390         403
         401             1.334       0.390         403  410  404  402
         410             0.496       0.390         401
         404             1.334       0.390         401  411  405
         411             0.837       0.390         404
         402             1.334       0.390         401  407  409
         407             3.300       0.390         402  408
         408             1.334       0.390         407  416
         416             1.073       0.390         408
         409             0.496       0.390         402
         406             1.334       0.390         403  413  414
         413             0.837       0.390         406
         405             1.073       0.390         404  415
         414             0.494       0.390         406
         415             0.496       0.390         405

 Limited Memory BFGS Quasi-Newton Optimization :

 QN Iter     F Value      G RMS      F Move   X Move   Angle  FG Call  Comment

     0      -27.7991     6.2748                                   1
     1      -27.8901     6.4597      0.0910   0.0016    0.00      3    Success 
     2      -27.9597     5.8413      0.0696   0.0011   45.52      4    Success 
     3      -28.0648     5.6796      0.1052   0.0022   53.83      5    Success 
     4      -28.1586     9.0378      0.0937   0.0041   59.99      6    Success 
     5      -28.2331     4.7819      0.0746   0.0024   68.07      7    Success 
     6      -28.2689     4.5549      0.0357   0.0007   48.66      8    Success 
     7      -28.3328     4.0190      0.0640   0.0016   57.81      9    Success 
     8      -28.4387     4.5950      0.1058   0.0034   58.38     10    Success 
     9      -28.5940     4.2443      0.1554   0.0067   67.64     11    Success 
    10      -28.7338     7.2332      0.1397   0.0114   72.45     12    Success 
    11      -28.8187     6.2262      0.0850   0.0078   79.32     13    Success 
    12      -28.8952     3.3340      0.0765   0.0018   59.99     14    Success 
    13      -28.9536     2.1336      0.0584   0.0027   50.06     15    Success 
    14      -28.9786     2.2376      0.0249   0.0017   62.16     16    Success 
    15      -29.0171     1.8199      0.0386   0.0028   63.70     17    Success 
    16      -29.0633     2.3397      0.0462   0.0052   63.16     18    Success 
    17      -29.0844     2.8300      0.0210   0.0038   72.69     19    Success 
    18      -29.1035     1.4130      0.0191   0.0012   64.27     20    Success 
    19      -29.1175     1.2024      0.0140   0.0013   50.19     21    Success 
    20      -29.1300     1.1868      0.0125   0.0015   59.81     22    Success 
    21      -29.1396     2.2577      0.0096   0.0026   63.66     23    Success 
    22      -29.1524     1.0583      0.0128   0.0015   72.04     24    Success 
    23      -29.1609     1.0235      0.0086   0.0014   64.41     25    Success 
    24      -29.1737     1.2333      0.0127   0.0024   67.30     26    Success 
    25      -29.1882     2.5235      0.0146   0.0038   72.54     27    Success 
    26      -29.2014     2.6943      0.0131   0.0042   81.19     28    Success 
    27      -29.2098     1.5482      0.0084   0.0012   74.24     29    Success 
    28      -29.2144     1.1604      0.0047   0.0006   66.68     30    Success 
    29      -29.2218     1.0088      0.0074   0.0010   63.54     31    Success 
    30      -29.2321     1.5594      0.0103   0.0024   70.03     32    Success 
    31      -29.2429     1.5271      0.0108   0.0039   79.24     33    Success 
    32      -29.2489     1.6897      0.0061   0.0023   79.90     34    Success 
    33      -29.2551     1.1834      0.0062   0.0015   79.35     35    Success 
    34      -29.2628     1.1022      0.0076   0.0017   72.43     36    Success 
    35      -29.2687     1.5076      0.0059   0.0020   75.40     37    Success 
    36      -29.2735     1.0874      0.0049   0.0019   78.92     38    Success 
    37      -29.2763     0.6442      0.0028   0.0004   59.96     39    Success 
    38      -29.2792     0.6839      0.0029   0.0006   54.63     40    Success 
    39      -29.2823     0.7873      0.0031   0.0010   70.77     41    Success 
    40      -29.2847     1.3391      0.0023   0.0017   75.54     42    Success 
    41      -29.2875     0.5028      0.0028   0.0011   79.59     43    Success 
    42      -29.2886     0.3730      0.0011   0.0004   64.43     44    Success 
    43      -29.2897     0.5089      0.0012   0.0005   61.08     45    Success 
    44      -29.2912     0.6044      0.0015   0.0008   71.81     46    Success 
    45      -29.2930     0.6257      0.0017   0.0011   75.36     47    Success 
    46      -29.2944     0.3772      0.0014   0.0007   74.48     48    Success 
    47      -29.2952     0.4165      0.0008   0.0005   63.83     49    Success 
    48      -29.2953     1.0466      0.0001   0.0003   63.07     50    Success 
    49      -29.2955     0.8238      0.0002   0.0000   58.98     51    Success 
    50      -29.2958     0.4593      0.0003   0.0000   54.12     52    Success 
    51      -29.2962     0.3473      0.0004   0.0002   64.36     53    Success 
    52      -29.2964     0.4471      0.0002   0.0001   76.78     54    Success 
    53      -29.2967     0.4686      0.0003   0.0002   78.63     55    Success 
    54      -29.2973     0.4790      0.0005   0.0003   77.73     56    Success 
    55      -29.2978     0.6908      0.0005   0.0005   76.06     57    Success 
    56      -29.2985     0.3271      0.0007   0.0006   81.76     58    Success 
    57      -29.2988     0.2504      0.0003   0.0004   77.28     59    Success 
    58      -29.2991     0.3660      0.0003   0.0003   71.97     60    Success 
    59      -29.2994     0.3615      0.0003   0.0003   75.05     61    Success 
    60      -29.2998     0.2451      0.0004   0.0004   74.39     62    Success 
    61      -29.2999     0.4542      0.0001   0.0004   75.51     63    Success 
    62      -29.3001     0.2670      0.0001   0.0000   59.92     64    Success 
    63      -29.3002     0.1507      0.0001   0.0001   64.89     65    Success 
    64      -29.3002     0.1617      0.0001   0.0001   74.94     66    Success 
    65      -29.3003     0.1421      0.0001   0.0002   76.62     67    Success 
    66      -29.3004     0.1185      0.0001   0.0002   74.27     68    Success 
    67      -29.3005     0.1029      0.0000   0.0001   73.97     70    Success 
    68      -29.3005     0.0473      0.0000   0.0001   73.41     71    Success 
    69      -29.3005     0.0452      0.0000   0.0000   50.13     72    Success 
    70      -29.3005     0.0705      0.0000   0.0001   53.61     73    Success 
    71      -29.3005     0.0523      0.0000   0.0000   68.61     74    Success 
    72      -29.3005     0.0552      0.0000   0.0001   71.10     75    Success 
    73      -29.3005     0.0928      0.0000   0.0001   73.91     76    Success 
    74      -29.3006     0.0495      0.0000   0.0001   82.34     77    Success 
    75      -29.3006     0.0372      0.0000   0.0000   75.46     78    Success 
    76      -29.3006     0.0426      0.0000   0.0000   69.18     79    Success 
    77      -29.3006     0.0456      0.0000   0.0000   74.37     80    Success 
    78      -29.3006     0.0410      0.0000   0.0001   75.89     81    Success 
    79      -29.3006     0.0553      0.0000   0.0000   75.37     83    Success 
    80      -29.3006     0.0373      0.0000   0.0000   79.54     84    Success 
    81      -29.3006     0.0259      0.0000   0.0001   75.35     85    Success 
    82      -29.3006     0.0340      0.0000   0.0000   75.12     86    Success 
    83      -29.3006     0.0384      0.0000   0.0001   78.20     87    Success 
    84      -29.3006     0.0292      0.0000   0.0001   79.41     88    Success 
    85      -29.3006     0.0171      0.0000   0.0000   71.43     89    Success 
    86      -29.3006     0.0368      0.0000   0.0000   58.82     90    Success 
    87      -29.3006     0.0192      0.0000   0.0000   75.28     91    Success 
    88      -29.3006     0.0136      0.0000   0.0000   70.48     92    Success 
    89      -29.3006     0.0176      0.0000   0.0000   70.49     93    Success 
    90      -29.3006     0.0178      0.0000   0.0000   77.08     94    Success 
    91      -29.3006     0.0207      0.0000   0.0000   74.49     95    Success 
    92      -29.3006     0.0122      0.0000   0.0000   77.89     96    Success 
    93      -29.3006     0.0224      0.0000   0.0000   71.57     97    Success 
    94      -29.3006     0.0097      0.0000   0.0000   75.10     98    Success 
    95      -29.3006     0.0075      0.0000   0.0000   73.43     99    Success 
    96      -29.3006     0.0095      0.0000   0.0000   65.09    100    Success 
    97      -29.3006     0.0094      0.0000   0.0000   70.49    101    Success 
    98      -29.3006     0.0095      0.0000   0.0000   75.07    102    Success 
    99      -29.3006     0.0062      0.0000   0.0000   78.26    103    Success 
   100      -29.3006     0.0064      0.0000   0.0000   74.33    104    Success 
   101      -29.3006     0.0067      0.0000   0.0000   68.93    105    Success 
   102      -29.3006     0.0096      0.0000   0.0000   70.81    106    Success 
   103      -29.3006     0.0073      0.0000   0.0000   76.47    107    Success 
   104      -29.3006     0.0078      0.0000   0.0000   76.71    108    Success 
   105      -29.3006     0.0127      0.0000   0.0000   77.94    109    Success 
   106      -29.3006     0.0054      0.0000   0.0000   67.62    110    Success 
   107      -29.3006     0.0043      0.0000   0.0000   48.61    111    Success 
   108      -29.3006     0.0050      0.0000   0.0000   66.41    112    Success 
   109      -29.3006     0.0072      0.0000   0.0000   73.44    113    Success 
   110      -29.3006     0.0061      0.0000   0.0000   80.04    114    Success 
   111      -29.3006     0.0031      0.0000   0.0000   70.56    115    Success 
   112      -29.3006     0.0036      0.0000   0.0000   61.15    116    Success 
   113      -29.3006     0.0040      0.0000   0.0000   71.87    117    Success 
   114      -29.3006     0.0081      0.0000   0.0000   74.53    118    Success 
   115      -29.3006     0.0040      0.0000   0.0000   78.32    119    Success 
   116      -29.3006     0.0017      0.0000   0.0000   72.16    120    Success 
   117      -29.3006     0.0019      0.0000   0.0000   61.01    121    Success 
   118      -29.3006     0.0020      0.0000   0.0000   64.43    122    Success 
   119      -29.3006     0.0059      0.0000   0.0000   68.80    123    Success 
   120      -29.3006     0.0027      0.0000   0.0000   80.15    124    Success 
   121      -29.3006     0.0014      0.0000   0.0000   70.45    125    Success 
   122      -29.3006     0.0018      0.0000   0.0000   64.57    126    Success 
   123      -29.3006     0.0020      0.0000   0.0000   70.39    127    Success 
   124      -29.3006     0.0020      0.0000   0.0000   74.50    128    Success 
   125      -29.3006     0.0021      0.0000   0.0000   73.90    129    Success 
   126      -29.3006     0.0012      0.0000   0.0000   71.47    130    Success 
   127      -29.3006     0.0010      0.0000   0.0000   65.67    131   SmallGrad

 LBFGS  --  Normal Termination due to SmallGrad

 Final Function Value :          -29.3006
 Final RMS Gradient :              0.0010
 Final Gradient Norm :             0.0042
