
     ######################################################################
   ##########################################################################
  ###                                                                      ###
 ###            Tinker  ---  Software Tools for Molecular Design            ###
 ##                                                                          ##
 ##                          Version 8.7  June 2019                          ##
 ##                                                                          ##
 ##               Copyright (c)  Jay William Ponder  1990-2019               ##
 ###                           All Rights Reserved                          ###
  ###                                                                      ###
   ##########################################################################
     ######################################################################


 Additional Atom Definition Parameters :

     Type  Class  Symbol  Description               Atomic    Mass   Valence

     403    403     N     ModifiedRes                  7     14.007     3
     412    412     H     ModifiedRes                  1      1.008     1
     401    401     C     ModifiedRes                  6     12.011     4
     410    410     H     ModifiedRes                  1      1.008     1
     404    404     C     ModifiedRes                  6     12.011     3
     411    411     O     ModifiedRes                  8     15.999     1
     402    402     C     ModifiedRes                  6     12.011     4
     407    407     S     ModifiedRes                 16     32.066     2
     408    408     C     ModifiedRes                  6     12.011     2
     416    416     N     ModifiedRes                  7     14.007     1
     409    409     H     ModifiedRes                  1      1.008     1
     406    406     C     ModifiedRes                  6     12.011     3
     413    413     O     ModifiedRes                  8     15.999     1
     405    405     N     ModifiedRes                  7     14.007     3
     414    414     H     ModifiedRes                  1      1.008     1
     415    415     H     ModifiedRes                  1      1.008     1

 Additional Bond Stretching Parameters :

     Atom Classes             K(S)         Length

       401 403             374.800         1.4589
       403 406             482.000         1.3610
       403 412             542.000         1.0150
       401 410             341.000         1.0957
       401 404             345.300         1.5388
       401 402             345.300         1.5181
       404 405             482.000         1.3572
       404 411             705.000         1.2314
       402 409             395.500         1.0914
       402 407             235.800         1.8318
       407 408             235.800         1.6971
       408 416             450.000         1.1861
       406 413             705.000         1.2330
       406 414             356.400         1.1017
       405 415             542.000         1.0125

 Additional Angle Bending Parameters :

     Atom Classes             K(B)          Angle

     403 406 413            60.000        124.094
     401 403 412            35.000        118.942
     406 403 412            35.000        118.838
     401 404 405            70.000        113.359
     401 404 411            80.000        121.700
     401 402 407            53.200        108.210
     401 403 406            50.000        121.364
     404 401 410            38.000        109.343
     402 401 410            38.000        110.332
     403 401 410            50.600        106.311
     402 401 404            60.000        109.451
     403 401 404            80.000        110.698
     402 401 403            80.000        110.661
     402 407 408            60.430         97.779
     407 408 416            60.000        178.379
     409 402 409            39.570        108.414
     401 402 409            42.440        109.507
     407 402 409            60.240        109.536
     405 404 411            60.000        124.942
     413 406 414            68.340        122.634
     403 406 414            31.650        113.263
     415 405 415            22.300        119.362
     404 405 415            35.000        117.511

 Additional Stretch-Bend Parameters :

     Atom Classes          K(SB)-1        K(SB)-2

     401 403 412             4.300          7.200
     406 403 412             4.300          7.200
     401 404 405            18.700         18.700
     401 402 407            18.700         18.700
     401 403 406             7.200          7.200
     404 401 410            11.500         18.700
     402 401 410            11.500         18.700
     403 401 410            11.500         11.500
     402 401 404            18.700         18.700
     403 401 404            18.700         18.700
     402 401 403            18.700         18.700
     402 407 408            -5.750         -5.750
     401 402 409            11.500         11.500
     407 402 409            11.500         11.500
     403 406 414            11.500         11.500
     404 405 415             4.300          7.200
     415 405 415             4.300          7.200
     401 404 411            18.700         18.700
     413 406 414            11.500         11.500

 Additional Out-of-Plane Bend Parameters :

     Atom Classes                   K(OPB)

     401 403   0   0                14.400
     401 404   0   0                14.400
     403 406   0   0               107.910
     404 405   0   0                71.940
     405 404   0   0               107.910
     406 403   0   0                71.940
     411 404   0   0               122.298
     412 403   0   0                 5.755
     413 406   0   0               122.298
     414 406   0   0               140.283
     415 405   0   0                 5.755

 Additional Torsional Parameters :

     Atom Classes     1-Fold    2-Fold    3-Fold    4-Fold    5-Fold    6-Fold

   403 401 404 405   0.00   0  0.00 180  0.00   0  0.00   0  0.00   0  0.00   0
   403 401 404 411   0.00   0  0.00 180  0.00   0  0.00   0  0.00   0  0.00   0
   403 401 402 409   0.00   0  0.00 180  0.00   0  0.00   0  0.00   0  0.00   0
   403 401 402 407   0.00   0  0.00 180  0.00   0  0.00   0  0.00   0  0.00   0
   410 401 403 412   0.00   0  0.00 180  0.00   0  0.00   0  0.00   0  0.00   0
   404 401 403 412   0.00   0  0.00 180  0.00   0  0.00   0  0.00   0  0.00   0
   402 401 403 412   0.00   0  0.00 180  0.00   0  0.00   0  0.00   0  0.00   0
   412 403 406 413   0.00   0  0.00 180  0.00   0  0.00   0  0.00   0  0.00   0
   412 403 406 414   0.00   0  0.00 180  0.00   0  0.00   0  0.00   0  0.00   0
   401 404 405 415   0.00   0  1.20 180  0.80   0  0.00   0  0.00   0  0.00   0
   401 402 407 408   0.00   0  0.00 180  0.00   0  0.00   0  0.00   0  0.00   0
   401 403 406 413   0.00   0  0.00 180  0.00   0  0.00   0  0.00   0  0.00   0
   401 403 406 414   0.00   0  0.00 180  0.00   0  0.00   0  0.00   0  0.00   0
   410 401 404 405   0.00   0  0.00 180  0.00   0  0.00   0  0.00   0  0.00   0
   410 401 404 411   0.00   0  0.00 180  0.00   0  0.00   0  0.00   0  0.00   0
   410 401 402 409   0.00   0  0.00 180  0.00   0  0.00   0  0.00   0  0.00   0
   410 401 402 407   0.00   0  0.00 180  0.00   0  0.00   0  0.00   0  0.00   0
   410 401 403 406   0.00   0  0.00 180  0.00   0  0.00   0  0.00   0  0.00   0
   404 401 402 409   0.00   0  0.00 180  0.00   0  0.00   0  0.00   0  0.00   0
   404 401 402 407   0.00   0  0.00 180  0.00   0  0.00   0  0.00   0  0.00   0
   404 401 403 406   0.00   0  0.00 180  0.00   0  0.00   0  0.00   0  0.00   0
   411 404 405 415   0.00   0  0.00 180  0.00   0  0.00   0  0.00   0  0.00   0
   402 401 404 411   0.00   0  0.00 180  0.00   0  0.00   0  0.00   0  0.00   0
   402 401 404 405   0.00   0  0.00 180  0.00   0  0.00   0  0.00   0  0.00   0
   402 401 403 406   0.00   0  0.00 180  0.00   0  0.00   0  0.00   0  0.00   0
   402 407 408 416   0.00   0  0.00 180  0.50   0  0.00   0  0.00   0  0.00   0
   409 402 407 408   0.00   0  0.00 180  0.00   0  0.00   0  0.00   0  0.00   0

 Additional Pi-Orbital Torsion Parameters :

     Atom Classes       2-Fold

       404 405           6.850
       403 406           6.850

 Additional van der Waals Parameters :

     Atom Class               Size        Epsilon        Reduction

         403                3.7100         0.1100          0.000
         412                2.5900         0.0220          0.900
         401                3.6500         0.1010          0.000
         410                2.8800         0.0240          0.910
         404                3.8200         0.1060          0.000
         411                3.3000         0.1120          0.000
         402                3.7800         0.1060          0.000
         407                4.0050         0.3550          0.000
         408                3.7800         0.1060          0.000
         416                3.7100         0.1050          0.000
         409                2.8700         0.0330          0.900
         406                3.8200         0.1060          0.000
         413                3.3000         0.1120          0.000
         405                3.7100         0.1100          0.000
         414                2.9200         0.0300          0.920
         415                2.5900         0.0220          0.900

 Additional Atomic Multipole Parameters :

     Atom Type     Coordinate Frame Definition         Multipole Moments

         401      403    404      0   Z-then-X    -0.27040
                                                  -0.22190  0.00000  0.26102
                                                  -0.17903
                                                   0.00000 -0.24517
                                                   0.13675  0.00000  0.42420

         402      407    401      0   Z-then-X    -0.16380
                                                   0.27778  0.00000 -0.20334
                                                   0.30211
                                                   0.00000 -0.49081
                                                  -0.33263  0.00000  0.18870

         403      406    401      0   Z-then-X    -0.06286
                                                   0.37348  0.00000 -0.12295
                                                   0.79149
                                                   0.00000 -1.08676
                                                  -0.63736  0.00000  0.29527

         404      411    405      0   Z-then-X     0.97419
                                                  -0.10999  0.00000  0.25580
                                                   0.38321
                                                   0.00000 -0.33696
                                                  -0.17133  0.00000 -0.04625

         405      404    415      0   Z-then-X    -0.32376
                                                   0.05823  0.00000 -0.07138
                                                   0.32176
                                                   0.00000 -0.38869
                                                  -0.03945  0.00000  0.06693

         406      413    403      0   Z-then-X     0.63075
                                                   0.40149  0.00000  0.25741
                                                  -0.01797
                                                   0.00000  0.01503
                                                   0.00873  0.00000  0.00294

         407      408    402      0   Z-then-X     0.34019
                                                   0.47821  0.00000  0.49978
                                                   1.11919
                                                   0.00000 -2.31639
                                                  -0.50667  0.00000  1.19720

         408      407    416      0   Z-then-X     0.21608
                                                   0.00820  0.00000 -0.28509
                                                   0.05369
                                                   0.00000  0.10740
                                                   0.05156  0.00000 -0.16109

         409      402    407      0   Z-then-X     0.09933
                                                   0.00064  0.00000 -0.16410
                                                   0.07960
                                                   0.00000  0.07569
                                                  -0.01944  0.00000 -0.15529

         410      401    403      0   Z-then-X     0.10718
                                                  -0.02083  0.00000 -0.03604
                                                  -0.03187
                                                   0.00000  0.01466
                                                  -0.01392  0.00000  0.01721

         411      404    405      0   Z-then-X    -0.77613
                                                   0.13027  0.00000 -0.18830
                                                  -0.53109
                                                   0.00000  0.25725
                                                   0.21601  0.00000  0.27384

         412      403    401      0   Z-then-X     0.11911
                                                   0.01244  0.00000 -0.25689
                                                   0.04573
                                                   0.00000  0.01640
                                                  -0.00301  0.00000 -0.06213

         413      406    403      0   Z-then-X    -0.66614
                                                  -0.21394  0.00000 -0.03273
                                                  -0.49754
                                                   0.00000  0.12402
                                                  -0.24547  0.00000  0.37352

         414      406    413      0   Z-then-X    -0.02624
                                                   0.07068  0.00000 -0.22870
                                                   0.12255
                                                   0.00000  0.03666
                                                   0.03118  0.00000 -0.15921

         415      405    404      0   Z-then-X     0.13248
                                                   0.00045  0.00000 -0.38308
                                                   0.28470
                                                   0.00000  0.12111
                                                   0.01221  0.00000 -0.40581

         416      408    407      0   Z-then-X    -0.56179
                                                   0.01684  0.00000 -0.29231
                                                   0.37390
                                                   0.00000  0.24558
                                                   0.00671  0.00000 -0.61948

 Additional Atomic Dipole Polarizability Parameters :

     Atom Type           Alpha       Thole     Group Atom Types

         403             1.073       0.390         412  401  406
         412             0.496       0.390         403
         401             1.334       0.390         403  410  404  402
         410             0.496       0.390         401
         404             1.334       0.390         401  411  405
         411             0.837       0.390         404
         402             1.334       0.390         401  407  409
         407             3.300       0.390         402  408
         408             1.334       0.390         407  416
         416             1.073       0.390         408
         409             0.496       0.390         402
         406             1.334       0.390         403  413  414
         413             0.837       0.390         406
         405             1.073       0.390         404  415
         414             0.494       0.390         406
         415             0.496       0.390         405

 Limited Memory BFGS Quasi-Newton Optimization :

 QN Iter     F Value      G RMS      F Move   X Move   Angle  FG Call  Comment

     0     1870.6551   662.0723                                   1
     1      960.4510   429.3757    910.2042   0.0982    0.00      2    Success 
     2      483.9422   260.2811    476.5087   0.0982   11.02      3    Success 
     3      454.8540   552.7543     29.0882   0.0982   27.52      4    Success 
     4      401.9767   452.0340     52.8773   0.0061   14.96      5    Success 
     5      316.6647   263.3236     85.3120   0.0143   24.28      6    Success 
     6      244.6851   139.7628     71.9796   0.0305   28.55      7    Success 
     7      220.7815   145.9933     23.9036   0.0167   50.23      8    Success 
     8      180.2261   120.2595     40.5555   0.0295   51.86      9    Success 
     9      139.2848   152.9897     40.9413   0.0648   54.69     10    Success 
    10      110.2432   102.4510     29.0416   0.0553   63.22     11    Success 
    11       99.9448    67.5368     10.2984   0.0088   37.99     12    Success 
    12       83.5171    57.9800     16.4277   0.0247   46.77     13    Success 
    13       62.0476    63.9341     21.4694   0.0563   55.99     14    Success 
    14       48.0534    70.9639     13.9942   0.0572   71.63     15    Success 
    15       36.6739    77.7733     11.3795   0.0735   72.65     16    Success 
    16       29.4110    38.2494      7.2629   0.0119   54.74     17    Success 
    17       22.4253    45.4088      6.9858   0.0234   49.07     18    Success 
    18       17.5467    46.0202      4.8786   0.0227   70.22     19    Success 
    19        9.9874    41.0550      7.5593   0.0352   70.46     20    Success 
    20        3.7133    57.8211      6.2741   0.0661   71.98     21    Success 
    21       -1.8935    24.5000      5.6068   0.0275   71.53     22    Success 
    22       -5.0503    29.0339      3.1568   0.0177   59.99     23    Success 
    23       -9.7394    36.0105      4.6891   0.0323   68.06     24    Success 
    24      -16.4087    34.6020      6.6693   0.0592   75.86     25    Success 
    25      -19.3160    43.9166      2.9073   0.0395   76.33     27    Success 
    26      -23.3298    21.9202      4.0137   0.0400   79.40     28    Success 
    27      -25.8440    22.4398      2.5143   0.0270   66.23     29    Success 
    28      -26.5779    31.0580      0.7338   0.0094   66.64     31    Success 
    29      -27.6429    22.5783      1.0651   0.0077   72.35     32    Success 
    30      -29.0349     9.5291      1.3919   0.0203   75.01     33    Success 
    31      -29.7720    10.8535      0.7372   0.0263   75.56     34    Success 
    32      -30.3262    11.3930      0.5541   0.0290   80.67     35    Success 
    33      -30.7724    19.8832      0.4462   0.0147   68.50     36    Success 
    34      -31.4015     9.8006      0.6291   0.0086   73.23     37    Success 
    35      -31.7357     7.9035      0.3342   0.0069   61.81     38    Success 
    36      -31.9259     8.1809      0.1902   0.0079   72.82     39    Success 
    37      -32.2020     8.7942      0.2761   0.0071   68.71     40    Success 
    38      -32.5321     9.1216      0.3301   0.0102   70.06     41    Success 
    39      -32.8387     7.6688      0.3066   0.0101   73.99     42    Success 
    40      -33.2100     8.9846      0.3713   0.0120   70.58     43    Success 
    41      -33.5875     7.3947      0.3775   0.0166   75.01     44    Success 
    42      -33.8302     5.3204      0.2427   0.0068   67.87     45    Success 
    43      -34.0478     8.7828      0.2176   0.0091   60.06     46    Success 
    44      -34.1900     4.5671      0.1422   0.0058   74.20     47    Success 
    45      -34.2857     3.9231      0.0957   0.0034   65.12     48    Success 
    46      -34.4349     4.3233      0.1492   0.0064   65.09     49    Success 
    47      -34.6404     5.9064      0.2055   0.0115   70.54     50    Success 
    48      -34.7474     7.0478      0.1070   0.0096   77.93     52    Success 
    49      -34.8876     4.5685      0.1402   0.0073   78.08     53    Success 
    50      -34.9983     7.2299      0.1107   0.0077   71.48     54    Success 
    51      -35.0864     5.2661      0.0881   0.0048   76.52     55    Success 
    52      -35.1673     4.8616      0.0809   0.0032   70.27     56    Success 
    53      -35.2901     3.9060      0.1228   0.0067   73.91     57    Success 
    54      -35.4363     5.3556      0.1462   0.0116   72.54     58    Success 
    55      -35.5186     6.5229      0.0822   0.0105   78.32     59    Success 
    56      -35.5932     3.9413      0.0746   0.0025   71.55     60    Success 
    57      -35.6950     2.7009      0.1018   0.0059   69.26     61    Success 
    58      -35.7602     3.2840      0.0653   0.0067   72.94     62    Success 
    59      -35.7850     6.9311      0.0248   0.0091   75.99     63    Success 
    60      -35.8257     4.4132      0.0407   0.0009   63.78     64    Success 
    61      -35.8804     2.3663      0.0547   0.0020   58.55     65    Success 
    62      -35.9157     3.1517      0.0352   0.0024   63.78     66    Success 
    63      -35.9707     3.7235      0.0550   0.0047   74.59     67    Success 
    64      -36.0535     4.1664      0.0828   0.0076   77.54     68    Success 
    65      -36.1027     6.9439      0.0492   0.0144   81.19     69    Success 
    66      -36.1728     3.0982      0.0701   0.0026   72.26     70    Success 
    67      -36.2155     2.3406      0.0427   0.0034   67.66     71    Success 
    68      -36.2378     2.4979      0.0223   0.0026   74.70     72    Success 
    69      -36.2683     2.4515      0.0305   0.0042   76.23     73    Success 
    70      -36.3037     1.8690      0.0354   0.0067   78.25     74    Success 
    71      -36.3261     2.0723      0.0225   0.0034   74.06     75    Success 
    72      -36.3533     1.7992      0.0271   0.0038   71.36     76    Success 
    73      -36.3660     3.4222      0.0127   0.0029   72.25     77    Success 
    74      -36.3770     1.8780      0.0110   0.0012   72.65     78    Success 
    75      -36.3836     1.5622      0.0067   0.0007   69.98     79    Success 
    76      -36.3927     1.3983      0.0091   0.0012   66.96     80    Success 
    77      -36.4009     1.6100      0.0082   0.0027   75.54     81    Success 
    78      -36.4064     1.0931      0.0055   0.0009   72.65     82    Success 
    79      -36.4105     0.7391      0.0041   0.0009   69.31     83    Success 
    80      -36.4129     0.8003      0.0024   0.0006   66.61     84    Success 
    81      -36.4167     0.7599      0.0038   0.0009   66.64     85    Success 
    82      -36.4218     0.8584      0.0051   0.0015   68.86     86    Success 
    83      -36.4245     1.3405      0.0027   0.0018   74.05     87    Success 
    84      -36.4275     0.6404      0.0030   0.0005   65.84     88    Success 
    85      -36.4292     0.4524      0.0017   0.0004   59.58     89    Success 
    86      -36.4309     0.4627      0.0017   0.0007   66.72     90    Success 
    87      -36.4327     0.7755      0.0018   0.0012   70.77     91    Success 
    88      -36.4345     0.4102      0.0018   0.0011   79.53     92    Success 
    89      -36.4356     0.3235      0.0011   0.0006   69.04     93    Success 
    90      -36.4363     0.6737      0.0007   0.0008   68.23     94    Success 
    91      -36.4370     0.3178      0.0007   0.0002   67.98     95    Success 
    92      -36.4374     0.2444      0.0004   0.0002   54.79     96    Success 
    93      -36.4379     0.3381      0.0005   0.0004   61.05     97    Success 
    94      -36.4381     0.4222      0.0002   0.0004   73.69     98    Success 
    95      -36.4383     0.1987      0.0002   0.0001   56.28     99    Success 
    96      -36.4385     0.1450      0.0002   0.0001   60.52    100    Success 
    97      -36.4386     0.1877      0.0001   0.0001   63.34    101    Success 
    98      -36.4387     0.3296      0.0001   0.0002   71.60    102    Success 
    99      -36.4388     0.1503      0.0001   0.0001   76.83    103    Success 
   100      -36.4389     0.1299      0.0001   0.0001   66.40    104    Success 
   101      -36.4390     0.1181      0.0001   0.0001   64.75    105    Success 
   102      -36.4390     0.1445      0.0000   0.0001   66.44    107    Success 
   103      -36.4391     0.0919      0.0000   0.0001   69.83    108    Success 
   104      -36.4391     0.0771      0.0000   0.0001   64.46    109    Success 
   105      -36.4391     0.0834      0.0000   0.0001   64.29    110    Success 
   106      -36.4392     0.2035      0.0000   0.0002   68.70    111    Success 
   107      -36.4392     0.1072      0.0000   0.0000   71.24    112    Success 
   108      -36.4392     0.0536      0.0000   0.0001   63.95    113    Success 
   109      -36.4392     0.0535      0.0000   0.0000   65.38    114    Success 
   110      -36.4393     0.0439      0.0000   0.0001   67.91    115    Success 
   111      -36.4393     0.0670      0.0000   0.0001   65.63    117    Success 
   112      -36.4393     0.0382      0.0000   0.0001   75.55    118    Success 
   113      -36.4393     0.0437      0.0000   0.0000   66.78    119    Success 
   114      -36.4393     0.0504      0.0000   0.0001   71.97    120    Success 
   115      -36.4393     0.0445      0.0000   0.0001   74.25    121    Success 
   116      -36.4393     0.0293      0.0000   0.0000   72.20    122    Success 
   117      -36.4393     0.0312      0.0000   0.0000   64.66    123    Success 
   118      -36.4393     0.0419      0.0000   0.0001   72.22    124    Success 
   119      -36.4393     0.0274      0.0000   0.0000   73.66    125    Success 
   120      -36.4393     0.0243      0.0000   0.0000   65.79    126    Success 
   121      -36.4393     0.0550      0.0000   0.0000   68.43    127    Success 
   122      -36.4393     0.0400      0.0000   0.0000   59.10    128    Success 
   123      -36.4393     0.0163      0.0000   0.0000   48.12    129    Success 
   124      -36.4393     0.0181      0.0000   0.0000   46.78    130    Success 
   125      -36.4393     0.0238      0.0000   0.0000   72.51    131    Success 
   126      -36.4393     0.0253      0.0000   0.0000   77.26    132    Success 
   127      -36.4393     0.0326      0.0000   0.0000   75.97    133    Success 
   128      -36.4393     0.0194      0.0000   0.0000   81.52    134    Success 
   129      -36.4393     0.0191      0.0000   0.0000   77.01    135    Success 
   130      -36.4393     0.0082      0.0000   0.0000   68.99    136    Success 
   131      -36.4393     0.0087      0.0000   0.0000   62.54    137    Success 
   132      -36.4393     0.0093      0.0000   0.0000   64.37    138    Success 
   133      -36.4393     0.0088      0.0000   0.0000   70.12    139    Success 
   134      -36.4393     0.0211      0.0000   0.0000   73.88    140    Success 
   135      -36.4393     0.0144      0.0000   0.0000   65.12    141    Success 
   136      -36.4393     0.0050      0.0000   0.0000   65.20    142    Success 
   137      -36.4393     0.0067      0.0000   0.0000   64.66    143    Success 
   138      -36.4393     0.0085      0.0000   0.0000   73.64    144    Success 
   139      -36.4393     0.0135      0.0000   0.0000   77.73    145    Success 
   140      -36.4393     0.0084      0.0000   0.0000   82.21    146    Success 
   141      -36.4393     0.0056      0.0000   0.0000   76.77    147    Success 
   142      -36.4393     0.0095      0.0000   0.0000   68.89    148    Success 
   143      -36.4393     0.0077      0.0000   0.0000   74.75    149    Success 
   144      -36.4393     0.0055      0.0000   0.0000   66.64    150    Success 
   145      -36.4393     0.0042      0.0000   0.0000   69.32    151    Success 
   146      -36.4393     0.0064      0.0000   0.0000   72.72    152    Success 
   147      -36.4393     0.0071      0.0000   0.0000   81.85    154    Success 
   148      -36.4393     0.0048      0.0000   0.0000   79.63    155    Success 
   149      -36.4393     0.0023      0.0000   0.0000   73.42    156    Success 
   150      -36.4393     0.0028      0.0000   0.0000   63.56    157    Success 
   151      -36.4393     0.0027      0.0000   0.0000   69.73    158    Success 
   152      -36.4393     0.0042      0.0000   0.0000   69.75    159    Success 
   153      -36.4393     0.0035      0.0000   0.0000   74.37    160    Success 
   154      -36.4393     0.0018      0.0000   0.0000   60.03    161    Success 
   155      -36.4393     0.0019      0.0000   0.0000   63.23    162    Success 
   156      -36.4393     0.0022      0.0000   0.0000   71.70    163    Success 
   157      -36.4393     0.0024      0.0000   0.0000   75.30    164    Success 
   158      -36.4393     0.0027      0.0000   0.0000   77.78    165    Success 
   159      -36.4393     0.0051      0.0000   0.0000   77.93    166    Success 
   160      -36.4393     0.0038      0.0000   0.0000   77.71    167    Success 
   161      -36.4393     0.0016      0.0000   0.0000   74.78    168    Success 
   162      -36.4393     0.0013      0.0000   0.0000   66.41    169    Success 
   163      -36.4393     0.0016      0.0000   0.0000   64.59    170    Success 
   164      -36.4393     0.0017      0.0000   0.0000   74.56    171    Success 
   165      -36.4393     0.0030      0.0000   0.0000   75.58    172    Success 
   166      -36.4393     0.0017      0.0000   0.0000   81.36    173    Success 
   167      -36.4393     0.0009      0.0000   0.0000   79.16    174   SmallGrad

 LBFGS  --  Normal Termination due to SmallGrad

 Final Function Value :          -36.4393
 Final RMS Gradient :              0.0009
 Final Gradient Norm :             0.0039
