
     ######################################################################
   ##########################################################################
  ###                                                                      ###
 ###            Tinker  ---  Software Tools for Molecular Design            ###
 ##                                                                          ##
 ##                          Version 8.7  June 2019                          ##
 ##                                                                          ##
 ##               Copyright (c)  Jay William Ponder  1990-2019               ##
 ###                           All Rights Reserved                          ###
  ###                                                                      ###
   ##########################################################################
     ######################################################################


 Additional Atom Definition Parameters :

     Type  Class  Symbol  Description               Atomic    Mass   Valence

     403    403     N     ModifiedRes                  7     14.007     3
     412    412     H     ModifiedRes                  1      1.008     1
     401    401     C     ModifiedRes                  6     12.011     4
     410    410     H     ModifiedRes                  1      1.008     1
     404    404     C     ModifiedRes                  6     12.011     3
     411    411     O     ModifiedRes                  8     15.999     1
     402    402     C     ModifiedRes                  6     12.011     4
     407    407     S     ModifiedRes                 16     32.066     2
     408    408     C     ModifiedRes                  6     12.011     2
     416    416     N     ModifiedRes                  7     14.007     1
     409    409     H     ModifiedRes                  1      1.008     1
     406    406     C     ModifiedRes                  6     12.011     3
     413    413     O     ModifiedRes                  8     15.999     1
     405    405     N     ModifiedRes                  7     14.007     3
     414    414     H     ModifiedRes                  1      1.008     1
     415    415     H     ModifiedRes                  1      1.008     1

 Additional Bond Stretching Parameters :

     Atom Classes             K(S)         Length

       401 403             374.800         1.4589
       403 406             482.000         1.3610
       403 412             542.000         1.0150
       401 410             341.000         1.0957
       401 404             345.300         1.5388
       401 402             345.300         1.5181
       404 405             482.000         1.3572
       404 411             705.000         1.2314
       402 409             395.500         1.0914
       402 407             235.800         1.8318
       407 408             235.800         1.6971
       408 416             450.000         1.1861
       406 413             705.000         1.2330
       406 414             356.400         1.1017
       405 415             542.000         1.0125

 Additional Angle Bending Parameters :

     Atom Classes             K(B)          Angle

     403 406 413            60.000        124.094
     401 403 412            35.000        118.942
     406 403 412            35.000        118.838
     401 404 405            70.000        113.359
     401 404 411            80.000        121.700
     401 402 407            53.200        108.210
     401 403 406            50.000        121.364
     404 401 410            38.000        109.343
     402 401 410            38.000        110.332
     403 401 410            50.600        106.311
     402 401 404            60.000        109.451
     403 401 404            80.000        110.698
     402 401 403            80.000        110.661
     402 407 408            60.430         97.779
     407 408 416            60.000        178.379
     409 402 409            39.570        108.414
     401 402 409            42.440        109.507
     407 402 409            60.240        109.536
     405 404 411            60.000        124.942
     413 406 414            68.340        122.634
     403 406 414            31.650        113.263
     415 405 415            22.300        119.362
     404 405 415            35.000        117.511

 Additional Stretch-Bend Parameters :

     Atom Classes          K(SB)-1        K(SB)-2

     401 403 412             4.300          7.200
     406 403 412             4.300          7.200
     401 404 405            18.700         18.700
     401 402 407            18.700         18.700
     401 403 406             7.200          7.200
     404 401 410            11.500         18.700
     402 401 410            11.500         18.700
     403 401 410            11.500         11.500
     402 401 404            18.700         18.700
     403 401 404            18.700         18.700
     402 401 403            18.700         18.700
     402 407 408            -5.750         -5.750
     401 402 409            11.500         11.500
     407 402 409            11.500         11.500
     403 406 414            11.500         11.500
     404 405 415             4.300          7.200
     415 405 415             4.300          7.200
     401 404 411            18.700         18.700
     413 406 414            11.500         11.500

 Additional Out-of-Plane Bend Parameters :

     Atom Classes                   K(OPB)

     401 403   0   0                14.400
     401 404   0   0                14.400
     403 406   0   0               107.910
     404 405   0   0                71.940
     405 404   0   0               107.910
     406 403   0   0                71.940
     411 404   0   0               122.298
     412 403   0   0                 5.755
     413 406   0   0               122.298
     414 406   0   0               140.283
     415 405   0   0                 5.755

 Additional Torsional Parameters :

     Atom Classes     1-Fold    2-Fold    3-Fold    4-Fold    5-Fold    6-Fold

   403 401 404 405   0.00   0  0.00 180  0.00   0  0.00   0  0.00   0  0.00   0
   403 401 404 411   0.00   0  0.00 180  0.00   0  0.00   0  0.00   0  0.00   0
   403 401 402 409   0.00   0  0.00 180  0.00   0  0.00   0  0.00   0  0.00   0
   403 401 402 407   0.00   0  0.00 180  0.00   0  0.00   0  0.00   0  0.00   0
   410 401 403 412   0.00   0  0.00 180  0.00   0  0.00   0  0.00   0  0.00   0
   404 401 403 412   0.00   0  0.00 180  0.00   0  0.00   0  0.00   0  0.00   0
   402 401 403 412   0.00   0  0.00 180  0.00   0  0.00   0  0.00   0  0.00   0
   412 403 406 413   0.00   0  0.00 180  0.00   0  0.00   0  0.00   0  0.00   0
   412 403 406 414   0.00   0  0.00 180  0.00   0  0.00   0  0.00   0  0.00   0
   401 404 405 415   0.00   0  1.20 180  0.80   0  0.00   0  0.00   0  0.00   0
   401 402 407 408   0.00   0  0.00 180  0.00   0  0.00   0  0.00   0  0.00   0
   401 403 406 413   0.00   0  0.00 180  0.00   0  0.00   0  0.00   0  0.00   0
   401 403 406 414   0.00   0  0.00 180  0.00   0  0.00   0  0.00   0  0.00   0
   410 401 404 405   0.00   0  0.00 180  0.00   0  0.00   0  0.00   0  0.00   0
   410 401 404 411   0.00   0  0.00 180  0.00   0  0.00   0  0.00   0  0.00   0
   410 401 402 409   0.00   0  0.00 180  0.00   0  0.00   0  0.00   0  0.00   0
   410 401 402 407   0.00   0  0.00 180  0.00   0  0.00   0  0.00   0  0.00   0
   410 401 403 406   0.00   0  0.00 180  0.00   0  0.00   0  0.00   0  0.00   0
   404 401 402 409   0.00   0  0.00 180  0.00   0  0.00   0  0.00   0  0.00   0
   404 401 402 407   0.00   0  0.00 180  0.00   0  0.00   0  0.00   0  0.00   0
   404 401 403 406   0.00   0  0.00 180  0.00   0  0.00   0  0.00   0  0.00   0
   411 404 405 415   0.00   0  0.00 180  0.00   0  0.00   0  0.00   0  0.00   0
   402 401 404 411   0.00   0  0.00 180  0.00   0  0.00   0  0.00   0  0.00   0
   402 401 404 405   0.00   0  0.00 180  0.00   0  0.00   0  0.00   0  0.00   0
   402 401 403 406   0.00   0  0.00 180  0.00   0  0.00   0  0.00   0  0.00   0
   402 407 408 416   0.00   0  0.00 180  0.50   0  0.00   0  0.00   0  0.00   0
   409 402 407 408   0.00   0  0.00 180  0.00   0  0.00   0  0.00   0  0.00   0

 Additional Pi-Orbital Torsion Parameters :

     Atom Classes       2-Fold

       404 405           6.850
       403 406           6.850

 Additional van der Waals Parameters :

     Atom Class               Size        Epsilon        Reduction

         403                3.7100         0.1100          0.000
         412                2.5900         0.0220          0.900
         401                3.6500         0.1010          0.000
         410                2.8800         0.0240          0.910
         404                3.8200         0.1060          0.000
         411                3.3000         0.1120          0.000
         402                3.7800         0.1060          0.000
         407                4.0050         0.3550          0.000
         408                3.7800         0.1060          0.000
         416                3.7100         0.1050          0.000
         409                2.8700         0.0330          0.900
         406                3.8200         0.1060          0.000
         413                3.3000         0.1120          0.000
         405                3.7100         0.1100          0.000
         414                2.9200         0.0300          0.920
         415                2.5900         0.0220          0.900

 Additional Atomic Multipole Parameters :

     Atom Type     Coordinate Frame Definition         Multipole Moments

         401      403    404      0   Z-then-X    -0.27040
                                                  -0.22190  0.00000  0.26102
                                                  -0.17903
                                                   0.00000 -0.24517
                                                   0.13675  0.00000  0.42420

         402      407    401      0   Z-then-X    -0.16380
                                                   0.27778  0.00000 -0.20334
                                                   0.30211
                                                   0.00000 -0.49081
                                                  -0.33263  0.00000  0.18870

         403      406    401      0   Z-then-X    -0.06286
                                                   0.37348  0.00000 -0.12295
                                                   0.79149
                                                   0.00000 -1.08676
                                                  -0.63736  0.00000  0.29527

         404      411    405      0   Z-then-X     0.97419
                                                  -0.10999  0.00000  0.25580
                                                   0.38321
                                                   0.00000 -0.33696
                                                  -0.17133  0.00000 -0.04625

         405      404    415      0   Z-then-X    -0.32376
                                                   0.05823  0.00000 -0.07138
                                                   0.32176
                                                   0.00000 -0.38869
                                                  -0.03945  0.00000  0.06693

         406      413    403      0   Z-then-X     0.63075
                                                   0.40149  0.00000  0.25741
                                                  -0.01797
                                                   0.00000  0.01503
                                                   0.00873  0.00000  0.00294

         407      408    402      0   Z-then-X     0.34019
                                                   0.47821  0.00000  0.49978
                                                   1.11919
                                                   0.00000 -2.31639
                                                  -0.50667  0.00000  1.19720

         408      407    416      0   Z-then-X     0.21608
                                                   0.00820  0.00000 -0.28509
                                                   0.05369
                                                   0.00000  0.10740
                                                   0.05156  0.00000 -0.16109

         409      402    407      0   Z-then-X     0.09933
                                                   0.00064  0.00000 -0.16410
                                                   0.07960
                                                   0.00000  0.07569
                                                  -0.01944  0.00000 -0.15529

         410      401    403      0   Z-then-X     0.10718
                                                  -0.02083  0.00000 -0.03604
                                                  -0.03187
                                                   0.00000  0.01466
                                                  -0.01392  0.00000  0.01721

         411      404    405      0   Z-then-X    -0.77613
                                                   0.13027  0.00000 -0.18830
                                                  -0.53109
                                                   0.00000  0.25725
                                                   0.21601  0.00000  0.27384

         412      403    401      0   Z-then-X     0.11911
                                                   0.01244  0.00000 -0.25689
                                                   0.04573
                                                   0.00000  0.01640
                                                  -0.00301  0.00000 -0.06213

         413      406    403      0   Z-then-X    -0.66614
                                                  -0.21394  0.00000 -0.03273
                                                  -0.49754
                                                   0.00000  0.12402
                                                  -0.24547  0.00000  0.37352

         414      406    413      0   Z-then-X    -0.02624
                                                   0.07068  0.00000 -0.22870
                                                   0.12255
                                                   0.00000  0.03666
                                                   0.03118  0.00000 -0.15921

         415      405    404      0   Z-then-X     0.13248
                                                   0.00045  0.00000 -0.38308
                                                   0.28470
                                                   0.00000  0.12111
                                                   0.01221  0.00000 -0.40581

         416      408    407      0   Z-then-X    -0.56179
                                                   0.01684  0.00000 -0.29231
                                                   0.37390
                                                   0.00000  0.24558
                                                   0.00671  0.00000 -0.61948

 Additional Atomic Dipole Polarizability Parameters :

     Atom Type           Alpha       Thole     Group Atom Types

         403             1.073       0.390         412  401  406
         412             0.496       0.390         403
         401             1.334       0.390         403  410  404  402
         410             0.496       0.390         401
         404             1.334       0.390         401  411  405
         411             0.837       0.390         404
         402             1.334       0.390         401  407  409
         407             3.300       0.390         402  408
         408             1.334       0.390         407  416
         416             1.073       0.390         408
         409             0.496       0.390         402
         406             1.334       0.390         403  413  414
         413             0.837       0.390         406
         405             1.073       0.390         404  415
         414             0.494       0.390         406
         415             0.496       0.390         405

 Limited Memory BFGS Quasi-Newton Optimization :

 QN Iter     F Value      G RMS      F Move   X Move   Angle  FG Call  Comment

     0      202.0010   267.8220                                   1
     1      105.1357   248.4379     96.8653   0.0408    0.00      3    Success 
     2       53.4309   136.9461     51.7048   0.0277   42.83      4    Success 
     3       27.8174   101.4117     25.6135   0.0172   40.25      5    Success 
     4        0.2078    71.6196     27.6096   0.0369   40.43      6    Success 
     5       -3.4159    79.2686      3.6237   0.0214   46.40      7    Success 
     6       -7.8479    27.8753      4.4320   0.0062   35.17      8    Success 
     7       -9.3660    18.9416      1.5181   0.0041   19.56      9    Success 
     8      -11.3498    21.1135      1.9838   0.0098   27.77     10    Success 
     9      -13.1333    18.9529      1.7834   0.0107   54.97     11    Success 
    10      -14.9215    27.6688      1.7882   0.0203   58.96     12    Success 
    11      -16.1768    21.6289      1.2553   0.0194   68.33     13    Success 
    12      -16.8557     9.4457      0.6790   0.0041   48.15     14    Success 
    13      -17.1705     8.3683      0.3147   0.0032   38.24     15    Success 
    14      -17.5716     9.8667      0.4012   0.0069   54.88     16    Success 
    15      -17.7965    16.1730      0.2248   0.0100   63.06     17    Success 
    16      -18.1095     6.7220      0.3131   0.0027   56.71     18    Success 
    17      -18.2547     7.1812      0.1451   0.0036   57.29     19    Success 
    18      -18.3739     5.8541      0.1193   0.0030   66.22     20    Success 
    19      -18.5582     5.0822      0.1843   0.0048   62.10     21    Success 
    20      -18.7593     5.9784      0.2011   0.0091   63.84     22    Success 
    21      -18.8389     5.2859      0.0796   0.0054   67.02     23    Success 
    22      -18.8873     2.4011      0.0484   0.0012   50.74     24    Success 
    23      -18.9160     2.5158      0.0286   0.0012   42.05     25    Success 
    24      -18.9423     6.0726      0.0263   0.0024   57.83     26    Success 
    25      -18.9763     2.6413      0.0340   0.0019   75.77     27    Success 
    26      -18.9974     1.8838      0.0211   0.0019   70.24     28    Success 
    27      -19.0120     2.3069      0.0146   0.0016   67.65     29    Success 
    28      -19.0149     8.2801      0.0029   0.0019   73.65     30    Success 
    29      -19.0200     6.1821      0.0051   0.0001   68.80     31    Success 
    30      -19.0282     2.9062      0.0083   0.0003   74.69     32    Success 
    31      -19.0367     3.2276      0.0085   0.0007   67.65     33    Success 
    32      -19.0405     2.7746      0.0037   0.0005   80.78     34    Success 
    33      -19.0470     2.4944      0.0066   0.0005   74.23     35    Success 
    34      -19.0576     1.8623      0.0105   0.0011   73.83     36    Success 
    35      -19.0704     1.2752      0.0128   0.0022   73.49     37    Success 
    36      -19.0751     1.0584      0.0048   0.0014   74.32     38    Success 
    37      -19.0779     1.0243      0.0028   0.0005   68.45     39    Success 
    38      -19.0817     0.9944      0.0037   0.0007   63.76     40    Success 
    39      -19.0843     1.4652      0.0027   0.0009   66.16     41    Success 
    40      -19.0877     0.8364      0.0033   0.0004   64.51     42    Success 
    41      -19.0920     0.8474      0.0044   0.0009   61.73     43    Success 
    42      -19.0950     0.9495      0.0029   0.0009   73.72     44    Success 
    43      -19.0998     0.9047      0.0048   0.0013   74.94     45    Success 
    44      -19.1034     1.6736      0.0036   0.0021   73.58     46    Success 
    45      -19.1085     0.8193      0.0051   0.0013   79.66     47    Success 
    46      -19.1107     0.6339      0.0022   0.0009   73.35     48    Success 
    47      -19.1113     0.6416      0.0006   0.0003   71.47     50    Success 
    48      -19.1119     0.4812      0.0006   0.0002   68.41     51    Success 
    49      -19.1129     0.4131      0.0010   0.0003   62.41     52    Success 
    50      -19.1143     0.5549      0.0014   0.0006   63.84     53    Success 
    51      -19.1157     0.7730      0.0013   0.0010   74.26     54    Success 
    52      -19.1161     0.6473      0.0004   0.0003   77.58     56    Success 
    53      -19.1167     0.4217      0.0006   0.0003   76.58     57    Success 
    54      -19.1173     0.2529      0.0006   0.0004   72.41     58    Success 
    55      -19.1178     0.3025      0.0005   0.0003   65.41     59    Success 
    56      -19.1185     0.3561      0.0007   0.0004   67.97     60    Success 
    57      -19.1191     0.7521      0.0006   0.0007   71.81     61    Success 
    58      -19.1197     0.3270      0.0007   0.0004   78.44     62    Success 
    59      -19.1200     0.2630      0.0003   0.0001   61.30     63    Success 
    60      -19.1205     0.2952      0.0005   0.0003   60.83     64    Success 
    61      -19.1211     0.3736      0.0006   0.0005   71.96     65    Success 
    62      -19.1213     0.6974      0.0002   0.0009   78.78     66    Success 
    63      -19.1216     0.4804      0.0003   0.0001   66.06     67    Success 
    64      -19.1220     0.1745      0.0004   0.0002   63.59     68    Success 
    65      -19.1221     0.1998      0.0001   0.0001   61.53     69    Success 
    66      -19.1223     0.2616      0.0002   0.0002   69.34     70    Success 
    67      -19.1227     0.2997      0.0004   0.0004   75.00     71    Success 
    68      -19.1234     0.3429      0.0006   0.0007   77.33     72    Success 
    69      -19.1236     0.4021      0.0003   0.0005   80.09     74    Success 
    70      -19.1240     0.2774      0.0004   0.0005   82.02     75    Success 
    71      -19.1242     0.3574      0.0002   0.0004   80.06     77    Success 
    72      -19.1243     0.1240      0.0002   0.0003   80.66     78    Success 
    73      -19.1244     0.1299      0.0001   0.0001   55.99     79    Success 
    74      -19.1245     0.2505      0.0001   0.0001   56.72     80    Success 
    75      -19.1246     0.1620      0.0001   0.0001   73.45     81    Success 
    76      -19.1247     0.1341      0.0001   0.0002   75.04     82    Success 
    77      -19.1248     0.3877      0.0001   0.0003   71.96     83    Success 
    78      -19.1249     0.1204      0.0001   0.0001   79.18     84    Success 
    79      -19.1249     0.0862      0.0000   0.0001   75.02     85    Success 
    80      -19.1249     0.0662      0.0000   0.0001   69.38     86    Success 
    81      -19.1249     0.0711      0.0000   0.0001   66.37     87    Success 
    82      -19.1250     0.1323      0.0000   0.0001   66.59     88    Success 
    83      -19.1250     0.0796      0.0000   0.0001   75.99     89    Success 
    84      -19.1250     0.0799      0.0000   0.0001   70.57     90    Success 
    85      -19.1250     0.0706      0.0000   0.0001   71.42     91    Success 
    86      -19.1251     0.0473      0.0000   0.0000   71.05     92    Success 
    87      -19.1251     0.0414      0.0000   0.0001   67.35     93    Success 
    88      -19.1251     0.0357      0.0000   0.0000   65.39     94    Success 
    89      -19.1251     0.0744      0.0000   0.0001   68.29     95    Success 
    90      -19.1251     0.0325      0.0000   0.0000   74.48     96    Success 
    91      -19.1251     0.0405      0.0000   0.0000   66.46     97    Success 
    92      -19.1251     0.0499      0.0000   0.0000   72.09     98    Success 
    93      -19.1251     0.0642      0.0000   0.0001   75.33     99    Success 
    94      -19.1251     0.1271      0.0000   0.0001   79.49    100    Success 
    95      -19.1251     0.0829      0.0000   0.0000   76.53    101    Success 
    96      -19.1251     0.0306      0.0000   0.0000   76.98    102    Success 
    97      -19.1251     0.0349      0.0000   0.0000   71.89    103    Success 
    98      -19.1251     0.0371      0.0000   0.0000   71.76    104    Success 
    99      -19.1251     0.0332      0.0000   0.0000   73.02    105    Success 
   100      -19.1251     0.0780      0.0000   0.0000   72.53    107    Success 
   101      -19.1251     0.0462      0.0000   0.0000   83.60    108    Success 
   102      -19.1251     0.0173      0.0000   0.0000   82.29    109    Success 
   103      -19.1251     0.0191      0.0000   0.0000   71.38    110    Success 
   104      -19.1252     0.0216      0.0000   0.0000   66.42    111    Success 
   105      -19.1252     0.0207      0.0000   0.0000   70.37    112    Success 
   106      -19.1252     0.0313      0.0000   0.0000   73.16    113    Success 
   107      -19.1252     0.0282      0.0000   0.0000   78.22    114    Success 
   108      -19.1252     0.0141      0.0000   0.0000   72.63    115    Success 
   109      -19.1252     0.0099      0.0000   0.0000   68.34    116    Success 
   110      -19.1252     0.0118      0.0000   0.0000   65.23    117    Success 
   111      -19.1252     0.0239      0.0000   0.0000   67.65    118    Success 
   112      -19.1252     0.0214      0.0000   0.0000   81.25    119    Success 
   113      -19.1252     0.0259      0.0000   0.0000   79.91    120    Success 
   114      -19.1252     0.0176      0.0000   0.0000   82.16    121    Success 
   115      -19.1252     0.0095      0.0000   0.0000   75.27    122    Success 
   116      -19.1252     0.0103      0.0000   0.0000   52.50    123    Success 
   117      -19.1252     0.0100      0.0000   0.0000   65.73    124    Success 
   118      -19.1252     0.0217      0.0000   0.0000   75.48    126    Success 
   119      -19.1252     0.0164      0.0000   0.0000   83.33    127    Success 
   120      -19.1252     0.0083      0.0000   0.0000   82.84    128    Success 
   121      -19.1252     0.0080      0.0000   0.0000   79.22    129    Success 
   122      -19.1252     0.0107      0.0000   0.0000   76.99    130    Success 
   123      -19.1252     0.0341      0.0000   0.0000   78.87    131    Success 
   124      -19.1252     0.0239      0.0000   0.0000   76.86    132    Success 
   125      -19.1252     0.0087      0.0000   0.0000   79.38    133    Success 
   126      -19.1252     0.0080      0.0000   0.0000   75.87    134    Success 
   127      -19.1252     0.0093      0.0000   0.0000   73.83    135    Success 
   128      -19.1252     0.0096      0.0000   0.0000   73.92    136    Success 
   129      -19.1252     0.0092      0.0000   0.0000   76.19    137    Success 
   130      -19.1252     0.0117      0.0000   0.0000   79.12    138    Success 
   131      -19.1252     0.0103      0.0000   0.0000   80.92    139    Success 
   132      -19.1252     0.0080      0.0000   0.0000   70.12    140    Success 
   133      -19.1252     0.0053      0.0000   0.0000   60.80    141    Success 
   134      -19.1252     0.0058      0.0000   0.0000   65.79    142    Success 
   135      -19.1252     0.0080      0.0000   0.0000   74.53    143    Success 
   136      -19.1252     0.0083      0.0000   0.0000   81.27    144    Success 
   137      -19.1252     0.0045      0.0000   0.0000   79.82    145    Success 
   138      -19.1252     0.0046      0.0000   0.0000   70.43    146    Success 
   139      -19.1252     0.0072      0.0000   0.0000   76.75    147    Success 
   140      -19.1252     0.0050      0.0000   0.0000   76.93    148    Success 
   141      -19.1252     0.0050      0.0000   0.0000   76.63    149    Success 
   142      -19.1252     0.0071      0.0000   0.0000   72.25    150    Success 
   143      -19.1252     0.0057      0.0000   0.0000   77.94    151    Success 
   144      -19.1252     0.0032      0.0000   0.0000   78.16    152    Success 
   145      -19.1252     0.0078      0.0000   0.0000   74.26    153    Success 
   146      -19.1252     0.0039      0.0000   0.0000   83.35    154    Success 
   147      -19.1252     0.0035      0.0000   0.0000   74.35    155    Success 
   148      -19.1252     0.0024      0.0000   0.0000   74.38    156    Success 
   149      -19.1252     0.0017      0.0000   0.0000   67.30    157    Success 
   150      -19.1252     0.0022      0.0000   0.0000   68.37    158    Success 
   151      -19.1252     0.0016      0.0000   0.0000   73.68    159    Success 
   152      -19.1252     0.0016      0.0000   0.0000   68.36    160    Success 
   153      -19.1252     0.0013      0.0000   0.0000   65.89    161    Success 
   154      -19.1252     0.0020      0.0000   0.0000   65.61    162    Success 
   155      -19.1252     0.0023      0.0000   0.0000   78.02    163    Success 
   156      -19.1252     0.0010      0.0000   0.0000   68.12    164   SmallGrad

 LBFGS  --  Normal Termination due to SmallGrad

 Final Function Value :          -19.1252
 Final RMS Gradient :              0.0010
 Final Gradient Norm :             0.0042
