
     ######################################################################
   ##########################################################################
  ###                                                                      ###
 ###            Tinker  ---  Software Tools for Molecular Design            ###
 ##                                                                          ##
 ##                          Version 8.7  June 2019                          ##
 ##                                                                          ##
 ##               Copyright (c)  Jay William Ponder  1990-2019               ##
 ###                           All Rights Reserved                          ###
  ###                                                                      ###
   ##########################################################################
     ######################################################################


 Additional Atom Definition Parameters :

     Type  Class  Symbol  Description               Atomic    Mass   Valence

     403    403     N     ModifiedRes                  7     14.007     3
     412    412     H     ModifiedRes                  1      1.008     1
     401    401     C     ModifiedRes                  6     12.011     4
     410    410     H     ModifiedRes                  1      1.008     1
     404    404     C     ModifiedRes                  6     12.011     3
     411    411     O     ModifiedRes                  8     15.999     1
     402    402     C     ModifiedRes                  6     12.011     4
     407    407     S     ModifiedRes                 16     32.066     2
     408    408     C     ModifiedRes                  6     12.011     2
     416    416     N     ModifiedRes                  7     14.007     1
     409    409     H     ModifiedRes                  1      1.008     1
     406    406     C     ModifiedRes                  6     12.011     3
     413    413     O     ModifiedRes                  8     15.999     1
     405    405     N     ModifiedRes                  7     14.007     3
     414    414     H     ModifiedRes                  1      1.008     1
     415    415     H     ModifiedRes                  1      1.008     1

 Additional Bond Stretching Parameters :

     Atom Classes             K(S)         Length

       401 403             374.800         1.4589
       403 406             482.000         1.3610
       403 412             542.000         1.0150
       401 410             341.000         1.0957
       401 404             345.300         1.5388
       401 402             345.300         1.5181
       404 405             482.000         1.3572
       404 411             705.000         1.2314
       402 409             395.500         1.0914
       402 407             235.800         1.8318
       407 408             235.800         1.6971
       408 416             450.000         1.1861
       406 413             705.000         1.2330
       406 414             356.400         1.1017
       405 415             542.000         1.0125

 Additional Angle Bending Parameters :

     Atom Classes             K(B)          Angle

     403 406 413            60.000        124.094
     401 403 412            35.000        118.942
     406 403 412            35.000        118.838
     401 404 405            70.000        113.359
     401 404 411            80.000        121.700
     401 402 407            53.200        108.210
     401 403 406            50.000        121.364
     404 401 410            38.000        109.343
     402 401 410            38.000        110.332
     403 401 410            50.600        106.311
     402 401 404            60.000        109.451
     403 401 404            80.000        110.698
     402 401 403            80.000        110.661
     402 407 408            60.430         97.779
     407 408 416            60.000        178.379
     409 402 409            39.570        108.414
     401 402 409            42.440        109.507
     407 402 409            60.240        109.536
     405 404 411            60.000        124.942
     413 406 414            68.340        122.634
     403 406 414            31.650        113.263
     415 405 415            22.300        119.362
     404 405 415            35.000        117.511

 Additional Stretch-Bend Parameters :

     Atom Classes          K(SB)-1        K(SB)-2

     401 403 412             4.300          7.200
     406 403 412             4.300          7.200
     401 404 405            18.700         18.700
     401 402 407            18.700         18.700
     401 403 406             7.200          7.200
     404 401 410            11.500         18.700
     402 401 410            11.500         18.700
     403 401 410            11.500         11.500
     402 401 404            18.700         18.700
     403 401 404            18.700         18.700
     402 401 403            18.700         18.700
     402 407 408            -5.750         -5.750
     401 402 409            11.500         11.500
     407 402 409            11.500         11.500
     403 406 414            11.500         11.500
     404 405 415             4.300          7.200
     415 405 415             4.300          7.200
     401 404 411            18.700         18.700
     413 406 414            11.500         11.500

 Additional Out-of-Plane Bend Parameters :

     Atom Classes                   K(OPB)

     401 403   0   0                14.400
     401 404   0   0                14.400
     403 406   0   0               107.910
     404 405   0   0                71.940
     405 404   0   0               107.910
     406 403   0   0                71.940
     411 404   0   0               122.298
     412 403   0   0                 5.755
     413 406   0   0               122.298
     414 406   0   0               140.283
     415 405   0   0                 5.755

 Additional Torsional Parameters :

     Atom Classes     1-Fold    2-Fold    3-Fold    4-Fold    5-Fold    6-Fold

   403 401 404 405   0.00   0  0.00 180  0.00   0  0.00   0  0.00   0  0.00   0
   403 401 404 411   0.00   0  0.00 180  0.00   0  0.00   0  0.00   0  0.00   0
   403 401 402 409   0.00   0  0.00 180  0.00   0  0.00   0  0.00   0  0.00   0
   403 401 402 407   0.00   0  0.00 180  0.00   0  0.00   0  0.00   0  0.00   0
   410 401 403 412   0.00   0  0.00 180  0.00   0  0.00   0  0.00   0  0.00   0
   404 401 403 412   0.00   0  0.00 180  0.00   0  0.00   0  0.00   0  0.00   0
   402 401 403 412   0.00   0  0.00 180  0.00   0  0.00   0  0.00   0  0.00   0
   412 403 406 413   0.00   0  0.00 180  0.00   0  0.00   0  0.00   0  0.00   0
   412 403 406 414   0.00   0  0.00 180  0.00   0  0.00   0  0.00   0  0.00   0
   401 404 405 415   0.00   0  1.20 180  0.80   0  0.00   0  0.00   0  0.00   0
   401 402 407 408   0.00   0  0.00 180  0.00   0  0.00   0  0.00   0  0.00   0
   401 403 406 413   0.00   0  0.00 180  0.00   0  0.00   0  0.00   0  0.00   0
   401 403 406 414   0.00   0  0.00 180  0.00   0  0.00   0  0.00   0  0.00   0
   410 401 404 405   0.00   0  0.00 180  0.00   0  0.00   0  0.00   0  0.00   0
   410 401 404 411   0.00   0  0.00 180  0.00   0  0.00   0  0.00   0  0.00   0
   410 401 402 409   0.00   0  0.00 180  0.00   0  0.00   0  0.00   0  0.00   0
   410 401 402 407   0.00   0  0.00 180  0.00   0  0.00   0  0.00   0  0.00   0
   410 401 403 406   0.00   0  0.00 180  0.00   0  0.00   0  0.00   0  0.00   0
   404 401 402 409   0.00   0  0.00 180  0.00   0  0.00   0  0.00   0  0.00   0
   404 401 402 407   0.00   0  0.00 180  0.00   0  0.00   0  0.00   0  0.00   0
   404 401 403 406   0.00   0  0.00 180  0.00   0  0.00   0  0.00   0  0.00   0
   411 404 405 415   0.00   0  0.00 180  0.00   0  0.00   0  0.00   0  0.00   0
   402 401 404 411   0.00   0  0.00 180  0.00   0  0.00   0  0.00   0  0.00   0
   402 401 404 405   0.00   0  0.00 180  0.00   0  0.00   0  0.00   0  0.00   0
   402 401 403 406   0.00   0  0.00 180  0.00   0  0.00   0  0.00   0  0.00   0
   402 407 408 416   0.00   0  0.00 180  0.50   0  0.00   0  0.00   0  0.00   0
   409 402 407 408   0.00   0  0.00 180  0.00   0  0.00   0  0.00   0  0.00   0

 Additional Pi-Orbital Torsion Parameters :

     Atom Classes       2-Fold

       404 405           6.850
       403 406           6.850

 Additional van der Waals Parameters :

     Atom Class               Size        Epsilon        Reduction

         403                3.7100         0.1100          0.000
         412                2.5900         0.0220          0.900
         401                3.6500         0.1010          0.000
         410                2.8800         0.0240          0.910
         404                3.8200         0.1060          0.000
         411                3.3000         0.1120          0.000
         402                3.7800         0.1060          0.000
         407                4.0050         0.3550          0.000
         408                3.7800         0.1060          0.000
         416                3.7100         0.1050          0.000
         409                2.8700         0.0330          0.900
         406                3.8200         0.1060          0.000
         413                3.3000         0.1120          0.000
         405                3.7100         0.1100          0.000
         414                2.9200         0.0300          0.920
         415                2.5900         0.0220          0.900

 Additional Atomic Multipole Parameters :

     Atom Type     Coordinate Frame Definition         Multipole Moments

         401      403    404      0   Z-then-X    -0.27040
                                                  -0.22190  0.00000  0.26102
                                                  -0.17903
                                                   0.00000 -0.24517
                                                   0.13675  0.00000  0.42420

         402      407    401      0   Z-then-X    -0.16380
                                                   0.27778  0.00000 -0.20334
                                                   0.30211
                                                   0.00000 -0.49081
                                                  -0.33263  0.00000  0.18870

         403      406    401      0   Z-then-X    -0.06286
                                                   0.37348  0.00000 -0.12295
                                                   0.79149
                                                   0.00000 -1.08676
                                                  -0.63736  0.00000  0.29527

         404      411    405      0   Z-then-X     0.97419
                                                  -0.10999  0.00000  0.25580
                                                   0.38321
                                                   0.00000 -0.33696
                                                  -0.17133  0.00000 -0.04625

         405      404    415      0   Z-then-X    -0.32376
                                                   0.05823  0.00000 -0.07138
                                                   0.32176
                                                   0.00000 -0.38869
                                                  -0.03945  0.00000  0.06693

         406      413    403      0   Z-then-X     0.63075
                                                   0.40149  0.00000  0.25741
                                                  -0.01797
                                                   0.00000  0.01503
                                                   0.00873  0.00000  0.00294

         407      408    402      0   Z-then-X     0.34019
                                                   0.47821  0.00000  0.49978
                                                   1.11919
                                                   0.00000 -2.31639
                                                  -0.50667  0.00000  1.19720

         408      407    416      0   Z-then-X     0.21608
                                                   0.00820  0.00000 -0.28509
                                                   0.05369
                                                   0.00000  0.10740
                                                   0.05156  0.00000 -0.16109

         409      402    407      0   Z-then-X     0.09933
                                                   0.00064  0.00000 -0.16410
                                                   0.07960
                                                   0.00000  0.07569
                                                  -0.01944  0.00000 -0.15529

         410      401    403      0   Z-then-X     0.10718
                                                  -0.02083  0.00000 -0.03604
                                                  -0.03187
                                                   0.00000  0.01466
                                                  -0.01392  0.00000  0.01721

         411      404    405      0   Z-then-X    -0.77613
                                                   0.13027  0.00000 -0.18830
                                                  -0.53109
                                                   0.00000  0.25725
                                                   0.21601  0.00000  0.27384

         412      403    401      0   Z-then-X     0.11911
                                                   0.01244  0.00000 -0.25689
                                                   0.04573
                                                   0.00000  0.01640
                                                  -0.00301  0.00000 -0.06213

         413      406    403      0   Z-then-X    -0.66614
                                                  -0.21394  0.00000 -0.03273
                                                  -0.49754
                                                   0.00000  0.12402
                                                  -0.24547  0.00000  0.37352

         414      406    413      0   Z-then-X    -0.02624
                                                   0.07068  0.00000 -0.22870
                                                   0.12255
                                                   0.00000  0.03666
                                                   0.03118  0.00000 -0.15921

         415      405    404      0   Z-then-X     0.13248
                                                   0.00045  0.00000 -0.38308
                                                   0.28470
                                                   0.00000  0.12111
                                                   0.01221  0.00000 -0.40581

         416      408    407      0   Z-then-X    -0.56179
                                                   0.01684  0.00000 -0.29231
                                                   0.37390
                                                   0.00000  0.24558
                                                   0.00671  0.00000 -0.61948

 Additional Atomic Dipole Polarizability Parameters :

     Atom Type           Alpha       Thole     Group Atom Types

         403             1.073       0.390         412  401  406
         412             0.496       0.390         403
         401             1.334       0.390         403  410  404  402
         410             0.496       0.390         401
         404             1.334       0.390         401  411  405
         411             0.837       0.390         404
         402             1.334       0.390         401  407  409
         407             3.300       0.390         402  408
         408             1.334       0.390         407  416
         416             1.073       0.390         408
         409             0.496       0.390         402
         406             1.334       0.390         403  413  414
         413             0.837       0.390         406
         405             1.073       0.390         404  415
         414             0.494       0.390         406
         415             0.496       0.390         405

 Limited Memory BFGS Quasi-Newton Optimization :

 QN Iter     F Value      G RMS      F Move   X Move   Angle  FG Call  Comment

     0      -34.9201     7.2116                                   1
     1      -34.9494     8.5520      0.0293   0.0004    0.00      4    Success 
     2      -34.9787     6.7741      0.0293   0.0004   51.08      5    Success 
     3      -35.0269     5.8062      0.0483   0.0007   49.68      6    Success 
     4      -35.0937    17.8730      0.0668   0.0016   54.08      7    Success 
     5      -35.1026    14.5550      0.0089   0.0002   80.44      9    Success 
     6      -35.1192    11.8209      0.0166   0.0004   79.86     10    Success 
     7      -35.1400    25.7206      0.0208   0.0005   76.80     12    Success 
     8      -35.1556    31.6111      0.0155   0.0004   84.38     26   BadIntpln
     9      -35.1563    12.5922      0.0007   0.0000   85.55     30    Success 
    10      -35.1576    24.4567      0.0014   0.0000   80.72     33    Success 
    11      -35.1600   314.8909      0.0024   0.0000   81.84     34    Success 
    12      -35.1635   708.0303      0.0035   0.0000   88.83     50   BadIntpln
    13      -35.1667  7448.8190      0.0032   0.0000   89.48     58    ReSearch
    14      -35.1712   308.3961      0.0045   0.0001   89.95     59    Success 
    15      -35.1780    31.2019      0.0068   0.0002   89.55     60    Success 
    16      -35.1845    10.0508      0.0065   0.0004   86.46     61    Success 
    17      -35.1861     9.5093      0.0016   0.0000   70.23     62    Success 
    18      -35.2001     7.0018      0.0141   0.0002   67.42     64    Success 
    19      -35.2254     5.4787      0.0253   0.0005   65.23     65    Success 
    20      -35.2698     5.5888      0.0444   0.0011   62.86     66    Success 
    21      -35.3437     6.8056      0.0738   0.0023   66.94     67    Success 
    22      -35.4612     7.5836      0.1175   0.0041   72.78     68    Success 
    23      -35.6451     8.7867      0.1839   0.0064   74.49     69    Success 
    24      -35.8467     9.2876      0.2017   0.0102   76.84     70    Success 
    25      -36.0369     4.8317      0.1901   0.0092   78.28     71    Success 
    26      -36.1289     6.0589      0.0920   0.0040   67.84     72    Success 
    27      -36.2288     8.5146      0.0999   0.0044   71.76     73    Success 
    28      -36.3334     9.0114      0.1046   0.0044   77.29     74    Success 
    29      -36.4431    11.1785      0.1097   0.0061   80.55     75    Success 
    30      -36.4754    26.7427      0.0323   0.0023   84.52     83    ReSearch
    31      -36.5038    15.4501      0.0284   0.0050   88.49     84    Success 
    32      -36.5041    18.6947      0.0003   0.0001   89.17     86    Success 
    33      -36.5073    16.5136      0.0032   0.0002   87.23     88    Success 
    34      -36.5079    18.6750      0.0006   0.0002   89.38     95    ReSearch
    35      -36.5195     8.0953      0.0115   0.0007   86.75    100    Success 
    36      -36.5317     8.3478      0.0122   0.0009   79.31    101    Success 
    37      -36.5475     4.6275      0.0159   0.0009   81.57    102    Success 
    38      -36.5710     3.2432      0.0235   0.0022   80.04    103    Success 
    39      -36.5982     3.2686      0.0272   0.0025   73.99    104    Success 
    40      -36.6096     2.6952      0.0115   0.0030   82.46    106    Success 
    41      -36.6297     2.3155      0.0201   0.0013   68.33    107    Success 
    42      -36.6617     1.9210      0.0320   0.0019   59.55    108    Success 
    43      -36.6968     2.9849      0.0351   0.0043   64.73    109    Success 
    44      -36.7104     3.5174      0.0136   0.0021   78.33    110    Success 
    45      -36.7204     2.4383      0.0100   0.0012   80.58    111    Success 
    46      -36.7343     2.1055      0.0139   0.0018   75.12    112    Success 
    47      -36.7504     1.6664      0.0162   0.0025   75.57    113    Success 
    48      -36.7660     2.1318      0.0156   0.0034   71.32    114    Success 
    49      -36.7727     3.2353      0.0067   0.0021   75.09    115    Success 
    50      -36.7800     1.6720      0.0073   0.0005   70.30    116    Success 
    51      -36.7835     1.4710      0.0035   0.0005   68.07    117    Success 
    52      -36.7863     1.4195      0.0028   0.0007   76.80    118    Success 
    53      -36.7865     1.2691      0.0002   0.0001   84.83    120    Success 
    54      -36.7878     1.2770      0.0014   0.0003   76.90    122    Success 
    55      -36.7883     1.4499      0.0005   0.0003   80.60    124    Success 
    56      -36.7893     1.2994      0.0009   0.0002   78.20    125    Success 
    57      -36.7907     1.1034      0.0014   0.0004   76.94    126    Success 
    58      -36.7928     0.9360      0.0021   0.0006   75.49    127    Success 
    59      -36.7949     1.3355      0.0021   0.0011   77.15    128    Success 
    60      -36.7963     0.6972      0.0014   0.0005   80.54    129    Success 
    61      -36.7973     0.4791      0.0010   0.0004   73.13    130    Success 
    62      -36.7983     0.5420      0.0010   0.0004   66.56    131    Success 
    63      -36.7994     0.5941      0.0012   0.0004   68.42    132    Success 
    64      -36.8012     0.5662      0.0017   0.0007   71.51    133    Success 
    65      -36.8020     0.7599      0.0008   0.0006   75.21    135    Success 
    66      -36.8031     0.3991      0.0011   0.0005   76.68    136    Success 
    67      -36.8038     0.3012      0.0007   0.0004   69.89    137    Success 
    68      -36.8041     0.2410      0.0003   0.0003   70.07    138    Success 
    69      -36.8043     0.1556      0.0002   0.0002   63.51    139    Success 
    70      -36.8045     0.1881      0.0002   0.0001   49.78    140    Success 
    71      -36.8046     0.2694      0.0001   0.0002   64.05    141    Success 
    72      -36.8047     0.1568      0.0001   0.0001   67.58    142    Success 
    73      -36.8048     0.1401      0.0001   0.0001   62.94    143    Success 
    74      -36.8050     0.1783      0.0002   0.0002   68.04    144    Success 
    75      -36.8052     0.1918      0.0002   0.0003   72.37    145    Success 
    76      -36.8055     0.1877      0.0003   0.0005   75.37    146    Success 
    77      -36.8057     0.3262      0.0002   0.0004   74.16    147    Success 
    78      -36.8059     0.2042      0.0002   0.0002   73.84    148    Success 
    79      -36.8060     0.1242      0.0001   0.0001   68.73    149    Success 
    80      -36.8060     0.4710      0.0000   0.0001   66.89    150    Success 
    81      -36.8061     0.1867      0.0001   0.0001   80.92    151    Success 
    82      -36.8061     0.1966      0.0001   0.0001   79.08    152    Success 
    83      -36.8062     0.2622      0.0001   0.0001   82.73    153    Success 
    84      -36.8063     0.2480      0.0001   0.0002   82.78    154    Success 
    85      -36.8064     0.2190      0.0001   0.0003   82.09    155    Success 
    86      -36.8065     0.3039      0.0001   0.0003   78.77    156    Success 
    87      -36.8066     0.1233      0.0001   0.0001   78.20    157    Success 
    88      -36.8066     0.1175      0.0001   0.0001   69.79    158    Success 
    89      -36.8067     0.1192      0.0000   0.0001   74.76    159    Success 
    90      -36.8067     0.1094      0.0001   0.0002   76.12    160    Success 
    91      -36.8068     0.1775      0.0000   0.0003   77.77    161    Success 
    92      -36.8068     0.0923      0.0000   0.0000   61.36    162    Success 
    93      -36.8068     0.0683      0.0000   0.0001   60.98    163    Success 
    94      -36.8068     0.0930      0.0000   0.0001   70.92    164    Success 
    95      -36.8069     0.0639      0.0000   0.0001   78.08    165    Success 
    96      -36.8069     0.0489      0.0000   0.0001   75.61    166    Success 
    97      -36.8069     0.0795      0.0000   0.0001   69.91    167    Success 
    98      -36.8069     0.0333      0.0000   0.0000   53.30    168    Success 
    99      -36.8069     0.0252      0.0000   0.0000   54.62    169    Success 
   100      -36.8069     0.0348      0.0000   0.0000   53.76    170    Success 
   101      -36.8069     0.0392      0.0000   0.0000   70.92    171    Success 
   102      -36.8069     0.0616      0.0000   0.0000   74.78    173    Success 
   103      -36.8069     0.0494      0.0000   0.0000   80.05    174    Success 
   104      -36.8069     0.0258      0.0000   0.0000   81.85    175    Success 
   105      -36.8069     0.0309      0.0000   0.0000   58.19    176    Success 
   106      -36.8069     0.0387      0.0000   0.0000   66.55    177    Success 
   107      -36.8069     0.0342      0.0000   0.0000   75.66    178    Success 
   108      -36.8069     0.0882      0.0000   0.0001   77.64    179    Success 
   109      -36.8069     0.0465      0.0000   0.0000   82.45    180    Success 
   110      -36.8069     0.0238      0.0000   0.0000   79.79    181    Success 
   111      -36.8069     0.0320      0.0000   0.0000   76.22    182    Success 
   112      -36.8069     0.0356      0.0000   0.0000   79.30    183    Success 
   113      -36.8069     0.0439      0.0000   0.0001   78.61    184    Success 
   114      -36.8069     0.0402      0.0000   0.0001   82.09    185    Success 
   115      -36.8069     0.0137      0.0000   0.0000   75.72    186    Success 
   116      -36.8069     0.0128      0.0000   0.0000   65.84    187    Success 
   117      -36.8069     0.0132      0.0000   0.0000   59.58    188    Success 
   118      -36.8069     0.0212      0.0000   0.0000   67.78    190    Success 
   119      -36.8069     0.0105      0.0000   0.0000   79.93    191    Success 
   120      -36.8069     0.0059      0.0000   0.0000   77.14    192    Success 
   121      -36.8069     0.0060      0.0000   0.0000   68.87    193    Success 
   122      -36.8069     0.0085      0.0000   0.0000   62.97    194    Success 
   123      -36.8069     0.0160      0.0000   0.0000   71.14    195    Success 
   124      -36.8069     0.0060      0.0000   0.0000   66.15    196    Success 
   125      -36.8069     0.0046      0.0000   0.0000   59.64    197    Success 
   126      -36.8069     0.0112      0.0000   0.0000   71.59    198    Success 
   127      -36.8069     0.0099      0.0000   0.0000   79.41    199    Success 
   128      -36.8069     0.0086      0.0000   0.0000   79.19    200    Success 
   129      -36.8069     0.0075      0.0000   0.0000   77.92    201    Success 
   130      -36.8069     0.0056      0.0000   0.0000   77.71    202    Success 
   131      -36.8069     0.0066      0.0000   0.0000   70.19    203    Success 
   132      -36.8069     0.0051      0.0000   0.0000   73.27    204    Success 
   133      -36.8069     0.0046      0.0000   0.0000   60.02    205    Success 
   134      -36.8069     0.0028      0.0000   0.0000   62.39    206    Success 
   135      -36.8069     0.0033      0.0000   0.0000   67.20    207    Success 
   136      -36.8069     0.0036      0.0000   0.0000   78.04    208    Success 
   137      -36.8069     0.0041      0.0000   0.0000   76.29    209    Success 
   138      -36.8069     0.0039      0.0000   0.0000   79.91    210    Success 
   139      -36.8069     0.0021      0.0000   0.0000   80.98    211    Success 
   140      -36.8069     0.0017      0.0000   0.0000   67.84    212    Success 
   141      -36.8069     0.0018      0.0000   0.0000   62.17    213    Success 
   142      -36.8069     0.0021      0.0000   0.0000   66.96    215    Success 
   143      -36.8069     0.0014      0.0000   0.0000   74.30    216    Success 
   144      -36.8069     0.0010      0.0000   0.0000   72.33    217    Success 
   145      -36.8069     0.0012      0.0000   0.0000   71.76    218    Success 
   146      -36.8069     0.0013      0.0000   0.0000   72.40    219    Success 
   147      -36.8069     0.0019      0.0000   0.0000   78.15    221    Success 
   148      -36.8069     0.0017      0.0000   0.0000   79.70    222    Success 
   149      -36.8069     0.0012      0.0000   0.0000   77.33    223    Success 
   150      -36.8069     0.0005      0.0000   0.0000   75.44    224   SmallGrad

 LBFGS  --  Normal Termination due to SmallGrad

 Final Function Value :          -36.8069
 Final RMS Gradient :              0.0005
 Final Gradient Norm :             0.0020
