
     ######################################################################
   ##########################################################################
  ###                                                                      ###
 ###            Tinker  ---  Software Tools for Molecular Design            ###
 ##                                                                          ##
 ##                          Version 8.7  June 2019                          ##
 ##                                                                          ##
 ##               Copyright (c)  Jay William Ponder  1990-2019               ##
 ###                           All Rights Reserved                          ###
  ###                                                                      ###
   ##########################################################################
     ######################################################################


 Additional Atom Definition Parameters :

     Type  Class  Symbol  Description               Atomic    Mass   Valence

     403    403     N     ModifiedRes                  7     14.007     3
     412    412     H     ModifiedRes                  1      1.008     1
     401    401     C     ModifiedRes                  6     12.011     4
     410    410     H     ModifiedRes                  1      1.008     1
     404    404     C     ModifiedRes                  6     12.011     3
     411    411     O     ModifiedRes                  8     15.999     1
     402    402     C     ModifiedRes                  6     12.011     4
     407    407     S     ModifiedRes                 16     32.066     2
     408    408     C     ModifiedRes                  6     12.011     2
     416    416     N     ModifiedRes                  7     14.007     1
     409    409     H     ModifiedRes                  1      1.008     1
     406    406     C     ModifiedRes                  6     12.011     3
     413    413     O     ModifiedRes                  8     15.999     1
     405    405     N     ModifiedRes                  7     14.007     3
     414    414     H     ModifiedRes                  1      1.008     1
     415    415     H     ModifiedRes                  1      1.008     1

 Additional Bond Stretching Parameters :

     Atom Classes             K(S)         Length

       401 403             374.800         1.4589
       403 406             482.000         1.3610
       403 412             542.000         1.0150
       401 410             341.000         1.0957
       401 404             345.300         1.5388
       401 402             345.300         1.5181
       404 405             482.000         1.3572
       404 411             705.000         1.2314
       402 409             395.500         1.0914
       402 407             235.800         1.8318
       407 408             235.800         1.6971
       408 416             450.000         1.1861
       406 413             705.000         1.2330
       406 414             356.400         1.1017
       405 415             542.000         1.0125

 Additional Angle Bending Parameters :

     Atom Classes             K(B)          Angle

     403 406 413            60.000        124.094
     401 403 412            35.000        118.942
     406 403 412            35.000        118.838
     401 404 405            70.000        113.359
     401 404 411            80.000        121.700
     401 402 407            53.200        108.210
     401 403 406            50.000        121.364
     404 401 410            38.000        109.343
     402 401 410            38.000        110.332
     403 401 410            50.600        106.311
     402 401 404            60.000        109.451
     403 401 404            80.000        110.698
     402 401 403            80.000        110.661
     402 407 408            60.430         97.779
     407 408 416            60.000        178.379
     409 402 409            39.570        108.414
     401 402 409            42.440        109.507
     407 402 409            60.240        109.536
     405 404 411            60.000        124.942
     413 406 414            68.340        122.634
     403 406 414            31.650        113.263
     415 405 415            22.300        119.362
     404 405 415            35.000        117.511

 Additional Stretch-Bend Parameters :

     Atom Classes          K(SB)-1        K(SB)-2

     401 403 412             4.300          7.200
     406 403 412             4.300          7.200
     401 404 405            18.700         18.700
     401 402 407            18.700         18.700
     401 403 406             7.200          7.200
     404 401 410            11.500         18.700
     402 401 410            11.500         18.700
     403 401 410            11.500         11.500
     402 401 404            18.700         18.700
     403 401 404            18.700         18.700
     402 401 403            18.700         18.700
     402 407 408            -5.750         -5.750
     401 402 409            11.500         11.500
     407 402 409            11.500         11.500
     403 406 414            11.500         11.500
     404 405 415             4.300          7.200
     415 405 415             4.300          7.200
     401 404 411            18.700         18.700
     413 406 414            11.500         11.500

 Additional Out-of-Plane Bend Parameters :

     Atom Classes                   K(OPB)

     401 403   0   0                14.400
     401 404   0   0                14.400
     403 406   0   0               107.910
     404 405   0   0                71.940
     405 404   0   0               107.910
     406 403   0   0                71.940
     411 404   0   0               122.298
     412 403   0   0                 5.755
     413 406   0   0               122.298
     414 406   0   0               140.283
     415 405   0   0                 5.755

 Additional Torsional Parameters :

     Atom Classes     1-Fold    2-Fold    3-Fold    4-Fold    5-Fold    6-Fold

   403 401 404 405   0.00   0  0.00 180  0.00   0  0.00   0  0.00   0  0.00   0
   403 401 404 411   0.00   0  0.00 180  0.00   0  0.00   0  0.00   0  0.00   0
   403 401 402 409   0.00   0  0.00 180  0.00   0  0.00   0  0.00   0  0.00   0
   403 401 402 407   0.00   0  0.00 180  0.00   0  0.00   0  0.00   0  0.00   0
   410 401 403 412   0.00   0  0.00 180  0.00   0  0.00   0  0.00   0  0.00   0
   404 401 403 412   0.00   0  0.00 180  0.00   0  0.00   0  0.00   0  0.00   0
   402 401 403 412   0.00   0  0.00 180  0.00   0  0.00   0  0.00   0  0.00   0
   412 403 406 413   0.00   0  0.00 180  0.00   0  0.00   0  0.00   0  0.00   0
   412 403 406 414   0.00   0  0.00 180  0.00   0  0.00   0  0.00   0  0.00   0
   401 404 405 415   0.00   0  1.20 180  0.80   0  0.00   0  0.00   0  0.00   0
   401 402 407 408   0.00   0  0.00 180  0.00   0  0.00   0  0.00   0  0.00   0
   401 403 406 413   0.00   0  0.00 180  0.00   0  0.00   0  0.00   0  0.00   0
   401 403 406 414   0.00   0  0.00 180  0.00   0  0.00   0  0.00   0  0.00   0
   410 401 404 405   0.00   0  0.00 180  0.00   0  0.00   0  0.00   0  0.00   0
   410 401 404 411   0.00   0  0.00 180  0.00   0  0.00   0  0.00   0  0.00   0
   410 401 402 409   0.00   0  0.00 180  0.00   0  0.00   0  0.00   0  0.00   0
   410 401 402 407   0.00   0  0.00 180  0.00   0  0.00   0  0.00   0  0.00   0
   410 401 403 406   0.00   0  0.00 180  0.00   0  0.00   0  0.00   0  0.00   0
   404 401 402 409   0.00   0  0.00 180  0.00   0  0.00   0  0.00   0  0.00   0
   404 401 402 407   0.00   0  0.00 180  0.00   0  0.00   0  0.00   0  0.00   0
   404 401 403 406   0.00   0  0.00 180  0.00   0  0.00   0  0.00   0  0.00   0
   411 404 405 415   0.00   0  0.00 180  0.00   0  0.00   0  0.00   0  0.00   0
   402 401 404 411   0.00   0  0.00 180  0.00   0  0.00   0  0.00   0  0.00   0
   402 401 404 405   0.00   0  0.00 180  0.00   0  0.00   0  0.00   0  0.00   0
   402 401 403 406   0.00   0  0.00 180  0.00   0  0.00   0  0.00   0  0.00   0
   402 407 408 416   0.00   0  0.00 180  0.50   0  0.00   0  0.00   0  0.00   0
   409 402 407 408   0.00   0  0.00 180  0.00   0  0.00   0  0.00   0  0.00   0

 Additional Pi-Orbital Torsion Parameters :

     Atom Classes       2-Fold

       404 405           6.850
       403 406           6.850

 Additional van der Waals Parameters :

     Atom Class               Size        Epsilon        Reduction

         403                3.7100         0.1100          0.000
         412                2.5900         0.0220          0.900
         401                3.6500         0.1010          0.000
         410                2.8800         0.0240          0.910
         404                3.8200         0.1060          0.000
         411                3.3000         0.1120          0.000
         402                3.7800         0.1060          0.000
         407                4.0050         0.3550          0.000
         408                3.7800         0.1060          0.000
         416                3.7100         0.1050          0.000
         409                2.8700         0.0330          0.900
         406                3.8200         0.1060          0.000
         413                3.3000         0.1120          0.000
         405                3.7100         0.1100          0.000
         414                2.9200         0.0300          0.920
         415                2.5900         0.0220          0.900

 Additional Atomic Multipole Parameters :

     Atom Type     Coordinate Frame Definition         Multipole Moments

         401      403    404      0   Z-then-X    -0.27040
                                                  -0.22190  0.00000  0.26102
                                                  -0.17903
                                                   0.00000 -0.24517
                                                   0.13675  0.00000  0.42420

         402      407    401      0   Z-then-X    -0.16380
                                                   0.27778  0.00000 -0.20334
                                                   0.30211
                                                   0.00000 -0.49081
                                                  -0.33263  0.00000  0.18870

         403      406    401      0   Z-then-X    -0.06286
                                                   0.37348  0.00000 -0.12295
                                                   0.79149
                                                   0.00000 -1.08676
                                                  -0.63736  0.00000  0.29527

         404      411    405      0   Z-then-X     0.97419
                                                  -0.10999  0.00000  0.25580
                                                   0.38321
                                                   0.00000 -0.33696
                                                  -0.17133  0.00000 -0.04625

         405      404    415      0   Z-then-X    -0.32376
                                                   0.05823  0.00000 -0.07138
                                                   0.32176
                                                   0.00000 -0.38869
                                                  -0.03945  0.00000  0.06693

         406      413    403      0   Z-then-X     0.63075
                                                   0.40149  0.00000  0.25741
                                                  -0.01797
                                                   0.00000  0.01503
                                                   0.00873  0.00000  0.00294

         407      408    402      0   Z-then-X     0.34019
                                                   0.47821  0.00000  0.49978
                                                   1.11919
                                                   0.00000 -2.31639
                                                  -0.50667  0.00000  1.19720

         408      407    416      0   Z-then-X     0.21608
                                                   0.00820  0.00000 -0.28509
                                                   0.05369
                                                   0.00000  0.10740
                                                   0.05156  0.00000 -0.16109

         409      402    407      0   Z-then-X     0.09933
                                                   0.00064  0.00000 -0.16410
                                                   0.07960
                                                   0.00000  0.07569
                                                  -0.01944  0.00000 -0.15529

         410      401    403      0   Z-then-X     0.10718
                                                  -0.02083  0.00000 -0.03604
                                                  -0.03187
                                                   0.00000  0.01466
                                                  -0.01392  0.00000  0.01721

         411      404    405      0   Z-then-X    -0.77613
                                                   0.13027  0.00000 -0.18830
                                                  -0.53109
                                                   0.00000  0.25725
                                                   0.21601  0.00000  0.27384

         412      403    401      0   Z-then-X     0.11911
                                                   0.01244  0.00000 -0.25689
                                                   0.04573
                                                   0.00000  0.01640
                                                  -0.00301  0.00000 -0.06213

         413      406    403      0   Z-then-X    -0.66614
                                                  -0.21394  0.00000 -0.03273
                                                  -0.49754
                                                   0.00000  0.12402
                                                  -0.24547  0.00000  0.37352

         414      406    413      0   Z-then-X    -0.02624
                                                   0.07068  0.00000 -0.22870
                                                   0.12255
                                                   0.00000  0.03666
                                                   0.03118  0.00000 -0.15921

         415      405    404      0   Z-then-X     0.13248
                                                   0.00045  0.00000 -0.38308
                                                   0.28470
                                                   0.00000  0.12111
                                                   0.01221  0.00000 -0.40581

         416      408    407      0   Z-then-X    -0.56179
                                                   0.01684  0.00000 -0.29231
                                                   0.37390
                                                   0.00000  0.24558
                                                   0.00671  0.00000 -0.61948

 Additional Atomic Dipole Polarizability Parameters :

     Atom Type           Alpha       Thole     Group Atom Types

         403             1.073       0.390         412  401  406
         412             0.496       0.390         403
         401             1.334       0.390         403  410  404  402
         410             0.496       0.390         401
         404             1.334       0.390         401  411  405
         411             0.837       0.390         404
         402             1.334       0.390         401  407  409
         407             3.300       0.390         402  408
         408             1.334       0.390         407  416
         416             1.073       0.390         408
         409             0.496       0.390         402
         406             1.334       0.390         403  413  414
         413             0.837       0.390         406
         405             1.073       0.390         404  415
         414             0.494       0.390         406
         415             0.496       0.390         405

 Limited Memory BFGS Quasi-Newton Optimization :

 QN Iter     F Value      G RMS      F Move   X Move   Angle  FG Call  Comment

     0      -28.4253    41.3410                                   1
     1      -32.7122    28.5391      4.2869   0.0133    0.00      3    Success 
     2      -33.6065    27.2858      0.8943   0.0066   32.68      4    Success 
     3      -34.0900    15.6973      0.4836   0.0019   15.38      5    Success 
     4      -34.3141    11.3665      0.2241   0.0012   33.93      6    Success 
     5      -34.6650     8.8664      0.3509   0.0029   41.61      7    Success 
     6      -35.0975     9.1499      0.4325   0.0061   45.98      8    Success 
     7      -35.2291    19.2741      0.1316   0.0072   58.55      9    Success 
     8      -35.4472    12.5563      0.2181   0.0009   33.84     10    Success 
     9      -35.7414     5.4212      0.2942   0.0026   42.61     11    Success 
    10      -35.8440     5.3036      0.1026   0.0022   38.00     12    Success 
    11      -35.9322     4.3816      0.0881   0.0017   46.55     13    Success 
    12      -36.0529     3.4247      0.1208   0.0037   52.94     14    Success 
    13      -36.1434     4.9164      0.0904   0.0046   53.29     15    Success 
    14      -36.2225     4.1637      0.0791   0.0037   71.22     16    Success 
    15      -36.3288     3.2701      0.1063   0.0061   69.76     17    Success 
    16      -36.3737     6.3708      0.0449   0.0062   66.31     18    Success 
    17      -36.4316     2.7238      0.0579   0.0012   50.61     19    Success 
    18      -36.4653     2.3073      0.0337   0.0014   48.85     20    Success 
    19      -36.5073     3.0495      0.0421   0.0034   62.30     21    Success 
    20      -36.5408     2.9589      0.0335   0.0040   72.12     22    Success 
    21      -36.5660     1.3316      0.0252   0.0022   70.14     23    Success 
    22      -36.5782     1.3733      0.0122   0.0013   58.84     24    Success 
    23      -36.5949     1.8566      0.0167   0.0019   62.13     25    Success 
    24      -36.6139     3.0799      0.0190   0.0031   71.39     26    Success 
    25      -36.6309     3.8272      0.0169   0.0037   79.22     27    Success 
    26      -36.6460     1.2547      0.0152   0.0014   74.79     28    Success 
    27      -36.6514     1.0974      0.0053   0.0005   44.45     29    Success 
    28      -36.6562     0.9580      0.0048   0.0007   58.13     30    Success 
    29      -36.6608     0.6513      0.0045   0.0011   67.56     31    Success 
    30      -36.6630     0.5455      0.0023   0.0006   60.84     32    Success 
    31      -36.6646     0.7305      0.0016   0.0007   63.31     33    Success 
    32      -36.6659     0.7510      0.0013   0.0006   68.08     34    Success 
    33      -36.6670     0.4945      0.0011   0.0002   60.22     35    Success 
    34      -36.6686     0.4922      0.0016   0.0004   55.64     36    Success 
    35      -36.6701     0.6804      0.0015   0.0007   68.13     37    Success 
    36      -36.6714     0.9759      0.0013   0.0010   76.02     38    Success 
    37      -36.6728     0.4336      0.0014   0.0004   75.01     39    Success 
    38      -36.6736     0.3398      0.0008   0.0004   65.03     40    Success 
    39      -36.6741     0.3887      0.0005   0.0003   67.81     41    Success 
    40      -36.6750     0.4650      0.0009   0.0004   69.24     42    Success 
    41      -36.6763     0.3991      0.0013   0.0008   74.67     43    Success 
    42      -36.6778     0.4058      0.0015   0.0012   73.75     44    Success 
    43      -36.6791     0.3721      0.0013   0.0008   74.42     45    Success 
    44      -36.6811     0.3986      0.0020   0.0012   71.55     46    Success 
    45      -36.6832     0.7705      0.0021   0.0020   73.64     47    Success 
    46      -36.6846     0.5010      0.0015   0.0014   80.87     48    Success 
    47      -36.6855     0.4855      0.0008   0.0003   61.49     49    Success 
    48      -36.6863     0.7272      0.0008   0.0005   66.67     50    Success 
    49      -36.6870     0.4703      0.0007   0.0004   79.05     51    Success 
    50      -36.6879     0.5008      0.0009   0.0008   78.94     52    Success 
    51      -36.6888     0.4638      0.0009   0.0010   81.88     53    Success 
    52      -36.6897     0.5084      0.0009   0.0012   80.73     54    Success 
    53      -36.6900     0.4626      0.0003   0.0008   79.20     55    Success 
    54      -36.6903     0.1619      0.0003   0.0004   81.31     56    Success 
    55      -36.6904     0.1455      0.0001   0.0001   70.30     57    Success 
    56      -36.6906     0.1641      0.0002   0.0001   47.23     58    Success 
    57      -36.6907     0.3115      0.0001   0.0003   64.34     59    Success 
    58      -36.6909     0.1307      0.0001   0.0003   80.33     60    Success 
    59      -36.6909     0.1178      0.0001   0.0002   79.95     61    Success 
    60      -36.6910     0.1193      0.0001   0.0002   75.86     62    Success 
    61      -36.6911     0.1352      0.0001   0.0002   70.05     63    Success 
    62      -36.6912     0.1792      0.0001   0.0002   73.71     65    Success 
    63      -36.6913     0.1019      0.0001   0.0001   75.34     66    Success 
    64      -36.6913     0.0920      0.0001   0.0001   70.49     67    Success 
    65      -36.6914     0.1272      0.0001   0.0001   67.58     68    Success 
    66      -36.6915     0.1090      0.0001   0.0002   73.65     69    Success 
    67      -36.6915     0.0923      0.0001   0.0002   74.29     70    Success 
    68      -36.6916     0.2412      0.0000   0.0003   72.18     71    Success 
    69      -36.6916     0.0982      0.0000   0.0001   78.57     72    Success 
    70      -36.6916     0.0688      0.0000   0.0000   55.47     73    Success 
    71      -36.6917     0.1147      0.0000   0.0001   62.58     74    Success 
    72      -36.6917     0.0767      0.0000   0.0001   78.70     75    Success 
    73      -36.6917     0.0633      0.0000   0.0001   76.47     76    Success 
    74      -36.6917     0.0769      0.0000   0.0001   70.88     77    Success 
    75      -36.6918     0.0398      0.0000   0.0001   75.01     78    Success 
    76      -36.6918     0.0330      0.0000   0.0000   71.28     79    Success 
    77      -36.6918     0.0344      0.0000   0.0000   62.26     80    Success 
    78      -36.6918     0.0487      0.0000   0.0001   73.54     81    Success 
    79      -36.6918     0.0384      0.0000   0.0000   72.74     82    Success 
    80      -36.6918     0.0244      0.0000   0.0000   73.74     83    Success 
    81      -36.6918     0.0222      0.0000   0.0000   62.64     84    Success 
    82      -36.6918     0.0128      0.0000   0.0000   64.95     85    Success 
    83      -36.6918     0.0112      0.0000   0.0000   64.44     86    Success 
    84      -36.6918     0.0140      0.0000   0.0000   65.20     87    Success 
    85      -36.6918     0.0124      0.0000   0.0000   73.47     88    Success 
    86      -36.6918     0.0062      0.0000   0.0000   54.25     89    Success 
    87      -36.6918     0.0061      0.0000   0.0000   56.17     90    Success 
    88      -36.6918     0.0068      0.0000   0.0000   57.02     91    Success 
    89      -36.6918     0.0124      0.0000   0.0000   66.93     92    Success 
    90      -36.6918     0.0084      0.0000   0.0000   57.35     93    Success 
    91      -36.6918     0.0033      0.0000   0.0000   57.55     94    Success 
    92      -36.6918     0.0037      0.0000   0.0000   53.09     95    Success 
    93      -36.6918     0.0043      0.0000   0.0000   64.31     96    Success 
    94      -36.6918     0.0056      0.0000   0.0000   75.22     98    Success 
    95      -36.6918     0.0037      0.0000   0.0000   78.62     99    Success 
    96      -36.6918     0.0017      0.0000   0.0000   72.57    100    Success 
    97      -36.6918     0.0019      0.0000   0.0000   56.91    101    Success 
    98      -36.6918     0.0022      0.0000   0.0000   63.65    102    Success 
    99      -36.6918     0.0033      0.0000   0.0000   71.54    104    Success 
   100      -36.6918     0.0015      0.0000   0.0000   76.97    105    Success 
   101      -36.6918     0.0008      0.0000   0.0000   64.49    106   SmallGrad

 LBFGS  --  Normal Termination due to SmallGrad

 Final Function Value :          -36.6918
 Final RMS Gradient :              0.0008
 Final Gradient Norm :             0.0036
