
     ######################################################################
   ##########################################################################
  ###                                                                      ###
 ###            Tinker  ---  Software Tools for Molecular Design            ###
 ##                                                                          ##
 ##                          Version 8.7  June 2019                          ##
 ##                                                                          ##
 ##               Copyright (c)  Jay William Ponder  1990-2019               ##
 ###                           All Rights Reserved                          ###
  ###                                                                      ###
   ##########################################################################
     ######################################################################


 Additional Atom Definition Parameters :

     Type  Class  Symbol  Description               Atomic    Mass   Valence

     403    403     N     ModifiedRes                  7     14.007     3
     412    412     H     ModifiedRes                  1      1.008     1
     401    401     C     ModifiedRes                  6     12.011     4
     410    410     H     ModifiedRes                  1      1.008     1
     404    404     C     ModifiedRes                  6     12.011     3
     411    411     O     ModifiedRes                  8     15.999     1
     402    402     C     ModifiedRes                  6     12.011     4
     407    407     S     ModifiedRes                 16     32.066     2
     408    408     C     ModifiedRes                  6     12.011     2
     416    416     N     ModifiedRes                  7     14.007     1
     409    409     H     ModifiedRes                  1      1.008     1
     406    406     C     ModifiedRes                  6     12.011     3
     413    413     O     ModifiedRes                  8     15.999     1
     405    405     N     ModifiedRes                  7     14.007     3
     414    414     H     ModifiedRes                  1      1.008     1
     415    415     H     ModifiedRes                  1      1.008     1

 Additional Bond Stretching Parameters :

     Atom Classes             K(S)         Length

       401 403             374.800         1.4589
       403 406             482.000         1.3610
       403 412             542.000         1.0150
       401 410             341.000         1.0957
       401 404             345.300         1.5388
       401 402             345.300         1.5181
       404 405             482.000         1.3572
       404 411             705.000         1.2314
       402 409             395.500         1.0914
       402 407             235.800         1.8318
       407 408             235.800         1.6971
       408 416             450.000         1.1861
       406 413             705.000         1.2330
       406 414             356.400         1.1017
       405 415             542.000         1.0125

 Additional Angle Bending Parameters :

     Atom Classes             K(B)          Angle

     403 406 413            60.000        124.094
     401 403 412            35.000        118.942
     406 403 412            35.000        118.838
     401 404 405            70.000        113.359
     401 404 411            80.000        121.700
     401 402 407            53.200        108.210
     401 403 406            50.000        121.364
     404 401 410            38.000        109.343
     402 401 410            38.000        110.332
     403 401 410            50.600        106.311
     402 401 404            60.000        109.451
     403 401 404            80.000        110.698
     402 401 403            80.000        110.661
     402 407 408            60.430         97.779
     407 408 416            60.000        178.379
     409 402 409            39.570        108.414
     401 402 409            42.440        109.507
     407 402 409            60.240        109.536
     405 404 411            60.000        124.942
     413 406 414            68.340        122.634
     403 406 414            31.650        113.263
     415 405 415            22.300        119.362
     404 405 415            35.000        117.511

 Additional Stretch-Bend Parameters :

     Atom Classes          K(SB)-1        K(SB)-2

     401 403 412             4.300          7.200
     406 403 412             4.300          7.200
     401 404 405            18.700         18.700
     401 402 407            18.700         18.700
     401 403 406             7.200          7.200
     404 401 410            11.500         18.700
     402 401 410            11.500         18.700
     403 401 410            11.500         11.500
     402 401 404            18.700         18.700
     403 401 404            18.700         18.700
     402 401 403            18.700         18.700
     402 407 408            -5.750         -5.750
     401 402 409            11.500         11.500
     407 402 409            11.500         11.500
     403 406 414            11.500         11.500
     404 405 415             4.300          7.200
     415 405 415             4.300          7.200
     401 404 411            18.700         18.700
     413 406 414            11.500         11.500

 Additional Out-of-Plane Bend Parameters :

     Atom Classes                   K(OPB)

     401 403   0   0                14.400
     401 404   0   0                14.400
     403 406   0   0               107.910
     404 405   0   0                71.940
     405 404   0   0               107.910
     406 403   0   0                71.940
     411 404   0   0               122.298
     412 403   0   0                 5.755
     413 406   0   0               122.298
     414 406   0   0               140.283
     415 405   0   0                 5.755

 Additional Torsional Parameters :

     Atom Classes     1-Fold    2-Fold    3-Fold    4-Fold    5-Fold    6-Fold

   403 401 404 405   0.00   0  0.00 180  0.00   0  0.00   0  0.00   0  0.00   0
   403 401 404 411   0.00   0  0.00 180  0.00   0  0.00   0  0.00   0  0.00   0
   403 401 402 409   0.00   0  0.00 180  0.00   0  0.00   0  0.00   0  0.00   0
   403 401 402 407   0.00   0  0.00 180  0.00   0  0.00   0  0.00   0  0.00   0
   410 401 403 412   0.00   0  0.00 180  0.00   0  0.00   0  0.00   0  0.00   0
   404 401 403 412   0.00   0  0.00 180  0.00   0  0.00   0  0.00   0  0.00   0
   402 401 403 412   0.00   0  0.00 180  0.00   0  0.00   0  0.00   0  0.00   0
   412 403 406 413   0.00   0  0.00 180  0.00   0  0.00   0  0.00   0  0.00   0
   412 403 406 414   0.00   0  0.00 180  0.00   0  0.00   0  0.00   0  0.00   0
   401 404 405 415   0.00   0  1.20 180  0.80   0  0.00   0  0.00   0  0.00   0
   401 402 407 408   0.00   0  0.00 180  0.00   0  0.00   0  0.00   0  0.00   0
   401 403 406 413   0.00   0  0.00 180  0.00   0  0.00   0  0.00   0  0.00   0
   401 403 406 414   0.00   0  0.00 180  0.00   0  0.00   0  0.00   0  0.00   0
   410 401 404 405   0.00   0  0.00 180  0.00   0  0.00   0  0.00   0  0.00   0
   410 401 404 411   0.00   0  0.00 180  0.00   0  0.00   0  0.00   0  0.00   0
   410 401 402 409   0.00   0  0.00 180  0.00   0  0.00   0  0.00   0  0.00   0
   410 401 402 407   0.00   0  0.00 180  0.00   0  0.00   0  0.00   0  0.00   0
   410 401 403 406   0.00   0  0.00 180  0.00   0  0.00   0  0.00   0  0.00   0
   404 401 402 409   0.00   0  0.00 180  0.00   0  0.00   0  0.00   0  0.00   0
   404 401 402 407   0.00   0  0.00 180  0.00   0  0.00   0  0.00   0  0.00   0
   404 401 403 406   0.00   0  0.00 180  0.00   0  0.00   0  0.00   0  0.00   0
   411 404 405 415   0.00   0  0.00 180  0.00   0  0.00   0  0.00   0  0.00   0
   402 401 404 411   0.00   0  0.00 180  0.00   0  0.00   0  0.00   0  0.00   0
   402 401 404 405   0.00   0  0.00 180  0.00   0  0.00   0  0.00   0  0.00   0
   402 401 403 406   0.00   0  0.00 180  0.00   0  0.00   0  0.00   0  0.00   0
   402 407 408 416   0.00   0  0.00 180  0.50   0  0.00   0  0.00   0  0.00   0
   409 402 407 408   0.00   0  0.00 180  0.00   0  0.00   0  0.00   0  0.00   0

 Additional Pi-Orbital Torsion Parameters :

     Atom Classes       2-Fold

       404 405           6.850
       403 406           6.850

 Additional van der Waals Parameters :

     Atom Class               Size        Epsilon        Reduction

         403                3.7100         0.1100          0.000
         412                2.5900         0.0220          0.900
         401                3.6500         0.1010          0.000
         410                2.8800         0.0240          0.910
         404                3.8200         0.1060          0.000
         411                3.3000         0.1120          0.000
         402                3.7800         0.1060          0.000
         407                4.0050         0.3550          0.000
         408                3.7800         0.1060          0.000
         416                3.7100         0.1050          0.000
         409                2.8700         0.0330          0.900
         406                3.8200         0.1060          0.000
         413                3.3000         0.1120          0.000
         405                3.7100         0.1100          0.000
         414                2.9200         0.0300          0.920
         415                2.5900         0.0220          0.900

 Additional Atomic Multipole Parameters :

     Atom Type     Coordinate Frame Definition         Multipole Moments

         401      403    404      0   Z-then-X    -0.27040
                                                  -0.22190  0.00000  0.26102
                                                  -0.17903
                                                   0.00000 -0.24517
                                                   0.13675  0.00000  0.42420

         402      407    401      0   Z-then-X    -0.16380
                                                   0.27778  0.00000 -0.20334
                                                   0.30211
                                                   0.00000 -0.49081
                                                  -0.33263  0.00000  0.18870

         403      406    401      0   Z-then-X    -0.06286
                                                   0.37348  0.00000 -0.12295
                                                   0.79149
                                                   0.00000 -1.08676
                                                  -0.63736  0.00000  0.29527

         404      411    405      0   Z-then-X     0.97419
                                                  -0.10999  0.00000  0.25580
                                                   0.38321
                                                   0.00000 -0.33696
                                                  -0.17133  0.00000 -0.04625

         405      404    415      0   Z-then-X    -0.32376
                                                   0.05823  0.00000 -0.07138
                                                   0.32176
                                                   0.00000 -0.38869
                                                  -0.03945  0.00000  0.06693

         406      413    403      0   Z-then-X     0.63075
                                                   0.40149  0.00000  0.25741
                                                  -0.01797
                                                   0.00000  0.01503
                                                   0.00873  0.00000  0.00294

         407      408    402      0   Z-then-X     0.34019
                                                   0.47821  0.00000  0.49978
                                                   1.11919
                                                   0.00000 -2.31639
                                                  -0.50667  0.00000  1.19720

         408      407    416      0   Z-then-X     0.21608
                                                   0.00820  0.00000 -0.28509
                                                   0.05369
                                                   0.00000  0.10740
                                                   0.05156  0.00000 -0.16109

         409      402    407      0   Z-then-X     0.09933
                                                   0.00064  0.00000 -0.16410
                                                   0.07960
                                                   0.00000  0.07569
                                                  -0.01944  0.00000 -0.15529

         410      401    403      0   Z-then-X     0.10718
                                                  -0.02083  0.00000 -0.03604
                                                  -0.03187
                                                   0.00000  0.01466
                                                  -0.01392  0.00000  0.01721

         411      404    405      0   Z-then-X    -0.77613
                                                   0.13027  0.00000 -0.18830
                                                  -0.53109
                                                   0.00000  0.25725
                                                   0.21601  0.00000  0.27384

         412      403    401      0   Z-then-X     0.11911
                                                   0.01244  0.00000 -0.25689
                                                   0.04573
                                                   0.00000  0.01640
                                                  -0.00301  0.00000 -0.06213

         413      406    403      0   Z-then-X    -0.66614
                                                  -0.21394  0.00000 -0.03273
                                                  -0.49754
                                                   0.00000  0.12402
                                                  -0.24547  0.00000  0.37352

         414      406    413      0   Z-then-X    -0.02624
                                                   0.07068  0.00000 -0.22870
                                                   0.12255
                                                   0.00000  0.03666
                                                   0.03118  0.00000 -0.15921

         415      405    404      0   Z-then-X     0.13248
                                                   0.00045  0.00000 -0.38308
                                                   0.28470
                                                   0.00000  0.12111
                                                   0.01221  0.00000 -0.40581

         416      408    407      0   Z-then-X    -0.56179
                                                   0.01684  0.00000 -0.29231
                                                   0.37390
                                                   0.00000  0.24558
                                                   0.00671  0.00000 -0.61948

 Additional Atomic Dipole Polarizability Parameters :

     Atom Type           Alpha       Thole     Group Atom Types

         403             1.073       0.390         412  401  406
         412             0.496       0.390         403
         401             1.334       0.390         403  410  404  402
         410             0.496       0.390         401
         404             1.334       0.390         401  411  405
         411             0.837       0.390         404
         402             1.334       0.390         401  407  409
         407             3.300       0.390         402  408
         408             1.334       0.390         407  416
         416             1.073       0.390         408
         409             0.496       0.390         402
         406             1.334       0.390         403  413  414
         413             0.837       0.390         406
         405             1.073       0.390         404  415
         414             0.494       0.390         406
         415             0.496       0.390         405

 Limited Memory BFGS Quasi-Newton Optimization :

 QN Iter     F Value      G RMS      F Move   X Move   Angle  FG Call  Comment

     0     3212.0201   900.2239                                   1
     1     1944.3982   592.2692   1267.6219   0.0982    0.00      2    Success 
     2     1170.2695   347.5528    774.1287   0.0982    2.17      3    Success 
     3      910.3640   505.6690    259.9055   0.0982   10.45      4    Success 
     4      757.5193   279.3247    152.8447   0.0556   49.01      5    Success 
     5      675.3993   209.1530     82.1200   0.0209   25.79      6    Success 
     6      539.0974   141.3249    136.3019   0.0497   28.70      7    Success 
     7      405.8161   183.3752    133.2813   0.0982   22.74      8    Success 
     8      361.9921   172.9156     43.8240   0.0474   56.06     10    Success 
     9      317.2086   126.2004     44.7835   0.0328   57.98     11    Success 
    10      249.9280    84.5404     67.2806   0.0767   59.06     12    Success 
    11      191.2327   108.5885     58.6953   0.0982   52.84     13    Success 
    12      149.8792    75.5509     41.3536   0.0982   70.22     14    Success 
    13      114.1998    65.7150     35.6794   0.0917   66.45     15    Success 
    14       73.5457    58.5938     40.6541   0.0982   61.37     16    Success 
    15       50.4528    97.4964     23.0929   0.0982   63.37     17    Success 
    16       35.4282    55.3223     15.0246   0.0365   66.90     18    Success 
    17       28.0852    38.0575      7.3430   0.0268   65.88     19    Success 
    18       20.6699    37.6938      7.4153   0.0238   50.04     20    Success 
    19       11.3982    40.4103      9.2717   0.0366   56.84     21    Success 
    20        4.5340    35.4885      6.8642   0.0419   66.16     22    Success 
    21        0.7840    22.0880      3.7500   0.0254   66.45     23    Success 
    22       -1.4268    17.4871      2.2108   0.0120   53.20     24    Success 
    23       -4.4458    20.2206      3.0191   0.0235   53.36     25    Success 
    24       -7.0434    29.0815      2.5976   0.0307   66.23     26    Success 
    25       -9.8337    20.2780      2.7903   0.0253   72.84     27    Success 
    26      -12.7738    18.6196      2.9402   0.0304   65.32     28    Success 
    27      -14.5767    28.7027      1.8028   0.0241   67.80     29    Success 
    28      -16.4575    22.7675      1.8808   0.0221   77.35     30    Success 
    29      -18.7943    22.8720      2.3368   0.0342   74.44     31    Success 
    30      -19.7584    32.0107      0.9641   0.0288   72.81     32    Success 
    31      -20.7039    12.6064      0.9455   0.0055   62.58     33    Success 
    32      -21.1278    11.1748      0.4239   0.0046   58.79     34    Success 
    33      -21.7950    13.6624      0.6673   0.0092   62.64     35    Success 
    34      -22.8297    15.7560      1.0347   0.0166   70.96     36    Success 
    35      -24.1452    24.4095      1.3155   0.0294   75.65     37    Success 
    36      -25.2298    24.2720      1.0846   0.0409   81.58     38    Success 
    37      -26.3534    17.5754      1.1236   0.0117   64.94     39    Success 
    38      -27.5534    11.0747      1.2000   0.0082   53.36     40    Success 
    39      -28.9351    11.2674      1.3817   0.0293   67.06     41    Success 
    40      -29.3916    24.8483      0.4566   0.0244   73.55     42    Success 
    41      -29.9387    13.4546      0.5471   0.0135   81.33     43    Success 
    42      -30.2971     9.3003      0.3584   0.0072   73.85     44    Success 
    43      -30.6968     8.5107      0.3997   0.0105   71.06     45    Success 
    44      -31.0865     8.6512      0.3897   0.0108   71.23     46    Success 
    45      -31.4582     9.4650      0.3717   0.0144   71.73     47    Success 
    46      -31.7641     7.3599      0.3059   0.0088   69.10     48    Success 
    47      -32.0077     6.6022      0.2436   0.0048   61.74     49    Success 
    48      -32.3478     7.2740      0.3401   0.0095   64.34     50    Success 
    49      -32.5608     9.5843      0.2130   0.0157   74.70     51    Success 
    50      -32.7037     7.2237      0.1428   0.0052   72.95     52    Success 
    51      -32.7923     3.9373      0.0886   0.0024   67.29     53    Success 
    52      -32.8726     4.3654      0.0804   0.0048   70.33     54    Success 
    53      -32.9475     4.6467      0.0749   0.0050   75.35     55    Success 
    54      -33.0236     8.6686      0.0761   0.0063   73.41     56    Success 
    55      -33.0841     8.1816      0.0605   0.0062   80.97     57    Success 
    56      -33.1526     3.0260      0.0684   0.0018   65.86     58    Success 
    57      -33.1855     3.6902      0.0329   0.0021   67.52     59    Success 
    58      -33.2356     3.9028      0.0501   0.0029   69.75     60    Success 
    59      -33.2910     4.5980      0.0554   0.0066   77.45     61    Success 
    60      -33.3166     2.4559      0.0256   0.0021   72.98     63    Success 
    61      -33.3288     1.5746      0.0122   0.0010   68.45     64    Success 
    62      -33.3417     1.7305      0.0129   0.0016   63.18     65    Success 
    63      -33.3507     1.7879      0.0090   0.0011   68.93     66    Success 
    64      -33.3599     1.8571      0.0092   0.0019   72.99     67    Success 
    65      -33.3656     2.0255      0.0057   0.0014   73.94     68    Success 
    66      -33.3691     1.3299      0.0034   0.0004   71.44     69    Success 
    67      -33.3735     1.1570      0.0044   0.0007   66.41     70    Success 
    68      -33.3764     1.2153      0.0029   0.0006   72.25     71    Success 
    69      -33.3811     1.0920      0.0048   0.0009   72.86     72    Success 
    70      -33.3880     0.8570      0.0068   0.0016   72.83     73    Success 
    71      -33.3915     1.3841      0.0036   0.0019   71.43     74    Success 
    72      -33.3949     0.8360      0.0033   0.0006   69.15     75    Success 
    73      -33.3967     0.6519      0.0019   0.0004   62.63     76    Success 
    74      -33.3987     0.5915      0.0019   0.0007   64.78     77    Success 
    75      -33.3998     0.7791      0.0011   0.0007   69.98     78    Success 
    76      -33.4010     0.5458      0.0013   0.0004   72.37     79    Success 
    77      -33.4029     0.4379      0.0019   0.0008   71.08     80    Success 
    78      -33.4046     0.5021      0.0017   0.0012   71.81     81    Success 
    79      -33.4053     0.6031      0.0007   0.0006   76.02     83    Success 
    80      -33.4062     0.3845      0.0009   0.0004   74.91     84    Success 
    81      -33.4073     0.3513      0.0011   0.0006   64.17     85    Success 
    82      -33.4078     0.7380      0.0005   0.0005   67.89     86    Success 
    83      -33.4083     0.3738      0.0006   0.0002   71.33     87    Success 
    84      -33.4088     0.2467      0.0005   0.0002   65.42     88    Success 
    85      -33.4091     0.2990      0.0004   0.0003   67.54     89    Success 
    86      -33.4096     0.3193      0.0005   0.0004   73.44     90    Success 
    87      -33.4098     0.4188      0.0002   0.0003   75.29     92    Success 
    88      -33.4102     0.2462      0.0003   0.0003   78.42     93    Success 
    89      -33.4104     0.2460      0.0002   0.0003   70.23     94    Success 
    90      -33.4106     0.2670      0.0002   0.0002   68.14     95    Success 
    91      -33.4107     0.2403      0.0002   0.0001   69.32     96    Success 
    92      -33.4110     0.1821      0.0003   0.0003   70.79     97    Success 
    93      -33.4113     0.2742      0.0003   0.0005   70.17     98    Success 
    94      -33.4116     0.1772      0.0002   0.0004   76.35     99    Success 
    95      -33.4117     0.1446      0.0001   0.0001   65.49    100    Success 
    96      -33.4119     0.1486      0.0002   0.0003   66.30    101    Success 
    97      -33.4120     0.2748      0.0001   0.0004   71.10    102    Success 
    98      -33.4121     0.1228      0.0001   0.0001   60.01    103    Success 
    99      -33.4121     0.0952      0.0000   0.0000   58.29    104    Success 
   100      -33.4122     0.0792      0.0001   0.0001   54.54    105    Success 
   101      -33.4123     0.0983      0.0001   0.0001   58.26    106    Success 
   102      -33.4123     0.1388      0.0001   0.0003   71.26    107    Success 
   103      -33.4124     0.0903      0.0000   0.0001   75.34    108    Success 
   104      -33.4124     0.0606      0.0000   0.0000   67.04    109    Success 
   105      -33.4124     0.0530      0.0000   0.0001   62.06    110    Success 
   106      -33.4124     0.0875      0.0000   0.0001   65.46    111    Success 
   107      -33.4124     0.0509      0.0000   0.0000   70.15    112    Success 
   108      -33.4124     0.0330      0.0000   0.0001   66.13    113    Success 
   109      -33.4124     0.0269      0.0000   0.0000   67.61    114    Success 
   110      -33.4124     0.0555      0.0000   0.0000   61.78    115    Success 
   111      -33.4124     0.0407      0.0000   0.0000   77.33    116    Success 
   112      -33.4125     0.0249      0.0000   0.0000   64.11    117    Success 
   113      -33.4125     0.0207      0.0000   0.0000   60.94    118    Success 
   114      -33.4125     0.0186      0.0000   0.0000   61.62    119    Success 
   115      -33.4125     0.0288      0.0000   0.0000   63.06    120    Success 
   116      -33.4125     0.0261      0.0000   0.0001   74.70    121    Success 
   117      -33.4125     0.0190      0.0000   0.0000   62.95    122    Success 
   118      -33.4125     0.0207      0.0000   0.0000   61.59    123    Success 
   119      -33.4125     0.0217      0.0000   0.0000   72.30    124    Success 
   120      -33.4125     0.0267      0.0000   0.0000   74.65    126    Success 
   121      -33.4125     0.0132      0.0000   0.0000   79.18    127    Success 
   122      -33.4125     0.0133      0.0000   0.0000   69.68    128    Success 
   123      -33.4125     0.0155      0.0000   0.0000   69.16    129    Success 
   124      -33.4125     0.0135      0.0000   0.0000   73.83    130    Success 
   125      -33.4125     0.0098      0.0000   0.0000   68.88    132    Success 
   126      -33.4125     0.0053      0.0000   0.0000   58.33    133    Success 
   127      -33.4125     0.0060      0.0000   0.0000   53.76    134    Success 
   128      -33.4125     0.0077      0.0000   0.0000   61.63    135    Success 
   129      -33.4125     0.0086      0.0000   0.0000   71.75    136    Success 
   130      -33.4125     0.0083      0.0000   0.0000   75.77    137    Success 
   131      -33.4125     0.0037      0.0000   0.0000   64.56    138    Success 
   132      -33.4125     0.0026      0.0000   0.0000   61.26    139    Success 
   133      -33.4125     0.0035      0.0000   0.0000   55.34    140    Success 
   134      -33.4125     0.0032      0.0000   0.0000   68.77    141    Success 
   135      -33.4125     0.0022      0.0000   0.0000   71.72    142    Success 
   136      -33.4125     0.0018      0.0000   0.0000   64.66    143    Success 
   137      -33.4125     0.0016      0.0000   0.0000   63.44    144    Success 
   138      -33.4125     0.0035      0.0000   0.0000   66.24    145    Success 
   139      -33.4125     0.0013      0.0000   0.0000   70.88    146    Success 
   140      -33.4125     0.0011      0.0000   0.0000   54.45    147    Success 
   141      -33.4125     0.0013      0.0000   0.0000   61.61    148    Success 
   142      -33.4125     0.0012      0.0000   0.0000   69.68    149    Success 
   143      -33.4125     0.0018      0.0000   0.0000   70.39    151    Success 
   144      -33.4125     0.0010      0.0000   0.0000   77.77    152   SmallGrad

 LBFGS  --  Normal Termination due to SmallGrad

 Final Function Value :          -33.4125
 Final RMS Gradient :              0.0010
 Final Gradient Norm :             0.0042
