
     ######################################################################
   ##########################################################################
  ###                                                                      ###
 ###            Tinker  ---  Software Tools for Molecular Design            ###
 ##                                                                          ##
 ##                          Version 8.7  June 2019                          ##
 ##                                                                          ##
 ##               Copyright (c)  Jay William Ponder  1990-2019               ##
 ###                           All Rights Reserved                          ###
  ###                                                                      ###
   ##########################################################################
     ######################################################################


 Additional Atom Definition Parameters :

     Type  Class  Symbol  Description               Atomic    Mass   Valence

     403    403     N     ModifiedRes                  7     14.007     3
     412    412     H     ModifiedRes                  1      1.008     1
     401    401     C     ModifiedRes                  6     12.011     4
     410    410     H     ModifiedRes                  1      1.008     1
     404    404     C     ModifiedRes                  6     12.011     3
     411    411     O     ModifiedRes                  8     15.999     1
     402    402     C     ModifiedRes                  6     12.011     4
     407    407     S     ModifiedRes                 16     32.066     2
     408    408     C     ModifiedRes                  6     12.011     2
     416    416     N     ModifiedRes                  7     14.007     1
     409    409     H     ModifiedRes                  1      1.008     1
     406    406     C     ModifiedRes                  6     12.011     3
     413    413     O     ModifiedRes                  8     15.999     1
     405    405     N     ModifiedRes                  7     14.007     3
     414    414     H     ModifiedRes                  1      1.008     1
     415    415     H     ModifiedRes                  1      1.008     1

 Additional Bond Stretching Parameters :

     Atom Classes             K(S)         Length

       401 403             374.800         1.4589
       403 406             482.000         1.3610
       403 412             542.000         1.0150
       401 410             341.000         1.0957
       401 404             345.300         1.5388
       401 402             345.300         1.5181
       404 405             482.000         1.3572
       404 411             705.000         1.2314
       402 409             395.500         1.0914
       402 407             235.800         1.8318
       407 408             235.800         1.6971
       408 416             450.000         1.1861
       406 413             705.000         1.2330
       406 414             356.400         1.1017
       405 415             542.000         1.0125

 Additional Angle Bending Parameters :

     Atom Classes             K(B)          Angle

     403 406 413            60.000        124.094
     401 403 412            35.000        118.942
     406 403 412            35.000        118.838
     401 404 405            70.000        113.359
     401 404 411            80.000        121.700
     401 402 407            53.200        108.210
     401 403 406            50.000        121.364
     404 401 410            38.000        109.343
     402 401 410            38.000        110.332
     403 401 410            50.600        106.311
     402 401 404            60.000        109.451
     403 401 404            80.000        110.698
     402 401 403            80.000        110.661
     402 407 408            60.430         97.779
     407 408 416            60.000        178.379
     409 402 409            39.570        108.414
     401 402 409            42.440        109.507
     407 402 409            60.240        109.536
     405 404 411            60.000        124.942
     413 406 414            68.340        122.634
     403 406 414            31.650        113.263
     415 405 415            22.300        119.362
     404 405 415            35.000        117.511

 Additional Stretch-Bend Parameters :

     Atom Classes          K(SB)-1        K(SB)-2

     401 403 412             4.300          7.200
     406 403 412             4.300          7.200
     401 404 405            18.700         18.700
     401 402 407            18.700         18.700
     401 403 406             7.200          7.200
     404 401 410            11.500         18.700
     402 401 410            11.500         18.700
     403 401 410            11.500         11.500
     402 401 404            18.700         18.700
     403 401 404            18.700         18.700
     402 401 403            18.700         18.700
     402 407 408            -5.750         -5.750
     401 402 409            11.500         11.500
     407 402 409            11.500         11.500
     403 406 414            11.500         11.500
     404 405 415             4.300          7.200
     415 405 415             4.300          7.200
     401 404 411            18.700         18.700
     413 406 414            11.500         11.500

 Additional Out-of-Plane Bend Parameters :

     Atom Classes                   K(OPB)

     401 403   0   0                14.400
     401 404   0   0                14.400
     403 406   0   0               107.910
     404 405   0   0                71.940
     405 404   0   0               107.910
     406 403   0   0                71.940
     411 404   0   0               122.298
     412 403   0   0                 5.755
     413 406   0   0               122.298
     414 406   0   0               140.283
     415 405   0   0                 5.755

 Additional Torsional Parameters :

     Atom Classes     1-Fold    2-Fold    3-Fold    4-Fold    5-Fold    6-Fold

   403 401 404 405   0.00   0  0.00 180  0.00   0  0.00   0  0.00   0  0.00   0
   403 401 404 411   0.00   0  0.00 180  0.00   0  0.00   0  0.00   0  0.00   0
   403 401 402 409   0.00   0  0.00 180  0.00   0  0.00   0  0.00   0  0.00   0
   403 401 402 407   0.00   0  0.00 180  0.00   0  0.00   0  0.00   0  0.00   0
   410 401 403 412   0.00   0  0.00 180  0.00   0  0.00   0  0.00   0  0.00   0
   404 401 403 412   0.00   0  0.00 180  0.00   0  0.00   0  0.00   0  0.00   0
   402 401 403 412   0.00   0  0.00 180  0.00   0  0.00   0  0.00   0  0.00   0
   412 403 406 413   0.00   0  0.00 180  0.00   0  0.00   0  0.00   0  0.00   0
   412 403 406 414   0.00   0  0.00 180  0.00   0  0.00   0  0.00   0  0.00   0
   401 404 405 415   0.00   0  1.20 180  0.80   0  0.00   0  0.00   0  0.00   0
   401 402 407 408   0.00   0  0.00 180  0.00   0  0.00   0  0.00   0  0.00   0
   401 403 406 413   0.00   0  0.00 180  0.00   0  0.00   0  0.00   0  0.00   0
   401 403 406 414   0.00   0  0.00 180  0.00   0  0.00   0  0.00   0  0.00   0
   410 401 404 405   0.00   0  0.00 180  0.00   0  0.00   0  0.00   0  0.00   0
   410 401 404 411   0.00   0  0.00 180  0.00   0  0.00   0  0.00   0  0.00   0
   410 401 402 409   0.00   0  0.00 180  0.00   0  0.00   0  0.00   0  0.00   0
   410 401 402 407   0.00   0  0.00 180  0.00   0  0.00   0  0.00   0  0.00   0
   410 401 403 406   0.00   0  0.00 180  0.00   0  0.00   0  0.00   0  0.00   0
   404 401 402 409   0.00   0  0.00 180  0.00   0  0.00   0  0.00   0  0.00   0
   404 401 402 407   0.00   0  0.00 180  0.00   0  0.00   0  0.00   0  0.00   0
   404 401 403 406   0.00   0  0.00 180  0.00   0  0.00   0  0.00   0  0.00   0
   411 404 405 415   0.00   0  0.00 180  0.00   0  0.00   0  0.00   0  0.00   0
   402 401 404 411   0.00   0  0.00 180  0.00   0  0.00   0  0.00   0  0.00   0
   402 401 404 405   0.00   0  0.00 180  0.00   0  0.00   0  0.00   0  0.00   0
   402 401 403 406   0.00   0  0.00 180  0.00   0  0.00   0  0.00   0  0.00   0
   402 407 408 416   0.00   0  0.00 180  0.50   0  0.00   0  0.00   0  0.00   0
   409 402 407 408   0.00   0  0.00 180  0.00   0  0.00   0  0.00   0  0.00   0

 Additional Pi-Orbital Torsion Parameters :

     Atom Classes       2-Fold

       404 405           6.850
       403 406           6.850

 Additional van der Waals Parameters :

     Atom Class               Size        Epsilon        Reduction

         403                3.7100         0.1100          0.000
         412                2.5900         0.0220          0.900
         401                3.6500         0.1010          0.000
         410                2.8800         0.0240          0.910
         404                3.8200         0.1060          0.000
         411                3.3000         0.1120          0.000
         402                3.7800         0.1060          0.000
         407                4.0050         0.3550          0.000
         408                3.7800         0.1060          0.000
         416                3.7100         0.1050          0.000
         409                2.8700         0.0330          0.900
         406                3.8200         0.1060          0.000
         413                3.3000         0.1120          0.000
         405                3.7100         0.1100          0.000
         414                2.9200         0.0300          0.920
         415                2.5900         0.0220          0.900

 Additional Atomic Multipole Parameters :

     Atom Type     Coordinate Frame Definition         Multipole Moments

         401      403    404      0   Z-then-X    -0.27040
                                                  -0.22190  0.00000  0.26102
                                                  -0.17903
                                                   0.00000 -0.24517
                                                   0.13675  0.00000  0.42420

         402      407    401      0   Z-then-X    -0.16380
                                                   0.27778  0.00000 -0.20334
                                                   0.30211
                                                   0.00000 -0.49081
                                                  -0.33263  0.00000  0.18870

         403      406    401      0   Z-then-X    -0.06286
                                                   0.37348  0.00000 -0.12295
                                                   0.79149
                                                   0.00000 -1.08676
                                                  -0.63736  0.00000  0.29527

         404      411    405      0   Z-then-X     0.97419
                                                  -0.10999  0.00000  0.25580
                                                   0.38321
                                                   0.00000 -0.33696
                                                  -0.17133  0.00000 -0.04625

         405      404    415      0   Z-then-X    -0.32376
                                                   0.05823  0.00000 -0.07138
                                                   0.32176
                                                   0.00000 -0.38869
                                                  -0.03945  0.00000  0.06693

         406      413    403      0   Z-then-X     0.63075
                                                   0.40149  0.00000  0.25741
                                                  -0.01797
                                                   0.00000  0.01503
                                                   0.00873  0.00000  0.00294

         407      408    402      0   Z-then-X     0.34019
                                                   0.47821  0.00000  0.49978
                                                   1.11919
                                                   0.00000 -2.31639
                                                  -0.50667  0.00000  1.19720

         408      407    416      0   Z-then-X     0.21608
                                                   0.00820  0.00000 -0.28509
                                                   0.05369
                                                   0.00000  0.10740
                                                   0.05156  0.00000 -0.16109

         409      402    407      0   Z-then-X     0.09933
                                                   0.00064  0.00000 -0.16410
                                                   0.07960
                                                   0.00000  0.07569
                                                  -0.01944  0.00000 -0.15529

         410      401    403      0   Z-then-X     0.10718
                                                  -0.02083  0.00000 -0.03604
                                                  -0.03187
                                                   0.00000  0.01466
                                                  -0.01392  0.00000  0.01721

         411      404    405      0   Z-then-X    -0.77613
                                                   0.13027  0.00000 -0.18830
                                                  -0.53109
                                                   0.00000  0.25725
                                                   0.21601  0.00000  0.27384

         412      403    401      0   Z-then-X     0.11911
                                                   0.01244  0.00000 -0.25689
                                                   0.04573
                                                   0.00000  0.01640
                                                  -0.00301  0.00000 -0.06213

         413      406    403      0   Z-then-X    -0.66614
                                                  -0.21394  0.00000 -0.03273
                                                  -0.49754
                                                   0.00000  0.12402
                                                  -0.24547  0.00000  0.37352

         414      406    413      0   Z-then-X    -0.02624
                                                   0.07068  0.00000 -0.22870
                                                   0.12255
                                                   0.00000  0.03666
                                                   0.03118  0.00000 -0.15921

         415      405    404      0   Z-then-X     0.13248
                                                   0.00045  0.00000 -0.38308
                                                   0.28470
                                                   0.00000  0.12111
                                                   0.01221  0.00000 -0.40581

         416      408    407      0   Z-then-X    -0.56179
                                                   0.01684  0.00000 -0.29231
                                                   0.37390
                                                   0.00000  0.24558
                                                   0.00671  0.00000 -0.61948

 Additional Atomic Dipole Polarizability Parameters :

     Atom Type           Alpha       Thole     Group Atom Types

         403             1.073       0.390         412  401  406
         412             0.496       0.390         403
         401             1.334       0.390         403  410  404  402
         410             0.496       0.390         401
         404             1.334       0.390         401  411  405
         411             0.837       0.390         404
         402             1.334       0.390         401  407  409
         407             3.300       0.390         402  408
         408             1.334       0.390         407  416
         416             1.073       0.390         408
         409             0.496       0.390         402
         406             1.334       0.390         403  413  414
         413             0.837       0.390         406
         405             1.073       0.390         404  415
         414             0.494       0.390         406
         415             0.496       0.390         405

 Limited Memory BFGS Quasi-Newton Optimization :

 QN Iter     F Value      G RMS      F Move   X Move   Angle  FG Call  Comment

     0     1525.5487   715.0955                                   1
     1      764.0603   453.9920    761.4885   0.0982    0.00      2    Success 
     2      479.7118   556.5276    284.3484   0.0922   30.90      3    Success 
     3      286.8269   245.7474    192.8850   0.0458   50.31      4    Success 
     4      185.3551   219.7856    101.4718   0.0431   44.44      5    Success 
     5       77.7720   146.1960    107.5831   0.0695   42.43      6    Success 
     6       43.0639   103.0372     34.7081   0.0356   46.53      7    Success 
     7       24.6899    70.5684     18.3740   0.0175   45.28      8    Success 
     8        1.4719    52.4039     23.2180   0.0366   37.83      9    Success 
     9       -8.2710    54.4959      9.7429   0.0263   52.66     10    Success 
    10      -16.8406    40.3360      8.5696   0.0337   63.54     11    Success 
    11      -22.1732    25.3231      5.3326   0.0179   50.57     12    Success 
    12      -23.6496    29.3635      1.4763   0.0154   38.58     13    Success 
    13      -24.8222    11.0851      1.1727   0.0047   37.80     14    Success 
    14      -25.2749     9.5394      0.4526   0.0030   24.30     15    Success 
    15      -25.9924    10.2347      0.7175   0.0068   39.51     16    Success 
    16      -27.0377    11.7908      1.0454   0.0139   56.03     17    Success 
    17      -28.0775    18.4621      1.0398   0.0233   67.57     18    Success 
    18      -28.8462    15.1138      0.7687   0.0252   75.61     19    Success 
    19      -29.4376     6.8076      0.5914   0.0041   41.14     20    Success 
    20      -29.8073     7.1694      0.3697   0.0058   40.65     21    Success 
    21      -30.2067     8.6421      0.3994   0.0083   62.68     22    Success 
    22      -30.7531    10.3964      0.5464   0.0140   68.46     23    Success 
    23      -31.3312     8.0733      0.5781   0.0242   76.04     24    Success 
    24      -31.4556    19.9880      0.1244   0.0083   67.48     25    Success 
    25      -31.6500    11.5077      0.1943   0.0014   60.99     26    Success 
    26      -31.8377     5.4337      0.1878   0.0033   64.83     27    Success 
    27      -31.9443     5.8626      0.1065   0.0036   68.28     28    Success 
    28      -32.1059     5.1866      0.1616   0.0070   73.12     29    Success 
    29      -32.2097    10.5296      0.1038   0.0102   70.72     30    Success 
    30      -32.3043     2.7782      0.0945   0.0049   77.15     31    Success 
    31      -32.3248     1.9549      0.0205   0.0024   76.43     32    Success 
    32      -32.3552     2.0391      0.0304   0.0014   32.80     33    Success 
    33      -32.3884     2.7592      0.0332   0.0027   51.63     34    Success 
    34      -32.4134     1.9290      0.0249   0.0028   72.58     35    Success 
    35      -32.4289     1.6519      0.0155   0.0026   74.78     36    Success 
    36      -32.4420     1.9192      0.0131   0.0025   66.54     37    Success 
    37      -32.4518     1.3022      0.0098   0.0008   55.21     38    Success 
    38      -32.4588     1.0703      0.0071   0.0008   54.61     39    Success 
    39      -32.4636     1.4124      0.0048   0.0011   62.54     40    Success 
    40      -32.4679     0.8395      0.0043   0.0007   68.86     41    Success 
    41      -32.4709     0.6766      0.0030   0.0007   65.01     42    Success 
    42      -32.4734     0.6379      0.0025   0.0006   62.54     43    Success 
    43      -32.4761     0.9455      0.0027   0.0009   62.17     44    Success 
    44      -32.4791     0.6817      0.0029   0.0007   71.56     45    Success 
    45      -32.4829     0.5343      0.0038   0.0012   66.90     46    Success 
    46      -32.4838     1.0223      0.0010   0.0005   67.84     48    Success 
    47      -32.4851     0.5575      0.0013   0.0005   78.69     49    Success 
    48      -32.4861     0.4735      0.0010   0.0003   69.14     50    Success 
    49      -32.4875     0.6029      0.0014   0.0006   67.99     51    Success 
    50      -32.4893     0.6100      0.0018   0.0009   73.56     52    Success 
    51      -32.4905     0.5698      0.0012   0.0008   76.24     53    Success 
    52      -32.4914     0.3941      0.0009   0.0004   69.78     54    Success 
    53      -32.4926     0.6167      0.0012   0.0005   61.48     55    Success 
    54      -32.4937     0.7776      0.0011   0.0006   76.56     56    Success 
    55      -32.4954     0.7754      0.0017   0.0010   80.49     57    Success 
    56      -32.4975     0.8174      0.0021   0.0016   81.14     58    Success 
    57      -32.4993     0.5526      0.0017   0.0017   81.86     59    Success 
    58      -32.5003     0.4009      0.0010   0.0003   63.80     60    Success 
    59      -32.5014     0.4639      0.0011   0.0005   59.02     61    Success 
    60      -32.5027     0.4271      0.0012   0.0007   74.45     62    Success 
    61      -32.5039     0.7224      0.0012   0.0013   75.82     63    Success 
    62      -32.5052     0.3046      0.0014   0.0012   81.26     64    Success 
    63      -32.5058     0.2778      0.0006   0.0004   69.89     65    Success 
    64      -32.5065     0.3852      0.0007   0.0007   69.21     66    Success 
    65      -32.5071     0.3390      0.0006   0.0007   75.59     67    Success 
    66      -32.5075     0.2199      0.0004   0.0002   66.84     68    Success 
    67      -32.5080     0.2167      0.0005   0.0004   63.23     69    Success 
    68      -32.5083     0.2740      0.0003   0.0004   72.57     70    Success 
    69      -32.5085     0.4964      0.0002   0.0006   77.19     71    Success 
    70      -32.5087     0.1903      0.0002   0.0001   72.57     72    Success 
    71      -32.5088     0.1443      0.0001   0.0001   63.64     73    Success 
    72      -32.5089     0.1550      0.0001   0.0001   65.23     74    Success 
    73      -32.5090     0.1416      0.0001   0.0002   68.27     75    Success 
    74      -32.5090     0.1898      0.0001   0.0002   73.31     77    Success 
    75      -32.5091     0.0860      0.0001   0.0001   73.98     78    Success 
    76      -32.5091     0.0823      0.0000   0.0001   61.36     79    Success 
    77      -32.5091     0.1059      0.0000   0.0001   62.10     80    Success 
    78      -32.5092     0.1514      0.0000   0.0001   71.06     81    Success 
    79      -32.5092     0.0990      0.0001   0.0001   76.96     82    Success 
    80      -32.5093     0.0698      0.0000   0.0001   71.15     83    Success 
    81      -32.5093     0.0766      0.0000   0.0001   64.81     84    Success 
    82      -32.5093     0.1038      0.0000   0.0001   69.73     85    Success 
    83      -32.5094     0.0660      0.0000   0.0001   73.11     86    Success 
    84      -32.5094     0.0457      0.0000   0.0001   68.54     87    Success 
    85      -32.5094     0.0529      0.0000   0.0000   65.66     88    Success 
    86      -32.5094     0.0557      0.0000   0.0001   70.83     89    Success 
    87      -32.5094     0.0502      0.0000   0.0001   73.62     90    Success 
    88      -32.5094     0.0471      0.0000   0.0001   71.29     91    Success 
    89      -32.5094     0.0340      0.0000   0.0000   65.94     92    Success 
    90      -32.5094     0.0383      0.0000   0.0000   60.21     93    Success 
    91      -32.5095     0.0337      0.0000   0.0000   67.20     94    Success 
    92      -32.5095     0.0295      0.0000   0.0000   71.90     95    Success 
    93      -32.5095     0.0433      0.0000   0.0001   71.88     96    Success 
    94      -32.5095     0.0272      0.0000   0.0000   77.33     97    Success 
    95      -32.5095     0.0303      0.0000   0.0000   68.10     98    Success 
    96      -32.5095     0.0307      0.0000   0.0000   72.29     99    Success 
    97      -32.5095     0.0442      0.0000   0.0000   73.51    101    Success 
    98      -32.5095     0.0227      0.0000   0.0000   77.94    102    Success 
    99      -32.5095     0.0133      0.0000   0.0000   69.69    103    Success 
   100      -32.5095     0.0156      0.0000   0.0000   66.40    104    Success 
   101      -32.5095     0.0151      0.0000   0.0000   70.93    105    Success 
   102      -32.5095     0.0225      0.0000   0.0000   72.42    107    Success 
   103      -32.5095     0.0130      0.0000   0.0000   78.04    108    Success 
   104      -32.5095     0.0074      0.0000   0.0000   71.83    109    Success 
   105      -32.5095     0.0088      0.0000   0.0000   61.29    110    Success 
   106      -32.5095     0.0096      0.0000   0.0000   68.09    111    Success 
   107      -32.5095     0.0180      0.0000   0.0000   69.84    112    Success 
   108      -32.5095     0.0124      0.0000   0.0000   62.37    113    Success 
   109      -32.5095     0.0046      0.0000   0.0000   52.49    114    Success 
   110      -32.5095     0.0064      0.0000   0.0000   43.57    115    Success 
   111      -32.5095     0.0075      0.0000   0.0000   71.44    116    Success 
   112      -32.5095     0.0053      0.0000   0.0000   74.84    117    Success 
   113      -32.5095     0.0054      0.0000   0.0000   75.03    119    Success 
   114      -32.5095     0.0031      0.0000   0.0000   75.55    120    Success 
   115      -32.5095     0.0025      0.0000   0.0000   59.95    121    Success 
   116      -32.5095     0.0034      0.0000   0.0000   60.51    122    Success 
   117      -32.5095     0.0035      0.0000   0.0000   70.69    123    Success 
   118      -32.5095     0.0048      0.0000   0.0000   74.72    124    Success 
   119      -32.5095     0.0031      0.0000   0.0000   77.80    125    Success 
   120      -32.5095     0.0019      0.0000   0.0000   53.64    126    Success 
   121      -32.5095     0.0018      0.0000   0.0000   61.22    127    Success 
   122      -32.5095     0.0019      0.0000   0.0000   64.77    128    Success 
   123      -32.5095     0.0020      0.0000   0.0000   72.15    129    Success 
   124      -32.5095     0.0013      0.0000   0.0000   71.75    130    Success 
   125      -32.5095     0.0015      0.0000   0.0000   63.15    131    Success 
   126      -32.5095     0.0014      0.0000   0.0000   68.47    132    Success 
   127      -32.5095     0.0011      0.0000   0.0000   71.05    133    Success 
   128      -32.5095     0.0013      0.0000   0.0000   67.01    134    Success 
   129      -32.5095     0.0007      0.0000   0.0000   67.67    135   SmallGrad

 LBFGS  --  Normal Termination due to SmallGrad

 Final Function Value :          -32.5095
 Final RMS Gradient :              0.0007
 Final Gradient Norm :             0.0031
