
     ######################################################################
   ##########################################################################
  ###                                                                      ###
 ###            Tinker  ---  Software Tools for Molecular Design            ###
 ##                                                                          ##
 ##                          Version 8.7  June 2019                          ##
 ##                                                                          ##
 ##               Copyright (c)  Jay William Ponder  1990-2019               ##
 ###                           All Rights Reserved                          ###
  ###                                                                      ###
   ##########################################################################
     ######################################################################


 Additional Atom Definition Parameters :

     Type  Class  Symbol  Description               Atomic    Mass   Valence

     403    403     N     ModifiedRes                  7     14.007     3
     412    412     H     ModifiedRes                  1      1.008     1
     401    401     C     ModifiedRes                  6     12.011     4
     410    410     H     ModifiedRes                  1      1.008     1
     404    404     C     ModifiedRes                  6     12.011     3
     411    411     O     ModifiedRes                  8     15.999     1
     402    402     C     ModifiedRes                  6     12.011     4
     407    407     S     ModifiedRes                 16     32.066     2
     408    408     C     ModifiedRes                  6     12.011     2
     416    416     N     ModifiedRes                  7     14.007     1
     409    409     H     ModifiedRes                  1      1.008     1
     406    406     C     ModifiedRes                  6     12.011     3
     413    413     O     ModifiedRes                  8     15.999     1
     405    405     N     ModifiedRes                  7     14.007     3
     414    414     H     ModifiedRes                  1      1.008     1
     415    415     H     ModifiedRes                  1      1.008     1

 Additional Bond Stretching Parameters :

     Atom Classes             K(S)         Length

       401 403             374.800         1.4589
       403 406             482.000         1.3610
       403 412             542.000         1.0150
       401 410             341.000         1.0957
       401 404             345.300         1.5388
       401 402             345.300         1.5181
       404 405             482.000         1.3572
       404 411             705.000         1.2314
       402 409             395.500         1.0914
       402 407             235.800         1.8318
       407 408             235.800         1.6971
       408 416             450.000         1.1861
       406 413             705.000         1.2330
       406 414             356.400         1.1017
       405 415             542.000         1.0125

 Additional Angle Bending Parameters :

     Atom Classes             K(B)          Angle

     403 406 413            60.000        124.094
     401 403 412            35.000        118.942
     406 403 412            35.000        118.838
     401 404 405            70.000        113.359
     401 404 411            80.000        121.700
     401 402 407            53.200        108.210
     401 403 406            50.000        121.364
     404 401 410            38.000        109.343
     402 401 410            38.000        110.332
     403 401 410            50.600        106.311
     402 401 404            60.000        109.451
     403 401 404            80.000        110.698
     402 401 403            80.000        110.661
     402 407 408            60.430         97.779
     407 408 416            60.000        178.379
     409 402 409            39.570        108.414
     401 402 409            42.440        109.507
     407 402 409            60.240        109.536
     405 404 411            60.000        124.942
     413 406 414            68.340        122.634
     403 406 414            31.650        113.263
     415 405 415            22.300        119.362
     404 405 415            35.000        117.511

 Additional Stretch-Bend Parameters :

     Atom Classes          K(SB)-1        K(SB)-2

     401 403 412             4.300          7.200
     406 403 412             4.300          7.200
     401 404 405            18.700         18.700
     401 402 407            18.700         18.700
     401 403 406             7.200          7.200
     404 401 410            11.500         18.700
     402 401 410            11.500         18.700
     403 401 410            11.500         11.500
     402 401 404            18.700         18.700
     403 401 404            18.700         18.700
     402 401 403            18.700         18.700
     402 407 408            -5.750         -5.750
     401 402 409            11.500         11.500
     407 402 409            11.500         11.500
     403 406 414            11.500         11.500
     404 405 415             4.300          7.200
     415 405 415             4.300          7.200
     401 404 411            18.700         18.700
     413 406 414            11.500         11.500

 Additional Out-of-Plane Bend Parameters :

     Atom Classes                   K(OPB)

     401 403   0   0                14.400
     401 404   0   0                14.400
     403 406   0   0               107.910
     404 405   0   0                71.940
     405 404   0   0               107.910
     406 403   0   0                71.940
     411 404   0   0               122.298
     412 403   0   0                 5.755
     413 406   0   0               122.298
     414 406   0   0               140.283
     415 405   0   0                 5.755

 Additional Torsional Parameters :

     Atom Classes     1-Fold    2-Fold    3-Fold    4-Fold    5-Fold    6-Fold

   403 401 404 405   0.00   0  0.00 180  0.00   0  0.00   0  0.00   0  0.00   0
   403 401 404 411   0.00   0  0.00 180  0.00   0  0.00   0  0.00   0  0.00   0
   403 401 402 409   0.00   0  0.00 180  0.00   0  0.00   0  0.00   0  0.00   0
   403 401 402 407   0.00   0  0.00 180  0.00   0  0.00   0  0.00   0  0.00   0
   410 401 403 412   0.00   0  0.00 180  0.00   0  0.00   0  0.00   0  0.00   0
   404 401 403 412   0.00   0  0.00 180  0.00   0  0.00   0  0.00   0  0.00   0
   402 401 403 412   0.00   0  0.00 180  0.00   0  0.00   0  0.00   0  0.00   0
   412 403 406 413   0.00   0  0.00 180  0.00   0  0.00   0  0.00   0  0.00   0
   412 403 406 414   0.00   0  0.00 180  0.00   0  0.00   0  0.00   0  0.00   0
   401 404 405 415   0.00   0  1.20 180  0.80   0  0.00   0  0.00   0  0.00   0
   401 402 407 408   0.00   0  0.00 180  0.00   0  0.00   0  0.00   0  0.00   0
   401 403 406 413   0.00   0  0.00 180  0.00   0  0.00   0  0.00   0  0.00   0
   401 403 406 414   0.00   0  0.00 180  0.00   0  0.00   0  0.00   0  0.00   0
   410 401 404 405   0.00   0  0.00 180  0.00   0  0.00   0  0.00   0  0.00   0
   410 401 404 411   0.00   0  0.00 180  0.00   0  0.00   0  0.00   0  0.00   0
   410 401 402 409   0.00   0  0.00 180  0.00   0  0.00   0  0.00   0  0.00   0
   410 401 402 407   0.00   0  0.00 180  0.00   0  0.00   0  0.00   0  0.00   0
   410 401 403 406   0.00   0  0.00 180  0.00   0  0.00   0  0.00   0  0.00   0
   404 401 402 409   0.00   0  0.00 180  0.00   0  0.00   0  0.00   0  0.00   0
   404 401 402 407   0.00   0  0.00 180  0.00   0  0.00   0  0.00   0  0.00   0
   404 401 403 406   0.00   0  0.00 180  0.00   0  0.00   0  0.00   0  0.00   0
   411 404 405 415   0.00   0  0.00 180  0.00   0  0.00   0  0.00   0  0.00   0
   402 401 404 411   0.00   0  0.00 180  0.00   0  0.00   0  0.00   0  0.00   0
   402 401 404 405   0.00   0  0.00 180  0.00   0  0.00   0  0.00   0  0.00   0
   402 401 403 406   0.00   0  0.00 180  0.00   0  0.00   0  0.00   0  0.00   0
   402 407 408 416   0.00   0  0.00 180  0.50   0  0.00   0  0.00   0  0.00   0
   409 402 407 408   0.00   0  0.00 180  0.00   0  0.00   0  0.00   0  0.00   0

 Additional Pi-Orbital Torsion Parameters :

     Atom Classes       2-Fold

       404 405           6.850
       403 406           6.850

 Additional van der Waals Parameters :

     Atom Class               Size        Epsilon        Reduction

         403                3.7100         0.1100          0.000
         412                2.5900         0.0220          0.900
         401                3.6500         0.1010          0.000
         410                2.8800         0.0240          0.910
         404                3.8200         0.1060          0.000
         411                3.3000         0.1120          0.000
         402                3.7800         0.1060          0.000
         407                4.0050         0.3550          0.000
         408                3.7800         0.1060          0.000
         416                3.7100         0.1050          0.000
         409                2.8700         0.0330          0.900
         406                3.8200         0.1060          0.000
         413                3.3000         0.1120          0.000
         405                3.7100         0.1100          0.000
         414                2.9200         0.0300          0.920
         415                2.5900         0.0220          0.900

 Additional Atomic Multipole Parameters :

     Atom Type     Coordinate Frame Definition         Multipole Moments

         401      403    404      0   Z-then-X    -0.27040
                                                  -0.22190  0.00000  0.26102
                                                  -0.17903
                                                   0.00000 -0.24517
                                                   0.13675  0.00000  0.42420

         402      407    401      0   Z-then-X    -0.16380
                                                   0.27778  0.00000 -0.20334
                                                   0.30211
                                                   0.00000 -0.49081
                                                  -0.33263  0.00000  0.18870

         403      406    401      0   Z-then-X    -0.06286
                                                   0.37348  0.00000 -0.12295
                                                   0.79149
                                                   0.00000 -1.08676
                                                  -0.63736  0.00000  0.29527

         404      411    405      0   Z-then-X     0.97419
                                                  -0.10999  0.00000  0.25580
                                                   0.38321
                                                   0.00000 -0.33696
                                                  -0.17133  0.00000 -0.04625

         405      404    415      0   Z-then-X    -0.32376
                                                   0.05823  0.00000 -0.07138
                                                   0.32176
                                                   0.00000 -0.38869
                                                  -0.03945  0.00000  0.06693

         406      413    403      0   Z-then-X     0.63075
                                                   0.40149  0.00000  0.25741
                                                  -0.01797
                                                   0.00000  0.01503
                                                   0.00873  0.00000  0.00294

         407      408    402      0   Z-then-X     0.34019
                                                   0.47821  0.00000  0.49978
                                                   1.11919
                                                   0.00000 -2.31639
                                                  -0.50667  0.00000  1.19720

         408      407    416      0   Z-then-X     0.21608
                                                   0.00820  0.00000 -0.28509
                                                   0.05369
                                                   0.00000  0.10740
                                                   0.05156  0.00000 -0.16109

         409      402    407      0   Z-then-X     0.09933
                                                   0.00064  0.00000 -0.16410
                                                   0.07960
                                                   0.00000  0.07569
                                                  -0.01944  0.00000 -0.15529

         410      401    403      0   Z-then-X     0.10718
                                                  -0.02083  0.00000 -0.03604
                                                  -0.03187
                                                   0.00000  0.01466
                                                  -0.01392  0.00000  0.01721

         411      404    405      0   Z-then-X    -0.77613
                                                   0.13027  0.00000 -0.18830
                                                  -0.53109
                                                   0.00000  0.25725
                                                   0.21601  0.00000  0.27384

         412      403    401      0   Z-then-X     0.11911
                                                   0.01244  0.00000 -0.25689
                                                   0.04573
                                                   0.00000  0.01640
                                                  -0.00301  0.00000 -0.06213

         413      406    403      0   Z-then-X    -0.66614
                                                  -0.21394  0.00000 -0.03273
                                                  -0.49754
                                                   0.00000  0.12402
                                                  -0.24547  0.00000  0.37352

         414      406    413      0   Z-then-X    -0.02624
                                                   0.07068  0.00000 -0.22870
                                                   0.12255
                                                   0.00000  0.03666
                                                   0.03118  0.00000 -0.15921

         415      405    404      0   Z-then-X     0.13248
                                                   0.00045  0.00000 -0.38308
                                                   0.28470
                                                   0.00000  0.12111
                                                   0.01221  0.00000 -0.40581

         416      408    407      0   Z-then-X    -0.56179
                                                   0.01684  0.00000 -0.29231
                                                   0.37390
                                                   0.00000  0.24558
                                                   0.00671  0.00000 -0.61948

 Additional Atomic Dipole Polarizability Parameters :

     Atom Type           Alpha       Thole     Group Atom Types

         403             1.073       0.390         412  401  406
         412             0.496       0.390         403
         401             1.334       0.390         403  410  404  402
         410             0.496       0.390         401
         404             1.334       0.390         401  411  405
         411             0.837       0.390         404
         402             1.334       0.390         401  407  409
         407             3.300       0.390         402  408
         408             1.334       0.390         407  416
         416             1.073       0.390         408
         409             0.496       0.390         402
         406             1.334       0.390         403  413  414
         413             0.837       0.390         406
         405             1.073       0.390         404  415
         414             0.494       0.390         406
         415             0.496       0.390         405

 Limited Memory BFGS Quasi-Newton Optimization :

 QN Iter     F Value      G RMS      F Move   X Move   Angle  FG Call  Comment

     0     4362.4822  1160.6715                                   1
     1     2770.8857   800.9364   1591.5964   0.0982    0.00      2    Success 
     2     1704.8253   583.5495   1066.0604   0.0982   12.39      3    Success 
     3     1077.7621   521.6086    627.0633   0.0982   21.28      4    Success 
     4      682.9645   517.7220    394.7976   0.0982   44.83      5    Success 
     5      599.0860   848.1291     83.8785   0.0982   50.43      6    Success 
     6      471.7236   475.5599    127.3623   0.0113   12.97      7    Success 
     7      383.2714   191.7980     88.4522   0.0233   42.29      8    Success 
     8      347.8015   189.0690     35.4699   0.0170   46.08      9    Success 
     9      288.3828   173.1830     59.4186   0.0304   46.69     10    Success 
    10      199.0723   177.1445     89.3105   0.0607   51.11     11    Success 
    11      165.4956   304.3095     33.5767   0.0982   61.70     12    Success 
    12      115.2086   171.4560     50.2870   0.0166   42.57     13    Success 
    13       76.5494    91.1368     38.6592   0.0322   52.30     14    Success 
    14       59.1746    83.1268     17.3748   0.0290   59.52     15    Success 
    15       37.4570    74.4222     21.7176   0.0383   58.23     16    Success 
    16       21.8976    63.3768     15.5595   0.0439   64.41     17    Success 
    17       13.4638    60.5920      8.4338   0.0311   67.29     18    Success 
    18        5.6631    42.2579      7.8007   0.0251   64.93     19    Success 
    19        1.2256    40.7962      4.4375   0.0166   59.03     20    Success 
    20       -2.9167    44.7967      4.1422   0.0188   66.69     21    Success 
    21       -8.2702    38.3279      5.3536   0.0325   71.59     22    Success 
    22      -10.4957    51.3339      2.2255   0.0362   71.72     23    Success 
    23      -13.1158    21.3313      2.6201   0.0065   41.73     24    Success 
    24      -14.0279    14.8593      0.9121   0.0059   50.58     25    Success 
    25      -14.6464    13.1340      0.6185   0.0071   63.96     26    Success 
    26      -15.5008    11.7593      0.8544   0.0110   62.34     27    Success 
    27      -16.2790    13.0227      0.7782   0.0138   63.23     28    Success 
    28      -16.9050    12.4077      0.6260   0.0145   69.39     29    Success 
    29      -17.2629     6.8472      0.3579   0.0050   63.02     30    Success 
    30      -17.5106     8.1609      0.2477   0.0060   50.11     31    Success 
    31      -17.6532    12.6566      0.1426   0.0066   65.82     32    Success 
    32      -17.7918     6.6562      0.1386   0.0016   59.78     33    Success 
    33      -17.9137     3.4745      0.1220   0.0044   67.81     34    Success 
    34      -17.9643     3.4217      0.0505   0.0024   65.63     35    Success 
    35      -18.0446     3.2246      0.0803   0.0033   60.06     36    Success 
    36      -18.1221     4.4911      0.0775   0.0056   60.17     37    Success 
    37      -18.1856     2.2670      0.0635   0.0037   69.02     38    Success 
    38      -18.2209     2.4266      0.0354   0.0019   54.43     39    Success 
    39      -18.2733     2.8631      0.0523   0.0033   60.66     40    Success 
    40      -18.3225     5.1188      0.0493   0.0057   69.14     41    Success 
    41      -18.3661     2.8029      0.0436   0.0031   76.66     42    Success 
    42      -18.3999     2.5261      0.0338   0.0026   69.15     43    Success 
    43      -18.4305     2.6378      0.0305   0.0035   72.87     44    Success 
    44      -18.4495     4.0068      0.0191   0.0041   73.21     45    Success 
    45      -18.4701     1.8720      0.0206   0.0009   61.72     46    Success 
    46      -18.4843     1.6550      0.0142   0.0012   58.33     47    Success 
    47      -18.4972     1.9840      0.0129   0.0017   69.40     48    Success 
    48      -18.5136     2.7205      0.0164   0.0023   71.54     49    Success 
    49      -18.5314     1.5262      0.0178   0.0030   78.60     50    Success 
    50      -18.5423     1.1991      0.0109   0.0019   70.84     51    Success 
    51      -18.5521     1.4637      0.0098   0.0017   65.89     52    Success 
    52      -18.5611     1.2883      0.0090   0.0018   72.30     53    Success 
    53      -18.5668     2.0584      0.0057   0.0017   69.86     54    Success 
    54      -18.5710     1.2797      0.0042   0.0007   69.87     55    Success 
    55      -18.5729     0.7802      0.0019   0.0003   67.72     56    Success 
    56      -18.5749     0.4587      0.0020   0.0003   51.14     57    Success 
    57      -18.5766     0.5212      0.0017   0.0005   55.69     58    Success 
    58      -18.5792     0.6423      0.0026   0.0008   63.76     59    Success 
    59      -18.5827     0.9405      0.0036   0.0013   70.14     60    Success 
    60      -18.5867     0.7678      0.0040   0.0019   77.10     61    Success 
    61      -18.5896     0.5502      0.0029   0.0011   73.51     62    Success 
    62      -18.5916     0.7025      0.0019   0.0008   64.41     63    Success 
    63      -18.5927     0.6707      0.0011   0.0005   68.93     64    Success 
    64      -18.5939     0.4746      0.0012   0.0004   69.68     65    Success 
    65      -18.5956     0.3509      0.0017   0.0008   68.73     66    Success 
    66      -18.5970     0.5447      0.0014   0.0011   70.87     67    Success 
    67      -18.5981     0.4722      0.0011   0.0011   79.21     68    Success 
    68      -18.5991     0.4120      0.0010   0.0006   73.34     69    Success 
    69      -18.6002     0.3635      0.0011   0.0005   66.72     70    Success 
    70      -18.6013     0.5640      0.0012   0.0008   67.09     71    Success 
    71      -18.6020     0.6208      0.0007   0.0008   76.32     72    Success 
    72      -18.6027     0.2818      0.0007   0.0002   56.31     73    Success 
    73      -18.6031     0.2491      0.0004   0.0003   62.57     74    Success 
    74      -18.6036     0.2412      0.0005   0.0004   70.08     75    Success 
    75      -18.6037     0.7959      0.0001   0.0007   71.08     76    Success 
    76      -18.6040     0.5571      0.0002   0.0001   71.66     77    Success 
    77      -18.6043     0.1911      0.0003   0.0001   62.42     78    Success 
    78      -18.6044     0.1884      0.0001   0.0001   63.67     79    Success 
    79      -18.6046     0.2309      0.0002   0.0002   70.67     80    Success 
    80      -18.6048     0.2399      0.0002   0.0003   75.37     81    Success 
    81      -18.6049     0.2824      0.0001   0.0002   74.11     83    Success 
    82      -18.6051     0.2085      0.0002   0.0002   79.22     84    Success 
    83      -18.6053     0.1262      0.0002   0.0003   74.92     85    Success 
    84      -18.6054     0.2614      0.0001   0.0004   70.81     86    Success 
    85      -18.6055     0.1863      0.0001   0.0002   75.30     87    Success 
    86      -18.6056     0.0839      0.0000   0.0001   79.80     88    Success 
    87      -18.6056     0.0696      0.0000   0.0000   57.54     89    Success 
    88      -18.6056     0.0877      0.0000   0.0001   56.52     90    Success 
    89      -18.6057     0.0990      0.0001   0.0001   68.72     91    Success 
    90      -18.6057     0.1353      0.0000   0.0001   70.97     93    Success 
    91      -18.6057     0.0873      0.0000   0.0001   79.40     94    Success 
    92      -18.6058     0.0475      0.0000   0.0001   75.50     95    Success 
    93      -18.6058     0.0490      0.0000   0.0001   65.11     96    Success 
    94      -18.6058     0.1079      0.0000   0.0001   64.69     97    Success 
    95      -18.6058     0.0574      0.0000   0.0000   69.05     98    Success 
    96      -18.6058     0.0473      0.0000   0.0000   63.38     99    Success 
    97      -18.6058     0.0552      0.0000   0.0001   62.10    100    Success 
    98      -18.6059     0.0724      0.0000   0.0001   71.02    101    Success 
    99      -18.6059     0.0794      0.0000   0.0002   80.41    102    Success 
   100      -18.6059     0.0756      0.0000   0.0001   78.91    103    Success 
   101      -18.6059     0.0430      0.0000   0.0000   74.29    104    Success 
   102      -18.6059     0.0380      0.0000   0.0000   70.50    105    Success 
   103      -18.6059     0.0450      0.0000   0.0000   70.93    106    Success 
   104      -18.6059     0.0631      0.0000   0.0001   73.15    107    Success 
   105      -18.6060     0.0449      0.0000   0.0001   79.31    108    Success 
   106      -18.6060     0.0386      0.0000   0.0001   77.07    109    Success 
   107      -18.6060     0.0389      0.0000   0.0001   72.18    110    Success 
   108      -18.6060     0.0329      0.0000   0.0000   68.70    111    Success 
   109      -18.6060     0.0402      0.0000   0.0001   68.68    112    Success 
   110      -18.6060     0.0403      0.0000   0.0000   74.36    114    Success 
   111      -18.6060     0.0294      0.0000   0.0000   78.95    115    Success 
   112      -18.6060     0.0221      0.0000   0.0001   77.21    116    Success 
   113      -18.6060     0.0252      0.0000   0.0000   71.13    118    Success 
   114      -18.6060     0.0183      0.0000   0.0000   74.64    119    Success 
   115      -18.6060     0.0155      0.0000   0.0000   65.01    120    Success 
   116      -18.6060     0.0187      0.0000   0.0000   63.83    121    Success 
   117      -18.6060     0.0191      0.0000   0.0001   71.56    122    Success 
   118      -18.6060     0.0223      0.0000   0.0000   73.92    124    Success 
   119      -18.6060     0.0148      0.0000   0.0000   76.01    125    Success 
   120      -18.6060     0.0313      0.0000   0.0000   68.89    126    Success 
   121      -18.6060     0.0210      0.0000   0.0000   67.76    127    Success 
   122      -18.6060     0.0052      0.0000   0.0000   74.25    128    Success 
   123      -18.6060     0.0057      0.0000   0.0000   59.02    129    Success 
   124      -18.6060     0.0064      0.0000   0.0000   60.78    130    Success 
   125      -18.6060     0.0062      0.0000   0.0000   62.87    131    Success 
   126      -18.6060     0.0218      0.0000   0.0000   70.89    132    Success 
   127      -18.6060     0.0173      0.0000   0.0000   76.75    133    Success 
   128      -18.6060     0.0090      0.0000   0.0000   78.05    134    Success 
   129      -18.6060     0.0059      0.0000   0.0000   76.18    135    Success 
   130      -18.6060     0.0080      0.0000   0.0000   75.88    136    Success 
   131      -18.6060     0.0088      0.0000   0.0000   77.83    137    Success 
   132      -18.6060     0.0117      0.0000   0.0000   77.74    138    Success 
   133      -18.6060     0.0073      0.0000   0.0000   81.16    139    Success 
   134      -18.6060     0.0048      0.0000   0.0000   78.58    140    Success 
   135      -18.6060     0.0044      0.0000   0.0000   69.26    141    Success 
   136      -18.6060     0.0048      0.0000   0.0000   63.75    142    Success 
   137      -18.6060     0.0055      0.0000   0.0000   66.71    143    Success 
   138      -18.6060     0.0060      0.0000   0.0000   72.71    144    Success 
   139      -18.6060     0.0035      0.0000   0.0000   78.42    145    Success 
   140      -18.6060     0.0037      0.0000   0.0000   74.83    146    Success 
   141      -18.6060     0.0037      0.0000   0.0000   76.48    147    Success 
   142      -18.6060     0.0029      0.0000   0.0000   74.58    148    Success 
   143      -18.6060     0.0029      0.0000   0.0000   68.80    149    Success 
   144      -18.6060     0.0065      0.0000   0.0000   69.24    150    Success 
   145      -18.6060     0.0029      0.0000   0.0000   64.66    151    Success 
   146      -18.6060     0.0016      0.0000   0.0000   57.74    152    Success 
   147      -18.6060     0.0025      0.0000   0.0000   67.93    153    Success 
   148      -18.6060     0.0030      0.0000   0.0000   80.48    154    Success 
   149      -18.6060     0.0023      0.0000   0.0000   79.02    155    Success 
   150      -18.6060     0.0037      0.0000   0.0000   79.82    157    Success 
   151      -18.6060     0.0015      0.0000   0.0000   79.67    158    Success 
   152      -18.6060     0.0005      0.0000   0.0000   72.61    159   SmallGrad

 LBFGS  --  Normal Termination due to SmallGrad

 Final Function Value :          -18.6060
 Final RMS Gradient :              0.0005
 Final Gradient Norm :             0.0023
