
     ######################################################################
   ##########################################################################
  ###                                                                      ###
 ###            Tinker  ---  Software Tools for Molecular Design            ###
 ##                                                                          ##
 ##                          Version 8.7  June 2019                          ##
 ##                                                                          ##
 ##               Copyright (c)  Jay William Ponder  1990-2019               ##
 ###                           All Rights Reserved                          ###
  ###                                                                      ###
   ##########################################################################
     ######################################################################


 Additional Atom Definition Parameters :

     Type  Class  Symbol  Description               Atomic    Mass   Valence

     403    403     N     ModifiedRes                  7     14.007     3
     412    412     H     ModifiedRes                  1      1.008     1
     401    401     C     ModifiedRes                  6     12.011     4
     410    410     H     ModifiedRes                  1      1.008     1
     404    404     C     ModifiedRes                  6     12.011     3
     411    411     O     ModifiedRes                  8     15.999     1
     402    402     C     ModifiedRes                  6     12.011     4
     407    407     S     ModifiedRes                 16     32.066     2
     408    408     C     ModifiedRes                  6     12.011     2
     416    416     N     ModifiedRes                  7     14.007     1
     409    409     H     ModifiedRes                  1      1.008     1
     406    406     C     ModifiedRes                  6     12.011     3
     413    413     O     ModifiedRes                  8     15.999     1
     405    405     N     ModifiedRes                  7     14.007     3
     414    414     H     ModifiedRes                  1      1.008     1
     415    415     H     ModifiedRes                  1      1.008     1

 Additional Bond Stretching Parameters :

     Atom Classes             K(S)         Length

       401 403             374.800         1.4589
       403 406             482.000         1.3610
       403 412             542.000         1.0150
       401 410             341.000         1.0957
       401 404             345.300         1.5388
       401 402             345.300         1.5181
       404 405             482.000         1.3572
       404 411             705.000         1.2314
       402 409             395.500         1.0914
       402 407             235.800         1.8318
       407 408             235.800         1.6971
       408 416             450.000         1.1861
       406 413             705.000         1.2330
       406 414             356.400         1.1017
       405 415             542.000         1.0125

 Additional Angle Bending Parameters :

     Atom Classes             K(B)          Angle

     403 406 413            60.000        124.094
     401 403 412            35.000        118.942
     406 403 412            35.000        118.838
     401 404 405            70.000        113.359
     401 404 411            80.000        121.700
     401 402 407            53.200        108.210
     401 403 406            50.000        121.364
     404 401 410            38.000        109.343
     402 401 410            38.000        110.332
     403 401 410            50.600        106.311
     402 401 404            60.000        109.451
     403 401 404            80.000        110.698
     402 401 403            80.000        110.661
     402 407 408            60.430         97.779
     407 408 416            60.000        178.379
     409 402 409            39.570        108.414
     401 402 409            42.440        109.507
     407 402 409            60.240        109.536
     405 404 411            60.000        124.942
     413 406 414            68.340        122.634
     403 406 414            31.650        113.263
     415 405 415            22.300        119.362
     404 405 415            35.000        117.511

 Additional Stretch-Bend Parameters :

     Atom Classes          K(SB)-1        K(SB)-2

     401 403 412             4.300          7.200
     406 403 412             4.300          7.200
     401 404 405            18.700         18.700
     401 402 407            18.700         18.700
     401 403 406             7.200          7.200
     404 401 410            11.500         18.700
     402 401 410            11.500         18.700
     403 401 410            11.500         11.500
     402 401 404            18.700         18.700
     403 401 404            18.700         18.700
     402 401 403            18.700         18.700
     402 407 408            -5.750         -5.750
     401 402 409            11.500         11.500
     407 402 409            11.500         11.500
     403 406 414            11.500         11.500
     404 405 415             4.300          7.200
     415 405 415             4.300          7.200
     401 404 411            18.700         18.700
     413 406 414            11.500         11.500

 Additional Out-of-Plane Bend Parameters :

     Atom Classes                   K(OPB)

     401 403   0   0                14.400
     401 404   0   0                14.400
     403 406   0   0               107.910
     404 405   0   0                71.940
     405 404   0   0               107.910
     406 403   0   0                71.940
     411 404   0   0               122.298
     412 403   0   0                 5.755
     413 406   0   0               122.298
     414 406   0   0               140.283
     415 405   0   0                 5.755

 Additional Torsional Parameters :

     Atom Classes     1-Fold    2-Fold    3-Fold    4-Fold    5-Fold    6-Fold

   403 401 404 405   0.00   0  0.00 180  0.00   0  0.00   0  0.00   0  0.00   0
   403 401 404 411   0.00   0  0.00 180  0.00   0  0.00   0  0.00   0  0.00   0
   403 401 402 409   0.00   0  0.00 180  0.00   0  0.00   0  0.00   0  0.00   0
   403 401 402 407   0.00   0  0.00 180  0.00   0  0.00   0  0.00   0  0.00   0
   410 401 403 412   0.00   0  0.00 180  0.00   0  0.00   0  0.00   0  0.00   0
   404 401 403 412   0.00   0  0.00 180  0.00   0  0.00   0  0.00   0  0.00   0
   402 401 403 412   0.00   0  0.00 180  0.00   0  0.00   0  0.00   0  0.00   0
   412 403 406 413   0.00   0  0.00 180  0.00   0  0.00   0  0.00   0  0.00   0
   412 403 406 414   0.00   0  0.00 180  0.00   0  0.00   0  0.00   0  0.00   0
   401 404 405 415   0.00   0  1.20 180  0.80   0  0.00   0  0.00   0  0.00   0
   401 402 407 408   0.00   0  0.00 180  0.00   0  0.00   0  0.00   0  0.00   0
   401 403 406 413   0.00   0  0.00 180  0.00   0  0.00   0  0.00   0  0.00   0
   401 403 406 414   0.00   0  0.00 180  0.00   0  0.00   0  0.00   0  0.00   0
   410 401 404 405   0.00   0  0.00 180  0.00   0  0.00   0  0.00   0  0.00   0
   410 401 404 411   0.00   0  0.00 180  0.00   0  0.00   0  0.00   0  0.00   0
   410 401 402 409   0.00   0  0.00 180  0.00   0  0.00   0  0.00   0  0.00   0
   410 401 402 407   0.00   0  0.00 180  0.00   0  0.00   0  0.00   0  0.00   0
   410 401 403 406   0.00   0  0.00 180  0.00   0  0.00   0  0.00   0  0.00   0
   404 401 402 409   0.00   0  0.00 180  0.00   0  0.00   0  0.00   0  0.00   0
   404 401 402 407   0.00   0  0.00 180  0.00   0  0.00   0  0.00   0  0.00   0
   404 401 403 406   0.00   0  0.00 180  0.00   0  0.00   0  0.00   0  0.00   0
   411 404 405 415   0.00   0  0.00 180  0.00   0  0.00   0  0.00   0  0.00   0
   402 401 404 411   0.00   0  0.00 180  0.00   0  0.00   0  0.00   0  0.00   0
   402 401 404 405   0.00   0  0.00 180  0.00   0  0.00   0  0.00   0  0.00   0
   402 401 403 406   0.00   0  0.00 180  0.00   0  0.00   0  0.00   0  0.00   0
   402 407 408 416   0.00   0  0.00 180  0.50   0  0.00   0  0.00   0  0.00   0
   409 402 407 408   0.00   0  0.00 180  0.00   0  0.00   0  0.00   0  0.00   0

 Additional Pi-Orbital Torsion Parameters :

     Atom Classes       2-Fold

       404 405           6.850
       403 406           6.850

 Additional van der Waals Parameters :

     Atom Class               Size        Epsilon        Reduction

         403                3.7100         0.1100          0.000
         412                2.5900         0.0220          0.900
         401                3.6500         0.1010          0.000
         410                2.8800         0.0240          0.910
         404                3.8200         0.1060          0.000
         411                3.3000         0.1120          0.000
         402                3.7800         0.1060          0.000
         407                4.0050         0.3550          0.000
         408                3.7800         0.1060          0.000
         416                3.7100         0.1050          0.000
         409                2.8700         0.0330          0.900
         406                3.8200         0.1060          0.000
         413                3.3000         0.1120          0.000
         405                3.7100         0.1100          0.000
         414                2.9200         0.0300          0.920
         415                2.5900         0.0220          0.900

 Additional Atomic Multipole Parameters :

     Atom Type     Coordinate Frame Definition         Multipole Moments

         401      403    404      0   Z-then-X    -0.27040
                                                  -0.22190  0.00000  0.26102
                                                  -0.17903
                                                   0.00000 -0.24517
                                                   0.13675  0.00000  0.42420

         402      407    401      0   Z-then-X    -0.16380
                                                   0.27778  0.00000 -0.20334
                                                   0.30211
                                                   0.00000 -0.49081
                                                  -0.33263  0.00000  0.18870

         403      406    401      0   Z-then-X    -0.06286
                                                   0.37348  0.00000 -0.12295
                                                   0.79149
                                                   0.00000 -1.08676
                                                  -0.63736  0.00000  0.29527

         404      411    405      0   Z-then-X     0.97419
                                                  -0.10999  0.00000  0.25580
                                                   0.38321
                                                   0.00000 -0.33696
                                                  -0.17133  0.00000 -0.04625

         405      404    415      0   Z-then-X    -0.32376
                                                   0.05823  0.00000 -0.07138
                                                   0.32176
                                                   0.00000 -0.38869
                                                  -0.03945  0.00000  0.06693

         406      413    403      0   Z-then-X     0.63075
                                                   0.40149  0.00000  0.25741
                                                  -0.01797
                                                   0.00000  0.01503
                                                   0.00873  0.00000  0.00294

         407      408    402      0   Z-then-X     0.34019
                                                   0.47821  0.00000  0.49978
                                                   1.11919
                                                   0.00000 -2.31639
                                                  -0.50667  0.00000  1.19720

         408      407    416      0   Z-then-X     0.21608
                                                   0.00820  0.00000 -0.28509
                                                   0.05369
                                                   0.00000  0.10740
                                                   0.05156  0.00000 -0.16109

         409      402    407      0   Z-then-X     0.09933
                                                   0.00064  0.00000 -0.16410
                                                   0.07960
                                                   0.00000  0.07569
                                                  -0.01944  0.00000 -0.15529

         410      401    403      0   Z-then-X     0.10718
                                                  -0.02083  0.00000 -0.03604
                                                  -0.03187
                                                   0.00000  0.01466
                                                  -0.01392  0.00000  0.01721

         411      404    405      0   Z-then-X    -0.77613
                                                   0.13027  0.00000 -0.18830
                                                  -0.53109
                                                   0.00000  0.25725
                                                   0.21601  0.00000  0.27384

         412      403    401      0   Z-then-X     0.11911
                                                   0.01244  0.00000 -0.25689
                                                   0.04573
                                                   0.00000  0.01640
                                                  -0.00301  0.00000 -0.06213

         413      406    403      0   Z-then-X    -0.66614
                                                  -0.21394  0.00000 -0.03273
                                                  -0.49754
                                                   0.00000  0.12402
                                                  -0.24547  0.00000  0.37352

         414      406    413      0   Z-then-X    -0.02624
                                                   0.07068  0.00000 -0.22870
                                                   0.12255
                                                   0.00000  0.03666
                                                   0.03118  0.00000 -0.15921

         415      405    404      0   Z-then-X     0.13248
                                                   0.00045  0.00000 -0.38308
                                                   0.28470
                                                   0.00000  0.12111
                                                   0.01221  0.00000 -0.40581

         416      408    407      0   Z-then-X    -0.56179
                                                   0.01684  0.00000 -0.29231
                                                   0.37390
                                                   0.00000  0.24558
                                                   0.00671  0.00000 -0.61948

 Additional Atomic Dipole Polarizability Parameters :

     Atom Type           Alpha       Thole     Group Atom Types

         403             1.073       0.390         412  401  406
         412             0.496       0.390         403
         401             1.334       0.390         403  410  404  402
         410             0.496       0.390         401
         404             1.334       0.390         401  411  405
         411             0.837       0.390         404
         402             1.334       0.390         401  407  409
         407             3.300       0.390         402  408
         408             1.334       0.390         407  416
         416             1.073       0.390         408
         409             0.496       0.390         402
         406             1.334       0.390         403  413  414
         413             0.837       0.390         406
         405             1.073       0.390         404  415
         414             0.494       0.390         406
         415             0.496       0.390         405

 Limited Memory BFGS Quasi-Newton Optimization :

 QN Iter     F Value      G RMS      F Move   X Move   Angle  FG Call  Comment

     0     1278.7341   686.3613                                   1
     1      677.3945   427.5560    601.3396   0.0982    0.00      2    Success 
     2      561.9332   476.1725    115.4613   0.0629   32.81      3    Success 
     3      438.0962   266.6227    123.8370   0.0200   23.04      4    Success 
     4      302.6116   200.4068    135.4846   0.0533   33.04      5    Success 
     5      235.3262   196.2347     67.2854   0.0425   55.42      6    Success 
     6      136.1653   192.9247     99.1608   0.0698   56.90      7    Success 
     7      129.1338   313.8935      7.0316   0.0982   61.11      8    Success 
     8       75.8952   165.3717     53.2385   0.0130   16.24     10    Success 
     9       51.4897    61.3673     24.4055   0.0160   19.41     11    Success 
    10       45.0654    55.9855      6.4243   0.0082   37.45     12    Success 
    11       34.2635    47.0623     10.8019   0.0168   40.80     13    Success 
    12       21.2495    58.3648     13.0140   0.0347   42.67     14    Success 
    13       11.4014    46.9710      9.8481   0.0368   64.31     15    Success 
    14        4.9676    43.5403      6.4338   0.0229   64.71     16    Success 
    15       -2.1623    36.3288      7.1299   0.0376   64.13     17    Success 
    16       -4.6945    33.4578      2.5323   0.0161   58.76     18    Success 
    17       -6.2271    20.2520      1.5325   0.0052   50.64     19    Success 
    18       -8.1223    21.4436      1.8953   0.0119   49.48     20    Success 
    19       -9.6718    22.0484      1.5495   0.0143   69.04     21    Success 
    20      -11.9941    21.6776      2.3222   0.0214   68.59     22    Success 
    21      -13.5993    26.5549      1.6052   0.0368   71.12     23    Success 
    22      -14.9524    13.3385      1.3531   0.0081   51.79     24    Success 
    23      -15.5113    10.0598      0.5589   0.0043   46.57     25    Success 
    24      -16.3303    12.5764      0.8190   0.0099   51.57     26    Success 
    25      -17.1767    13.6892      0.8464   0.0160   69.47     27    Success 
    26      -17.7008    11.3543      0.5242   0.0172   73.02     28    Success 
    27      -17.9612     7.8486      0.2604   0.0057   60.71     29    Success 
    28      -18.0524     4.0897      0.0912   0.0022   60.00     30    Success 
    29      -18.0979     4.1969      0.0455   0.0012   51.12     31    Success 
    30      -18.1698     4.8272      0.0719   0.0026   62.16     32    Success 
    31      -18.2533     6.2310      0.0835   0.0046   68.79     33    Success 
    32      -18.3422     4.4518      0.0889   0.0055   76.28     34    Success 
    33      -18.4113     4.1837      0.0691   0.0037   72.39     35    Success 
    34      -18.4901     5.9881      0.0788   0.0049   68.18     36    Success 
    35      -18.5791     5.7088      0.0890   0.0047   72.57     37    Success 
    36      -18.6714     4.8082      0.0923   0.0041   75.31     38    Success 
    37      -18.8108     4.7859      0.1394   0.0070   72.32     39    Success 
    38      -18.9192     7.6671      0.1084   0.0122   74.64     40    Success 
    39      -18.9825     3.2255      0.0633   0.0028   73.97     41    Success 
    40      -19.0160     3.1585      0.0335   0.0018   62.65     42    Success 
    41      -19.0640     3.2295      0.0480   0.0037   71.49     43    Success 
    42      -19.1239     3.1692      0.0598   0.0053   74.03     44    Success 
    43      -19.1626     4.8893      0.0387   0.0076   74.93     45    Success 
    44      -19.1934     1.4985      0.0308   0.0011   58.92     46    Success 
    45      -19.2026     1.3855      0.0092   0.0008   55.58     47    Success 
    46      -19.2171     1.5355      0.0145   0.0013   55.08     48    Success 
    47      -19.2412     1.6525      0.0241   0.0024   63.62     49    Success 
    48      -19.2764     2.1464      0.0352   0.0044   68.19     50    Success 
    49      -19.3034     3.3445      0.0270   0.0074   75.72     51    Success 
    50      -19.3228     2.7364      0.0194   0.0031   76.62     52    Success 
    51      -19.3355     1.3214      0.0126   0.0010   67.96     53    Success 
    52      -19.3458     1.3593      0.0104   0.0012   60.27     54    Success 
    53      -19.3588     1.7841      0.0129   0.0020   70.76     55    Success 
    54      -19.3743     2.8601      0.0156   0.0036   76.92     56    Success 
    55      -19.3956     1.9077      0.0212   0.0045   82.36     57    Success 
    56      -19.4170     1.5543      0.0214   0.0044   79.09     58    Success 
    57      -19.4443     2.5962      0.0273   0.0061   75.56     59    Success 
    58      -19.4730     2.4875      0.0287   0.0065   81.05     60    Success 
    59      -19.5013     2.1154      0.0283   0.0045   79.21     61    Success 
    60      -19.5143     2.6772      0.0130   0.0034   78.74     63    Success 
    61      -19.5289     1.3660      0.0146   0.0023   77.00     64    Success 
    62      -19.5363     1.4706      0.0075   0.0016   75.39     65    Success 
    63      -19.5460     1.0948      0.0097   0.0026   77.69     66    Success 
    64      -19.5515     0.9759      0.0055   0.0015   68.82     67    Success 
    65      -19.5536     0.7781      0.0021   0.0004   61.67     68    Success 
    66      -19.5553     0.7029      0.0017   0.0003   57.73     69    Success 
    67      -19.5578     0.6358      0.0025   0.0006   63.84     70    Success 
    68      -19.5604     1.3236      0.0026   0.0011   67.21     71    Success 
    69      -19.5628     0.6203      0.0024   0.0013   80.80     72    Success 
    70      -19.5638     0.3933      0.0010   0.0002   56.62     73    Success 
    71      -19.5649     0.3516      0.0011   0.0004   54.51     74    Success 
    72      -19.5657     0.4693      0.0008   0.0004   64.43     75    Success 
    73      -19.5666     0.4085      0.0009   0.0007   74.56     76    Success 
    74      -19.5673     0.3755      0.0007   0.0004   68.60     77    Success 
    75      -19.5679     0.3310      0.0006   0.0003   65.99     78    Success 
    76      -19.5685     0.7409      0.0006   0.0005   66.39     79    Success 
    77      -19.5693     0.4256      0.0008   0.0004   77.96     80    Success 
    78      -19.5703     0.3924      0.0010   0.0006   74.13     81    Success 
    79      -19.5710     0.3449      0.0008   0.0007   77.27     82    Success 
    80      -19.5717     0.3148      0.0007   0.0008   77.03     83    Success 
    81      -19.5719     0.2055      0.0002   0.0003   75.44     85    Success 
    82      -19.5720     0.1447      0.0001   0.0001   68.36     86    Success 
    83      -19.5721     0.1739      0.0001   0.0002   62.57     87    Success 
    84      -19.5722     0.3005      0.0001   0.0002   73.07     88    Success 
    85      -19.5724     0.1466      0.0001   0.0002   80.08     89    Success 
    86      -19.5724     0.1022      0.0001   0.0002   74.59     90    Success 
    87      -19.5725     0.1504      0.0000   0.0001   67.59     91    Success 
    88      -19.5725     0.1256      0.0000   0.0001   73.80     92    Success 
    89      -19.5726     0.0902      0.0001   0.0001   70.13     93    Success 
    90      -19.5726     0.1656      0.0000   0.0001   67.44     94    Success 
    91      -19.5727     0.0736      0.0000   0.0001   73.90     95    Success 
    92      -19.5727     0.0600      0.0000   0.0000   65.31     96    Success 
    93      -19.5727     0.0514      0.0000   0.0001   66.05     97    Success 
    94      -19.5727     0.0764      0.0000   0.0002   70.04     98    Success 
    95      -19.5727     0.1657      0.0000   0.0001   75.71     99    Success 
    96      -19.5727     0.1191      0.0000   0.0000   72.91    100    Success 
    97      -19.5728     0.0374      0.0000   0.0000   57.76    101    Success 
    98      -19.5728     0.0286      0.0000   0.0000   61.87    102    Success 
    99      -19.5728     0.0306      0.0000   0.0000   73.13    103    Success 
   100      -19.5728     0.0285      0.0000   0.0000   70.31    104    Success 
   101      -19.5728     0.0412      0.0000   0.0000   68.65    105    Success 
   102      -19.5728     0.0244      0.0000   0.0000   77.11    106    Success 
   103      -19.5728     0.0251      0.0000   0.0000   67.88    107    Success 
   104      -19.5728     0.0286      0.0000   0.0000   68.89    108    Success 
   105      -19.5728     0.0308      0.0000   0.0001   72.26    109    Success 
   106      -19.5728     0.0532      0.0000   0.0001   75.48    110    Success 
   107      -19.5728     0.0468      0.0000   0.0001   80.29    111    Success 
   108      -19.5728     0.0303      0.0000   0.0000   71.15    112    Success 
   109      -19.5728     0.0247      0.0000   0.0000   59.66    113    Success 
   110      -19.5728     0.0321      0.0000   0.0001   69.83    114    Success 
   111      -19.5728     0.0400      0.0000   0.0001   77.94    115    Success 
   112      -19.5728     0.0499      0.0000   0.0001   81.54    117    Success 
   113      -19.5728     0.0265      0.0000   0.0001   83.00    118    Success 
   114      -19.5728     0.0276      0.0000   0.0000   76.15    119    Success 
   115      -19.5728     0.0241      0.0000   0.0000   67.14    120    Success 
   116      -19.5728     0.0202      0.0000   0.0000   65.06    121    Success 
   117      -19.5728     0.0221      0.0000   0.0000   72.96    122    Success 
   118      -19.5728     0.0362      0.0000   0.0000   76.26    123    Success 
   119      -19.5728     0.0299      0.0000   0.0000   74.37    124    Success 
   120      -19.5728     0.0195      0.0000   0.0000   70.49    125    Success 
   121      -19.5728     0.0082      0.0000   0.0000   63.32    126    Success 
   122      -19.5728     0.0087      0.0000   0.0000   62.92    127    Success 
   123      -19.5728     0.0120      0.0000   0.0000   70.25    128    Success 
   124      -19.5728     0.0072      0.0000   0.0000   74.79    129    Success 
   125      -19.5728     0.0043      0.0000   0.0000   76.66    130    Success 
   126      -19.5728     0.0039      0.0000   0.0000   60.26    131    Success 
   127      -19.5728     0.0044      0.0000   0.0000   58.09    133    Success 
   128      -19.5728     0.0022      0.0000   0.0000   72.05    134    Success 
   129      -19.5728     0.0023      0.0000   0.0000   66.31    135    Success 
   130      -19.5728     0.0030      0.0000   0.0000   61.69    136    Success 
   131      -19.5728     0.0032      0.0000   0.0000   70.70    137    Success 
   132      -19.5728     0.0068      0.0000   0.0000   75.83    138    Success 
   133      -19.5728     0.0038      0.0000   0.0000   82.76    139    Success 
   134      -19.5728     0.0032      0.0000   0.0000   78.54    140    Success 
   135      -19.5728     0.0050      0.0000   0.0000   75.84    141    Success 
   136      -19.5728     0.0056      0.0000   0.0000   81.36    142    Success 
   137      -19.5728     0.0076      0.0000   0.0000   82.37    143    Success 
   138      -19.5728     0.0037      0.0000   0.0000   83.17    144    Success 
   139      -19.5728     0.0031      0.0000   0.0000   76.61    145    Success 
   140      -19.5728     0.0035      0.0000   0.0000   76.96    146    Success 
   141      -19.5728     0.0031      0.0000   0.0000   77.99    147    Success 
   142      -19.5728     0.0017      0.0000   0.0000   79.56    148    Success 
   143      -19.5728     0.0019      0.0000   0.0000   66.99    149    Success 
   144      -19.5728     0.0016      0.0000   0.0000   75.42    150    Success 
   145      -19.5728     0.0030      0.0000   0.0000   65.31    151    Success 
   146      -19.5728     0.0013      0.0000   0.0000   76.73    152    Success 
   147      -19.5728     0.0011      0.0000   0.0000   73.97    153    Success 
   148      -19.5728     0.0014      0.0000   0.0000   75.34    154    Success 
   149      -19.5728     0.0013      0.0000   0.0000   76.12    155    Success 
   150      -19.5728     0.0022      0.0000   0.0000   77.08    156    Success 
   151      -19.5728     0.0010      0.0000   0.0000   77.92    157    Success 
   152      -19.5728     0.0010      0.0000   0.0000   71.73    158   SmallGrad

 LBFGS  --  Normal Termination due to SmallGrad

 Final Function Value :          -19.5728
 Final RMS Gradient :              0.0010
 Final Gradient Norm :             0.0042
