
     ######################################################################
   ##########################################################################
  ###                                                                      ###
 ###            Tinker  ---  Software Tools for Molecular Design            ###
 ##                                                                          ##
 ##                          Version 8.7  June 2019                          ##
 ##                                                                          ##
 ##               Copyright (c)  Jay William Ponder  1990-2019               ##
 ###                           All Rights Reserved                          ###
  ###                                                                      ###
   ##########################################################################
     ######################################################################


 Additional Atom Definition Parameters :

     Type  Class  Symbol  Description               Atomic    Mass   Valence

     403    403     N     ModifiedRes                  7     14.007     3
     412    412     H     ModifiedRes                  1      1.008     1
     401    401     C     ModifiedRes                  6     12.011     4
     410    410     H     ModifiedRes                  1      1.008     1
     404    404     C     ModifiedRes                  6     12.011     3
     411    411     O     ModifiedRes                  8     15.999     1
     402    402     C     ModifiedRes                  6     12.011     4
     407    407     S     ModifiedRes                 16     32.066     2
     408    408     C     ModifiedRes                  6     12.011     2
     416    416     N     ModifiedRes                  7     14.007     1
     409    409     H     ModifiedRes                  1      1.008     1
     406    406     C     ModifiedRes                  6     12.011     3
     413    413     O     ModifiedRes                  8     15.999     1
     405    405     N     ModifiedRes                  7     14.007     3
     414    414     H     ModifiedRes                  1      1.008     1
     415    415     H     ModifiedRes                  1      1.008     1

 Additional Bond Stretching Parameters :

     Atom Classes             K(S)         Length

       401 403             374.800         1.4589
       403 406             482.000         1.3610
       403 412             542.000         1.0150
       401 410             341.000         1.0957
       401 404             345.300         1.5388
       401 402             345.300         1.5181
       404 405             482.000         1.3572
       404 411             705.000         1.2314
       402 409             395.500         1.0914
       402 407             235.800         1.8318
       407 408             235.800         1.6971
       408 416             450.000         1.1861
       406 413             705.000         1.2330
       406 414             356.400         1.1017
       405 415             542.000         1.0125

 Additional Angle Bending Parameters :

     Atom Classes             K(B)          Angle

     403 406 413            60.000        124.094
     401 403 412            35.000        118.942
     406 403 412            35.000        118.838
     401 404 405            70.000        113.359
     401 404 411            80.000        121.700
     401 402 407            53.200        108.210
     401 403 406            50.000        121.364
     404 401 410            38.000        109.343
     402 401 410            38.000        110.332
     403 401 410            50.600        106.311
     402 401 404            60.000        109.451
     403 401 404            80.000        110.698
     402 401 403            80.000        110.661
     402 407 408            60.430         97.779
     407 408 416            60.000        178.379
     409 402 409            39.570        108.414
     401 402 409            42.440        109.507
     407 402 409            60.240        109.536
     405 404 411            60.000        124.942
     413 406 414            68.340        122.634
     403 406 414            31.650        113.263
     415 405 415            22.300        119.362
     404 405 415            35.000        117.511

 Additional Stretch-Bend Parameters :

     Atom Classes          K(SB)-1        K(SB)-2

     401 403 412             4.300          7.200
     406 403 412             4.300          7.200
     401 404 405            18.700         18.700
     401 402 407            18.700         18.700
     401 403 406             7.200          7.200
     404 401 410            11.500         18.700
     402 401 410            11.500         18.700
     403 401 410            11.500         11.500
     402 401 404            18.700         18.700
     403 401 404            18.700         18.700
     402 401 403            18.700         18.700
     402 407 408            -5.750         -5.750
     401 402 409            11.500         11.500
     407 402 409            11.500         11.500
     403 406 414            11.500         11.500
     404 405 415             4.300          7.200
     415 405 415             4.300          7.200
     401 404 411            18.700         18.700
     413 406 414            11.500         11.500

 Additional Out-of-Plane Bend Parameters :

     Atom Classes                   K(OPB)

     401 403   0   0                14.400
     401 404   0   0                14.400
     403 406   0   0               107.910
     404 405   0   0                71.940
     405 404   0   0               107.910
     406 403   0   0                71.940
     411 404   0   0               122.298
     412 403   0   0                 5.755
     413 406   0   0               122.298
     414 406   0   0               140.283
     415 405   0   0                 5.755

 Additional Torsional Parameters :

     Atom Classes     1-Fold    2-Fold    3-Fold    4-Fold    5-Fold    6-Fold

   403 401 404 405   0.00   0  0.00 180  0.00   0  0.00   0  0.00   0  0.00   0
   403 401 404 411   0.00   0  0.00 180  0.00   0  0.00   0  0.00   0  0.00   0
   403 401 402 409   0.00   0  0.00 180  0.00   0  0.00   0  0.00   0  0.00   0
   403 401 402 407   0.00   0  0.00 180  0.00   0  0.00   0  0.00   0  0.00   0
   410 401 403 412   0.00   0  0.00 180  0.00   0  0.00   0  0.00   0  0.00   0
   404 401 403 412   0.00   0  0.00 180  0.00   0  0.00   0  0.00   0  0.00   0
   402 401 403 412   0.00   0  0.00 180  0.00   0  0.00   0  0.00   0  0.00   0
   412 403 406 413   0.00   0  0.00 180  0.00   0  0.00   0  0.00   0  0.00   0
   412 403 406 414   0.00   0  0.00 180  0.00   0  0.00   0  0.00   0  0.00   0
   401 404 405 415   0.00   0  1.20 180  0.80   0  0.00   0  0.00   0  0.00   0
   401 402 407 408   0.00   0  0.00 180  0.00   0  0.00   0  0.00   0  0.00   0
   401 403 406 413   0.00   0  0.00 180  0.00   0  0.00   0  0.00   0  0.00   0
   401 403 406 414   0.00   0  0.00 180  0.00   0  0.00   0  0.00   0  0.00   0
   410 401 404 405   0.00   0  0.00 180  0.00   0  0.00   0  0.00   0  0.00   0
   410 401 404 411   0.00   0  0.00 180  0.00   0  0.00   0  0.00   0  0.00   0
   410 401 402 409   0.00   0  0.00 180  0.00   0  0.00   0  0.00   0  0.00   0
   410 401 402 407   0.00   0  0.00 180  0.00   0  0.00   0  0.00   0  0.00   0
   410 401 403 406   0.00   0  0.00 180  0.00   0  0.00   0  0.00   0  0.00   0
   404 401 402 409   0.00   0  0.00 180  0.00   0  0.00   0  0.00   0  0.00   0
   404 401 402 407   0.00   0  0.00 180  0.00   0  0.00   0  0.00   0  0.00   0
   404 401 403 406   0.00   0  0.00 180  0.00   0  0.00   0  0.00   0  0.00   0
   411 404 405 415   0.00   0  0.00 180  0.00   0  0.00   0  0.00   0  0.00   0
   402 401 404 411   0.00   0  0.00 180  0.00   0  0.00   0  0.00   0  0.00   0
   402 401 404 405   0.00   0  0.00 180  0.00   0  0.00   0  0.00   0  0.00   0
   402 401 403 406   0.00   0  0.00 180  0.00   0  0.00   0  0.00   0  0.00   0
   402 407 408 416   0.00   0  0.00 180  0.50   0  0.00   0  0.00   0  0.00   0
   409 402 407 408   0.00   0  0.00 180  0.00   0  0.00   0  0.00   0  0.00   0

 Additional Pi-Orbital Torsion Parameters :

     Atom Classes       2-Fold

       404 405           6.850
       403 406           6.850

 Additional van der Waals Parameters :

     Atom Class               Size        Epsilon        Reduction

         403                3.7100         0.1100          0.000
         412                2.5900         0.0220          0.900
         401                3.6500         0.1010          0.000
         410                2.8800         0.0240          0.910
         404                3.8200         0.1060          0.000
         411                3.3000         0.1120          0.000
         402                3.7800         0.1060          0.000
         407                4.0050         0.3550          0.000
         408                3.7800         0.1060          0.000
         416                3.7100         0.1050          0.000
         409                2.8700         0.0330          0.900
         406                3.8200         0.1060          0.000
         413                3.3000         0.1120          0.000
         405                3.7100         0.1100          0.000
         414                2.9200         0.0300          0.920
         415                2.5900         0.0220          0.900

 Additional Atomic Multipole Parameters :

     Atom Type     Coordinate Frame Definition         Multipole Moments

         401      403    404      0   Z-then-X    -0.27040
                                                  -0.22190  0.00000  0.26102
                                                  -0.17903
                                                   0.00000 -0.24517
                                                   0.13675  0.00000  0.42420

         402      407    401      0   Z-then-X    -0.16380
                                                   0.27778  0.00000 -0.20334
                                                   0.30211
                                                   0.00000 -0.49081
                                                  -0.33263  0.00000  0.18870

         403      406    401      0   Z-then-X    -0.06286
                                                   0.37348  0.00000 -0.12295
                                                   0.79149
                                                   0.00000 -1.08676
                                                  -0.63736  0.00000  0.29527

         404      411    405      0   Z-then-X     0.97419
                                                  -0.10999  0.00000  0.25580
                                                   0.38321
                                                   0.00000 -0.33696
                                                  -0.17133  0.00000 -0.04625

         405      404    415      0   Z-then-X    -0.32376
                                                   0.05823  0.00000 -0.07138
                                                   0.32176
                                                   0.00000 -0.38869
                                                  -0.03945  0.00000  0.06693

         406      413    403      0   Z-then-X     0.63075
                                                   0.40149  0.00000  0.25741
                                                  -0.01797
                                                   0.00000  0.01503
                                                   0.00873  0.00000  0.00294

         407      408    402      0   Z-then-X     0.34019
                                                   0.47821  0.00000  0.49978
                                                   1.11919
                                                   0.00000 -2.31639
                                                  -0.50667  0.00000  1.19720

         408      407    416      0   Z-then-X     0.21608
                                                   0.00820  0.00000 -0.28509
                                                   0.05369
                                                   0.00000  0.10740
                                                   0.05156  0.00000 -0.16109

         409      402    407      0   Z-then-X     0.09933
                                                   0.00064  0.00000 -0.16410
                                                   0.07960
                                                   0.00000  0.07569
                                                  -0.01944  0.00000 -0.15529

         410      401    403      0   Z-then-X     0.10718
                                                  -0.02083  0.00000 -0.03604
                                                  -0.03187
                                                   0.00000  0.01466
                                                  -0.01392  0.00000  0.01721

         411      404    405      0   Z-then-X    -0.77613
                                                   0.13027  0.00000 -0.18830
                                                  -0.53109
                                                   0.00000  0.25725
                                                   0.21601  0.00000  0.27384

         412      403    401      0   Z-then-X     0.11911
                                                   0.01244  0.00000 -0.25689
                                                   0.04573
                                                   0.00000  0.01640
                                                  -0.00301  0.00000 -0.06213

         413      406    403      0   Z-then-X    -0.66614
                                                  -0.21394  0.00000 -0.03273
                                                  -0.49754
                                                   0.00000  0.12402
                                                  -0.24547  0.00000  0.37352

         414      406    413      0   Z-then-X    -0.02624
                                                   0.07068  0.00000 -0.22870
                                                   0.12255
                                                   0.00000  0.03666
                                                   0.03118  0.00000 -0.15921

         415      405    404      0   Z-then-X     0.13248
                                                   0.00045  0.00000 -0.38308
                                                   0.28470
                                                   0.00000  0.12111
                                                   0.01221  0.00000 -0.40581

         416      408    407      0   Z-then-X    -0.56179
                                                   0.01684  0.00000 -0.29231
                                                   0.37390
                                                   0.00000  0.24558
                                                   0.00671  0.00000 -0.61948

 Additional Atomic Dipole Polarizability Parameters :

     Atom Type           Alpha       Thole     Group Atom Types

         403             1.073       0.390         412  401  406
         412             0.496       0.390         403
         401             1.334       0.390         403  410  404  402
         410             0.496       0.390         401
         404             1.334       0.390         401  411  405
         411             0.837       0.390         404
         402             1.334       0.390         401  407  409
         407             3.300       0.390         402  408
         408             1.334       0.390         407  416
         416             1.073       0.390         408
         409             0.496       0.390         402
         406             1.334       0.390         403  413  414
         413             0.837       0.390         406
         405             1.073       0.390         404  415
         414             0.494       0.390         406
         415             0.496       0.390         405

 Limited Memory BFGS Quasi-Newton Optimization :

 QN Iter     F Value      G RMS      F Move   X Move   Angle  FG Call  Comment

     0     2023.4138   825.5311                                   1
     1     1113.7204   350.8729    909.6935   0.0982    0.00      2    Success 
     2      775.6743   313.3689    338.0460   0.0781    9.67      3    Success 
     3      543.5371   355.2501    232.1372   0.0982   39.02      4    Success 
     4      386.0143   329.9387    157.5228   0.0880   58.27      5    Success 
     5      263.4056   197.5942    122.6087   0.0421   51.73      6    Success 
     6      152.0642   149.3833    111.3415   0.0768   44.34      7    Success 
     7      110.6645   125.4778     41.3996   0.0398   51.31      8    Success 
     8       74.3751    86.8952     36.2894   0.0404   52.98      9    Success 
     9       48.7446    72.7540     25.6305   0.0421   46.27     10    Success 
    10       34.6229    77.0652     14.1218   0.0313   48.41     11    Success 
    11       22.8895    58.6391     11.7334   0.0207   54.62     12    Success 
    12       12.5109    42.4946     10.3786   0.0298   60.41     13    Success 
    13        4.5255    37.9522      7.9854   0.0285   55.62     14    Success 
    14       -1.6700    45.0259      6.1955   0.0308   58.58     15    Success 
    15       -5.9554    30.5985      4.2854   0.0175   65.75     16    Success 
    16      -10.1224    23.6792      4.1670   0.0249   62.29     17    Success 
    17      -13.3741    27.8336      3.2517   0.0243   63.69     18    Success 
    18      -16.9435    25.4188      3.5694   0.0331   71.33     19    Success 
    19      -19.9854    28.7088      3.0420   0.0317   69.64     20    Success 
    20      -21.5971    18.6610      1.6117   0.0211   71.75     21    Success 
    21      -22.4103    11.1228      0.8132   0.0065   57.68     22    Success 
    22      -23.1354    12.5294      0.7251   0.0085   57.07     23    Success 
    23      -24.2773    16.6045      1.1419   0.0170   67.74     24    Success 
    24      -25.1556    17.9699      0.8782   0.0288   74.62     25    Success 
    25      -25.5392    33.0517      0.3837   0.0105   59.00     26    Success 
    26      -26.0755    14.4069      0.5363   0.0053   75.84     27    Success 
    27      -26.2894     5.9000      0.2138   0.0024   54.06     28    Success 
    28      -26.3709     6.5271      0.0815   0.0018   58.51     29    Success 
    29      -26.5017     6.0260      0.1308   0.0031   63.61     30    Success 
    30      -26.6713     7.9594      0.1696   0.0062   67.19     31    Success 
    31      -26.8341     5.5133      0.1628   0.0088   74.34     32    Success 
    32      -26.9171     3.5998      0.0830   0.0025   61.42     33    Success 
    33      -26.9847     3.5527      0.0676   0.0025   48.54     34    Success 
    34      -27.0430     2.9232      0.0582   0.0028   63.86     35    Success 
    35      -27.1049     4.6990      0.0620   0.0045   60.62     36    Success 
    36      -27.1524     3.9078      0.0475   0.0038   71.73     37    Success 
    37      -27.1850     3.0250      0.0325   0.0019   68.38     38    Success 
    38      -27.2224     2.2978      0.0374   0.0022   63.02     39    Success 
    39      -27.2628     2.6638      0.0404   0.0033   65.23     40    Success 
    40      -27.3052     3.9635      0.0424   0.0054   71.93     41    Success 
    41      -27.3416     2.4279      0.0365   0.0029   75.56     42    Success 
    42      -27.3803     2.4377      0.0386   0.0033   68.04     43    Success 
    43      -27.4252     3.2254      0.0449   0.0046   71.34     44    Success 
    44      -27.4601     4.5552      0.0349   0.0069   77.11     45    Success 
    45      -27.4963     2.0862      0.0362   0.0019   69.55     46    Success 
    46      -27.5160     1.7026      0.0197   0.0014   57.46     47    Success 
    47      -27.5368     2.1213      0.0208   0.0022   66.66     48    Success 
    48      -27.5691     2.2860      0.0323   0.0040   74.05     49    Success 
    49      -27.5767     4.2723      0.0076   0.0015   75.35     51    Success 
    50      -27.5901     3.6213      0.0135   0.0017   83.42     52    Success 
    51      -27.6126     2.5079      0.0225   0.0029   81.82     53    Success 
    52      -27.6424     1.3066      0.0298   0.0054   79.46     54    Success 
    53      -27.6566     2.0006      0.0142   0.0031   73.09     55    Success 
    54      -27.6702     2.3606      0.0135   0.0037   78.52     56    Success 
    55      -27.6839     1.8785      0.0137   0.0013   69.07     57    Success 
    56      -27.6958     1.1828      0.0119   0.0013   67.03     58    Success 
    57      -27.7050     1.2303      0.0092   0.0014   63.42     59    Success 
    58      -27.7153     2.3154      0.0103   0.0029   73.12     60    Success 
    59      -27.7259     1.8227      0.0106   0.0031   82.67     61    Success 
    60      -27.7365     1.3782      0.0106   0.0028   81.00     62    Success 
    61      -27.7505     1.4799      0.0139   0.0037   77.23     63    Success 
    62      -27.7609     2.9298      0.0104   0.0039   77.13     64    Success 
    63      -27.7724     1.6579      0.0115   0.0020   79.30     65    Success 
    64      -27.7796     1.2419      0.0073   0.0008   67.62     66    Success 
    65      -27.7896     1.4818      0.0100   0.0019   69.57     67    Success 
    66      -27.7976     1.6209      0.0080   0.0029   79.15     68    Success 
    67      -27.8049     1.2718      0.0073   0.0029   81.31     69    Success 
    68      -27.8098     0.7519      0.0049   0.0015   78.55     70    Success 
    69      -27.8141     0.8307      0.0043   0.0013   67.48     71    Success 
    70      -27.8170     0.9831      0.0029   0.0010   73.55     72    Success 
    71      -27.8191     1.3600      0.0020   0.0015   78.05     73    Success 
    72      -27.8214     0.6125      0.0023   0.0009   79.81     74    Success 
    73      -27.8223     0.4931      0.0010   0.0004   74.34     75    Success 
    74      -27.8238     0.3990      0.0015   0.0005   63.51     76    Success 
    75      -27.8254     0.7438      0.0016   0.0007   56.41     77    Success 
    76      -27.8260     0.6519      0.0006   0.0009   78.51     78    Success 
    77      -27.8267     0.3218      0.0007   0.0002   68.68     79    Success 
    78      -27.8274     0.3034      0.0006   0.0003   58.35     80    Success 
    79      -27.8283     0.3788      0.0009   0.0005   64.46     81    Success 
    80      -27.8294     0.3663      0.0012   0.0007   70.92     82    Success 
    81      -27.8298     0.9358      0.0004   0.0014   75.41     83    Success 
    82      -27.8305     0.6476      0.0007   0.0001   67.83     84    Success 
    83      -27.8315     0.2601      0.0010   0.0002   61.91     85    Success 
    84      -27.8321     0.3293      0.0006   0.0004   61.92     86    Success 
    85      -27.8326     0.3398      0.0005   0.0005   75.74     87    Success 
    86      -27.8329     0.6502      0.0003   0.0008   78.38     88    Success 
    87      -27.8334     0.2413      0.0005   0.0002   75.56     89    Success 
    88      -27.8336     0.1967      0.0002   0.0002   62.43     90    Success 
    89      -27.8338     0.2519      0.0002   0.0002   69.11     91    Success 
    90      -27.8340     0.2248      0.0002   0.0003   73.56     92    Success 
    91      -27.8341     0.2510      0.0001   0.0002   76.27     94    Success 
    92      -27.8342     0.1297      0.0001   0.0001   75.30     95    Success 
    93      -27.8342     0.2253      0.0000   0.0001   68.72     96    Success 
    94      -27.8343     0.1078      0.0000   0.0000   70.86     97    Success 
    95      -27.8343     0.1024      0.0000   0.0000   62.31     98    Success 
    96      -27.8343     0.0966      0.0000   0.0001   66.88     99    Success 
    97      -27.8344     0.1039      0.0001   0.0001   70.27    100    Success 
    98      -27.8344     0.1776      0.0000   0.0001   73.00    102    Success 
    99      -27.8345     0.1173      0.0000   0.0002   81.86    103    Success 
   100      -27.8345     0.0786      0.0000   0.0002   79.07    104    Success 
   101      -27.8346     0.0756      0.0000   0.0001   72.21    105    Success 
   102      -27.8346     0.1087      0.0000   0.0001   69.58    106    Success 
   103      -27.8346     0.0543      0.0000   0.0000   65.94    107    Success 
   104      -27.8346     0.0500      0.0000   0.0000   63.26    108    Success 
   105      -27.8346     0.0632      0.0000   0.0001   62.00    109    Success 
   106      -27.8347     0.0715      0.0000   0.0001   72.15    110    Success 
   107      -27.8347     0.0958      0.0000   0.0001   76.46    112    Success 
   108      -27.8347     0.0549      0.0000   0.0001   81.15    113    Success 
   109      -27.8347     0.0382      0.0000   0.0001   76.81    114    Success 
   110      -27.8347     0.0564      0.0000   0.0001   70.62    115    Success 
   111      -27.8347     0.0472      0.0000   0.0001   75.43    116    Success 
   112      -27.8348     0.0629      0.0000   0.0001   68.44    117    Success 
   113      -27.8348     0.0271      0.0000   0.0000   68.04    118    Success 
   114      -27.8348     0.0262      0.0000   0.0000   57.95    119    Success 
   115      -27.8348     0.0412      0.0000   0.0000   68.08    120    Success 
   116      -27.8348     0.0626      0.0000   0.0000   79.89    121    Success 
   117      -27.8348     0.0369      0.0000   0.0000   64.02    122    Success 
   118      -27.8348     0.0128      0.0000   0.0000   68.58    123    Success 
   119      -27.8348     0.0140      0.0000   0.0000   70.90    124    Success 
   120      -27.8348     0.0139      0.0000   0.0000   64.14    125    Success 
   121      -27.8348     0.0141      0.0000   0.0000   65.68    126    Success 
   122      -27.8348     0.0121      0.0000   0.0000   60.54    127    Success 
   123      -27.8348     0.0105      0.0000   0.0000   73.59    128    Success 
   124      -27.8348     0.0100      0.0000   0.0000   64.24    129    Success 
   125      -27.8348     0.0084      0.0000   0.0000   63.50    130    Success 
   126      -27.8348     0.0169      0.0000   0.0000   63.56    131    Success 
   127      -27.8348     0.0102      0.0000   0.0000   53.48    132    Success 
   128      -27.8348     0.0035      0.0000   0.0000   65.33    133    Success 
   129      -27.8348     0.0040      0.0000   0.0000   71.18    134    Success 
   130      -27.8348     0.0042      0.0000   0.0000   71.74    135    Success 
   131      -27.8348     0.0041      0.0000   0.0000   70.26    136    Success 
   132      -27.8348     0.0089      0.0000   0.0000   70.42    137    Success 
   133      -27.8348     0.0057      0.0000   0.0000   76.93    138    Success 
   134      -27.8348     0.0020      0.0000   0.0000   73.52    139    Success 
   135      -27.8348     0.0024      0.0000   0.0000   60.57    140    Success 
   136      -27.8348     0.0026      0.0000   0.0000   66.19    141    Success 
   137      -27.8348     0.0049      0.0000   0.0000   71.35    143    Success 
   138      -27.8348     0.0026      0.0000   0.0000   79.60    144    Success 
   139      -27.8348     0.0011      0.0000   0.0000   73.34    145    Success 
   140      -27.8348     0.0014      0.0000   0.0000   60.61    146    Success 
   141      -27.8348     0.0015      0.0000   0.0000   67.44    147    Success 
   142      -27.8348     0.0036      0.0000   0.0000   74.17    148    Success 
   143      -27.8348     0.0024      0.0000   0.0000   64.50    149    Success 
   144      -27.8348     0.0007      0.0000   0.0000   66.27    150   SmallGrad

 LBFGS  --  Normal Termination due to SmallGrad

 Final Function Value :          -27.8348
 Final RMS Gradient :              0.0007
 Final Gradient Norm :             0.0029
