
     ######################################################################
   ##########################################################################
  ###                                                                      ###
 ###            Tinker  ---  Software Tools for Molecular Design            ###
 ##                                                                          ##
 ##                          Version 8.7  June 2019                          ##
 ##                                                                          ##
 ##               Copyright (c)  Jay William Ponder  1990-2019               ##
 ###                           All Rights Reserved                          ###
  ###                                                                      ###
   ##########################################################################
     ######################################################################


 Additional Atom Definition Parameters :

     Type  Class  Symbol  Description               Atomic    Mass   Valence

     403    403     N     ModifiedRes                  7     14.007     3
     412    412     H     ModifiedRes                  1      1.008     1
     401    401     C     ModifiedRes                  6     12.011     4
     410    410     H     ModifiedRes                  1      1.008     1
     404    404     C     ModifiedRes                  6     12.011     3
     411    411     O     ModifiedRes                  8     15.999     1
     402    402     C     ModifiedRes                  6     12.011     4
     407    407     S     ModifiedRes                 16     32.066     2
     408    408     C     ModifiedRes                  6     12.011     2
     416    416     N     ModifiedRes                  7     14.007     1
     409    409     H     ModifiedRes                  1      1.008     1
     406    406     C     ModifiedRes                  6     12.011     3
     413    413     O     ModifiedRes                  8     15.999     1
     405    405     N     ModifiedRes                  7     14.007     3
     414    414     H     ModifiedRes                  1      1.008     1
     415    415     H     ModifiedRes                  1      1.008     1

 Additional Bond Stretching Parameters :

     Atom Classes             K(S)         Length

       401 403             374.800         1.4589
       403 406             482.000         1.3610
       403 412             542.000         1.0150
       401 410             341.000         1.0957
       401 404             345.300         1.5388
       401 402             345.300         1.5181
       404 405             482.000         1.3572
       404 411             705.000         1.2314
       402 409             395.500         1.0914
       402 407             235.800         1.8318
       407 408             235.800         1.6971
       408 416             450.000         1.1861
       406 413             705.000         1.2330
       406 414             356.400         1.1017
       405 415             542.000         1.0125

 Additional Angle Bending Parameters :

     Atom Classes             K(B)          Angle

     403 406 413            60.000        124.094
     401 403 412            35.000        118.942
     406 403 412            35.000        118.838
     401 404 405            70.000        113.359
     401 404 411            80.000        121.700
     401 402 407            53.200        108.210
     401 403 406            50.000        121.364
     404 401 410            38.000        109.343
     402 401 410            38.000        110.332
     403 401 410            50.600        106.311
     402 401 404            60.000        109.451
     403 401 404            80.000        110.698
     402 401 403            80.000        110.661
     402 407 408            60.430         97.779
     407 408 416            60.000        178.379
     409 402 409            39.570        108.414
     401 402 409            42.440        109.507
     407 402 409            60.240        109.536
     405 404 411            60.000        124.942
     413 406 414            68.340        122.634
     403 406 414            31.650        113.263
     415 405 415            22.300        119.362
     404 405 415            35.000        117.511

 Additional Stretch-Bend Parameters :

     Atom Classes          K(SB)-1        K(SB)-2

     401 403 412             4.300          7.200
     406 403 412             4.300          7.200
     401 404 405            18.700         18.700
     401 402 407            18.700         18.700
     401 403 406             7.200          7.200
     404 401 410            11.500         18.700
     402 401 410            11.500         18.700
     403 401 410            11.500         11.500
     402 401 404            18.700         18.700
     403 401 404            18.700         18.700
     402 401 403            18.700         18.700
     402 407 408            -5.750         -5.750
     401 402 409            11.500         11.500
     407 402 409            11.500         11.500
     403 406 414            11.500         11.500
     404 405 415             4.300          7.200
     415 405 415             4.300          7.200
     401 404 411            18.700         18.700
     413 406 414            11.500         11.500

 Additional Out-of-Plane Bend Parameters :

     Atom Classes                   K(OPB)

     401 403   0   0                14.400
     401 404   0   0                14.400
     403 406   0   0               107.910
     404 405   0   0                71.940
     405 404   0   0               107.910
     406 403   0   0                71.940
     411 404   0   0               122.298
     412 403   0   0                 5.755
     413 406   0   0               122.298
     414 406   0   0               140.283
     415 405   0   0                 5.755

 Additional Torsional Parameters :

     Atom Classes     1-Fold    2-Fold    3-Fold    4-Fold    5-Fold    6-Fold

   403 401 404 405   0.00   0  0.00 180  0.00   0  0.00   0  0.00   0  0.00   0
   403 401 404 411   0.00   0  0.00 180  0.00   0  0.00   0  0.00   0  0.00   0
   403 401 402 409   0.00   0  0.00 180  0.00   0  0.00   0  0.00   0  0.00   0
   403 401 402 407   0.00   0  0.00 180  0.00   0  0.00   0  0.00   0  0.00   0
   410 401 403 412   0.00   0  0.00 180  0.00   0  0.00   0  0.00   0  0.00   0
   404 401 403 412   0.00   0  0.00 180  0.00   0  0.00   0  0.00   0  0.00   0
   402 401 403 412   0.00   0  0.00 180  0.00   0  0.00   0  0.00   0  0.00   0
   412 403 406 413   0.00   0  0.00 180  0.00   0  0.00   0  0.00   0  0.00   0
   412 403 406 414   0.00   0  0.00 180  0.00   0  0.00   0  0.00   0  0.00   0
   401 404 405 415   0.00   0  1.20 180  0.80   0  0.00   0  0.00   0  0.00   0
   401 402 407 408   0.00   0  0.00 180  0.00   0  0.00   0  0.00   0  0.00   0
   401 403 406 413   0.00   0  0.00 180  0.00   0  0.00   0  0.00   0  0.00   0
   401 403 406 414   0.00   0  0.00 180  0.00   0  0.00   0  0.00   0  0.00   0
   410 401 404 405   0.00   0  0.00 180  0.00   0  0.00   0  0.00   0  0.00   0
   410 401 404 411   0.00   0  0.00 180  0.00   0  0.00   0  0.00   0  0.00   0
   410 401 402 409   0.00   0  0.00 180  0.00   0  0.00   0  0.00   0  0.00   0
   410 401 402 407   0.00   0  0.00 180  0.00   0  0.00   0  0.00   0  0.00   0
   410 401 403 406   0.00   0  0.00 180  0.00   0  0.00   0  0.00   0  0.00   0
   404 401 402 409   0.00   0  0.00 180  0.00   0  0.00   0  0.00   0  0.00   0
   404 401 402 407   0.00   0  0.00 180  0.00   0  0.00   0  0.00   0  0.00   0
   404 401 403 406   0.00   0  0.00 180  0.00   0  0.00   0  0.00   0  0.00   0
   411 404 405 415   0.00   0  0.00 180  0.00   0  0.00   0  0.00   0  0.00   0
   402 401 404 411   0.00   0  0.00 180  0.00   0  0.00   0  0.00   0  0.00   0
   402 401 404 405   0.00   0  0.00 180  0.00   0  0.00   0  0.00   0  0.00   0
   402 401 403 406   0.00   0  0.00 180  0.00   0  0.00   0  0.00   0  0.00   0
   402 407 408 416   0.00   0  0.00 180  0.50   0  0.00   0  0.00   0  0.00   0
   409 402 407 408   0.00   0  0.00 180  0.00   0  0.00   0  0.00   0  0.00   0

 Additional Pi-Orbital Torsion Parameters :

     Atom Classes       2-Fold

       404 405           6.850
       403 406           6.850

 Additional van der Waals Parameters :

     Atom Class               Size        Epsilon        Reduction

         403                3.7100         0.1100          0.000
         412                2.5900         0.0220          0.900
         401                3.6500         0.1010          0.000
         410                2.8800         0.0240          0.910
         404                3.8200         0.1060          0.000
         411                3.3000         0.1120          0.000
         402                3.7800         0.1060          0.000
         407                4.0050         0.3550          0.000
         408                3.7800         0.1060          0.000
         416                3.7100         0.1050          0.000
         409                2.8700         0.0330          0.900
         406                3.8200         0.1060          0.000
         413                3.3000         0.1120          0.000
         405                3.7100         0.1100          0.000
         414                2.9200         0.0300          0.920
         415                2.5900         0.0220          0.900

 Additional Atomic Multipole Parameters :

     Atom Type     Coordinate Frame Definition         Multipole Moments

         401      403    404      0   Z-then-X    -0.27040
                                                  -0.22190  0.00000  0.26102
                                                  -0.17903
                                                   0.00000 -0.24517
                                                   0.13675  0.00000  0.42420

         402      407    401      0   Z-then-X    -0.16380
                                                   0.27778  0.00000 -0.20334
                                                   0.30211
                                                   0.00000 -0.49081
                                                  -0.33263  0.00000  0.18870

         403      406    401      0   Z-then-X    -0.06286
                                                   0.37348  0.00000 -0.12295
                                                   0.79149
                                                   0.00000 -1.08676
                                                  -0.63736  0.00000  0.29527

         404      411    405      0   Z-then-X     0.97419
                                                  -0.10999  0.00000  0.25580
                                                   0.38321
                                                   0.00000 -0.33696
                                                  -0.17133  0.00000 -0.04625

         405      404    415      0   Z-then-X    -0.32376
                                                   0.05823  0.00000 -0.07138
                                                   0.32176
                                                   0.00000 -0.38869
                                                  -0.03945  0.00000  0.06693

         406      413    403      0   Z-then-X     0.63075
                                                   0.40149  0.00000  0.25741
                                                  -0.01797
                                                   0.00000  0.01503
                                                   0.00873  0.00000  0.00294

         407      408    402      0   Z-then-X     0.34019
                                                   0.47821  0.00000  0.49978
                                                   1.11919
                                                   0.00000 -2.31639
                                                  -0.50667  0.00000  1.19720

         408      407    416      0   Z-then-X     0.21608
                                                   0.00820  0.00000 -0.28509
                                                   0.05369
                                                   0.00000  0.10740
                                                   0.05156  0.00000 -0.16109

         409      402    407      0   Z-then-X     0.09933
                                                   0.00064  0.00000 -0.16410
                                                   0.07960
                                                   0.00000  0.07569
                                                  -0.01944  0.00000 -0.15529

         410      401    403      0   Z-then-X     0.10718
                                                  -0.02083  0.00000 -0.03604
                                                  -0.03187
                                                   0.00000  0.01466
                                                  -0.01392  0.00000  0.01721

         411      404    405      0   Z-then-X    -0.77613
                                                   0.13027  0.00000 -0.18830
                                                  -0.53109
                                                   0.00000  0.25725
                                                   0.21601  0.00000  0.27384

         412      403    401      0   Z-then-X     0.11911
                                                   0.01244  0.00000 -0.25689
                                                   0.04573
                                                   0.00000  0.01640
                                                  -0.00301  0.00000 -0.06213

         413      406    403      0   Z-then-X    -0.66614
                                                  -0.21394  0.00000 -0.03273
                                                  -0.49754
                                                   0.00000  0.12402
                                                  -0.24547  0.00000  0.37352

         414      406    413      0   Z-then-X    -0.02624
                                                   0.07068  0.00000 -0.22870
                                                   0.12255
                                                   0.00000  0.03666
                                                   0.03118  0.00000 -0.15921

         415      405    404      0   Z-then-X     0.13248
                                                   0.00045  0.00000 -0.38308
                                                   0.28470
                                                   0.00000  0.12111
                                                   0.01221  0.00000 -0.40581

         416      408    407      0   Z-then-X    -0.56179
                                                   0.01684  0.00000 -0.29231
                                                   0.37390
                                                   0.00000  0.24558
                                                   0.00671  0.00000 -0.61948

 Additional Atomic Dipole Polarizability Parameters :

     Atom Type           Alpha       Thole     Group Atom Types

         403             1.073       0.390         412  401  406
         412             0.496       0.390         403
         401             1.334       0.390         403  410  404  402
         410             0.496       0.390         401
         404             1.334       0.390         401  411  405
         411             0.837       0.390         404
         402             1.334       0.390         401  407  409
         407             3.300       0.390         402  408
         408             1.334       0.390         407  416
         416             1.073       0.390         408
         409             0.496       0.390         402
         406             1.334       0.390         403  413  414
         413             0.837       0.390         406
         405             1.073       0.390         404  415
         414             0.494       0.390         406
         415             0.496       0.390         405

 Limited Memory BFGS Quasi-Newton Optimization :

 QN Iter     F Value      G RMS      F Move   X Move   Angle  FG Call  Comment

     0     4465.5146  1303.4343                                   1
     1     2899.9139   852.4417   1565.6008   0.0982    0.00      2    Success 
     2     2067.4646   606.5194    832.4492   0.0982   20.20      3    Success 
     3     1578.5997   443.3266    488.8649   0.0839   41.93      4    Success 
     4     1159.2940   320.3653    419.3057   0.0982   40.83      5    Success 
     5      896.5974   300.9217    262.6966   0.0982   47.67      6    Success 
     6      712.3369   412.4324    184.2605   0.0982   53.43      7    Success 
     7      526.1445   270.1385    186.1925   0.0872   66.70      8    Success 
     8      365.1069   174.4462    161.0376   0.0924   55.94      9    Success 
     9      286.5234   143.6006     78.5835   0.0551   46.36     10    Success 
    10      215.7941   150.4488     70.7292   0.0659   50.28     11    Success 
    11      186.4685   227.9803     29.3256   0.0719   60.00     12    Success 
    12      161.9023    80.1439     24.5662   0.0202   58.34     13    Success 
    13      149.1002    79.5570     12.8021   0.0204   57.00     14    Success 
    14      128.5042   109.3136     20.5960   0.0359   60.17     15    Success 
    15       99.2056   125.7359     29.2986   0.0653   71.31     16    Success 
    16       69.3302   140.1105     29.8754   0.0772   74.81     17    Success 
    17       62.0974   140.0005      7.2328   0.0893   76.43     18    Success 
    18       50.2640    91.6652     11.8335   0.0113   59.35     19    Success 
    19       37.8493    34.5107     12.4146   0.0172   41.87     20    Success 
    20       33.8240    36.1159      4.0254   0.0135   54.79     21    Success 
    21       27.3442    39.6677      6.4798   0.0287   64.43     22    Success 
    22       18.0718    57.2355      9.2724   0.0492   68.35     23    Success 
    23       12.5081    53.8080      5.5636   0.0557   76.84     24    Success 
    24        9.2584    35.5781      3.2497   0.0145   63.19     25    Success 
    25        7.9202    18.5167      1.3382   0.0059   58.15     26    Success 
    26        7.0558    15.6099      0.8644   0.0061   54.80     27    Success 
    27        6.0535    20.3467      1.0023   0.0097   60.99     28    Success 
    28        4.6303    24.4970      1.4231   0.0151   68.74     29    Success 
    29        3.9849    22.1820      0.6454   0.0112   74.91     31    Success 
    30        3.0707    13.5494      0.9142   0.0103   71.66     32    Success 
    31        2.2950     9.1792      0.7757   0.0094   61.94     33    Success 
    32        1.6259    10.0767      0.6691   0.0112   58.31     34    Success 
    33        1.1667     8.9806      0.4592   0.0112   66.46     35    Success 
    34        0.9397    10.4585      0.2270   0.0102   66.29     36    Success 
    35        0.7379     5.3078      0.2018   0.0024   51.07     37    Success 
    36        0.5753     5.8250      0.1626   0.0033   44.14     38    Success 
    37        0.4077     6.0926      0.1676   0.0058   67.60     39    Success 
    38        0.2932     9.7064      0.1145   0.0095   71.64     40    Success 
    39        0.1541     3.9004      0.1391   0.0045   73.06     41    Success 
    40        0.0860     3.3127      0.0681   0.0022   53.39     42    Success 
    41       -0.0095     5.6791      0.0955   0.0047   60.96     43    Success 
    42       -0.1279     6.0066      0.1184   0.0075   75.84     44    Success 
    43       -0.2197     3.8196      0.0919   0.0074   77.82     45    Success 
    44       -0.2571     2.9479      0.0374   0.0026   65.71     46    Success 
    45       -0.2688     7.3449      0.0117   0.0016   55.04     47    Success 
    46       -0.2869     4.0087      0.0181   0.0003   55.71     48    Success 
    47       -0.3111     2.4593      0.0243   0.0011   64.35     49    Success 
    48       -0.3344     4.2435      0.0233   0.0021   70.76     50    Success 
    49       -0.3679     4.9247      0.0334   0.0037   80.72     51    Success 
    50       -0.4113     6.1890      0.0434   0.0053   81.82     52    Success 
    51       -0.4629     4.2041      0.0516   0.0059   82.41     53    Success 
    52       -0.5076     2.7557      0.0447   0.0035   77.35     54    Success 
    53       -0.5619     3.7866      0.0544   0.0046   69.01     55    Success 
    54       -0.6011     4.9158      0.0391   0.0040   78.24     56    Success 
    55       -0.6453     3.9443      0.0442   0.0058   81.24     57    Success 
    56       -0.6824     2.3955      0.0371   0.0032   77.33     58    Success 
    57       -0.7189     2.4975      0.0365   0.0038   71.15     59    Success 
    58       -0.7443     2.7757      0.0254   0.0032   76.20     60    Success 
    59       -0.7739     2.9345      0.0296   0.0050   78.34     61    Success 
    60       -0.7960     2.3313      0.0221   0.0051   78.19     62    Success 
    61       -0.8095     1.2978      0.0135   0.0009   60.43     63    Success 
    62       -0.8196     1.3556      0.0101   0.0012   56.21     64    Success 
    63       -0.8279     1.4533      0.0084   0.0016   71.23     65    Success 
    64       -0.8345     1.5899      0.0066   0.0023   73.98     66    Success 
    65       -0.8383     0.9123      0.0037   0.0007   73.32     67    Success 
    66       -0.8404     0.7908      0.0021   0.0006   71.06     68    Success 
    67       -0.8426     1.2067      0.0022   0.0008   68.59     69    Success 
    68       -0.8450     0.8713      0.0024   0.0007   77.35     70    Success 
    69       -0.8480     1.1816      0.0030   0.0009   70.23     71    Success 
    70       -0.8514     0.9435      0.0034   0.0011   78.08     72    Success 
    71       -0.8563     0.7864      0.0049   0.0014   73.37     73    Success 
    72       -0.8572     2.9069      0.0008   0.0020   71.23     74    Success 
    73       -0.8587     2.4585      0.0016   0.0001   75.09     75    Success 
    74       -0.8614     1.6693      0.0027   0.0003   76.06     76    Success 
    75       -0.8650     0.6183      0.0036   0.0007   76.24     77    Success 
    76       -0.8668     0.9756      0.0018   0.0007   71.10     78    Success 
    77       -0.8698     1.4905      0.0030   0.0011   79.44     79    Success 
    78       -0.8746     1.8060      0.0049   0.0019   83.15     80    Success 
    79       -0.8825     1.9545      0.0079   0.0029   84.12     81    Success 
    80       -0.8893     2.6580      0.0067   0.0048   84.66     82    Success 
    81       -0.8984     1.3479      0.0092   0.0030   84.64     83    Success 
    82       -0.9033     0.5664      0.0049   0.0016   78.74     84    Success 
    83       -0.9056     0.6929      0.0023   0.0007   61.31     85    Success 
    84       -0.9069     0.6333      0.0013   0.0004   67.27     86    Success 
    85       -0.9085     0.4960      0.0015   0.0007   73.02     87    Success 
    86       -0.9101     0.4754      0.0016   0.0011   75.68     88    Success 
    87       -0.9113     0.7663      0.0012   0.0012   79.30     89    Success 
    88       -0.9120     0.7362      0.0007   0.0007   81.83     90    Success 
    89       -0.9128     0.5288      0.0008   0.0003   76.58     91    Success 
    90       -0.9140     0.4877      0.0012   0.0004   67.59     92    Success 
    91       -0.9158     0.8125      0.0018   0.0009   71.78     93    Success 
    92       -0.9182     1.1842      0.0024   0.0015   81.06     94    Success 
    93       -0.9203     1.2202      0.0021   0.0019   84.11     95    Success 
    94       -0.9222     0.7372      0.0020   0.0010   82.60     96    Success 
    95       -0.9237     0.5123      0.0014   0.0006   74.51     97    Success 
    96       -0.9249     0.6753      0.0013   0.0007   75.45     98    Success 
    97       -0.9268     0.8401      0.0019   0.0013   81.03     99    Success 
    98       -0.9295     1.3304      0.0027   0.0023   83.72    100    Success 
    99       -0.9330     0.9377      0.0035   0.0026   85.16    101    Success 
   100       -0.9370     0.7679      0.0040   0.0035   84.15    102    Success 
   101       -0.9395     1.1242      0.0025   0.0027   79.97    103    Success 
   102       -0.9418     0.7066      0.0023   0.0005   66.49    104    Success 
   103       -0.9430     0.5236      0.0012   0.0005   74.80    105    Success 
   104       -0.9448     0.6177      0.0018   0.0008   70.01    106    Success 
   105       -0.9474     0.7902      0.0026   0.0016   78.20    107    Success 
   106       -0.9510     0.8996      0.0036   0.0026   82.41    108    Success 
   107       -0.9554     1.0569      0.0044   0.0034   82.46    109    Success 
   108       -0.9574     0.8643      0.0019   0.0019   83.79    111    Success 
   109       -0.9588     0.4338      0.0014   0.0011   82.42    112    Success 
   110       -0.9593     0.4899      0.0005   0.0006   78.51    113    Success 
   111       -0.9598     0.4321      0.0005   0.0005   80.56    114    Success 
   112       -0.9605     0.4870      0.0007   0.0006   79.69    115    Success 
   113       -0.9614     0.3812      0.0009   0.0007   75.99    116    Success 
   114       -0.9617     0.5613      0.0003   0.0017   81.35    117    Success 
   115       -0.9622     0.3096      0.0005   0.0003   78.86    118    Success 
   116       -0.9626     0.2182      0.0004   0.0005   76.95    119    Success 
   117       -0.9628     0.3073      0.0002   0.0003   72.34    120    Success 
   118       -0.9631     0.2368      0.0003   0.0004   77.95    121    Success 
   119       -0.9633     0.2008      0.0002   0.0005   78.21    122    Success 
   120       -0.9635     0.1803      0.0001   0.0002   76.53    123    Success 
   121       -0.9636     0.1940      0.0001   0.0002   78.90    124    Success 
   122       -0.9637     0.2598      0.0001   0.0002   73.88    125    Success 
   123       -0.9638     0.2427      0.0001   0.0004   81.00    126    Success 
   124       -0.9638     0.0794      0.0001   0.0002   83.03    127    Success 
   125       -0.9639     0.0632      0.0000   0.0001   76.47    128    Success 
   126       -0.9639     0.0725      0.0000   0.0001   64.64    129    Success 
   127       -0.9639     0.0833      0.0000   0.0001   63.99    130    Success 
   128       -0.9639     0.1426      0.0000   0.0002   72.29    131    Success 
   129       -0.9640     0.0831      0.0000   0.0000   71.53    132    Success 
   130       -0.9640     0.0379      0.0000   0.0001   68.10    133    Success 
   131       -0.9640     0.0417      0.0000   0.0000   62.28    134    Success 
   132       -0.9640     0.0491      0.0000   0.0000   70.54    135    Success 
   133       -0.9640     0.0818      0.0000   0.0001   74.69    136    Success 
   134       -0.9640     0.0381      0.0000   0.0000   75.54    137    Success 
   135       -0.9640     0.0314      0.0000   0.0000   72.32    138    Success 
   136       -0.9640     0.0425      0.0000   0.0000   76.64    139    Success 
   137       -0.9640     0.0439      0.0000   0.0001   80.71    140    Success 
   138       -0.9640     0.0539      0.0000   0.0001   81.78    141    Success 
   139       -0.9640     0.0459      0.0000   0.0001   83.30    142    Success 
   140       -0.9640     0.0204      0.0000   0.0000   79.46    143    Success 
   141       -0.9640     0.0175      0.0000   0.0000   70.90    144    Success 
   142       -0.9640     0.0232      0.0000   0.0000   58.68    145    Success 
   143       -0.9640     0.0252      0.0000   0.0000   76.12    146    Success 
   144       -0.9640     0.0212      0.0000   0.0001   79.56    147    Success 
   145       -0.9640     0.0203      0.0000   0.0000   81.43    149    Success 
   146       -0.9640     0.0091      0.0000   0.0000   81.78    150    Success 
   147       -0.9640     0.0112      0.0000   0.0000   66.71    151    Success 
   148       -0.9640     0.0118      0.0000   0.0000   73.25    152    Success 
   149       -0.9640     0.0141      0.0000   0.0000   72.56    153    Success 
   150       -0.9640     0.0063      0.0000   0.0000   80.38    154    Success 
   151       -0.9640     0.0053      0.0000   0.0000   72.17    155    Success 
   152       -0.9640     0.0059      0.0000   0.0000   69.45    156    Success 
   153       -0.9640     0.0103      0.0000   0.0000   70.21    157    Success 
   154       -0.9640     0.0049      0.0000   0.0000   74.90    158    Success 
   155       -0.9640     0.0036      0.0000   0.0000   74.13    159    Success 
   156       -0.9640     0.0092      0.0000   0.0000   66.11    160    Success 
   157       -0.9640     0.0031      0.0000   0.0000   77.18    161    Success 
   158       -0.9640     0.0029      0.0000   0.0000   64.61    162    Success 
   159       -0.9640     0.0026      0.0000   0.0000   71.72    163    Success 
   160       -0.9640     0.0024      0.0000   0.0000   70.65    164    Success 
   161       -0.9640     0.0030      0.0000   0.0000   68.30    165    Success 
   162       -0.9640     0.0014      0.0000   0.0000   70.03    166    Success 
   163       -0.9640     0.0012      0.0000   0.0000   63.38    167    Success 
   164       -0.9640     0.0014      0.0000   0.0000   66.93    168    Success 
   165       -0.9640     0.0031      0.0000   0.0000   71.25    169    Success 
   166       -0.9640     0.0021      0.0000   0.0000   62.03    170    Success 
   167       -0.9640     0.0006      0.0000   0.0000   62.64    171   SmallGrad

 LBFGS  --  Normal Termination due to SmallGrad

 Final Function Value :           -0.9640
 Final RMS Gradient :              0.0006
 Final Gradient Norm :             0.0026
