
     ######################################################################
   ##########################################################################
  ###                                                                      ###
 ###            Tinker  ---  Software Tools for Molecular Design            ###
 ##                                                                          ##
 ##                          Version 8.7  June 2019                          ##
 ##                                                                          ##
 ##               Copyright (c)  Jay William Ponder  1990-2019               ##
 ###                           All Rights Reserved                          ###
  ###                                                                      ###
   ##########################################################################
     ######################################################################


 Additional Atom Definition Parameters :

     Type  Class  Symbol  Description               Atomic    Mass   Valence

     403    403     N     ModifiedRes                  7     14.007     3
     412    412     H     ModifiedRes                  1      1.008     1
     401    401     C     ModifiedRes                  6     12.011     4
     410    410     H     ModifiedRes                  1      1.008     1
     404    404     C     ModifiedRes                  6     12.011     3
     411    411     O     ModifiedRes                  8     15.999     1
     402    402     C     ModifiedRes                  6     12.011     4
     407    407     S     ModifiedRes                 16     32.066     2
     408    408     C     ModifiedRes                  6     12.011     2
     416    416     N     ModifiedRes                  7     14.007     1
     409    409     H     ModifiedRes                  1      1.008     1
     406    406     C     ModifiedRes                  6     12.011     3
     413    413     O     ModifiedRes                  8     15.999     1
     405    405     N     ModifiedRes                  7     14.007     3
     414    414     H     ModifiedRes                  1      1.008     1
     415    415     H     ModifiedRes                  1      1.008     1

 Additional Bond Stretching Parameters :

     Atom Classes             K(S)         Length

       401 403             374.800         1.4589
       403 406             482.000         1.3610
       403 412             542.000         1.0150
       401 410             341.000         1.0957
       401 404             345.300         1.5388
       401 402             345.300         1.5181
       404 405             482.000         1.3572
       404 411             705.000         1.2314
       402 409             395.500         1.0914
       402 407             235.800         1.8318
       407 408             235.800         1.6971
       408 416             450.000         1.1861
       406 413             705.000         1.2330
       406 414             356.400         1.1017
       405 415             542.000         1.0125

 Additional Angle Bending Parameters :

     Atom Classes             K(B)          Angle

     403 406 413            60.000        124.094
     401 403 412            35.000        118.942
     406 403 412            35.000        118.838
     401 404 405            70.000        113.359
     401 404 411            80.000        121.700
     401 402 407            53.200        108.210
     401 403 406            50.000        121.364
     404 401 410            38.000        109.343
     402 401 410            38.000        110.332
     403 401 410            50.600        106.311
     402 401 404            60.000        109.451
     403 401 404            80.000        110.698
     402 401 403            80.000        110.661
     402 407 408            60.430         97.779
     407 408 416            60.000        178.379
     409 402 409            39.570        108.414
     401 402 409            42.440        109.507
     407 402 409            60.240        109.536
     405 404 411            60.000        124.942
     413 406 414            68.340        122.634
     403 406 414            31.650        113.263
     415 405 415            22.300        119.362
     404 405 415            35.000        117.511

 Additional Stretch-Bend Parameters :

     Atom Classes          K(SB)-1        K(SB)-2

     401 403 412             4.300          7.200
     406 403 412             4.300          7.200
     401 404 405            18.700         18.700
     401 402 407            18.700         18.700
     401 403 406             7.200          7.200
     404 401 410            11.500         18.700
     402 401 410            11.500         18.700
     403 401 410            11.500         11.500
     402 401 404            18.700         18.700
     403 401 404            18.700         18.700
     402 401 403            18.700         18.700
     402 407 408            -5.750         -5.750
     401 402 409            11.500         11.500
     407 402 409            11.500         11.500
     403 406 414            11.500         11.500
     404 405 415             4.300          7.200
     415 405 415             4.300          7.200
     401 404 411            18.700         18.700
     413 406 414            11.500         11.500

 Additional Out-of-Plane Bend Parameters :

     Atom Classes                   K(OPB)

     401 403   0   0                14.400
     401 404   0   0                14.400
     403 406   0   0               107.910
     404 405   0   0                71.940
     405 404   0   0               107.910
     406 403   0   0                71.940
     411 404   0   0               122.298
     412 403   0   0                 5.755
     413 406   0   0               122.298
     414 406   0   0               140.283
     415 405   0   0                 5.755

 Additional Torsional Parameters :

     Atom Classes     1-Fold    2-Fold    3-Fold    4-Fold    5-Fold    6-Fold

   403 401 404 405   0.00   0  0.00 180  0.00   0  0.00   0  0.00   0  0.00   0
   403 401 404 411   0.00   0  0.00 180  0.00   0  0.00   0  0.00   0  0.00   0
   403 401 402 409   0.00   0  0.00 180  0.00   0  0.00   0  0.00   0  0.00   0
   403 401 402 407   0.00   0  0.00 180  0.00   0  0.00   0  0.00   0  0.00   0
   410 401 403 412   0.00   0  0.00 180  0.00   0  0.00   0  0.00   0  0.00   0
   404 401 403 412   0.00   0  0.00 180  0.00   0  0.00   0  0.00   0  0.00   0
   402 401 403 412   0.00   0  0.00 180  0.00   0  0.00   0  0.00   0  0.00   0
   412 403 406 413   0.00   0  0.00 180  0.00   0  0.00   0  0.00   0  0.00   0
   412 403 406 414   0.00   0  0.00 180  0.00   0  0.00   0  0.00   0  0.00   0
   401 404 405 415   0.00   0  1.20 180  0.80   0  0.00   0  0.00   0  0.00   0
   401 402 407 408   0.00   0  0.00 180  0.00   0  0.00   0  0.00   0  0.00   0
   401 403 406 413   0.00   0  0.00 180  0.00   0  0.00   0  0.00   0  0.00   0
   401 403 406 414   0.00   0  0.00 180  0.00   0  0.00   0  0.00   0  0.00   0
   410 401 404 405   0.00   0  0.00 180  0.00   0  0.00   0  0.00   0  0.00   0
   410 401 404 411   0.00   0  0.00 180  0.00   0  0.00   0  0.00   0  0.00   0
   410 401 402 409   0.00   0  0.00 180  0.00   0  0.00   0  0.00   0  0.00   0
   410 401 402 407   0.00   0  0.00 180  0.00   0  0.00   0  0.00   0  0.00   0
   410 401 403 406   0.00   0  0.00 180  0.00   0  0.00   0  0.00   0  0.00   0
   404 401 402 409   0.00   0  0.00 180  0.00   0  0.00   0  0.00   0  0.00   0
   404 401 402 407   0.00   0  0.00 180  0.00   0  0.00   0  0.00   0  0.00   0
   404 401 403 406   0.00   0  0.00 180  0.00   0  0.00   0  0.00   0  0.00   0
   411 404 405 415   0.00   0  0.00 180  0.00   0  0.00   0  0.00   0  0.00   0
   402 401 404 411   0.00   0  0.00 180  0.00   0  0.00   0  0.00   0  0.00   0
   402 401 404 405   0.00   0  0.00 180  0.00   0  0.00   0  0.00   0  0.00   0
   402 401 403 406   0.00   0  0.00 180  0.00   0  0.00   0  0.00   0  0.00   0
   402 407 408 416   0.00   0  0.00 180  0.50   0  0.00   0  0.00   0  0.00   0
   409 402 407 408   0.00   0  0.00 180  0.00   0  0.00   0  0.00   0  0.00   0

 Additional Pi-Orbital Torsion Parameters :

     Atom Classes       2-Fold

       404 405           6.850
       403 406           6.850

 Additional van der Waals Parameters :

     Atom Class               Size        Epsilon        Reduction

         403                3.7100         0.1100          0.000
         412                2.5900         0.0220          0.900
         401                3.6500         0.1010          0.000
         410                2.8800         0.0240          0.910
         404                3.8200         0.1060          0.000
         411                3.3000         0.1120          0.000
         402                3.7800         0.1060          0.000
         407                4.0050         0.3550          0.000
         408                3.7800         0.1060          0.000
         416                3.7100         0.1050          0.000
         409                2.8700         0.0330          0.900
         406                3.8200         0.1060          0.000
         413                3.3000         0.1120          0.000
         405                3.7100         0.1100          0.000
         414                2.9200         0.0300          0.920
         415                2.5900         0.0220          0.900

 Additional Atomic Multipole Parameters :

     Atom Type     Coordinate Frame Definition         Multipole Moments

         401      403    404      0   Z-then-X    -0.27040
                                                  -0.22190  0.00000  0.26102
                                                  -0.17903
                                                   0.00000 -0.24517
                                                   0.13675  0.00000  0.42420

         402      407    401      0   Z-then-X    -0.16380
                                                   0.27778  0.00000 -0.20334
                                                   0.30211
                                                   0.00000 -0.49081
                                                  -0.33263  0.00000  0.18870

         403      406    401      0   Z-then-X    -0.06286
                                                   0.37348  0.00000 -0.12295
                                                   0.79149
                                                   0.00000 -1.08676
                                                  -0.63736  0.00000  0.29527

         404      411    405      0   Z-then-X     0.97419
                                                  -0.10999  0.00000  0.25580
                                                   0.38321
                                                   0.00000 -0.33696
                                                  -0.17133  0.00000 -0.04625

         405      404    415      0   Z-then-X    -0.32376
                                                   0.05823  0.00000 -0.07138
                                                   0.32176
                                                   0.00000 -0.38869
                                                  -0.03945  0.00000  0.06693

         406      413    403      0   Z-then-X     0.63075
                                                   0.40149  0.00000  0.25741
                                                  -0.01797
                                                   0.00000  0.01503
                                                   0.00873  0.00000  0.00294

         407      408    402      0   Z-then-X     0.34019
                                                   0.47821  0.00000  0.49978
                                                   1.11919
                                                   0.00000 -2.31639
                                                  -0.50667  0.00000  1.19720

         408      407    416      0   Z-then-X     0.21608
                                                   0.00820  0.00000 -0.28509
                                                   0.05369
                                                   0.00000  0.10740
                                                   0.05156  0.00000 -0.16109

         409      402    407      0   Z-then-X     0.09933
                                                   0.00064  0.00000 -0.16410
                                                   0.07960
                                                   0.00000  0.07569
                                                  -0.01944  0.00000 -0.15529

         410      401    403      0   Z-then-X     0.10718
                                                  -0.02083  0.00000 -0.03604
                                                  -0.03187
                                                   0.00000  0.01466
                                                  -0.01392  0.00000  0.01721

         411      404    405      0   Z-then-X    -0.77613
                                                   0.13027  0.00000 -0.18830
                                                  -0.53109
                                                   0.00000  0.25725
                                                   0.21601  0.00000  0.27384

         412      403    401      0   Z-then-X     0.11911
                                                   0.01244  0.00000 -0.25689
                                                   0.04573
                                                   0.00000  0.01640
                                                  -0.00301  0.00000 -0.06213

         413      406    403      0   Z-then-X    -0.66614
                                                  -0.21394  0.00000 -0.03273
                                                  -0.49754
                                                   0.00000  0.12402
                                                  -0.24547  0.00000  0.37352

         414      406    413      0   Z-then-X    -0.02624
                                                   0.07068  0.00000 -0.22870
                                                   0.12255
                                                   0.00000  0.03666
                                                   0.03118  0.00000 -0.15921

         415      405    404      0   Z-then-X     0.13248
                                                   0.00045  0.00000 -0.38308
                                                   0.28470
                                                   0.00000  0.12111
                                                   0.01221  0.00000 -0.40581

         416      408    407      0   Z-then-X    -0.56179
                                                   0.01684  0.00000 -0.29231
                                                   0.37390
                                                   0.00000  0.24558
                                                   0.00671  0.00000 -0.61948

 Additional Atomic Dipole Polarizability Parameters :

     Atom Type           Alpha       Thole     Group Atom Types

         403             1.073       0.390         412  401  406
         412             0.496       0.390         403
         401             1.334       0.390         403  410  404  402
         410             0.496       0.390         401
         404             1.334       0.390         401  411  405
         411             0.837       0.390         404
         402             1.334       0.390         401  407  409
         407             3.300       0.390         402  408
         408             1.334       0.390         407  416
         416             1.073       0.390         408
         409             0.496       0.390         402
         406             1.334       0.390         403  413  414
         413             0.837       0.390         406
         405             1.073       0.390         404  415
         414             0.494       0.390         406
         415             0.496       0.390         405

 Limited Memory BFGS Quasi-Newton Optimization :

 QN Iter     F Value      G RMS      F Move   X Move   Angle  FG Call  Comment

     0      726.9020   512.7337                                   1
     1      381.3272   331.0225    345.5748   0.0982    0.00      2    Success 
     2      282.8189   261.2851     98.5083   0.0322   17.05      3    Success 
     3      218.1645   189.4502     64.6545   0.0217   41.22      4    Success 
     4      119.4592   111.5091     98.7053   0.0522   43.38      5    Success 
     5       42.5108   118.2269     76.9483   0.0865   37.79      6    Success 
     6       25.5210   105.5220     16.9899   0.0276   54.33      8    Success 
     7       10.1111    66.0030     15.4098   0.0197   58.03      9    Success 
     8       -5.5476    43.1351     15.6587   0.0326   43.78     10    Success 
     9       -8.7442    59.6476      3.1966   0.0184   40.13     11    Success 
    10      -11.8868    28.7554      3.1426   0.0045   25.44     12    Success 
    11      -14.6152    27.9969      2.7284   0.0085   30.52     13    Success 
    12      -17.1791    32.6921      2.5639   0.0135   58.61     14    Success 
    13      -20.6692    29.0189      3.4901   0.0210   66.87     15    Success 
    14      -22.8697    43.7664      2.2006   0.0362   68.37     16    Success 
    15      -25.5934    16.7184      2.7237   0.0082   47.53     17    Success 
    16      -26.5396    13.1393      0.9461   0.0066   49.68     18    Success 
    17      -27.4765    11.0959      0.9370   0.0106   56.94     19    Success 
    18      -28.2630    16.9194      0.7864   0.0120   55.93     20    Success 
    19      -28.8959     8.8074      0.6330   0.0113   73.60     21    Success 
    20      -29.3403     8.3210      0.4444   0.0084   64.17     22    Success 
    21      -29.9756     8.1757      0.6353   0.0128   62.33     23    Success 
    22      -30.5285    14.3808      0.5529   0.0200   69.14     24    Success 
    23      -30.8806    13.5678      0.3521   0.0154   73.94     25    Success 
    24      -30.9570    10.6489      0.0763   0.0055   80.29     27    Success 
    25      -31.0911     8.2480      0.1341   0.0011   40.69     28    Success 
    26      -31.3160     6.5566      0.2249   0.0024   41.35     29    Success 
    27      -31.6422     7.0353      0.3262   0.0057   47.97     30    Success 
    28      -31.8493     7.9421      0.2071   0.0092   65.56     31    Success 
    29      -31.9793     6.4077      0.1301   0.0068   74.86     32    Success 
    30      -32.0605     4.6900      0.0812   0.0027   69.94     33    Success 
    31      -32.1488     5.5758      0.0883   0.0051   68.04     34    Success 
    32      -32.1988     4.3110      0.0500   0.0037   79.66     35    Success 
    33      -32.2777     4.4295      0.0789   0.0050   75.14     36    Success 
    34      -32.3942     5.1823      0.1165   0.0068   72.97     37    Success 
    35      -32.4878     8.2194      0.0936   0.0111   76.98     38    Success 
    36      -32.5704     3.8527      0.0826   0.0022   67.05     39    Success 
    37      -32.6090     3.2567      0.0385   0.0015   57.25     40    Success 
    38      -32.6303     5.1138      0.0214   0.0019   67.27     41    Success 
    39      -32.6457     3.8443      0.0154   0.0016   77.69     42    Success 
    40      -32.6572     2.5519      0.0115   0.0013   81.10     43    Success 
    41      -32.6735     2.0390      0.0163   0.0024   78.16     44    Success 
    42      -32.6917     2.2893      0.0182   0.0020   71.43     45    Success 
    43      -32.7204     2.5688      0.0287   0.0026   69.90     46    Success 
    44      -32.7559     2.9431      0.0354   0.0040   71.75     47    Success 
    45      -32.7711     2.3265      0.0152   0.0022   74.80     49    Success 
    46      -32.7835     1.2492      0.0125   0.0012   71.12     50    Success 
    47      -32.7949     1.9562      0.0114   0.0014   55.51     51    Success 
    48      -32.8025     2.0273      0.0075   0.0010   74.10     52    Success 
    49      -32.8089     2.8385      0.0064   0.0022   79.05     53    Success 
    50      -32.8174     1.1892      0.0086   0.0013   78.76     54    Success 
    51      -32.8205     0.5910      0.0031   0.0010   77.06     55    Success 
    52      -32.8220     0.7704      0.0015   0.0005   69.26     56    Success 
    53      -32.8244     0.9845      0.0024   0.0007   71.66     57    Success 
    54      -32.8274     1.6942      0.0031   0.0010   74.51     58    Success 
    55      -32.8311     1.4218      0.0037   0.0012   80.53     59    Success 
    56      -32.8336     1.0328      0.0025   0.0008   79.52     60    Success 
    57      -32.8356     0.6136      0.0020   0.0007   74.48     61    Success 
    58      -32.8365     0.6507      0.0009   0.0002   52.30     62    Success 
    59      -32.8380     0.9528      0.0015   0.0004   64.85     63    Success 
    60      -32.8400     0.7366      0.0019   0.0007   76.05     64    Success 
    61      -32.8413     1.7442      0.0013   0.0016   79.26     65    Success 
    62      -32.8431     0.7212      0.0018   0.0003   76.32     66    Success 
    63      -32.8445     0.9195      0.0014   0.0006   73.13     67    Success 
    64      -32.8457     1.2637      0.0012   0.0005   80.18     68    Success 
    65      -32.8477     1.4058      0.0020   0.0008   82.51     69    Success 
    66      -32.8510     1.4396      0.0033   0.0013   83.22     70    Success 
    67      -32.8533     2.1331      0.0022   0.0020   82.48     71    Success 
    68      -32.8567     1.2780      0.0034   0.0011   83.92     72    Success 
    69      -32.8595     0.5373      0.0028   0.0013   81.56     73    Success 
    70      -32.8608     0.6722      0.0013   0.0006   72.99     74    Success 
    71      -32.8628     0.9807      0.0019   0.0009   75.76     75    Success 
    72      -32.8652     1.0620      0.0024   0.0013   81.59     76    Success 
    73      -32.8683     0.8734      0.0031   0.0018   82.22     77    Success 
    74      -32.8696     0.7253      0.0013   0.0013   82.84     79    Success 
    75      -32.8710     0.4104      0.0014   0.0006   74.03     80    Success 
    76      -32.8715     0.7437      0.0005   0.0003   60.19     81    Success 
    77      -32.8721     0.6766      0.0006   0.0002   73.93     82    Success 
    78      -32.8730     0.6549      0.0009   0.0004   76.93     83    Success 
    79      -32.8742     0.4789      0.0012   0.0009   81.31     84    Success 
    80      -32.8752     0.4955      0.0009   0.0011   81.09     85    Success 
    81      -32.8759     0.5566      0.0007   0.0009   80.31     86    Success 
    82      -32.8764     0.4787      0.0005   0.0003   73.83     87    Success 
    83      -32.8770     0.2938      0.0006   0.0003   69.28     88    Success 
    84      -32.8774     0.2961      0.0004   0.0002   64.92     89    Success 
    85      -32.8778     0.3498      0.0004   0.0003   72.89     90    Success 
    86      -32.8782     0.3986      0.0005   0.0005   77.93     91    Success 
    87      -32.8787     0.4960      0.0005   0.0011   83.74     92    Success 
    88      -32.8791     0.3177      0.0004   0.0006   80.04     93    Success 
    89      -32.8794     0.1695      0.0003   0.0001   56.95     94    Success 
    90      -32.8797     0.1954      0.0002   0.0002   49.18     95    Success 
    91      -32.8797     0.2748      0.0001   0.0002   74.76     96    Success 
    92      -32.8798     0.1157      0.0001   0.0001   77.63     97    Success 
    93      -32.8799     0.0931      0.0000   0.0001   71.26     98    Success 
    94      -32.8799     0.1372      0.0000   0.0001   71.81     99    Success 
    95      -32.8800     0.1680      0.0001   0.0001   76.45    100    Success 
    96      -32.8801     0.1530      0.0001   0.0002   77.37    101    Success 
    97      -32.8801     0.1971      0.0000   0.0001   78.81    103    Success 
    98      -32.8801     0.1126      0.0000   0.0001   80.02    104    Success 
    99      -32.8801     0.0602      0.0000   0.0001   76.69    105    Success 
   100      -32.8801     0.0885      0.0000   0.0000   71.05    106    Success 
   101      -32.8802     0.0668      0.0000   0.0000   72.82    107    Success 
   102      -32.8802     0.0426      0.0000   0.0000   64.77    108    Success 
   103      -32.8802     0.0338      0.0000   0.0000   64.52    109    Success 
   104      -32.8802     0.0327      0.0000   0.0000   75.71    110    Success 
   105      -32.8802     0.0489      0.0000   0.0001   76.67    111    Success 
   106      -32.8802     0.0240      0.0000   0.0000   78.78    112    Success 
   107      -32.8802     0.0235      0.0000   0.0000   66.49    113    Success 
   108      -32.8802     0.0236      0.0000   0.0000   66.79    114    Success 
   109      -32.8802     0.0307      0.0000   0.0000   70.42    115    Success 
   110      -32.8802     0.0437      0.0000   0.0000   74.94    116    Success 
   111      -32.8802     0.0167      0.0000   0.0000   69.77    117    Success 
   112      -32.8802     0.0129      0.0000   0.0000   66.87    118    Success 
   113      -32.8802     0.0146      0.0000   0.0000   71.47    119    Success 
   114      -32.8802     0.0152      0.0000   0.0000   70.38    120    Success 
   115      -32.8802     0.0297      0.0000   0.0000   66.71    121    Success 
   116      -32.8802     0.0186      0.0000   0.0000   80.15    122    Success 
   117      -32.8802     0.0131      0.0000   0.0000   77.31    123    Success 
   118      -32.8802     0.0264      0.0000   0.0000   69.83    124    Success 
   119      -32.8802     0.0151      0.0000   0.0000   67.85    125    Success 
   120      -32.8802     0.0107      0.0000   0.0000   64.18    126    Success 
   121      -32.8802     0.0123      0.0000   0.0000   68.05    127    Success 
   122      -32.8802     0.0202      0.0000   0.0000   74.70    129    Success 
   123      -32.8802     0.0109      0.0000   0.0000   81.28    130    Success 
   124      -32.8802     0.0065      0.0000   0.0000   78.23    131    Success 
   125      -32.8802     0.0057      0.0000   0.0000   70.28    132    Success 
   126      -32.8802     0.0061      0.0000   0.0000   59.16    133    Success 
   127      -32.8802     0.0065      0.0000   0.0000   63.46    134    Success 
   128      -32.8802     0.0103      0.0000   0.0000   67.37    135    Success 
   129      -32.8802     0.0035      0.0000   0.0000   74.30    136    Success 
   130      -32.8802     0.0033      0.0000   0.0000   60.15    137    Success 
   131      -32.8802     0.0030      0.0000   0.0000   60.92    138    Success 
   132      -32.8802     0.0048      0.0000   0.0000   65.12    139    Success 
   133      -32.8802     0.0082      0.0000   0.0000   74.35    140    Success 
   134      -32.8802     0.0069      0.0000   0.0000   68.84    141    Success 
   135      -32.8802     0.0047      0.0000   0.0000   66.96    142    Success 
   136      -32.8802     0.0019      0.0000   0.0000   61.77    143    Success 
   137      -32.8802     0.0024      0.0000   0.0000   61.28    144    Success 
   138      -32.8802     0.0031      0.0000   0.0000   70.24    145    Success 
   139      -32.8802     0.0036      0.0000   0.0000   75.03    146    Success 
   140      -32.8802     0.0042      0.0000   0.0000   77.84    147    Success 
   141      -32.8802     0.0072      0.0000   0.0000   80.78    148    Success 
   142      -32.8802     0.0042      0.0000   0.0000   84.29    149    Success 
   143      -32.8802     0.0019      0.0000   0.0000   75.77    150    Success 
   144      -32.8802     0.0022      0.0000   0.0000   59.51    151    Success 
   145      -32.8802     0.0031      0.0000   0.0000   67.75    152    Success 
   146      -32.8802     0.0023      0.0000   0.0000   73.94    153    Success 
   147      -32.8802     0.0016      0.0000   0.0000   70.83    154    Success 
   148      -32.8802     0.0022      0.0000   0.0000   71.52    155    Success 
   149      -32.8802     0.0022      0.0000   0.0000   80.15    156    Success 
   150      -32.8802     0.0025      0.0000   0.0000   79.15    157    Success 
   151      -32.8802     0.0022      0.0000   0.0000   80.15    158    Success 
   152      -32.8802     0.0008      0.0000   0.0000   77.75    159   SmallGrad

 LBFGS  --  Normal Termination due to SmallGrad

 Final Function Value :          -32.8802
 Final RMS Gradient :              0.0008
 Final Gradient Norm :             0.0033
