
     ######################################################################
   ##########################################################################
  ###                                                                      ###
 ###            Tinker  ---  Software Tools for Molecular Design            ###
 ##                                                                          ##
 ##                          Version 8.7  June 2019                          ##
 ##                                                                          ##
 ##               Copyright (c)  Jay William Ponder  1990-2019               ##
 ###                           All Rights Reserved                          ###
  ###                                                                      ###
   ##########################################################################
     ######################################################################


 Additional Atom Definition Parameters :

     Type  Class  Symbol  Description               Atomic    Mass   Valence

     403    403     N     ModifiedRes                  7     14.007     3
     412    412     H     ModifiedRes                  1      1.008     1
     401    401     C     ModifiedRes                  6     12.011     4
     410    410     H     ModifiedRes                  1      1.008     1
     404    404     C     ModifiedRes                  6     12.011     3
     411    411     O     ModifiedRes                  8     15.999     1
     402    402     C     ModifiedRes                  6     12.011     4
     407    407     S     ModifiedRes                 16     32.066     2
     408    408     C     ModifiedRes                  6     12.011     2
     416    416     N     ModifiedRes                  7     14.007     1
     409    409     H     ModifiedRes                  1      1.008     1
     406    406     C     ModifiedRes                  6     12.011     3
     413    413     O     ModifiedRes                  8     15.999     1
     405    405     N     ModifiedRes                  7     14.007     3
     414    414     H     ModifiedRes                  1      1.008     1
     415    415     H     ModifiedRes                  1      1.008     1

 Additional Bond Stretching Parameters :

     Atom Classes             K(S)         Length

       401 403             374.800         1.4589
       403 406             482.000         1.3610
       403 412             542.000         1.0150
       401 410             341.000         1.0957
       401 404             345.300         1.5388
       401 402             345.300         1.5181
       404 405             482.000         1.3572
       404 411             705.000         1.2314
       402 409             395.500         1.0914
       402 407             235.800         1.8318
       407 408             235.800         1.6971
       408 416             450.000         1.1861
       406 413             705.000         1.2330
       406 414             356.400         1.1017
       405 415             542.000         1.0125

 Additional Angle Bending Parameters :

     Atom Classes             K(B)          Angle

     403 406 413            60.000        124.094
     401 403 412            35.000        118.942
     406 403 412            35.000        118.838
     401 404 405            70.000        113.359
     401 404 411            80.000        121.700
     401 402 407            53.200        108.210
     401 403 406            50.000        121.364
     404 401 410            38.000        109.343
     402 401 410            38.000        110.332
     403 401 410            50.600        106.311
     402 401 404            60.000        109.451
     403 401 404            80.000        110.698
     402 401 403            80.000        110.661
     402 407 408            60.430         97.779
     407 408 416            60.000        178.379
     409 402 409            39.570        108.414
     401 402 409            42.440        109.507
     407 402 409            60.240        109.536
     405 404 411            60.000        124.942
     413 406 414            68.340        122.634
     403 406 414            31.650        113.263
     415 405 415            22.300        119.362
     404 405 415            35.000        117.511

 Additional Stretch-Bend Parameters :

     Atom Classes          K(SB)-1        K(SB)-2

     401 403 412             4.300          7.200
     406 403 412             4.300          7.200
     401 404 405            18.700         18.700
     401 402 407            18.700         18.700
     401 403 406             7.200          7.200
     404 401 410            11.500         18.700
     402 401 410            11.500         18.700
     403 401 410            11.500         11.500
     402 401 404            18.700         18.700
     403 401 404            18.700         18.700
     402 401 403            18.700         18.700
     402 407 408            -5.750         -5.750
     401 402 409            11.500         11.500
     407 402 409            11.500         11.500
     403 406 414            11.500         11.500
     404 405 415             4.300          7.200
     415 405 415             4.300          7.200
     401 404 411            18.700         18.700
     413 406 414            11.500         11.500

 Additional Out-of-Plane Bend Parameters :

     Atom Classes                   K(OPB)

     401 403   0   0                14.400
     401 404   0   0                14.400
     403 406   0   0               107.910
     404 405   0   0                71.940
     405 404   0   0               107.910
     406 403   0   0                71.940
     411 404   0   0               122.298
     412 403   0   0                 5.755
     413 406   0   0               122.298
     414 406   0   0               140.283
     415 405   0   0                 5.755

 Additional Torsional Parameters :

     Atom Classes     1-Fold    2-Fold    3-Fold    4-Fold    5-Fold    6-Fold

   403 401 404 405   0.00   0  0.00 180  0.00   0  0.00   0  0.00   0  0.00   0
   403 401 404 411   0.00   0  0.00 180  0.00   0  0.00   0  0.00   0  0.00   0
   403 401 402 409   0.00   0  0.00 180  0.00   0  0.00   0  0.00   0  0.00   0
   403 401 402 407   0.00   0  0.00 180  0.00   0  0.00   0  0.00   0  0.00   0
   410 401 403 412   0.00   0  0.00 180  0.00   0  0.00   0  0.00   0  0.00   0
   404 401 403 412   0.00   0  0.00 180  0.00   0  0.00   0  0.00   0  0.00   0
   402 401 403 412   0.00   0  0.00 180  0.00   0  0.00   0  0.00   0  0.00   0
   412 403 406 413   0.00   0  0.00 180  0.00   0  0.00   0  0.00   0  0.00   0
   412 403 406 414   0.00   0  0.00 180  0.00   0  0.00   0  0.00   0  0.00   0
   401 404 405 415   0.00   0  1.20 180  0.80   0  0.00   0  0.00   0  0.00   0
   401 402 407 408   0.00   0  0.00 180  0.00   0  0.00   0  0.00   0  0.00   0
   401 403 406 413   0.00   0  0.00 180  0.00   0  0.00   0  0.00   0  0.00   0
   401 403 406 414   0.00   0  0.00 180  0.00   0  0.00   0  0.00   0  0.00   0
   410 401 404 405   0.00   0  0.00 180  0.00   0  0.00   0  0.00   0  0.00   0
   410 401 404 411   0.00   0  0.00 180  0.00   0  0.00   0  0.00   0  0.00   0
   410 401 402 409   0.00   0  0.00 180  0.00   0  0.00   0  0.00   0  0.00   0
   410 401 402 407   0.00   0  0.00 180  0.00   0  0.00   0  0.00   0  0.00   0
   410 401 403 406   0.00   0  0.00 180  0.00   0  0.00   0  0.00   0  0.00   0
   404 401 402 409   0.00   0  0.00 180  0.00   0  0.00   0  0.00   0  0.00   0
   404 401 402 407   0.00   0  0.00 180  0.00   0  0.00   0  0.00   0  0.00   0
   404 401 403 406   0.00   0  0.00 180  0.00   0  0.00   0  0.00   0  0.00   0
   411 404 405 415   0.00   0  0.00 180  0.00   0  0.00   0  0.00   0  0.00   0
   402 401 404 411   0.00   0  0.00 180  0.00   0  0.00   0  0.00   0  0.00   0
   402 401 404 405   0.00   0  0.00 180  0.00   0  0.00   0  0.00   0  0.00   0
   402 401 403 406   0.00   0  0.00 180  0.00   0  0.00   0  0.00   0  0.00   0
   402 407 408 416   0.00   0  0.00 180  0.50   0  0.00   0  0.00   0  0.00   0
   409 402 407 408   0.00   0  0.00 180  0.00   0  0.00   0  0.00   0  0.00   0

 Additional Pi-Orbital Torsion Parameters :

     Atom Classes       2-Fold

       404 405           6.850
       403 406           6.850

 Additional van der Waals Parameters :

     Atom Class               Size        Epsilon        Reduction

         403                3.7100         0.1100          0.000
         412                2.5900         0.0220          0.900
         401                3.6500         0.1010          0.000
         410                2.8800         0.0240          0.910
         404                3.8200         0.1060          0.000
         411                3.3000         0.1120          0.000
         402                3.7800         0.1060          0.000
         407                4.0050         0.3550          0.000
         408                3.7800         0.1060          0.000
         416                3.7100         0.1050          0.000
         409                2.8700         0.0330          0.900
         406                3.8200         0.1060          0.000
         413                3.3000         0.1120          0.000
         405                3.7100         0.1100          0.000
         414                2.9200         0.0300          0.920
         415                2.5900         0.0220          0.900

 Additional Atomic Multipole Parameters :

     Atom Type     Coordinate Frame Definition         Multipole Moments

         401      403    404      0   Z-then-X    -0.27040
                                                  -0.22190  0.00000  0.26102
                                                  -0.17903
                                                   0.00000 -0.24517
                                                   0.13675  0.00000  0.42420

         402      407    401      0   Z-then-X    -0.16380
                                                   0.27778  0.00000 -0.20334
                                                   0.30211
                                                   0.00000 -0.49081
                                                  -0.33263  0.00000  0.18870

         403      406    401      0   Z-then-X    -0.06286
                                                   0.37348  0.00000 -0.12295
                                                   0.79149
                                                   0.00000 -1.08676
                                                  -0.63736  0.00000  0.29527

         404      411    405      0   Z-then-X     0.97419
                                                  -0.10999  0.00000  0.25580
                                                   0.38321
                                                   0.00000 -0.33696
                                                  -0.17133  0.00000 -0.04625

         405      404    415      0   Z-then-X    -0.32376
                                                   0.05823  0.00000 -0.07138
                                                   0.32176
                                                   0.00000 -0.38869
                                                  -0.03945  0.00000  0.06693

         406      413    403      0   Z-then-X     0.63075
                                                   0.40149  0.00000  0.25741
                                                  -0.01797
                                                   0.00000  0.01503
                                                   0.00873  0.00000  0.00294

         407      408    402      0   Z-then-X     0.34019
                                                   0.47821  0.00000  0.49978
                                                   1.11919
                                                   0.00000 -2.31639
                                                  -0.50667  0.00000  1.19720

         408      407    416      0   Z-then-X     0.21608
                                                   0.00820  0.00000 -0.28509
                                                   0.05369
                                                   0.00000  0.10740
                                                   0.05156  0.00000 -0.16109

         409      402    407      0   Z-then-X     0.09933
                                                   0.00064  0.00000 -0.16410
                                                   0.07960
                                                   0.00000  0.07569
                                                  -0.01944  0.00000 -0.15529

         410      401    403      0   Z-then-X     0.10718
                                                  -0.02083  0.00000 -0.03604
                                                  -0.03187
                                                   0.00000  0.01466
                                                  -0.01392  0.00000  0.01721

         411      404    405      0   Z-then-X    -0.77613
                                                   0.13027  0.00000 -0.18830
                                                  -0.53109
                                                   0.00000  0.25725
                                                   0.21601  0.00000  0.27384

         412      403    401      0   Z-then-X     0.11911
                                                   0.01244  0.00000 -0.25689
                                                   0.04573
                                                   0.00000  0.01640
                                                  -0.00301  0.00000 -0.06213

         413      406    403      0   Z-then-X    -0.66614
                                                  -0.21394  0.00000 -0.03273
                                                  -0.49754
                                                   0.00000  0.12402
                                                  -0.24547  0.00000  0.37352

         414      406    413      0   Z-then-X    -0.02624
                                                   0.07068  0.00000 -0.22870
                                                   0.12255
                                                   0.00000  0.03666
                                                   0.03118  0.00000 -0.15921

         415      405    404      0   Z-then-X     0.13248
                                                   0.00045  0.00000 -0.38308
                                                   0.28470
                                                   0.00000  0.12111
                                                   0.01221  0.00000 -0.40581

         416      408    407      0   Z-then-X    -0.56179
                                                   0.01684  0.00000 -0.29231
                                                   0.37390
                                                   0.00000  0.24558
                                                   0.00671  0.00000 -0.61948

 Additional Atomic Dipole Polarizability Parameters :

     Atom Type           Alpha       Thole     Group Atom Types

         403             1.073       0.390         412  401  406
         412             0.496       0.390         403
         401             1.334       0.390         403  410  404  402
         410             0.496       0.390         401
         404             1.334       0.390         401  411  405
         411             0.837       0.390         404
         402             1.334       0.390         401  407  409
         407             3.300       0.390         402  408
         408             1.334       0.390         407  416
         416             1.073       0.390         408
         409             0.496       0.390         402
         406             1.334       0.390         403  413  414
         413             0.837       0.390         406
         405             1.073       0.390         404  415
         414             0.494       0.390         406
         415             0.496       0.390         405

 Limited Memory BFGS Quasi-Newton Optimization :

 QN Iter     F Value      G RMS      F Move   X Move   Angle  FG Call  Comment

     0      221.9737   289.4178                                   1
     1      100.9856   135.3604    120.9881   0.0471    0.00      3    Success 
     2       74.7348   151.5953     26.2508   0.0199   25.06      4    Success 
     3       43.4540   133.9116     31.2808   0.0236   54.64      5    Success 
     4        2.1945   121.7075     41.2595   0.0466   56.18      6    Success 
     5       -8.2410   133.2615     10.4355   0.0671   61.32      7    Success 
     6      -21.4254    41.2380     13.1845   0.0149   54.34      8    Success 
     7      -23.5791    19.6921      2.1536   0.0068   48.06      9    Success 
     8      -24.7402    19.6515      1.1611   0.0044   21.03     10    Success 
     9      -26.5351    20.1222      1.7950   0.0089   42.77     11    Success 
    10      -28.8927    24.3466      2.3576   0.0174   55.21     12    Success 
    11      -29.9378    21.0813      1.0451   0.0120   66.62     14    Success 
    12      -30.7878    11.4080      0.8500   0.0079   66.21     15    Success 
    13      -31.4520    10.5072      0.6642   0.0069   49.36     16    Success 
    14      -32.0949    10.9109      0.6430   0.0087   57.52     17    Success 
    15      -32.7701    14.4293      0.6752   0.0144   63.92     18    Success 
    16      -33.2359     9.5894      0.4657   0.0139   70.78     19    Success 
    17      -33.4797     5.3851      0.2439   0.0029   48.43     20    Success 
    18      -33.6873     5.3024      0.2076   0.0042   40.77     21    Success 
    19      -33.8914     7.4484      0.2040   0.0065   61.43     22    Success 
    20      -34.1195     5.6793      0.2281   0.0105   73.10     23    Success 
    21      -34.2900     4.7676      0.1705   0.0065   69.60     24    Success 
    22      -34.5045     5.2089      0.2146   0.0091   65.68     25    Success 
    23      -34.5695     9.5204      0.0649   0.0035   66.66     27    Success 
    24      -34.6642     5.6554      0.0947   0.0039   78.88     28    Success 
    25      -34.7398     2.7358      0.0757   0.0038   72.86     29    Success 
    26      -34.7805     2.8098      0.0407   0.0023   60.95     30    Success 
    27      -34.8287     2.7227      0.0481   0.0031   64.55     31    Success 
    28      -34.8502     3.6069      0.0216   0.0023   67.56     33    Success 
    29      -34.8777     1.6926      0.0274   0.0021   71.82     34    Success 
    30      -34.8901     1.2767      0.0124   0.0013   60.46     35    Success 
    31      -34.8996     1.9082      0.0095   0.0013   51.79     36    Success 
    32      -34.9072     1.3264      0.0077   0.0008   65.86     37    Success 
    33      -34.9144     1.1095      0.0072   0.0010   63.18     38    Success 
    34      -34.9198     1.3682      0.0054   0.0010   66.20     39    Success 
    35      -34.9276     1.3396      0.0078   0.0014   72.17     40    Success 
    36      -34.9386     1.2234      0.0110   0.0021   72.32     41    Success 
    37      -34.9531     1.7680      0.0144   0.0032   71.72     42    Success 
    38      -34.9722     1.6605      0.0192   0.0043   77.75     43    Success 
    39      -34.9951     1.6707      0.0228   0.0044   76.80     44    Success 
    40      -35.0160     3.5216      0.0210   0.0066   76.74     45    Success 
    41      -35.0426     1.8489      0.0266   0.0044   81.37     46    Success 
    42      -35.0582     1.5444      0.0156   0.0024   74.09     47    Success 
    43      -35.0710     1.9010      0.0128   0.0033   76.03     48    Success 
    44      -35.0791     2.5235      0.0081   0.0032   80.10     49    Success 
    45      -35.0871     1.3413      0.0079   0.0012   79.02     50    Success 
    46      -35.0952     1.2348      0.0082   0.0018   73.25     51    Success 
    47      -35.1025     1.3252      0.0073   0.0021   77.76     52    Success 
    48      -35.1089     1.6871      0.0063   0.0023   74.24     53    Success 
    49      -35.1133     0.7984      0.0044   0.0011   77.30     54    Success 
    50      -35.1155     0.7640      0.0022   0.0003   55.89     55    Success 
    51      -35.1190     0.8045      0.0035   0.0008   65.13     56    Success 
    52      -35.1238     0.9539      0.0048   0.0017   73.38     57    Success 
    53      -35.1267     1.0050      0.0029   0.0024   78.12     58    Success 
    54      -35.1288     0.5985      0.0021   0.0005   63.45     59    Success 
    55      -35.1299     0.4248      0.0011   0.0003   57.25     60    Success 
    56      -35.1308     0.4633      0.0009   0.0004   59.25     61    Success 
    57      -35.1313     0.6427      0.0005   0.0006   72.17     62    Success 
    58      -35.1319     0.3256      0.0006   0.0002   62.49     63    Success 
    59      -35.1324     0.3001      0.0005   0.0003   61.58     64    Success 
    60      -35.1329     0.3521      0.0005   0.0003   69.10     65    Success 
    61      -35.1337     0.3603      0.0008   0.0005   70.21     66    Success 
    62      -35.1341     0.5107      0.0004   0.0004   72.95     68    Success 
    63      -35.1346     0.2598      0.0006   0.0004   77.96     69    Success 
    64      -35.1350     0.1955      0.0003   0.0003   70.18     70    Success 
    65      -35.1353     0.2517      0.0003   0.0003   65.33     71    Success 
    66      -35.1358     0.3618      0.0005   0.0005   71.81     72    Success 
    67      -35.1361     0.7000      0.0003   0.0007   78.03     73    Success 
    68      -35.1364     0.2586      0.0004   0.0001   57.85     74    Success 
    69      -35.1366     0.2108      0.0002   0.0001   56.10     75    Success 
    70      -35.1367     0.2079      0.0001   0.0001   73.32     76    Success 
    71      -35.1369     0.1872      0.0002   0.0002   73.76     77    Success 
    72      -35.1370     0.3530      0.0001   0.0003   70.51     78    Success 
    73      -35.1372     0.1627      0.0002   0.0002   79.59     79    Success 
    74      -35.1373     0.1539      0.0001   0.0001   70.41     80    Success 
    75      -35.1374     0.1572      0.0001   0.0002   70.88     81    Success 
    76      -35.1375     0.1870      0.0001   0.0002   72.01     82    Success 
    77      -35.1376     0.1425      0.0001   0.0002   74.44     83    Success 
    78      -35.1376     0.0851      0.0000   0.0000   60.78     84    Success 
    79      -35.1376     0.0841      0.0000   0.0001   55.22     85    Success 
    80      -35.1377     0.0836      0.0000   0.0001   70.65     86    Success 
    81      -35.1377     0.0732      0.0000   0.0001   75.49     87    Success 
    82      -35.1377     0.0593      0.0000   0.0000   65.26     88    Success 
    83      -35.1377     0.0549      0.0000   0.0000   62.04     89    Success 
    84      -35.1377     0.0603      0.0000   0.0000   66.14     90    Success 
    85      -35.1377     0.0556      0.0000   0.0001   73.03     91    Success 
    86      -35.1378     0.0444      0.0000   0.0001   73.30     92    Success 
    87      -35.1378     0.0403      0.0000   0.0001   70.65     93    Success 
    88      -35.1378     0.0476      0.0000   0.0001   69.53     94    Success 
    89      -35.1378     0.0269      0.0000   0.0000   66.98     95    Success 
    90      -35.1378     0.0333      0.0000   0.0000   55.08     96    Success 
    91      -35.1378     0.0426      0.0000   0.0000   73.41     97    Success 
    92      -35.1378     0.0262      0.0000   0.0000   68.87     98    Success 
    93      -35.1378     0.0168      0.0000   0.0000   68.61     99    Success 
    94      -35.1378     0.0215      0.0000   0.0000   69.03    100    Success 
    95      -35.1378     0.0179      0.0000   0.0000   71.53    101    Success 
    96      -35.1378     0.0218      0.0000   0.0000   70.65    102    Success 
    97      -35.1378     0.0212      0.0000   0.0000   71.53    103    Success 
    98      -35.1378     0.0109      0.0000   0.0000   67.14    104    Success 
    99      -35.1378     0.0081      0.0000   0.0000   52.27    105    Success 
   100      -35.1378     0.0140      0.0000   0.0000   64.39    106    Success 
   101      -35.1378     0.0100      0.0000   0.0000   73.78    107    Success 
   102      -35.1378     0.0060      0.0000   0.0000   69.44    108    Success 
   103      -35.1378     0.0057      0.0000   0.0000   63.05    109    Success 
   104      -35.1378     0.0099      0.0000   0.0000   63.71    110    Success 
   105      -35.1378     0.0053      0.0000   0.0000   72.62    111    Success 
   106      -35.1378     0.0042      0.0000   0.0000   62.99    112    Success 
   107      -35.1378     0.0049      0.0000   0.0000   61.84    113    Success 
   108      -35.1378     0.0059      0.0000   0.0000   69.53    115    Success 
   109      -35.1378     0.0030      0.0000   0.0000   73.92    116    Success 
   110      -35.1378     0.0021      0.0000   0.0000   64.44    117    Success 
   111      -35.1378     0.0023      0.0000   0.0000   57.79    118    Success 
   112      -35.1378     0.0030      0.0000   0.0000   62.04    119    Success 
   113      -35.1378     0.0064      0.0000   0.0000   70.80    120    Success 
   114      -35.1378     0.0028      0.0000   0.0000   73.88    121    Success 
   115      -35.1378     0.0020      0.0000   0.0000   66.71    122    Success 
   116      -35.1378     0.0017      0.0000   0.0000   59.21    123    Success 
   117      -35.1378     0.0019      0.0000   0.0000   62.85    124    Success 
   118      -35.1378     0.0049      0.0000   0.0000   71.53    125    Success 
   119      -35.1378     0.0029      0.0000   0.0000   71.09    126    Success 
   120      -35.1378     0.0011      0.0000   0.0000   66.98    127    Success 
   121      -35.1378     0.0011      0.0000   0.0000   66.61    128    Success 
   122      -35.1378     0.0011      0.0000   0.0000   66.14    129    Success 
   123      -35.1378     0.0023      0.0000   0.0000   67.84    130    Success 
   124      -35.1378     0.0011      0.0000   0.0000   78.79    131    Success 
   125      -35.1378     0.0006      0.0000   0.0000   55.12    132   SmallGrad

 LBFGS  --  Normal Termination due to SmallGrad

 Final Function Value :          -35.1378
 Final RMS Gradient :              0.0006
 Final Gradient Norm :             0.0023
