
     ######################################################################
   ##########################################################################
  ###                                                                      ###
 ###            Tinker  ---  Software Tools for Molecular Design            ###
 ##                                                                          ##
 ##                          Version 8.7  June 2019                          ##
 ##                                                                          ##
 ##               Copyright (c)  Jay William Ponder  1990-2019               ##
 ###                           All Rights Reserved                          ###
  ###                                                                      ###
   ##########################################################################
     ######################################################################


 Additional Atom Definition Parameters :

     Type  Class  Symbol  Description               Atomic    Mass   Valence

     403    403     N     ModifiedRes                  7     14.007     3
     412    412     H     ModifiedRes                  1      1.008     1
     401    401     C     ModifiedRes                  6     12.011     4
     410    410     H     ModifiedRes                  1      1.008     1
     404    404     C     ModifiedRes                  6     12.011     3
     411    411     O     ModifiedRes                  8     15.999     1
     402    402     C     ModifiedRes                  6     12.011     4
     407    407     S     ModifiedRes                 16     32.066     2
     408    408     C     ModifiedRes                  6     12.011     2
     416    416     N     ModifiedRes                  7     14.007     1
     409    409     H     ModifiedRes                  1      1.008     1
     406    406     C     ModifiedRes                  6     12.011     3
     413    413     O     ModifiedRes                  8     15.999     1
     405    405     N     ModifiedRes                  7     14.007     3
     414    414     H     ModifiedRes                  1      1.008     1
     415    415     H     ModifiedRes                  1      1.008     1

 Additional Bond Stretching Parameters :

     Atom Classes             K(S)         Length

       401 403             374.800         1.4589
       403 406             482.000         1.3610
       403 412             542.000         1.0150
       401 410             341.000         1.0957
       401 404             345.300         1.5388
       401 402             345.300         1.5181
       404 405             482.000         1.3572
       404 411             705.000         1.2314
       402 409             395.500         1.0914
       402 407             235.800         1.8318
       407 408             235.800         1.6971
       408 416             450.000         1.1861
       406 413             705.000         1.2330
       406 414             356.400         1.1017
       405 415             542.000         1.0125

 Additional Angle Bending Parameters :

     Atom Classes             K(B)          Angle

     403 406 413            60.000        124.094
     401 403 412            35.000        118.942
     406 403 412            35.000        118.838
     401 404 405            70.000        113.359
     401 404 411            80.000        121.700
     401 402 407            53.200        108.210
     401 403 406            50.000        121.364
     404 401 410            38.000        109.343
     402 401 410            38.000        110.332
     403 401 410            50.600        106.311
     402 401 404            60.000        109.451
     403 401 404            80.000        110.698
     402 401 403            80.000        110.661
     402 407 408            60.430         97.779
     407 408 416            60.000        178.379
     409 402 409            39.570        108.414
     401 402 409            42.440        109.507
     407 402 409            60.240        109.536
     405 404 411            60.000        124.942
     413 406 414            68.340        122.634
     403 406 414            31.650        113.263
     415 405 415            22.300        119.362
     404 405 415            35.000        117.511

 Additional Stretch-Bend Parameters :

     Atom Classes          K(SB)-1        K(SB)-2

     401 403 412             4.300          7.200
     406 403 412             4.300          7.200
     401 404 405            18.700         18.700
     401 402 407            18.700         18.700
     401 403 406             7.200          7.200
     404 401 410            11.500         18.700
     402 401 410            11.500         18.700
     403 401 410            11.500         11.500
     402 401 404            18.700         18.700
     403 401 404            18.700         18.700
     402 401 403            18.700         18.700
     402 407 408            -5.750         -5.750
     401 402 409            11.500         11.500
     407 402 409            11.500         11.500
     403 406 414            11.500         11.500
     404 405 415             4.300          7.200
     415 405 415             4.300          7.200
     401 404 411            18.700         18.700
     413 406 414            11.500         11.500

 Additional Out-of-Plane Bend Parameters :

     Atom Classes                   K(OPB)

     401 403   0   0                14.400
     401 404   0   0                14.400
     403 406   0   0               107.910
     404 405   0   0                71.940
     405 404   0   0               107.910
     406 403   0   0                71.940
     411 404   0   0               122.298
     412 403   0   0                 5.755
     413 406   0   0               122.298
     414 406   0   0               140.283
     415 405   0   0                 5.755

 Additional Torsional Parameters :

     Atom Classes     1-Fold    2-Fold    3-Fold    4-Fold    5-Fold    6-Fold

   403 401 404 405   0.00   0  0.00 180  0.00   0  0.00   0  0.00   0  0.00   0
   403 401 404 411   0.00   0  0.00 180  0.00   0  0.00   0  0.00   0  0.00   0
   403 401 402 409   0.00   0  0.00 180  0.00   0  0.00   0  0.00   0  0.00   0
   403 401 402 407   0.00   0  0.00 180  0.00   0  0.00   0  0.00   0  0.00   0
   410 401 403 412   0.00   0  0.00 180  0.00   0  0.00   0  0.00   0  0.00   0
   404 401 403 412   0.00   0  0.00 180  0.00   0  0.00   0  0.00   0  0.00   0
   402 401 403 412   0.00   0  0.00 180  0.00   0  0.00   0  0.00   0  0.00   0
   412 403 406 413   0.00   0  0.00 180  0.00   0  0.00   0  0.00   0  0.00   0
   412 403 406 414   0.00   0  0.00 180  0.00   0  0.00   0  0.00   0  0.00   0
   401 404 405 415   0.00   0  1.20 180  0.80   0  0.00   0  0.00   0  0.00   0
   401 402 407 408   0.00   0  0.00 180  0.00   0  0.00   0  0.00   0  0.00   0
   401 403 406 413   0.00   0  0.00 180  0.00   0  0.00   0  0.00   0  0.00   0
   401 403 406 414   0.00   0  0.00 180  0.00   0  0.00   0  0.00   0  0.00   0
   410 401 404 405   0.00   0  0.00 180  0.00   0  0.00   0  0.00   0  0.00   0
   410 401 404 411   0.00   0  0.00 180  0.00   0  0.00   0  0.00   0  0.00   0
   410 401 402 409   0.00   0  0.00 180  0.00   0  0.00   0  0.00   0  0.00   0
   410 401 402 407   0.00   0  0.00 180  0.00   0  0.00   0  0.00   0  0.00   0
   410 401 403 406   0.00   0  0.00 180  0.00   0  0.00   0  0.00   0  0.00   0
   404 401 402 409   0.00   0  0.00 180  0.00   0  0.00   0  0.00   0  0.00   0
   404 401 402 407   0.00   0  0.00 180  0.00   0  0.00   0  0.00   0  0.00   0
   404 401 403 406   0.00   0  0.00 180  0.00   0  0.00   0  0.00   0  0.00   0
   411 404 405 415   0.00   0  0.00 180  0.00   0  0.00   0  0.00   0  0.00   0
   402 401 404 411   0.00   0  0.00 180  0.00   0  0.00   0  0.00   0  0.00   0
   402 401 404 405   0.00   0  0.00 180  0.00   0  0.00   0  0.00   0  0.00   0
   402 401 403 406   0.00   0  0.00 180  0.00   0  0.00   0  0.00   0  0.00   0
   402 407 408 416   0.00   0  0.00 180  0.50   0  0.00   0  0.00   0  0.00   0
   409 402 407 408   0.00   0  0.00 180  0.00   0  0.00   0  0.00   0  0.00   0

 Additional Pi-Orbital Torsion Parameters :

     Atom Classes       2-Fold

       404 405           6.850
       403 406           6.850

 Additional van der Waals Parameters :

     Atom Class               Size        Epsilon        Reduction

         403                3.7100         0.1100          0.000
         412                2.5900         0.0220          0.900
         401                3.6500         0.1010          0.000
         410                2.8800         0.0240          0.910
         404                3.8200         0.1060          0.000
         411                3.3000         0.1120          0.000
         402                3.7800         0.1060          0.000
         407                4.0050         0.3550          0.000
         408                3.7800         0.1060          0.000
         416                3.7100         0.1050          0.000
         409                2.8700         0.0330          0.900
         406                3.8200         0.1060          0.000
         413                3.3000         0.1120          0.000
         405                3.7100         0.1100          0.000
         414                2.9200         0.0300          0.920
         415                2.5900         0.0220          0.900

 Additional Atomic Multipole Parameters :

     Atom Type     Coordinate Frame Definition         Multipole Moments

         401      403    404      0   Z-then-X    -0.27040
                                                  -0.22190  0.00000  0.26102
                                                  -0.17903
                                                   0.00000 -0.24517
                                                   0.13675  0.00000  0.42420

         402      407    401      0   Z-then-X    -0.16380
                                                   0.27778  0.00000 -0.20334
                                                   0.30211
                                                   0.00000 -0.49081
                                                  -0.33263  0.00000  0.18870

         403      406    401      0   Z-then-X    -0.06286
                                                   0.37348  0.00000 -0.12295
                                                   0.79149
                                                   0.00000 -1.08676
                                                  -0.63736  0.00000  0.29527

         404      411    405      0   Z-then-X     0.97419
                                                  -0.10999  0.00000  0.25580
                                                   0.38321
                                                   0.00000 -0.33696
                                                  -0.17133  0.00000 -0.04625

         405      404    415      0   Z-then-X    -0.32376
                                                   0.05823  0.00000 -0.07138
                                                   0.32176
                                                   0.00000 -0.38869
                                                  -0.03945  0.00000  0.06693

         406      413    403      0   Z-then-X     0.63075
                                                   0.40149  0.00000  0.25741
                                                  -0.01797
                                                   0.00000  0.01503
                                                   0.00873  0.00000  0.00294

         407      408    402      0   Z-then-X     0.34019
                                                   0.47821  0.00000  0.49978
                                                   1.11919
                                                   0.00000 -2.31639
                                                  -0.50667  0.00000  1.19720

         408      407    416      0   Z-then-X     0.21608
                                                   0.00820  0.00000 -0.28509
                                                   0.05369
                                                   0.00000  0.10740
                                                   0.05156  0.00000 -0.16109

         409      402    407      0   Z-then-X     0.09933
                                                   0.00064  0.00000 -0.16410
                                                   0.07960
                                                   0.00000  0.07569
                                                  -0.01944  0.00000 -0.15529

         410      401    403      0   Z-then-X     0.10718
                                                  -0.02083  0.00000 -0.03604
                                                  -0.03187
                                                   0.00000  0.01466
                                                  -0.01392  0.00000  0.01721

         411      404    405      0   Z-then-X    -0.77613
                                                   0.13027  0.00000 -0.18830
                                                  -0.53109
                                                   0.00000  0.25725
                                                   0.21601  0.00000  0.27384

         412      403    401      0   Z-then-X     0.11911
                                                   0.01244  0.00000 -0.25689
                                                   0.04573
                                                   0.00000  0.01640
                                                  -0.00301  0.00000 -0.06213

         413      406    403      0   Z-then-X    -0.66614
                                                  -0.21394  0.00000 -0.03273
                                                  -0.49754
                                                   0.00000  0.12402
                                                  -0.24547  0.00000  0.37352

         414      406    413      0   Z-then-X    -0.02624
                                                   0.07068  0.00000 -0.22870
                                                   0.12255
                                                   0.00000  0.03666
                                                   0.03118  0.00000 -0.15921

         415      405    404      0   Z-then-X     0.13248
                                                   0.00045  0.00000 -0.38308
                                                   0.28470
                                                   0.00000  0.12111
                                                   0.01221  0.00000 -0.40581

         416      408    407      0   Z-then-X    -0.56179
                                                   0.01684  0.00000 -0.29231
                                                   0.37390
                                                   0.00000  0.24558
                                                   0.00671  0.00000 -0.61948

 Additional Atomic Dipole Polarizability Parameters :

     Atom Type           Alpha       Thole     Group Atom Types

         403             1.073       0.390         412  401  406
         412             0.496       0.390         403
         401             1.334       0.390         403  410  404  402
         410             0.496       0.390         401
         404             1.334       0.390         401  411  405
         411             0.837       0.390         404
         402             1.334       0.390         401  407  409
         407             3.300       0.390         402  408
         408             1.334       0.390         407  416
         416             1.073       0.390         408
         409             0.496       0.390         402
         406             1.334       0.390         403  413  414
         413             0.837       0.390         406
         405             1.073       0.390         404  415
         414             0.494       0.390         406
         415             0.496       0.390         405

 Limited Memory BFGS Quasi-Newton Optimization :

 QN Iter     F Value      G RMS      F Move   X Move   Angle  FG Call  Comment

     0     1701.6543   658.3155                                   1
     1      824.8828   406.4637    876.7714   0.0982    0.00      2    Success 
     2      422.4405   331.2680    402.4424   0.0982    9.25      3    Success 
     3      394.4999   502.2712     27.9406   0.0822   41.90      4    Success 
     4      344.5837   396.2753     49.9162   0.0077   36.41      5    Success 
     5      267.3592   202.7961     77.2245   0.0166   32.32      6    Success 
     6      210.6422   137.2073     56.7170   0.0284   27.34      7    Success 
     7      183.0661   155.1155     27.5761   0.0215   51.29      8    Success 
     8      139.0943   128.9099     43.9718   0.0369   57.65      9    Success 
     9       90.2578   112.7121     48.8365   0.0774   60.68     10    Success 
    10       73.9789   125.3632     16.2789   0.0555   61.35     11    Success 
    11       60.2472    58.0751     13.7317   0.0114   37.37     12    Success 
    12       53.1488    44.1094      7.0984   0.0183   58.08     13    Success 
    13       46.2688    46.3023      6.8800   0.0261   64.07     14    Success 
    14       36.8861    51.0527      9.3827   0.0438   67.88     15    Success 
    15       29.5312    76.0161      7.3549   0.0728   73.72     16    Success 
    16       22.4575    48.6865      7.0737   0.0152   63.04     17    Success 
    17       14.5546    39.8653      7.9029   0.0291   60.47     18    Success 
    18        9.1683    39.5336      5.3863   0.0291   70.94     19    Success 
    19        1.8905    34.7292      7.2778   0.0486   71.83     20    Success 
    20       -3.2865    47.3833      5.1769   0.0524   70.98     21    Success 
    21       -7.9888    27.5046      4.7024   0.0237   71.62     22    Success 
    22      -12.8942    25.7146      4.9054   0.0275   58.86     23    Success 
    23      -17.4216    27.7435      4.5274   0.0368   67.61     24    Success 
    24      -19.4057    55.4268      1.9841   0.0604   72.54     25    Success 
    25      -22.5041    31.8551      3.0983   0.0068   53.99     26    Success 
    26      -24.9195    14.3297      2.4154   0.0144   59.83     27    Success 
    27      -25.8933    18.8907      0.9738   0.0121   67.55     28    Success 
    28      -27.3776    17.7047      1.4843   0.0199   73.30     29    Success 
    29      -28.7104    30.2646      1.3328   0.0377   75.70     30    Success 
    30      -29.7378    12.6788      1.0274   0.0166   75.96     31    Success 
    31      -30.2469    12.1315      0.5090   0.0075   63.64     32    Success 
    32      -30.6285    13.4503      0.3816   0.0106   63.95     33    Success 
    33      -31.1565     9.5568      0.5281   0.0069   62.62     34    Success 
    34      -31.5239     9.9841      0.3673   0.0100   70.84     35    Success 
    35      -31.9414     9.8018      0.4175   0.0124   70.82     36    Success 
    36      -32.5269     8.5913      0.5856   0.0128   70.50     37    Success 
    37      -32.9720    16.4306      0.4451   0.0205   68.30     38    Success 
    38      -33.4198     6.6572      0.4478   0.0080   70.65     39    Success 
    39      -33.5888     6.3677      0.1689   0.0028   53.21     40    Success 
    40      -33.8524     7.1726      0.2637   0.0056   58.28     41    Success 
    41      -34.0859    12.9328      0.2334   0.0111   68.44     42    Success 
    42      -34.2597     5.9492      0.1738   0.0056   77.32     43    Success 
    43      -34.3659     5.1861      0.1062   0.0043   72.90     44    Success 
    44      -34.5203     5.6321      0.1544   0.0070   71.04     45    Success 
    45      -34.6933     8.0343      0.1730   0.0089   73.98     46    Success 
    46      -34.7954     6.9359      0.1021   0.0048   77.44     48    Success 
    47      -34.8781    16.8897      0.0827   0.0067   75.90     49    Success 
    48      -34.8852    11.9908      0.0071   0.0022   77.62     50    Success 
    49      -34.8967     9.2291      0.0115   0.0009   85.78     51    Success 
    50      -34.9160     7.9200      0.0193   0.0009   80.70     52    Success 
    51      -34.9508     5.6741      0.0348   0.0007   66.48     53    Success 
    52      -35.0085     3.1317      0.0576   0.0018   67.95     54    Success 
    53      -35.0706    16.4749      0.0621   0.0045   62.75     55    Success 
    54      -35.1216     5.7749      0.0510   0.0037   83.70     56    Success 
    55      -35.1422     4.9238      0.0206   0.0012   79.26     57    Success 
    56      -35.1790     3.8204      0.0368   0.0021   76.95     58    Success 
    57      -35.2405     2.8632      0.0615   0.0038   73.66     59    Success 
    58      -35.3202     5.6014      0.0797   0.0073   71.03     60    Success 
    59      -35.3455    10.3126      0.0253   0.0072   80.85     61    Success 
    60      -35.3858     6.5507      0.0403   0.0006   62.61     62    Success 
    61      -35.4372     3.8773      0.0514   0.0018   68.31     63    Success 
    62      -35.4673     4.0544      0.0302   0.0018   71.46     64    Success 
    63      -35.5146     3.9674      0.0473   0.0033   75.39     65    Success 
    64      -35.5876     3.6277      0.0730   0.0058   76.73     66    Success 
    65      -35.6328     9.1499      0.0452   0.0114   78.70     67    Success 
    66      -35.6900     3.7801      0.0572   0.0029   79.07     68    Success 
    67      -35.7146     2.6495      0.0246   0.0010   58.14     69    Success 
    68      -35.7358     2.7462      0.0212   0.0017   69.39     70    Success 
    69      -35.7675     2.7601      0.0318   0.0031   74.15     71    Success 
    70      -35.7807     5.6763      0.0132   0.0067   78.92     72    Success 
    71      -35.8048     4.7635      0.0241   0.0011   76.31     73    Success 
    72      -35.8462     3.3809      0.0414   0.0022   74.91     74    Success 
    73      -35.9045     2.1715      0.0583   0.0049   74.02     75    Success 
    74      -35.9373     2.8714      0.0328   0.0049   74.05     76    Success 
    75      -35.9654     4.6312      0.0281   0.0056   79.72     77    Success 
    76      -36.0030     3.4969      0.0376   0.0032   79.97     78    Success 
    77      -36.0419     3.4847      0.0390   0.0054   77.14     79    Success 
    78      -36.0656     2.1512      0.0237   0.0033   75.16     80    Success 
    79      -36.0790     1.8332      0.0133   0.0011   68.88     81    Success 
    80      -36.1007     1.3914      0.0218   0.0021   66.89     82    Success 
    81      -36.1295     1.6719      0.0288   0.0043   66.27     83    Success 
    82      -36.1481     2.0899      0.0186   0.0050   76.61     84    Success 
    83      -36.1602     1.9511      0.0121   0.0032   78.70     85    Success 
    84      -36.1689     1.6486      0.0087   0.0023   77.85     86    Success 
    85      -36.1741     0.9156      0.0052   0.0013   78.81     87    Success 
    86      -36.1779     0.8487      0.0039   0.0007   64.92     88    Success 
    87      -36.1832     0.8824      0.0053   0.0011   61.87     89    Success 
    88      -36.1849     1.3146      0.0016   0.0007   73.28     91    Success 
    89      -36.1872     0.7161      0.0023   0.0008   79.89     92    Success 
    90      -36.1887     0.4512      0.0015   0.0007   76.10     93    Success 
    91      -36.1900     0.4950      0.0013   0.0006   67.50     94    Success 
    92      -36.1916     0.5299      0.0016   0.0006   66.21     95    Success 
    93      -36.1936     0.5412      0.0020   0.0010   71.12     96    Success 
    94      -36.1943     0.4079      0.0007   0.0004   71.37     98    Success 
    95      -36.1949     0.1959      0.0006   0.0003   64.98     99    Success 
    96      -36.1952     0.2062      0.0003   0.0002   49.12    100    Success 
    97      -36.1955     0.2860      0.0003   0.0003   60.52    101    Success 
    98      -36.1957     0.3471      0.0002   0.0004   72.73    102    Success 
    99      -36.1959     0.1519      0.0002   0.0001   70.89    103    Success 
   100      -36.1960     0.1143      0.0001   0.0001   67.87    104    Success 
   101      -36.1960     0.1233      0.0000   0.0001   68.73    105    Success 
   102      -36.1961     0.1315      0.0001   0.0001   66.45    106    Success 
   103      -36.1962     0.0919      0.0001   0.0002   69.10    107    Success 
   104      -36.1963     0.1856      0.0000   0.0002   68.35    108    Success 
   105      -36.1963     0.1106      0.0000   0.0001   64.95    109    Success 
   106      -36.1963     0.0566      0.0000   0.0000   76.38    110    Success 
   107      -36.1963     0.0456      0.0000   0.0000   56.33    111    Success 
   108      -36.1964     0.0609      0.0000   0.0001   51.98    112    Success 
   109      -36.1964     0.0634      0.0000   0.0001   65.22    113    Success 
   110      -36.1964     0.0866      0.0000   0.0002   75.48    114    Success 
   111      -36.1964     0.0761      0.0000   0.0000   64.12    115    Success 
   112      -36.1964     0.0656      0.0000   0.0000   66.13    116    Success 
   113      -36.1964     0.0394      0.0000   0.0000   69.81    117    Success 
   114      -36.1964     0.0296      0.0000   0.0000   65.05    118    Success 
   115      -36.1964     0.0337      0.0000   0.0000   65.84    119    Success 
   116      -36.1965     0.0349      0.0000   0.0001   69.99    120    Success 
   117      -36.1965     0.0766      0.0000   0.0001   71.22    121    Success 
   118      -36.1965     0.0434      0.0000   0.0000   67.22    122    Success 
   119      -36.1965     0.0121      0.0000   0.0000   58.34    123    Success 
   120      -36.1965     0.0125      0.0000   0.0000   53.13    124    Success 
   121      -36.1965     0.0115      0.0000   0.0000   53.89    125    Success 
   122      -36.1965     0.0212      0.0000   0.0000   56.54    126    Success 
   123      -36.1965     0.0131      0.0000   0.0000   74.75    127    Success 
   124      -36.1965     0.0130      0.0000   0.0000   64.27    128    Success 
   125      -36.1965     0.0087      0.0000   0.0000   65.54    129    Success 
   126      -36.1965     0.0076      0.0000   0.0000   63.93    130    Success 
   127      -36.1965     0.0146      0.0000   0.0000   65.85    131    Success 
   128      -36.1965     0.0171      0.0000   0.0000   78.26    132    Success 
   129      -36.1965     0.0099      0.0000   0.0000   79.25    133    Success 
   130      -36.1965     0.0064      0.0000   0.0000   71.37    134    Success 
   131      -36.1965     0.0086      0.0000   0.0000   62.32    135    Success 
   132      -36.1965     0.0054      0.0000   0.0000   70.58    136    Success 
   133      -36.1965     0.0079      0.0000   0.0000   63.13    137    Success 
   134      -36.1965     0.0140      0.0000   0.0000   72.82    138    Success 
   135      -36.1965     0.0080      0.0000   0.0000   69.05    139    Success 
   136      -36.1965     0.0034      0.0000   0.0000   58.94    140    Success 
   137      -36.1965     0.0040      0.0000   0.0000   63.70    141    Success 
   138      -36.1965     0.0043      0.0000   0.0000   71.10    142    Success 
   139      -36.1965     0.0047      0.0000   0.0000   71.23    143    Success 
   140      -36.1965     0.0085      0.0000   0.0000   75.83    144    Success 
   141      -36.1965     0.0024      0.0000   0.0000   74.62    145    Success 
   142      -36.1965     0.0018      0.0000   0.0000   55.37    146    Success 
   143      -36.1965     0.0016      0.0000   0.0000   49.25    147    Success 
   144      -36.1965     0.0018      0.0000   0.0000   56.41    148    Success 
   145      -36.1965     0.0025      0.0000   0.0000   66.38    149    Success 
   146      -36.1965     0.0013      0.0000   0.0000   71.79    150    Success 
   147      -36.1965     0.0010      0.0000   0.0000   64.23    151   SmallGrad

 LBFGS  --  Normal Termination due to SmallGrad

 Final Function Value :          -36.1965
 Final RMS Gradient :              0.0010
 Final Gradient Norm :             0.0041
