
     ######################################################################
   ##########################################################################
  ###                                                                      ###
 ###            Tinker  ---  Software Tools for Molecular Design            ###
 ##                                                                          ##
 ##                          Version 8.7  June 2019                          ##
 ##                                                                          ##
 ##               Copyright (c)  Jay William Ponder  1990-2019               ##
 ###                           All Rights Reserved                          ###
  ###                                                                      ###
   ##########################################################################
     ######################################################################


 Additional Atom Definition Parameters :

     Type  Class  Symbol  Description               Atomic    Mass   Valence

     403    403     N     ModifiedRes                  7     14.007     3
     412    412     H     ModifiedRes                  1      1.008     1
     401    401     C     ModifiedRes                  6     12.011     4
     410    410     H     ModifiedRes                  1      1.008     1
     404    404     C     ModifiedRes                  6     12.011     3
     411    411     O     ModifiedRes                  8     15.999     1
     402    402     C     ModifiedRes                  6     12.011     4
     407    407     S     ModifiedRes                 16     32.066     2
     408    408     C     ModifiedRes                  6     12.011     2
     416    416     N     ModifiedRes                  7     14.007     1
     409    409     H     ModifiedRes                  1      1.008     1
     406    406     C     ModifiedRes                  6     12.011     3
     413    413     O     ModifiedRes                  8     15.999     1
     405    405     N     ModifiedRes                  7     14.007     3
     414    414     H     ModifiedRes                  1      1.008     1
     415    415     H     ModifiedRes                  1      1.008     1

 Additional Bond Stretching Parameters :

     Atom Classes             K(S)         Length

       401 403             374.800         1.4589
       403 406             482.000         1.3610
       403 412             542.000         1.0150
       401 410             341.000         1.0957
       401 404             345.300         1.5388
       401 402             345.300         1.5181
       404 405             482.000         1.3572
       404 411             705.000         1.2314
       402 409             395.500         1.0914
       402 407             235.800         1.8318
       407 408             235.800         1.6971
       408 416             450.000         1.1861
       406 413             705.000         1.2330
       406 414             356.400         1.1017
       405 415             542.000         1.0125

 Additional Angle Bending Parameters :

     Atom Classes             K(B)          Angle

     403 406 413            60.000        124.094
     401 403 412            35.000        118.942
     406 403 412            35.000        118.838
     401 404 405            70.000        113.359
     401 404 411            80.000        121.700
     401 402 407            53.200        108.210
     401 403 406            50.000        121.364
     404 401 410            38.000        109.343
     402 401 410            38.000        110.332
     403 401 410            50.600        106.311
     402 401 404            60.000        109.451
     403 401 404            80.000        110.698
     402 401 403            80.000        110.661
     402 407 408            60.430         97.779
     407 408 416            60.000        178.379
     409 402 409            39.570        108.414
     401 402 409            42.440        109.507
     407 402 409            60.240        109.536
     405 404 411            60.000        124.942
     413 406 414            68.340        122.634
     403 406 414            31.650        113.263
     415 405 415            22.300        119.362
     404 405 415            35.000        117.511

 Additional Stretch-Bend Parameters :

     Atom Classes          K(SB)-1        K(SB)-2

     401 403 412             4.300          7.200
     406 403 412             4.300          7.200
     401 404 405            18.700         18.700
     401 402 407            18.700         18.700
     401 403 406             7.200          7.200
     404 401 410            11.500         18.700
     402 401 410            11.500         18.700
     403 401 410            11.500         11.500
     402 401 404            18.700         18.700
     403 401 404            18.700         18.700
     402 401 403            18.700         18.700
     402 407 408            -5.750         -5.750
     401 402 409            11.500         11.500
     407 402 409            11.500         11.500
     403 406 414            11.500         11.500
     404 405 415             4.300          7.200
     415 405 415             4.300          7.200
     401 404 411            18.700         18.700
     413 406 414            11.500         11.500

 Additional Out-of-Plane Bend Parameters :

     Atom Classes                   K(OPB)

     401 403   0   0                14.400
     401 404   0   0                14.400
     403 406   0   0               107.910
     404 405   0   0                71.940
     405 404   0   0               107.910
     406 403   0   0                71.940
     411 404   0   0               122.298
     412 403   0   0                 5.755
     413 406   0   0               122.298
     414 406   0   0               140.283
     415 405   0   0                 5.755

 Additional Torsional Parameters :

     Atom Classes     1-Fold    2-Fold    3-Fold    4-Fold    5-Fold    6-Fold

   403 401 404 405   0.00   0  0.00 180  0.00   0  0.00   0  0.00   0  0.00   0
   403 401 404 411   0.00   0  0.00 180  0.00   0  0.00   0  0.00   0  0.00   0
   403 401 402 409   0.00   0  0.00 180  0.00   0  0.00   0  0.00   0  0.00   0
   403 401 402 407   0.00   0  0.00 180  0.00   0  0.00   0  0.00   0  0.00   0
   410 401 403 412   0.00   0  0.00 180  0.00   0  0.00   0  0.00   0  0.00   0
   404 401 403 412   0.00   0  0.00 180  0.00   0  0.00   0  0.00   0  0.00   0
   402 401 403 412   0.00   0  0.00 180  0.00   0  0.00   0  0.00   0  0.00   0
   412 403 406 413   0.00   0  0.00 180  0.00   0  0.00   0  0.00   0  0.00   0
   412 403 406 414   0.00   0  0.00 180  0.00   0  0.00   0  0.00   0  0.00   0
   401 404 405 415   0.00   0  1.20 180  0.80   0  0.00   0  0.00   0  0.00   0
   401 402 407 408   0.00   0  0.00 180  0.00   0  0.00   0  0.00   0  0.00   0
   401 403 406 413   0.00   0  0.00 180  0.00   0  0.00   0  0.00   0  0.00   0
   401 403 406 414   0.00   0  0.00 180  0.00   0  0.00   0  0.00   0  0.00   0
   410 401 404 405   0.00   0  0.00 180  0.00   0  0.00   0  0.00   0  0.00   0
   410 401 404 411   0.00   0  0.00 180  0.00   0  0.00   0  0.00   0  0.00   0
   410 401 402 409   0.00   0  0.00 180  0.00   0  0.00   0  0.00   0  0.00   0
   410 401 402 407   0.00   0  0.00 180  0.00   0  0.00   0  0.00   0  0.00   0
   410 401 403 406   0.00   0  0.00 180  0.00   0  0.00   0  0.00   0  0.00   0
   404 401 402 409   0.00   0  0.00 180  0.00   0  0.00   0  0.00   0  0.00   0
   404 401 402 407   0.00   0  0.00 180  0.00   0  0.00   0  0.00   0  0.00   0
   404 401 403 406   0.00   0  0.00 180  0.00   0  0.00   0  0.00   0  0.00   0
   411 404 405 415   0.00   0  0.00 180  0.00   0  0.00   0  0.00   0  0.00   0
   402 401 404 411   0.00   0  0.00 180  0.00   0  0.00   0  0.00   0  0.00   0
   402 401 404 405   0.00   0  0.00 180  0.00   0  0.00   0  0.00   0  0.00   0
   402 401 403 406   0.00   0  0.00 180  0.00   0  0.00   0  0.00   0  0.00   0
   402 407 408 416   0.00   0  0.00 180  0.50   0  0.00   0  0.00   0  0.00   0
   409 402 407 408   0.00   0  0.00 180  0.00   0  0.00   0  0.00   0  0.00   0

 Additional Pi-Orbital Torsion Parameters :

     Atom Classes       2-Fold

       404 405           6.850
       403 406           6.850

 Additional van der Waals Parameters :

     Atom Class               Size        Epsilon        Reduction

         403                3.7100         0.1100          0.000
         412                2.5900         0.0220          0.900
         401                3.6500         0.1010          0.000
         410                2.8800         0.0240          0.910
         404                3.8200         0.1060          0.000
         411                3.3000         0.1120          0.000
         402                3.7800         0.1060          0.000
         407                4.0050         0.3550          0.000
         408                3.7800         0.1060          0.000
         416                3.7100         0.1050          0.000
         409                2.8700         0.0330          0.900
         406                3.8200         0.1060          0.000
         413                3.3000         0.1120          0.000
         405                3.7100         0.1100          0.000
         414                2.9200         0.0300          0.920
         415                2.5900         0.0220          0.900

 Additional Atomic Multipole Parameters :

     Atom Type     Coordinate Frame Definition         Multipole Moments

         401      403    404      0   Z-then-X    -0.27040
                                                  -0.22190  0.00000  0.26102
                                                  -0.17903
                                                   0.00000 -0.24517
                                                   0.13675  0.00000  0.42420

         402      407    401      0   Z-then-X    -0.16380
                                                   0.27778  0.00000 -0.20334
                                                   0.30211
                                                   0.00000 -0.49081
                                                  -0.33263  0.00000  0.18870

         403      406    401      0   Z-then-X    -0.06286
                                                   0.37348  0.00000 -0.12295
                                                   0.79149
                                                   0.00000 -1.08676
                                                  -0.63736  0.00000  0.29527

         404      411    405      0   Z-then-X     0.97419
                                                  -0.10999  0.00000  0.25580
                                                   0.38321
                                                   0.00000 -0.33696
                                                  -0.17133  0.00000 -0.04625

         405      404    415      0   Z-then-X    -0.32376
                                                   0.05823  0.00000 -0.07138
                                                   0.32176
                                                   0.00000 -0.38869
                                                  -0.03945  0.00000  0.06693

         406      413    403      0   Z-then-X     0.63075
                                                   0.40149  0.00000  0.25741
                                                  -0.01797
                                                   0.00000  0.01503
                                                   0.00873  0.00000  0.00294

         407      408    402      0   Z-then-X     0.34019
                                                   0.47821  0.00000  0.49978
                                                   1.11919
                                                   0.00000 -2.31639
                                                  -0.50667  0.00000  1.19720

         408      407    416      0   Z-then-X     0.21608
                                                   0.00820  0.00000 -0.28509
                                                   0.05369
                                                   0.00000  0.10740
                                                   0.05156  0.00000 -0.16109

         409      402    407      0   Z-then-X     0.09933
                                                   0.00064  0.00000 -0.16410
                                                   0.07960
                                                   0.00000  0.07569
                                                  -0.01944  0.00000 -0.15529

         410      401    403      0   Z-then-X     0.10718
                                                  -0.02083  0.00000 -0.03604
                                                  -0.03187
                                                   0.00000  0.01466
                                                  -0.01392  0.00000  0.01721

         411      404    405      0   Z-then-X    -0.77613
                                                   0.13027  0.00000 -0.18830
                                                  -0.53109
                                                   0.00000  0.25725
                                                   0.21601  0.00000  0.27384

         412      403    401      0   Z-then-X     0.11911
                                                   0.01244  0.00000 -0.25689
                                                   0.04573
                                                   0.00000  0.01640
                                                  -0.00301  0.00000 -0.06213

         413      406    403      0   Z-then-X    -0.66614
                                                  -0.21394  0.00000 -0.03273
                                                  -0.49754
                                                   0.00000  0.12402
                                                  -0.24547  0.00000  0.37352

         414      406    413      0   Z-then-X    -0.02624
                                                   0.07068  0.00000 -0.22870
                                                   0.12255
                                                   0.00000  0.03666
                                                   0.03118  0.00000 -0.15921

         415      405    404      0   Z-then-X     0.13248
                                                   0.00045  0.00000 -0.38308
                                                   0.28470
                                                   0.00000  0.12111
                                                   0.01221  0.00000 -0.40581

         416      408    407      0   Z-then-X    -0.56179
                                                   0.01684  0.00000 -0.29231
                                                   0.37390
                                                   0.00000  0.24558
                                                   0.00671  0.00000 -0.61948

 Additional Atomic Dipole Polarizability Parameters :

     Atom Type           Alpha       Thole     Group Atom Types

         403             1.073       0.390         412  401  406
         412             0.496       0.390         403
         401             1.334       0.390         403  410  404  402
         410             0.496       0.390         401
         404             1.334       0.390         401  411  405
         411             0.837       0.390         404
         402             1.334       0.390         401  407  409
         407             3.300       0.390         402  408
         408             1.334       0.390         407  416
         416             1.073       0.390         408
         409             0.496       0.390         402
         406             1.334       0.390         403  413  414
         413             0.837       0.390         406
         405             1.073       0.390         404  415
         414             0.494       0.390         406
         415             0.496       0.390         405

 Limited Memory BFGS Quasi-Newton Optimization :

 QN Iter     F Value      G RMS      F Move   X Move   Angle  FG Call  Comment

     0      -29.4173     7.2029                                   1
     1      -29.5237     9.3236      0.1064   0.0016    0.00      3    Success 
     2      -29.6250     7.2503      0.1013   0.0013   52.17      4    Success 
     3      -29.7766     6.8323      0.1516   0.0026   53.80      5    Success 
     4      -29.9496     5.8964      0.1731   0.0045   59.56      6    Success 
     5      -29.9811    12.0449      0.0314   0.0048   62.03      7    Success 
     6      -30.0353     8.7146      0.0542   0.0003   25.21      8    Success 
     7      -30.1131     3.7225      0.0778   0.0009   37.93      9    Success 
     8      -30.1589     3.8665      0.0458   0.0014   43.66     10    Success 
     9      -30.2041     4.9991      0.0452   0.0018   64.10     11    Success 
    10      -30.2798     5.3572      0.0758   0.0030   70.33     12    Success 
    11      -30.3934     5.8672      0.1136   0.0054   73.11     13    Success 
    12      -30.4377     9.4043      0.0443   0.0087   75.72     14    Success 
    13      -30.5051     4.7542      0.0674   0.0008   49.57     15    Success 
    14      -30.5396     2.4797      0.0345   0.0011   46.39     16    Success 
    15      -30.5520     2.3689      0.0124   0.0005   55.06     17    Success 
    16      -30.5745     2.4258      0.0225   0.0011   58.27     18    Success 
    17      -30.6131     2.6733      0.0386   0.0023   63.33     19    Success 
    18      -30.6667     3.5234      0.0536   0.0046   69.42     20    Success 
    19      -30.7173     3.5229      0.0506   0.0078   78.47     21    Success 
    20      -30.7444     2.4667      0.0271   0.0022   75.20     22    Success 
    21      -30.7791     1.7448      0.0347   0.0033   68.59     23    Success 
    22      -30.7917     1.4861      0.0127   0.0013   64.42     24    Success 
    23      -30.8016     1.8364      0.0098   0.0017   66.36     25    Success 
    24      -30.8094     1.9129      0.0078   0.0013   71.01     26    Success 
    25      -30.8162     1.8053      0.0068   0.0012   72.52     27    Success 
    26      -30.8217     1.4793      0.0055   0.0007   71.29     28    Success 
    27      -30.8297     1.4069      0.0080   0.0013   71.88     29    Success 
    28      -30.8390     1.6737      0.0093   0.0021   74.33     30    Success 
    29      -30.8485     1.3511      0.0095   0.0025   78.10     31    Success 
    30      -30.8564     1.2197      0.0079   0.0016   73.19     32    Success 
    31      -30.8642     1.9731      0.0078   0.0018   69.72     33    Success 
    32      -30.8705     1.3275      0.0063   0.0014   77.01     34    Success 
    33      -30.8752     1.0506      0.0047   0.0008   70.36     35    Success 
    34      -30.8817     1.0865      0.0064   0.0016   71.24     36    Success 
    35      -30.8876     1.7099      0.0059   0.0022   76.11     37    Success 
    36      -30.8929     0.9263      0.0053   0.0015   80.63     38    Success 
    37      -30.8972     0.8673      0.0043   0.0013   73.59     39    Success 
    38      -30.9032     0.9017      0.0060   0.0017   72.45     40    Success 
    39      -30.9105     0.8533      0.0073   0.0025   72.92     41    Success 
    40      -30.9127     0.8218      0.0021   0.0011   74.92     43    Success 
    41      -30.9146     0.4428      0.0019   0.0005   68.98     44    Success 
    42      -30.9158     0.5043      0.0013   0.0004   53.95     45    Success 
    43      -30.9172     0.6041      0.0013   0.0005   66.22     46    Success 
    44      -30.9188     0.4465      0.0016   0.0009   75.60     47    Success 
    45      -30.9195     0.8158      0.0007   0.0009   73.14     48    Success 
    46      -30.9202     0.6069      0.0007   0.0003   71.97     49    Success 
    47      -30.9206     0.3730      0.0005   0.0001   59.83     50    Success 
    48      -30.9213     0.3063      0.0007   0.0003   63.29     51    Success 
    49      -30.9221     0.3289      0.0008   0.0005   66.95     52    Success 
    50      -30.9230     0.5772      0.0009   0.0009   72.74     53    Success 
    51      -30.9236     0.3841      0.0005   0.0007   78.57     54    Success 
    52      -30.9239     0.1952      0.0003   0.0001   59.80     55    Success 
    53      -30.9241     0.1991      0.0002   0.0001   54.35     56    Success 
    54      -30.9243     0.2380      0.0003   0.0002   63.96     57    Success 
    55      -30.9247     0.3110      0.0004   0.0004   70.96     58    Success 
    56      -30.9250     0.3792      0.0003   0.0007   78.59     59    Success 
    57      -30.9251     0.4240      0.0001   0.0002   76.21     60    Success 
    58      -30.9252     0.1302      0.0001   0.0001   79.89     61    Success 
    59      -30.9252     0.1120      0.0000   0.0000   63.48     62    Success 
    60      -30.9253     0.1183      0.0000   0.0001   58.19     63    Success 
    61      -30.9254     0.1286      0.0001   0.0001   59.34     64    Success 
    62      -30.9255     0.1353      0.0001   0.0002   68.95     65    Success 
    63      -30.9256     0.2335      0.0001   0.0003   68.94     66    Success 
    64      -30.9257     0.1000      0.0001   0.0002   78.43     67    Success 
    65      -30.9257     0.0882      0.0001   0.0001   64.17     68    Success 
    66      -30.9258     0.1304      0.0001   0.0001   61.78     69    Success 
    67      -30.9259     0.1606      0.0001   0.0002   74.88     70    Success 
    68      -30.9259     0.1897      0.0001   0.0002   78.78     71    Success 
    69      -30.9260     0.2195      0.0000   0.0002   78.12     72    Success 
    70      -30.9260     0.0801      0.0000   0.0000   71.69     73    Success 
    71      -30.9260     0.0702      0.0000   0.0000   55.77     74    Success 
    72      -30.9260     0.0661      0.0000   0.0000   67.95     75    Success 
    73      -30.9261     0.0736      0.0000   0.0001   70.77     76    Success 
    74      -30.9261     0.1267      0.0000   0.0001   72.05     77    Success 
    75      -30.9261     0.0623      0.0000   0.0000   72.01     78    Success 
    76      -30.9261     0.0535      0.0000   0.0000   66.53     79    Success 
    77      -30.9261     0.0646      0.0000   0.0001   69.20     80    Success 
    78      -30.9261     0.0491      0.0000   0.0001   75.73     81    Success 
    79      -30.9261     0.0933      0.0000   0.0000   73.98     83    Success 
    80      -30.9261     0.0666      0.0000   0.0000   81.94     84    Success 
    81      -30.9262     0.0289      0.0000   0.0000   78.75     85    Success 
    82      -30.9262     0.0320      0.0000   0.0000   69.80     86    Success 
    83      -30.9262     0.0385      0.0000   0.0000   70.45     87    Success 
    84      -30.9262     0.0340      0.0000   0.0000   73.03     88    Success 
    85      -30.9262     0.0433      0.0000   0.0000   70.90     90    Success 
    86      -30.9262     0.0246      0.0000   0.0000   74.18     91    Success 
    87      -30.9262     0.0244      0.0000   0.0000   65.40     92    Success 
    88      -30.9262     0.0271      0.0000   0.0000   70.72     93    Success 
    89      -30.9262     0.0382      0.0000   0.0000   74.11     94    Success 
    90      -30.9262     0.0187      0.0000   0.0000   72.20     95    Success 
    91      -30.9262     0.0174      0.0000   0.0000   55.52     96    Success 
    92      -30.9262     0.0154      0.0000   0.0000   65.59     97    Success 
    93      -30.9262     0.0156      0.0000   0.0000   72.21     98    Success 
    94      -30.9262     0.0270      0.0000   0.0000   72.83     99    Success 
    95      -30.9262     0.0141      0.0000   0.0000   75.82    100    Success 
    96      -30.9262     0.0129      0.0000   0.0000   71.27    101    Success 
    97      -30.9262     0.0118      0.0000   0.0000   73.33    102    Success 
    98      -30.9262     0.0269      0.0000   0.0000   73.63    103    Success 
    99      -30.9262     0.0127      0.0000   0.0000   70.41    104    Success 
   100      -30.9262     0.0051      0.0000   0.0000   67.24    105    Success 
   101      -30.9262     0.0061      0.0000   0.0000   65.08    106    Success 
   102      -30.9262     0.0059      0.0000   0.0000   69.39    107    Success 
   103      -30.9262     0.0125      0.0000   0.0000   71.33    108    Success 
   104      -30.9262     0.0037      0.0000   0.0000   75.51    109    Success 
   105      -30.9262     0.0046      0.0000   0.0000   61.61    110    Success 
   106      -30.9262     0.0052      0.0000   0.0000   70.27    111    Success 
   107      -30.9262     0.0050      0.0000   0.0000   73.81    112    Success 
   108      -30.9262     0.0062      0.0000   0.0000   75.00    113    Success 
   109      -30.9262     0.0032      0.0000   0.0000   73.56    114    Success 
   110      -30.9262     0.0022      0.0000   0.0000   66.51    115    Success 
   111      -30.9262     0.0021      0.0000   0.0000   59.90    116    Success 
   112      -30.9262     0.0024      0.0000   0.0000   66.95    117    Success 
   113      -30.9262     0.0042      0.0000   0.0000   74.27    119    Success 
   114      -30.9262     0.0026      0.0000   0.0000   80.96    120    Success 
   115      -30.9262     0.0018      0.0000   0.0000   77.02    121    Success 
   116      -30.9262     0.0021      0.0000   0.0000   72.40    122    Success 
   117      -30.9262     0.0023      0.0000   0.0000   72.02    123    Success 
   118      -30.9262     0.0038      0.0000   0.0000   75.38    124    Success 
   119      -30.9262     0.0018      0.0000   0.0000   77.88    125    Success 
   120      -30.9262     0.0014      0.0000   0.0000   68.76    126    Success 
   121      -30.9262     0.0013      0.0000   0.0000   68.54    127    Success 
   122      -30.9262     0.0021      0.0000   0.0000   71.79    129    Success 
   123      -30.9262     0.0011      0.0000   0.0000   75.96    130    Success 
   124      -30.9262     0.0008      0.0000   0.0000   70.97    131   SmallGrad

 LBFGS  --  Normal Termination due to SmallGrad

 Final Function Value :          -30.9262
 Final RMS Gradient :              0.0008
 Final Gradient Norm :             0.0034
