
     ######################################################################
   ##########################################################################
  ###                                                                      ###
 ###            Tinker  ---  Software Tools for Molecular Design            ###
 ##                                                                          ##
 ##                          Version 8.7  June 2019                          ##
 ##                                                                          ##
 ##               Copyright (c)  Jay William Ponder  1990-2019               ##
 ###                           All Rights Reserved                          ###
  ###                                                                      ###
   ##########################################################################
     ######################################################################


 Additional Atom Definition Parameters :

     Type  Class  Symbol  Description               Atomic    Mass   Valence

     403    403     N     ModifiedRes                  7     14.007     3
     412    412     H     ModifiedRes                  1      1.008     1
     401    401     C     ModifiedRes                  6     12.011     4
     410    410     H     ModifiedRes                  1      1.008     1
     404    404     C     ModifiedRes                  6     12.011     3
     411    411     O     ModifiedRes                  8     15.999     1
     402    402     C     ModifiedRes                  6     12.011     4
     407    407     S     ModifiedRes                 16     32.066     2
     408    408     C     ModifiedRes                  6     12.011     2
     416    416     N     ModifiedRes                  7     14.007     1
     409    409     H     ModifiedRes                  1      1.008     1
     406    406     C     ModifiedRes                  6     12.011     3
     413    413     O     ModifiedRes                  8     15.999     1
     405    405     N     ModifiedRes                  7     14.007     3
     414    414     H     ModifiedRes                  1      1.008     1
     415    415     H     ModifiedRes                  1      1.008     1

 Additional Bond Stretching Parameters :

     Atom Classes             K(S)         Length

       401 403             374.800         1.4589
       403 406             482.000         1.3610
       403 412             542.000         1.0150
       401 410             341.000         1.0957
       401 404             345.300         1.5388
       401 402             345.300         1.5181
       404 405             482.000         1.3572
       404 411             705.000         1.2314
       402 409             395.500         1.0914
       402 407             235.800         1.8318
       407 408             235.800         1.6971
       408 416             450.000         1.1861
       406 413             705.000         1.2330
       406 414             356.400         1.1017
       405 415             542.000         1.0125

 Additional Angle Bending Parameters :

     Atom Classes             K(B)          Angle

     403 406 413            60.000        124.094
     401 403 412            35.000        118.942
     406 403 412            35.000        118.838
     401 404 405            70.000        113.359
     401 404 411            80.000        121.700
     401 402 407            53.200        108.210
     401 403 406            50.000        121.364
     404 401 410            38.000        109.343
     402 401 410            38.000        110.332
     403 401 410            50.600        106.311
     402 401 404            60.000        109.451
     403 401 404            80.000        110.698
     402 401 403            80.000        110.661
     402 407 408            60.430         97.779
     407 408 416            60.000        178.379
     409 402 409            39.570        108.414
     401 402 409            42.440        109.507
     407 402 409            60.240        109.536
     405 404 411            60.000        124.942
     413 406 414            68.340        122.634
     403 406 414            31.650        113.263
     415 405 415            22.300        119.362
     404 405 415            35.000        117.511

 Additional Stretch-Bend Parameters :

     Atom Classes          K(SB)-1        K(SB)-2

     401 403 412             4.300          7.200
     406 403 412             4.300          7.200
     401 404 405            18.700         18.700
     401 402 407            18.700         18.700
     401 403 406             7.200          7.200
     404 401 410            11.500         18.700
     402 401 410            11.500         18.700
     403 401 410            11.500         11.500
     402 401 404            18.700         18.700
     403 401 404            18.700         18.700
     402 401 403            18.700         18.700
     402 407 408            -5.750         -5.750
     401 402 409            11.500         11.500
     407 402 409            11.500         11.500
     403 406 414            11.500         11.500
     404 405 415             4.300          7.200
     415 405 415             4.300          7.200
     401 404 411            18.700         18.700
     413 406 414            11.500         11.500

 Additional Out-of-Plane Bend Parameters :

     Atom Classes                   K(OPB)

     401 403   0   0                14.400
     401 404   0   0                14.400
     403 406   0   0               107.910
     404 405   0   0                71.940
     405 404   0   0               107.910
     406 403   0   0                71.940
     411 404   0   0               122.298
     412 403   0   0                 5.755
     413 406   0   0               122.298
     414 406   0   0               140.283
     415 405   0   0                 5.755

 Additional Torsional Parameters :

     Atom Classes     1-Fold    2-Fold    3-Fold    4-Fold    5-Fold    6-Fold

   403 401 404 405   0.00   0  0.00 180  0.00   0  0.00   0  0.00   0  0.00   0
   403 401 404 411   0.00   0  0.00 180  0.00   0  0.00   0  0.00   0  0.00   0
   403 401 402 409   0.00   0  0.00 180  0.00   0  0.00   0  0.00   0  0.00   0
   403 401 402 407   0.00   0  0.00 180  0.00   0  0.00   0  0.00   0  0.00   0
   410 401 403 412   0.00   0  0.00 180  0.00   0  0.00   0  0.00   0  0.00   0
   404 401 403 412   0.00   0  0.00 180  0.00   0  0.00   0  0.00   0  0.00   0
   402 401 403 412   0.00   0  0.00 180  0.00   0  0.00   0  0.00   0  0.00   0
   412 403 406 413   0.00   0  0.00 180  0.00   0  0.00   0  0.00   0  0.00   0
   412 403 406 414   0.00   0  0.00 180  0.00   0  0.00   0  0.00   0  0.00   0
   401 404 405 415   0.00   0  1.20 180  0.80   0  0.00   0  0.00   0  0.00   0
   401 402 407 408   0.00   0  0.00 180  0.00   0  0.00   0  0.00   0  0.00   0
   401 403 406 413   0.00   0  0.00 180  0.00   0  0.00   0  0.00   0  0.00   0
   401 403 406 414   0.00   0  0.00 180  0.00   0  0.00   0  0.00   0  0.00   0
   410 401 404 405   0.00   0  0.00 180  0.00   0  0.00   0  0.00   0  0.00   0
   410 401 404 411   0.00   0  0.00 180  0.00   0  0.00   0  0.00   0  0.00   0
   410 401 402 409   0.00   0  0.00 180  0.00   0  0.00   0  0.00   0  0.00   0
   410 401 402 407   0.00   0  0.00 180  0.00   0  0.00   0  0.00   0  0.00   0
   410 401 403 406   0.00   0  0.00 180  0.00   0  0.00   0  0.00   0  0.00   0
   404 401 402 409   0.00   0  0.00 180  0.00   0  0.00   0  0.00   0  0.00   0
   404 401 402 407   0.00   0  0.00 180  0.00   0  0.00   0  0.00   0  0.00   0
   404 401 403 406   0.00   0  0.00 180  0.00   0  0.00   0  0.00   0  0.00   0
   411 404 405 415   0.00   0  0.00 180  0.00   0  0.00   0  0.00   0  0.00   0
   402 401 404 411   0.00   0  0.00 180  0.00   0  0.00   0  0.00   0  0.00   0
   402 401 404 405   0.00   0  0.00 180  0.00   0  0.00   0  0.00   0  0.00   0
   402 401 403 406   0.00   0  0.00 180  0.00   0  0.00   0  0.00   0  0.00   0
   402 407 408 416   0.00   0  0.00 180  0.50   0  0.00   0  0.00   0  0.00   0
   409 402 407 408   0.00   0  0.00 180  0.00   0  0.00   0  0.00   0  0.00   0

 Additional Pi-Orbital Torsion Parameters :

     Atom Classes       2-Fold

       404 405           6.850
       403 406           6.850

 Additional van der Waals Parameters :

     Atom Class               Size        Epsilon        Reduction

         403                3.7100         0.1100          0.000
         412                2.5900         0.0220          0.900
         401                3.6500         0.1010          0.000
         410                2.8800         0.0240          0.910
         404                3.8200         0.1060          0.000
         411                3.3000         0.1120          0.000
         402                3.7800         0.1060          0.000
         407                4.0050         0.3550          0.000
         408                3.7800         0.1060          0.000
         416                3.7100         0.1050          0.000
         409                2.8700         0.0330          0.900
         406                3.8200         0.1060          0.000
         413                3.3000         0.1120          0.000
         405                3.7100         0.1100          0.000
         414                2.9200         0.0300          0.920
         415                2.5900         0.0220          0.900

 Additional Atomic Multipole Parameters :

     Atom Type     Coordinate Frame Definition         Multipole Moments

         401      403    404      0   Z-then-X    -0.27040
                                                  -0.22190  0.00000  0.26102
                                                  -0.17903
                                                   0.00000 -0.24517
                                                   0.13675  0.00000  0.42420

         402      407    401      0   Z-then-X    -0.16380
                                                   0.27778  0.00000 -0.20334
                                                   0.30211
                                                   0.00000 -0.49081
                                                  -0.33263  0.00000  0.18870

         403      406    401      0   Z-then-X    -0.06286
                                                   0.37348  0.00000 -0.12295
                                                   0.79149
                                                   0.00000 -1.08676
                                                  -0.63736  0.00000  0.29527

         404      411    405      0   Z-then-X     0.97419
                                                  -0.10999  0.00000  0.25580
                                                   0.38321
                                                   0.00000 -0.33696
                                                  -0.17133  0.00000 -0.04625

         405      404    415      0   Z-then-X    -0.32376
                                                   0.05823  0.00000 -0.07138
                                                   0.32176
                                                   0.00000 -0.38869
                                                  -0.03945  0.00000  0.06693

         406      413    403      0   Z-then-X     0.63075
                                                   0.40149  0.00000  0.25741
                                                  -0.01797
                                                   0.00000  0.01503
                                                   0.00873  0.00000  0.00294

         407      408    402      0   Z-then-X     0.34019
                                                   0.47821  0.00000  0.49978
                                                   1.11919
                                                   0.00000 -2.31639
                                                  -0.50667  0.00000  1.19720

         408      407    416      0   Z-then-X     0.21608
                                                   0.00820  0.00000 -0.28509
                                                   0.05369
                                                   0.00000  0.10740
                                                   0.05156  0.00000 -0.16109

         409      402    407      0   Z-then-X     0.09933
                                                   0.00064  0.00000 -0.16410
                                                   0.07960
                                                   0.00000  0.07569
                                                  -0.01944  0.00000 -0.15529

         410      401    403      0   Z-then-X     0.10718
                                                  -0.02083  0.00000 -0.03604
                                                  -0.03187
                                                   0.00000  0.01466
                                                  -0.01392  0.00000  0.01721

         411      404    405      0   Z-then-X    -0.77613
                                                   0.13027  0.00000 -0.18830
                                                  -0.53109
                                                   0.00000  0.25725
                                                   0.21601  0.00000  0.27384

         412      403    401      0   Z-then-X     0.11911
                                                   0.01244  0.00000 -0.25689
                                                   0.04573
                                                   0.00000  0.01640
                                                  -0.00301  0.00000 -0.06213

         413      406    403      0   Z-then-X    -0.66614
                                                  -0.21394  0.00000 -0.03273
                                                  -0.49754
                                                   0.00000  0.12402
                                                  -0.24547  0.00000  0.37352

         414      406    413      0   Z-then-X    -0.02624
                                                   0.07068  0.00000 -0.22870
                                                   0.12255
                                                   0.00000  0.03666
                                                   0.03118  0.00000 -0.15921

         415      405    404      0   Z-then-X     0.13248
                                                   0.00045  0.00000 -0.38308
                                                   0.28470
                                                   0.00000  0.12111
                                                   0.01221  0.00000 -0.40581

         416      408    407      0   Z-then-X    -0.56179
                                                   0.01684  0.00000 -0.29231
                                                   0.37390
                                                   0.00000  0.24558
                                                   0.00671  0.00000 -0.61948

 Additional Atomic Dipole Polarizability Parameters :

     Atom Type           Alpha       Thole     Group Atom Types

         403             1.073       0.390         412  401  406
         412             0.496       0.390         403
         401             1.334       0.390         403  410  404  402
         410             0.496       0.390         401
         404             1.334       0.390         401  411  405
         411             0.837       0.390         404
         402             1.334       0.390         401  407  409
         407             3.300       0.390         402  408
         408             1.334       0.390         407  416
         416             1.073       0.390         408
         409             0.496       0.390         402
         406             1.334       0.390         403  413  414
         413             0.837       0.390         406
         405             1.073       0.390         404  415
         414             0.494       0.390         406
         415             0.496       0.390         405

 Limited Memory BFGS Quasi-Newton Optimization :

 QN Iter     F Value      G RMS      F Move   X Move   Angle  FG Call  Comment

     0     3180.6332   953.2549                                   1
     1     1899.8369   586.5297   1280.7963   0.0982    0.00      2    Success 
     2     1098.9045   409.3062    800.9324   0.0982    3.98      3    Success 
     3      638.6071   413.9128    460.2974   0.0982   15.10      4    Success 
     4      339.9778   249.0828    298.6293   0.0982   48.34      5    Success 
     5      240.9082   253.6614     99.0696   0.0819   49.61      6    Success 
     6      187.1601   110.4298     53.7481   0.0284   48.32      7    Success 
     7      158.4722   105.7841     28.6878   0.0197   23.84      8    Success 
     8      115.4462   111.3266     43.0260   0.0393   40.01      9    Success 
     9       70.8477   106.8717     44.5985   0.0662   56.23     10    Success 
    10       63.3380   145.4420      7.5097   0.0567   64.28     11    Success 
    11       50.5875   102.4529     12.7506   0.0067   30.72     12    Success 
    12       33.0788    38.3584     17.5087   0.0182   40.63     13    Success 
    13       26.0829    35.8070      6.9959   0.0229   47.35     14    Success 
    14       20.9064    34.0010      5.1765   0.0209   60.60     15    Success 
    15       14.9106    43.2265      5.9958   0.0346   60.76     16    Success 
    16       10.9781    38.0422      3.9325   0.0331   67.48     17    Success 
    17        8.7859    17.9511      2.1922   0.0067   48.78     18    Success 
    18        7.1850    16.1346      1.6009   0.0100   43.03     19    Success 
    19        5.8251    15.7582      1.3599   0.0118   59.26     20    Success 
    20        3.9365    16.2325      1.8886   0.0210   62.88     21    Success 
    21        3.0098    17.0602      0.9266   0.0149   64.78     23    Success 
    22        2.1575     9.7064      0.8523   0.0107   67.07     24    Success 
    23        1.5945     8.9913      0.5629   0.0085   56.82     25    Success 
    24        0.9691    11.5079      0.6254   0.0114   60.02     26    Success 
    25        0.8385    28.7833      0.1307   0.0189   71.33     27    Success 
    26        0.6086    21.6739      0.2299   0.0006   35.60     28    Success 
    27        0.2857     8.4138      0.3229   0.0021   55.79     29    Success 
    28        0.1872     4.2651      0.0985   0.0017   50.43     30    Success 
    29        0.1470     4.7470      0.0402   0.0011   57.61     31    Success 
    30        0.0763     4.7856      0.0707   0.0020   62.27     32    Success 
    31       -0.0457     4.5858      0.1220   0.0036   62.78     33    Success 
    32       -0.2053     6.3499      0.1596   0.0074   66.48     34    Success 
    33       -0.2956     9.8348      0.0903   0.0114   75.81     35    Success 
    34       -0.3084    10.7223      0.0128   0.0038   74.59     36    Success 
    35       -0.3309     9.0474      0.0225   0.0006   76.97     37    Success 
    36       -0.3706     6.9876      0.0396   0.0009   72.51     38    Success 
    37       -0.4258     2.7196      0.0552   0.0023   74.35     39    Success 
    38       -0.4549     2.9012      0.0291   0.0013   51.70     40    Success 
    39       -0.4927     2.8864      0.0378   0.0028   68.04     41    Success 
    40       -0.5492     5.1471      0.0565   0.0036   66.50     42    Success 
    41       -0.6343     4.3525      0.0851   0.0053   76.70     43    Success 
    42       -0.6785     8.3836      0.0442   0.0097   76.99     44    Success 
    43       -0.7363     4.3832      0.0578   0.0018   71.42     45    Success 
    44       -0.7639     3.0167      0.0276   0.0013   68.44     46    Success 
    45       -0.7890     2.3240      0.0251   0.0023   73.49     47    Success 
    46       -0.8093     2.2977      0.0204   0.0032   77.64     48    Success 
    47       -0.8280     2.0470      0.0187   0.0034   79.16     49    Success 
    48       -0.8460     2.1795      0.0180   0.0028   75.04     50    Success 
    49       -0.8569     3.8027      0.0109   0.0035   74.73     51    Success 
    50       -0.8711     1.6938      0.0142   0.0009   68.57     52    Success 
    51       -0.8795     1.4078      0.0084   0.0011   68.45     53    Success 
    52       -0.8878     1.4047      0.0083   0.0012   68.70     54    Success 
    53       -0.8995     1.5078      0.0116   0.0018   68.35     55    Success 
    54       -0.9092     1.6451      0.0098   0.0035   76.50     56    Success 
    55       -0.9168     1.1362      0.0076   0.0011   69.27     57    Success 
    56       -0.9227     1.2070      0.0059   0.0009   61.40     58    Success 
    57       -0.9276     1.0808      0.0049   0.0012   70.36     59    Success 
    58       -0.9306     0.8719      0.0030   0.0009   73.08     60    Success 
    59       -0.9323     0.6273      0.0017   0.0005   73.04     61    Success 
    60       -0.9347     0.5921      0.0023   0.0007   66.40     62    Success 
    61       -0.9367     0.6905      0.0020   0.0008   67.92     63    Success 
    62       -0.9379     1.2971      0.0012   0.0011   73.39     64    Success 
    63       -0.9393     0.5041      0.0014   0.0002   66.08     65    Success 
    64       -0.9399     0.3884      0.0006   0.0002   62.58     66    Success 
    65       -0.9405     0.4737      0.0006   0.0002   61.18     67    Success 
    66       -0.9414     0.5079      0.0009   0.0004   70.69     68    Success 
    67       -0.9425     0.7854      0.0011   0.0007   73.50     69    Success 
    68       -0.9439     0.5445      0.0014   0.0010   80.46     70    Success 
    69       -0.9448     0.3280      0.0009   0.0006   77.67     71    Success 
    70       -0.9458     0.4524      0.0010   0.0007   65.47     72    Success 
    71       -0.9466     0.5405      0.0008   0.0005   74.99     73    Success 
    72       -0.9475     0.9066      0.0009   0.0007   77.27     74    Success 
    73       -0.9488     0.4834      0.0012   0.0009   82.67     75    Success 
    74       -0.9495     0.2729      0.0008   0.0006   76.38     76    Success 
    75       -0.9500     0.3186      0.0005   0.0004   66.99     77    Success 
    76       -0.9506     0.4027      0.0006   0.0004   71.92     78    Success 
    77       -0.9512     0.7451      0.0005   0.0008   77.76     79    Success 
    78       -0.9520     0.4271      0.0008   0.0005   81.43     80    Success 
    79       -0.9528     0.2691      0.0008   0.0007   77.50     81    Success 
    80       -0.9531     0.3796      0.0004   0.0004   72.97     82    Success 
    81       -0.9535     0.3143      0.0004   0.0005   79.00     83    Success 
    82       -0.9539     0.2455      0.0004   0.0003   71.36     84    Success 
    83       -0.9543     0.2688      0.0004   0.0004   67.02     85    Success 
    84       -0.9545     0.2642      0.0002   0.0003   72.14     86    Success 
    85       -0.9547     0.2300      0.0002   0.0002   72.30     87    Success 
    86       -0.9549     0.1781      0.0002   0.0003   71.42     88    Success 
    87       -0.9552     0.1983      0.0002   0.0004   74.32     89    Success 
    88       -0.9555     0.3013      0.0003   0.0005   72.69     90    Success 
    89       -0.9558     0.2436      0.0003   0.0006   79.87     91    Success 
    90       -0.9559     0.1825      0.0002   0.0002   66.88     92    Success 
    91       -0.9560     0.1700      0.0001   0.0001   60.00     93    Success 
    92       -0.9562     0.1625      0.0002   0.0002   67.97     94    Success 
    93       -0.9565     0.2265      0.0002   0.0004   71.24     95    Success 
    94       -0.9567     0.1841      0.0002   0.0006   80.63     96    Success 
    95       -0.9567     0.2212      0.0001   0.0003   78.98     97    Success 
    96       -0.9568     0.1110      0.0001   0.0000   56.75     98    Success 
    97       -0.9569     0.1013      0.0001   0.0001   57.56     99    Success 
    98       -0.9570     0.1109      0.0001   0.0001   68.58    100    Success 
    99       -0.9570     0.1370      0.0001   0.0002   73.13    101    Success 
   100       -0.9571     0.1099      0.0001   0.0003   79.13    102    Success 
   101       -0.9572     0.0899      0.0000   0.0001   66.25    103    Success 
   102       -0.9572     0.0886      0.0000   0.0001   68.89    104    Success 
   103       -0.9572     0.1284      0.0000   0.0001   74.19    105    Success 
   104       -0.9572     0.0514      0.0000   0.0001   74.25    106    Success 
   105       -0.9572     0.0507      0.0000   0.0000   62.17    107    Success 
   106       -0.9573     0.0550      0.0000   0.0001   67.48    108    Success 
   107       -0.9573     0.0503      0.0000   0.0001   72.26    109    Success 
   108       -0.9573     0.0606      0.0000   0.0000   72.12    111    Success 
   109       -0.9573     0.0280      0.0000   0.0000   74.56    112    Success 
   110       -0.9573     0.0304      0.0000   0.0000   59.57    113    Success 
   111       -0.9573     0.0340      0.0000   0.0000   63.92    114    Success 
   112       -0.9573     0.0575      0.0000   0.0000   70.22    115    Success 
   113       -0.9573     0.0199      0.0000   0.0000   71.29    116    Success 
   114       -0.9573     0.0147      0.0000   0.0000   60.30    117    Success 
   115       -0.9573     0.0189      0.0000   0.0000   65.46    118    Success 
   116       -0.9573     0.0210      0.0000   0.0000   73.09    119    Success 
   117       -0.9573     0.0457      0.0000   0.0000   75.80    120    Success 
   118       -0.9573     0.0154      0.0000   0.0000   76.32    121    Success 
   119       -0.9573     0.0130      0.0000   0.0000   60.39    122    Success 
   120       -0.9573     0.0149      0.0000   0.0000   65.43    123    Success 
   121       -0.9573     0.0158      0.0000   0.0000   69.94    124    Success 
   122       -0.9573     0.0217      0.0000   0.0000   72.40    125    Success 
   123       -0.9573     0.0136      0.0000   0.0000   78.44    126    Success 
   124       -0.9573     0.0138      0.0000   0.0000   74.11    127    Success 
   125       -0.9573     0.0110      0.0000   0.0000   65.17    128    Success 
   126       -0.9573     0.0129      0.0000   0.0000   62.99    129    Success 
   127       -0.9573     0.0166      0.0000   0.0000   74.25    130    Success 
   128       -0.9573     0.0233      0.0000   0.0000   77.95    131    Success 
   129       -0.9573     0.0129      0.0000   0.0000   75.12    132    Success 
   130       -0.9573     0.0037      0.0000   0.0000   68.54    133    Success 
   131       -0.9573     0.0040      0.0000   0.0000   61.78    134    Success 
   132       -0.9573     0.0038      0.0000   0.0000   64.49    135    Success 
   133       -0.9573     0.0091      0.0000   0.0000   67.18    136    Success 
   134       -0.9573     0.0043      0.0000   0.0000   76.92    137    Success 
   135       -0.9573     0.0025      0.0000   0.0000   71.02    138    Success 
   136       -0.9573     0.0031      0.0000   0.0000   63.90    139    Success 
   137       -0.9573     0.0036      0.0000   0.0000   69.83    140    Success 
   138       -0.9573     0.0032      0.0000   0.0000   74.87    141    Success 
   139       -0.9573     0.0074      0.0000   0.0000   74.92    142    Success 
   140       -0.9573     0.0030      0.0000   0.0000   81.01    143    Success 
   141       -0.9573     0.0016      0.0000   0.0000   64.00    144    Success 
   142       -0.9573     0.0018      0.0000   0.0000   69.60    145    Success 
   143       -0.9573     0.0022      0.0000   0.0000   74.41    146    Success 
   144       -0.9573     0.0015      0.0000   0.0000   77.76    147    Success 
   145       -0.9573     0.0014      0.0000   0.0000   75.31    148    Success 
   146       -0.9573     0.0024      0.0000   0.0000   72.39    149    Success 
   147       -0.9573     0.0010      0.0000   0.0000   62.55    150    Success 
   148       -0.9573     0.0012      0.0000   0.0000   59.22    151    Success 
   149       -0.9573     0.0014      0.0000   0.0000   75.26    152    Success 
   150       -0.9573     0.0016      0.0000   0.0000   76.94    153    Success 
   151       -0.9573     0.0012      0.0000   0.0000   80.29    154    Success 
   152       -0.9573     0.0010      0.0000   0.0000   74.56    155   SmallGrad

 LBFGS  --  Normal Termination due to SmallGrad

 Final Function Value :           -0.9573
 Final RMS Gradient :              0.0010
 Final Gradient Norm :             0.0042
