
     ######################################################################
   ##########################################################################
  ###                                                                      ###
 ###            Tinker  ---  Software Tools for Molecular Design            ###
 ##                                                                          ##
 ##                          Version 8.7  June 2019                          ##
 ##                                                                          ##
 ##               Copyright (c)  Jay William Ponder  1990-2019               ##
 ###                           All Rights Reserved                          ###
  ###                                                                      ###
   ##########################################################################
     ######################################################################


 Additional Atom Definition Parameters :

     Type  Class  Symbol  Description               Atomic    Mass   Valence

     403    403     N     ModifiedRes                  7     14.007     3
     412    412     H     ModifiedRes                  1      1.008     1
     401    401     C     ModifiedRes                  6     12.011     4
     410    410     H     ModifiedRes                  1      1.008     1
     404    404     C     ModifiedRes                  6     12.011     3
     411    411     O     ModifiedRes                  8     15.999     1
     402    402     C     ModifiedRes                  6     12.011     4
     407    407     S     ModifiedRes                 16     32.066     2
     408    408     C     ModifiedRes                  6     12.011     2
     416    416     N     ModifiedRes                  7     14.007     1
     409    409     H     ModifiedRes                  1      1.008     1
     406    406     C     ModifiedRes                  6     12.011     3
     413    413     O     ModifiedRes                  8     15.999     1
     405    405     N     ModifiedRes                  7     14.007     3
     414    414     H     ModifiedRes                  1      1.008     1
     415    415     H     ModifiedRes                  1      1.008     1

 Additional Bond Stretching Parameters :

     Atom Classes             K(S)         Length

       401 403             374.800         1.4589
       403 406             482.000         1.3610
       403 412             542.000         1.0150
       401 410             341.000         1.0957
       401 404             345.300         1.5388
       401 402             345.300         1.5181
       404 405             482.000         1.3572
       404 411             705.000         1.2314
       402 409             395.500         1.0914
       402 407             235.800         1.8318
       407 408             235.800         1.6971
       408 416             450.000         1.1861
       406 413             705.000         1.2330
       406 414             356.400         1.1017
       405 415             542.000         1.0125

 Additional Angle Bending Parameters :

     Atom Classes             K(B)          Angle

     403 406 413            60.000        124.094
     401 403 412            35.000        118.942
     406 403 412            35.000        118.838
     401 404 405            70.000        113.359
     401 404 411            80.000        121.700
     401 402 407            53.200        108.210
     401 403 406            50.000        121.364
     404 401 410            38.000        109.343
     402 401 410            38.000        110.332
     403 401 410            50.600        106.311
     402 401 404            60.000        109.451
     403 401 404            80.000        110.698
     402 401 403            80.000        110.661
     402 407 408            60.430         97.779
     407 408 416            60.000        178.379
     409 402 409            39.570        108.414
     401 402 409            42.440        109.507
     407 402 409            60.240        109.536
     405 404 411            60.000        124.942
     413 406 414            68.340        122.634
     403 406 414            31.650        113.263
     415 405 415            22.300        119.362
     404 405 415            35.000        117.511

 Additional Stretch-Bend Parameters :

     Atom Classes          K(SB)-1        K(SB)-2

     401 403 412             4.300          7.200
     406 403 412             4.300          7.200
     401 404 405            18.700         18.700
     401 402 407            18.700         18.700
     401 403 406             7.200          7.200
     404 401 410            11.500         18.700
     402 401 410            11.500         18.700
     403 401 410            11.500         11.500
     402 401 404            18.700         18.700
     403 401 404            18.700         18.700
     402 401 403            18.700         18.700
     402 407 408            -5.750         -5.750
     401 402 409            11.500         11.500
     407 402 409            11.500         11.500
     403 406 414            11.500         11.500
     404 405 415             4.300          7.200
     415 405 415             4.300          7.200
     401 404 411            18.700         18.700
     413 406 414            11.500         11.500

 Additional Out-of-Plane Bend Parameters :

     Atom Classes                   K(OPB)

     401 403   0   0                14.400
     401 404   0   0                14.400
     403 406   0   0               107.910
     404 405   0   0                71.940
     405 404   0   0               107.910
     406 403   0   0                71.940
     411 404   0   0               122.298
     412 403   0   0                 5.755
     413 406   0   0               122.298
     414 406   0   0               140.283
     415 405   0   0                 5.755

 Additional Torsional Parameters :

     Atom Classes     1-Fold    2-Fold    3-Fold    4-Fold    5-Fold    6-Fold

   403 401 404 405   0.00   0  0.00 180  0.00   0  0.00   0  0.00   0  0.00   0
   403 401 404 411   0.00   0  0.00 180  0.00   0  0.00   0  0.00   0  0.00   0
   403 401 402 409   0.00   0  0.00 180  0.00   0  0.00   0  0.00   0  0.00   0
   403 401 402 407   0.00   0  0.00 180  0.00   0  0.00   0  0.00   0  0.00   0
   410 401 403 412   0.00   0  0.00 180  0.00   0  0.00   0  0.00   0  0.00   0
   404 401 403 412   0.00   0  0.00 180  0.00   0  0.00   0  0.00   0  0.00   0
   402 401 403 412   0.00   0  0.00 180  0.00   0  0.00   0  0.00   0  0.00   0
   412 403 406 413   0.00   0  0.00 180  0.00   0  0.00   0  0.00   0  0.00   0
   412 403 406 414   0.00   0  0.00 180  0.00   0  0.00   0  0.00   0  0.00   0
   401 404 405 415   0.00   0  1.20 180  0.80   0  0.00   0  0.00   0  0.00   0
   401 402 407 408   0.00   0  0.00 180  0.00   0  0.00   0  0.00   0  0.00   0
   401 403 406 413   0.00   0  0.00 180  0.00   0  0.00   0  0.00   0  0.00   0
   401 403 406 414   0.00   0  0.00 180  0.00   0  0.00   0  0.00   0  0.00   0
   410 401 404 405   0.00   0  0.00 180  0.00   0  0.00   0  0.00   0  0.00   0
   410 401 404 411   0.00   0  0.00 180  0.00   0  0.00   0  0.00   0  0.00   0
   410 401 402 409   0.00   0  0.00 180  0.00   0  0.00   0  0.00   0  0.00   0
   410 401 402 407   0.00   0  0.00 180  0.00   0  0.00   0  0.00   0  0.00   0
   410 401 403 406   0.00   0  0.00 180  0.00   0  0.00   0  0.00   0  0.00   0
   404 401 402 409   0.00   0  0.00 180  0.00   0  0.00   0  0.00   0  0.00   0
   404 401 402 407   0.00   0  0.00 180  0.00   0  0.00   0  0.00   0  0.00   0
   404 401 403 406   0.00   0  0.00 180  0.00   0  0.00   0  0.00   0  0.00   0
   411 404 405 415   0.00   0  0.00 180  0.00   0  0.00   0  0.00   0  0.00   0
   402 401 404 411   0.00   0  0.00 180  0.00   0  0.00   0  0.00   0  0.00   0
   402 401 404 405   0.00   0  0.00 180  0.00   0  0.00   0  0.00   0  0.00   0
   402 401 403 406   0.00   0  0.00 180  0.00   0  0.00   0  0.00   0  0.00   0
   402 407 408 416   0.00   0  0.00 180  0.50   0  0.00   0  0.00   0  0.00   0
   409 402 407 408   0.00   0  0.00 180  0.00   0  0.00   0  0.00   0  0.00   0

 Additional Pi-Orbital Torsion Parameters :

     Atom Classes       2-Fold

       404 405           6.850
       403 406           6.850

 Additional van der Waals Parameters :

     Atom Class               Size        Epsilon        Reduction

         403                3.7100         0.1100          0.000
         412                2.5900         0.0220          0.900
         401                3.6500         0.1010          0.000
         410                2.8800         0.0240          0.910
         404                3.8200         0.1060          0.000
         411                3.3000         0.1120          0.000
         402                3.7800         0.1060          0.000
         407                4.0050         0.3550          0.000
         408                3.7800         0.1060          0.000
         416                3.7100         0.1050          0.000
         409                2.8700         0.0330          0.900
         406                3.8200         0.1060          0.000
         413                3.3000         0.1120          0.000
         405                3.7100         0.1100          0.000
         414                2.9200         0.0300          0.920
         415                2.5900         0.0220          0.900

 Additional Atomic Multipole Parameters :

     Atom Type     Coordinate Frame Definition         Multipole Moments

         401      403    404      0   Z-then-X    -0.27040
                                                  -0.22190  0.00000  0.26102
                                                  -0.17903
                                                   0.00000 -0.24517
                                                   0.13675  0.00000  0.42420

         402      407    401      0   Z-then-X    -0.16380
                                                   0.27778  0.00000 -0.20334
                                                   0.30211
                                                   0.00000 -0.49081
                                                  -0.33263  0.00000  0.18870

         403      406    401      0   Z-then-X    -0.06286
                                                   0.37348  0.00000 -0.12295
                                                   0.79149
                                                   0.00000 -1.08676
                                                  -0.63736  0.00000  0.29527

         404      411    405      0   Z-then-X     0.97419
                                                  -0.10999  0.00000  0.25580
                                                   0.38321
                                                   0.00000 -0.33696
                                                  -0.17133  0.00000 -0.04625

         405      404    415      0   Z-then-X    -0.32376
                                                   0.05823  0.00000 -0.07138
                                                   0.32176
                                                   0.00000 -0.38869
                                                  -0.03945  0.00000  0.06693

         406      413    403      0   Z-then-X     0.63075
                                                   0.40149  0.00000  0.25741
                                                  -0.01797
                                                   0.00000  0.01503
                                                   0.00873  0.00000  0.00294

         407      408    402      0   Z-then-X     0.34019
                                                   0.47821  0.00000  0.49978
                                                   1.11919
                                                   0.00000 -2.31639
                                                  -0.50667  0.00000  1.19720

         408      407    416      0   Z-then-X     0.21608
                                                   0.00820  0.00000 -0.28509
                                                   0.05369
                                                   0.00000  0.10740
                                                   0.05156  0.00000 -0.16109

         409      402    407      0   Z-then-X     0.09933
                                                   0.00064  0.00000 -0.16410
                                                   0.07960
                                                   0.00000  0.07569
                                                  -0.01944  0.00000 -0.15529

         410      401    403      0   Z-then-X     0.10718
                                                  -0.02083  0.00000 -0.03604
                                                  -0.03187
                                                   0.00000  0.01466
                                                  -0.01392  0.00000  0.01721

         411      404    405      0   Z-then-X    -0.77613
                                                   0.13027  0.00000 -0.18830
                                                  -0.53109
                                                   0.00000  0.25725
                                                   0.21601  0.00000  0.27384

         412      403    401      0   Z-then-X     0.11911
                                                   0.01244  0.00000 -0.25689
                                                   0.04573
                                                   0.00000  0.01640
                                                  -0.00301  0.00000 -0.06213

         413      406    403      0   Z-then-X    -0.66614
                                                  -0.21394  0.00000 -0.03273
                                                  -0.49754
                                                   0.00000  0.12402
                                                  -0.24547  0.00000  0.37352

         414      406    413      0   Z-then-X    -0.02624
                                                   0.07068  0.00000 -0.22870
                                                   0.12255
                                                   0.00000  0.03666
                                                   0.03118  0.00000 -0.15921

         415      405    404      0   Z-then-X     0.13248
                                                   0.00045  0.00000 -0.38308
                                                   0.28470
                                                   0.00000  0.12111
                                                   0.01221  0.00000 -0.40581

         416      408    407      0   Z-then-X    -0.56179
                                                   0.01684  0.00000 -0.29231
                                                   0.37390
                                                   0.00000  0.24558
                                                   0.00671  0.00000 -0.61948

 Additional Atomic Dipole Polarizability Parameters :

     Atom Type           Alpha       Thole     Group Atom Types

         403             1.073       0.390         412  401  406
         412             0.496       0.390         403
         401             1.334       0.390         403  410  404  402
         410             0.496       0.390         401
         404             1.334       0.390         401  411  405
         411             0.837       0.390         404
         402             1.334       0.390         401  407  409
         407             3.300       0.390         402  408
         408             1.334       0.390         407  416
         416             1.073       0.390         408
         409             0.496       0.390         402
         406             1.334       0.390         403  413  414
         413             0.837       0.390         406
         405             1.073       0.390         404  415
         414             0.494       0.390         406
         415             0.496       0.390         405

 Limited Memory BFGS Quasi-Newton Optimization :

 QN Iter     F Value      G RMS      F Move   X Move   Angle  FG Call  Comment

     0      -23.4010     3.8893                                   1
     1      -23.4230     4.0248      0.0221   0.0006    0.00      3    Success 
     2      -23.4398     2.8230      0.0168   0.0005   45.94      4    Success 
     3      -23.4616     2.7890      0.0217   0.0009   46.27      5    Success 
     4      -23.4888     3.6162      0.0272   0.0014   56.73      6    Success 
     5      -23.5125     5.9366      0.0238   0.0022   67.58      7    Success 
     6      -23.5407     2.9554      0.0282   0.0013   72.39      8    Success 
     7      -23.5602     2.7358      0.0194   0.0010   60.54      9    Success 
     8      -23.5840     2.6410      0.0238   0.0016   65.73     10    Success 
     9      -23.6149     2.2915      0.0309   0.0024   68.76     11    Success 
    10      -23.6441     3.7767      0.0292   0.0040   67.86     12    Success 
    11      -23.6680     2.2485      0.0240   0.0027   74.45     13    Success 
    12      -23.6801     1.6037      0.0120   0.0006   47.88     14    Success 
    13      -23.6937     1.5819      0.0136   0.0012   53.18     15    Success 
    14      -23.7062     1.8177      0.0125   0.0016   68.40     16    Success 
    15      -23.7228     1.6536      0.0166   0.0028   74.16     17    Success 
    16      -23.7345     1.5619      0.0117   0.0024   74.44     18    Success 
    17      -23.7435     1.6236      0.0090   0.0020   72.93     19    Success 
    18      -23.7481     4.5711      0.0045   0.0006   63.10     20    Success 
    19      -23.7521     2.0116      0.0040   0.0006   79.94     21    Success 
    20      -23.7537     0.8967      0.0017   0.0002   69.13     22    Success 
    21      -23.7551     1.0107      0.0013   0.0005   75.16     23    Success 
    22      -23.7574     1.1632      0.0024   0.0005   71.72     24    Success 
    23      -23.7615     1.0477      0.0041   0.0007   72.37     25    Success 
    24      -23.7681     1.3352      0.0065   0.0014   71.30     26    Success 
    25      -23.7703     2.9603      0.0022   0.0025   77.35     27    Success 
    26      -23.7738     1.7447      0.0035   0.0002   67.57     28    Success 
    27      -23.7762     0.5292      0.0024   0.0003   64.93     29    Success 
    28      -23.7767     0.4954      0.0004   0.0001   61.71     30    Success 
    29      -23.7774     0.4563      0.0007   0.0002   59.74     31    Success 
    30      -23.7785     0.4611      0.0011   0.0004   63.02     32    Success 
    31      -23.7795     0.4856      0.0010   0.0005   70.64     33    Success 
    32      -23.7804     0.6826      0.0009   0.0006   70.73     34    Success 
    33      -23.7814     0.4865      0.0010   0.0008   79.30     35    Success 
    34      -23.7820     0.4028      0.0006   0.0003   65.91     36    Success 
    35      -23.7825     0.2914      0.0005   0.0003   67.06     37    Success 
    36      -23.7830     0.4046      0.0005   0.0003   65.71     38    Success 
    37      -23.7837     0.5616      0.0007   0.0005   75.56     39    Success 
    38      -23.7846     0.7095      0.0009   0.0008   80.70     40    Success 
    39      -23.7850     0.6202      0.0004   0.0009   82.84     41    Success 
    40      -23.7854     0.8218      0.0004   0.0003   74.72     42    Success 
    41      -23.7858     0.4316      0.0004   0.0003   79.95     43    Success 
    42      -23.7862     0.3731      0.0003   0.0003   78.81     44    Success 
    43      -23.7867     0.3577      0.0005   0.0005   79.41     45    Success 
    44      -23.7874     0.5013      0.0007   0.0008   79.42     46    Success 
    45      -23.7882     0.7465      0.0008   0.0009   79.78     47    Success 
    46      -23.7889     0.4288      0.0008   0.0007   83.81     48    Success 
    47      -23.7897     0.3084      0.0008   0.0006   76.41     49    Success 
    48      -23.7904     0.3257      0.0007   0.0005   72.05     50    Success 
    49      -23.7905     1.2936      0.0001   0.0008   72.41     51    Success 
    50      -23.7908     1.1381      0.0002   0.0000   76.64     52    Success 
    51      -23.7912     0.8640      0.0004   0.0001   77.53     53    Success 
    52      -23.7919     0.3796      0.0006   0.0003   79.27     54    Success 
    53      -23.7922     0.3023      0.0004   0.0004   77.98     55    Success 
    54      -23.7924     0.3517      0.0002   0.0002   80.65     56    Success 
    55      -23.7927     0.3353      0.0003   0.0003   79.77     57    Success 
    56      -23.7930     0.5584      0.0003   0.0005   77.49     58    Success 
    57      -23.7934     0.2836      0.0004   0.0004   82.48     59    Success 
    58      -23.7935     0.1265      0.0002   0.0002   78.76     60    Success 
    59      -23.7936     0.1464      0.0001   0.0001   60.43     61    Success 
    60      -23.7937     0.1843      0.0001   0.0001   66.61     62    Success 
    61      -23.7938     0.4190      0.0000   0.0002   74.30     63    Success 
    62      -23.7938     0.3573      0.0000   0.0000   62.09     64    Success 
    63      -23.7939     0.2574      0.0001   0.0000   74.42     65    Success 
    64      -23.7939     0.1150      0.0001   0.0001   75.29     66    Success 
    65      -23.7940     0.1665      0.0001   0.0002   73.12     67    Success 
    66      -23.7940     0.1851      0.0000   0.0001   79.51     68    Success 
    67      -23.7941     0.2196      0.0001   0.0001   78.67     69    Success 
    68      -23.7942     0.1777      0.0001   0.0002   79.39     70    Success 
    69      -23.7943     0.2846      0.0001   0.0002   77.91     71    Success 
    70      -23.7943     0.1200      0.0001   0.0001   80.71     72    Success 
    71      -23.7944     0.1052      0.0000   0.0001   68.33     73    Success 
    72      -23.7944     0.0843      0.0001   0.0001   61.58     74    Success 
    73      -23.7945     0.1205      0.0001   0.0002   60.08     75    Success 
    74      -23.7945     0.1631      0.0000   0.0001   78.10     77    Success 
    75      -23.7946     0.0990      0.0000   0.0001   81.53     78    Success 
    76      -23.7946     0.0752      0.0000   0.0001   77.52     79    Success 
    77      -23.7947     0.0903      0.0000   0.0001   74.23     80    Success 
    78      -23.7947     0.0980      0.0000   0.0001   75.28     81    Success 
    79      -23.7947     0.1419      0.0000   0.0002   74.84     82    Success 
    80      -23.7947     0.0618      0.0000   0.0000   60.54     83    Success 
    81      -23.7948     0.0575      0.0000   0.0000   56.06     84    Success 
    82      -23.7948     0.0627      0.0000   0.0001   73.65     85    Success 
    83      -23.7948     0.1229      0.0000   0.0001   75.85     86    Success 
    84      -23.7948     0.0629      0.0000   0.0002   83.94     87    Success 
    85      -23.7948     0.0499      0.0000   0.0001   79.87     88    Success 
    86      -23.7949     0.1184      0.0000   0.0002   77.50     89    Success 
    87      -23.7949     0.0668      0.0000   0.0000   76.88     90    Success 
    88      -23.7949     0.0413      0.0000   0.0000   69.87     91    Success 
    89      -23.7949     0.0442      0.0000   0.0000   71.03     92    Success 
    90      -23.7949     0.0519      0.0000   0.0001   73.99     93    Success 
    91      -23.7949     0.0751      0.0000   0.0000   74.46     95    Success 
    92      -23.7949     0.0520      0.0000   0.0001   82.11     96    Success 
    93      -23.7949     0.0541      0.0000   0.0001   78.43     97    Success 
    94      -23.7949     0.0702      0.0000   0.0000   76.01     98    Success 
    95      -23.7949     0.0361      0.0000   0.0000   79.68     99    Success 
    96      -23.7949     0.0240      0.0000   0.0000   74.37    100    Success 
    97      -23.7949     0.0294      0.0000   0.0000   66.18    101    Success 
    98      -23.7949     0.0347      0.0000   0.0000   71.07    102    Success 
    99      -23.7949     0.0568      0.0000   0.0000   72.02    103    Success 
   100      -23.7949     0.0341      0.0000   0.0000   81.56    104    Success 
   101      -23.7949     0.0241      0.0000   0.0000   78.42    105    Success 
   102      -23.7950     0.0284      0.0000   0.0000   73.82    106    Success 
   103      -23.7950     0.0304      0.0000   0.0001   73.61    107    Success 
   104      -23.7950     0.0359      0.0000   0.0000   77.36    109    Success 
   105      -23.7950     0.0168      0.0000   0.0000   72.91    110    Success 
   106      -23.7950     0.0159      0.0000   0.0000   57.61    111    Success 
   107      -23.7950     0.0202      0.0000   0.0000   65.43    112    Success 
   108      -23.7950     0.0405      0.0000   0.0000   76.54    113    Success 
   109      -23.7950     0.0180      0.0000   0.0000   77.25    114    Success 
   110      -23.7950     0.0111      0.0000   0.0000   72.46    115    Success 
   111      -23.7950     0.0113      0.0000   0.0000   78.71    116    Success 
   112      -23.7950     0.0100      0.0000   0.0000   76.15    117    Success 
   113      -23.7950     0.0297      0.0000   0.0000   72.91    118    Success 
   114      -23.7950     0.0097      0.0000   0.0000   81.32    119    Success 
   115      -23.7950     0.0080      0.0000   0.0000   67.53    120    Success 
   116      -23.7950     0.0088      0.0000   0.0000   66.61    121    Success 
   117      -23.7950     0.0127      0.0000   0.0000   73.30    122    Success 
   118      -23.7950     0.0082      0.0000   0.0000   80.42    123    Success 
   119      -23.7950     0.0076      0.0000   0.0000   77.14    124    Success 
   120      -23.7950     0.0106      0.0000   0.0000   74.57    125    Success 
   121      -23.7950     0.0158      0.0000   0.0000   80.41    126    Success 
   122      -23.7950     0.0089      0.0000   0.0000   77.86    127    Success 
   123      -23.7950     0.0081      0.0000   0.0000   77.49    128    Success 
   124      -23.7950     0.0062      0.0000   0.0000   74.80    129    Success 
   125      -23.7950     0.0071      0.0000   0.0000   74.45    130    Success 
   126      -23.7950     0.0083      0.0000   0.0000   77.04    131    Success 
   127      -23.7950     0.0051      0.0000   0.0000   73.05    132    Success 
   128      -23.7950     0.0038      0.0000   0.0000   72.06    133    Success 
   129      -23.7950     0.0040      0.0000   0.0000   72.25    134    Success 
   130      -23.7950     0.0069      0.0000   0.0000   69.30    135    Success 
   131      -23.7950     0.0039      0.0000   0.0000   79.87    136    Success 
   132      -23.7950     0.0032      0.0000   0.0000   74.13    137    Success 
   133      -23.7950     0.0043      0.0000   0.0000   67.41    138    Success 
   134      -23.7950     0.0025      0.0000   0.0000   71.63    139    Success 
   135      -23.7950     0.0020      0.0000   0.0000   60.47    140    Success 
   136      -23.7950     0.0073      0.0000   0.0000   63.10    141    Success 
   137      -23.7950     0.0054      0.0000   0.0000   72.09    142    Success 
   138      -23.7950     0.0023      0.0000   0.0000   74.60    143    Success 
   139      -23.7950     0.0018      0.0000   0.0000   72.47    144    Success 
   140      -23.7950     0.0021      0.0000   0.0000   77.17    145    Success 
   141      -23.7950     0.0019      0.0000   0.0000   76.17    146    Success 
   142      -23.7950     0.0036      0.0000   0.0000   72.09    147    Success 
   143      -23.7950     0.0017      0.0000   0.0000   80.15    148    Success 
   144      -23.7950     0.0010      0.0000   0.0000   74.21    149   SmallGrad

 LBFGS  --  Normal Termination due to SmallGrad

 Final Function Value :          -23.7950
 Final RMS Gradient :              0.0010
 Final Gradient Norm :             0.0041
