
     ######################################################################
   ##########################################################################
  ###                                                                      ###
 ###            Tinker  ---  Software Tools for Molecular Design            ###
 ##                                                                          ##
 ##                          Version 8.7  June 2019                          ##
 ##                                                                          ##
 ##               Copyright (c)  Jay William Ponder  1990-2019               ##
 ###                           All Rights Reserved                          ###
  ###                                                                      ###
   ##########################################################################
     ######################################################################


 Additional Atom Definition Parameters :

     Type  Class  Symbol  Description               Atomic    Mass   Valence

     403    403     N     ModifiedRes                  7     14.007     3
     412    412     H     ModifiedRes                  1      1.008     1
     401    401     C     ModifiedRes                  6     12.011     4
     410    410     H     ModifiedRes                  1      1.008     1
     404    404     C     ModifiedRes                  6     12.011     3
     411    411     O     ModifiedRes                  8     15.999     1
     402    402     C     ModifiedRes                  6     12.011     4
     407    407     S     ModifiedRes                 16     32.066     2
     408    408     C     ModifiedRes                  6     12.011     2
     416    416     N     ModifiedRes                  7     14.007     1
     409    409     H     ModifiedRes                  1      1.008     1
     406    406     C     ModifiedRes                  6     12.011     3
     413    413     O     ModifiedRes                  8     15.999     1
     405    405     N     ModifiedRes                  7     14.007     3
     414    414     H     ModifiedRes                  1      1.008     1
     415    415     H     ModifiedRes                  1      1.008     1

 Additional Bond Stretching Parameters :

     Atom Classes             K(S)         Length

       401 403             374.800         1.4589
       403 406             482.000         1.3610
       403 412             542.000         1.0150
       401 410             341.000         1.0957
       401 404             345.300         1.5388
       401 402             345.300         1.5181
       404 405             482.000         1.3572
       404 411             705.000         1.2314
       402 409             395.500         1.0914
       402 407             235.800         1.8318
       407 408             235.800         1.6971
       408 416             450.000         1.1861
       406 413             705.000         1.2330
       406 414             356.400         1.1017
       405 415             542.000         1.0125

 Additional Angle Bending Parameters :

     Atom Classes             K(B)          Angle

     403 406 413            60.000        124.094
     401 403 412            35.000        118.942
     406 403 412            35.000        118.838
     401 404 405            70.000        113.359
     401 404 411            80.000        121.700
     401 402 407            53.200        108.210
     401 403 406            50.000        121.364
     404 401 410            38.000        109.343
     402 401 410            38.000        110.332
     403 401 410            50.600        106.311
     402 401 404            60.000        109.451
     403 401 404            80.000        110.698
     402 401 403            80.000        110.661
     402 407 408            60.430         97.779
     407 408 416            60.000        178.379
     409 402 409            39.570        108.414
     401 402 409            42.440        109.507
     407 402 409            60.240        109.536
     405 404 411            60.000        124.942
     413 406 414            68.340        122.634
     403 406 414            31.650        113.263
     415 405 415            22.300        119.362
     404 405 415            35.000        117.511

 Additional Stretch-Bend Parameters :

     Atom Classes          K(SB)-1        K(SB)-2

     401 403 412             4.300          7.200
     406 403 412             4.300          7.200
     401 404 405            18.700         18.700
     401 402 407            18.700         18.700
     401 403 406             7.200          7.200
     404 401 410            11.500         18.700
     402 401 410            11.500         18.700
     403 401 410            11.500         11.500
     402 401 404            18.700         18.700
     403 401 404            18.700         18.700
     402 401 403            18.700         18.700
     402 407 408            -5.750         -5.750
     401 402 409            11.500         11.500
     407 402 409            11.500         11.500
     403 406 414            11.500         11.500
     404 405 415             4.300          7.200
     415 405 415             4.300          7.200
     401 404 411            18.700         18.700
     413 406 414            11.500         11.500

 Additional Out-of-Plane Bend Parameters :

     Atom Classes                   K(OPB)

     401 403   0   0                14.400
     401 404   0   0                14.400
     403 406   0   0               107.910
     404 405   0   0                71.940
     405 404   0   0               107.910
     406 403   0   0                71.940
     411 404   0   0               122.298
     412 403   0   0                 5.755
     413 406   0   0               122.298
     414 406   0   0               140.283
     415 405   0   0                 5.755

 Additional Torsional Parameters :

     Atom Classes     1-Fold    2-Fold    3-Fold    4-Fold    5-Fold    6-Fold

   403 401 404 405   0.00   0  0.00 180  0.00   0  0.00   0  0.00   0  0.00   0
   403 401 404 411   0.00   0  0.00 180  0.00   0  0.00   0  0.00   0  0.00   0
   403 401 402 409   0.00   0  0.00 180  0.00   0  0.00   0  0.00   0  0.00   0
   403 401 402 407   0.00   0  0.00 180  0.00   0  0.00   0  0.00   0  0.00   0
   410 401 403 412   0.00   0  0.00 180  0.00   0  0.00   0  0.00   0  0.00   0
   404 401 403 412   0.00   0  0.00 180  0.00   0  0.00   0  0.00   0  0.00   0
   402 401 403 412   0.00   0  0.00 180  0.00   0  0.00   0  0.00   0  0.00   0
   412 403 406 413   0.00   0  0.00 180  0.00   0  0.00   0  0.00   0  0.00   0
   412 403 406 414   0.00   0  0.00 180  0.00   0  0.00   0  0.00   0  0.00   0
   401 404 405 415   0.00   0  1.20 180  0.80   0  0.00   0  0.00   0  0.00   0
   401 402 407 408   0.00   0  0.00 180  0.00   0  0.00   0  0.00   0  0.00   0
   401 403 406 413   0.00   0  0.00 180  0.00   0  0.00   0  0.00   0  0.00   0
   401 403 406 414   0.00   0  0.00 180  0.00   0  0.00   0  0.00   0  0.00   0
   410 401 404 405   0.00   0  0.00 180  0.00   0  0.00   0  0.00   0  0.00   0
   410 401 404 411   0.00   0  0.00 180  0.00   0  0.00   0  0.00   0  0.00   0
   410 401 402 409   0.00   0  0.00 180  0.00   0  0.00   0  0.00   0  0.00   0
   410 401 402 407   0.00   0  0.00 180  0.00   0  0.00   0  0.00   0  0.00   0
   410 401 403 406   0.00   0  0.00 180  0.00   0  0.00   0  0.00   0  0.00   0
   404 401 402 409   0.00   0  0.00 180  0.00   0  0.00   0  0.00   0  0.00   0
   404 401 402 407   0.00   0  0.00 180  0.00   0  0.00   0  0.00   0  0.00   0
   404 401 403 406   0.00   0  0.00 180  0.00   0  0.00   0  0.00   0  0.00   0
   411 404 405 415   0.00   0  0.00 180  0.00   0  0.00   0  0.00   0  0.00   0
   402 401 404 411   0.00   0  0.00 180  0.00   0  0.00   0  0.00   0  0.00   0
   402 401 404 405   0.00   0  0.00 180  0.00   0  0.00   0  0.00   0  0.00   0
   402 401 403 406   0.00   0  0.00 180  0.00   0  0.00   0  0.00   0  0.00   0
   402 407 408 416   0.00   0  0.00 180  0.50   0  0.00   0  0.00   0  0.00   0
   409 402 407 408   0.00   0  0.00 180  0.00   0  0.00   0  0.00   0  0.00   0

 Additional Pi-Orbital Torsion Parameters :

     Atom Classes       2-Fold

       404 405           6.850
       403 406           6.850

 Additional van der Waals Parameters :

     Atom Class               Size        Epsilon        Reduction

         403                3.7100         0.1100          0.000
         412                2.5900         0.0220          0.900
         401                3.6500         0.1010          0.000
         410                2.8800         0.0240          0.910
         404                3.8200         0.1060          0.000
         411                3.3000         0.1120          0.000
         402                3.7800         0.1060          0.000
         407                4.0050         0.3550          0.000
         408                3.7800         0.1060          0.000
         416                3.7100         0.1050          0.000
         409                2.8700         0.0330          0.900
         406                3.8200         0.1060          0.000
         413                3.3000         0.1120          0.000
         405                3.7100         0.1100          0.000
         414                2.9200         0.0300          0.920
         415                2.5900         0.0220          0.900

 Additional Atomic Multipole Parameters :

     Atom Type     Coordinate Frame Definition         Multipole Moments

         401      403    404      0   Z-then-X    -0.27040
                                                  -0.22190  0.00000  0.26102
                                                  -0.17903
                                                   0.00000 -0.24517
                                                   0.13675  0.00000  0.42420

         402      407    401      0   Z-then-X    -0.16380
                                                   0.27778  0.00000 -0.20334
                                                   0.30211
                                                   0.00000 -0.49081
                                                  -0.33263  0.00000  0.18870

         403      406    401      0   Z-then-X    -0.06286
                                                   0.37348  0.00000 -0.12295
                                                   0.79149
                                                   0.00000 -1.08676
                                                  -0.63736  0.00000  0.29527

         404      411    405      0   Z-then-X     0.97419
                                                  -0.10999  0.00000  0.25580
                                                   0.38321
                                                   0.00000 -0.33696
                                                  -0.17133  0.00000 -0.04625

         405      404    415      0   Z-then-X    -0.32376
                                                   0.05823  0.00000 -0.07138
                                                   0.32176
                                                   0.00000 -0.38869
                                                  -0.03945  0.00000  0.06693

         406      413    403      0   Z-then-X     0.63075
                                                   0.40149  0.00000  0.25741
                                                  -0.01797
                                                   0.00000  0.01503
                                                   0.00873  0.00000  0.00294

         407      408    402      0   Z-then-X     0.34019
                                                   0.47821  0.00000  0.49978
                                                   1.11919
                                                   0.00000 -2.31639
                                                  -0.50667  0.00000  1.19720

         408      407    416      0   Z-then-X     0.21608
                                                   0.00820  0.00000 -0.28509
                                                   0.05369
                                                   0.00000  0.10740
                                                   0.05156  0.00000 -0.16109

         409      402    407      0   Z-then-X     0.09933
                                                   0.00064  0.00000 -0.16410
                                                   0.07960
                                                   0.00000  0.07569
                                                  -0.01944  0.00000 -0.15529

         410      401    403      0   Z-then-X     0.10718
                                                  -0.02083  0.00000 -0.03604
                                                  -0.03187
                                                   0.00000  0.01466
                                                  -0.01392  0.00000  0.01721

         411      404    405      0   Z-then-X    -0.77613
                                                   0.13027  0.00000 -0.18830
                                                  -0.53109
                                                   0.00000  0.25725
                                                   0.21601  0.00000  0.27384

         412      403    401      0   Z-then-X     0.11911
                                                   0.01244  0.00000 -0.25689
                                                   0.04573
                                                   0.00000  0.01640
                                                  -0.00301  0.00000 -0.06213

         413      406    403      0   Z-then-X    -0.66614
                                                  -0.21394  0.00000 -0.03273
                                                  -0.49754
                                                   0.00000  0.12402
                                                  -0.24547  0.00000  0.37352

         414      406    413      0   Z-then-X    -0.02624
                                                   0.07068  0.00000 -0.22870
                                                   0.12255
                                                   0.00000  0.03666
                                                   0.03118  0.00000 -0.15921

         415      405    404      0   Z-then-X     0.13248
                                                   0.00045  0.00000 -0.38308
                                                   0.28470
                                                   0.00000  0.12111
                                                   0.01221  0.00000 -0.40581

         416      408    407      0   Z-then-X    -0.56179
                                                   0.01684  0.00000 -0.29231
                                                   0.37390
                                                   0.00000  0.24558
                                                   0.00671  0.00000 -0.61948

 Additional Atomic Dipole Polarizability Parameters :

     Atom Type           Alpha       Thole     Group Atom Types

         403             1.073       0.390         412  401  406
         412             0.496       0.390         403
         401             1.334       0.390         403  410  404  402
         410             0.496       0.390         401
         404             1.334       0.390         401  411  405
         411             0.837       0.390         404
         402             1.334       0.390         401  407  409
         407             3.300       0.390         402  408
         408             1.334       0.390         407  416
         416             1.073       0.390         408
         409             0.496       0.390         402
         406             1.334       0.390         403  413  414
         413             0.837       0.390         406
         405             1.073       0.390         404  415
         414             0.494       0.390         406
         415             0.496       0.390         405

 Limited Memory BFGS Quasi-Newton Optimization :

 QN Iter     F Value      G RMS      F Move   X Move   Angle  FG Call  Comment

     0      -21.4881     8.7214                                   1
     1      -21.6051     8.7403      0.1170   0.0015    0.00      3    Success 
     2      -21.6732     5.0673      0.0682   0.0011   45.21      4    Success 
     3      -21.7084     3.6235      0.0352   0.0007   44.71      5    Success 
     4      -21.7501     2.5743      0.0416   0.0014   43.10      6    Success 
     5      -21.7743     3.7909      0.0242   0.0013   46.96      7    Success 
     6      -21.8020     3.4244      0.0277   0.0014   65.90      8    Success 
     7      -21.8345     3.3561      0.0324   0.0023   66.66      9    Success 
     8      -21.8622     3.0536      0.0277   0.0019   67.69     10    Success 
     9      -21.8869     2.2523      0.0247   0.0015   66.59     11    Success 
    10      -21.9109     2.2359      0.0240   0.0023   62.77     12    Success 
    11      -21.9215     2.1444      0.0107   0.0016   65.62     13    Success 
    12      -21.9292     1.3240      0.0077   0.0003   40.76     14    Success 
    13      -21.9398     1.1644      0.0106   0.0009   46.88     15    Success 
    14      -21.9489     1.2935      0.0091   0.0012   62.61     16    Success 
    15      -21.9629     1.2948      0.0140   0.0020   67.11     17    Success 
    16      -21.9721     2.5615      0.0092   0.0036   70.37     18    Success 
    17      -21.9832     1.0673      0.0111   0.0013   71.38     19    Success 
    18      -21.9872     1.1920      0.0040   0.0005   48.94     20    Success 
    19      -21.9892     3.2882      0.0020   0.0008   67.32     21    Success 
    20      -21.9917     0.9344      0.0025   0.0002   74.06     22    Success 
    21      -21.9934     1.3509      0.0016   0.0004   73.09     23    Success 
    22      -21.9958     1.4059      0.0025   0.0007   78.66     24    Success 
    23      -21.9998     1.2839      0.0040   0.0010   79.01     25    Success 
    24      -22.0020     2.5615      0.0022   0.0018   78.71     26    Success 
    25      -22.0052     1.2700      0.0032   0.0005   79.24     27    Success 
    26      -22.0070     0.5574      0.0018   0.0004   70.73     28    Success 
    27      -22.0077     0.6205      0.0007   0.0002   60.78     29    Success 
    28      -22.0090     0.6433      0.0013   0.0003   64.84     30    Success 
    29      -22.0109     0.8986      0.0019   0.0006   68.31     31    Success 
    30      -22.0134     0.5820      0.0025   0.0010   75.94     32    Success 
    31      -22.0147     0.4545      0.0014   0.0007   75.01     33    Success 
    32      -22.0156     0.6766      0.0009   0.0010   73.53     34    Success 
    33      -22.0167     0.3987      0.0011   0.0003   59.82     35    Success 
    34      -22.0173     0.3887      0.0006   0.0002   57.99     36    Success 
    35      -22.0180     0.4944      0.0007   0.0004   64.94     37    Success 
    36      -22.0187     0.5101      0.0007   0.0006   74.18     38    Success 
    37      -22.0192     0.3290      0.0006   0.0003   76.76     39    Success 
    38      -22.0199     0.3487      0.0007   0.0006   72.76     40    Success 
    39      -22.0204     0.4368      0.0004   0.0003   74.84     41    Success 
    40      -22.0211     0.5896      0.0008   0.0005   77.12     42    Success 
    41      -22.0220     0.7917      0.0009   0.0009   81.04     43    Success 
    42      -22.0232     0.4986      0.0012   0.0010   82.60     44    Success 
    43      -22.0242     0.4551      0.0009   0.0008   79.66     45    Success 
    44      -22.0251     0.7707      0.0010   0.0010   78.15     46    Success 
    45      -22.0260     0.3914      0.0009   0.0007   80.58     47    Success 
    46      -22.0266     0.4386      0.0005   0.0002   66.79     48    Success 
    47      -22.0274     0.6768      0.0008   0.0006   77.34     49    Success 
    48      -22.0285     0.3541      0.0011   0.0010   82.18     50    Success 
    49      -22.0292     0.3317      0.0007   0.0011   80.60     51    Success 
    50      -22.0299     0.2937      0.0007   0.0009   78.09     52    Success 
    51      -22.0305     0.2367      0.0005   0.0007   75.59     53    Success 
    52      -22.0307     0.2084      0.0002   0.0003   70.85     54    Success 
    53      -22.0308     0.2002      0.0001   0.0001   60.82     55    Success 
    54      -22.0309     0.1041      0.0001   0.0001   68.65     56    Success 
    55      -22.0309     0.1000      0.0001   0.0001   63.76     57    Success 
    56      -22.0310     0.1023      0.0001   0.0002   64.79     58    Success 
    57      -22.0311     0.2429      0.0001   0.0003   65.09     59    Success 
    58      -22.0312     0.0870      0.0001   0.0002   77.67     60    Success 
    59      -22.0312     0.0626      0.0000   0.0000   64.69     61    Success 
    60      -22.0313     0.0702      0.0000   0.0001   55.93     62    Success 
    61      -22.0313     0.0971      0.0000   0.0001   67.37     63    Success 
    62      -22.0313     0.1309      0.0000   0.0001   74.35     64    Success 
    63      -22.0314     0.1253      0.0000   0.0002   78.60     65    Success 
    64      -22.0314     0.0836      0.0000   0.0001   78.25     66    Success 
    65      -22.0314     0.0848      0.0000   0.0001   75.32     67    Success 
    66      -22.0315     0.1053      0.0000   0.0002   75.60     68    Success 
    67      -22.0315     0.2019      0.0000   0.0003   80.27     69    Success 
    68      -22.0316     0.0899      0.0000   0.0001   79.51     70    Success 
    69      -22.0316     0.0634      0.0000   0.0001   73.69     71    Success 
    70      -22.0316     0.0737      0.0000   0.0001   72.12     72    Success 
    71      -22.0316     0.1362      0.0000   0.0001   73.49     73    Success 
    72      -22.0316     0.0640      0.0000   0.0000   75.83     74    Success 
    73      -22.0316     0.0536      0.0000   0.0000   72.04     75    Success 
    74      -22.0316     0.0594      0.0000   0.0001   72.35     76    Success 
    75      -22.0317     0.0571      0.0000   0.0001   73.58     77    Success 
    76      -22.0317     0.0952      0.0000   0.0001   75.42     78    Success 
    77      -22.0317     0.0528      0.0000   0.0001   78.69     79    Success 
    78      -22.0317     0.0278      0.0000   0.0000   62.09     80    Success 
    79      -22.0317     0.0264      0.0000   0.0000   61.26     81    Success 
    80      -22.0317     0.0280      0.0000   0.0000   74.32     82    Success 
    81      -22.0317     0.0553      0.0000   0.0001   76.75     83    Success 
    82      -22.0317     0.0240      0.0000   0.0000   79.37     84    Success 
    83      -22.0317     0.0207      0.0000   0.0000   67.61     85    Success 
    84      -22.0317     0.0282      0.0000   0.0000   68.10     86    Success 
    85      -22.0317     0.0461      0.0000   0.0000   73.32     87    Success 
    86      -22.0317     0.0380      0.0000   0.0001   81.03     88    Success 
    87      -22.0317     0.0280      0.0000   0.0000   77.52     89    Success 
    88      -22.0317     0.0304      0.0000   0.0000   73.35     90    Success 
    89      -22.0317     0.0381      0.0000   0.0001   77.76     91    Success 
    90      -22.0317     0.0546      0.0000   0.0001   80.75     92    Success 
    91      -22.0317     0.0726      0.0000   0.0001   83.59     93    Success 
    92      -22.0317     0.0450      0.0000   0.0000   77.71     94    Success 
    93      -22.0318     0.0151      0.0000   0.0000   79.27     95    Success 
    94      -22.0318     0.0167      0.0000   0.0000   64.56     96    Success 
    95      -22.0318     0.0142      0.0000   0.0000   65.12     97    Success 
    96      -22.0318     0.0257      0.0000   0.0000   67.71     98    Success 
    97      -22.0318     0.0118      0.0000   0.0000   81.12     99    Success 
    98      -22.0318     0.0120      0.0000   0.0000   71.78    100    Success 
    99      -22.0318     0.0116      0.0000   0.0000   70.87    101    Success 
   100      -22.0318     0.0326      0.0000   0.0000   67.23    102    Success 
   101      -22.0318     0.0124      0.0000   0.0000   79.99    103    Success 
   102      -22.0318     0.0074      0.0000   0.0000   60.17    104    Success 
   103      -22.0318     0.0084      0.0000   0.0000   63.11    105    Success 
   104      -22.0318     0.0076      0.0000   0.0000   73.84    106    Success 
   105      -22.0318     0.0157      0.0000   0.0000   75.05    107    Success 
   106      -22.0318     0.0077      0.0000   0.0000   79.60    108    Success 
   107      -22.0318     0.0129      0.0000   0.0000   72.91    109    Success 
   108      -22.0318     0.0096      0.0000   0.0000   78.74    110    Success 
   109      -22.0318     0.0091      0.0000   0.0000   76.15    111    Success 
   110      -22.0318     0.0073      0.0000   0.0000   77.08    112    Success 
   111      -22.0318     0.0070      0.0000   0.0000   77.34    113    Success 
   112      -22.0318     0.0087      0.0000   0.0000   77.23    114    Success 
   113      -22.0318     0.0059      0.0000   0.0000   74.95    115    Success 
   114      -22.0318     0.0043      0.0000   0.0000   69.19    116    Success 
   115      -22.0318     0.0064      0.0000   0.0000   72.21    117    Success 
   116      -22.0318     0.0039      0.0000   0.0000   77.83    118    Success 
   117      -22.0318     0.0044      0.0000   0.0000   75.81    119    Success 
   118      -22.0318     0.0039      0.0000   0.0000   74.42    120    Success 
   119      -22.0318     0.0023      0.0000   0.0000   64.91    121    Success 
   120      -22.0318     0.0024      0.0000   0.0000   51.86    122    Success 
   121      -22.0318     0.0028      0.0000   0.0000   69.38    123    Success 
   122      -22.0318     0.0025      0.0000   0.0000   73.90    124    Success 
   123      -22.0318     0.0030      0.0000   0.0000   74.12    126    Success 
   124      -22.0318     0.0017      0.0000   0.0000   78.79    127    Success 
   125      -22.0318     0.0014      0.0000   0.0000   73.30    128    Success 
   126      -22.0318     0.0018      0.0000   0.0000   69.53    129    Success 
   127      -22.0318     0.0018      0.0000   0.0000   73.91    130    Success 
   128      -22.0318     0.0040      0.0000   0.0000   74.58    131    Success 
   129      -22.0318     0.0027      0.0000   0.0000   79.27    132    Success 
   130      -22.0318     0.0015      0.0000   0.0000   73.15    133    Success 
   131      -22.0318     0.0011      0.0000   0.0000   71.65    134    Success 
   132      -22.0318     0.0010      0.0000   0.0000   73.38    135   SmallGrad

 LBFGS  --  Normal Termination due to SmallGrad

 Final Function Value :          -22.0318
 Final RMS Gradient :              0.0010
 Final Gradient Norm :             0.0042
