
     ######################################################################
   ##########################################################################
  ###                                                                      ###
 ###            Tinker  ---  Software Tools for Molecular Design            ###
 ##                                                                          ##
 ##                          Version 8.7  June 2019                          ##
 ##                                                                          ##
 ##               Copyright (c)  Jay William Ponder  1990-2019               ##
 ###                           All Rights Reserved                          ###
  ###                                                                      ###
   ##########################################################################
     ######################################################################


 Additional Atom Definition Parameters :

     Type  Class  Symbol  Description               Atomic    Mass   Valence

     403    403     N     ModifiedRes                  7     14.007     3
     412    412     H     ModifiedRes                  1      1.008     1
     401    401     C     ModifiedRes                  6     12.011     4
     410    410     H     ModifiedRes                  1      1.008     1
     404    404     C     ModifiedRes                  6     12.011     3
     411    411     O     ModifiedRes                  8     15.999     1
     402    402     C     ModifiedRes                  6     12.011     4
     407    407     S     ModifiedRes                 16     32.066     2
     408    408     C     ModifiedRes                  6     12.011     2
     416    416     N     ModifiedRes                  7     14.007     1
     409    409     H     ModifiedRes                  1      1.008     1
     406    406     C     ModifiedRes                  6     12.011     3
     413    413     O     ModifiedRes                  8     15.999     1
     405    405     N     ModifiedRes                  7     14.007     3
     414    414     H     ModifiedRes                  1      1.008     1
     415    415     H     ModifiedRes                  1      1.008     1

 Additional Bond Stretching Parameters :

     Atom Classes             K(S)         Length

       401 403             374.800         1.4589
       403 406             482.000         1.3610
       403 412             542.000         1.0150
       401 410             341.000         1.0957
       401 404             345.300         1.5388
       401 402             345.300         1.5181
       404 405             482.000         1.3572
       404 411             705.000         1.2314
       402 409             395.500         1.0914
       402 407             235.800         1.8318
       407 408             235.800         1.6971
       408 416             450.000         1.1861
       406 413             705.000         1.2330
       406 414             356.400         1.1017
       405 415             542.000         1.0125

 Additional Angle Bending Parameters :

     Atom Classes             K(B)          Angle

     403 406 413            60.000        124.094
     401 403 412            35.000        118.942
     406 403 412            35.000        118.838
     401 404 405            70.000        113.359
     401 404 411            80.000        121.700
     401 402 407            53.200        108.210
     401 403 406            50.000        121.364
     404 401 410            38.000        109.343
     402 401 410            38.000        110.332
     403 401 410            50.600        106.311
     402 401 404            60.000        109.451
     403 401 404            80.000        110.698
     402 401 403            80.000        110.661
     402 407 408            60.430         97.779
     407 408 416            60.000        178.379
     409 402 409            39.570        108.414
     401 402 409            42.440        109.507
     407 402 409            60.240        109.536
     405 404 411            60.000        124.942
     413 406 414            68.340        122.634
     403 406 414            31.650        113.263
     415 405 415            22.300        119.362
     404 405 415            35.000        117.511

 Additional Stretch-Bend Parameters :

     Atom Classes          K(SB)-1        K(SB)-2

     401 403 412             4.300          7.200
     406 403 412             4.300          7.200
     401 404 405            18.700         18.700
     401 402 407            18.700         18.700
     401 403 406             7.200          7.200
     404 401 410            11.500         18.700
     402 401 410            11.500         18.700
     403 401 410            11.500         11.500
     402 401 404            18.700         18.700
     403 401 404            18.700         18.700
     402 401 403            18.700         18.700
     402 407 408            -5.750         -5.750
     401 402 409            11.500         11.500
     407 402 409            11.500         11.500
     403 406 414            11.500         11.500
     404 405 415             4.300          7.200
     415 405 415             4.300          7.200
     401 404 411            18.700         18.700
     413 406 414            11.500         11.500

 Additional Out-of-Plane Bend Parameters :

     Atom Classes                   K(OPB)

     401 403   0   0                14.400
     401 404   0   0                14.400
     403 406   0   0               107.910
     404 405   0   0                71.940
     405 404   0   0               107.910
     406 403   0   0                71.940
     411 404   0   0               122.298
     412 403   0   0                 5.755
     413 406   0   0               122.298
     414 406   0   0               140.283
     415 405   0   0                 5.755

 Additional Torsional Parameters :

     Atom Classes     1-Fold    2-Fold    3-Fold    4-Fold    5-Fold    6-Fold

   403 401 404 405   0.00   0  0.00 180  0.00   0  0.00   0  0.00   0  0.00   0
   403 401 404 411   0.00   0  0.00 180  0.00   0  0.00   0  0.00   0  0.00   0
   403 401 402 409   0.00   0  0.00 180  0.00   0  0.00   0  0.00   0  0.00   0
   403 401 402 407   0.00   0  0.00 180  0.00   0  0.00   0  0.00   0  0.00   0
   410 401 403 412   0.00   0  0.00 180  0.00   0  0.00   0  0.00   0  0.00   0
   404 401 403 412   0.00   0  0.00 180  0.00   0  0.00   0  0.00   0  0.00   0
   402 401 403 412   0.00   0  0.00 180  0.00   0  0.00   0  0.00   0  0.00   0
   412 403 406 413   0.00   0  0.00 180  0.00   0  0.00   0  0.00   0  0.00   0
   412 403 406 414   0.00   0  0.00 180  0.00   0  0.00   0  0.00   0  0.00   0
   401 404 405 415   0.00   0  1.20 180  0.80   0  0.00   0  0.00   0  0.00   0
   401 402 407 408   0.00   0  0.00 180  0.00   0  0.00   0  0.00   0  0.00   0
   401 403 406 413   0.00   0  0.00 180  0.00   0  0.00   0  0.00   0  0.00   0
   401 403 406 414   0.00   0  0.00 180  0.00   0  0.00   0  0.00   0  0.00   0
   410 401 404 405   0.00   0  0.00 180  0.00   0  0.00   0  0.00   0  0.00   0
   410 401 404 411   0.00   0  0.00 180  0.00   0  0.00   0  0.00   0  0.00   0
   410 401 402 409   0.00   0  0.00 180  0.00   0  0.00   0  0.00   0  0.00   0
   410 401 402 407   0.00   0  0.00 180  0.00   0  0.00   0  0.00   0  0.00   0
   410 401 403 406   0.00   0  0.00 180  0.00   0  0.00   0  0.00   0  0.00   0
   404 401 402 409   0.00   0  0.00 180  0.00   0  0.00   0  0.00   0  0.00   0
   404 401 402 407   0.00   0  0.00 180  0.00   0  0.00   0  0.00   0  0.00   0
   404 401 403 406   0.00   0  0.00 180  0.00   0  0.00   0  0.00   0  0.00   0
   411 404 405 415   0.00   0  0.00 180  0.00   0  0.00   0  0.00   0  0.00   0
   402 401 404 411   0.00   0  0.00 180  0.00   0  0.00   0  0.00   0  0.00   0
   402 401 404 405   0.00   0  0.00 180  0.00   0  0.00   0  0.00   0  0.00   0
   402 401 403 406   0.00   0  0.00 180  0.00   0  0.00   0  0.00   0  0.00   0
   402 407 408 416   0.00   0  0.00 180  0.50   0  0.00   0  0.00   0  0.00   0
   409 402 407 408   0.00   0  0.00 180  0.00   0  0.00   0  0.00   0  0.00   0

 Additional Pi-Orbital Torsion Parameters :

     Atom Classes       2-Fold

       404 405           6.850
       403 406           6.850

 Additional van der Waals Parameters :

     Atom Class               Size        Epsilon        Reduction

         403                3.7100         0.1100          0.000
         412                2.5900         0.0220          0.900
         401                3.6500         0.1010          0.000
         410                2.8800         0.0240          0.910
         404                3.8200         0.1060          0.000
         411                3.3000         0.1120          0.000
         402                3.7800         0.1060          0.000
         407                4.0050         0.3550          0.000
         408                3.7800         0.1060          0.000
         416                3.7100         0.1050          0.000
         409                2.8700         0.0330          0.900
         406                3.8200         0.1060          0.000
         413                3.3000         0.1120          0.000
         405                3.7100         0.1100          0.000
         414                2.9200         0.0300          0.920
         415                2.5900         0.0220          0.900

 Additional Atomic Multipole Parameters :

     Atom Type     Coordinate Frame Definition         Multipole Moments

         401      403    404      0   Z-then-X    -0.27040
                                                  -0.22190  0.00000  0.26102
                                                  -0.17903
                                                   0.00000 -0.24517
                                                   0.13675  0.00000  0.42420

         402      407    401      0   Z-then-X    -0.16380
                                                   0.27778  0.00000 -0.20334
                                                   0.30211
                                                   0.00000 -0.49081
                                                  -0.33263  0.00000  0.18870

         403      406    401      0   Z-then-X    -0.06286
                                                   0.37348  0.00000 -0.12295
                                                   0.79149
                                                   0.00000 -1.08676
                                                  -0.63736  0.00000  0.29527

         404      411    405      0   Z-then-X     0.97419
                                                  -0.10999  0.00000  0.25580
                                                   0.38321
                                                   0.00000 -0.33696
                                                  -0.17133  0.00000 -0.04625

         405      404    415      0   Z-then-X    -0.32376
                                                   0.05823  0.00000 -0.07138
                                                   0.32176
                                                   0.00000 -0.38869
                                                  -0.03945  0.00000  0.06693

         406      413    403      0   Z-then-X     0.63075
                                                   0.40149  0.00000  0.25741
                                                  -0.01797
                                                   0.00000  0.01503
                                                   0.00873  0.00000  0.00294

         407      408    402      0   Z-then-X     0.34019
                                                   0.47821  0.00000  0.49978
                                                   1.11919
                                                   0.00000 -2.31639
                                                  -0.50667  0.00000  1.19720

         408      407    416      0   Z-then-X     0.21608
                                                   0.00820  0.00000 -0.28509
                                                   0.05369
                                                   0.00000  0.10740
                                                   0.05156  0.00000 -0.16109

         409      402    407      0   Z-then-X     0.09933
                                                   0.00064  0.00000 -0.16410
                                                   0.07960
                                                   0.00000  0.07569
                                                  -0.01944  0.00000 -0.15529

         410      401    403      0   Z-then-X     0.10718
                                                  -0.02083  0.00000 -0.03604
                                                  -0.03187
                                                   0.00000  0.01466
                                                  -0.01392  0.00000  0.01721

         411      404    405      0   Z-then-X    -0.77613
                                                   0.13027  0.00000 -0.18830
                                                  -0.53109
                                                   0.00000  0.25725
                                                   0.21601  0.00000  0.27384

         412      403    401      0   Z-then-X     0.11911
                                                   0.01244  0.00000 -0.25689
                                                   0.04573
                                                   0.00000  0.01640
                                                  -0.00301  0.00000 -0.06213

         413      406    403      0   Z-then-X    -0.66614
                                                  -0.21394  0.00000 -0.03273
                                                  -0.49754
                                                   0.00000  0.12402
                                                  -0.24547  0.00000  0.37352

         414      406    413      0   Z-then-X    -0.02624
                                                   0.07068  0.00000 -0.22870
                                                   0.12255
                                                   0.00000  0.03666
                                                   0.03118  0.00000 -0.15921

         415      405    404      0   Z-then-X     0.13248
                                                   0.00045  0.00000 -0.38308
                                                   0.28470
                                                   0.00000  0.12111
                                                   0.01221  0.00000 -0.40581

         416      408    407      0   Z-then-X    -0.56179
                                                   0.01684  0.00000 -0.29231
                                                   0.37390
                                                   0.00000  0.24558
                                                   0.00671  0.00000 -0.61948

 Additional Atomic Dipole Polarizability Parameters :

     Atom Type           Alpha       Thole     Group Atom Types

         403             1.073       0.390         412  401  406
         412             0.496       0.390         403
         401             1.334       0.390         403  410  404  402
         410             0.496       0.390         401
         404             1.334       0.390         401  411  405
         411             0.837       0.390         404
         402             1.334       0.390         401  407  409
         407             3.300       0.390         402  408
         408             1.334       0.390         407  416
         416             1.073       0.390         408
         409             0.496       0.390         402
         406             1.334       0.390         403  413  414
         413             0.837       0.390         406
         405             1.073       0.390         404  415
         414             0.494       0.390         406
         415             0.496       0.390         405

 Limited Memory BFGS Quasi-Newton Optimization :

 QN Iter     F Value      G RMS      F Move   X Move   Angle  FG Call  Comment

     0     2560.0632   957.6897                                   1
     1     1498.4355   562.9665   1061.6277   0.0982    0.00      2    Success 
     2     1126.3299   585.9504    372.1056   0.0982   22.42      3    Success 
     3      854.7048   320.2223    271.6251   0.0480   44.02      4    Success 
     4      627.8339   268.1536    226.8709   0.0758   39.05      5    Success 
     5      472.8155   227.6492    155.0183   0.0721   52.72      6    Success 
     6      308.2307   249.4296    164.5848   0.0982   54.24      7    Success 
     7      255.4072   329.0321     52.8235   0.0982   63.72      8    Success 
     8      183.9111   143.2505     71.4961   0.0239   41.81      9    Success 
     9      147.9725   102.4907     35.9386   0.0246   39.32     10    Success 
    10      111.0099    95.1020     36.9626   0.0391   43.11     11    Success 
    11       81.5048   127.1117     29.5051   0.0557   55.20     12    Success 
    12       63.0913    95.4130     18.4135   0.0400   66.31     13    Success 
    13       48.9643    70.9245     14.1269   0.0177   46.05     14    Success 
    14       39.4596    90.0563      9.5047   0.0234   64.66     15    Success 
    15       26.3770    82.9479     13.0826   0.0367   71.38     16    Success 
    16       17.2719    53.8126      9.1051   0.0403   71.81     17    Success 
    17       12.2170    30.6270      5.0549   0.0223   65.13     18    Success 
    18        9.8214    27.2143      2.3956   0.0090   49.96     19    Success 
    19        6.5043    26.6017      3.3171   0.0198   61.29     20    Success 
    20        2.6541    29.7462      3.8502   0.0294   67.19     21    Success 
    21       -0.7329    37.3966      3.3870   0.0452   71.56     22    Success 
    22       -3.2163    19.4166      2.4834   0.0133   64.07     23    Success 
    23       -4.4688    17.7174      1.2525   0.0078   49.14     24    Success 
    24       -5.8690    14.2128      1.4002   0.0134   63.66     25    Success 
    25       -7.3724    13.9633      1.5034   0.0212   65.20     26    Success 
    26       -7.7090    20.3020      0.3366   0.0233   66.50     27    Success 
    27       -8.2922    15.0770      0.5832   0.0033   56.37     28    Success 
    28       -8.6735     7.3734      0.3813   0.0084   59.30     29    Success 
    29       -8.9398     5.4265      0.2663   0.0059   62.98     30    Success 
    30       -9.0517    12.9466      0.1119   0.0110   65.33     31    Success 
    31       -9.2044     5.3035      0.1528   0.0015   49.35     32    Success 
    32       -9.2807     5.6527      0.0763   0.0032   64.42     33    Success 
    33       -9.3330     5.2555      0.0523   0.0015   66.09     34    Success 
    34       -9.4243     5.3411      0.0913   0.0027   65.54     35    Success 
    35       -9.5691     6.6523      0.1448   0.0053   68.88     36    Success 
    36       -9.7575    45.6884      0.1884   0.0095   75.31     37    Success 
    37       -9.8934   173.7608      0.1359   0.0038   87.40     43   BadIntpln
    38       -9.9808    11.2852      0.0875   0.0031   88.41     44    Success 
    39      -10.0821    16.5198      0.1012   0.0026   75.94     45    Success 
    40      -10.1744    11.7447      0.0923   0.0032   79.15     46    Success 
    41      -10.2430    11.8028      0.0686   0.0033   82.73     47    Success 
    42      -10.3521    10.1605      0.1091   0.0039   80.56     48    Success 
    43      -10.4985    10.2911      0.1464   0.0081   81.56     49    Success 
    44      -10.6400     8.8312      0.1415   0.0099   81.00     50    Success 
    45      -10.7587     6.6826      0.1186   0.0051   79.55     51    Success 
    46      -10.9188     5.5001      0.1601   0.0087   76.83     52    Success 
    47      -11.0433     7.3807      0.1245   0.0095   78.47     53    Success 
    48      -11.1812     5.6640      0.1379   0.0111   80.63     54    Success 
    49      -11.3106     5.0618      0.1295   0.0069   75.92     55    Success 
    50      -11.4682     4.2720      0.1576   0.0091   71.72     56    Success 
    51      -11.5254     6.7315      0.0572   0.0091   73.57     57    Success 
    52      -11.5883     3.3426      0.0628   0.0011   45.99     58    Success 
    53      -11.6339     2.8132      0.0456   0.0024   64.63     59    Success 
    54      -11.6916     3.9649      0.0577   0.0051   72.73     60    Success 
    55      -11.7778     5.1018      0.0863   0.0068   76.29     61    Success 
    56      -11.8890     6.9294      0.1111   0.0122   81.10     62    Success 
    57      -12.0040     5.9109      0.1150   0.0112   82.33     63    Success 
    58      -12.0194     4.8440      0.0154   0.0036   85.25     65    Success 
    59      -12.0455     3.9432      0.0260   0.0014   74.83     66    Success 
    60      -12.0892     3.6256      0.0437   0.0025   72.68     67    Success 
    61      -12.1570     3.9485      0.0678   0.0040   70.47     68    Success 
    62      -12.2213    14.0346      0.0643   0.0063   72.24     69    Success 
    63      -12.2479    15.0703      0.0266   0.0052   85.12     70    Success 
    64      -12.2791     3.6952      0.0312   0.0019   84.06     71    Success 
    65      -12.2953     3.8217      0.0162   0.0017   77.94     72    Success 
    66      -12.3129     3.6832      0.0176   0.0030   83.61     73    Success 
    67      -12.3442     3.2165      0.0313   0.0027   78.62     74    Success 
    68      -12.3959     2.7585      0.0516   0.0049   77.31     75    Success 
    69      -12.4649     3.4028      0.0690   0.0087   76.18     76    Success 
    70      -12.5134     3.3909      0.0486   0.0082   80.30     77    Success 
    71      -12.5452     2.6187      0.0318   0.0031   77.41     78    Success 
    72      -12.5813     3.3612      0.0361   0.0034   66.80     79    Success 
    73      -12.6051     2.6976      0.0237   0.0022   68.89     80    Success 
    74      -12.6182     2.2431      0.0131   0.0010   70.70     81    Success 
    75      -12.6382     1.6034      0.0200   0.0023   73.28     82    Success 
    76      -12.6536     2.2281      0.0154   0.0040   72.43     83    Success 
    77      -12.6614     1.8362      0.0079   0.0032   81.08     84    Success 
    78      -12.6668     1.0558      0.0053   0.0005   62.00     85    Success 
    79      -12.6724     0.9154      0.0056   0.0008   54.32     86    Success 
    80      -12.6764     1.1412      0.0040   0.0012   73.94     87    Success 
    81      -12.6815     1.0532      0.0051   0.0014   73.73     88    Success 
    82      -12.6857     0.8301      0.0042   0.0015   76.39     89    Success 
    83      -12.6883     0.8366      0.0026   0.0014   77.24     90    Success 
    84      -12.6900     0.7708      0.0017   0.0008   75.49     91    Success 
    85      -12.6920     0.7044      0.0020   0.0005   67.39     92    Success 
    86      -12.6947     0.5819      0.0026   0.0009   70.60     93    Success 
    87      -12.6973     0.8665      0.0026   0.0012   68.10     94    Success 
    88      -12.6995     0.5175      0.0023   0.0008   75.54     95    Success 
    89      -12.7018     0.5619      0.0023   0.0008   66.05     96    Success 
    90      -12.7044     0.6123      0.0026   0.0011   70.82     97    Success 
    91      -12.7053     0.9940      0.0009   0.0006   73.22     99    Success 
    92      -12.7067     0.4982      0.0013   0.0006   79.44    100    Success 
    93      -12.7075     0.3121      0.0008   0.0004   70.30    101    Success 
    94      -12.7081     0.3210      0.0006   0.0003   61.09    102    Success 
    95      -12.7091     0.3354      0.0010   0.0005   64.67    103    Success 
    96      -12.7096     1.0663      0.0005   0.0009   67.74    104    Success 
    97      -12.7104     0.6521      0.0008   0.0003   78.71    105    Success 
    98      -12.7113     0.2668      0.0009   0.0004   74.68    106    Success 
    99      -12.7116     0.2965      0.0003   0.0002   69.32    107    Success 
   100      -12.7122     0.3070      0.0006   0.0004   71.41    108    Success 
   101      -12.7129     0.5309      0.0007   0.0007   71.42    109    Success 
   102      -12.7137     0.2946      0.0008   0.0009   80.55    110    Success 
   103      -12.7138     0.4532      0.0001   0.0003   72.22    111    Success 
   104      -12.7140     0.2105      0.0002   0.0001   63.78    112    Success 
   105      -12.7141     0.1427      0.0001   0.0001   60.28    113    Success 
   106      -12.7142     0.1651      0.0001   0.0001   61.97    114    Success 
   107      -12.7143     0.1630      0.0002   0.0002   66.14    115    Success 
   108      -12.7145     0.3636      0.0002   0.0003   70.86    116    Success 
   109      -12.7148     0.1777      0.0002   0.0003   80.55    117    Success 
   110      -12.7149     0.1524      0.0001   0.0003   77.34    118    Success 
   111      -12.7151     0.2281      0.0001   0.0003   75.15    119    Success 
   112      -12.7152     0.2973      0.0001   0.0004   78.72    120    Success 
   113      -12.7153     0.1692      0.0001   0.0001   71.67    121    Success 
   114      -12.7154     0.1443      0.0001   0.0002   66.40    122    Success 
   115      -12.7155     0.1866      0.0001   0.0001   73.37    123    Success 
   116      -12.7156     0.1662      0.0001   0.0002   80.05    124    Success 
   117      -12.7157     0.1450      0.0001   0.0003   78.68    125    Success 
   118      -12.7159     0.1374      0.0002   0.0004   75.66    126    Success 
   119      -12.7161     0.2828      0.0002   0.0007   76.96    127    Success 
   120      -12.7162     0.3086      0.0001   0.0003   79.39    128    Success 
   121      -12.7163     0.1241      0.0001   0.0002   80.90    129    Success 
   122      -12.7164     0.1062      0.0001   0.0001   63.19    130    Success 
   123      -12.7164     0.1311      0.0001   0.0001   69.62    131    Success 
   124      -12.7165     0.1390      0.0001   0.0002   74.84    132    Success 
   125      -12.7167     0.2269      0.0001   0.0004   77.16    133    Success 
   126      -12.7168     0.1295      0.0002   0.0005   82.98    134    Success 
   127      -12.7169     0.2536      0.0000   0.0002   74.04    135    Success 
   128      -12.7169     0.1165      0.0001   0.0001   74.67    136    Success 
   129      -12.7170     0.0765      0.0000   0.0001   59.63    137    Success 
   130      -12.7170     0.0755      0.0000   0.0001   64.49    138    Success 
   131      -12.7170     0.0743      0.0000   0.0001   67.41    139    Success 
   132      -12.7171     0.0970      0.0000   0.0001   75.95    141    Success 
   133      -12.7171     0.0386      0.0000   0.0001   76.68    142    Success 
   134      -12.7171     0.0320      0.0000   0.0000   65.41    143    Success 
   135      -12.7171     0.0422      0.0000   0.0000   66.70    144    Success 
   136      -12.7171     0.0739      0.0000   0.0001   70.80    145    Success 
   137      -12.7171     0.0368      0.0000   0.0000   74.19    146    Success 
   138      -12.7171     0.0270      0.0000   0.0000   70.24    147    Success 
   139      -12.7171     0.0295      0.0000   0.0000   73.97    148    Success 
   140      -12.7171     0.0584      0.0000   0.0000   73.29    149    Success 
   141      -12.7171     0.0289      0.0000   0.0000   82.40    150    Success 
   142      -12.7171     0.0219      0.0000   0.0000   77.00    151    Success 
   143      -12.7171     0.0314      0.0000   0.0000   73.12    152    Success 
   144      -12.7171     0.0408      0.0000   0.0001   79.12    153    Success 
   145      -12.7171     0.0533      0.0000   0.0001   81.31    154    Success 
   146      -12.7171     0.0285      0.0000   0.0000   76.33    155    Success 
   147      -12.7171     0.0285      0.0000   0.0000   71.21    156    Success 
   148      -12.7171     0.0337      0.0000   0.0000   80.05    157    Success 
   149      -12.7171     0.0232      0.0000   0.0001   81.84    158    Success 
   150      -12.7171     0.0379      0.0000   0.0001   80.88    159    Success 
   151      -12.7171     0.0189      0.0000   0.0000   59.61    160    Success 
   152      -12.7171     0.0220      0.0000   0.0000   66.51    161    Success 
   153      -12.7171     0.0223      0.0000   0.0000   72.78    162    Success 
   154      -12.7171     0.0452      0.0000   0.0001   80.32    163    Success 
   155      -12.7171     0.0390      0.0000   0.0000   75.35    164    Success 
   156      -12.7171     0.0277      0.0000   0.0000   78.19    165    Success 
   157      -12.7171     0.0092      0.0000   0.0000   80.11    166    Success 
   158      -12.7171     0.0089      0.0000   0.0000   76.66    167    Success 
   159      -12.7171     0.0120      0.0000   0.0000   76.54    168    Success 
   160      -12.7171     0.0221      0.0000   0.0000   73.26    169    Success 
   161      -12.7171     0.0107      0.0000   0.0000   81.74    170    Success 
   162      -12.7171     0.0067      0.0000   0.0000   65.99    171    Success 
   163      -12.7171     0.0094      0.0000   0.0000   63.61    172    Success 
   164      -12.7171     0.0109      0.0000   0.0000   72.92    173    Success 
   165      -12.7171     0.0077      0.0000   0.0000   78.98    174    Success 
   166      -12.7171     0.0036      0.0000   0.0000   78.53    175    Success 
   167      -12.7171     0.0040      0.0000   0.0000   73.95    176    Success 
   168      -12.7171     0.0060      0.0000   0.0000   73.49    177    Success 
   169      -12.7171     0.0042      0.0000   0.0000   74.52    178    Success 
   170      -12.7171     0.0034      0.0000   0.0000   72.66    179    Success 
   171      -12.7171     0.0026      0.0000   0.0000   64.74    180    Success 
   172      -12.7171     0.0078      0.0000   0.0000   69.98    181    Success 
   173      -12.7171     0.0029      0.0000   0.0000   75.25    182    Success 
   174      -12.7171     0.0016      0.0000   0.0000   77.64    183    Success 
   175      -12.7171     0.0012      0.0000   0.0000   72.84    184    Success 
   176      -12.7171     0.0015      0.0000   0.0000   69.22    185    Success 
   177      -12.7171     0.0024      0.0000   0.0000   67.83    186    Success 
   178      -12.7171     0.0022      0.0000   0.0000   78.67    187    Success 
   179      -12.7171     0.0010      0.0000   0.0000   75.35    188   SmallGrad

 LBFGS  --  Normal Termination due to SmallGrad

 Final Function Value :          -12.7171
 Final RMS Gradient :              0.0010
 Final Gradient Norm :             0.0042
