
     ######################################################################
   ##########################################################################
  ###                                                                      ###
 ###            Tinker  ---  Software Tools for Molecular Design            ###
 ##                                                                          ##
 ##                          Version 8.7  June 2019                          ##
 ##                                                                          ##
 ##               Copyright (c)  Jay William Ponder  1990-2019               ##
 ###                           All Rights Reserved                          ###
  ###                                                                      ###
   ##########################################################################
     ######################################################################


 Additional Atom Definition Parameters :

     Type  Class  Symbol  Description               Atomic    Mass   Valence

     403    403     N     ModifiedRes                  7     14.007     3
     412    412     H     ModifiedRes                  1      1.008     1
     401    401     C     ModifiedRes                  6     12.011     4
     410    410     H     ModifiedRes                  1      1.008     1
     404    404     C     ModifiedRes                  6     12.011     3
     411    411     O     ModifiedRes                  8     15.999     1
     402    402     C     ModifiedRes                  6     12.011     4
     407    407     S     ModifiedRes                 16     32.066     2
     408    408     C     ModifiedRes                  6     12.011     2
     416    416     N     ModifiedRes                  7     14.007     1
     409    409     H     ModifiedRes                  1      1.008     1
     406    406     C     ModifiedRes                  6     12.011     3
     413    413     O     ModifiedRes                  8     15.999     1
     405    405     N     ModifiedRes                  7     14.007     3
     414    414     H     ModifiedRes                  1      1.008     1
     415    415     H     ModifiedRes                  1      1.008     1

 Additional Bond Stretching Parameters :

     Atom Classes             K(S)         Length

       401 403             374.800         1.4589
       403 406             482.000         1.3610
       403 412             542.000         1.0150
       401 410             341.000         1.0957
       401 404             345.300         1.5388
       401 402             345.300         1.5181
       404 405             482.000         1.3572
       404 411             705.000         1.2314
       402 409             395.500         1.0914
       402 407             235.800         1.8318
       407 408             235.800         1.6971
       408 416             450.000         1.1861
       406 413             705.000         1.2330
       406 414             356.400         1.1017
       405 415             542.000         1.0125

 Additional Angle Bending Parameters :

     Atom Classes             K(B)          Angle

     403 406 413            60.000        124.094
     401 403 412            35.000        118.942
     406 403 412            35.000        118.838
     401 404 405            70.000        113.359
     401 404 411            80.000        121.700
     401 402 407            53.200        108.210
     401 403 406            50.000        121.364
     404 401 410            38.000        109.343
     402 401 410            38.000        110.332
     403 401 410            50.600        106.311
     402 401 404            60.000        109.451
     403 401 404            80.000        110.698
     402 401 403            80.000        110.661
     402 407 408            60.430         97.779
     407 408 416            60.000        178.379
     409 402 409            39.570        108.414
     401 402 409            42.440        109.507
     407 402 409            60.240        109.536
     405 404 411            60.000        124.942
     413 406 414            68.340        122.634
     403 406 414            31.650        113.263
     415 405 415            22.300        119.362
     404 405 415            35.000        117.511

 Additional Stretch-Bend Parameters :

     Atom Classes          K(SB)-1        K(SB)-2

     401 403 412             4.300          7.200
     406 403 412             4.300          7.200
     401 404 405            18.700         18.700
     401 402 407            18.700         18.700
     401 403 406             7.200          7.200
     404 401 410            11.500         18.700
     402 401 410            11.500         18.700
     403 401 410            11.500         11.500
     402 401 404            18.700         18.700
     403 401 404            18.700         18.700
     402 401 403            18.700         18.700
     402 407 408            -5.750         -5.750
     401 402 409            11.500         11.500
     407 402 409            11.500         11.500
     403 406 414            11.500         11.500
     404 405 415             4.300          7.200
     415 405 415             4.300          7.200
     401 404 411            18.700         18.700
     413 406 414            11.500         11.500

 Additional Out-of-Plane Bend Parameters :

     Atom Classes                   K(OPB)

     401 403   0   0                14.400
     401 404   0   0                14.400
     403 406   0   0               107.910
     404 405   0   0                71.940
     405 404   0   0               107.910
     406 403   0   0                71.940
     411 404   0   0               122.298
     412 403   0   0                 5.755
     413 406   0   0               122.298
     414 406   0   0               140.283
     415 405   0   0                 5.755

 Additional Torsional Parameters :

     Atom Classes     1-Fold    2-Fold    3-Fold    4-Fold    5-Fold    6-Fold

   403 401 404 405   0.00   0  0.00 180  0.00   0  0.00   0  0.00   0  0.00   0
   403 401 404 411   0.00   0  0.00 180  0.00   0  0.00   0  0.00   0  0.00   0
   403 401 402 409   0.00   0  0.00 180  0.00   0  0.00   0  0.00   0  0.00   0
   403 401 402 407   0.00   0  0.00 180  0.00   0  0.00   0  0.00   0  0.00   0
   410 401 403 412   0.00   0  0.00 180  0.00   0  0.00   0  0.00   0  0.00   0
   404 401 403 412   0.00   0  0.00 180  0.00   0  0.00   0  0.00   0  0.00   0
   402 401 403 412   0.00   0  0.00 180  0.00   0  0.00   0  0.00   0  0.00   0
   412 403 406 413   0.00   0  0.00 180  0.00   0  0.00   0  0.00   0  0.00   0
   412 403 406 414   0.00   0  0.00 180  0.00   0  0.00   0  0.00   0  0.00   0
   401 404 405 415   0.00   0  1.20 180  0.80   0  0.00   0  0.00   0  0.00   0
   401 402 407 408   0.00   0  0.00 180  0.00   0  0.00   0  0.00   0  0.00   0
   401 403 406 413   0.00   0  0.00 180  0.00   0  0.00   0  0.00   0  0.00   0
   401 403 406 414   0.00   0  0.00 180  0.00   0  0.00   0  0.00   0  0.00   0
   410 401 404 405   0.00   0  0.00 180  0.00   0  0.00   0  0.00   0  0.00   0
   410 401 404 411   0.00   0  0.00 180  0.00   0  0.00   0  0.00   0  0.00   0
   410 401 402 409   0.00   0  0.00 180  0.00   0  0.00   0  0.00   0  0.00   0
   410 401 402 407   0.00   0  0.00 180  0.00   0  0.00   0  0.00   0  0.00   0
   410 401 403 406   0.00   0  0.00 180  0.00   0  0.00   0  0.00   0  0.00   0
   404 401 402 409   0.00   0  0.00 180  0.00   0  0.00   0  0.00   0  0.00   0
   404 401 402 407   0.00   0  0.00 180  0.00   0  0.00   0  0.00   0  0.00   0
   404 401 403 406   0.00   0  0.00 180  0.00   0  0.00   0  0.00   0  0.00   0
   411 404 405 415   0.00   0  0.00 180  0.00   0  0.00   0  0.00   0  0.00   0
   402 401 404 411   0.00   0  0.00 180  0.00   0  0.00   0  0.00   0  0.00   0
   402 401 404 405   0.00   0  0.00 180  0.00   0  0.00   0  0.00   0  0.00   0
   402 401 403 406   0.00   0  0.00 180  0.00   0  0.00   0  0.00   0  0.00   0
   402 407 408 416   0.00   0  0.00 180  0.50   0  0.00   0  0.00   0  0.00   0
   409 402 407 408   0.00   0  0.00 180  0.00   0  0.00   0  0.00   0  0.00   0

 Additional Pi-Orbital Torsion Parameters :

     Atom Classes       2-Fold

       404 405           6.850
       403 406           6.850

 Additional van der Waals Parameters :

     Atom Class               Size        Epsilon        Reduction

         403                3.7100         0.1100          0.000
         412                2.5900         0.0220          0.900
         401                3.6500         0.1010          0.000
         410                2.8800         0.0240          0.910
         404                3.8200         0.1060          0.000
         411                3.3000         0.1120          0.000
         402                3.7800         0.1060          0.000
         407                4.0050         0.3550          0.000
         408                3.7800         0.1060          0.000
         416                3.7100         0.1050          0.000
         409                2.8700         0.0330          0.900
         406                3.8200         0.1060          0.000
         413                3.3000         0.1120          0.000
         405                3.7100         0.1100          0.000
         414                2.9200         0.0300          0.920
         415                2.5900         0.0220          0.900

 Additional Atomic Multipole Parameters :

     Atom Type     Coordinate Frame Definition         Multipole Moments

         401      403    404      0   Z-then-X    -0.27040
                                                  -0.22190  0.00000  0.26102
                                                  -0.17903
                                                   0.00000 -0.24517
                                                   0.13675  0.00000  0.42420

         402      407    401      0   Z-then-X    -0.16380
                                                   0.27778  0.00000 -0.20334
                                                   0.30211
                                                   0.00000 -0.49081
                                                  -0.33263  0.00000  0.18870

         403      406    401      0   Z-then-X    -0.06286
                                                   0.37348  0.00000 -0.12295
                                                   0.79149
                                                   0.00000 -1.08676
                                                  -0.63736  0.00000  0.29527

         404      411    405      0   Z-then-X     0.97419
                                                  -0.10999  0.00000  0.25580
                                                   0.38321
                                                   0.00000 -0.33696
                                                  -0.17133  0.00000 -0.04625

         405      404    415      0   Z-then-X    -0.32376
                                                   0.05823  0.00000 -0.07138
                                                   0.32176
                                                   0.00000 -0.38869
                                                  -0.03945  0.00000  0.06693

         406      413    403      0   Z-then-X     0.63075
                                                   0.40149  0.00000  0.25741
                                                  -0.01797
                                                   0.00000  0.01503
                                                   0.00873  0.00000  0.00294

         407      408    402      0   Z-then-X     0.34019
                                                   0.47821  0.00000  0.49978
                                                   1.11919
                                                   0.00000 -2.31639
                                                  -0.50667  0.00000  1.19720

         408      407    416      0   Z-then-X     0.21608
                                                   0.00820  0.00000 -0.28509
                                                   0.05369
                                                   0.00000  0.10740
                                                   0.05156  0.00000 -0.16109

         409      402    407      0   Z-then-X     0.09933
                                                   0.00064  0.00000 -0.16410
                                                   0.07960
                                                   0.00000  0.07569
                                                  -0.01944  0.00000 -0.15529

         410      401    403      0   Z-then-X     0.10718
                                                  -0.02083  0.00000 -0.03604
                                                  -0.03187
                                                   0.00000  0.01466
                                                  -0.01392  0.00000  0.01721

         411      404    405      0   Z-then-X    -0.77613
                                                   0.13027  0.00000 -0.18830
                                                  -0.53109
                                                   0.00000  0.25725
                                                   0.21601  0.00000  0.27384

         412      403    401      0   Z-then-X     0.11911
                                                   0.01244  0.00000 -0.25689
                                                   0.04573
                                                   0.00000  0.01640
                                                  -0.00301  0.00000 -0.06213

         413      406    403      0   Z-then-X    -0.66614
                                                  -0.21394  0.00000 -0.03273
                                                  -0.49754
                                                   0.00000  0.12402
                                                  -0.24547  0.00000  0.37352

         414      406    413      0   Z-then-X    -0.02624
                                                   0.07068  0.00000 -0.22870
                                                   0.12255
                                                   0.00000  0.03666
                                                   0.03118  0.00000 -0.15921

         415      405    404      0   Z-then-X     0.13248
                                                   0.00045  0.00000 -0.38308
                                                   0.28470
                                                   0.00000  0.12111
                                                   0.01221  0.00000 -0.40581

         416      408    407      0   Z-then-X    -0.56179
                                                   0.01684  0.00000 -0.29231
                                                   0.37390
                                                   0.00000  0.24558
                                                   0.00671  0.00000 -0.61948

 Additional Atomic Dipole Polarizability Parameters :

     Atom Type           Alpha       Thole     Group Atom Types

         403             1.073       0.390         412  401  406
         412             0.496       0.390         403
         401             1.334       0.390         403  410  404  402
         410             0.496       0.390         401
         404             1.334       0.390         401  411  405
         411             0.837       0.390         404
         402             1.334       0.390         401  407  409
         407             3.300       0.390         402  408
         408             1.334       0.390         407  416
         416             1.073       0.390         408
         409             0.496       0.390         402
         406             1.334       0.390         403  413  414
         413             0.837       0.390         406
         405             1.073       0.390         404  415
         414             0.494       0.390         406
         415             0.496       0.390         405

 Limited Memory BFGS Quasi-Newton Optimization :

 QN Iter     F Value      G RMS      F Move   X Move   Angle  FG Call  Comment

     0      426.3838   387.4121                                   1
     1      236.4587   467.9422    189.9251   0.0982    0.00      2    Success 
     2      112.4233   274.8935    124.0354   0.0335   15.00      3    Success 
     3       72.1220   140.6228     40.3013   0.0125   24.96      4    Success 
     4       32.3597   103.4609     39.7624   0.0248   29.98      5    Success 
     5        0.7940    74.0816     31.5657   0.0359   40.31      6    Success 
     6      -11.5977    82.0525     12.3917   0.0304   53.24      7    Success 
     7      -20.5711    51.5892      8.9734   0.0225   55.66      8    Success 
     8      -25.0525    32.9948      4.4813   0.0083   44.52      9    Success 
     9      -27.6242    29.8925      2.5717   0.0088   42.39     10    Success 
    10      -28.8209    33.7842      1.1967   0.0118   49.71     11    Success 
    11      -30.5884    24.4048      1.7675   0.0100   66.85     12    Success 
    12      -32.0389    12.5728      1.4505   0.0121   59.20     13    Success 
    13      -32.4643     7.4151      0.4254   0.0036   45.99     14    Success 
    14      -32.7865     9.2394      0.3222   0.0053   44.56     15    Success 
    15      -33.0350     6.1551      0.2485   0.0045   61.70     16    Success 
    16      -33.2764     5.6351      0.2414   0.0054   54.02     17    Success 
    17      -33.5409     6.9084      0.2645   0.0075   57.56     18    Success 
    18      -33.7976     7.5746      0.2567   0.0104   65.88     19    Success 
    19      -33.9834     5.0364      0.1858   0.0040   60.99     20    Success 
    20      -34.1638     4.5295      0.1804   0.0053   56.49     21    Success 
    21      -34.3387     4.7599      0.1748   0.0070   65.01     22    Success 
    22      -34.5126     8.1470      0.1740   0.0114   69.00     23    Success 
    23      -34.6332     5.6624      0.1205   0.0051   74.72     24    Success 
    24      -34.7066     4.1898      0.0735   0.0030   67.33     25    Success 
    25      -34.7730     3.7984      0.0663   0.0029   65.95     26    Success 
    26      -34.8676     3.6620      0.0946   0.0053   68.41     27    Success 
    27      -34.9022     5.4229      0.0346   0.0032   71.10     29    Success 
    28      -34.9426     2.6038      0.0404   0.0033   78.46     30    Success 
    29      -34.9637     2.1401      0.0211   0.0017   70.59     31    Success 
    30      -34.9929     2.5991      0.0292   0.0026   64.66     32    Success 
    31      -35.0078     4.3151      0.0149   0.0034   68.48     33    Success 
    32      -35.0261     1.5600      0.0183   0.0008   60.99     34    Success 
    33      -35.0336     1.2771      0.0074   0.0006   51.38     35    Success 
    34      -35.0420     1.3727      0.0084   0.0008   52.87     36    Success 
    35      -35.0539     1.2331      0.0119   0.0015   64.97     37    Success 
    36      -35.0659     1.9328      0.0120   0.0028   67.62     38    Success 
    37      -35.0695     2.0863      0.0036   0.0026   75.64     39    Success 
    38      -35.0747     1.0031      0.0052   0.0006   71.50     40    Success 
    39      -35.0775     0.5406      0.0028   0.0005   57.63     41    Success 
    40      -35.0791     0.5638      0.0016   0.0003   49.94     42    Success 
    41      -35.0814     0.4856      0.0024   0.0006   60.42     43    Success 
    42      -35.0826     0.7531      0.0011   0.0007   66.87     45    Success 
    43      -35.0840     0.3327      0.0014   0.0006   74.34     46    Success 
    44      -35.0846     0.3038      0.0007   0.0003   61.74     47    Success 
    45      -35.0856     0.4123      0.0009   0.0004   56.97     48    Success 
    46      -35.0859     0.8662      0.0004   0.0007   69.45     49    Success 
    47      -35.0865     0.4725      0.0005   0.0001   43.72     50    Success 
    48      -35.0869     0.2477      0.0004   0.0001   52.67     51    Success 
    49      -35.0871     0.3153      0.0002   0.0001   56.27     52    Success 
    50      -35.0875     0.3937      0.0004   0.0002   67.79     53    Success 
    51      -35.0882     0.5346      0.0007   0.0004   73.69     54    Success 
    52      -35.0892     0.6312      0.0009   0.0008   79.26     55    Success 
    53      -35.0902     0.5385      0.0010   0.0013   82.70     56    Success 
    54      -35.0908     0.3736      0.0006   0.0004   80.18     57    Success 
    55      -35.0915     0.3732      0.0007   0.0005   71.55     58    Success 
    56      -35.0920     0.4764      0.0005   0.0004   71.47     59    Success 
    57      -35.0925     0.4815      0.0005   0.0003   77.40     60    Success 
    58      -35.0934     0.3816      0.0009   0.0006   78.12     61    Success 
    59      -35.0942     0.6605      0.0008   0.0011   76.64     62    Success 
    60      -35.0950     0.3392      0.0008   0.0009   81.98     63    Success 
    61      -35.0953     0.3010      0.0003   0.0001   59.13     64    Success 
    62      -35.0958     0.3122      0.0005   0.0003   66.29     65    Success 
    63      -35.0965     0.2384      0.0007   0.0007   73.52     66    Success 
    64      -35.0969     0.2139      0.0004   0.0006   76.65     67    Success 
    65      -35.0972     0.2776      0.0004   0.0006   77.14     68    Success 
    66      -35.0977     0.2351      0.0005   0.0007   78.49     69    Success 
    67      -35.0983     0.2311      0.0005   0.0006   72.60     70    Success 
    68      -35.0985     0.2969      0.0002   0.0004   72.22     72    Success 
    69      -35.0988     0.2052      0.0003   0.0002   70.12     73    Success 
    70      -35.0990     0.2268      0.0002   0.0003   65.95     74    Success 
    71      -35.0992     0.1878      0.0002   0.0003   76.13     75    Success 
    72      -35.0993     0.1383      0.0001   0.0002   75.66     76    Success 
    73      -35.0994     0.1659      0.0002   0.0004   75.38     77    Success 
    74      -35.0995     0.2197      0.0001   0.0002   78.29     79    Success 
    75      -35.0996     0.1252      0.0001   0.0001   80.70     80    Success 
    76      -35.0996     0.0900      0.0001   0.0001   69.45     81    Success 
    77      -35.0997     0.0756      0.0000   0.0001   67.02     82    Success 
    78      -35.0997     0.2413      0.0000   0.0001   60.75     83    Success 
    79      -35.0997     0.1754      0.0000   0.0000   69.38     84    Success 
    80      -35.0997     0.0629      0.0000   0.0000   62.18     85    Success 
    81      -35.0998     0.0519      0.0000   0.0000   58.49     86    Success 
    82      -35.0998     0.0639      0.0000   0.0000   67.09     87    Success 
    83      -35.0998     0.0593      0.0000   0.0001   71.36     88    Success 
    84      -35.0998     0.0889      0.0000   0.0001   71.57     90    Success 
    85      -35.0998     0.0340      0.0000   0.0001   78.73     91    Success 
    86      -35.0998     0.0189      0.0000   0.0000   68.24     92    Success 
    87      -35.0998     0.0260      0.0000   0.0000   56.79     93    Success 
    88      -35.0998     0.0304      0.0000   0.0000   69.68     94    Success 
    89      -35.0998     0.0418      0.0000   0.0000   73.00     95    Success 
    90      -35.0998     0.0216      0.0000   0.0001   78.07     96    Success 
    91      -35.0998     0.0147      0.0000   0.0000   66.38     97    Success 
    92      -35.0998     0.0188      0.0000   0.0000   57.11     98    Success 
    93      -35.0998     0.0205      0.0000   0.0000   68.25     99    Success 
    94      -35.0998     0.0148      0.0000   0.0000   72.50    100    Success 
    95      -35.0998     0.0120      0.0000   0.0000   68.62    101    Success 
    96      -35.0998     0.0102      0.0000   0.0000   62.72    102    Success 
    97      -35.0998     0.0096      0.0000   0.0000   60.99    103    Success 
    98      -35.0998     0.0180      0.0000   0.0000   63.16    104    Success 
    99      -35.0998     0.0132      0.0000   0.0000   78.76    105    Success 
   100      -35.0998     0.0110      0.0000   0.0000   77.89    106    Success 
   101      -35.0998     0.0087      0.0000   0.0000   72.85    107    Success 
   102      -35.0998     0.0164      0.0000   0.0000   70.03    108    Success 
   103      -35.0998     0.0091      0.0000   0.0000   69.33    109    Success 
   104      -35.0998     0.0066      0.0000   0.0000   69.67    110    Success 
   105      -35.0998     0.0046      0.0000   0.0000   57.52    111    Success 
   106      -35.0998     0.0059      0.0000   0.0000   71.47    112    Success 
   107      -35.0998     0.0049      0.0000   0.0000   77.91    113    Success 
   108      -35.0998     0.0038      0.0000   0.0000   69.50    114    Success 
   109      -35.0998     0.0026      0.0000   0.0000   59.51    115    Success 
   110      -35.0998     0.0027      0.0000   0.0000   53.71    116    Success 
   111      -35.0998     0.0039      0.0000   0.0000   62.19    117    Success 
   112      -35.0998     0.0039      0.0000   0.0000   73.34    118    Success 
   113      -35.0998     0.0037      0.0000   0.0000   74.71    119    Success 
   114      -35.0998     0.0019      0.0000   0.0000   71.53    120    Success 
   115      -35.0998     0.0018      0.0000   0.0000   56.08    121    Success 
   116      -35.0998     0.0033      0.0000   0.0000   62.76    122    Success 
   117      -35.0998     0.0014      0.0000   0.0000   65.76    123    Success 
   118      -35.0998     0.0012      0.0000   0.0000   65.38    124    Success 
   119      -35.0998     0.0013      0.0000   0.0000   65.34    125    Success 
   120      -35.0998     0.0047      0.0000   0.0000   68.09    126    Success 
   121      -35.0998     0.0034      0.0000   0.0000   72.35    127    Success 
   122      -35.0998     0.0014      0.0000   0.0000   76.63    128    Success 
   123      -35.0998     0.0011      0.0000   0.0000   74.58    129    Success 
   124      -35.0998     0.0012      0.0000   0.0000   76.62    130    Success 
   125      -35.0998     0.0011      0.0000   0.0000   68.03    131    Success 
   126      -35.0998     0.0013      0.0000   0.0000   69.96    132    Success 
   127      -35.0998     0.0008      0.0000   0.0000   73.42    133   SmallGrad

 LBFGS  --  Normal Termination due to SmallGrad

 Final Function Value :          -35.0998
 Final RMS Gradient :              0.0008
 Final Gradient Norm :             0.0035
