
     ######################################################################
   ##########################################################################
  ###                                                                      ###
 ###            Tinker  ---  Software Tools for Molecular Design            ###
 ##                                                                          ##
 ##                          Version 8.7  June 2019                          ##
 ##                                                                          ##
 ##               Copyright (c)  Jay William Ponder  1990-2019               ##
 ###                           All Rights Reserved                          ###
  ###                                                                      ###
   ##########################################################################
     ######################################################################


 Additional Atom Definition Parameters :

     Type  Class  Symbol  Description               Atomic    Mass   Valence

     403    403     N     ModifiedRes                  7     14.007     3
     412    412     H     ModifiedRes                  1      1.008     1
     401    401     C     ModifiedRes                  6     12.011     4
     410    410     H     ModifiedRes                  1      1.008     1
     404    404     C     ModifiedRes                  6     12.011     3
     411    411     O     ModifiedRes                  8     15.999     1
     402    402     C     ModifiedRes                  6     12.011     4
     407    407     S     ModifiedRes                 16     32.066     2
     408    408     C     ModifiedRes                  6     12.011     2
     416    416     N     ModifiedRes                  7     14.007     1
     409    409     H     ModifiedRes                  1      1.008     1
     406    406     C     ModifiedRes                  6     12.011     3
     413    413     O     ModifiedRes                  8     15.999     1
     405    405     N     ModifiedRes                  7     14.007     3
     414    414     H     ModifiedRes                  1      1.008     1
     415    415     H     ModifiedRes                  1      1.008     1

 Additional Bond Stretching Parameters :

     Atom Classes             K(S)         Length

       401 403             374.800         1.4589
       403 406             482.000         1.3610
       403 412             542.000         1.0150
       401 410             341.000         1.0957
       401 404             345.300         1.5388
       401 402             345.300         1.5181
       404 405             482.000         1.3572
       404 411             705.000         1.2314
       402 409             395.500         1.0914
       402 407             235.800         1.8318
       407 408             235.800         1.6971
       408 416             450.000         1.1861
       406 413             705.000         1.2330
       406 414             356.400         1.1017
       405 415             542.000         1.0125

 Additional Angle Bending Parameters :

     Atom Classes             K(B)          Angle

     403 406 413            60.000        124.094
     401 403 412            35.000        118.942
     406 403 412            35.000        118.838
     401 404 405            70.000        113.359
     401 404 411            80.000        121.700
     401 402 407            53.200        108.210
     401 403 406            50.000        121.364
     404 401 410            38.000        109.343
     402 401 410            38.000        110.332
     403 401 410            50.600        106.311
     402 401 404            60.000        109.451
     403 401 404            80.000        110.698
     402 401 403            80.000        110.661
     402 407 408            60.430         97.779
     407 408 416            60.000        178.379
     409 402 409            39.570        108.414
     401 402 409            42.440        109.507
     407 402 409            60.240        109.536
     405 404 411            60.000        124.942
     413 406 414            68.340        122.634
     403 406 414            31.650        113.263
     415 405 415            22.300        119.362
     404 405 415            35.000        117.511

 Additional Stretch-Bend Parameters :

     Atom Classes          K(SB)-1        K(SB)-2

     401 403 412             4.300          7.200
     406 403 412             4.300          7.200
     401 404 405            18.700         18.700
     401 402 407            18.700         18.700
     401 403 406             7.200          7.200
     404 401 410            11.500         18.700
     402 401 410            11.500         18.700
     403 401 410            11.500         11.500
     402 401 404            18.700         18.700
     403 401 404            18.700         18.700
     402 401 403            18.700         18.700
     402 407 408            -5.750         -5.750
     401 402 409            11.500         11.500
     407 402 409            11.500         11.500
     403 406 414            11.500         11.500
     404 405 415             4.300          7.200
     415 405 415             4.300          7.200
     401 404 411            18.700         18.700
     413 406 414            11.500         11.500

 Additional Out-of-Plane Bend Parameters :

     Atom Classes                   K(OPB)

     401 403   0   0                14.400
     401 404   0   0                14.400
     403 406   0   0               107.910
     404 405   0   0                71.940
     405 404   0   0               107.910
     406 403   0   0                71.940
     411 404   0   0               122.298
     412 403   0   0                 5.755
     413 406   0   0               122.298
     414 406   0   0               140.283
     415 405   0   0                 5.755

 Additional Torsional Parameters :

     Atom Classes     1-Fold    2-Fold    3-Fold    4-Fold    5-Fold    6-Fold

   403 401 404 405   0.00   0  0.00 180  0.00   0  0.00   0  0.00   0  0.00   0
   403 401 404 411   0.00   0  0.00 180  0.00   0  0.00   0  0.00   0  0.00   0
   403 401 402 409   0.00   0  0.00 180  0.00   0  0.00   0  0.00   0  0.00   0
   403 401 402 407   0.00   0  0.00 180  0.00   0  0.00   0  0.00   0  0.00   0
   410 401 403 412   0.00   0  0.00 180  0.00   0  0.00   0  0.00   0  0.00   0
   404 401 403 412   0.00   0  0.00 180  0.00   0  0.00   0  0.00   0  0.00   0
   402 401 403 412   0.00   0  0.00 180  0.00   0  0.00   0  0.00   0  0.00   0
   412 403 406 413   0.00   0  0.00 180  0.00   0  0.00   0  0.00   0  0.00   0
   412 403 406 414   0.00   0  0.00 180  0.00   0  0.00   0  0.00   0  0.00   0
   401 404 405 415   0.00   0  1.20 180  0.80   0  0.00   0  0.00   0  0.00   0
   401 402 407 408   0.00   0  0.00 180  0.00   0  0.00   0  0.00   0  0.00   0
   401 403 406 413   0.00   0  0.00 180  0.00   0  0.00   0  0.00   0  0.00   0
   401 403 406 414   0.00   0  0.00 180  0.00   0  0.00   0  0.00   0  0.00   0
   410 401 404 405   0.00   0  0.00 180  0.00   0  0.00   0  0.00   0  0.00   0
   410 401 404 411   0.00   0  0.00 180  0.00   0  0.00   0  0.00   0  0.00   0
   410 401 402 409   0.00   0  0.00 180  0.00   0  0.00   0  0.00   0  0.00   0
   410 401 402 407   0.00   0  0.00 180  0.00   0  0.00   0  0.00   0  0.00   0
   410 401 403 406   0.00   0  0.00 180  0.00   0  0.00   0  0.00   0  0.00   0
   404 401 402 409   0.00   0  0.00 180  0.00   0  0.00   0  0.00   0  0.00   0
   404 401 402 407   0.00   0  0.00 180  0.00   0  0.00   0  0.00   0  0.00   0
   404 401 403 406   0.00   0  0.00 180  0.00   0  0.00   0  0.00   0  0.00   0
   411 404 405 415   0.00   0  0.00 180  0.00   0  0.00   0  0.00   0  0.00   0
   402 401 404 411   0.00   0  0.00 180  0.00   0  0.00   0  0.00   0  0.00   0
   402 401 404 405   0.00   0  0.00 180  0.00   0  0.00   0  0.00   0  0.00   0
   402 401 403 406   0.00   0  0.00 180  0.00   0  0.00   0  0.00   0  0.00   0
   402 407 408 416   0.00   0  0.00 180  0.50   0  0.00   0  0.00   0  0.00   0
   409 402 407 408   0.00   0  0.00 180  0.00   0  0.00   0  0.00   0  0.00   0

 Additional Pi-Orbital Torsion Parameters :

     Atom Classes       2-Fold

       404 405           6.850
       403 406           6.850

 Additional van der Waals Parameters :

     Atom Class               Size        Epsilon        Reduction

         403                3.7100         0.1100          0.000
         412                2.5900         0.0220          0.900
         401                3.6500         0.1010          0.000
         410                2.8800         0.0240          0.910
         404                3.8200         0.1060          0.000
         411                3.3000         0.1120          0.000
         402                3.7800         0.1060          0.000
         407                4.0050         0.3550          0.000
         408                3.7800         0.1060          0.000
         416                3.7100         0.1050          0.000
         409                2.8700         0.0330          0.900
         406                3.8200         0.1060          0.000
         413                3.3000         0.1120          0.000
         405                3.7100         0.1100          0.000
         414                2.9200         0.0300          0.920
         415                2.5900         0.0220          0.900

 Additional Atomic Multipole Parameters :

     Atom Type     Coordinate Frame Definition         Multipole Moments

         401      403    404      0   Z-then-X    -0.27040
                                                  -0.22190  0.00000  0.26102
                                                  -0.17903
                                                   0.00000 -0.24517
                                                   0.13675  0.00000  0.42420

         402      407    401      0   Z-then-X    -0.16380
                                                   0.27778  0.00000 -0.20334
                                                   0.30211
                                                   0.00000 -0.49081
                                                  -0.33263  0.00000  0.18870

         403      406    401      0   Z-then-X    -0.06286
                                                   0.37348  0.00000 -0.12295
                                                   0.79149
                                                   0.00000 -1.08676
                                                  -0.63736  0.00000  0.29527

         404      411    405      0   Z-then-X     0.97419
                                                  -0.10999  0.00000  0.25580
                                                   0.38321
                                                   0.00000 -0.33696
                                                  -0.17133  0.00000 -0.04625

         405      404    415      0   Z-then-X    -0.32376
                                                   0.05823  0.00000 -0.07138
                                                   0.32176
                                                   0.00000 -0.38869
                                                  -0.03945  0.00000  0.06693

         406      413    403      0   Z-then-X     0.63075
                                                   0.40149  0.00000  0.25741
                                                  -0.01797
                                                   0.00000  0.01503
                                                   0.00873  0.00000  0.00294

         407      408    402      0   Z-then-X     0.34019
                                                   0.47821  0.00000  0.49978
                                                   1.11919
                                                   0.00000 -2.31639
                                                  -0.50667  0.00000  1.19720

         408      407    416      0   Z-then-X     0.21608
                                                   0.00820  0.00000 -0.28509
                                                   0.05369
                                                   0.00000  0.10740
                                                   0.05156  0.00000 -0.16109

         409      402    407      0   Z-then-X     0.09933
                                                   0.00064  0.00000 -0.16410
                                                   0.07960
                                                   0.00000  0.07569
                                                  -0.01944  0.00000 -0.15529

         410      401    403      0   Z-then-X     0.10718
                                                  -0.02083  0.00000 -0.03604
                                                  -0.03187
                                                   0.00000  0.01466
                                                  -0.01392  0.00000  0.01721

         411      404    405      0   Z-then-X    -0.77613
                                                   0.13027  0.00000 -0.18830
                                                  -0.53109
                                                   0.00000  0.25725
                                                   0.21601  0.00000  0.27384

         412      403    401      0   Z-then-X     0.11911
                                                   0.01244  0.00000 -0.25689
                                                   0.04573
                                                   0.00000  0.01640
                                                  -0.00301  0.00000 -0.06213

         413      406    403      0   Z-then-X    -0.66614
                                                  -0.21394  0.00000 -0.03273
                                                  -0.49754
                                                   0.00000  0.12402
                                                  -0.24547  0.00000  0.37352

         414      406    413      0   Z-then-X    -0.02624
                                                   0.07068  0.00000 -0.22870
                                                   0.12255
                                                   0.00000  0.03666
                                                   0.03118  0.00000 -0.15921

         415      405    404      0   Z-then-X     0.13248
                                                   0.00045  0.00000 -0.38308
                                                   0.28470
                                                   0.00000  0.12111
                                                   0.01221  0.00000 -0.40581

         416      408    407      0   Z-then-X    -0.56179
                                                   0.01684  0.00000 -0.29231
                                                   0.37390
                                                   0.00000  0.24558
                                                   0.00671  0.00000 -0.61948

 Additional Atomic Dipole Polarizability Parameters :

     Atom Type           Alpha       Thole     Group Atom Types

         403             1.073       0.390         412  401  406
         412             0.496       0.390         403
         401             1.334       0.390         403  410  404  402
         410             0.496       0.390         401
         404             1.334       0.390         401  411  405
         411             0.837       0.390         404
         402             1.334       0.390         401  407  409
         407             3.300       0.390         402  408
         408             1.334       0.390         407  416
         416             1.073       0.390         408
         409             0.496       0.390         402
         406             1.334       0.390         403  413  414
         413             0.837       0.390         406
         405             1.073       0.390         404  415
         414             0.494       0.390         406
         415             0.496       0.390         405

 Limited Memory BFGS Quasi-Newton Optimization :

 QN Iter     F Value      G RMS      F Move   X Move   Angle  FG Call  Comment

     0      -31.7186    13.4772                                   1
     1      -31.9406     9.4285      0.2220   0.0019    0.00      3    Success 
     2      -32.0501     6.7819      0.1095   0.0010   34.06      4    Success 
     3      -32.1820     4.6154      0.1319   0.0022   34.94      5    Success 
     4      -32.2179     7.3988      0.0359   0.0020   43.35      6    Success 
     5      -32.2518     2.7906      0.0339   0.0004   25.73      7    Success 
     6      -32.2685     2.8100      0.0167   0.0005   28.24      8    Success 
     7      -32.2894     3.7357      0.0209   0.0009   53.85      9    Success 
     8      -32.3234     4.1944      0.0340   0.0015   65.30     10    Success 
     9      -32.3759     3.9722      0.0524   0.0028   71.13     11    Success 
    10      -32.4370     4.5372      0.0612   0.0047   71.86     12    Success 
    11      -32.4869     2.8171      0.0499   0.0040   76.23     13    Success 
    12      -32.5242     3.1484      0.0373   0.0027   68.01     14    Success 
    13      -32.5583     2.9963      0.0341   0.0029   70.48     15    Success 
    14      -32.5728     4.1210      0.0145   0.0027   71.10     16    Success 
    15      -32.5898     1.5685      0.0170   0.0004   38.82     17    Success 
    16      -32.5985     1.3873      0.0087   0.0006   44.19     18    Success 
    17      -32.6045     1.7814      0.0061   0.0008   68.17     19    Success 
    18      -32.6147     1.8461      0.0102   0.0013   72.65     20    Success 
    19      -32.6304     2.0147      0.0157   0.0021   72.64     21    Success 
    20      -32.6470     1.6806      0.0166   0.0037   76.42     22    Success 
    21      -32.6554     0.7840      0.0084   0.0017   74.44     23    Success 
    22      -32.6591     0.8340      0.0036   0.0006   54.59     24    Success 
    23      -32.6636     0.9913      0.0046   0.0010   60.72     25    Success 
    24      -32.6656     1.3469      0.0020   0.0006   69.43     27    Success 
    25      -32.6684     0.8479      0.0028   0.0006   76.10     28    Success 
    26      -32.6719     0.8433      0.0035   0.0012   71.72     29    Success 
    27      -32.6740     0.9361      0.0021   0.0008   74.40     30    Success 
    28      -32.6765     1.3619      0.0025   0.0012   78.10     31    Success 
    29      -32.6796     0.7366      0.0030   0.0009   78.29     32    Success 
    30      -32.6816     0.5261      0.0021   0.0006   66.24     33    Success 
    31      -32.6832     0.6340      0.0015   0.0005   62.19     34    Success 
    32      -32.6855     0.7036      0.0023   0.0008   70.52     35    Success 
    33      -32.6883     0.9595      0.0028   0.0014   74.72     36    Success 
    34      -32.6910     1.0174      0.0026   0.0018   79.53     37    Success 
    35      -32.6927     0.7110      0.0017   0.0007   74.50     38    Success 
    36      -32.6937     0.5380      0.0010   0.0002   58.31     39    Success 
    37      -32.6953     0.4667      0.0016   0.0004   60.01     40    Success 
    38      -32.6979     0.4973      0.0026   0.0010   67.27     41    Success 
    39      -32.7002     1.2798      0.0023   0.0021   74.17     42    Success 
    40      -32.7029     0.6112      0.0027   0.0016   82.57     43    Success 
    41      -32.7043     0.4132      0.0014   0.0007   75.11     44    Success 
    42      -32.7057     0.4123      0.0014   0.0009   70.10     45    Success 
    43      -32.7065     0.4809      0.0008   0.0007   74.03     46    Success 
    44      -32.7073     0.3718      0.0008   0.0004   73.20     47    Success 
    45      -32.7083     0.2987      0.0011   0.0007   68.65     48    Success 
    46      -32.7091     0.5207      0.0008   0.0008   68.84     49    Success 
    47      -32.7097     0.4325      0.0006   0.0005   77.84     50    Success 
    48      -32.7106     0.3194      0.0009   0.0007   75.72     51    Success 
    49      -32.7113     0.3233      0.0007   0.0006   73.04     52    Success 
    50      -32.7116     0.4961      0.0003   0.0003   73.04     54    Success 
    51      -32.7120     0.2398      0.0004   0.0004   79.24     55    Success 
    52      -32.7122     0.1655      0.0002   0.0002   68.75     56    Success 
    53      -32.7124     0.1994      0.0002   0.0002   65.87     57    Success 
    54      -32.7126     0.2782      0.0002   0.0003   70.47     58    Success 
    55      -32.7129     0.2028      0.0003   0.0003   76.16     59    Success 
    56      -32.7132     0.2519      0.0003   0.0004   72.02     60    Success 
    57      -32.7132     0.4742      0.0001   0.0004   75.62     61    Success 
    58      -32.7133     0.3061      0.0001   0.0001   74.80     62    Success 
    59      -32.7135     0.1072      0.0001   0.0001   69.38     63    Success 
    60      -32.7135     0.1211      0.0000   0.0001   64.54     64    Success 
    61      -32.7136     0.1281      0.0001   0.0001   70.38     65    Success 
    62      -32.7137     0.2388      0.0001   0.0002   71.18     66    Success 
    63      -32.7137     0.1053      0.0001   0.0002   81.42     67    Success 
    64      -32.7138     0.0723      0.0000   0.0001   71.13     68    Success 
    65      -32.7139     0.0968      0.0001   0.0001   59.21     69    Success 
    66      -32.7139     0.0975      0.0000   0.0001   71.00     70    Success 
    67      -32.7139     0.1695      0.0000   0.0002   75.81     71    Success 
    68      -32.7139     0.1389      0.0000   0.0000   72.06     72    Success 
    69      -32.7140     0.0872      0.0000   0.0000   67.28     73    Success 
    70      -32.7140     0.0620      0.0000   0.0001   59.64     74    Success 
    71      -32.7140     0.0738      0.0000   0.0000   67.74     75    Success 
    72      -32.7140     0.0775      0.0000   0.0001   75.00     76    Success 
    73      -32.7140     0.1491      0.0000   0.0001   77.35     77    Success 
    74      -32.7141     0.0818      0.0000   0.0000   79.29     78    Success 
    75      -32.7141     0.0335      0.0000   0.0000   76.71     79    Success 
    76      -32.7141     0.0385      0.0000   0.0000   65.78     80    Success 
    77      -32.7141     0.0433      0.0000   0.0000   64.84     81    Success 
    78      -32.7141     0.0446      0.0000   0.0000   66.80     82    Success 
    79      -32.7141     0.1311      0.0000   0.0001   72.25     83    Success 
    80      -32.7141     0.1098      0.0000   0.0000   73.41     84    Success 
    81      -32.7141     0.0677      0.0000   0.0000   71.94     85    Success 
    82      -32.7141     0.0183      0.0000   0.0000   72.65     86    Success 
    83      -32.7141     0.0189      0.0000   0.0000   58.28     87    Success 
    84      -32.7141     0.0215      0.0000   0.0000   57.59     88    Success 
    85      -32.7141     0.0229      0.0000   0.0000   61.84     89    Success 
    86      -32.7141     0.0238      0.0000   0.0000   69.99     90    Success 
    87      -32.7141     0.0421      0.0000   0.0000   75.08     91    Success 
    88      -32.7141     0.0264      0.0000   0.0000   68.36     92    Success 
    89      -32.7141     0.0110      0.0000   0.0000   59.96     93    Success 
    90      -32.7141     0.0137      0.0000   0.0000   55.20     94    Success 
    91      -32.7141     0.0153      0.0000   0.0000   66.45     95    Success 
    92      -32.7141     0.0175      0.0000   0.0000   69.57     96    Success 
    93      -32.7141     0.0264      0.0000   0.0000   75.12     97    Success 
    94      -32.7141     0.0088      0.0000   0.0000   68.92     98    Success 
    95      -32.7141     0.0085      0.0000   0.0000   46.04     99    Success 
    96      -32.7141     0.0102      0.0000   0.0000   56.12    100    Success 
    97      -32.7141     0.0155      0.0000   0.0000   68.62    101    Success 
    98      -32.7141     0.0092      0.0000   0.0000   74.80    102    Success 
    99      -32.7141     0.0065      0.0000   0.0000   66.63    103    Success 
   100      -32.7141     0.0065      0.0000   0.0000   64.04    104    Success 
   101      -32.7141     0.0078      0.0000   0.0000   67.31    105    Success 
   102      -32.7141     0.0049      0.0000   0.0000   70.93    106    Success 
   103      -32.7141     0.0047      0.0000   0.0000   63.05    107    Success 
   104      -32.7141     0.0089      0.0000   0.0000   67.46    108    Success 
   105      -32.7141     0.0070      0.0000   0.0000   79.18    109    Success 
   106      -32.7141     0.0060      0.0000   0.0000   76.92    110    Success 
   107      -32.7141     0.0064      0.0000   0.0000   77.57    112    Success 
   108      -32.7141     0.0042      0.0000   0.0000   79.16    113    Success 
   109      -32.7141     0.0044      0.0000   0.0000   73.73    114    Success 
   110      -32.7141     0.0048      0.0000   0.0000   73.40    115    Success 
   111      -32.7141     0.0047      0.0000   0.0000   75.98    116    Success 
   112      -32.7141     0.0048      0.0000   0.0000   76.68    118    Success 
   113      -32.7141     0.0037      0.0000   0.0000   77.78    119    Success 
   114      -32.7141     0.0018      0.0000   0.0000   71.78    120    Success 
   115      -32.7141     0.0019      0.0000   0.0000   61.91    121    Success 
   116      -32.7141     0.0025      0.0000   0.0000   66.44    122    Success 
   117      -32.7141     0.0036      0.0000   0.0000   73.06    123    Success 
   118      -32.7141     0.0020      0.0000   0.0000   74.79    124    Success 
   119      -32.7141     0.0016      0.0000   0.0000   60.80    125    Success 
   120      -32.7141     0.0018      0.0000   0.0000   63.02    126    Success 
   121      -32.7141     0.0021      0.0000   0.0000   70.30    127    Success 
   122      -32.7141     0.0015      0.0000   0.0000   75.43    128    Success 
   123      -32.7141     0.0021      0.0000   0.0000   71.97    129    Success 
   124      -32.7141     0.0013      0.0000   0.0000   66.54    130    Success 
   125      -32.7141     0.0011      0.0000   0.0000   60.11    131    Success 
   126      -32.7141     0.0016      0.0000   0.0000   66.03    132    Success 
   127      -32.7141     0.0010      0.0000   0.0000   74.73    133    Success 
   128      -32.7141     0.0011      0.0000   0.0000   74.06    134    Success 
   129      -32.7141     0.0013      0.0000   0.0000   75.71    135    Success 
   130      -32.7141     0.0011      0.0000   0.0000   79.22    136    Success 
   131      -32.7141     0.0011      0.0000   0.0000   76.06    137    Success 
   132      -32.7141     0.0011      0.0000   0.0000   74.08    138    Success 
   133      -32.7141     0.0011      0.0000   0.0000   73.63    139    Success 
   134      -32.7141     0.0010      0.0000   0.0000   75.19    141   SmallGrad

 LBFGS  --  Normal Termination due to SmallGrad

 Final Function Value :          -32.7141
 Final RMS Gradient :              0.0010
 Final Gradient Norm :             0.0042
