
     ######################################################################
   ##########################################################################
  ###                                                                      ###
 ###            Tinker  ---  Software Tools for Molecular Design            ###
 ##                                                                          ##
 ##                          Version 8.7  June 2019                          ##
 ##                                                                          ##
 ##               Copyright (c)  Jay William Ponder  1990-2019               ##
 ###                           All Rights Reserved                          ###
  ###                                                                      ###
   ##########################################################################
     ######################################################################


 Additional Atom Definition Parameters :

     Type  Class  Symbol  Description               Atomic    Mass   Valence

     403    403     N     ModifiedRes                  7     14.007     3
     412    412     H     ModifiedRes                  1      1.008     1
     401    401     C     ModifiedRes                  6     12.011     4
     410    410     H     ModifiedRes                  1      1.008     1
     404    404     C     ModifiedRes                  6     12.011     3
     411    411     O     ModifiedRes                  8     15.999     1
     402    402     C     ModifiedRes                  6     12.011     4
     407    407     S     ModifiedRes                 16     32.066     2
     408    408     C     ModifiedRes                  6     12.011     2
     416    416     N     ModifiedRes                  7     14.007     1
     409    409     H     ModifiedRes                  1      1.008     1
     406    406     C     ModifiedRes                  6     12.011     3
     413    413     O     ModifiedRes                  8     15.999     1
     405    405     N     ModifiedRes                  7     14.007     3
     414    414     H     ModifiedRes                  1      1.008     1
     415    415     H     ModifiedRes                  1      1.008     1

 Additional Bond Stretching Parameters :

     Atom Classes             K(S)         Length

       401 403             374.800         1.4589
       403 406             482.000         1.3610
       403 412             542.000         1.0150
       401 410             341.000         1.0957
       401 404             345.300         1.5388
       401 402             345.300         1.5181
       404 405             482.000         1.3572
       404 411             705.000         1.2314
       402 409             395.500         1.0914
       402 407             235.800         1.8318
       407 408             235.800         1.6971
       408 416             450.000         1.1861
       406 413             705.000         1.2330
       406 414             356.400         1.1017
       405 415             542.000         1.0125

 Additional Angle Bending Parameters :

     Atom Classes             K(B)          Angle

     403 406 413            60.000        124.094
     401 403 412            35.000        118.942
     406 403 412            35.000        118.838
     401 404 405            70.000        113.359
     401 404 411            80.000        121.700
     401 402 407            53.200        108.210
     401 403 406            50.000        121.364
     404 401 410            38.000        109.343
     402 401 410            38.000        110.332
     403 401 410            50.600        106.311
     402 401 404            60.000        109.451
     403 401 404            80.000        110.698
     402 401 403            80.000        110.661
     402 407 408            60.430         97.779
     407 408 416            60.000        178.379
     409 402 409            39.570        108.414
     401 402 409            42.440        109.507
     407 402 409            60.240        109.536
     405 404 411            60.000        124.942
     413 406 414            68.340        122.634
     403 406 414            31.650        113.263
     415 405 415            22.300        119.362
     404 405 415            35.000        117.511

 Additional Stretch-Bend Parameters :

     Atom Classes          K(SB)-1        K(SB)-2

     401 403 412             4.300          7.200
     406 403 412             4.300          7.200
     401 404 405            18.700         18.700
     401 402 407            18.700         18.700
     401 403 406             7.200          7.200
     404 401 410            11.500         18.700
     402 401 410            11.500         18.700
     403 401 410            11.500         11.500
     402 401 404            18.700         18.700
     403 401 404            18.700         18.700
     402 401 403            18.700         18.700
     402 407 408            -5.750         -5.750
     401 402 409            11.500         11.500
     407 402 409            11.500         11.500
     403 406 414            11.500         11.500
     404 405 415             4.300          7.200
     415 405 415             4.300          7.200
     401 404 411            18.700         18.700
     413 406 414            11.500         11.500

 Additional Out-of-Plane Bend Parameters :

     Atom Classes                   K(OPB)

     401 403   0   0                14.400
     401 404   0   0                14.400
     403 406   0   0               107.910
     404 405   0   0                71.940
     405 404   0   0               107.910
     406 403   0   0                71.940
     411 404   0   0               122.298
     412 403   0   0                 5.755
     413 406   0   0               122.298
     414 406   0   0               140.283
     415 405   0   0                 5.755

 Additional Torsional Parameters :

     Atom Classes     1-Fold    2-Fold    3-Fold    4-Fold    5-Fold    6-Fold

   403 401 404 405   0.00   0  0.00 180  0.00   0  0.00   0  0.00   0  0.00   0
   403 401 404 411   0.00   0  0.00 180  0.00   0  0.00   0  0.00   0  0.00   0
   403 401 402 409   0.00   0  0.00 180  0.00   0  0.00   0  0.00   0  0.00   0
   403 401 402 407   0.00   0  0.00 180  0.00   0  0.00   0  0.00   0  0.00   0
   410 401 403 412   0.00   0  0.00 180  0.00   0  0.00   0  0.00   0  0.00   0
   404 401 403 412   0.00   0  0.00 180  0.00   0  0.00   0  0.00   0  0.00   0
   402 401 403 412   0.00   0  0.00 180  0.00   0  0.00   0  0.00   0  0.00   0
   412 403 406 413   0.00   0  0.00 180  0.00   0  0.00   0  0.00   0  0.00   0
   412 403 406 414   0.00   0  0.00 180  0.00   0  0.00   0  0.00   0  0.00   0
   401 404 405 415   0.00   0  1.20 180  0.80   0  0.00   0  0.00   0  0.00   0
   401 402 407 408   0.00   0  0.00 180  0.00   0  0.00   0  0.00   0  0.00   0
   401 403 406 413   0.00   0  0.00 180  0.00   0  0.00   0  0.00   0  0.00   0
   401 403 406 414   0.00   0  0.00 180  0.00   0  0.00   0  0.00   0  0.00   0
   410 401 404 405   0.00   0  0.00 180  0.00   0  0.00   0  0.00   0  0.00   0
   410 401 404 411   0.00   0  0.00 180  0.00   0  0.00   0  0.00   0  0.00   0
   410 401 402 409   0.00   0  0.00 180  0.00   0  0.00   0  0.00   0  0.00   0
   410 401 402 407   0.00   0  0.00 180  0.00   0  0.00   0  0.00   0  0.00   0
   410 401 403 406   0.00   0  0.00 180  0.00   0  0.00   0  0.00   0  0.00   0
   404 401 402 409   0.00   0  0.00 180  0.00   0  0.00   0  0.00   0  0.00   0
   404 401 402 407   0.00   0  0.00 180  0.00   0  0.00   0  0.00   0  0.00   0
   404 401 403 406   0.00   0  0.00 180  0.00   0  0.00   0  0.00   0  0.00   0
   411 404 405 415   0.00   0  0.00 180  0.00   0  0.00   0  0.00   0  0.00   0
   402 401 404 411   0.00   0  0.00 180  0.00   0  0.00   0  0.00   0  0.00   0
   402 401 404 405   0.00   0  0.00 180  0.00   0  0.00   0  0.00   0  0.00   0
   402 401 403 406   0.00   0  0.00 180  0.00   0  0.00   0  0.00   0  0.00   0
   402 407 408 416   0.00   0  0.00 180  0.50   0  0.00   0  0.00   0  0.00   0
   409 402 407 408   0.00   0  0.00 180  0.00   0  0.00   0  0.00   0  0.00   0

 Additional Pi-Orbital Torsion Parameters :

     Atom Classes       2-Fold

       404 405           6.850
       403 406           6.850

 Additional van der Waals Parameters :

     Atom Class               Size        Epsilon        Reduction

         403                3.7100         0.1100          0.000
         412                2.5900         0.0220          0.900
         401                3.6500         0.1010          0.000
         410                2.8800         0.0240          0.910
         404                3.8200         0.1060          0.000
         411                3.3000         0.1120          0.000
         402                3.7800         0.1060          0.000
         407                4.0050         0.3550          0.000
         408                3.7800         0.1060          0.000
         416                3.7100         0.1050          0.000
         409                2.8700         0.0330          0.900
         406                3.8200         0.1060          0.000
         413                3.3000         0.1120          0.000
         405                3.7100         0.1100          0.000
         414                2.9200         0.0300          0.920
         415                2.5900         0.0220          0.900

 Additional Atomic Multipole Parameters :

     Atom Type     Coordinate Frame Definition         Multipole Moments

         401      403    404      0   Z-then-X    -0.27040
                                                  -0.22190  0.00000  0.26102
                                                  -0.17903
                                                   0.00000 -0.24517
                                                   0.13675  0.00000  0.42420

         402      407    401      0   Z-then-X    -0.16380
                                                   0.27778  0.00000 -0.20334
                                                   0.30211
                                                   0.00000 -0.49081
                                                  -0.33263  0.00000  0.18870

         403      406    401      0   Z-then-X    -0.06286
                                                   0.37348  0.00000 -0.12295
                                                   0.79149
                                                   0.00000 -1.08676
                                                  -0.63736  0.00000  0.29527

         404      411    405      0   Z-then-X     0.97419
                                                  -0.10999  0.00000  0.25580
                                                   0.38321
                                                   0.00000 -0.33696
                                                  -0.17133  0.00000 -0.04625

         405      404    415      0   Z-then-X    -0.32376
                                                   0.05823  0.00000 -0.07138
                                                   0.32176
                                                   0.00000 -0.38869
                                                  -0.03945  0.00000  0.06693

         406      413    403      0   Z-then-X     0.63075
                                                   0.40149  0.00000  0.25741
                                                  -0.01797
                                                   0.00000  0.01503
                                                   0.00873  0.00000  0.00294

         407      408    402      0   Z-then-X     0.34019
                                                   0.47821  0.00000  0.49978
                                                   1.11919
                                                   0.00000 -2.31639
                                                  -0.50667  0.00000  1.19720

         408      407    416      0   Z-then-X     0.21608
                                                   0.00820  0.00000 -0.28509
                                                   0.05369
                                                   0.00000  0.10740
                                                   0.05156  0.00000 -0.16109

         409      402    407      0   Z-then-X     0.09933
                                                   0.00064  0.00000 -0.16410
                                                   0.07960
                                                   0.00000  0.07569
                                                  -0.01944  0.00000 -0.15529

         410      401    403      0   Z-then-X     0.10718
                                                  -0.02083  0.00000 -0.03604
                                                  -0.03187
                                                   0.00000  0.01466
                                                  -0.01392  0.00000  0.01721

         411      404    405      0   Z-then-X    -0.77613
                                                   0.13027  0.00000 -0.18830
                                                  -0.53109
                                                   0.00000  0.25725
                                                   0.21601  0.00000  0.27384

         412      403    401      0   Z-then-X     0.11911
                                                   0.01244  0.00000 -0.25689
                                                   0.04573
                                                   0.00000  0.01640
                                                  -0.00301  0.00000 -0.06213

         413      406    403      0   Z-then-X    -0.66614
                                                  -0.21394  0.00000 -0.03273
                                                  -0.49754
                                                   0.00000  0.12402
                                                  -0.24547  0.00000  0.37352

         414      406    413      0   Z-then-X    -0.02624
                                                   0.07068  0.00000 -0.22870
                                                   0.12255
                                                   0.00000  0.03666
                                                   0.03118  0.00000 -0.15921

         415      405    404      0   Z-then-X     0.13248
                                                   0.00045  0.00000 -0.38308
                                                   0.28470
                                                   0.00000  0.12111
                                                   0.01221  0.00000 -0.40581

         416      408    407      0   Z-then-X    -0.56179
                                                   0.01684  0.00000 -0.29231
                                                   0.37390
                                                   0.00000  0.24558
                                                   0.00671  0.00000 -0.61948

 Additional Atomic Dipole Polarizability Parameters :

     Atom Type           Alpha       Thole     Group Atom Types

         403             1.073       0.390         412  401  406
         412             0.496       0.390         403
         401             1.334       0.390         403  410  404  402
         410             0.496       0.390         401
         404             1.334       0.390         401  411  405
         411             0.837       0.390         404
         402             1.334       0.390         401  407  409
         407             3.300       0.390         402  408
         408             1.334       0.390         407  416
         416             1.073       0.390         408
         409             0.496       0.390         402
         406             1.334       0.390         403  413  414
         413             0.837       0.390         406
         405             1.073       0.390         404  415
         414             0.494       0.390         406
         415             0.496       0.390         405

 Limited Memory BFGS Quasi-Newton Optimization :

 QN Iter     F Value      G RMS      F Move   X Move   Angle  FG Call  Comment

     0      -24.8515     5.8076                                   1
     1      -24.8868     4.6451      0.0352   0.0007    0.00      3    Success 
     2      -24.9036     2.7681      0.0168   0.0004   38.50      4    Success 
     3      -24.9151     2.6761      0.0116   0.0004   40.88      5    Success 
     4      -24.9344     2.6645      0.0193   0.0007   46.53      6    Success 
     5      -24.9636     2.8605      0.0292   0.0014   54.33      7    Success 
     6      -24.9846     4.5394      0.0210   0.0025   63.54      8    Success 
     7      -25.0074     2.0717      0.0228   0.0009   62.70      9    Success 
     8      -25.0221     2.2287      0.0147   0.0008   52.36     10    Success 
     9      -25.0446     2.9543      0.0225   0.0017   63.65     11    Success 
    10      -25.0787     3.4019      0.0341   0.0030   73.78     12    Success 
    11      -25.1281     3.4589      0.0494   0.0048   76.65     13    Success 
    12      -25.1546     5.0506      0.0265   0.0079   78.41     14    Success 
    13      -25.1917     1.9778      0.0371   0.0010   55.37     15    Success 
    14      -25.2124     1.9565      0.0206   0.0013   48.09     16    Success 
    15      -25.2307     2.4898      0.0183   0.0019   69.60     17    Success 
    16      -25.2597     2.7162      0.0291   0.0033   75.54     18    Success 
    17      -25.2899     3.5283      0.0301   0.0059   78.46     19    Success 
    18      -25.3171     1.6271      0.0273   0.0041   80.25     20    Success 
    19      -25.3310     1.6792      0.0139   0.0014   64.29     21    Success 
    20      -25.3506     1.9978      0.0195   0.0029   71.39     22    Success 
    21      -25.3708     2.4713      0.0202   0.0038   76.67     23    Success 
    22      -25.3923     1.4045      0.0215   0.0051   81.81     24    Success 
    23      -25.4089     2.0706      0.0166   0.0039   76.10     25    Success 
    24      -25.4143     4.3478      0.0055   0.0042   78.56     26    Success 
    25      -25.4232     2.6727      0.0089   0.0004   68.40     27    Success 
    26      -25.4345     1.5319      0.0113   0.0010   67.05     28    Success 
    27      -25.4394     1.5845      0.0049   0.0006   69.23     29    Success 
    28      -25.4466     1.2391      0.0073   0.0014   75.82     30    Success 
    29      -25.4550     1.1459      0.0083   0.0020   74.62     31    Success 
    30      -25.4614     1.9378      0.0064   0.0027   76.17     32    Success 
    31      -25.4689     1.6773      0.0074   0.0021   80.87     33    Success 
    32      -25.4756     1.3863      0.0068   0.0014   77.68     34    Success 
    33      -25.4839     1.0854      0.0083   0.0027   79.77     35    Success 
    34      -25.4895     1.3076      0.0056   0.0028   79.28     36    Success 
    35      -25.4935     0.8160      0.0040   0.0014   77.90     37    Success 
    36      -25.4961     0.6354      0.0026   0.0006   66.51     38    Success 
    37      -25.4992     0.9008      0.0031   0.0011   66.73     39    Success 
    38      -25.5015     0.7041      0.0023   0.0011   73.46     40    Success 
    39      -25.5029     0.4465      0.0014   0.0005   73.76     41    Success 
    40      -25.5043     0.4534      0.0014   0.0007   63.35     42    Success 
    41      -25.5047     0.4753      0.0005   0.0003   66.61     44    Success 
    42      -25.5051     0.3573      0.0004   0.0003   78.77     45    Success 
    43      -25.5058     0.2384      0.0006   0.0004   69.99     46    Success 
    44      -25.5063     0.3469      0.0005   0.0005   62.95     47    Success 
    45      -25.5066     0.4432      0.0003   0.0004   71.66     48    Success 
    46      -25.5070     0.2459      0.0003   0.0002   71.95     49    Success 
    47      -25.5073     0.2274      0.0003   0.0003   65.74     50    Success 
    48      -25.5075     0.4097      0.0002   0.0002   70.78     51    Success 
    49      -25.5078     0.2904      0.0003   0.0002   78.30     52    Success 
    50      -25.5082     0.1625      0.0004   0.0004   75.56     53    Success 
    51      -25.5084     0.1840      0.0003   0.0004   68.71     54    Success 
    52      -25.5085     0.2509      0.0001   0.0004   76.64     55    Success 
    53      -25.5087     0.1744      0.0001   0.0001   71.87     56    Success 
    54      -25.5088     0.1526      0.0002   0.0002   67.64     57    Success 
    55      -25.5091     0.1980      0.0002   0.0003   69.41     58    Success 
    56      -25.5093     0.2934      0.0002   0.0005   75.54     59    Success 
    57      -25.5094     0.1513      0.0002   0.0002   78.36     60    Success 
    58      -25.5096     0.1245      0.0001   0.0003   73.42     61    Success 
    59      -25.5097     0.1527      0.0001   0.0002   72.83     62    Success 
    60      -25.5098     0.1421      0.0001   0.0003   74.64     63    Success 
    61      -25.5098     0.0925      0.0001   0.0001   64.83     64    Success 
    62      -25.5099     0.0854      0.0000   0.0001   59.50     65    Success 
    63      -25.5099     0.0713      0.0000   0.0001   69.84     66    Success 
    64      -25.5099     0.0736      0.0000   0.0001   68.71     67    Success 
    65      -25.5099     0.1079      0.0000   0.0001   74.47     68    Success 
    66      -25.5100     0.0624      0.0000   0.0000   60.15     69    Success 
    67      -25.5100     0.0559      0.0000   0.0001   59.31     70    Success 
    68      -25.5100     0.0699      0.0000   0.0001   69.39     71    Success 
    69      -25.5100     0.0915      0.0000   0.0001   74.98     72    Success 
    70      -25.5101     0.1294      0.0000   0.0002   78.51     73    Success 
    71      -25.5101     0.0833      0.0000   0.0002   82.69     74    Success 
    72      -25.5101     0.0735      0.0000   0.0001   77.83     75    Success 
    73      -25.5102     0.0796      0.0000   0.0001   72.56     76    Success 
    74      -25.5102     0.1323      0.0000   0.0002   76.03     77    Success 
    75      -25.5102     0.1318      0.0000   0.0002   81.94     78    Success 
    76      -25.5103     0.0550      0.0000   0.0000   72.19     79    Success 
    77      -25.5103     0.0480      0.0000   0.0000   62.81     80    Success 
    78      -25.5103     0.0527      0.0000   0.0000   70.66     81    Success 
    79      -25.5103     0.0578      0.0000   0.0001   73.31     82    Success 
    80      -25.5103     0.0746      0.0000   0.0001   72.52     83    Success 
    81      -25.5104     0.0493      0.0000   0.0002   80.24     84    Success 
    82      -25.5104     0.0871      0.0000   0.0002   78.94     85    Success 
    83      -25.5104     0.0321      0.0000   0.0000   71.16     86    Success 
    84      -25.5104     0.0291      0.0000   0.0000   61.32     87    Success 
    85      -25.5104     0.0349      0.0000   0.0000   58.99     88    Success 
    86      -25.5104     0.0778      0.0000   0.0001   69.97     89    Success 
    87      -25.5104     0.0667      0.0000   0.0000   65.54     90    Success 
    88      -25.5104     0.0480      0.0000   0.0000   73.56     91    Success 
    89      -25.5104     0.0191      0.0000   0.0000   75.37     92    Success 
    90      -25.5104     0.0241      0.0000   0.0000   70.42     93    Success 
    91      -25.5104     0.0294      0.0000   0.0000   76.72     94    Success 
    92      -25.5104     0.0267      0.0000   0.0000   75.09     95    Success 
    93      -25.5104     0.0487      0.0000   0.0000   78.10     97    Success 
    94      -25.5104     0.0340      0.0000   0.0000   81.05     98    Success 
    95      -25.5104     0.0102      0.0000   0.0000   78.81     99    Success 
    96      -25.5104     0.0112      0.0000   0.0000   60.10    100    Success 
    97      -25.5104     0.0125      0.0000   0.0000   58.91    101    Success 
    98      -25.5104     0.0277      0.0000   0.0000   63.56    102    Success 
    99      -25.5104     0.0137      0.0000   0.0000   79.63    103    Success 
   100      -25.5104     0.0110      0.0000   0.0000   74.81    104    Success 
   101      -25.5104     0.0162      0.0000   0.0000   72.42    105    Success 
   102      -25.5104     0.0197      0.0000   0.0000   78.62    106    Success 
   103      -25.5104     0.0388      0.0000   0.0000   80.04    107    Success 
   104      -25.5104     0.0254      0.0000   0.0000   68.43    108    Success 
   105      -25.5104     0.0078      0.0000   0.0000   67.39    109    Success 
   106      -25.5104     0.0092      0.0000   0.0000   66.23    110    Success 
   107      -25.5104     0.0104      0.0000   0.0000   71.19    111    Success 
   108      -25.5104     0.0102      0.0000   0.0000   74.53    112    Success 
   109      -25.5104     0.0112      0.0000   0.0000   75.69    114    Success 
   110      -25.5104     0.0072      0.0000   0.0000   79.85    115    Success 
   111      -25.5104     0.0037      0.0000   0.0000   75.79    116    Success 
   112      -25.5104     0.0037      0.0000   0.0000   62.58    117    Success 
   113      -25.5104     0.0045      0.0000   0.0000   61.35    118    Success 
   114      -25.5104     0.0075      0.0000   0.0000   67.77    119    Success 
   115      -25.5104     0.0057      0.0000   0.0000   73.19    120    Success 
   116      -25.5104     0.0044      0.0000   0.0000   68.97    121    Success 
   117      -25.5104     0.0043      0.0000   0.0000   71.34    122    Success 
   118      -25.5104     0.0036      0.0000   0.0000   74.26    123    Success 
   119      -25.5104     0.0026      0.0000   0.0000   71.27    124    Success 
   120      -25.5104     0.0059      0.0000   0.0000   70.24    125    Success 
   121      -25.5104     0.0051      0.0000   0.0000   71.78    126    Success 
   122      -25.5104     0.0028      0.0000   0.0000   75.50    127    Success 
   123      -25.5104     0.0018      0.0000   0.0000   57.61    128    Success 
   124      -25.5104     0.0024      0.0000   0.0000   63.80    129    Success 
   125      -25.5104     0.0027      0.0000   0.0000   72.56    130    Success 
   126      -25.5104     0.0052      0.0000   0.0000   71.38    131    Success 
   127      -25.5104     0.0023      0.0000   0.0000   82.71    132    Success 
   128      -25.5104     0.0014      0.0000   0.0000   71.89    133    Success 
   129      -25.5104     0.0014      0.0000   0.0000   55.84    134    Success 
   130      -25.5104     0.0014      0.0000   0.0000   61.98    135    Success 
   131      -25.5104     0.0023      0.0000   0.0000   70.18    136    Success 
   132      -25.5104     0.0015      0.0000   0.0000   71.91    137    Success 
   133      -25.5104     0.0008      0.0000   0.0000   65.81    138   SmallGrad

 LBFGS  --  Normal Termination due to SmallGrad

 Final Function Value :          -25.5104
 Final RMS Gradient :              0.0008
 Final Gradient Norm :             0.0033
