
     ######################################################################
   ##########################################################################
  ###                                                                      ###
 ###            Tinker  ---  Software Tools for Molecular Design            ###
 ##                                                                          ##
 ##                          Version 8.7  June 2019                          ##
 ##                                                                          ##
 ##               Copyright (c)  Jay William Ponder  1990-2019               ##
 ###                           All Rights Reserved                          ###
  ###                                                                      ###
   ##########################################################################
     ######################################################################


 Additional Atom Definition Parameters :

     Type  Class  Symbol  Description               Atomic    Mass   Valence

     403    403     N     ModifiedRes                  7     14.007     3
     412    412     H     ModifiedRes                  1      1.008     1
     401    401     C     ModifiedRes                  6     12.011     4
     410    410     H     ModifiedRes                  1      1.008     1
     404    404     C     ModifiedRes                  6     12.011     3
     411    411     O     ModifiedRes                  8     15.999     1
     402    402     C     ModifiedRes                  6     12.011     4
     407    407     S     ModifiedRes                 16     32.066     2
     408    408     C     ModifiedRes                  6     12.011     2
     416    416     N     ModifiedRes                  7     14.007     1
     409    409     H     ModifiedRes                  1      1.008     1
     406    406     C     ModifiedRes                  6     12.011     3
     413    413     O     ModifiedRes                  8     15.999     1
     405    405     N     ModifiedRes                  7     14.007     3
     414    414     H     ModifiedRes                  1      1.008     1
     415    415     H     ModifiedRes                  1      1.008     1

 Additional Bond Stretching Parameters :

     Atom Classes             K(S)         Length

       401 403             374.800         1.4589
       403 406             482.000         1.3610
       403 412             542.000         1.0150
       401 410             341.000         1.0957
       401 404             345.300         1.5388
       401 402             345.300         1.5181
       404 405             482.000         1.3572
       404 411             705.000         1.2314
       402 409             395.500         1.0914
       402 407             235.800         1.8318
       407 408             235.800         1.6971
       408 416             450.000         1.1861
       406 413             705.000         1.2330
       406 414             356.400         1.1017
       405 415             542.000         1.0125

 Additional Angle Bending Parameters :

     Atom Classes             K(B)          Angle

     403 406 413            60.000        124.094
     401 403 412            35.000        118.942
     406 403 412            35.000        118.838
     401 404 405            70.000        113.359
     401 404 411            80.000        121.700
     401 402 407            53.200        108.210
     401 403 406            50.000        121.364
     404 401 410            38.000        109.343
     402 401 410            38.000        110.332
     403 401 410            50.600        106.311
     402 401 404            60.000        109.451
     403 401 404            80.000        110.698
     402 401 403            80.000        110.661
     402 407 408            60.430         97.779
     407 408 416            60.000        178.379
     409 402 409            39.570        108.414
     401 402 409            42.440        109.507
     407 402 409            60.240        109.536
     405 404 411            60.000        124.942
     413 406 414            68.340        122.634
     403 406 414            31.650        113.263
     415 405 415            22.300        119.362
     404 405 415            35.000        117.511

 Additional Stretch-Bend Parameters :

     Atom Classes          K(SB)-1        K(SB)-2

     401 403 412             4.300          7.200
     406 403 412             4.300          7.200
     401 404 405            18.700         18.700
     401 402 407            18.700         18.700
     401 403 406             7.200          7.200
     404 401 410            11.500         18.700
     402 401 410            11.500         18.700
     403 401 410            11.500         11.500
     402 401 404            18.700         18.700
     403 401 404            18.700         18.700
     402 401 403            18.700         18.700
     402 407 408            -5.750         -5.750
     401 402 409            11.500         11.500
     407 402 409            11.500         11.500
     403 406 414            11.500         11.500
     404 405 415             4.300          7.200
     415 405 415             4.300          7.200
     401 404 411            18.700         18.700
     413 406 414            11.500         11.500

 Additional Out-of-Plane Bend Parameters :

     Atom Classes                   K(OPB)

     401 403   0   0                14.400
     401 404   0   0                14.400
     403 406   0   0               107.910
     404 405   0   0                71.940
     405 404   0   0               107.910
     406 403   0   0                71.940
     411 404   0   0               122.298
     412 403   0   0                 5.755
     413 406   0   0               122.298
     414 406   0   0               140.283
     415 405   0   0                 5.755

 Additional Torsional Parameters :

     Atom Classes     1-Fold    2-Fold    3-Fold    4-Fold    5-Fold    6-Fold

   403 401 404 405   0.00   0  0.00 180  0.00   0  0.00   0  0.00   0  0.00   0
   403 401 404 411   0.00   0  0.00 180  0.00   0  0.00   0  0.00   0  0.00   0
   403 401 402 409   0.00   0  0.00 180  0.00   0  0.00   0  0.00   0  0.00   0
   403 401 402 407   0.00   0  0.00 180  0.00   0  0.00   0  0.00   0  0.00   0
   410 401 403 412   0.00   0  0.00 180  0.00   0  0.00   0  0.00   0  0.00   0
   404 401 403 412   0.00   0  0.00 180  0.00   0  0.00   0  0.00   0  0.00   0
   402 401 403 412   0.00   0  0.00 180  0.00   0  0.00   0  0.00   0  0.00   0
   412 403 406 413   0.00   0  0.00 180  0.00   0  0.00   0  0.00   0  0.00   0
   412 403 406 414   0.00   0  0.00 180  0.00   0  0.00   0  0.00   0  0.00   0
   401 404 405 415   0.00   0  1.20 180  0.80   0  0.00   0  0.00   0  0.00   0
   401 402 407 408   0.00   0  0.00 180  0.00   0  0.00   0  0.00   0  0.00   0
   401 403 406 413   0.00   0  0.00 180  0.00   0  0.00   0  0.00   0  0.00   0
   401 403 406 414   0.00   0  0.00 180  0.00   0  0.00   0  0.00   0  0.00   0
   410 401 404 405   0.00   0  0.00 180  0.00   0  0.00   0  0.00   0  0.00   0
   410 401 404 411   0.00   0  0.00 180  0.00   0  0.00   0  0.00   0  0.00   0
   410 401 402 409   0.00   0  0.00 180  0.00   0  0.00   0  0.00   0  0.00   0
   410 401 402 407   0.00   0  0.00 180  0.00   0  0.00   0  0.00   0  0.00   0
   410 401 403 406   0.00   0  0.00 180  0.00   0  0.00   0  0.00   0  0.00   0
   404 401 402 409   0.00   0  0.00 180  0.00   0  0.00   0  0.00   0  0.00   0
   404 401 402 407   0.00   0  0.00 180  0.00   0  0.00   0  0.00   0  0.00   0
   404 401 403 406   0.00   0  0.00 180  0.00   0  0.00   0  0.00   0  0.00   0
   411 404 405 415   0.00   0  0.00 180  0.00   0  0.00   0  0.00   0  0.00   0
   402 401 404 411   0.00   0  0.00 180  0.00   0  0.00   0  0.00   0  0.00   0
   402 401 404 405   0.00   0  0.00 180  0.00   0  0.00   0  0.00   0  0.00   0
   402 401 403 406   0.00   0  0.00 180  0.00   0  0.00   0  0.00   0  0.00   0
   402 407 408 416   0.00   0  0.00 180  0.50   0  0.00   0  0.00   0  0.00   0
   409 402 407 408   0.00   0  0.00 180  0.00   0  0.00   0  0.00   0  0.00   0

 Additional Pi-Orbital Torsion Parameters :

     Atom Classes       2-Fold

       404 405           6.850
       403 406           6.850

 Additional van der Waals Parameters :

     Atom Class               Size        Epsilon        Reduction

         403                3.7100         0.1100          0.000
         412                2.5900         0.0220          0.900
         401                3.6500         0.1010          0.000
         410                2.8800         0.0240          0.910
         404                3.8200         0.1060          0.000
         411                3.3000         0.1120          0.000
         402                3.7800         0.1060          0.000
         407                4.0050         0.3550          0.000
         408                3.7800         0.1060          0.000
         416                3.7100         0.1050          0.000
         409                2.8700         0.0330          0.900
         406                3.8200         0.1060          0.000
         413                3.3000         0.1120          0.000
         405                3.7100         0.1100          0.000
         414                2.9200         0.0300          0.920
         415                2.5900         0.0220          0.900

 Additional Atomic Multipole Parameters :

     Atom Type     Coordinate Frame Definition         Multipole Moments

         401      403    404      0   Z-then-X    -0.27040
                                                  -0.22190  0.00000  0.26102
                                                  -0.17903
                                                   0.00000 -0.24517
                                                   0.13675  0.00000  0.42420

         402      407    401      0   Z-then-X    -0.16380
                                                   0.27778  0.00000 -0.20334
                                                   0.30211
                                                   0.00000 -0.49081
                                                  -0.33263  0.00000  0.18870

         403      406    401      0   Z-then-X    -0.06286
                                                   0.37348  0.00000 -0.12295
                                                   0.79149
                                                   0.00000 -1.08676
                                                  -0.63736  0.00000  0.29527

         404      411    405      0   Z-then-X     0.97419
                                                  -0.10999  0.00000  0.25580
                                                   0.38321
                                                   0.00000 -0.33696
                                                  -0.17133  0.00000 -0.04625

         405      404    415      0   Z-then-X    -0.32376
                                                   0.05823  0.00000 -0.07138
                                                   0.32176
                                                   0.00000 -0.38869
                                                  -0.03945  0.00000  0.06693

         406      413    403      0   Z-then-X     0.63075
                                                   0.40149  0.00000  0.25741
                                                  -0.01797
                                                   0.00000  0.01503
                                                   0.00873  0.00000  0.00294

         407      408    402      0   Z-then-X     0.34019
                                                   0.47821  0.00000  0.49978
                                                   1.11919
                                                   0.00000 -2.31639
                                                  -0.50667  0.00000  1.19720

         408      407    416      0   Z-then-X     0.21608
                                                   0.00820  0.00000 -0.28509
                                                   0.05369
                                                   0.00000  0.10740
                                                   0.05156  0.00000 -0.16109

         409      402    407      0   Z-then-X     0.09933
                                                   0.00064  0.00000 -0.16410
                                                   0.07960
                                                   0.00000  0.07569
                                                  -0.01944  0.00000 -0.15529

         410      401    403      0   Z-then-X     0.10718
                                                  -0.02083  0.00000 -0.03604
                                                  -0.03187
                                                   0.00000  0.01466
                                                  -0.01392  0.00000  0.01721

         411      404    405      0   Z-then-X    -0.77613
                                                   0.13027  0.00000 -0.18830
                                                  -0.53109
                                                   0.00000  0.25725
                                                   0.21601  0.00000  0.27384

         412      403    401      0   Z-then-X     0.11911
                                                   0.01244  0.00000 -0.25689
                                                   0.04573
                                                   0.00000  0.01640
                                                  -0.00301  0.00000 -0.06213

         413      406    403      0   Z-then-X    -0.66614
                                                  -0.21394  0.00000 -0.03273
                                                  -0.49754
                                                   0.00000  0.12402
                                                  -0.24547  0.00000  0.37352

         414      406    413      0   Z-then-X    -0.02624
                                                   0.07068  0.00000 -0.22870
                                                   0.12255
                                                   0.00000  0.03666
                                                   0.03118  0.00000 -0.15921

         415      405    404      0   Z-then-X     0.13248
                                                   0.00045  0.00000 -0.38308
                                                   0.28470
                                                   0.00000  0.12111
                                                   0.01221  0.00000 -0.40581

         416      408    407      0   Z-then-X    -0.56179
                                                   0.01684  0.00000 -0.29231
                                                   0.37390
                                                   0.00000  0.24558
                                                   0.00671  0.00000 -0.61948

 Additional Atomic Dipole Polarizability Parameters :

     Atom Type           Alpha       Thole     Group Atom Types

         403             1.073       0.390         412  401  406
         412             0.496       0.390         403
         401             1.334       0.390         403  410  404  402
         410             0.496       0.390         401
         404             1.334       0.390         401  411  405
         411             0.837       0.390         404
         402             1.334       0.390         401  407  409
         407             3.300       0.390         402  408
         408             1.334       0.390         407  416
         416             1.073       0.390         408
         409             0.496       0.390         402
         406             1.334       0.390         403  413  414
         413             0.837       0.390         406
         405             1.073       0.390         404  415
         414             0.494       0.390         406
         415             0.496       0.390         405

 Limited Memory BFGS Quasi-Newton Optimization :

 QN Iter     F Value      G RMS      F Move   X Move   Angle  FG Call  Comment

     0     2912.2722   973.2368                                   1
     1     1718.7690   632.9200   1193.5032   0.0982    0.00      2    Success 
     2      992.2727   422.3252    726.4963   0.0982   22.56      3    Success 
     3      567.1632   403.2230    425.1095   0.0982   29.25      4    Success 
     4      319.0813   262.1360    248.0819   0.0982   50.26      5    Success 
     5      230.5622   163.4045     88.5191   0.0462   48.66      6    Success 
     6      179.9773   116.3965     50.5848   0.0320   40.50      7    Success 
     7      129.5161    95.4401     50.4612   0.0483   42.84      8    Success 
     8      108.1688   201.7093     21.3473   0.0703   46.35      9    Success 
     9       77.7595    90.6253     30.4093   0.0162   43.34     10    Success 
    10       62.2918    59.1286     15.4678   0.0208   47.45     11    Success 
    11       50.9254    67.9033     11.3663   0.0233   54.14     12    Success 
    12       35.1162    71.8643     15.8092   0.0414   63.32     13    Success 
    13       26.0394    90.6971      9.0768   0.0475   64.86     14    Success 
    14       17.0698    28.4151      8.9696   0.0168   53.51     15    Success 
    15       15.2741    23.8509      1.7957   0.0060   38.69     16    Success 
    16       12.4378    28.7243      2.8363   0.0127   48.91     17    Success 
    17        8.2155    33.6086      4.2224   0.0255   64.52     18    Success 
    18        3.7966    36.9234      4.4189   0.0475   72.91     19    Success 
    19        2.0854    55.7613      1.7112   0.0523   75.28     20    Success 
    20       -0.6649    33.3069      2.7503   0.0070   60.76     21    Success 
    21       -3.5310    14.6642      2.8661   0.0111   43.90     22    Success 
    22       -4.4806    17.1419      0.9497   0.0081   57.11     23    Success 
    23       -6.0985    16.8117      1.6179   0.0146   65.07     24    Success 
    24       -7.7800    36.3974      1.6815   0.0276   67.18     25    Success 
    25      -10.1204    18.3671      2.3404   0.0271   79.10     26    Success 
    26      -11.3668    27.6990      1.2464   0.0301   74.50     27    Success 
    27      -12.4046    23.8757      1.0378   0.0177   75.54     28    Success 
    28      -13.0001    16.3261      0.5955   0.0043   66.69     29    Success 
    29      -13.8286    10.0559      0.8285   0.0084   61.22     30    Success 
    30      -14.4419    10.9489      0.6133   0.0108   65.12     31    Success 
    31      -15.2146    10.5000      0.7727   0.0174   71.66     32    Success 
    32      -15.9292    14.4359      0.7146   0.0221   71.59     33    Success 
    33      -16.5804    14.6566      0.6512   0.0246   77.67     34    Success 
    34      -17.0636     9.8916      0.4831   0.0057   61.23     35    Success 
    35      -17.4770    10.1482      0.4134   0.0074   63.62     36    Success 
    36      -18.1123    12.9268      0.6353   0.0150   72.40     37    Success 
    37      -18.9185    13.0825      0.8063   0.0236   76.60     38    Success 
    38      -19.7021    10.2795      0.7836   0.0267   77.95     39    Success 
    39      -20.3387     9.9104      0.6366   0.0125   70.14     40    Success 
    40      -21.3380    11.7336      0.9993   0.0201   69.17     41    Success 
    41      -22.6747    15.7143      1.3366   0.0363   74.90     42    Success 
    42      -23.9287    21.4876      1.2540   0.0557   80.23     43    Success 
    43      -25.1071    11.4636      1.1785   0.0239   78.97     44    Success 
    44      -26.0104     9.9798      0.9033   0.0148   64.19     45    Success 
    45      -26.6937    10.8186      0.6833   0.0311   78.55     46    Success 
    46      -27.2477    19.0111      0.5540   0.0251   73.76     47    Success 
    47      -28.0610    10.9004      0.8133   0.0114   73.54     48    Success 
    48      -28.7462    13.7138      0.6852   0.0343   77.99     49    Success 
    49      -28.8396    17.4812      0.0934   0.0093   73.17     50    Success 
    50      -28.9869    10.4946      0.1473   0.0022   74.12     51    Success 
    51      -29.1450     5.2926      0.1581   0.0057   75.85     52    Success 
    52      -29.2529     7.1161      0.1079   0.0031   62.99     53    Success 
    53      -29.4358     7.8976      0.1829   0.0064   74.81     54    Success 
    54      -29.7353     8.5974      0.2995   0.0113   76.80     55    Success 
    55      -29.9126    19.6173      0.1773   0.0155   75.57     56    Success 
    56      -30.1862    12.1213      0.2736   0.0074   82.21     57    Success 
    57      -30.4060     5.5031      0.2198   0.0084   76.99     58    Success 
    58      -30.4640     6.6721      0.0580   0.0034   66.87     59    Success 
    59      -30.5302     4.2896      0.0662   0.0014   58.74     60    Success 
    60      -30.6095     4.2867      0.0793   0.0035   63.70     61    Success 
    61      -30.6900     3.7341      0.0805   0.0032   65.38     62    Success 
    62      -30.8003     3.9594      0.1104   0.0065   68.26     63    Success 
    63      -30.8452     4.6146      0.0449   0.0035   68.82     65    Success 
    64      -30.8913     2.2472      0.0461   0.0038   76.58     66    Success 
    65      -30.9173     1.9404      0.0260   0.0021   67.29     67    Success 
    66      -30.9547     2.2808      0.0375   0.0033   63.28     68    Success 
    67      -30.9672     4.6896      0.0124   0.0063   73.25     69    Success 
    68      -30.9865     2.6158      0.0193   0.0005   51.57     70    Success 
    69      -30.9995     0.8879      0.0130   0.0011   64.12     71    Success 
    70      -31.0025     0.9972      0.0030   0.0005   60.07     72    Success 
    71      -31.0073     1.0266      0.0048   0.0007   63.12     73    Success 
    72      -31.0128     2.1746      0.0055   0.0012   64.61     74    Success 
    73      -31.0183     0.9690      0.0055   0.0012   78.81     75    Success 
    74      -31.0218     0.7093      0.0034   0.0009   73.82     76    Success 
    75      -31.0256     0.8204      0.0038   0.0013   69.25     77    Success 
    76      -31.0290     1.0050      0.0034   0.0009   67.38     78    Success 
    77      -31.0322     0.6857      0.0032   0.0012   74.37     79    Success 
    78      -31.0339     0.7162      0.0018   0.0007   70.10     80    Success 
    79      -31.0355     0.5952      0.0015   0.0008   76.66     81    Success 
    80      -31.0366     0.8778      0.0012   0.0006   71.99     82    Success 
    81      -31.0378     0.4252      0.0012   0.0005   76.34     83    Success 
    82      -31.0387     0.4311      0.0009   0.0006   73.49     84    Success 
    83      -31.0401     0.5363      0.0014   0.0007   72.04     85    Success 
    84      -31.0421     0.5535      0.0020   0.0010   73.68     86    Success 
    85      -31.0434     1.2270      0.0013   0.0016   74.84     87    Success 
    86      -31.0452     0.5028      0.0017   0.0004   73.87     88    Success 
    87      -31.0460     0.3450      0.0008   0.0003   66.41     89    Success 
    88      -31.0466     0.3766      0.0007   0.0003   62.59     90    Success 
    89      -31.0477     0.3786      0.0010   0.0006   70.96     91    Success 
    90      -31.0484     0.7340      0.0007   0.0011   74.74     92    Success 
    91      -31.0492     0.2525      0.0008   0.0005   76.93     93    Success 
    92      -31.0494     0.1452      0.0002   0.0001   54.09     94    Success 
    93      -31.0495     0.1789      0.0002   0.0001   47.69     95    Success 
    94      -31.0496     0.2672      0.0001   0.0001   66.95     97    Success 
    95      -31.0497     0.1640      0.0001   0.0002   78.99     98    Success 
    96      -31.0498     0.0942      0.0001   0.0003   77.29     99    Success 
    97      -31.0499     0.0917      0.0001   0.0002   73.70    100    Success 
    98      -31.0500     0.0812      0.0001   0.0002   66.59    101    Success 
    99      -31.0500     0.1290      0.0000   0.0001   67.34    103    Success 
   100      -31.0501     0.0703      0.0000   0.0001   73.12    104    Success 
   101      -31.0501     0.0815      0.0000   0.0001   67.41    105    Success 
   102      -31.0501     0.1997      0.0000   0.0001   70.97    106    Success 
   103      -31.0501     0.1617      0.0000   0.0000   66.39    107    Success 
   104      -31.0501     0.1044      0.0000   0.0000   63.93    108    Success 
   105      -31.0501     0.0457      0.0000   0.0000   63.80    109    Success 
   106      -31.0501     0.0676      0.0000   0.0000   63.82    110    Success 
   107      -31.0502     0.0782      0.0000   0.0001   75.64    111    Success 
   108      -31.0502     0.0835      0.0000   0.0001   75.47    112    Success 
   109      -31.0502     0.1367      0.0000   0.0001   76.20    113    Success 
   110      -31.0502     0.0650      0.0000   0.0001   79.93    114    Success 
   111      -31.0502     0.0409      0.0000   0.0001   74.44    115    Success 
   112      -31.0502     0.0478      0.0000   0.0000   60.59    116    Success 
   113      -31.0502     0.0465      0.0000   0.0000   65.49    117    Success 
   114      -31.0503     0.0639      0.0000   0.0000   68.64    118    Success 
   115      -31.0503     0.0283      0.0000   0.0001   76.57    119    Success 
   116      -31.0503     0.0370      0.0000   0.0000   65.53    120    Success 
   117      -31.0503     0.0351      0.0000   0.0000   74.78    121    Success 
   118      -31.0503     0.0264      0.0000   0.0000   73.14    122    Success 
   119      -31.0503     0.0199      0.0000   0.0000   68.12    123    Success 
   120      -31.0503     0.0183      0.0000   0.0000   63.02    124    Success 
   121      -31.0503     0.0147      0.0000   0.0000   64.93    126    Success 
   122      -31.0503     0.0078      0.0000   0.0000   61.31    127    Success 
   123      -31.0503     0.0089      0.0000   0.0000   53.67    128    Success 
   124      -31.0503     0.0154      0.0000   0.0000   62.96    129    Success 
   125      -31.0503     0.0067      0.0000   0.0000   67.52    130    Success 
   126      -31.0503     0.0060      0.0000   0.0000   61.98    131    Success 
   127      -31.0503     0.0080      0.0000   0.0000   63.44    132    Success 
   128      -31.0503     0.0086      0.0000   0.0000   72.72    133    Success 
   129      -31.0503     0.0092      0.0000   0.0000   74.14    134    Success 
   130      -31.0503     0.0059      0.0000   0.0000   73.87    135    Success 
   131      -31.0503     0.0042      0.0000   0.0000   65.29    136    Success 
   132      -31.0503     0.0050      0.0000   0.0000   62.06    137    Success 
   133      -31.0503     0.0048      0.0000   0.0000   73.02    139    Success 
   134      -31.0503     0.0023      0.0000   0.0000   69.67    140    Success 
   135      -31.0503     0.0022      0.0000   0.0000   57.24    141    Success 
   136      -31.0503     0.0030      0.0000   0.0000   58.32    142    Success 
   137      -31.0503     0.0032      0.0000   0.0000   68.88    143    Success 
   138      -31.0503     0.0043      0.0000   0.0000   71.43    144    Success 
   139      -31.0503     0.0015      0.0000   0.0000   68.50    145    Success 
   140      -31.0503     0.0012      0.0000   0.0000   65.54    146    Success 
   141      -31.0503     0.0011      0.0000   0.0000   57.47    147    Success 
   142      -31.0503     0.0016      0.0000   0.0000   52.09    148    Success 
   143      -31.0503     0.0011      0.0000   0.0000   72.12    149    Success 
   144      -31.0503     0.0008      0.0000   0.0000   58.43    150   SmallGrad

 LBFGS  --  Normal Termination due to SmallGrad

 Final Function Value :          -31.0503
 Final RMS Gradient :              0.0008
 Final Gradient Norm :             0.0036
