
     ######################################################################
   ##########################################################################
  ###                                                                      ###
 ###            Tinker  ---  Software Tools for Molecular Design            ###
 ##                                                                          ##
 ##                          Version 8.7  June 2019                          ##
 ##                                                                          ##
 ##               Copyright (c)  Jay William Ponder  1990-2019               ##
 ###                           All Rights Reserved                          ###
  ###                                                                      ###
   ##########################################################################
     ######################################################################


 Additional Atom Definition Parameters :

     Type  Class  Symbol  Description               Atomic    Mass   Valence

     403    403     N     ModifiedRes                  7     14.007     3
     412    412     H     ModifiedRes                  1      1.008     1
     401    401     C     ModifiedRes                  6     12.011     4
     410    410     H     ModifiedRes                  1      1.008     1
     404    404     C     ModifiedRes                  6     12.011     3
     411    411     O     ModifiedRes                  8     15.999     1
     402    402     C     ModifiedRes                  6     12.011     4
     407    407     S     ModifiedRes                 16     32.066     2
     408    408     C     ModifiedRes                  6     12.011     2
     416    416     N     ModifiedRes                  7     14.007     1
     409    409     H     ModifiedRes                  1      1.008     1
     406    406     C     ModifiedRes                  6     12.011     3
     413    413     O     ModifiedRes                  8     15.999     1
     405    405     N     ModifiedRes                  7     14.007     3
     414    414     H     ModifiedRes                  1      1.008     1
     415    415     H     ModifiedRes                  1      1.008     1

 Additional Bond Stretching Parameters :

     Atom Classes             K(S)         Length

       401 403             374.800         1.4589
       403 406             482.000         1.3610
       403 412             542.000         1.0150
       401 410             341.000         1.0957
       401 404             345.300         1.5388
       401 402             345.300         1.5181
       404 405             482.000         1.3572
       404 411             705.000         1.2314
       402 409             395.500         1.0914
       402 407             235.800         1.8318
       407 408             235.800         1.6971
       408 416             450.000         1.1861
       406 413             705.000         1.2330
       406 414             356.400         1.1017
       405 415             542.000         1.0125

 Additional Angle Bending Parameters :

     Atom Classes             K(B)          Angle

     403 406 413            60.000        124.094
     401 403 412            35.000        118.942
     406 403 412            35.000        118.838
     401 404 405            70.000        113.359
     401 404 411            80.000        121.700
     401 402 407            53.200        108.210
     401 403 406            50.000        121.364
     404 401 410            38.000        109.343
     402 401 410            38.000        110.332
     403 401 410            50.600        106.311
     402 401 404            60.000        109.451
     403 401 404            80.000        110.698
     402 401 403            80.000        110.661
     402 407 408            60.430         97.779
     407 408 416            60.000        178.379
     409 402 409            39.570        108.414
     401 402 409            42.440        109.507
     407 402 409            60.240        109.536
     405 404 411            60.000        124.942
     413 406 414            68.340        122.634
     403 406 414            31.650        113.263
     415 405 415            22.300        119.362
     404 405 415            35.000        117.511

 Additional Stretch-Bend Parameters :

     Atom Classes          K(SB)-1        K(SB)-2

     401 403 412             4.300          7.200
     406 403 412             4.300          7.200
     401 404 405            18.700         18.700
     401 402 407            18.700         18.700
     401 403 406             7.200          7.200
     404 401 410            11.500         18.700
     402 401 410            11.500         18.700
     403 401 410            11.500         11.500
     402 401 404            18.700         18.700
     403 401 404            18.700         18.700
     402 401 403            18.700         18.700
     402 407 408            -5.750         -5.750
     401 402 409            11.500         11.500
     407 402 409            11.500         11.500
     403 406 414            11.500         11.500
     404 405 415             4.300          7.200
     415 405 415             4.300          7.200
     401 404 411            18.700         18.700
     413 406 414            11.500         11.500

 Additional Out-of-Plane Bend Parameters :

     Atom Classes                   K(OPB)

     401 403   0   0                14.400
     401 404   0   0                14.400
     403 406   0   0               107.910
     404 405   0   0                71.940
     405 404   0   0               107.910
     406 403   0   0                71.940
     411 404   0   0               122.298
     412 403   0   0                 5.755
     413 406   0   0               122.298
     414 406   0   0               140.283
     415 405   0   0                 5.755

 Additional Torsional Parameters :

     Atom Classes     1-Fold    2-Fold    3-Fold    4-Fold    5-Fold    6-Fold

   403 401 404 405   0.00   0  0.00 180  0.00   0  0.00   0  0.00   0  0.00   0
   403 401 404 411   0.00   0  0.00 180  0.00   0  0.00   0  0.00   0  0.00   0
   403 401 402 409   0.00   0  0.00 180  0.00   0  0.00   0  0.00   0  0.00   0
   403 401 402 407   0.00   0  0.00 180  0.00   0  0.00   0  0.00   0  0.00   0
   410 401 403 412   0.00   0  0.00 180  0.00   0  0.00   0  0.00   0  0.00   0
   404 401 403 412   0.00   0  0.00 180  0.00   0  0.00   0  0.00   0  0.00   0
   402 401 403 412   0.00   0  0.00 180  0.00   0  0.00   0  0.00   0  0.00   0
   412 403 406 413   0.00   0  0.00 180  0.00   0  0.00   0  0.00   0  0.00   0
   412 403 406 414   0.00   0  0.00 180  0.00   0  0.00   0  0.00   0  0.00   0
   401 404 405 415   0.00   0  1.20 180  0.80   0  0.00   0  0.00   0  0.00   0
   401 402 407 408   0.00   0  0.00 180  0.00   0  0.00   0  0.00   0  0.00   0
   401 403 406 413   0.00   0  0.00 180  0.00   0  0.00   0  0.00   0  0.00   0
   401 403 406 414   0.00   0  0.00 180  0.00   0  0.00   0  0.00   0  0.00   0
   410 401 404 405   0.00   0  0.00 180  0.00   0  0.00   0  0.00   0  0.00   0
   410 401 404 411   0.00   0  0.00 180  0.00   0  0.00   0  0.00   0  0.00   0
   410 401 402 409   0.00   0  0.00 180  0.00   0  0.00   0  0.00   0  0.00   0
   410 401 402 407   0.00   0  0.00 180  0.00   0  0.00   0  0.00   0  0.00   0
   410 401 403 406   0.00   0  0.00 180  0.00   0  0.00   0  0.00   0  0.00   0
   404 401 402 409   0.00   0  0.00 180  0.00   0  0.00   0  0.00   0  0.00   0
   404 401 402 407   0.00   0  0.00 180  0.00   0  0.00   0  0.00   0  0.00   0
   404 401 403 406   0.00   0  0.00 180  0.00   0  0.00   0  0.00   0  0.00   0
   411 404 405 415   0.00   0  0.00 180  0.00   0  0.00   0  0.00   0  0.00   0
   402 401 404 411   0.00   0  0.00 180  0.00   0  0.00   0  0.00   0  0.00   0
   402 401 404 405   0.00   0  0.00 180  0.00   0  0.00   0  0.00   0  0.00   0
   402 401 403 406   0.00   0  0.00 180  0.00   0  0.00   0  0.00   0  0.00   0
   402 407 408 416   0.00   0  0.00 180  0.50   0  0.00   0  0.00   0  0.00   0
   409 402 407 408   0.00   0  0.00 180  0.00   0  0.00   0  0.00   0  0.00   0

 Additional Pi-Orbital Torsion Parameters :

     Atom Classes       2-Fold

       404 405           6.850
       403 406           6.850

 Additional van der Waals Parameters :

     Atom Class               Size        Epsilon        Reduction

         403                3.7100         0.1100          0.000
         412                2.5900         0.0220          0.900
         401                3.6500         0.1010          0.000
         410                2.8800         0.0240          0.910
         404                3.8200         0.1060          0.000
         411                3.3000         0.1120          0.000
         402                3.7800         0.1060          0.000
         407                4.0050         0.3550          0.000
         408                3.7800         0.1060          0.000
         416                3.7100         0.1050          0.000
         409                2.8700         0.0330          0.900
         406                3.8200         0.1060          0.000
         413                3.3000         0.1120          0.000
         405                3.7100         0.1100          0.000
         414                2.9200         0.0300          0.920
         415                2.5900         0.0220          0.900

 Additional Atomic Multipole Parameters :

     Atom Type     Coordinate Frame Definition         Multipole Moments

         401      403    404      0   Z-then-X    -0.27040
                                                  -0.22190  0.00000  0.26102
                                                  -0.17903
                                                   0.00000 -0.24517
                                                   0.13675  0.00000  0.42420

         402      407    401      0   Z-then-X    -0.16380
                                                   0.27778  0.00000 -0.20334
                                                   0.30211
                                                   0.00000 -0.49081
                                                  -0.33263  0.00000  0.18870

         403      406    401      0   Z-then-X    -0.06286
                                                   0.37348  0.00000 -0.12295
                                                   0.79149
                                                   0.00000 -1.08676
                                                  -0.63736  0.00000  0.29527

         404      411    405      0   Z-then-X     0.97419
                                                  -0.10999  0.00000  0.25580
                                                   0.38321
                                                   0.00000 -0.33696
                                                  -0.17133  0.00000 -0.04625

         405      404    415      0   Z-then-X    -0.32376
                                                   0.05823  0.00000 -0.07138
                                                   0.32176
                                                   0.00000 -0.38869
                                                  -0.03945  0.00000  0.06693

         406      413    403      0   Z-then-X     0.63075
                                                   0.40149  0.00000  0.25741
                                                  -0.01797
                                                   0.00000  0.01503
                                                   0.00873  0.00000  0.00294

         407      408    402      0   Z-then-X     0.34019
                                                   0.47821  0.00000  0.49978
                                                   1.11919
                                                   0.00000 -2.31639
                                                  -0.50667  0.00000  1.19720

         408      407    416      0   Z-then-X     0.21608
                                                   0.00820  0.00000 -0.28509
                                                   0.05369
                                                   0.00000  0.10740
                                                   0.05156  0.00000 -0.16109

         409      402    407      0   Z-then-X     0.09933
                                                   0.00064  0.00000 -0.16410
                                                   0.07960
                                                   0.00000  0.07569
                                                  -0.01944  0.00000 -0.15529

         410      401    403      0   Z-then-X     0.10718
                                                  -0.02083  0.00000 -0.03604
                                                  -0.03187
                                                   0.00000  0.01466
                                                  -0.01392  0.00000  0.01721

         411      404    405      0   Z-then-X    -0.77613
                                                   0.13027  0.00000 -0.18830
                                                  -0.53109
                                                   0.00000  0.25725
                                                   0.21601  0.00000  0.27384

         412      403    401      0   Z-then-X     0.11911
                                                   0.01244  0.00000 -0.25689
                                                   0.04573
                                                   0.00000  0.01640
                                                  -0.00301  0.00000 -0.06213

         413      406    403      0   Z-then-X    -0.66614
                                                  -0.21394  0.00000 -0.03273
                                                  -0.49754
                                                   0.00000  0.12402
                                                  -0.24547  0.00000  0.37352

         414      406    413      0   Z-then-X    -0.02624
                                                   0.07068  0.00000 -0.22870
                                                   0.12255
                                                   0.00000  0.03666
                                                   0.03118  0.00000 -0.15921

         415      405    404      0   Z-then-X     0.13248
                                                   0.00045  0.00000 -0.38308
                                                   0.28470
                                                   0.00000  0.12111
                                                   0.01221  0.00000 -0.40581

         416      408    407      0   Z-then-X    -0.56179
                                                   0.01684  0.00000 -0.29231
                                                   0.37390
                                                   0.00000  0.24558
                                                   0.00671  0.00000 -0.61948

 Additional Atomic Dipole Polarizability Parameters :

     Atom Type           Alpha       Thole     Group Atom Types

         403             1.073       0.390         412  401  406
         412             0.496       0.390         403
         401             1.334       0.390         403  410  404  402
         410             0.496       0.390         401
         404             1.334       0.390         401  411  405
         411             0.837       0.390         404
         402             1.334       0.390         401  407  409
         407             3.300       0.390         402  408
         408             1.334       0.390         407  416
         416             1.073       0.390         408
         409             0.496       0.390         402
         406             1.334       0.390         403  413  414
         413             0.837       0.390         406
         405             1.073       0.390         404  415
         414             0.494       0.390         406
         415             0.496       0.390         405

 Limited Memory BFGS Quasi-Newton Optimization :

 QN Iter     F Value      G RMS      F Move   X Move   Angle  FG Call  Comment

     0      -34.4815    10.9819                                   1
     1      -34.6345     9.9176      0.1530   0.0016    0.00      3    Success 
     2      -34.7354     7.1141      0.1010   0.0010   42.02      4    Success 
     3      -34.8719     6.8500      0.1365   0.0021   43.69      5    Success 
     4      -35.0254     6.5553      0.1534   0.0031   54.58      6    Success 
     5      -35.1682    10.5360      0.1429   0.0052   60.06      7    Success 
     6      -35.3346     6.2107      0.1663   0.0033   68.90      8    Success 
     7      -35.5116     5.5694      0.1770   0.0048   61.22      9    Success 
     8      -35.6587     6.5337      0.1471   0.0050   66.14     10    Success 
     9      -35.7332     8.4899      0.0745   0.0038   71.34     12    Success 
    10      -35.8332     4.7221      0.1000   0.0037   75.17     13    Success 
    11      -35.9144     4.4359      0.0811   0.0033   67.30     14    Success 
    12      -36.0258     4.6752      0.1114   0.0047   65.99     15    Success 
    13      -36.1533     3.7370      0.1275   0.0065   69.38     16    Success 
    14      -36.2076     5.6607      0.0543   0.0062   67.53     17    Success 
    15      -36.2677     2.8865      0.0602   0.0016   54.38     18    Success 
    16      -36.3060     2.4595      0.0382   0.0018   57.00     19    Success 
    17      -36.3564     2.6028      0.0504   0.0041   66.24     20    Success 
    18      -36.3690     6.3288      0.0126   0.0061   69.85     21    Success 
    19      -36.3910     4.8146      0.0221   0.0003   49.64     22    Success 
    20      -36.4230     2.0431      0.0319   0.0009   56.44     23    Success 
    21      -36.4369     1.1798      0.0139   0.0012   60.19     24    Success 
    22      -36.4432     1.3466      0.0064   0.0008   64.44     25    Success 
    23      -36.4542     1.3265      0.0110   0.0012   65.09     26    Success 
    24      -36.4684     2.1757      0.0142   0.0022   65.57     27    Success 
    25      -36.4840     1.0677      0.0157   0.0034   77.55     28    Success 
    26      -36.4887     0.9558      0.0046   0.0009   65.34     29    Success 
    27      -36.4913     1.7371      0.0026   0.0009   63.51     30    Success 
    28      -36.4940     0.8043      0.0027   0.0004   66.98     31    Success 
    29      -36.4952     0.6963      0.0013   0.0002   53.68     32    Success 
    30      -36.4973     0.6172      0.0020   0.0004   60.36     33    Success 
    31      -36.4999     0.8357      0.0027   0.0009   65.16     34    Success 
    32      -36.5018     1.0785      0.0019   0.0014   75.73     35    Success 
    33      -36.5036     0.5559      0.0018   0.0002   58.54     36    Success 
    34      -36.5053     0.5559      0.0017   0.0005   56.03     37    Success 
    35      -36.5068     0.6288      0.0014   0.0005   68.91     38    Success 
    36      -36.5088     0.8212      0.0020   0.0008   72.01     39    Success 
    37      -36.5114     0.5776      0.0026   0.0013   77.97     40    Success 
    38      -36.5134     0.5705      0.0021   0.0010   73.95     41    Success 
    39      -36.5159     0.6822      0.0025   0.0014   73.80     42    Success 
    40      -36.5184     0.7534      0.0025   0.0010   74.46     43    Success 
    41      -36.5220     0.6492      0.0036   0.0016   76.92     44    Success 
    42      -36.5239     1.0288      0.0018   0.0015   77.71     46    Success 
    43      -36.5264     0.5222      0.0025   0.0012   80.68     47    Success 
    44      -36.5280     0.4119      0.0016   0.0010   75.73     48    Success 
    45      -36.5294     0.6123      0.0015   0.0012   74.04     49    Success 
    46      -36.5308     0.5324      0.0014   0.0010   78.55     50    Success 
    47      -36.5318     0.6121      0.0010   0.0008   74.38     51    Success 
    48      -36.5326     0.3275      0.0008   0.0002   62.76     52    Success 
    49      -36.5330     0.4268      0.0005   0.0002   52.74     53    Success 
    50      -36.5335     0.6179      0.0005   0.0003   69.35     54    Success 
    51      -36.5341     0.4184      0.0005   0.0004   81.02     55    Success 
    52      -36.5348     0.2786      0.0008   0.0007   78.69     56    Success 
    53      -36.5353     0.2722      0.0005   0.0006   76.20     57    Success 
    54      -36.5359     0.2948      0.0006   0.0006   73.81     58    Success 
    55      -36.5361     0.3302      0.0001   0.0002   71.11     60    Success 
    56      -36.5363     0.2273      0.0002   0.0002   74.77     61    Success 
    57      -36.5366     0.1600      0.0003   0.0003   67.60     62    Success 
    58      -36.5368     0.2739      0.0002   0.0003   63.43     63    Success 
    59      -36.5371     0.2581      0.0002   0.0004   75.11     64    Success 
    60      -36.5373     0.1856      0.0002   0.0002   69.02     65    Success 
    61      -36.5376     0.1741      0.0003   0.0003   65.57     66    Success 
    62      -36.5378     0.2714      0.0003   0.0005   72.98     67    Success 
    63      -36.5381     0.2111      0.0003   0.0005   79.23     68    Success 
    64      -36.5383     0.1487      0.0002   0.0003   75.73     69    Success 
    65      -36.5384     0.2236      0.0001   0.0003   68.84     70    Success 
    66      -36.5385     0.1203      0.0001   0.0001   48.53     71    Success 
    67      -36.5386     0.1045      0.0001   0.0001   52.88     72    Success 
    68      -36.5387     0.1223      0.0001   0.0002   67.96     73    Success 
    69      -36.5388     0.2523      0.0000   0.0003   75.13     74    Success 
    70      -36.5388     0.1422      0.0001   0.0001   75.03     75    Success 
    71      -36.5389     0.0962      0.0001   0.0001   71.67     76    Success 
    72      -36.5390     0.1111      0.0000   0.0001   73.58     77    Success 
    73      -36.5390     0.2515      0.0000   0.0002   76.94     78    Success 
    74      -36.5390     0.1428      0.0000   0.0000   72.46     79    Success 
    75      -36.5390     0.0556      0.0000   0.0001   74.83     80    Success 
    76      -36.5390     0.0596      0.0000   0.0000   71.68     81    Success 
    77      -36.5390     0.0573      0.0000   0.0000   68.59     82    Success 
    78      -36.5390     0.0765      0.0000   0.0000   65.56     83    Success 
    79      -36.5391     0.0403      0.0000   0.0001   76.02     84    Success 
    80      -36.5391     0.0398      0.0000   0.0000   67.05     85    Success 
    81      -36.5391     0.0415      0.0000   0.0000   64.94     86    Success 
    82      -36.5391     0.0424      0.0000   0.0000   67.31     87    Success 
    83      -36.5391     0.0335      0.0000   0.0000   68.27     88    Success 
    84      -36.5391     0.0350      0.0000   0.0001   66.77     89    Success 
    85      -36.5391     0.0221      0.0000   0.0000   69.24     91    Success 
    86      -36.5391     0.0161      0.0000   0.0000   55.04     92    Success 
    87      -36.5391     0.0203      0.0000   0.0000   51.03     93    Success 
    88      -36.5391     0.0375      0.0000   0.0000   68.21     94    Success 
    89      -36.5391     0.0200      0.0000   0.0000   76.38     95    Success 
    90      -36.5391     0.0150      0.0000   0.0000   71.66     96    Success 
    91      -36.5391     0.0150      0.0000   0.0000   70.44     97    Success 
    92      -36.5391     0.0251      0.0000   0.0000   68.12     98    Success 
    93      -36.5391     0.0104      0.0000   0.0000   75.65     99    Success 
    94      -36.5391     0.0079      0.0000   0.0000   60.78    100    Success 
    95      -36.5391     0.0094      0.0000   0.0000   58.51    101    Success 
    96      -36.5391     0.0192      0.0000   0.0000   67.19    103    Success 
    97      -36.5391     0.0140      0.0000   0.0000   79.73    104    Success 
    98      -36.5391     0.0076      0.0000   0.0000   77.81    105    Success 
    99      -36.5391     0.0061      0.0000   0.0000   72.93    106    Success 
   100      -36.5391     0.0061      0.0000   0.0000   68.78    107    Success 
   101      -36.5391     0.0093      0.0000   0.0000   66.43    109    Success 
   102      -36.5391     0.0056      0.0000   0.0000   72.96    110    Success 
   103      -36.5391     0.0037      0.0000   0.0000   65.52    111    Success 
   104      -36.5391     0.0066      0.0000   0.0000   60.15    112    Success 
   105      -36.5391     0.0046      0.0000   0.0000   73.17    113    Success 
   106      -36.5391     0.0028      0.0000   0.0000   69.76    114    Success 
   107      -36.5391     0.0035      0.0000   0.0000   67.48    115    Success 
   108      -36.5391     0.0038      0.0000   0.0000   73.96    116    Success 
   109      -36.5391     0.0027      0.0000   0.0000   73.95    117    Success 
   110      -36.5391     0.0024      0.0000   0.0000   68.90    118    Success 
   111      -36.5391     0.0040      0.0000   0.0000   71.96    119    Success 
   112      -36.5391     0.0021      0.0000   0.0000   68.00    120    Success 
   113      -36.5391     0.0016      0.0000   0.0000   60.63    121    Success 
   114      -36.5391     0.0019      0.0000   0.0000   67.83    122    Success 
   115      -36.5391     0.0026      0.0000   0.0000   73.40    123    Success 
   116      -36.5391     0.0016      0.0000   0.0000   76.50    124    Success 
   117      -36.5391     0.0015      0.0000   0.0000   70.21    125    Success 
   118      -36.5391     0.0042      0.0000   0.0000   72.59    126    Success 
   119      -36.5391     0.0019      0.0000   0.0000   77.77    127    Success 
   120      -36.5391     0.0014      0.0000   0.0000   69.32    128    Success 
   121      -36.5391     0.0013      0.0000   0.0000   74.30    129    Success 
   122      -36.5391     0.0013      0.0000   0.0000   76.17    130    Success 
   123      -36.5391     0.0026      0.0000   0.0000   73.80    131    Success 
   124      -36.5391     0.0018      0.0000   0.0000   44.31    132    Success 
   125      -36.5391     0.0006      0.0000   0.0000   44.09    133   SmallGrad

 LBFGS  --  Normal Termination due to SmallGrad

 Final Function Value :          -36.5391
 Final RMS Gradient :              0.0006
 Final Gradient Norm :             0.0027
