
     ######################################################################
   ##########################################################################
  ###                                                                      ###
 ###            Tinker  ---  Software Tools for Molecular Design            ###
 ##                                                                          ##
 ##                          Version 8.7  June 2019                          ##
 ##                                                                          ##
 ##               Copyright (c)  Jay William Ponder  1990-2019               ##
 ###                           All Rights Reserved                          ###
  ###                                                                      ###
   ##########################################################################
     ######################################################################


 Additional Atom Definition Parameters :

     Type  Class  Symbol  Description               Atomic    Mass   Valence

     403    403     N     ModifiedRes                  7     14.007     3
     412    412     H     ModifiedRes                  1      1.008     1
     401    401     C     ModifiedRes                  6     12.011     4
     410    410     H     ModifiedRes                  1      1.008     1
     404    404     C     ModifiedRes                  6     12.011     3
     411    411     O     ModifiedRes                  8     15.999     1
     402    402     C     ModifiedRes                  6     12.011     4
     407    407     S     ModifiedRes                 16     32.066     2
     408    408     C     ModifiedRes                  6     12.011     2
     416    416     N     ModifiedRes                  7     14.007     1
     409    409     H     ModifiedRes                  1      1.008     1
     406    406     C     ModifiedRes                  6     12.011     3
     413    413     O     ModifiedRes                  8     15.999     1
     405    405     N     ModifiedRes                  7     14.007     3
     414    414     H     ModifiedRes                  1      1.008     1
     415    415     H     ModifiedRes                  1      1.008     1

 Additional Bond Stretching Parameters :

     Atom Classes             K(S)         Length

       401 403             374.800         1.4589
       403 406             482.000         1.3610
       403 412             542.000         1.0150
       401 410             341.000         1.0957
       401 404             345.300         1.5388
       401 402             345.300         1.5181
       404 405             482.000         1.3572
       404 411             705.000         1.2314
       402 409             395.500         1.0914
       402 407             235.800         1.8318
       407 408             235.800         1.6971
       408 416             450.000         1.1861
       406 413             705.000         1.2330
       406 414             356.400         1.1017
       405 415             542.000         1.0125

 Additional Angle Bending Parameters :

     Atom Classes             K(B)          Angle

     403 406 413            60.000        124.094
     401 403 412            35.000        118.942
     406 403 412            35.000        118.838
     401 404 405            70.000        113.359
     401 404 411            80.000        121.700
     401 402 407            53.200        108.210
     401 403 406            50.000        121.364
     404 401 410            38.000        109.343
     402 401 410            38.000        110.332
     403 401 410            50.600        106.311
     402 401 404            60.000        109.451
     403 401 404            80.000        110.698
     402 401 403            80.000        110.661
     402 407 408            60.430         97.779
     407 408 416            60.000        178.379
     409 402 409            39.570        108.414
     401 402 409            42.440        109.507
     407 402 409            60.240        109.536
     405 404 411            60.000        124.942
     413 406 414            68.340        122.634
     403 406 414            31.650        113.263
     415 405 415            22.300        119.362
     404 405 415            35.000        117.511

 Additional Stretch-Bend Parameters :

     Atom Classes          K(SB)-1        K(SB)-2

     401 403 412             4.300          7.200
     406 403 412             4.300          7.200
     401 404 405            18.700         18.700
     401 402 407            18.700         18.700
     401 403 406             7.200          7.200
     404 401 410            11.500         18.700
     402 401 410            11.500         18.700
     403 401 410            11.500         11.500
     402 401 404            18.700         18.700
     403 401 404            18.700         18.700
     402 401 403            18.700         18.700
     402 407 408            -5.750         -5.750
     401 402 409            11.500         11.500
     407 402 409            11.500         11.500
     403 406 414            11.500         11.500
     404 405 415             4.300          7.200
     415 405 415             4.300          7.200
     401 404 411            18.700         18.700
     413 406 414            11.500         11.500

 Additional Out-of-Plane Bend Parameters :

     Atom Classes                   K(OPB)

     401 403   0   0                14.400
     401 404   0   0                14.400
     403 406   0   0               107.910
     404 405   0   0                71.940
     405 404   0   0               107.910
     406 403   0   0                71.940
     411 404   0   0               122.298
     412 403   0   0                 5.755
     413 406   0   0               122.298
     414 406   0   0               140.283
     415 405   0   0                 5.755

 Additional Torsional Parameters :

     Atom Classes     1-Fold    2-Fold    3-Fold    4-Fold    5-Fold    6-Fold

   403 401 404 405   0.00   0  0.00 180  0.00   0  0.00   0  0.00   0  0.00   0
   403 401 404 411   0.00   0  0.00 180  0.00   0  0.00   0  0.00   0  0.00   0
   403 401 402 409   0.00   0  0.00 180  0.00   0  0.00   0  0.00   0  0.00   0
   403 401 402 407   0.00   0  0.00 180  0.00   0  0.00   0  0.00   0  0.00   0
   410 401 403 412   0.00   0  0.00 180  0.00   0  0.00   0  0.00   0  0.00   0
   404 401 403 412   0.00   0  0.00 180  0.00   0  0.00   0  0.00   0  0.00   0
   402 401 403 412   0.00   0  0.00 180  0.00   0  0.00   0  0.00   0  0.00   0
   412 403 406 413   0.00   0  0.00 180  0.00   0  0.00   0  0.00   0  0.00   0
   412 403 406 414   0.00   0  0.00 180  0.00   0  0.00   0  0.00   0  0.00   0
   401 404 405 415   0.00   0  1.20 180  0.80   0  0.00   0  0.00   0  0.00   0
   401 402 407 408   0.00   0  0.00 180  0.00   0  0.00   0  0.00   0  0.00   0
   401 403 406 413   0.00   0  0.00 180  0.00   0  0.00   0  0.00   0  0.00   0
   401 403 406 414   0.00   0  0.00 180  0.00   0  0.00   0  0.00   0  0.00   0
   410 401 404 405   0.00   0  0.00 180  0.00   0  0.00   0  0.00   0  0.00   0
   410 401 404 411   0.00   0  0.00 180  0.00   0  0.00   0  0.00   0  0.00   0
   410 401 402 409   0.00   0  0.00 180  0.00   0  0.00   0  0.00   0  0.00   0
   410 401 402 407   0.00   0  0.00 180  0.00   0  0.00   0  0.00   0  0.00   0
   410 401 403 406   0.00   0  0.00 180  0.00   0  0.00   0  0.00   0  0.00   0
   404 401 402 409   0.00   0  0.00 180  0.00   0  0.00   0  0.00   0  0.00   0
   404 401 402 407   0.00   0  0.00 180  0.00   0  0.00   0  0.00   0  0.00   0
   404 401 403 406   0.00   0  0.00 180  0.00   0  0.00   0  0.00   0  0.00   0
   411 404 405 415   0.00   0  0.00 180  0.00   0  0.00   0  0.00   0  0.00   0
   402 401 404 411   0.00   0  0.00 180  0.00   0  0.00   0  0.00   0  0.00   0
   402 401 404 405   0.00   0  0.00 180  0.00   0  0.00   0  0.00   0  0.00   0
   402 401 403 406   0.00   0  0.00 180  0.00   0  0.00   0  0.00   0  0.00   0
   402 407 408 416   0.00   0  0.00 180  0.50   0  0.00   0  0.00   0  0.00   0
   409 402 407 408   0.00   0  0.00 180  0.00   0  0.00   0  0.00   0  0.00   0

 Additional Pi-Orbital Torsion Parameters :

     Atom Classes       2-Fold

       404 405           6.850
       403 406           6.850

 Additional van der Waals Parameters :

     Atom Class               Size        Epsilon        Reduction

         403                3.7100         0.1100          0.000
         412                2.5900         0.0220          0.900
         401                3.6500         0.1010          0.000
         410                2.8800         0.0240          0.910
         404                3.8200         0.1060          0.000
         411                3.3000         0.1120          0.000
         402                3.7800         0.1060          0.000
         407                4.0050         0.3550          0.000
         408                3.7800         0.1060          0.000
         416                3.7100         0.1050          0.000
         409                2.8700         0.0330          0.900
         406                3.8200         0.1060          0.000
         413                3.3000         0.1120          0.000
         405                3.7100         0.1100          0.000
         414                2.9200         0.0300          0.920
         415                2.5900         0.0220          0.900

 Additional Atomic Multipole Parameters :

     Atom Type     Coordinate Frame Definition         Multipole Moments

         401      403    404      0   Z-then-X    -0.27040
                                                  -0.22190  0.00000  0.26102
                                                  -0.17903
                                                   0.00000 -0.24517
                                                   0.13675  0.00000  0.42420

         402      407    401      0   Z-then-X    -0.16380
                                                   0.27778  0.00000 -0.20334
                                                   0.30211
                                                   0.00000 -0.49081
                                                  -0.33263  0.00000  0.18870

         403      406    401      0   Z-then-X    -0.06286
                                                   0.37348  0.00000 -0.12295
                                                   0.79149
                                                   0.00000 -1.08676
                                                  -0.63736  0.00000  0.29527

         404      411    405      0   Z-then-X     0.97419
                                                  -0.10999  0.00000  0.25580
                                                   0.38321
                                                   0.00000 -0.33696
                                                  -0.17133  0.00000 -0.04625

         405      404    415      0   Z-then-X    -0.32376
                                                   0.05823  0.00000 -0.07138
                                                   0.32176
                                                   0.00000 -0.38869
                                                  -0.03945  0.00000  0.06693

         406      413    403      0   Z-then-X     0.63075
                                                   0.40149  0.00000  0.25741
                                                  -0.01797
                                                   0.00000  0.01503
                                                   0.00873  0.00000  0.00294

         407      408    402      0   Z-then-X     0.34019
                                                   0.47821  0.00000  0.49978
                                                   1.11919
                                                   0.00000 -2.31639
                                                  -0.50667  0.00000  1.19720

         408      407    416      0   Z-then-X     0.21608
                                                   0.00820  0.00000 -0.28509
                                                   0.05369
                                                   0.00000  0.10740
                                                   0.05156  0.00000 -0.16109

         409      402    407      0   Z-then-X     0.09933
                                                   0.00064  0.00000 -0.16410
                                                   0.07960
                                                   0.00000  0.07569
                                                  -0.01944  0.00000 -0.15529

         410      401    403      0   Z-then-X     0.10718
                                                  -0.02083  0.00000 -0.03604
                                                  -0.03187
                                                   0.00000  0.01466
                                                  -0.01392  0.00000  0.01721

         411      404    405      0   Z-then-X    -0.77613
                                                   0.13027  0.00000 -0.18830
                                                  -0.53109
                                                   0.00000  0.25725
                                                   0.21601  0.00000  0.27384

         412      403    401      0   Z-then-X     0.11911
                                                   0.01244  0.00000 -0.25689
                                                   0.04573
                                                   0.00000  0.01640
                                                  -0.00301  0.00000 -0.06213

         413      406    403      0   Z-then-X    -0.66614
                                                  -0.21394  0.00000 -0.03273
                                                  -0.49754
                                                   0.00000  0.12402
                                                  -0.24547  0.00000  0.37352

         414      406    413      0   Z-then-X    -0.02624
                                                   0.07068  0.00000 -0.22870
                                                   0.12255
                                                   0.00000  0.03666
                                                   0.03118  0.00000 -0.15921

         415      405    404      0   Z-then-X     0.13248
                                                   0.00045  0.00000 -0.38308
                                                   0.28470
                                                   0.00000  0.12111
                                                   0.01221  0.00000 -0.40581

         416      408    407      0   Z-then-X    -0.56179
                                                   0.01684  0.00000 -0.29231
                                                   0.37390
                                                   0.00000  0.24558
                                                   0.00671  0.00000 -0.61948

 Additional Atomic Dipole Polarizability Parameters :

     Atom Type           Alpha       Thole     Group Atom Types

         403             1.073       0.390         412  401  406
         412             0.496       0.390         403
         401             1.334       0.390         403  410  404  402
         410             0.496       0.390         401
         404             1.334       0.390         401  411  405
         411             0.837       0.390         404
         402             1.334       0.390         401  407  409
         407             3.300       0.390         402  408
         408             1.334       0.390         407  416
         416             1.073       0.390         408
         409             0.496       0.390         402
         406             1.334       0.390         403  413  414
         413             0.837       0.390         406
         405             1.073       0.390         404  415
         414             0.494       0.390         406
         415             0.496       0.390         405

 Limited Memory BFGS Quasi-Newton Optimization :

 QN Iter     F Value      G RMS      F Move   X Move   Angle  FG Call  Comment

     0     5112.6156  1320.9714                                   1
     1     3334.7020   814.0713   1777.9136   0.0982    0.00      2    Success 
     2     2281.7539   549.9849   1052.9481   0.0982    5.37      3    Success 
     3     1826.0712   629.8673    455.6826   0.0982   23.59      4    Success 
     4     1403.1380   401.0093    422.9332   0.0694   46.78      5    Success 
     5     1094.2532   606.1097    308.8849   0.0982   43.02      6    Success 
     6      862.7044   361.0356    231.5487   0.0982   69.94      7    Success 
     7      686.7496   570.0235    175.9549   0.0787   56.21      8    Success 
     8      552.8679   459.9974    133.8817   0.0912   67.90      9    Success 
     9      497.7688   243.7123     55.0990   0.0282   63.59     10    Success 
    10      458.7692   219.4984     38.9996   0.0122   35.56     11    Success 
    11      390.9049   192.5634     67.8643   0.0322   52.15     12    Success 
    12      284.8222   158.1072    106.0827   0.0709   56.45     13    Success 
    13      194.1254   189.5352     90.6968   0.0982   60.38     14    Success 
    14      175.4876   222.6491     18.6378   0.0982   70.24     15    Success 
    15      145.9140   141.5796     29.5735   0.0136   46.75     16    Success 
    16      114.1572    99.8205     31.7568   0.0287   48.52     17    Success 
    17       94.8507    99.1997     19.3065   0.0250   57.24     18    Success 
    18       66.3127    93.3625     28.5380   0.0505   64.63     19    Success 
    19       41.0939    83.5566     25.2188   0.0706   68.78     20    Success 
    20       28.6219    63.4690     12.4720   0.0405   68.15     21    Success 
    21       22.3725    49.1640      6.2494   0.0156   57.79     22    Success 
    22       16.9024    45.4455      5.4701   0.0208   67.99     23    Success 
    23        9.2502    39.0389      7.6522   0.0356   67.94     24    Success 
    24        5.4414    76.7470      3.8089   0.0594   68.57     25    Success 
    25        0.5513    36.0590      4.8901   0.0117   61.77     26    Success 
    26       -1.7366    24.7373      2.2879   0.0080   54.40     27    Success 
    27       -4.4242    26.8873      2.6876   0.0186   62.28     28    Success 
    28       -6.9006    31.3431      2.4764   0.0201   67.86     29    Success 
    29       -9.3114    35.2663      2.4109   0.0406   77.52     30    Success 
    30      -12.2411    33.6722      2.9297   0.0283   74.46     31    Success 
    31      -14.5087    21.8742      2.2675   0.0185   66.32     32    Success 
    32      -15.5844    15.7293      1.0757   0.0097   62.74     33    Success 
    33      -16.6507    14.3541      1.0663   0.0085   55.64     34    Success 
    34      -18.1315    12.2275      1.4808   0.0182   63.06     35    Success 
    35      -19.2335    21.4668      1.1019   0.0238   66.14     36    Success 
    36      -20.0886    11.1576      0.8551   0.0171   77.10     37    Success 
    37      -20.5555     9.4555      0.4669   0.0069   64.12     38    Success 
    38      -21.2149     9.3811      0.6594   0.0113   60.86     39    Success 
    39      -21.6297    16.6071      0.4149   0.0204   71.96     40    Success 
    40      -21.9713    15.5995      0.3416   0.0079   69.33     41    Success 
    41      -22.1747     6.2149      0.2034   0.0058   65.39     42    Success 
    42      -22.3467     4.1562      0.1719   0.0038   58.39     43    Success 
    43      -22.5017     4.0686      0.1550   0.0105   65.74     44    Success 
    44      -22.5367     4.4526      0.0350   0.0017   56.31     46    Success 
    45      -22.5642     2.5988      0.0275   0.0010   63.12     47    Success 
    46      -22.5939     2.2440      0.0297   0.0017   57.31     48    Success 
    47      -22.6245     2.4046      0.0306   0.0019   58.75     49    Success 
    48      -22.6527     3.9773      0.0281   0.0032   63.48     50    Success 
    49      -22.6791     1.9520      0.0264   0.0026   74.83     51    Success 
    50      -22.6891     1.4790      0.0100   0.0007   58.22     52    Success 
    51      -22.7038     1.3707      0.0147   0.0013   53.62     53    Success 
    52      -22.7227     1.9150      0.0188   0.0022   59.44     54    Success 
    53      -22.7439     2.2521      0.0213   0.0033   71.47     55    Success 
    54      -22.7568     3.0554      0.0128   0.0033   76.07     56    Success 
    55      -22.7700     1.2770      0.0132   0.0011   70.56     57    Success 
    56      -22.7766     1.0452      0.0066   0.0010   64.56     58    Success 
    57      -22.7837     1.0354      0.0071   0.0012   66.97     59    Success 
    58      -22.7909     2.3370      0.0072   0.0021   68.79     60    Success 
    59      -22.7999     1.0308      0.0090   0.0019   79.51     61    Success 
    60      -22.8047     0.9129      0.0048   0.0010   69.67     62    Success 
    61      -22.8118     1.1281      0.0072   0.0014   65.39     63    Success 
    62      -22.8183     2.7747      0.0064   0.0023   72.36     64    Success 
    63      -22.8262     1.4608      0.0080   0.0015   80.19     65    Success 
    64      -22.8322     1.0761      0.0060   0.0009   71.39     66    Success 
    65      -22.8401     1.1427      0.0078   0.0017   70.21     67    Success 
    66      -22.8470     1.0402      0.0069   0.0021   76.63     68    Success 
    67      -22.8539     1.3879      0.0069   0.0030   77.42     69    Success 
    68      -22.8566     2.1571      0.0027   0.0023   79.62     70    Success 
    69      -22.8605     1.1020      0.0039   0.0004   70.85     71    Success 
    70      -22.8634     0.7111      0.0029   0.0004   60.65     72    Success 
    71      -22.8666     0.7283      0.0031   0.0008   67.61     73    Success 
    72      -22.8697     1.2321      0.0031   0.0013   68.49     74    Success 
    73      -22.8725     0.7399      0.0028   0.0016   80.28     75    Success 
    74      -22.8737     0.4452      0.0012   0.0002   54.14     76    Success 
    75      -22.8751     0.3557      0.0014   0.0004   42.45     77    Success 
    76      -22.8756     0.4256      0.0005   0.0004   70.67     78    Success 
    77      -22.8760     0.2938      0.0004   0.0002   69.56     79    Success 
    78      -22.8762     0.2427      0.0003   0.0002   64.71     80    Success 
    79      -22.8764     0.2647      0.0002   0.0002   68.35     81    Success 
    80      -22.8768     0.2648      0.0004   0.0002   67.84     82    Success 
    81      -22.8771     0.6247      0.0002   0.0004   67.74     83    Success 
    82      -22.8774     0.3341      0.0004   0.0002   78.38     84    Success 
    83      -22.8776     0.0887      0.0002   0.0002   74.72     85    Success 
    84      -22.8776     0.0821      0.0000   0.0000   53.41     86    Success 
    85      -22.8777     0.0891      0.0001   0.0001   46.90     87    Success 
    86      -22.8777     0.2275      0.0000   0.0001   54.09     88    Success 
    87      -22.8778     0.1032      0.0001   0.0001   76.73     89    Success 
    88      -22.8778     0.0793      0.0000   0.0001   69.05     90    Success 
    89      -22.8779     0.0837      0.0000   0.0001   64.17     91    Success 
    90      -22.8779     0.1661      0.0000   0.0001   67.14     92    Success 
    91      -22.8779     0.0752      0.0000   0.0001   75.50     93    Success 
    92      -22.8780     0.0560      0.0000   0.0000   52.17     94    Success 
    93      -22.8780     0.0657      0.0000   0.0001   55.61     95    Success 
    94      -22.8780     0.0740      0.0000   0.0001   70.05     96    Success 
    95      -22.8780     0.0620      0.0000   0.0001   74.91     97    Success 
    96      -22.8780     0.1207      0.0000   0.0001   71.81     98    Success 
    97      -22.8781     0.0638      0.0000   0.0000   66.92     99    Success 
    98      -22.8781     0.0541      0.0000   0.0000   61.88    100    Success 
    99      -22.8781     0.0567      0.0000   0.0001   71.03    101    Success 
   100      -22.8781     0.1122      0.0000   0.0001   74.48    102    Success 
   101      -22.8781     0.0503      0.0000   0.0001   80.51    103    Success 
   102      -22.8781     0.0328      0.0000   0.0000   53.05    104    Success 
   103      -22.8781     0.0364      0.0000   0.0000   44.01    105    Success 
   104      -22.8781     0.0637      0.0000   0.0001   68.27    106    Success 
   105      -22.8782     0.0575      0.0000   0.0001   78.82    107    Success 
   106      -22.8782     0.0376      0.0000   0.0001   78.47    108    Success 
   107      -22.8782     0.0364      0.0000   0.0001   75.28    109    Success 
   108      -22.8782     0.0677      0.0000   0.0001   68.56    110    Success 
   109      -22.8782     0.0417      0.0000   0.0001   79.15    111    Success 
   110      -22.8782     0.0297      0.0000   0.0000   73.63    112    Success 
   111      -22.8782     0.0306      0.0000   0.0000   69.53    113    Success 
   112      -22.8782     0.0482      0.0000   0.0001   73.11    114    Success 
   113      -22.8782     0.0810      0.0000   0.0001   80.73    115    Success 
   114      -22.8782     0.0385      0.0000   0.0000   73.44    116    Success 
   115      -22.8782     0.0437      0.0000   0.0000   69.45    117    Success 
   116      -22.8782     0.0488      0.0000   0.0001   78.20    118    Success 
   117      -22.8783     0.0432      0.0000   0.0001   79.60    119    Success 
   118      -22.8783     0.0636      0.0000   0.0001   81.23    121    Success 
   119      -22.8783     0.0296      0.0000   0.0001   82.64    122    Success 
   120      -22.8783     0.0185      0.0000   0.0000   78.84    123    Success 
   121      -22.8783     0.0215      0.0000   0.0000   71.23    124    Success 
   122      -22.8783     0.0191      0.0000   0.0000   71.61    125    Success 
   123      -22.8783     0.0270      0.0000   0.0000   68.36    127    Success 
   124      -22.8783     0.0124      0.0000   0.0000   72.70    128    Success 
   125      -22.8783     0.0105      0.0000   0.0000   57.98    129    Success 
   126      -22.8783     0.0118      0.0000   0.0000   61.58    130    Success 
   127      -22.8783     0.0131      0.0000   0.0000   72.82    131    Success 
   128      -22.8783     0.0137      0.0000   0.0000   76.85    132    Success 
   129      -22.8783     0.0071      0.0000   0.0000   49.40    133    Success 
   130      -22.8783     0.0079      0.0000   0.0000   51.12    134    Success 
   131      -22.8783     0.0149      0.0000   0.0000   70.17    135    Success 
   132      -22.8783     0.0065      0.0000   0.0000   77.78    136    Success 
   133      -22.8783     0.0044      0.0000   0.0000   71.86    137    Success 
   134      -22.8783     0.0056      0.0000   0.0000   68.06    138    Success 
   135      -22.8783     0.0097      0.0000   0.0000   70.69    139    Success 
   136      -22.8783     0.0058      0.0000   0.0000   78.21    140    Success 
   137      -22.8783     0.0045      0.0000   0.0000   68.01    141    Success 
   138      -22.8783     0.0047      0.0000   0.0000   68.69    142    Success 
   139      -22.8783     0.0094      0.0000   0.0000   72.95    143    Success 
   140      -22.8783     0.0045      0.0000   0.0000   73.57    144    Success 
   141      -22.8783     0.0046      0.0000   0.0000   62.65    145    Success 
   142      -22.8783     0.0063      0.0000   0.0000   72.93    146    Success 
   143      -22.8783     0.0072      0.0000   0.0000   77.88    147    Success 
   144      -22.8783     0.0057      0.0000   0.0000   81.38    148    Success 
   145      -22.8783     0.0027      0.0000   0.0000   45.65    149    Success 
   146      -22.8783     0.0033      0.0000   0.0000   38.87    150    Success 
   147      -22.8783     0.0047      0.0000   0.0000   69.55    151    Success 
   148      -22.8783     0.0029      0.0000   0.0000   78.98    152    Success 
   149      -22.8783     0.0017      0.0000   0.0000   76.78    153    Success 
   150      -22.8783     0.0020      0.0000   0.0000   69.44    154    Success 
   151      -22.8783     0.0027      0.0000   0.0000   71.32    155    Success 
   152      -22.8783     0.0040      0.0000   0.0000   78.52    156    Success 
   153      -22.8783     0.0020      0.0000   0.0000   70.49    157    Success 
   154      -22.8783     0.0014      0.0000   0.0000   63.53    158    Success 
   155      -22.8783     0.0017      0.0000   0.0000   64.83    159    Success 
   156      -22.8783     0.0017      0.0000   0.0000   72.94    160    Success 
   157      -22.8783     0.0018      0.0000   0.0000   76.06    161    Success 
   158      -22.8783     0.0024      0.0000   0.0000   77.56    162    Success 
   159      -22.8783     0.0011      0.0000   0.0000   71.27    163    Success 
   160      -22.8783     0.0009      0.0000   0.0000   63.05    164   SmallGrad

 LBFGS  --  Normal Termination due to SmallGrad

 Final Function Value :          -22.8783
 Final RMS Gradient :              0.0009
 Final Gradient Norm :             0.0037
