
     ######################################################################
   ##########################################################################
  ###                                                                      ###
 ###            Tinker  ---  Software Tools for Molecular Design            ###
 ##                                                                          ##
 ##                          Version 8.7  June 2019                          ##
 ##                                                                          ##
 ##               Copyright (c)  Jay William Ponder  1990-2019               ##
 ###                           All Rights Reserved                          ###
  ###                                                                      ###
   ##########################################################################
     ######################################################################


 Additional Atom Definition Parameters :

     Type  Class  Symbol  Description               Atomic    Mass   Valence

     403    403     N     ModifiedRes                  7     14.007     3
     412    412     H     ModifiedRes                  1      1.008     1
     401    401     C     ModifiedRes                  6     12.011     4
     410    410     H     ModifiedRes                  1      1.008     1
     404    404     C     ModifiedRes                  6     12.011     3
     411    411     O     ModifiedRes                  8     15.999     1
     402    402     C     ModifiedRes                  6     12.011     4
     407    407     S     ModifiedRes                 16     32.066     2
     408    408     C     ModifiedRes                  6     12.011     2
     416    416     N     ModifiedRes                  7     14.007     1
     409    409     H     ModifiedRes                  1      1.008     1
     406    406     C     ModifiedRes                  6     12.011     3
     413    413     O     ModifiedRes                  8     15.999     1
     405    405     N     ModifiedRes                  7     14.007     3
     414    414     H     ModifiedRes                  1      1.008     1
     415    415     H     ModifiedRes                  1      1.008     1

 Additional Bond Stretching Parameters :

     Atom Classes             K(S)         Length

       401 403             374.800         1.4589
       403 406             482.000         1.3610
       403 412             542.000         1.0150
       401 410             341.000         1.0957
       401 404             345.300         1.5388
       401 402             345.300         1.5181
       404 405             482.000         1.3572
       404 411             705.000         1.2314
       402 409             395.500         1.0914
       402 407             235.800         1.8318
       407 408             235.800         1.6971
       408 416             450.000         1.1861
       406 413             705.000         1.2330
       406 414             356.400         1.1017
       405 415             542.000         1.0125

 Additional Angle Bending Parameters :

     Atom Classes             K(B)          Angle

     403 406 413            60.000        124.094
     401 403 412            35.000        118.942
     406 403 412            35.000        118.838
     401 404 405            70.000        113.359
     401 404 411            80.000        121.700
     401 402 407            53.200        108.210
     401 403 406            50.000        121.364
     404 401 410            38.000        109.343
     402 401 410            38.000        110.332
     403 401 410            50.600        106.311
     402 401 404            60.000        109.451
     403 401 404            80.000        110.698
     402 401 403            80.000        110.661
     402 407 408            60.430         97.779
     407 408 416            60.000        178.379
     409 402 409            39.570        108.414
     401 402 409            42.440        109.507
     407 402 409            60.240        109.536
     405 404 411            60.000        124.942
     413 406 414            68.340        122.634
     403 406 414            31.650        113.263
     415 405 415            22.300        119.362
     404 405 415            35.000        117.511

 Additional Stretch-Bend Parameters :

     Atom Classes          K(SB)-1        K(SB)-2

     401 403 412             4.300          7.200
     406 403 412             4.300          7.200
     401 404 405            18.700         18.700
     401 402 407            18.700         18.700
     401 403 406             7.200          7.200
     404 401 410            11.500         18.700
     402 401 410            11.500         18.700
     403 401 410            11.500         11.500
     402 401 404            18.700         18.700
     403 401 404            18.700         18.700
     402 401 403            18.700         18.700
     402 407 408            -5.750         -5.750
     401 402 409            11.500         11.500
     407 402 409            11.500         11.500
     403 406 414            11.500         11.500
     404 405 415             4.300          7.200
     415 405 415             4.300          7.200
     401 404 411            18.700         18.700
     413 406 414            11.500         11.500

 Additional Out-of-Plane Bend Parameters :

     Atom Classes                   K(OPB)

     401 403   0   0                14.400
     401 404   0   0                14.400
     403 406   0   0               107.910
     404 405   0   0                71.940
     405 404   0   0               107.910
     406 403   0   0                71.940
     411 404   0   0               122.298
     412 403   0   0                 5.755
     413 406   0   0               122.298
     414 406   0   0               140.283
     415 405   0   0                 5.755

 Additional Torsional Parameters :

     Atom Classes     1-Fold    2-Fold    3-Fold    4-Fold    5-Fold    6-Fold

   403 401 404 405   0.00   0  0.00 180  0.00   0  0.00   0  0.00   0  0.00   0
   403 401 404 411   0.00   0  0.00 180  0.00   0  0.00   0  0.00   0  0.00   0
   403 401 402 409   0.00   0  0.00 180  0.00   0  0.00   0  0.00   0  0.00   0
   403 401 402 407   0.00   0  0.00 180  0.00   0  0.00   0  0.00   0  0.00   0
   410 401 403 412   0.00   0  0.00 180  0.00   0  0.00   0  0.00   0  0.00   0
   404 401 403 412   0.00   0  0.00 180  0.00   0  0.00   0  0.00   0  0.00   0
   402 401 403 412   0.00   0  0.00 180  0.00   0  0.00   0  0.00   0  0.00   0
   412 403 406 413   0.00   0  0.00 180  0.00   0  0.00   0  0.00   0  0.00   0
   412 403 406 414   0.00   0  0.00 180  0.00   0  0.00   0  0.00   0  0.00   0
   401 404 405 415   0.00   0  1.20 180  0.80   0  0.00   0  0.00   0  0.00   0
   401 402 407 408   0.00   0  0.00 180  0.00   0  0.00   0  0.00   0  0.00   0
   401 403 406 413   0.00   0  0.00 180  0.00   0  0.00   0  0.00   0  0.00   0
   401 403 406 414   0.00   0  0.00 180  0.00   0  0.00   0  0.00   0  0.00   0
   410 401 404 405   0.00   0  0.00 180  0.00   0  0.00   0  0.00   0  0.00   0
   410 401 404 411   0.00   0  0.00 180  0.00   0  0.00   0  0.00   0  0.00   0
   410 401 402 409   0.00   0  0.00 180  0.00   0  0.00   0  0.00   0  0.00   0
   410 401 402 407   0.00   0  0.00 180  0.00   0  0.00   0  0.00   0  0.00   0
   410 401 403 406   0.00   0  0.00 180  0.00   0  0.00   0  0.00   0  0.00   0
   404 401 402 409   0.00   0  0.00 180  0.00   0  0.00   0  0.00   0  0.00   0
   404 401 402 407   0.00   0  0.00 180  0.00   0  0.00   0  0.00   0  0.00   0
   404 401 403 406   0.00   0  0.00 180  0.00   0  0.00   0  0.00   0  0.00   0
   411 404 405 415   0.00   0  0.00 180  0.00   0  0.00   0  0.00   0  0.00   0
   402 401 404 411   0.00   0  0.00 180  0.00   0  0.00   0  0.00   0  0.00   0
   402 401 404 405   0.00   0  0.00 180  0.00   0  0.00   0  0.00   0  0.00   0
   402 401 403 406   0.00   0  0.00 180  0.00   0  0.00   0  0.00   0  0.00   0
   402 407 408 416   0.00   0  0.00 180  0.50   0  0.00   0  0.00   0  0.00   0
   409 402 407 408   0.00   0  0.00 180  0.00   0  0.00   0  0.00   0  0.00   0

 Additional Pi-Orbital Torsion Parameters :

     Atom Classes       2-Fold

       404 405           6.850
       403 406           6.850

 Additional van der Waals Parameters :

     Atom Class               Size        Epsilon        Reduction

         403                3.7100         0.1100          0.000
         412                2.5900         0.0220          0.900
         401                3.6500         0.1010          0.000
         410                2.8800         0.0240          0.910
         404                3.8200         0.1060          0.000
         411                3.3000         0.1120          0.000
         402                3.7800         0.1060          0.000
         407                4.0050         0.3550          0.000
         408                3.7800         0.1060          0.000
         416                3.7100         0.1050          0.000
         409                2.8700         0.0330          0.900
         406                3.8200         0.1060          0.000
         413                3.3000         0.1120          0.000
         405                3.7100         0.1100          0.000
         414                2.9200         0.0300          0.920
         415                2.5900         0.0220          0.900

 Additional Atomic Multipole Parameters :

     Atom Type     Coordinate Frame Definition         Multipole Moments

         401      403    404      0   Z-then-X    -0.27040
                                                  -0.22190  0.00000  0.26102
                                                  -0.17903
                                                   0.00000 -0.24517
                                                   0.13675  0.00000  0.42420

         402      407    401      0   Z-then-X    -0.16380
                                                   0.27778  0.00000 -0.20334
                                                   0.30211
                                                   0.00000 -0.49081
                                                  -0.33263  0.00000  0.18870

         403      406    401      0   Z-then-X    -0.06286
                                                   0.37348  0.00000 -0.12295
                                                   0.79149
                                                   0.00000 -1.08676
                                                  -0.63736  0.00000  0.29527

         404      411    405      0   Z-then-X     0.97419
                                                  -0.10999  0.00000  0.25580
                                                   0.38321
                                                   0.00000 -0.33696
                                                  -0.17133  0.00000 -0.04625

         405      404    415      0   Z-then-X    -0.32376
                                                   0.05823  0.00000 -0.07138
                                                   0.32176
                                                   0.00000 -0.38869
                                                  -0.03945  0.00000  0.06693

         406      413    403      0   Z-then-X     0.63075
                                                   0.40149  0.00000  0.25741
                                                  -0.01797
                                                   0.00000  0.01503
                                                   0.00873  0.00000  0.00294

         407      408    402      0   Z-then-X     0.34019
                                                   0.47821  0.00000  0.49978
                                                   1.11919
                                                   0.00000 -2.31639
                                                  -0.50667  0.00000  1.19720

         408      407    416      0   Z-then-X     0.21608
                                                   0.00820  0.00000 -0.28509
                                                   0.05369
                                                   0.00000  0.10740
                                                   0.05156  0.00000 -0.16109

         409      402    407      0   Z-then-X     0.09933
                                                   0.00064  0.00000 -0.16410
                                                   0.07960
                                                   0.00000  0.07569
                                                  -0.01944  0.00000 -0.15529

         410      401    403      0   Z-then-X     0.10718
                                                  -0.02083  0.00000 -0.03604
                                                  -0.03187
                                                   0.00000  0.01466
                                                  -0.01392  0.00000  0.01721

         411      404    405      0   Z-then-X    -0.77613
                                                   0.13027  0.00000 -0.18830
                                                  -0.53109
                                                   0.00000  0.25725
                                                   0.21601  0.00000  0.27384

         412      403    401      0   Z-then-X     0.11911
                                                   0.01244  0.00000 -0.25689
                                                   0.04573
                                                   0.00000  0.01640
                                                  -0.00301  0.00000 -0.06213

         413      406    403      0   Z-then-X    -0.66614
                                                  -0.21394  0.00000 -0.03273
                                                  -0.49754
                                                   0.00000  0.12402
                                                  -0.24547  0.00000  0.37352

         414      406    413      0   Z-then-X    -0.02624
                                                   0.07068  0.00000 -0.22870
                                                   0.12255
                                                   0.00000  0.03666
                                                   0.03118  0.00000 -0.15921

         415      405    404      0   Z-then-X     0.13248
                                                   0.00045  0.00000 -0.38308
                                                   0.28470
                                                   0.00000  0.12111
                                                   0.01221  0.00000 -0.40581

         416      408    407      0   Z-then-X    -0.56179
                                                   0.01684  0.00000 -0.29231
                                                   0.37390
                                                   0.00000  0.24558
                                                   0.00671  0.00000 -0.61948

 Additional Atomic Dipole Polarizability Parameters :

     Atom Type           Alpha       Thole     Group Atom Types

         403             1.073       0.390         412  401  406
         412             0.496       0.390         403
         401             1.334       0.390         403  410  404  402
         410             0.496       0.390         401
         404             1.334       0.390         401  411  405
         411             0.837       0.390         404
         402             1.334       0.390         401  407  409
         407             3.300       0.390         402  408
         408             1.334       0.390         407  416
         416             1.073       0.390         408
         409             0.496       0.390         402
         406             1.334       0.390         403  413  414
         413             0.837       0.390         406
         405             1.073       0.390         404  415
         414             0.494       0.390         406
         415             0.496       0.390         405

 Limited Memory BFGS Quasi-Newton Optimization :

 QN Iter     F Value      G RMS      F Move   X Move   Angle  FG Call  Comment

     0      -30.1351    45.9216                                   1
     1      -31.7930    36.6830      1.6579   0.0039    0.00      3    Success 
     2      -32.9139    26.0287      1.1209   0.0026   39.14      4    Success 
     3      -34.3414    10.3721      1.4275   0.0061   38.84      5    Success 
     4      -34.7531    11.4875      0.4117   0.0043   30.43      6    Success 
     5      -35.0669     9.5239      0.3138   0.0043   55.77      7    Success 
     6      -35.3389     7.0603      0.2721   0.0041   55.34      8    Success 
     7      -35.4560     9.8001      0.1171   0.0053   49.97      9    Success 
     8      -35.5636     3.3211      0.1076   0.0013   36.29     10    Success 
     9      -35.5935     3.1310      0.0299   0.0007   32.35     11    Success 
    10      -35.6435     3.2795      0.0500   0.0014   41.86     12    Success 
    11      -35.7260     3.6631      0.0825   0.0029   53.76     13    Success 
    12      -35.8263     6.2553      0.1002   0.0056   63.48     14    Success 
    13      -35.9161     4.3323      0.0899   0.0078   76.74     15    Success 
    14      -35.9562     2.4851      0.0400   0.0012   53.65     16    Success 
    15      -35.9840     2.5219      0.0278   0.0016   47.50     17    Success 
    16      -36.0001     2.6917      0.0161   0.0012   62.40     18    Success 
    17      -36.0157     2.1219      0.0156   0.0012   70.41     19    Success 
    18      -36.0384     1.7489      0.0227   0.0023   68.97     20    Success 
    19      -36.0615     1.7751      0.0231   0.0026   67.70     21    Success 
    20      -36.0867     2.1223      0.0252   0.0037   70.18     22    Success 
    21      -36.1053     2.3922      0.0186   0.0042   73.44     23    Success 
    22      -36.1207     1.2158      0.0154   0.0008   52.43     24    Success 
    23      -36.1301     1.1592      0.0094   0.0010   47.45     25    Success 
    24      -36.1325     1.7197      0.0024   0.0005   63.06     27    Success 
    25      -36.1362     1.1602      0.0037   0.0007   76.86     28    Success 
    26      -36.1413     0.8713      0.0051   0.0013   73.96     29    Success 
    27      -36.1454     0.8254      0.0041   0.0011   71.15     30    Success 
    28      -36.1501     1.3226      0.0047   0.0014   66.91     31    Success 
    29      -36.1533     0.8879      0.0032   0.0013   75.32     32    Success 
    30      -36.1551     0.5323      0.0019   0.0003   61.84     33    Success 
    31      -36.1568     0.4968      0.0017   0.0004   53.88     34    Success 
    32      -36.1585     0.5693      0.0018   0.0007   64.10     35    Success 
    33      -36.1593     0.7635      0.0008   0.0009   69.56     36    Success 
    34      -36.1603     0.2871      0.0009   0.0002   57.63     37    Success 
    35      -36.1607     0.2705      0.0004   0.0002   52.82     38    Success 
    36      -36.1613     0.3181      0.0006   0.0003   54.91     39    Success 
    37      -36.1622     0.4572      0.0009   0.0005   64.70     40    Success 
    38      -36.1630     0.4398      0.0008   0.0009   75.59     41    Success 
    39      -36.1635     0.3054      0.0005   0.0003   72.07     42    Success 
    40      -36.1641     0.3492      0.0006   0.0004   65.60     43    Success 
    41      -36.1648     0.4201      0.0007   0.0005   71.56     44    Success 
    42      -36.1653     0.6153      0.0005   0.0008   76.74     45    Success 
    43      -36.1661     0.3128      0.0007   0.0005   77.83     46    Success 
    44      -36.1666     0.2859      0.0006   0.0004   70.99     47    Success 
    45      -36.1671     0.3538      0.0005   0.0005   74.59     48    Success 
    46      -36.1673     1.1662      0.0001   0.0008   77.37     49    Success 
    47      -36.1675     0.9770      0.0002   0.0001   76.06     50    Success 
    48      -36.1679     0.6790      0.0004   0.0001   77.77     51    Success 
    49      -36.1685     0.2621      0.0006   0.0003   78.42     52    Success 
    50      -36.1689     0.3748      0.0003   0.0004   74.70     53    Success 
    51      -36.1691     0.4325      0.0003   0.0003   81.74     54    Success 
    52      -36.1696     0.4406      0.0005   0.0004   80.52     55    Success 
    53      -36.1703     0.5243      0.0007   0.0007   80.38     56    Success 
    54      -36.1712     0.3527      0.0010   0.0011   82.47     57    Success 
    55      -36.1716     0.5257      0.0004   0.0012   80.20     58    Success 
    56      -36.1721     0.2075      0.0004   0.0001   52.93     59    Success 
    57      -36.1723     0.2371      0.0002   0.0001   53.28     60    Success 
    58      -36.1727     0.2419      0.0003   0.0003   63.49     61    Success 
    59      -36.1731     0.2451      0.0004   0.0006   76.56     62    Success 
    60      -36.1732     0.2081      0.0001   0.0003   77.86     64    Success 
    61      -36.1733     0.1162      0.0001   0.0003   81.97     65    Success 
    62      -36.1734     0.1180      0.0001   0.0002   75.93     66    Success 
    63      -36.1735     0.1464      0.0001   0.0002   69.32     67    Success 
    64      -36.1735     0.1257      0.0001   0.0002   70.66     68    Success 
    65      -36.1736     0.1768      0.0000   0.0001   69.76     69    Success 
    66      -36.1736     0.0893      0.0000   0.0001   71.85     70    Success 
    67      -36.1737     0.0958      0.0000   0.0000   55.03     71    Success 
    68      -36.1737     0.1101      0.0001   0.0001   70.98     72    Success 
    69      -36.1738     0.0996      0.0001   0.0002   77.10     73    Success 
    70      -36.1738     0.2516      0.0000   0.0004   79.55     74    Success 
    71      -36.1739     0.1714      0.0000   0.0000   71.42     75    Success 
    72      -36.1739     0.0631      0.0000   0.0000   53.36     76    Success 
    73      -36.1739     0.0576      0.0000   0.0000   57.99     77    Success 
    74      -36.1739     0.0671      0.0000   0.0001   70.28     78    Success 
    75      -36.1740     0.0815      0.0000   0.0001   74.43     79    Success 
    76      -36.1740     0.1822      0.0000   0.0002   79.74     80    Success 
    77      -36.1740     0.1080      0.0000   0.0000   77.78     81    Success 
    78      -36.1740     0.0421      0.0000   0.0001   74.88     82    Success 
    79      -36.1740     0.0447      0.0000   0.0000   67.69     83    Success 
    80      -36.1740     0.0444      0.0000   0.0000   68.64     84    Success 
    81      -36.1740     0.1096      0.0000   0.0001   74.02     85    Success 
    82      -36.1740     0.0807      0.0000   0.0000   75.43     86    Success 
    83      -36.1740     0.0280      0.0000   0.0000   71.33     87    Success 
    84      -36.1740     0.0196      0.0000   0.0000   65.10     88    Success 
    85      -36.1741     0.0223      0.0000   0.0000   67.45     89    Success 
    86      -36.1741     0.0291      0.0000   0.0000   73.72     90    Success 
    87      -36.1741     0.0247      0.0000   0.0000   76.66     91    Success 
    88      -36.1741     0.0171      0.0000   0.0000   74.90     92    Success 
    89      -36.1741     0.0150      0.0000   0.0000   58.73     93    Success 
    90      -36.1741     0.0094      0.0000   0.0000   77.93     94    Success 
    91      -36.1741     0.0091      0.0000   0.0000   75.62     95    Success 
    92      -36.1741     0.0128      0.0000   0.0000   71.63     96    Success 
    93      -36.1741     0.0085      0.0000   0.0000   74.69     97    Success 
    94      -36.1741     0.0079      0.0000   0.0000   66.09     98    Success 
    95      -36.1741     0.0086      0.0000   0.0000   70.05     99    Success 
    96      -36.1741     0.0141      0.0000   0.0000   72.90    100    Success 
    97      -36.1741     0.0125      0.0000   0.0000   78.52    101    Success 
    98      -36.1741     0.0052      0.0000   0.0000   63.26    102    Success 
    99      -36.1741     0.0051      0.0000   0.0000   56.19    103    Success 
   100      -36.1741     0.0059      0.0000   0.0000   60.01    104    Success 
   101      -36.1741     0.0061      0.0000   0.0000   69.39    105    Success 
   102      -36.1741     0.0085      0.0000   0.0000   74.66    106    Success 
   103      -36.1741     0.0053      0.0000   0.0000   78.44    107    Success 
   104      -36.1741     0.0053      0.0000   0.0000   72.33    108    Success 
   105      -36.1741     0.0056      0.0000   0.0000   71.26    109    Success 
   106      -36.1741     0.0051      0.0000   0.0000   74.90    110    Success 
   107      -36.1741     0.0071      0.0000   0.0000   73.58    112    Success 
   108      -36.1741     0.0040      0.0000   0.0000   78.72    113    Success 
   109      -36.1741     0.0040      0.0000   0.0000   73.31    114    Success 
   110      -36.1741     0.0045      0.0000   0.0000   68.95    115    Success 
   111      -36.1741     0.0022      0.0000   0.0000   73.98    116    Success 
   112      -36.1741     0.0013      0.0000   0.0000   52.61    117    Success 
   113      -36.1741     0.0016      0.0000   0.0000   62.12    118    Success 
   114      -36.1741     0.0015      0.0000   0.0000   68.16    119    Success 
   115      -36.1741     0.0025      0.0000   0.0000   70.80    121    Success 
   116      -36.1741     0.0016      0.0000   0.0000   77.55    122    Success 
   117      -36.1741     0.0008      0.0000   0.0000   70.68    123   SmallGrad

 LBFGS  --  Normal Termination due to SmallGrad

 Final Function Value :          -36.1741
 Final RMS Gradient :              0.0008
 Final Gradient Norm :             0.0034
