
     ######################################################################
   ##########################################################################
  ###                                                                      ###
 ###            Tinker  ---  Software Tools for Molecular Design            ###
 ##                                                                          ##
 ##                          Version 8.7  June 2019                          ##
 ##                                                                          ##
 ##               Copyright (c)  Jay William Ponder  1990-2019               ##
 ###                           All Rights Reserved                          ###
  ###                                                                      ###
   ##########################################################################
     ######################################################################


 Additional Atom Definition Parameters :

     Type  Class  Symbol  Description               Atomic    Mass   Valence

     403    403     N     ModifiedRes                  7     14.007     3
     412    412     H     ModifiedRes                  1      1.008     1
     401    401     C     ModifiedRes                  6     12.011     4
     410    410     H     ModifiedRes                  1      1.008     1
     404    404     C     ModifiedRes                  6     12.011     3
     411    411     O     ModifiedRes                  8     15.999     1
     402    402     C     ModifiedRes                  6     12.011     4
     407    407     S     ModifiedRes                 16     32.066     2
     408    408     C     ModifiedRes                  6     12.011     2
     416    416     N     ModifiedRes                  7     14.007     1
     409    409     H     ModifiedRes                  1      1.008     1
     406    406     C     ModifiedRes                  6     12.011     3
     413    413     O     ModifiedRes                  8     15.999     1
     405    405     N     ModifiedRes                  7     14.007     3
     414    414     H     ModifiedRes                  1      1.008     1
     415    415     H     ModifiedRes                  1      1.008     1

 Additional Bond Stretching Parameters :

     Atom Classes             K(S)         Length

       401 403             374.800         1.4589
       403 406             482.000         1.3610
       403 412             542.000         1.0150
       401 410             341.000         1.0957
       401 404             345.300         1.5388
       401 402             345.300         1.5181
       404 405             482.000         1.3572
       404 411             705.000         1.2314
       402 409             395.500         1.0914
       402 407             235.800         1.8318
       407 408             235.800         1.6971
       408 416             450.000         1.1861
       406 413             705.000         1.2330
       406 414             356.400         1.1017
       405 415             542.000         1.0125

 Additional Angle Bending Parameters :

     Atom Classes             K(B)          Angle

     403 406 413            60.000        124.094
     401 403 412            35.000        118.942
     406 403 412            35.000        118.838
     401 404 405            70.000        113.359
     401 404 411            80.000        121.700
     401 402 407            53.200        108.210
     401 403 406            50.000        121.364
     404 401 410            38.000        109.343
     402 401 410            38.000        110.332
     403 401 410            50.600        106.311
     402 401 404            60.000        109.451
     403 401 404            80.000        110.698
     402 401 403            80.000        110.661
     402 407 408            60.430         97.779
     407 408 416            60.000        178.379
     409 402 409            39.570        108.414
     401 402 409            42.440        109.507
     407 402 409            60.240        109.536
     405 404 411            60.000        124.942
     413 406 414            68.340        122.634
     403 406 414            31.650        113.263
     415 405 415            22.300        119.362
     404 405 415            35.000        117.511

 Additional Stretch-Bend Parameters :

     Atom Classes          K(SB)-1        K(SB)-2

     401 403 412             4.300          7.200
     406 403 412             4.300          7.200
     401 404 405            18.700         18.700
     401 402 407            18.700         18.700
     401 403 406             7.200          7.200
     404 401 410            11.500         18.700
     402 401 410            11.500         18.700
     403 401 410            11.500         11.500
     402 401 404            18.700         18.700
     403 401 404            18.700         18.700
     402 401 403            18.700         18.700
     402 407 408            -5.750         -5.750
     401 402 409            11.500         11.500
     407 402 409            11.500         11.500
     403 406 414            11.500         11.500
     404 405 415             4.300          7.200
     415 405 415             4.300          7.200
     401 404 411            18.700         18.700
     413 406 414            11.500         11.500

 Additional Out-of-Plane Bend Parameters :

     Atom Classes                   K(OPB)

     401 403   0   0                14.400
     401 404   0   0                14.400
     403 406   0   0               107.910
     404 405   0   0                71.940
     405 404   0   0               107.910
     406 403   0   0                71.940
     411 404   0   0               122.298
     412 403   0   0                 5.755
     413 406   0   0               122.298
     414 406   0   0               140.283
     415 405   0   0                 5.755

 Additional Torsional Parameters :

     Atom Classes     1-Fold    2-Fold    3-Fold    4-Fold    5-Fold    6-Fold

   403 401 404 405   0.00   0  0.00 180  0.00   0  0.00   0  0.00   0  0.00   0
   403 401 404 411   0.00   0  0.00 180  0.00   0  0.00   0  0.00   0  0.00   0
   403 401 402 409   0.00   0  0.00 180  0.00   0  0.00   0  0.00   0  0.00   0
   403 401 402 407   0.00   0  0.00 180  0.00   0  0.00   0  0.00   0  0.00   0
   410 401 403 412   0.00   0  0.00 180  0.00   0  0.00   0  0.00   0  0.00   0
   404 401 403 412   0.00   0  0.00 180  0.00   0  0.00   0  0.00   0  0.00   0
   402 401 403 412   0.00   0  0.00 180  0.00   0  0.00   0  0.00   0  0.00   0
   412 403 406 413   0.00   0  0.00 180  0.00   0  0.00   0  0.00   0  0.00   0
   412 403 406 414   0.00   0  0.00 180  0.00   0  0.00   0  0.00   0  0.00   0
   401 404 405 415   0.00   0  1.20 180  0.80   0  0.00   0  0.00   0  0.00   0
   401 402 407 408   0.00   0  0.00 180  0.00   0  0.00   0  0.00   0  0.00   0
   401 403 406 413   0.00   0  0.00 180  0.00   0  0.00   0  0.00   0  0.00   0
   401 403 406 414   0.00   0  0.00 180  0.00   0  0.00   0  0.00   0  0.00   0
   410 401 404 405   0.00   0  0.00 180  0.00   0  0.00   0  0.00   0  0.00   0
   410 401 404 411   0.00   0  0.00 180  0.00   0  0.00   0  0.00   0  0.00   0
   410 401 402 409   0.00   0  0.00 180  0.00   0  0.00   0  0.00   0  0.00   0
   410 401 402 407   0.00   0  0.00 180  0.00   0  0.00   0  0.00   0  0.00   0
   410 401 403 406   0.00   0  0.00 180  0.00   0  0.00   0  0.00   0  0.00   0
   404 401 402 409   0.00   0  0.00 180  0.00   0  0.00   0  0.00   0  0.00   0
   404 401 402 407   0.00   0  0.00 180  0.00   0  0.00   0  0.00   0  0.00   0
   404 401 403 406   0.00   0  0.00 180  0.00   0  0.00   0  0.00   0  0.00   0
   411 404 405 415   0.00   0  0.00 180  0.00   0  0.00   0  0.00   0  0.00   0
   402 401 404 411   0.00   0  0.00 180  0.00   0  0.00   0  0.00   0  0.00   0
   402 401 404 405   0.00   0  0.00 180  0.00   0  0.00   0  0.00   0  0.00   0
   402 401 403 406   0.00   0  0.00 180  0.00   0  0.00   0  0.00   0  0.00   0
   402 407 408 416   0.00   0  0.00 180  0.50   0  0.00   0  0.00   0  0.00   0
   409 402 407 408   0.00   0  0.00 180  0.00   0  0.00   0  0.00   0  0.00   0

 Additional Pi-Orbital Torsion Parameters :

     Atom Classes       2-Fold

       404 405           6.850
       403 406           6.850

 Additional van der Waals Parameters :

     Atom Class               Size        Epsilon        Reduction

         403                3.7100         0.1100          0.000
         412                2.5900         0.0220          0.900
         401                3.6500         0.1010          0.000
         410                2.8800         0.0240          0.910
         404                3.8200         0.1060          0.000
         411                3.3000         0.1120          0.000
         402                3.7800         0.1060          0.000
         407                4.0050         0.3550          0.000
         408                3.7800         0.1060          0.000
         416                3.7100         0.1050          0.000
         409                2.8700         0.0330          0.900
         406                3.8200         0.1060          0.000
         413                3.3000         0.1120          0.000
         405                3.7100         0.1100          0.000
         414                2.9200         0.0300          0.920
         415                2.5900         0.0220          0.900

 Additional Atomic Multipole Parameters :

     Atom Type     Coordinate Frame Definition         Multipole Moments

         401      403    404      0   Z-then-X    -0.27040
                                                  -0.22190  0.00000  0.26102
                                                  -0.17903
                                                   0.00000 -0.24517
                                                   0.13675  0.00000  0.42420

         402      407    401      0   Z-then-X    -0.16380
                                                   0.27778  0.00000 -0.20334
                                                   0.30211
                                                   0.00000 -0.49081
                                                  -0.33263  0.00000  0.18870

         403      406    401      0   Z-then-X    -0.06286
                                                   0.37348  0.00000 -0.12295
                                                   0.79149
                                                   0.00000 -1.08676
                                                  -0.63736  0.00000  0.29527

         404      411    405      0   Z-then-X     0.97419
                                                  -0.10999  0.00000  0.25580
                                                   0.38321
                                                   0.00000 -0.33696
                                                  -0.17133  0.00000 -0.04625

         405      404    415      0   Z-then-X    -0.32376
                                                   0.05823  0.00000 -0.07138
                                                   0.32176
                                                   0.00000 -0.38869
                                                  -0.03945  0.00000  0.06693

         406      413    403      0   Z-then-X     0.63075
                                                   0.40149  0.00000  0.25741
                                                  -0.01797
                                                   0.00000  0.01503
                                                   0.00873  0.00000  0.00294

         407      408    402      0   Z-then-X     0.34019
                                                   0.47821  0.00000  0.49978
                                                   1.11919
                                                   0.00000 -2.31639
                                                  -0.50667  0.00000  1.19720

         408      407    416      0   Z-then-X     0.21608
                                                   0.00820  0.00000 -0.28509
                                                   0.05369
                                                   0.00000  0.10740
                                                   0.05156  0.00000 -0.16109

         409      402    407      0   Z-then-X     0.09933
                                                   0.00064  0.00000 -0.16410
                                                   0.07960
                                                   0.00000  0.07569
                                                  -0.01944  0.00000 -0.15529

         410      401    403      0   Z-then-X     0.10718
                                                  -0.02083  0.00000 -0.03604
                                                  -0.03187
                                                   0.00000  0.01466
                                                  -0.01392  0.00000  0.01721

         411      404    405      0   Z-then-X    -0.77613
                                                   0.13027  0.00000 -0.18830
                                                  -0.53109
                                                   0.00000  0.25725
                                                   0.21601  0.00000  0.27384

         412      403    401      0   Z-then-X     0.11911
                                                   0.01244  0.00000 -0.25689
                                                   0.04573
                                                   0.00000  0.01640
                                                  -0.00301  0.00000 -0.06213

         413      406    403      0   Z-then-X    -0.66614
                                                  -0.21394  0.00000 -0.03273
                                                  -0.49754
                                                   0.00000  0.12402
                                                  -0.24547  0.00000  0.37352

         414      406    413      0   Z-then-X    -0.02624
                                                   0.07068  0.00000 -0.22870
                                                   0.12255
                                                   0.00000  0.03666
                                                   0.03118  0.00000 -0.15921

         415      405    404      0   Z-then-X     0.13248
                                                   0.00045  0.00000 -0.38308
                                                   0.28470
                                                   0.00000  0.12111
                                                   0.01221  0.00000 -0.40581

         416      408    407      0   Z-then-X    -0.56179
                                                   0.01684  0.00000 -0.29231
                                                   0.37390
                                                   0.00000  0.24558
                                                   0.00671  0.00000 -0.61948

 Additional Atomic Dipole Polarizability Parameters :

     Atom Type           Alpha       Thole     Group Atom Types

         403             1.073       0.390         412  401  406
         412             0.496       0.390         403
         401             1.334       0.390         403  410  404  402
         410             0.496       0.390         401
         404             1.334       0.390         401  411  405
         411             0.837       0.390         404
         402             1.334       0.390         401  407  409
         407             3.300       0.390         402  408
         408             1.334       0.390         407  416
         416             1.073       0.390         408
         409             0.496       0.390         402
         406             1.334       0.390         403  413  414
         413             0.837       0.390         406
         405             1.073       0.390         404  415
         414             0.494       0.390         406
         415             0.496       0.390         405

 Limited Memory BFGS Quasi-Newton Optimization :

 QN Iter     F Value      G RMS      F Move   X Move   Angle  FG Call  Comment

     0       46.6556   143.9265                                   1
     1      -15.2592    90.4245     61.9148   0.0464    0.00      3    Success 
     2      -22.9166    65.0072      7.6574   0.0112   32.08      5    Success 
     3      -26.3437    33.8166      3.4270   0.0058   37.38      6    Success 
     4      -28.0439    21.1670      1.7002   0.0051   35.15      7    Success 
     5      -29.2689    17.5773      1.2250   0.0055   38.11      8    Success 
     6      -30.7325    19.0584      1.4636   0.0105   43.74      9    Success 
     7      -31.6555    22.3910      0.9230   0.0115   57.73     10    Success 
     8      -32.5168    13.0077      0.8613   0.0048   55.52     11    Success 
     9      -33.4830    11.2723      0.9662   0.0104   52.58     12    Success 
    10      -34.1358    10.6644      0.6528   0.0095   64.32     13    Success 
    11      -34.8876    13.4423      0.7518   0.0150   63.12     14    Success 
    12      -35.0962    16.8536      0.2086   0.0132   66.27     15    Success 
    13      -35.4089    11.1543      0.3127   0.0032   64.45     16    Success 
    14      -35.6850     6.0869      0.2761   0.0034   39.50     17    Success 
    15      -35.7846     4.9545      0.0997   0.0019   52.52     18    Success 
    16      -35.9472     3.9217      0.1626   0.0042   57.64     19    Success 
    17      -36.1798     3.8868      0.2325   0.0090   59.27     20    Success 
    18      -36.2789     6.2797      0.0991   0.0072   66.69     22    Success 
    19      -36.3885     3.7714      0.1096   0.0069   76.92     23    Success 
    20      -36.4760     3.0423      0.0875   0.0042   66.72     24    Success 
    21      -36.6063     3.1663      0.1303   0.0064   60.28     25    Success 
    22      -36.6827    10.2657      0.0763   0.0106   64.50     26    Success 
    23      -36.7877     4.1076      0.1051   0.0021   67.38     27    Success 
    24      -36.8511     2.6687      0.0634   0.0024   60.48     28    Success 
    25      -36.9136     6.3220      0.0625   0.0049   65.35     29    Success 
    26      -36.9698     4.8398      0.0562   0.0059   80.32     30    Success 
    27      -37.0130     2.9605      0.0432   0.0031   77.62     31    Success 
    28      -37.0524     2.4271      0.0393   0.0034   70.96     32    Success 
    29      -37.0850     2.6063      0.0326   0.0026   68.46     33    Success 
    30      -37.1148     4.2702      0.0299   0.0042   70.91     34    Success 
    31      -37.1444     2.0416      0.0296   0.0027   73.47     35    Success 
    32      -37.1568     1.6460      0.0124   0.0006   42.79     36    Success 
    33      -37.1764     1.5939      0.0195   0.0013   48.60     37    Success 
    34      -37.2022     2.1124      0.0258   0.0034   66.33     38    Success 
    35      -37.2071     3.3144      0.0049   0.0038   74.16     39    Success 
    36      -37.2153     2.2328      0.0082   0.0002   44.27     40    Success 
    37      -37.2251     0.7238      0.0098   0.0007   52.80     41    Success 
    38      -37.2279     0.8191      0.0028   0.0004   53.40     42    Success 
    39      -37.2328     0.8934      0.0049   0.0008   60.47     43    Success 
    40      -37.2404     1.1838      0.0076   0.0014   64.30     44    Success 
    41      -37.2488     1.1570      0.0084   0.0025   73.25     45    Success 
    42      -37.2533     0.8634      0.0045   0.0016   75.05     46    Success 
    43      -37.2556     0.5313      0.0023   0.0005   60.96     47    Success 
    44      -37.2572     0.5068      0.0016   0.0004   53.80     48    Success 
    45      -37.2585     0.6927      0.0013   0.0005   59.47     49    Success 
    46      -37.2596     0.5860      0.0011   0.0005   70.64     50    Success 
    47      -37.2602     0.7194      0.0006   0.0003   70.36     51    Success 
    48      -37.2607     0.4167      0.0005   0.0002   73.59     52    Success 
    49      -37.2611     0.3540      0.0004   0.0002   71.73     53    Success 
    50      -37.2618     0.4399      0.0007   0.0004   69.34     54    Success 
    51      -37.2628     0.5249      0.0010   0.0006   73.35     55    Success 
    52      -37.2640     0.7930      0.0012   0.0009   76.21     56    Success 
    53      -37.2647     0.5582      0.0007   0.0010   80.56     57    Success 
    54      -37.2652     0.2113      0.0005   0.0003   76.34     58    Success 
    55      -37.2654     0.2283      0.0002   0.0002   57.37     59    Success 
    56      -37.2657     0.3099      0.0003   0.0002   56.59     60    Success 
    57      -37.2661     0.3411      0.0005   0.0003   71.55     61    Success 
    58      -37.2667     0.5007      0.0006   0.0006   76.18     62    Success 
    59      -37.2671     0.3062      0.0004   0.0008   81.12     63    Success 
    60      -37.2673     0.1079      0.0002   0.0001   66.45     64    Success 
    61      -37.2673     0.0806      0.0001   0.0001   50.49     65    Success 
    62      -37.2674     0.0869      0.0000   0.0001   54.62     66    Success 
    63      -37.2674     0.0963      0.0001   0.0001   58.74     67    Success 
    64      -37.2675     0.0809      0.0001   0.0002   69.97     68    Success 
    65      -37.2675     0.0708      0.0000   0.0001   65.47     69    Success 
    66      -37.2675     0.0585      0.0000   0.0001   59.49     70    Success 
    67      -37.2676     0.0717      0.0000   0.0001   61.28     71    Success 
    68      -37.2676     0.1466      0.0000   0.0001   72.04     72    Success 
    69      -37.2676     0.0935      0.0000   0.0000   60.93     73    Success 
    70      -37.2676     0.0353      0.0000   0.0000   57.24     74    Success 
    71      -37.2676     0.0396      0.0000   0.0000   64.06     75    Success 
    72      -37.2676     0.0487      0.0000   0.0000   64.24     76    Success 
    73      -37.2676     0.0612      0.0000   0.0001   73.36     77    Success 
    74      -37.2676     0.0579      0.0000   0.0001   76.98     78    Success 
    75      -37.2677     0.0839      0.0000   0.0001   75.31     79    Success 
    76      -37.2677     0.0680      0.0000   0.0001   79.41     80    Success 
    77      -37.2677     0.0283      0.0000   0.0000   68.42     81    Success 
    78      -37.2677     0.0273      0.0000   0.0000   62.67     82    Success 
    79      -37.2677     0.0260      0.0000   0.0000   63.74     83    Success 
    80      -37.2677     0.0309      0.0000   0.0001   66.97     84    Success 
    81      -37.2677     0.0412      0.0000   0.0001   78.35     85    Success 
    82      -37.2677     0.0159      0.0000   0.0000   76.51     86    Success 
    83      -37.2677     0.0118      0.0000   0.0000   56.16     87    Success 
    84      -37.2677     0.0145      0.0000   0.0000   59.75     88    Success 
    85      -37.2677     0.0169      0.0000   0.0000   66.75     89    Success 
    86      -37.2677     0.0269      0.0000   0.0001   73.28     90    Success 
    87      -37.2677     0.0110      0.0000   0.0000   75.53     91    Success 
    88      -37.2677     0.0112      0.0000   0.0000   63.21     92    Success 
    89      -37.2677     0.0207      0.0000   0.0000   64.68     93    Success 
    90      -37.2677     0.0140      0.0000   0.0000   77.12     94    Success 
    91      -37.2677     0.0145      0.0000   0.0000   69.74     95    Success 
    92      -37.2677     0.0335      0.0000   0.0000   72.01     96    Success 
    93      -37.2677     0.0136      0.0000   0.0000   79.88     97    Success 
    94      -37.2677     0.0113      0.0000   0.0000   70.95     98    Success 
    95      -37.2677     0.0108      0.0000   0.0000   70.48     99    Success 
    96      -37.2677     0.0190      0.0000   0.0000   70.19    100    Success 
    97      -37.2677     0.0132      0.0000   0.0000   80.63    101    Success 
    98      -37.2677     0.0101      0.0000   0.0000   75.98    102    Success 
    99      -37.2677     0.0091      0.0000   0.0000   69.75    103    Success 
   100      -37.2677     0.0084      0.0000   0.0000   62.58    104    Success 
   101      -37.2677     0.0083      0.0000   0.0000   68.25    105    Success 
   102      -37.2677     0.0076      0.0000   0.0000   73.70    106    Success 
   103      -37.2677     0.0196      0.0000   0.0000   74.38    107    Success 
   104      -37.2677     0.0162      0.0000   0.0000   63.69    108    Success 
   105      -37.2677     0.0097      0.0000   0.0000   61.63    109    Success 
   106      -37.2677     0.0038      0.0000   0.0000   65.21    110    Success 
   107      -37.2677     0.0042      0.0000   0.0000   66.69    111    Success 
   108      -37.2677     0.0042      0.0000   0.0000   67.91    112    Success 
   109      -37.2677     0.0043      0.0000   0.0000   68.30    113    Success 
   110      -37.2677     0.0070      0.0000   0.0000   69.52    115    Success 
   111      -37.2677     0.0044      0.0000   0.0000   79.39    116    Success 
   112      -37.2677     0.0029      0.0000   0.0000   76.88    117    Success 
   113      -37.2677     0.0061      0.0000   0.0000   68.45    118    Success 
   114      -37.2677     0.0040      0.0000   0.0000   57.74    119    Success 
   115      -37.2677     0.0020      0.0000   0.0000   67.18    120    Success 
   116      -37.2677     0.0046      0.0000   0.0000   63.05    121    Success 
   117      -37.2677     0.0024      0.0000   0.0000   77.84    122    Success 
   118      -37.2677     0.0020      0.0000   0.0000   73.57    123    Success 
   119      -37.2677     0.0021      0.0000   0.0000   72.94    124    Success 
   120      -37.2677     0.0027      0.0000   0.0000   70.96    125    Success 
   121      -37.2677     0.0012      0.0000   0.0000   75.10    126    Success 
   122      -37.2677     0.0009      0.0000   0.0000   55.29    127   SmallGrad

 LBFGS  --  Normal Termination due to SmallGrad

 Final Function Value :          -37.2677
 Final RMS Gradient :              0.0009
 Final Gradient Norm :             0.0040
