
     ######################################################################
   ##########################################################################
  ###                                                                      ###
 ###            Tinker  ---  Software Tools for Molecular Design            ###
 ##                                                                          ##
 ##                          Version 8.7  June 2019                          ##
 ##                                                                          ##
 ##               Copyright (c)  Jay William Ponder  1990-2019               ##
 ###                           All Rights Reserved                          ###
  ###                                                                      ###
   ##########################################################################
     ######################################################################


 Additional Atom Definition Parameters :

     Type  Class  Symbol  Description               Atomic    Mass   Valence

     403    403     N     ModifiedRes                  7     14.007     3
     412    412     H     ModifiedRes                  1      1.008     1
     401    401     C     ModifiedRes                  6     12.011     4
     410    410     H     ModifiedRes                  1      1.008     1
     404    404     C     ModifiedRes                  6     12.011     3
     411    411     O     ModifiedRes                  8     15.999     1
     402    402     C     ModifiedRes                  6     12.011     4
     407    407     S     ModifiedRes                 16     32.066     2
     408    408     C     ModifiedRes                  6     12.011     2
     416    416     N     ModifiedRes                  7     14.007     1
     409    409     H     ModifiedRes                  1      1.008     1
     406    406     C     ModifiedRes                  6     12.011     3
     413    413     O     ModifiedRes                  8     15.999     1
     405    405     N     ModifiedRes                  7     14.007     3
     414    414     H     ModifiedRes                  1      1.008     1
     415    415     H     ModifiedRes                  1      1.008     1

 Additional Bond Stretching Parameters :

     Atom Classes             K(S)         Length

       401 403             374.800         1.4589
       403 406             482.000         1.3610
       403 412             542.000         1.0150
       401 410             341.000         1.0957
       401 404             345.300         1.5388
       401 402             345.300         1.5181
       404 405             482.000         1.3572
       404 411             705.000         1.2314
       402 409             395.500         1.0914
       402 407             235.800         1.8318
       407 408             235.800         1.6971
       408 416             450.000         1.1861
       406 413             705.000         1.2330
       406 414             356.400         1.1017
       405 415             542.000         1.0125

 Additional Angle Bending Parameters :

     Atom Classes             K(B)          Angle

     403 406 413            60.000        124.094
     401 403 412            35.000        118.942
     406 403 412            35.000        118.838
     401 404 405            70.000        113.359
     401 404 411            80.000        121.700
     401 402 407            53.200        108.210
     401 403 406            50.000        121.364
     404 401 410            38.000        109.343
     402 401 410            38.000        110.332
     403 401 410            50.600        106.311
     402 401 404            60.000        109.451
     403 401 404            80.000        110.698
     402 401 403            80.000        110.661
     402 407 408            60.430         97.779
     407 408 416            60.000        178.379
     409 402 409            39.570        108.414
     401 402 409            42.440        109.507
     407 402 409            60.240        109.536
     405 404 411            60.000        124.942
     413 406 414            68.340        122.634
     403 406 414            31.650        113.263
     415 405 415            22.300        119.362
     404 405 415            35.000        117.511

 Additional Stretch-Bend Parameters :

     Atom Classes          K(SB)-1        K(SB)-2

     401 403 412             4.300          7.200
     406 403 412             4.300          7.200
     401 404 405            18.700         18.700
     401 402 407            18.700         18.700
     401 403 406             7.200          7.200
     404 401 410            11.500         18.700
     402 401 410            11.500         18.700
     403 401 410            11.500         11.500
     402 401 404            18.700         18.700
     403 401 404            18.700         18.700
     402 401 403            18.700         18.700
     402 407 408            -5.750         -5.750
     401 402 409            11.500         11.500
     407 402 409            11.500         11.500
     403 406 414            11.500         11.500
     404 405 415             4.300          7.200
     415 405 415             4.300          7.200
     401 404 411            18.700         18.700
     413 406 414            11.500         11.500

 Additional Out-of-Plane Bend Parameters :

     Atom Classes                   K(OPB)

     401 403   0   0                14.400
     401 404   0   0                14.400
     403 406   0   0               107.910
     404 405   0   0                71.940
     405 404   0   0               107.910
     406 403   0   0                71.940
     411 404   0   0               122.298
     412 403   0   0                 5.755
     413 406   0   0               122.298
     414 406   0   0               140.283
     415 405   0   0                 5.755

 Additional Torsional Parameters :

     Atom Classes     1-Fold    2-Fold    3-Fold    4-Fold    5-Fold    6-Fold

   403 401 404 405   0.00   0  0.00 180  0.00   0  0.00   0  0.00   0  0.00   0
   403 401 404 411   0.00   0  0.00 180  0.00   0  0.00   0  0.00   0  0.00   0
   403 401 402 409   0.00   0  0.00 180  0.00   0  0.00   0  0.00   0  0.00   0
   403 401 402 407   0.00   0  0.00 180  0.00   0  0.00   0  0.00   0  0.00   0
   410 401 403 412   0.00   0  0.00 180  0.00   0  0.00   0  0.00   0  0.00   0
   404 401 403 412   0.00   0  0.00 180  0.00   0  0.00   0  0.00   0  0.00   0
   402 401 403 412   0.00   0  0.00 180  0.00   0  0.00   0  0.00   0  0.00   0
   412 403 406 413   0.00   0  0.00 180  0.00   0  0.00   0  0.00   0  0.00   0
   412 403 406 414   0.00   0  0.00 180  0.00   0  0.00   0  0.00   0  0.00   0
   401 404 405 415   0.00   0  1.20 180  0.80   0  0.00   0  0.00   0  0.00   0
   401 402 407 408   0.00   0  0.00 180  0.00   0  0.00   0  0.00   0  0.00   0
   401 403 406 413   0.00   0  0.00 180  0.00   0  0.00   0  0.00   0  0.00   0
   401 403 406 414   0.00   0  0.00 180  0.00   0  0.00   0  0.00   0  0.00   0
   410 401 404 405   0.00   0  0.00 180  0.00   0  0.00   0  0.00   0  0.00   0
   410 401 404 411   0.00   0  0.00 180  0.00   0  0.00   0  0.00   0  0.00   0
   410 401 402 409   0.00   0  0.00 180  0.00   0  0.00   0  0.00   0  0.00   0
   410 401 402 407   0.00   0  0.00 180  0.00   0  0.00   0  0.00   0  0.00   0
   410 401 403 406   0.00   0  0.00 180  0.00   0  0.00   0  0.00   0  0.00   0
   404 401 402 409   0.00   0  0.00 180  0.00   0  0.00   0  0.00   0  0.00   0
   404 401 402 407   0.00   0  0.00 180  0.00   0  0.00   0  0.00   0  0.00   0
   404 401 403 406   0.00   0  0.00 180  0.00   0  0.00   0  0.00   0  0.00   0
   411 404 405 415   0.00   0  0.00 180  0.00   0  0.00   0  0.00   0  0.00   0
   402 401 404 411   0.00   0  0.00 180  0.00   0  0.00   0  0.00   0  0.00   0
   402 401 404 405   0.00   0  0.00 180  0.00   0  0.00   0  0.00   0  0.00   0
   402 401 403 406   0.00   0  0.00 180  0.00   0  0.00   0  0.00   0  0.00   0
   402 407 408 416   0.00   0  0.00 180  0.50   0  0.00   0  0.00   0  0.00   0
   409 402 407 408   0.00   0  0.00 180  0.00   0  0.00   0  0.00   0  0.00   0

 Additional Pi-Orbital Torsion Parameters :

     Atom Classes       2-Fold

       404 405           6.850
       403 406           6.850

 Additional van der Waals Parameters :

     Atom Class               Size        Epsilon        Reduction

         403                3.7100         0.1100          0.000
         412                2.5900         0.0220          0.900
         401                3.6500         0.1010          0.000
         410                2.8800         0.0240          0.910
         404                3.8200         0.1060          0.000
         411                3.3000         0.1120          0.000
         402                3.7800         0.1060          0.000
         407                4.0050         0.3550          0.000
         408                3.7800         0.1060          0.000
         416                3.7100         0.1050          0.000
         409                2.8700         0.0330          0.900
         406                3.8200         0.1060          0.000
         413                3.3000         0.1120          0.000
         405                3.7100         0.1100          0.000
         414                2.9200         0.0300          0.920
         415                2.5900         0.0220          0.900

 Additional Atomic Multipole Parameters :

     Atom Type     Coordinate Frame Definition         Multipole Moments

         401      403    404      0   Z-then-X    -0.27040
                                                  -0.22190  0.00000  0.26102
                                                  -0.17903
                                                   0.00000 -0.24517
                                                   0.13675  0.00000  0.42420

         402      407    401      0   Z-then-X    -0.16380
                                                   0.27778  0.00000 -0.20334
                                                   0.30211
                                                   0.00000 -0.49081
                                                  -0.33263  0.00000  0.18870

         403      406    401      0   Z-then-X    -0.06286
                                                   0.37348  0.00000 -0.12295
                                                   0.79149
                                                   0.00000 -1.08676
                                                  -0.63736  0.00000  0.29527

         404      411    405      0   Z-then-X     0.97419
                                                  -0.10999  0.00000  0.25580
                                                   0.38321
                                                   0.00000 -0.33696
                                                  -0.17133  0.00000 -0.04625

         405      404    415      0   Z-then-X    -0.32376
                                                   0.05823  0.00000 -0.07138
                                                   0.32176
                                                   0.00000 -0.38869
                                                  -0.03945  0.00000  0.06693

         406      413    403      0   Z-then-X     0.63075
                                                   0.40149  0.00000  0.25741
                                                  -0.01797
                                                   0.00000  0.01503
                                                   0.00873  0.00000  0.00294

         407      408    402      0   Z-then-X     0.34019
                                                   0.47821  0.00000  0.49978
                                                   1.11919
                                                   0.00000 -2.31639
                                                  -0.50667  0.00000  1.19720

         408      407    416      0   Z-then-X     0.21608
                                                   0.00820  0.00000 -0.28509
                                                   0.05369
                                                   0.00000  0.10740
                                                   0.05156  0.00000 -0.16109

         409      402    407      0   Z-then-X     0.09933
                                                   0.00064  0.00000 -0.16410
                                                   0.07960
                                                   0.00000  0.07569
                                                  -0.01944  0.00000 -0.15529

         410      401    403      0   Z-then-X     0.10718
                                                  -0.02083  0.00000 -0.03604
                                                  -0.03187
                                                   0.00000  0.01466
                                                  -0.01392  0.00000  0.01721

         411      404    405      0   Z-then-X    -0.77613
                                                   0.13027  0.00000 -0.18830
                                                  -0.53109
                                                   0.00000  0.25725
                                                   0.21601  0.00000  0.27384

         412      403    401      0   Z-then-X     0.11911
                                                   0.01244  0.00000 -0.25689
                                                   0.04573
                                                   0.00000  0.01640
                                                  -0.00301  0.00000 -0.06213

         413      406    403      0   Z-then-X    -0.66614
                                                  -0.21394  0.00000 -0.03273
                                                  -0.49754
                                                   0.00000  0.12402
                                                  -0.24547  0.00000  0.37352

         414      406    413      0   Z-then-X    -0.02624
                                                   0.07068  0.00000 -0.22870
                                                   0.12255
                                                   0.00000  0.03666
                                                   0.03118  0.00000 -0.15921

         415      405    404      0   Z-then-X     0.13248
                                                   0.00045  0.00000 -0.38308
                                                   0.28470
                                                   0.00000  0.12111
                                                   0.01221  0.00000 -0.40581

         416      408    407      0   Z-then-X    -0.56179
                                                   0.01684  0.00000 -0.29231
                                                   0.37390
                                                   0.00000  0.24558
                                                   0.00671  0.00000 -0.61948

 Additional Atomic Dipole Polarizability Parameters :

     Atom Type           Alpha       Thole     Group Atom Types

         403             1.073       0.390         412  401  406
         412             0.496       0.390         403
         401             1.334       0.390         403  410  404  402
         410             0.496       0.390         401
         404             1.334       0.390         401  411  405
         411             0.837       0.390         404
         402             1.334       0.390         401  407  409
         407             3.300       0.390         402  408
         408             1.334       0.390         407  416
         416             1.073       0.390         408
         409             0.496       0.390         402
         406             1.334       0.390         403  413  414
         413             0.837       0.390         406
         405             1.073       0.390         404  415
         414             0.494       0.390         406
         415             0.496       0.390         405

 Limited Memory BFGS Quasi-Newton Optimization :

 QN Iter     F Value      G RMS      F Move   X Move   Angle  FG Call  Comment

     0      134.6827   247.2513                                   1
     1       55.7808   145.9058     78.9019   0.0350    0.00      3    Success 
     2       40.0999   140.4958     15.6809   0.0184   30.83      4    Success 
     3       27.9725    94.6647     12.1274   0.0063   29.60      5    Success 
     4        8.2528    57.5075     19.7198   0.0172   34.19      6    Success 
     5      -14.4497    58.6694     22.7025   0.0401   25.62      7    Success 
     6      -22.7550    63.5082      8.3052   0.0255   56.71      8    Success 
     7      -26.2363    49.1923      3.4813   0.0254   63.74      9    Success 
     8      -28.6392    15.9237      2.4030   0.0074   53.57     10    Success 
     9      -29.2676    13.1695      0.6284   0.0034   30.71     11    Success 
    10      -30.0892    14.2147      0.8216   0.0061   40.22     12    Success 
    11      -31.0837    14.0005      0.9945   0.0103   56.32     13    Success 
    12      -31.5342    17.3083      0.4506   0.0085   64.99     15    Success 
    13      -32.1144     9.2409      0.5801   0.0078   69.65     16    Success 
    14      -32.5265     9.6527      0.4121   0.0065   58.36     17    Success 
    15      -32.9449     9.7287      0.4184   0.0080   64.88     18    Success 
    16      -33.1574    21.4777      0.2126   0.0108   68.60     19    Success 
    17      -33.3265    15.7220      0.1691   0.0020   56.13     20    Success 
    18      -33.4113     5.1111      0.0848   0.0043   80.37     21    Success 
    19      -33.4800     3.9842      0.0686   0.0024   66.90     22    Success 
    20      -33.5813     4.4596      0.1014   0.0048   66.46     23    Success 
    21      -33.7016     5.9792      0.1202   0.0065   67.27     24    Success 
    22      -33.8020    18.4215      0.1004   0.0061   74.48     25    Success 
    23      -33.8237     5.7262      0.0217   0.0009   83.39     27    Success 
    24      -33.8578     4.5329      0.0341   0.0014   72.23     28    Success 
    25      -33.9007     3.9579      0.0429   0.0023   68.87     29    Success 
    26      -33.9529     5.0188      0.0522   0.0023   65.03     30    Success 
    27      -34.0277     3.8371      0.0748   0.0042   74.07     31    Success 
    28      -34.0939     3.6231      0.0662   0.0051   72.62     32    Success 
    29      -34.1508     6.2659      0.0569   0.0064   73.66     33    Success 
    30      -34.2021     3.7746      0.0513   0.0026   73.68     34    Success 
    31      -34.2314     2.6707      0.0293   0.0015   63.53     35    Success 
    32      -34.2530     2.4129      0.0216   0.0015   67.15     36    Success 
    33      -34.2854     2.0232      0.0324   0.0027   68.69     37    Success 
    34      -34.3032     4.3041      0.0179   0.0052   70.16     38    Success 
    35      -34.3247     1.7916      0.0215   0.0010   62.62     39    Success 
    36      -34.3339     1.3158      0.0092   0.0005   44.24     40    Success 
    37      -34.3448     1.4552      0.0109   0.0011   56.01     41    Success 
    38      -34.3593     1.7254      0.0145   0.0022   68.79     42    Success 
    39      -34.3688     2.0708      0.0094   0.0031   75.03     43    Success 
    40      -34.3765     0.9555      0.0077   0.0007   63.24     44    Success 
    41      -34.3818     0.9298      0.0053   0.0008   56.18     45    Success 
    42      -34.3876     1.0083      0.0057   0.0011   65.63     46    Success 
    43      -34.3940     1.0115      0.0065   0.0018   73.49     47    Success 
    44      -34.3959     1.0241      0.0019   0.0007   73.66     49    Success 
    45      -34.3987     0.7649      0.0028   0.0008   76.02     50    Success 
    46      -34.4026     0.7821      0.0039   0.0012   70.37     51    Success 
    47      -34.4046     1.7011      0.0020   0.0015   72.07     52    Success 
    48      -34.4072     0.6331      0.0026   0.0004   71.70     53    Success 
    49      -34.4083     0.4638      0.0011   0.0003   64.28     54    Success 
    50      -34.4091     0.4180      0.0008   0.0003   65.59     55    Success 
    51      -34.4104     0.4234      0.0012   0.0005   65.77     56    Success 
    52      -34.4114     1.0951      0.0010   0.0008   67.23     57    Success 
    53      -34.4127     0.5442      0.0014   0.0005   78.79     58    Success 
    54      -34.4137     0.3788      0.0010   0.0005   72.96     59    Success 
    55      -34.4145     0.4221      0.0008   0.0004   68.09     60    Success 
    56      -34.4154     0.5479      0.0009   0.0007   73.50     61    Success 
    57      -34.4163     0.3593      0.0009   0.0007   75.10     62    Success 
    58      -34.4167     0.2812      0.0005   0.0002   59.31     63    Success 
    59      -34.4170     0.2567      0.0003   0.0002   58.27     64    Success 
    60      -34.4172     0.2118      0.0002   0.0001   68.02     65    Success 
    61      -34.4175     0.1847      0.0003   0.0003   69.39     66    Success 
    62      -34.4176     0.4008      0.0001   0.0004   68.26     67    Success 
    63      -34.4177     0.1803      0.0001   0.0001   65.94     68    Success 
    64      -34.4178     0.1191      0.0001   0.0001   52.80     69    Success 
    65      -34.4180     0.1632      0.0001   0.0001   57.25     70    Success 
    66      -34.4181     0.1724      0.0001   0.0002   72.37     71    Success 
    67      -34.4181     0.2310      0.0000   0.0001   74.80     73    Success 
    68      -34.4182     0.1425      0.0001   0.0001   78.79     74    Success 
    69      -34.4183     0.0958      0.0001   0.0001   72.90     75    Success 
    70      -34.4183     0.1194      0.0001   0.0001   66.57     76    Success 
    71      -34.4184     0.1391      0.0001   0.0002   71.56     77    Success 
    72      -34.4184     0.3403      0.0000   0.0002   73.72     78    Success 
    73      -34.4185     0.1862      0.0001   0.0001   74.08     79    Success 
    74      -34.4186     0.1075      0.0001   0.0001   68.86     80    Success 
    75      -34.4186     0.1223      0.0000   0.0001   71.61     81    Success 
    76      -34.4187     0.1146      0.0000   0.0001   74.33     82    Success 
    77      -34.4187     0.1796      0.0001   0.0002   74.80     83    Success 
    78      -34.4188     0.1127      0.0001   0.0002   80.80     84    Success 
    79      -34.4189     0.1001      0.0001   0.0002   77.97     85    Success 
    80      -34.4190     0.1255      0.0001   0.0004   76.22     86    Success 
    81      -34.4190     0.3414      0.0000   0.0005   77.94     87    Success 
    82      -34.4191     0.2042      0.0001   0.0000   64.94     88    Success 
    83      -34.4192     0.0921      0.0001   0.0001   62.28     89    Success 
    84      -34.4192     0.1038      0.0000   0.0001   69.43     90    Success 
    85      -34.4193     0.1086      0.0000   0.0001   75.55     91    Success 
    86      -34.4193     0.1594      0.0001   0.0002   78.93     92    Success 
    87      -34.4194     0.0897      0.0001   0.0003   82.17     93    Success 
    88      -34.4194     0.0694      0.0000   0.0001   76.72     94    Success 
    89      -34.4195     0.0642      0.0000   0.0001   71.00     95    Success 
    90      -34.4195     0.1053      0.0000   0.0000   65.09     97    Success 
    91      -34.4195     0.0718      0.0000   0.0001   77.37     98    Success 
    92      -34.4195     0.0563      0.0000   0.0001   73.85     99    Success 
    93      -34.4195     0.0767      0.0000   0.0001   71.21    100    Success 
    94      -34.4195     0.0662      0.0000   0.0001   76.86    101    Success 
    95      -34.4196     0.0435      0.0000   0.0001   73.66    102    Success 
    96      -34.4196     0.0860      0.0000   0.0001   76.82    104    Success 
    97      -34.4196     0.0510      0.0000   0.0000   79.65    105    Success 
    98      -34.4196     0.0340      0.0000   0.0000   76.15    106    Success 
    99      -34.4196     0.0404      0.0000   0.0000   73.08    107    Success 
   100      -34.4196     0.0424      0.0000   0.0001   74.55    108    Success 
   101      -34.4196     0.0949      0.0000   0.0001   77.41    109    Success 
   102      -34.4196     0.0617      0.0000   0.0000   70.92    110    Success 
   103      -34.4196     0.0215      0.0000   0.0000   65.65    111    Success 
   104      -34.4196     0.0244      0.0000   0.0000   63.03    112    Success 
   105      -34.4196     0.0272      0.0000   0.0000   67.14    113    Success 
   106      -34.4196     0.0293      0.0000   0.0000   68.76    114    Success 
   107      -34.4196     0.0692      0.0000   0.0001   73.65    115    Success 
   108      -34.4196     0.0179      0.0000   0.0000   77.34    116    Success 
   109      -34.4196     0.0120      0.0000   0.0000   61.99    117    Success 
   110      -34.4196     0.0147      0.0000   0.0000   62.12    118    Success 
   111      -34.4196     0.0161      0.0000   0.0000   68.47    119    Success 
   112      -34.4196     0.0170      0.0000   0.0000   69.82    120    Success 
   113      -34.4196     0.0296      0.0000   0.0000   73.19    121    Success 
   114      -34.4196     0.0091      0.0000   0.0000   76.13    122    Success 
   115      -34.4196     0.0065      0.0000   0.0000   62.78    123    Success 
   116      -34.4196     0.0066      0.0000   0.0000   63.49    124    Success 
   117      -34.4196     0.0059      0.0000   0.0000   62.01    125    Success 
   118      -34.4196     0.0094      0.0000   0.0000   62.98    126    Success 
   119      -34.4196     0.0084      0.0000   0.0000   74.81    127    Success 
   120      -34.4196     0.0039      0.0000   0.0000   62.40    128    Success 
   121      -34.4196     0.0038      0.0000   0.0000   53.08    129    Success 
   122      -34.4196     0.0040      0.0000   0.0000   55.64    130    Success 
   123      -34.4196     0.0039      0.0000   0.0000   63.45    131    Success 
   124      -34.4196     0.0047      0.0000   0.0000   70.61    132    Success 
   125      -34.4196     0.0041      0.0000   0.0000   76.80    133    Success 
   126      -34.4196     0.0033      0.0000   0.0000   76.74    134    Success 
   127      -34.4196     0.0036      0.0000   0.0000   70.67    135    Success 
   128      -34.4196     0.0030      0.0000   0.0000   71.09    136    Success 
   129      -34.4196     0.0025      0.0000   0.0000   70.21    137    Success 
   130      -34.4196     0.0054      0.0000   0.0000   71.27    138    Success 
   131      -34.4196     0.0026      0.0000   0.0000   73.19    139    Success 
   132      -34.4196     0.0021      0.0000   0.0000   59.78    140    Success 
   133      -34.4196     0.0023      0.0000   0.0000   68.58    141    Success 
   134      -34.4196     0.0024      0.0000   0.0000   74.26    142    Success 
   135      -34.4196     0.0059      0.0000   0.0000   73.71    143    Success 
   136      -34.4196     0.0029      0.0000   0.0000   81.32    144    Success 
   137      -34.4196     0.0007      0.0000   0.0000   75.13    145   SmallGrad

 LBFGS  --  Normal Termination due to SmallGrad

 Final Function Value :          -34.4196
 Final RMS Gradient :              0.0007
 Final Gradient Norm :             0.0031
