
     ######################################################################
   ##########################################################################
  ###                                                                      ###
 ###            Tinker  ---  Software Tools for Molecular Design            ###
 ##                                                                          ##
 ##                          Version 8.7  June 2019                          ##
 ##                                                                          ##
 ##               Copyright (c)  Jay William Ponder  1990-2019               ##
 ###                           All Rights Reserved                          ###
  ###                                                                      ###
   ##########################################################################
     ######################################################################


 Additional Atom Definition Parameters :

     Type  Class  Symbol  Description               Atomic    Mass   Valence

     403    403     N     ModifiedRes                  7     14.007     3
     412    412     H     ModifiedRes                  1      1.008     1
     401    401     C     ModifiedRes                  6     12.011     4
     410    410     H     ModifiedRes                  1      1.008     1
     404    404     C     ModifiedRes                  6     12.011     3
     411    411     O     ModifiedRes                  8     15.999     1
     402    402     C     ModifiedRes                  6     12.011     4
     407    407     S     ModifiedRes                 16     32.066     2
     408    408     C     ModifiedRes                  6     12.011     2
     416    416     N     ModifiedRes                  7     14.007     1
     409    409     H     ModifiedRes                  1      1.008     1
     406    406     C     ModifiedRes                  6     12.011     3
     413    413     O     ModifiedRes                  8     15.999     1
     405    405     N     ModifiedRes                  7     14.007     3
     414    414     H     ModifiedRes                  1      1.008     1
     415    415     H     ModifiedRes                  1      1.008     1

 Additional Bond Stretching Parameters :

     Atom Classes             K(S)         Length

       401 403             374.800         1.4589
       403 406             482.000         1.3610
       403 412             542.000         1.0150
       401 410             341.000         1.0957
       401 404             345.300         1.5388
       401 402             345.300         1.5181
       404 405             482.000         1.3572
       404 411             705.000         1.2314
       402 409             395.500         1.0914
       402 407             235.800         1.8318
       407 408             235.800         1.6971
       408 416             450.000         1.1861
       406 413             705.000         1.2330
       406 414             356.400         1.1017
       405 415             542.000         1.0125

 Additional Angle Bending Parameters :

     Atom Classes             K(B)          Angle

     403 406 413            60.000        124.094
     401 403 412            35.000        118.942
     406 403 412            35.000        118.838
     401 404 405            70.000        113.359
     401 404 411            80.000        121.700
     401 402 407            53.200        108.210
     401 403 406            50.000        121.364
     404 401 410            38.000        109.343
     402 401 410            38.000        110.332
     403 401 410            50.600        106.311
     402 401 404            60.000        109.451
     403 401 404            80.000        110.698
     402 401 403            80.000        110.661
     402 407 408            60.430         97.779
     407 408 416            60.000        178.379
     409 402 409            39.570        108.414
     401 402 409            42.440        109.507
     407 402 409            60.240        109.536
     405 404 411            60.000        124.942
     413 406 414            68.340        122.634
     403 406 414            31.650        113.263
     415 405 415            22.300        119.362
     404 405 415            35.000        117.511

 Additional Stretch-Bend Parameters :

     Atom Classes          K(SB)-1        K(SB)-2

     401 403 412             4.300          7.200
     406 403 412             4.300          7.200
     401 404 405            18.700         18.700
     401 402 407            18.700         18.700
     401 403 406             7.200          7.200
     404 401 410            11.500         18.700
     402 401 410            11.500         18.700
     403 401 410            11.500         11.500
     402 401 404            18.700         18.700
     403 401 404            18.700         18.700
     402 401 403            18.700         18.700
     402 407 408            -5.750         -5.750
     401 402 409            11.500         11.500
     407 402 409            11.500         11.500
     403 406 414            11.500         11.500
     404 405 415             4.300          7.200
     415 405 415             4.300          7.200
     401 404 411            18.700         18.700
     413 406 414            11.500         11.500

 Additional Out-of-Plane Bend Parameters :

     Atom Classes                   K(OPB)

     401 403   0   0                14.400
     401 404   0   0                14.400
     403 406   0   0               107.910
     404 405   0   0                71.940
     405 404   0   0               107.910
     406 403   0   0                71.940
     411 404   0   0               122.298
     412 403   0   0                 5.755
     413 406   0   0               122.298
     414 406   0   0               140.283
     415 405   0   0                 5.755

 Additional Torsional Parameters :

     Atom Classes     1-Fold    2-Fold    3-Fold    4-Fold    5-Fold    6-Fold

   403 401 404 405   0.00   0  0.00 180  0.00   0  0.00   0  0.00   0  0.00   0
   403 401 404 411   0.00   0  0.00 180  0.00   0  0.00   0  0.00   0  0.00   0
   403 401 402 409   0.00   0  0.00 180  0.00   0  0.00   0  0.00   0  0.00   0
   403 401 402 407   0.00   0  0.00 180  0.00   0  0.00   0  0.00   0  0.00   0
   410 401 403 412   0.00   0  0.00 180  0.00   0  0.00   0  0.00   0  0.00   0
   404 401 403 412   0.00   0  0.00 180  0.00   0  0.00   0  0.00   0  0.00   0
   402 401 403 412   0.00   0  0.00 180  0.00   0  0.00   0  0.00   0  0.00   0
   412 403 406 413   0.00   0  0.00 180  0.00   0  0.00   0  0.00   0  0.00   0
   412 403 406 414   0.00   0  0.00 180  0.00   0  0.00   0  0.00   0  0.00   0
   401 404 405 415   0.00   0  1.20 180  0.80   0  0.00   0  0.00   0  0.00   0
   401 402 407 408   0.00   0  0.00 180  0.00   0  0.00   0  0.00   0  0.00   0
   401 403 406 413   0.00   0  0.00 180  0.00   0  0.00   0  0.00   0  0.00   0
   401 403 406 414   0.00   0  0.00 180  0.00   0  0.00   0  0.00   0  0.00   0
   410 401 404 405   0.00   0  0.00 180  0.00   0  0.00   0  0.00   0  0.00   0
   410 401 404 411   0.00   0  0.00 180  0.00   0  0.00   0  0.00   0  0.00   0
   410 401 402 409   0.00   0  0.00 180  0.00   0  0.00   0  0.00   0  0.00   0
   410 401 402 407   0.00   0  0.00 180  0.00   0  0.00   0  0.00   0  0.00   0
   410 401 403 406   0.00   0  0.00 180  0.00   0  0.00   0  0.00   0  0.00   0
   404 401 402 409   0.00   0  0.00 180  0.00   0  0.00   0  0.00   0  0.00   0
   404 401 402 407   0.00   0  0.00 180  0.00   0  0.00   0  0.00   0  0.00   0
   404 401 403 406   0.00   0  0.00 180  0.00   0  0.00   0  0.00   0  0.00   0
   411 404 405 415   0.00   0  0.00 180  0.00   0  0.00   0  0.00   0  0.00   0
   402 401 404 411   0.00   0  0.00 180  0.00   0  0.00   0  0.00   0  0.00   0
   402 401 404 405   0.00   0  0.00 180  0.00   0  0.00   0  0.00   0  0.00   0
   402 401 403 406   0.00   0  0.00 180  0.00   0  0.00   0  0.00   0  0.00   0
   402 407 408 416   0.00   0  0.00 180  0.50   0  0.00   0  0.00   0  0.00   0
   409 402 407 408   0.00   0  0.00 180  0.00   0  0.00   0  0.00   0  0.00   0

 Additional Pi-Orbital Torsion Parameters :

     Atom Classes       2-Fold

       404 405           6.850
       403 406           6.850

 Additional van der Waals Parameters :

     Atom Class               Size        Epsilon        Reduction

         403                3.7100         0.1100          0.000
         412                2.5900         0.0220          0.900
         401                3.6500         0.1010          0.000
         410                2.8800         0.0240          0.910
         404                3.8200         0.1060          0.000
         411                3.3000         0.1120          0.000
         402                3.7800         0.1060          0.000
         407                4.0050         0.3550          0.000
         408                3.7800         0.1060          0.000
         416                3.7100         0.1050          0.000
         409                2.8700         0.0330          0.900
         406                3.8200         0.1060          0.000
         413                3.3000         0.1120          0.000
         405                3.7100         0.1100          0.000
         414                2.9200         0.0300          0.920
         415                2.5900         0.0220          0.900

 Additional Atomic Multipole Parameters :

     Atom Type     Coordinate Frame Definition         Multipole Moments

         401      403    404      0   Z-then-X    -0.27040
                                                  -0.22190  0.00000  0.26102
                                                  -0.17903
                                                   0.00000 -0.24517
                                                   0.13675  0.00000  0.42420

         402      407    401      0   Z-then-X    -0.16380
                                                   0.27778  0.00000 -0.20334
                                                   0.30211
                                                   0.00000 -0.49081
                                                  -0.33263  0.00000  0.18870

         403      406    401      0   Z-then-X    -0.06286
                                                   0.37348  0.00000 -0.12295
                                                   0.79149
                                                   0.00000 -1.08676
                                                  -0.63736  0.00000  0.29527

         404      411    405      0   Z-then-X     0.97419
                                                  -0.10999  0.00000  0.25580
                                                   0.38321
                                                   0.00000 -0.33696
                                                  -0.17133  0.00000 -0.04625

         405      404    415      0   Z-then-X    -0.32376
                                                   0.05823  0.00000 -0.07138
                                                   0.32176
                                                   0.00000 -0.38869
                                                  -0.03945  0.00000  0.06693

         406      413    403      0   Z-then-X     0.63075
                                                   0.40149  0.00000  0.25741
                                                  -0.01797
                                                   0.00000  0.01503
                                                   0.00873  0.00000  0.00294

         407      408    402      0   Z-then-X     0.34019
                                                   0.47821  0.00000  0.49978
                                                   1.11919
                                                   0.00000 -2.31639
                                                  -0.50667  0.00000  1.19720

         408      407    416      0   Z-then-X     0.21608
                                                   0.00820  0.00000 -0.28509
                                                   0.05369
                                                   0.00000  0.10740
                                                   0.05156  0.00000 -0.16109

         409      402    407      0   Z-then-X     0.09933
                                                   0.00064  0.00000 -0.16410
                                                   0.07960
                                                   0.00000  0.07569
                                                  -0.01944  0.00000 -0.15529

         410      401    403      0   Z-then-X     0.10718
                                                  -0.02083  0.00000 -0.03604
                                                  -0.03187
                                                   0.00000  0.01466
                                                  -0.01392  0.00000  0.01721

         411      404    405      0   Z-then-X    -0.77613
                                                   0.13027  0.00000 -0.18830
                                                  -0.53109
                                                   0.00000  0.25725
                                                   0.21601  0.00000  0.27384

         412      403    401      0   Z-then-X     0.11911
                                                   0.01244  0.00000 -0.25689
                                                   0.04573
                                                   0.00000  0.01640
                                                  -0.00301  0.00000 -0.06213

         413      406    403      0   Z-then-X    -0.66614
                                                  -0.21394  0.00000 -0.03273
                                                  -0.49754
                                                   0.00000  0.12402
                                                  -0.24547  0.00000  0.37352

         414      406    413      0   Z-then-X    -0.02624
                                                   0.07068  0.00000 -0.22870
                                                   0.12255
                                                   0.00000  0.03666
                                                   0.03118  0.00000 -0.15921

         415      405    404      0   Z-then-X     0.13248
                                                   0.00045  0.00000 -0.38308
                                                   0.28470
                                                   0.00000  0.12111
                                                   0.01221  0.00000 -0.40581

         416      408    407      0   Z-then-X    -0.56179
                                                   0.01684  0.00000 -0.29231
                                                   0.37390
                                                   0.00000  0.24558
                                                   0.00671  0.00000 -0.61948

 Additional Atomic Dipole Polarizability Parameters :

     Atom Type           Alpha       Thole     Group Atom Types

         403             1.073       0.390         412  401  406
         412             0.496       0.390         403
         401             1.334       0.390         403  410  404  402
         410             0.496       0.390         401
         404             1.334       0.390         401  411  405
         411             0.837       0.390         404
         402             1.334       0.390         401  407  409
         407             3.300       0.390         402  408
         408             1.334       0.390         407  416
         416             1.073       0.390         408
         409             0.496       0.390         402
         406             1.334       0.390         403  413  414
         413             0.837       0.390         406
         405             1.073       0.390         404  415
         414             0.494       0.390         406
         415             0.496       0.390         405

 Limited Memory BFGS Quasi-Newton Optimization :

 QN Iter     F Value      G RMS      F Move   X Move   Angle  FG Call  Comment

     0      -28.8958    10.5058                                   1
     1      -28.9776    21.7369      0.0817   0.0014    0.00      3    Success 
     2      -29.0782    11.9208      0.1006   0.0005   34.79      4    Success 
     3      -29.1393    14.4835      0.0611   0.0006   54.60      5    Success 
     4      -29.2487    16.5597      0.1094   0.0010   62.54      6    Success 
     5      -29.4405    17.9784      0.1918   0.0020   68.86      7    Success 
     6      -29.7595    39.3984      0.3190   0.0040   72.91      8    Success 
     7      -29.8369    87.8603      0.0774   0.0069   82.51      9    Success 
     8      -29.9585    55.3706      0.1216   0.0007   82.31     10    Success 
     9      -30.0495    17.4476      0.0910   0.0004   69.35     12    Success 
    10      -30.1556    14.7210      0.1061   0.0019   76.09     13    Success 
    11      -30.2473    15.0142      0.0916   0.0027   77.91     14    Success 
    12      -30.4174    15.1309      0.1701   0.0023   72.51     15    Success 
    13      -30.7330    14.7142      0.3156   0.0040   71.76     16    Success 
    14      -31.2474    14.2636      0.5144   0.0078   72.28     17    Success 
    15      -32.0147     8.9333      0.7673   0.0145   74.00     18    Success 
    16      -32.1985    23.9411      0.1838   0.0255   75.51     19    Success 
    17      -32.4874    14.4218      0.2890   0.0028   71.98     20    Success 
    18      -32.7294     5.2912      0.2419   0.0024   48.97     21    Success 
    19      -32.8151     5.8630      0.0857   0.0016   48.67     22    Success 
    20      -32.9494     5.9257      0.1343   0.0036   62.92     23    Success 
    21      -33.1335     6.1831      0.1841   0.0074   70.15     24    Success 
    22      -33.1927     4.8159      0.0592   0.0036   72.74     26    Success 
    23      -33.2631     3.5160      0.0704   0.0054   77.11     27    Success 
    24      -33.3240     4.4205      0.0610   0.0044   69.32     28    Success 
    25      -33.3794     3.3306      0.0553   0.0054   77.39     29    Success 
    26      -33.4148     3.1806      0.0355   0.0025   67.69     30    Success 
    27      -33.4430     2.3691      0.0282   0.0020   67.36     31    Success 
    28      -33.4623     2.8124      0.0192   0.0015   66.25     32    Success 
    29      -33.4921     2.6851      0.0299   0.0025   71.98     33    Success 
    30      -33.5225     3.1658      0.0304   0.0042   72.99     34    Success 
    31      -33.5398     2.4846      0.0173   0.0042   80.12     35    Success 
    32      -33.5499     1.1451      0.0101   0.0006   52.93     36    Success 
    33      -33.5547     1.0493      0.0049   0.0005   51.45     37    Success 
    34      -33.5604     1.1970      0.0056   0.0008   61.37     38    Success 
    35      -33.5675     1.8009      0.0072   0.0014   68.87     39    Success 
    36      -33.5761     1.2642      0.0086   0.0019   76.33     40    Success 
    37      -33.5808     1.2643      0.0047   0.0014   73.38     41    Success 
    38      -33.5844     0.9349      0.0036   0.0005   65.70     42    Success 
    39      -33.5889     0.9884      0.0045   0.0009   62.17     43    Success 
    40      -33.5942     1.2658      0.0053   0.0015   71.60     44    Success 
    41      -33.6003     0.8741      0.0062   0.0018   76.53     45    Success 
    42      -33.6054     0.8500      0.0051   0.0016   72.02     46    Success 
    43      -33.6082     1.3704      0.0028   0.0016   72.56     47    Success 
    44      -33.6111     0.8457      0.0029   0.0007   70.89     48    Success 
    45      -33.6126     0.6139      0.0015   0.0002   58.87     49    Success 
    46      -33.6149     0.4686      0.0023   0.0006   60.99     50    Success 
    47      -33.6178     0.8498      0.0029   0.0011   62.79     51    Success 
    48      -33.6197     0.9670      0.0020   0.0014   78.93     52    Success 
    49      -33.6217     0.5404      0.0020   0.0007   77.57     53    Success 
    50      -33.6236     0.4944      0.0018   0.0008   68.68     54    Success 
    51      -33.6250     0.4474      0.0014   0.0006   70.28     55    Success 
    52      -33.6268     0.5580      0.0019   0.0010   70.01     56    Success 
    53      -33.6274     0.9650      0.0006   0.0015   75.52     57    Success 
    54      -33.6283     0.5171      0.0009   0.0002   71.05     58    Success 
    55      -33.6290     0.2986      0.0007   0.0004   69.14     59    Success 
    56      -33.6294     0.3510      0.0004   0.0002   58.34     60    Success 
    57      -33.6300     0.3699      0.0006   0.0003   69.43     61    Success 
    58      -33.6310     0.3593      0.0010   0.0006   70.28     62    Success 
    59      -33.6316     0.7306      0.0006   0.0015   77.78     63    Success 
    60      -33.6321     0.3051      0.0005   0.0003   73.46     64    Success 
    61      -33.6322     0.1416      0.0001   0.0002   75.61     65    Success 
    62      -33.6323     0.1225      0.0001   0.0001   58.28     66    Success 
    63      -33.6325     0.1486      0.0001   0.0002   61.33     67    Success 
    64      -33.6327     0.2227      0.0002   0.0003   70.10     68    Success 
    65      -33.6328     0.2224      0.0002   0.0004   75.69     69    Success 
    66      -33.6329     0.2223      0.0001   0.0002   74.53     70    Success 
    67      -33.6330     0.1103      0.0001   0.0001   68.80     71    Success 
    68      -33.6330     0.0909      0.0000   0.0001   63.28     72    Success 
    69      -33.6331     0.1098      0.0001   0.0001   62.45     73    Success 
    70      -33.6331     0.1588      0.0000   0.0002   71.87     74    Success 
    71      -33.6332     0.0772      0.0000   0.0001   68.57     75    Success 
    72      -33.6332     0.0597      0.0000   0.0000   57.45     76    Success 
    73      -33.6332     0.0569      0.0000   0.0000   53.45     77    Success 
    74      -33.6332     0.0668      0.0000   0.0001   59.46     78    Success 
    75      -33.6333     0.0791      0.0000   0.0002   67.99     79    Success 
    76      -33.6333     0.1069      0.0000   0.0002   76.01     80    Success 
    77      -33.6333     0.0651      0.0000   0.0001   68.82     81    Success 
    78      -33.6334     0.0438      0.0000   0.0000   58.71     82    Success 
    79      -33.6334     0.0472      0.0000   0.0000   61.50     83    Success 
    80      -33.6334     0.0603      0.0000   0.0001   70.43     84    Success 
    81      -33.6334     0.0376      0.0000   0.0001   74.95     85    Success 
    82      -33.6334     0.0585      0.0000   0.0001   69.25     86    Success 
    83      -33.6334     0.0285      0.0000   0.0000   63.05     87    Success 
    84      -33.6334     0.0280      0.0000   0.0000   55.11     88    Success 
    85      -33.6334     0.0269      0.0000   0.0000   58.13     89    Success 
    86      -33.6334     0.0265      0.0000   0.0000   62.91     90    Success 
    87      -33.6334     0.0420      0.0000   0.0001   67.67     91    Success 
    88      -33.6334     0.0641      0.0000   0.0001   78.16     92    Success 
    89      -33.6334     0.0312      0.0000   0.0000   72.03     93    Success 
    90      -33.6334     0.0143      0.0000   0.0000   55.03     94    Success 
    91      -33.6334     0.0191      0.0000   0.0000   58.21     95    Success 
    92      -33.6334     0.0231      0.0000   0.0000   70.21     96    Success 
    93      -33.6334     0.0231      0.0000   0.0000   73.52     97    Success 
    94      -33.6334     0.0493      0.0000   0.0000   73.85     98    Success 
    95      -33.6334     0.0372      0.0000   0.0000   78.95     99    Success 
    96      -33.6334     0.0131      0.0000   0.0000   73.20    100    Success 
    97      -33.6334     0.0074      0.0000   0.0000   71.34    101    Success 
    98      -33.6334     0.0091      0.0000   0.0000   62.00    102    Success 
    99      -33.6334     0.0096      0.0000   0.0000   70.19    103    Success 
   100      -33.6334     0.0132      0.0000   0.0000   71.61    104    Success 
   101      -33.6334     0.0065      0.0000   0.0000   76.05    105    Success 
   102      -33.6334     0.0055      0.0000   0.0000   65.39    106    Success 
   103      -33.6334     0.0078      0.0000   0.0000   60.09    107    Success 
   104      -33.6334     0.0085      0.0000   0.0000   73.25    108    Success 
   105      -33.6334     0.0074      0.0000   0.0000   68.92    109    Success 
   106      -33.6334     0.0050      0.0000   0.0000   68.27    110    Success 
   107      -33.6334     0.0051      0.0000   0.0000   68.39    111    Success 
   108      -33.6334     0.0050      0.0000   0.0000   69.94    112    Success 
   109      -33.6334     0.0066      0.0000   0.0000   70.98    113    Success 
   110      -33.6334     0.0027      0.0000   0.0000   70.19    114    Success 
   111      -33.6334     0.0025      0.0000   0.0000   51.43    115    Success 
   112      -33.6334     0.0079      0.0000   0.0000   58.71    116    Success 
   113      -33.6334     0.0031      0.0000   0.0000   72.96    117    Success 
   114      -33.6334     0.0020      0.0000   0.0000   70.50    118    Success 
   115      -33.6334     0.0024      0.0000   0.0000   71.31    119    Success 
   116      -33.6334     0.0023      0.0000   0.0000   70.72    120    Success 
   117      -33.6334     0.0036      0.0000   0.0000   71.43    121    Success 
   118      -33.6334     0.0014      0.0000   0.0000   75.28    122    Success 
   119      -33.6334     0.0011      0.0000   0.0000   58.17    123    Success 
   120      -33.6334     0.0012      0.0000   0.0000   54.65    124    Success 
   121      -33.6334     0.0010      0.0000   0.0000   63.06    125   SmallGrad

 LBFGS  --  Normal Termination due to SmallGrad

 Final Function Value :          -33.6334
 Final RMS Gradient :              0.0010
 Final Gradient Norm :             0.0040
