
     ######################################################################
   ##########################################################################
  ###                                                                      ###
 ###            Tinker  ---  Software Tools for Molecular Design            ###
 ##                                                                          ##
 ##                          Version 8.7  June 2019                          ##
 ##                                                                          ##
 ##               Copyright (c)  Jay William Ponder  1990-2019               ##
 ###                           All Rights Reserved                          ###
  ###                                                                      ###
   ##########################################################################
     ######################################################################


 Additional Atom Definition Parameters :

     Type  Class  Symbol  Description               Atomic    Mass   Valence

     403    403     N     ModifiedRes                  7     14.007     3
     412    412     H     ModifiedRes                  1      1.008     1
     401    401     C     ModifiedRes                  6     12.011     4
     410    410     H     ModifiedRes                  1      1.008     1
     404    404     C     ModifiedRes                  6     12.011     3
     411    411     O     ModifiedRes                  8     15.999     1
     402    402     C     ModifiedRes                  6     12.011     4
     407    407     S     ModifiedRes                 16     32.066     2
     408    408     C     ModifiedRes                  6     12.011     2
     416    416     N     ModifiedRes                  7     14.007     1
     409    409     H     ModifiedRes                  1      1.008     1
     406    406     C     ModifiedRes                  6     12.011     3
     413    413     O     ModifiedRes                  8     15.999     1
     405    405     N     ModifiedRes                  7     14.007     3
     414    414     H     ModifiedRes                  1      1.008     1
     415    415     H     ModifiedRes                  1      1.008     1

 Additional Bond Stretching Parameters :

     Atom Classes             K(S)         Length

       401 403             374.800         1.4589
       403 406             482.000         1.3610
       403 412             542.000         1.0150
       401 410             341.000         1.0957
       401 404             345.300         1.5388
       401 402             345.300         1.5181
       404 405             482.000         1.3572
       404 411             705.000         1.2314
       402 409             395.500         1.0914
       402 407             235.800         1.8318
       407 408             235.800         1.6971
       408 416             450.000         1.1861
       406 413             705.000         1.2330
       406 414             356.400         1.1017
       405 415             542.000         1.0125

 Additional Angle Bending Parameters :

     Atom Classes             K(B)          Angle

     403 406 413            60.000        124.094
     401 403 412            35.000        118.942
     406 403 412            35.000        118.838
     401 404 405            70.000        113.359
     401 404 411            80.000        121.700
     401 402 407            53.200        108.210
     401 403 406            50.000        121.364
     404 401 410            38.000        109.343
     402 401 410            38.000        110.332
     403 401 410            50.600        106.311
     402 401 404            60.000        109.451
     403 401 404            80.000        110.698
     402 401 403            80.000        110.661
     402 407 408            60.430         97.779
     407 408 416            60.000        178.379
     409 402 409            39.570        108.414
     401 402 409            42.440        109.507
     407 402 409            60.240        109.536
     405 404 411            60.000        124.942
     413 406 414            68.340        122.634
     403 406 414            31.650        113.263
     415 405 415            22.300        119.362
     404 405 415            35.000        117.511

 Additional Stretch-Bend Parameters :

     Atom Classes          K(SB)-1        K(SB)-2

     401 403 412             4.300          7.200
     406 403 412             4.300          7.200
     401 404 405            18.700         18.700
     401 402 407            18.700         18.700
     401 403 406             7.200          7.200
     404 401 410            11.500         18.700
     402 401 410            11.500         18.700
     403 401 410            11.500         11.500
     402 401 404            18.700         18.700
     403 401 404            18.700         18.700
     402 401 403            18.700         18.700
     402 407 408            -5.750         -5.750
     401 402 409            11.500         11.500
     407 402 409            11.500         11.500
     403 406 414            11.500         11.500
     404 405 415             4.300          7.200
     415 405 415             4.300          7.200
     401 404 411            18.700         18.700
     413 406 414            11.500         11.500

 Additional Out-of-Plane Bend Parameters :

     Atom Classes                   K(OPB)

     401 403   0   0                14.400
     401 404   0   0                14.400
     403 406   0   0               107.910
     404 405   0   0                71.940
     405 404   0   0               107.910
     406 403   0   0                71.940
     411 404   0   0               122.298
     412 403   0   0                 5.755
     413 406   0   0               122.298
     414 406   0   0               140.283
     415 405   0   0                 5.755

 Additional Torsional Parameters :

     Atom Classes     1-Fold    2-Fold    3-Fold    4-Fold    5-Fold    6-Fold

   403 401 404 405   0.00   0  0.00 180  0.00   0  0.00   0  0.00   0  0.00   0
   403 401 404 411   0.00   0  0.00 180  0.00   0  0.00   0  0.00   0  0.00   0
   403 401 402 409   0.00   0  0.00 180  0.00   0  0.00   0  0.00   0  0.00   0
   403 401 402 407   0.00   0  0.00 180  0.00   0  0.00   0  0.00   0  0.00   0
   410 401 403 412   0.00   0  0.00 180  0.00   0  0.00   0  0.00   0  0.00   0
   404 401 403 412   0.00   0  0.00 180  0.00   0  0.00   0  0.00   0  0.00   0
   402 401 403 412   0.00   0  0.00 180  0.00   0  0.00   0  0.00   0  0.00   0
   412 403 406 413   0.00   0  0.00 180  0.00   0  0.00   0  0.00   0  0.00   0
   412 403 406 414   0.00   0  0.00 180  0.00   0  0.00   0  0.00   0  0.00   0
   401 404 405 415   0.00   0  1.20 180  0.80   0  0.00   0  0.00   0  0.00   0
   401 402 407 408   0.00   0  0.00 180  0.00   0  0.00   0  0.00   0  0.00   0
   401 403 406 413   0.00   0  0.00 180  0.00   0  0.00   0  0.00   0  0.00   0
   401 403 406 414   0.00   0  0.00 180  0.00   0  0.00   0  0.00   0  0.00   0
   410 401 404 405   0.00   0  0.00 180  0.00   0  0.00   0  0.00   0  0.00   0
   410 401 404 411   0.00   0  0.00 180  0.00   0  0.00   0  0.00   0  0.00   0
   410 401 402 409   0.00   0  0.00 180  0.00   0  0.00   0  0.00   0  0.00   0
   410 401 402 407   0.00   0  0.00 180  0.00   0  0.00   0  0.00   0  0.00   0
   410 401 403 406   0.00   0  0.00 180  0.00   0  0.00   0  0.00   0  0.00   0
   404 401 402 409   0.00   0  0.00 180  0.00   0  0.00   0  0.00   0  0.00   0
   404 401 402 407   0.00   0  0.00 180  0.00   0  0.00   0  0.00   0  0.00   0
   404 401 403 406   0.00   0  0.00 180  0.00   0  0.00   0  0.00   0  0.00   0
   411 404 405 415   0.00   0  0.00 180  0.00   0  0.00   0  0.00   0  0.00   0
   402 401 404 411   0.00   0  0.00 180  0.00   0  0.00   0  0.00   0  0.00   0
   402 401 404 405   0.00   0  0.00 180  0.00   0  0.00   0  0.00   0  0.00   0
   402 401 403 406   0.00   0  0.00 180  0.00   0  0.00   0  0.00   0  0.00   0
   402 407 408 416   0.00   0  0.00 180  0.50   0  0.00   0  0.00   0  0.00   0
   409 402 407 408   0.00   0  0.00 180  0.00   0  0.00   0  0.00   0  0.00   0

 Additional Pi-Orbital Torsion Parameters :

     Atom Classes       2-Fold

       404 405           6.850
       403 406           6.850

 Additional van der Waals Parameters :

     Atom Class               Size        Epsilon        Reduction

         403                3.7100         0.1100          0.000
         412                2.5900         0.0220          0.900
         401                3.6500         0.1010          0.000
         410                2.8800         0.0240          0.910
         404                3.8200         0.1060          0.000
         411                3.3000         0.1120          0.000
         402                3.7800         0.1060          0.000
         407                4.0050         0.3550          0.000
         408                3.7800         0.1060          0.000
         416                3.7100         0.1050          0.000
         409                2.8700         0.0330          0.900
         406                3.8200         0.1060          0.000
         413                3.3000         0.1120          0.000
         405                3.7100         0.1100          0.000
         414                2.9200         0.0300          0.920
         415                2.5900         0.0220          0.900

 Additional Atomic Multipole Parameters :

     Atom Type     Coordinate Frame Definition         Multipole Moments

         401      403    404      0   Z-then-X    -0.27040
                                                  -0.22190  0.00000  0.26102
                                                  -0.17903
                                                   0.00000 -0.24517
                                                   0.13675  0.00000  0.42420

         402      407    401      0   Z-then-X    -0.16380
                                                   0.27778  0.00000 -0.20334
                                                   0.30211
                                                   0.00000 -0.49081
                                                  -0.33263  0.00000  0.18870

         403      406    401      0   Z-then-X    -0.06286
                                                   0.37348  0.00000 -0.12295
                                                   0.79149
                                                   0.00000 -1.08676
                                                  -0.63736  0.00000  0.29527

         404      411    405      0   Z-then-X     0.97419
                                                  -0.10999  0.00000  0.25580
                                                   0.38321
                                                   0.00000 -0.33696
                                                  -0.17133  0.00000 -0.04625

         405      404    415      0   Z-then-X    -0.32376
                                                   0.05823  0.00000 -0.07138
                                                   0.32176
                                                   0.00000 -0.38869
                                                  -0.03945  0.00000  0.06693

         406      413    403      0   Z-then-X     0.63075
                                                   0.40149  0.00000  0.25741
                                                  -0.01797
                                                   0.00000  0.01503
                                                   0.00873  0.00000  0.00294

         407      408    402      0   Z-then-X     0.34019
                                                   0.47821  0.00000  0.49978
                                                   1.11919
                                                   0.00000 -2.31639
                                                  -0.50667  0.00000  1.19720

         408      407    416      0   Z-then-X     0.21608
                                                   0.00820  0.00000 -0.28509
                                                   0.05369
                                                   0.00000  0.10740
                                                   0.05156  0.00000 -0.16109

         409      402    407      0   Z-then-X     0.09933
                                                   0.00064  0.00000 -0.16410
                                                   0.07960
                                                   0.00000  0.07569
                                                  -0.01944  0.00000 -0.15529

         410      401    403      0   Z-then-X     0.10718
                                                  -0.02083  0.00000 -0.03604
                                                  -0.03187
                                                   0.00000  0.01466
                                                  -0.01392  0.00000  0.01721

         411      404    405      0   Z-then-X    -0.77613
                                                   0.13027  0.00000 -0.18830
                                                  -0.53109
                                                   0.00000  0.25725
                                                   0.21601  0.00000  0.27384

         412      403    401      0   Z-then-X     0.11911
                                                   0.01244  0.00000 -0.25689
                                                   0.04573
                                                   0.00000  0.01640
                                                  -0.00301  0.00000 -0.06213

         413      406    403      0   Z-then-X    -0.66614
                                                  -0.21394  0.00000 -0.03273
                                                  -0.49754
                                                   0.00000  0.12402
                                                  -0.24547  0.00000  0.37352

         414      406    413      0   Z-then-X    -0.02624
                                                   0.07068  0.00000 -0.22870
                                                   0.12255
                                                   0.00000  0.03666
                                                   0.03118  0.00000 -0.15921

         415      405    404      0   Z-then-X     0.13248
                                                   0.00045  0.00000 -0.38308
                                                   0.28470
                                                   0.00000  0.12111
                                                   0.01221  0.00000 -0.40581

         416      408    407      0   Z-then-X    -0.56179
                                                   0.01684  0.00000 -0.29231
                                                   0.37390
                                                   0.00000  0.24558
                                                   0.00671  0.00000 -0.61948

 Additional Atomic Dipole Polarizability Parameters :

     Atom Type           Alpha       Thole     Group Atom Types

         403             1.073       0.390         412  401  406
         412             0.496       0.390         403
         401             1.334       0.390         403  410  404  402
         410             0.496       0.390         401
         404             1.334       0.390         401  411  405
         411             0.837       0.390         404
         402             1.334       0.390         401  407  409
         407             3.300       0.390         402  408
         408             1.334       0.390         407  416
         416             1.073       0.390         408
         409             0.496       0.390         402
         406             1.334       0.390         403  413  414
         413             0.837       0.390         406
         405             1.073       0.390         404  415
         414             0.494       0.390         406
         415             0.496       0.390         405

 Limited Memory BFGS Quasi-Newton Optimization :

 QN Iter     F Value      G RMS      F Move   X Move   Angle  FG Call  Comment

     0     5151.1780  1295.7798                                   1
     1     3381.3658   843.1830   1769.8122   0.0982    0.00      2    Success 
     2     2191.3238   618.1388   1190.0420   0.0982    5.85      3    Success 
     3     1433.5856   628.1515    757.7382   0.0982   14.04      4    Success 
     4      885.8442   363.9097    547.7413   0.0982   45.62      5    Success 
     5      570.6948   258.7973    315.1494   0.0982   43.04      6    Success 
     6      372.7385   230.0842    197.9563   0.0982   41.44      7    Success 
     7      304.3962   276.2976     68.3424   0.0860   48.21      8    Success 
     8      236.1271   131.0396     68.2691   0.0211   28.92      9    Success 
     9      182.1674    97.4511     53.9597   0.0441   37.47     10    Success 
    10      150.4943    93.0934     31.6731   0.0406   53.76     11    Success 
    11      102.6075   116.6948     47.8867   0.0643   53.98     12    Success 
    12       68.1823   146.2368     34.4252   0.0982   65.74     13    Success 
    13       49.2741    57.1204     18.9082   0.0188   45.65     14    Success 
    14       44.9956    39.7074      4.2786   0.0091   52.07     15    Success 
    15       39.2475    40.9486      5.7481   0.0177   52.76     16    Success 
    16       30.7416    44.6501      8.5060   0.0300   58.64     17    Success 
    17       21.9398    32.6861      8.8017   0.0486   68.18     18    Success 
    18       18.8061    50.5393      3.1337   0.0349   63.23     19    Success 
    19       15.5763    19.2659      3.2299   0.0099   54.51     20    Success 
    20       14.4550    19.9075      1.1213   0.0067   47.90     21    Success 
    21       13.0578    21.7189      1.3972   0.0131   67.40     22    Success 
    22       10.7868    22.3354      2.2710   0.0216   70.68     23    Success 
    23        7.8578    27.8331      2.9289   0.0353   71.34     24    Success 
    24        4.6991    20.7425      3.1587   0.0525   77.25     25    Success 
    25        2.8844    16.6939      1.8147   0.0172   69.47     26    Success 
    26        0.0773    18.9353      2.8071   0.0253   61.49     27    Success 
    27       -3.0445    32.3712      3.1219   0.0479   69.89     28    Success 
    28       -4.3548    28.9158      1.3102   0.0231   78.81     30    Success 
    29       -5.7985    17.9281      1.4438   0.0105   70.27     31    Success 
    30       -7.7153    18.7802      1.9168   0.0215   65.44     32    Success 
    31       -9.1597    25.4755      1.4444   0.0350   79.14     33    Success 
    32      -10.3393    17.8178      1.1796   0.0311   80.93     34    Success 
    33      -11.3177    13.4797      0.9784   0.0098   66.30     35    Success 
    34      -12.6890    19.5776      1.3713   0.0231   69.54     36    Success 
    35      -13.8689    23.0781      1.1799   0.0342   79.71     37    Success 
    36      -15.0613    19.7619      1.1924   0.0317   80.26     38    Success 
    37      -16.0571    11.0956      0.9958   0.0155   75.90     39    Success 
    38      -16.8777    10.0169      0.8207   0.0129   60.00     40    Success 
    39      -17.4771    10.7896      0.5993   0.0196   76.31     41    Success 
    40      -18.2592    10.5706      0.7822   0.0181   70.10     42    Success 
    41      -18.6184    18.1200      0.3592   0.0247   71.78     43    Success 
    42      -18.6466    29.1303      0.0282   0.0014   64.32     45    Success 
    43      -18.6996    25.0913      0.0530   0.0005   77.07     46    Success 
    44      -18.7959    22.7630      0.0963   0.0008   72.90     47    Success 
    45      -18.9626    16.2176      0.1667   0.0018   74.61     48    Success 
    46      -19.2032     9.1853      0.2405   0.0037   71.93     49    Success 
    47      -19.3622     6.7301      0.1590   0.0050   73.98     50    Success 
    48      -19.5169     5.7680      0.1547   0.0050   70.40     51    Success 
    49      -19.7416     4.5338      0.2247   0.0082   68.72     52    Success 
    50      -19.8012     9.5272      0.0596   0.0033   63.45     54    Success 
    51      -19.8986     6.4358      0.0974   0.0035   78.60     55    Success 
    52      -20.0243     3.1855      0.1257   0.0063   74.57     56    Success 
    53      -20.0844     3.2930      0.0601   0.0039   69.14     57    Success 
    54      -20.1496     3.9621      0.0652   0.0060   70.12     58    Success 
    55      -20.2034     4.6244      0.0538   0.0063   74.68     59    Success 
    56      -20.2447     3.2519      0.0413   0.0017   66.05     60    Success 
    57      -20.2901     3.1186      0.0454   0.0039   69.86     61    Success 
    58      -20.3196     3.6998      0.0295   0.0040   79.41     62    Success 
    59      -20.3562     2.8607      0.0366   0.0054   80.65     63    Success 
    60      -20.3750     3.2084      0.0188   0.0030   75.49     64    Success 
    61      -20.3918     2.5335      0.0168   0.0010   69.38     65    Success 
    62      -20.4157     2.2197      0.0239   0.0022   70.49     66    Success 
    63      -20.4288     2.2404      0.0131   0.0041   76.97     67    Success 
    64      -20.4400     2.2685      0.0112   0.0028   76.62     68    Success 
    65      -20.4543     1.3296      0.0143   0.0009   55.41     69    Success 
    66      -20.4654     1.0320      0.0111   0.0015   58.14     70    Success 
    67      -20.4720     1.1322      0.0067   0.0018   72.37     71    Success 
    68      -20.4791     1.0531      0.0071   0.0023   75.84     72    Success 
    69      -20.4834     0.9266      0.0043   0.0016   71.64     73    Success 
    70      -20.4861     0.4860      0.0026   0.0004   52.07     74    Success 
    71      -20.4878     0.4138      0.0017   0.0004   46.76     75    Success 
    72      -20.4890     1.1331      0.0012   0.0006   54.48     76    Success 
    73      -20.4905     0.5639      0.0015   0.0005   77.05     77    Success 
    74      -20.4916     0.5775      0.0011   0.0004   71.31     78    Success 
    75      -20.4934     0.5600      0.0017   0.0007   71.77     79    Success 
    76      -20.4959     0.7105      0.0025   0.0012   72.58     80    Success 
    77      -20.4967     1.5848      0.0009   0.0016   75.79     81    Success 
    78      -20.4982     1.0784      0.0014   0.0003   77.80     82    Success 
    79      -20.5001     0.3529      0.0019   0.0006   75.40     83    Success 
    80      -20.5007     0.3709      0.0007   0.0004   68.09     84    Success 
    81      -20.5016     0.3852      0.0008   0.0005   70.82     85    Success 
    82      -20.5019     0.6763      0.0004   0.0004   75.22     87    Success 
    83      -20.5025     0.3981      0.0005   0.0003   79.31     88    Success 
    84      -20.5029     0.2100      0.0004   0.0004   74.85     89    Success 
    85      -20.5032     0.2512      0.0003   0.0002   65.43     90    Success 
    86      -20.5036     0.3308      0.0004   0.0004   70.78     91    Success 
    87      -20.5038     0.3794      0.0002   0.0005   76.00     92    Success 
    88      -20.5040     0.1274      0.0002   0.0002   74.33     93    Success 
    89      -20.5040     0.0968      0.0001   0.0001   64.55     94    Success 
    90      -20.5041     0.0974      0.0000   0.0001   62.51     95    Success 
    91      -20.5041     0.1144      0.0001   0.0001   60.70     96    Success 
    92      -20.5042     0.1002      0.0001   0.0002   72.26     97    Success 
    93      -20.5042     0.0678      0.0000   0.0001   64.02     98    Success 
    94      -20.5043     0.0778      0.0000   0.0001   59.16     99    Success 
    95      -20.5043     0.1148      0.0000   0.0000   66.35    101    Success 
    96      -20.5043     0.0732      0.0000   0.0000   76.38    102    Success 
    97      -20.5043     0.0489      0.0000   0.0001   71.74    103    Success 
    98      -20.5043     0.0584      0.0000   0.0001   70.36    104    Success 
    99      -20.5043     0.0558      0.0000   0.0001   73.04    105    Success 
   100      -20.5044     0.0832      0.0000   0.0001   73.11    106    Success 
   101      -20.5044     0.0927      0.0000   0.0002   79.10    107    Success 
   102      -20.5044     0.0464      0.0000   0.0000   73.57    108    Success 
   103      -20.5044     0.0260      0.0000   0.0000   69.25    109    Success 
   104      -20.5044     0.0334      0.0000   0.0000   57.44    110    Success 
   105      -20.5044     0.0313      0.0000   0.0000   69.36    111    Success 
   106      -20.5044     0.0579      0.0000   0.0001   74.53    112    Success 
   107      -20.5044     0.0229      0.0000   0.0001   81.43    113    Success 
   108      -20.5044     0.0198      0.0000   0.0000   63.15    114    Success 
   109      -20.5044     0.0197      0.0000   0.0000   59.57    115    Success 
   110      -20.5044     0.0395      0.0000   0.0000   62.52    116    Success 
   111      -20.5044     0.0222      0.0000   0.0000   78.11    117    Success 
   112      -20.5044     0.0123      0.0000   0.0000   63.76    118    Success 
   113      -20.5044     0.0091      0.0000   0.0000   57.22    119    Success 
   114      -20.5044     0.0104      0.0000   0.0000   59.06    120    Success 
   115      -20.5044     0.0096      0.0000   0.0000   65.27    121    Success 
   116      -20.5044     0.0087      0.0000   0.0000   69.05    122    Success 
   117      -20.5044     0.0108      0.0000   0.0000   59.88    123    Success 
   118      -20.5044     0.0098      0.0000   0.0000   69.67    124    Success 
   119      -20.5044     0.0098      0.0000   0.0000   72.47    125    Success 
   120      -20.5044     0.0121      0.0000   0.0000   76.01    126    Success 
   121      -20.5044     0.0047      0.0000   0.0000   73.23    127    Success 
   122      -20.5044     0.0035      0.0000   0.0000   66.38    128    Success 
   123      -20.5044     0.0042      0.0000   0.0000   63.90    129    Success 
   124      -20.5044     0.0046      0.0000   0.0000   69.71    130    Success 
   125      -20.5044     0.0062      0.0000   0.0000   75.49    132    Success 
   126      -20.5044     0.0036      0.0000   0.0000   76.79    133    Success 
   127      -20.5044     0.0024      0.0000   0.0000   70.33    134    Success 
   128      -20.5044     0.0036      0.0000   0.0000   64.06    135    Success 
   129      -20.5044     0.0028      0.0000   0.0000   66.93    136    Success 
   130      -20.5044     0.0017      0.0000   0.0000   68.59    137    Success 
   131      -20.5044     0.0012      0.0000   0.0000   65.13    138    Success 
   132      -20.5044     0.0013      0.0000   0.0000   62.76    139    Success 
   133      -20.5044     0.0014      0.0000   0.0000   66.47    140    Success 
   134      -20.5044     0.0033      0.0000   0.0000   68.39    141    Success 
   135      -20.5044     0.0019      0.0000   0.0000   58.38    142    Success 
   136      -20.5044     0.0010      0.0000   0.0000   62.13    143   SmallGrad

 LBFGS  --  Normal Termination due to SmallGrad

 Final Function Value :          -20.5044
 Final RMS Gradient :              0.0010
 Final Gradient Norm :             0.0042
