
     ######################################################################
   ##########################################################################
  ###                                                                      ###
 ###            Tinker  ---  Software Tools for Molecular Design            ###
 ##                                                                          ##
 ##                          Version 8.7  June 2019                          ##
 ##                                                                          ##
 ##               Copyright (c)  Jay William Ponder  1990-2019               ##
 ###                           All Rights Reserved                          ###
  ###                                                                      ###
   ##########################################################################
     ######################################################################


 Additional Atom Definition Parameters :

     Type  Class  Symbol  Description               Atomic    Mass   Valence

     403    403     N     ModifiedRes                  7     14.007     3
     412    412     H     ModifiedRes                  1      1.008     1
     401    401     C     ModifiedRes                  6     12.011     4
     410    410     H     ModifiedRes                  1      1.008     1
     404    404     C     ModifiedRes                  6     12.011     3
     411    411     O     ModifiedRes                  8     15.999     1
     402    402     C     ModifiedRes                  6     12.011     4
     407    407     S     ModifiedRes                 16     32.066     2
     408    408     C     ModifiedRes                  6     12.011     2
     416    416     N     ModifiedRes                  7     14.007     1
     409    409     H     ModifiedRes                  1      1.008     1
     406    406     C     ModifiedRes                  6     12.011     3
     413    413     O     ModifiedRes                  8     15.999     1
     405    405     N     ModifiedRes                  7     14.007     3
     414    414     H     ModifiedRes                  1      1.008     1
     415    415     H     ModifiedRes                  1      1.008     1

 Additional Bond Stretching Parameters :

     Atom Classes             K(S)         Length

       401 403             374.800         1.4589
       403 406             482.000         1.3610
       403 412             542.000         1.0150
       401 410             341.000         1.0957
       401 404             345.300         1.5388
       401 402             345.300         1.5181
       404 405             482.000         1.3572
       404 411             705.000         1.2314
       402 409             395.500         1.0914
       402 407             235.800         1.8318
       407 408             235.800         1.6971
       408 416             450.000         1.1861
       406 413             705.000         1.2330
       406 414             356.400         1.1017
       405 415             542.000         1.0125

 Additional Angle Bending Parameters :

     Atom Classes             K(B)          Angle

     403 406 413            60.000        124.094
     401 403 412            35.000        118.942
     406 403 412            35.000        118.838
     401 404 405            70.000        113.359
     401 404 411            80.000        121.700
     401 402 407            53.200        108.210
     401 403 406            50.000        121.364
     404 401 410            38.000        109.343
     402 401 410            38.000        110.332
     403 401 410            50.600        106.311
     402 401 404            60.000        109.451
     403 401 404            80.000        110.698
     402 401 403            80.000        110.661
     402 407 408            60.430         97.779
     407 408 416            60.000        178.379
     409 402 409            39.570        108.414
     401 402 409            42.440        109.507
     407 402 409            60.240        109.536
     405 404 411            60.000        124.942
     413 406 414            68.340        122.634
     403 406 414            31.650        113.263
     415 405 415            22.300        119.362
     404 405 415            35.000        117.511

 Additional Stretch-Bend Parameters :

     Atom Classes          K(SB)-1        K(SB)-2

     401 403 412             4.300          7.200
     406 403 412             4.300          7.200
     401 404 405            18.700         18.700
     401 402 407            18.700         18.700
     401 403 406             7.200          7.200
     404 401 410            11.500         18.700
     402 401 410            11.500         18.700
     403 401 410            11.500         11.500
     402 401 404            18.700         18.700
     403 401 404            18.700         18.700
     402 401 403            18.700         18.700
     402 407 408            -5.750         -5.750
     401 402 409            11.500         11.500
     407 402 409            11.500         11.500
     403 406 414            11.500         11.500
     404 405 415             4.300          7.200
     415 405 415             4.300          7.200
     401 404 411            18.700         18.700
     413 406 414            11.500         11.500

 Additional Out-of-Plane Bend Parameters :

     Atom Classes                   K(OPB)

     401 403   0   0                14.400
     401 404   0   0                14.400
     403 406   0   0               107.910
     404 405   0   0                71.940
     405 404   0   0               107.910
     406 403   0   0                71.940
     411 404   0   0               122.298
     412 403   0   0                 5.755
     413 406   0   0               122.298
     414 406   0   0               140.283
     415 405   0   0                 5.755

 Additional Torsional Parameters :

     Atom Classes     1-Fold    2-Fold    3-Fold    4-Fold    5-Fold    6-Fold

   403 401 404 405   0.00   0  0.00 180  0.00   0  0.00   0  0.00   0  0.00   0
   403 401 404 411   0.00   0  0.00 180  0.00   0  0.00   0  0.00   0  0.00   0
   403 401 402 409   0.00   0  0.00 180  0.00   0  0.00   0  0.00   0  0.00   0
   403 401 402 407   0.00   0  0.00 180  0.00   0  0.00   0  0.00   0  0.00   0
   410 401 403 412   0.00   0  0.00 180  0.00   0  0.00   0  0.00   0  0.00   0
   404 401 403 412   0.00   0  0.00 180  0.00   0  0.00   0  0.00   0  0.00   0
   402 401 403 412   0.00   0  0.00 180  0.00   0  0.00   0  0.00   0  0.00   0
   412 403 406 413   0.00   0  0.00 180  0.00   0  0.00   0  0.00   0  0.00   0
   412 403 406 414   0.00   0  0.00 180  0.00   0  0.00   0  0.00   0  0.00   0
   401 404 405 415   0.00   0  1.20 180  0.80   0  0.00   0  0.00   0  0.00   0
   401 402 407 408   0.00   0  0.00 180  0.00   0  0.00   0  0.00   0  0.00   0
   401 403 406 413   0.00   0  0.00 180  0.00   0  0.00   0  0.00   0  0.00   0
   401 403 406 414   0.00   0  0.00 180  0.00   0  0.00   0  0.00   0  0.00   0
   410 401 404 405   0.00   0  0.00 180  0.00   0  0.00   0  0.00   0  0.00   0
   410 401 404 411   0.00   0  0.00 180  0.00   0  0.00   0  0.00   0  0.00   0
   410 401 402 409   0.00   0  0.00 180  0.00   0  0.00   0  0.00   0  0.00   0
   410 401 402 407   0.00   0  0.00 180  0.00   0  0.00   0  0.00   0  0.00   0
   410 401 403 406   0.00   0  0.00 180  0.00   0  0.00   0  0.00   0  0.00   0
   404 401 402 409   0.00   0  0.00 180  0.00   0  0.00   0  0.00   0  0.00   0
   404 401 402 407   0.00   0  0.00 180  0.00   0  0.00   0  0.00   0  0.00   0
   404 401 403 406   0.00   0  0.00 180  0.00   0  0.00   0  0.00   0  0.00   0
   411 404 405 415   0.00   0  0.00 180  0.00   0  0.00   0  0.00   0  0.00   0
   402 401 404 411   0.00   0  0.00 180  0.00   0  0.00   0  0.00   0  0.00   0
   402 401 404 405   0.00   0  0.00 180  0.00   0  0.00   0  0.00   0  0.00   0
   402 401 403 406   0.00   0  0.00 180  0.00   0  0.00   0  0.00   0  0.00   0
   402 407 408 416   0.00   0  0.00 180  0.50   0  0.00   0  0.00   0  0.00   0
   409 402 407 408   0.00   0  0.00 180  0.00   0  0.00   0  0.00   0  0.00   0

 Additional Pi-Orbital Torsion Parameters :

     Atom Classes       2-Fold

       404 405           6.850
       403 406           6.850

 Additional van der Waals Parameters :

     Atom Class               Size        Epsilon        Reduction

         403                3.7100         0.1100          0.000
         412                2.5900         0.0220          0.900
         401                3.6500         0.1010          0.000
         410                2.8800         0.0240          0.910
         404                3.8200         0.1060          0.000
         411                3.3000         0.1120          0.000
         402                3.7800         0.1060          0.000
         407                4.0050         0.3550          0.000
         408                3.7800         0.1060          0.000
         416                3.7100         0.1050          0.000
         409                2.8700         0.0330          0.900
         406                3.8200         0.1060          0.000
         413                3.3000         0.1120          0.000
         405                3.7100         0.1100          0.000
         414                2.9200         0.0300          0.920
         415                2.5900         0.0220          0.900

 Additional Atomic Multipole Parameters :

     Atom Type     Coordinate Frame Definition         Multipole Moments

         401      403    404      0   Z-then-X    -0.27040
                                                  -0.22190  0.00000  0.26102
                                                  -0.17903
                                                   0.00000 -0.24517
                                                   0.13675  0.00000  0.42420

         402      407    401      0   Z-then-X    -0.16380
                                                   0.27778  0.00000 -0.20334
                                                   0.30211
                                                   0.00000 -0.49081
                                                  -0.33263  0.00000  0.18870

         403      406    401      0   Z-then-X    -0.06286
                                                   0.37348  0.00000 -0.12295
                                                   0.79149
                                                   0.00000 -1.08676
                                                  -0.63736  0.00000  0.29527

         404      411    405      0   Z-then-X     0.97419
                                                  -0.10999  0.00000  0.25580
                                                   0.38321
                                                   0.00000 -0.33696
                                                  -0.17133  0.00000 -0.04625

         405      404    415      0   Z-then-X    -0.32376
                                                   0.05823  0.00000 -0.07138
                                                   0.32176
                                                   0.00000 -0.38869
                                                  -0.03945  0.00000  0.06693

         406      413    403      0   Z-then-X     0.63075
                                                   0.40149  0.00000  0.25741
                                                  -0.01797
                                                   0.00000  0.01503
                                                   0.00873  0.00000  0.00294

         407      408    402      0   Z-then-X     0.34019
                                                   0.47821  0.00000  0.49978
                                                   1.11919
                                                   0.00000 -2.31639
                                                  -0.50667  0.00000  1.19720

         408      407    416      0   Z-then-X     0.21608
                                                   0.00820  0.00000 -0.28509
                                                   0.05369
                                                   0.00000  0.10740
                                                   0.05156  0.00000 -0.16109

         409      402    407      0   Z-then-X     0.09933
                                                   0.00064  0.00000 -0.16410
                                                   0.07960
                                                   0.00000  0.07569
                                                  -0.01944  0.00000 -0.15529

         410      401    403      0   Z-then-X     0.10718
                                                  -0.02083  0.00000 -0.03604
                                                  -0.03187
                                                   0.00000  0.01466
                                                  -0.01392  0.00000  0.01721

         411      404    405      0   Z-then-X    -0.77613
                                                   0.13027  0.00000 -0.18830
                                                  -0.53109
                                                   0.00000  0.25725
                                                   0.21601  0.00000  0.27384

         412      403    401      0   Z-then-X     0.11911
                                                   0.01244  0.00000 -0.25689
                                                   0.04573
                                                   0.00000  0.01640
                                                  -0.00301  0.00000 -0.06213

         413      406    403      0   Z-then-X    -0.66614
                                                  -0.21394  0.00000 -0.03273
                                                  -0.49754
                                                   0.00000  0.12402
                                                  -0.24547  0.00000  0.37352

         414      406    413      0   Z-then-X    -0.02624
                                                   0.07068  0.00000 -0.22870
                                                   0.12255
                                                   0.00000  0.03666
                                                   0.03118  0.00000 -0.15921

         415      405    404      0   Z-then-X     0.13248
                                                   0.00045  0.00000 -0.38308
                                                   0.28470
                                                   0.00000  0.12111
                                                   0.01221  0.00000 -0.40581

         416      408    407      0   Z-then-X    -0.56179
                                                   0.01684  0.00000 -0.29231
                                                   0.37390
                                                   0.00000  0.24558
                                                   0.00671  0.00000 -0.61948

 Additional Atomic Dipole Polarizability Parameters :

     Atom Type           Alpha       Thole     Group Atom Types

         403             1.073       0.390         412  401  406
         412             0.496       0.390         403
         401             1.334       0.390         403  410  404  402
         410             0.496       0.390         401
         404             1.334       0.390         401  411  405
         411             0.837       0.390         404
         402             1.334       0.390         401  407  409
         407             3.300       0.390         402  408
         408             1.334       0.390         407  416
         416             1.073       0.390         408
         409             0.496       0.390         402
         406             1.334       0.390         403  413  414
         413             0.837       0.390         406
         405             1.073       0.390         404  415
         414             0.494       0.390         406
         415             0.496       0.390         405

 Limited Memory BFGS Quasi-Newton Optimization :

 QN Iter     F Value      G RMS      F Move   X Move   Angle  FG Call  Comment

     0      -24.7066     8.5017                                   1
     1      -24.7981     6.8581      0.0915   0.0012    0.00      3    Success 
     2      -24.8582     5.5161      0.0601   0.0007   38.48      4    Success 
     3      -24.9544     5.0393      0.0962   0.0015   38.34      5    Success 
     4      -25.0770     7.2576      0.1226   0.0031   46.57      6    Success 
     5      -25.1726     6.9104      0.0956   0.0038   68.74      7    Success 
     6      -25.2282     7.8259      0.0556   0.0023   66.30      8    Success 
     7      -25.2888     5.0674      0.0606   0.0011   61.83      9    Success 
     8      -25.3621     4.0010      0.0733   0.0024   59.19     10    Success 
     9      -25.4152     4.1200      0.0531   0.0022   65.54     11    Success 
    10      -25.5027     4.1496      0.0875   0.0036   66.69     12    Success 
    11      -25.5995     6.2629      0.0969   0.0065   68.89     13    Success 
    12      -25.6657     4.1377      0.0662   0.0071   76.53     14    Success 
    13      -25.6935     1.7700      0.0278   0.0014   66.92     15    Success 
    14      -25.7082     1.7203      0.0147   0.0010   47.98     16    Success 
    15      -25.7263     2.2563      0.0181   0.0012   53.67     17    Success 
    16      -25.7548     2.7050      0.0285   0.0023   66.97     18    Success 
    17      -25.7924     3.0098      0.0376   0.0043   74.29     19    Success 
    18      -25.8327     2.1360      0.0403   0.0060   77.95     20    Success 
    19      -25.8573     1.7071      0.0246   0.0029   72.39     21    Success 
    20      -25.8794     2.1275      0.0221   0.0039   67.42     22    Success 
    21      -25.8909     1.3601      0.0115   0.0010   59.33     23    Success 
    22      -25.8972     0.9537      0.0063   0.0006   59.81     24    Success 
    23      -25.9055     1.1022      0.0082   0.0014   57.44     25    Success 
    24      -25.9082     2.5106      0.0027   0.0017   71.37     26    Success 
    25      -25.9127     1.6141      0.0045   0.0004   70.99     27    Success 
    26      -25.9197     0.9501      0.0070   0.0010   72.41     28    Success 
    27      -25.9271     1.3979      0.0074   0.0019   70.18     29    Success 
    28      -25.9336     1.7907      0.0064   0.0016   78.59     30    Success 
    29      -25.9405     1.9424      0.0069   0.0025   80.73     31    Success 
    30      -25.9485     1.0707      0.0080   0.0021   79.61     32    Success 
    31      -25.9528     1.0797      0.0043   0.0007   66.55     33    Success 
    32      -25.9591     1.0526      0.0062   0.0012   67.47     34    Success 
    33      -25.9622     1.7249      0.0031   0.0011   72.74     36    Success 
    34      -25.9668     0.9932      0.0046   0.0011   79.50     37    Success 
    35      -25.9720     1.1645      0.0053   0.0017   76.38     38    Success 
    36      -25.9786     1.4535      0.0065   0.0022   79.41     39    Success 
    37      -25.9878     1.6490      0.0092   0.0032   81.05     40    Success 
    38      -25.9937     2.0427      0.0060   0.0042   81.60     41    Success 
    39      -25.9996     0.6692      0.0059   0.0005   59.02     42    Success 
    40      -26.0017     0.6835      0.0021   0.0005   62.56     43    Success 
    41      -26.0038     0.7215      0.0021   0.0005   65.11     44    Success 
    42      -26.0069     0.5255      0.0031   0.0011   73.64     45    Success 
    43      -26.0099     0.7853      0.0030   0.0019   72.87     46    Success 
    44      -26.0121     0.7612      0.0022   0.0021   80.03     47    Success 
    45      -26.0135     0.5078      0.0014   0.0003   62.90     48    Success 
    46      -26.0145     0.6386      0.0010   0.0005   63.81     49    Success 
    47      -26.0149     0.5858      0.0003   0.0002   73.51     50    Success 
    48      -26.0151     0.3544      0.0003   0.0002   77.50     51    Success 
    49      -26.0156     0.3921      0.0004   0.0003   73.71     52    Success 
    50      -26.0162     0.4338      0.0006   0.0005   75.25     53    Success 
    51      -26.0164     1.0376      0.0002   0.0006   77.39     54    Success 
    52      -26.0168     0.5768      0.0004   0.0001   75.68     55    Success 
    53      -26.0170     0.1771      0.0002   0.0001   73.16     56    Success 
    54      -26.0171     0.2021      0.0001   0.0001   70.01     57    Success 
    55      -26.0172     0.2589      0.0001   0.0001   70.64     58    Success 
    56      -26.0173     0.3126      0.0002   0.0002   74.96     59    Success 
    57      -26.0176     0.3261      0.0003   0.0003   77.63     60    Success 
    58      -26.0177     0.6193      0.0001   0.0005   80.67     61    Success 
    59      -26.0178     0.4619      0.0001   0.0000   72.50     62    Success 
    60      -26.0181     0.2097      0.0002   0.0001   72.01     63    Success 
    61      -26.0182     0.2334      0.0002   0.0002   66.52     64    Success 
    62      -26.0183     0.2626      0.0001   0.0001   77.87     65    Success 
    63      -26.0185     0.2379      0.0001   0.0002   77.97     66    Success 
    64      -26.0186     0.2588      0.0002   0.0003   76.01     67    Success 
    65      -26.0188     0.1343      0.0002   0.0004   78.33     68    Success 
    66      -26.0188     0.0882      0.0000   0.0001   70.53     69    Success 
    67      -26.0189     0.0758      0.0000   0.0000   58.30     70    Success 
    68      -26.0189     0.2024      0.0000   0.0001   65.93     71    Success 
    69      -26.0189     0.1409      0.0000   0.0001   77.46     72    Success 
    70      -26.0189     0.0737      0.0000   0.0000   80.88     73    Success 
    71      -26.0189     0.0540      0.0000   0.0000   73.83     74    Success 
    72      -26.0189     0.0641      0.0000   0.0001   69.13     75    Success 
    73      -26.0189     0.0592      0.0000   0.0001   74.59     76    Success 
    74      -26.0189     0.0938      0.0000   0.0001   73.03     77    Success 
    75      -26.0190     0.1023      0.0000   0.0000   72.98     78    Success 
    76      -26.0190     0.0431      0.0000   0.0000   62.47     79    Success 
    77      -26.0190     0.0362      0.0000   0.0000   63.94     80    Success 
    78      -26.0190     0.0448      0.0000   0.0000   65.62     81    Success 
    79      -26.0190     0.0543      0.0000   0.0000   71.73     82    Success 
    80      -26.0190     0.0733      0.0000   0.0001   75.59     83    Success 
    81      -26.0190     0.0633      0.0000   0.0001   80.59     84    Success 
    82      -26.0190     0.0573      0.0000   0.0001   79.59     85    Success 
    83      -26.0190     0.0296      0.0000   0.0001   78.92     86    Success 
    84      -26.0190     0.0300      0.0000   0.0000   53.62     87    Success 
    85      -26.0190     0.0304      0.0000   0.0000   64.18     88    Success 
    86      -26.0190     0.0410      0.0000   0.0001   69.68     89    Success 
    87      -26.0190     0.0183      0.0000   0.0000   68.70     90    Success 
    88      -26.0190     0.0169      0.0000   0.0000   68.68     91    Success 
    89      -26.0190     0.0197      0.0000   0.0000   71.64     92    Success 
    90      -26.0190     0.0574      0.0000   0.0000   72.91     93    Success 
    91      -26.0190     0.0322      0.0000   0.0000   71.55     94    Success 
    92      -26.0190     0.0119      0.0000   0.0000   73.40     95    Success 
    93      -26.0190     0.0125      0.0000   0.0000   74.20     96    Success 
    94      -26.0190     0.0112      0.0000   0.0000   66.87     97    Success 
    95      -26.0190     0.0100      0.0000   0.0000   71.30     98    Success 
    96      -26.0190     0.0087      0.0000   0.0000   61.88     99    Success 
    97      -26.0190     0.0136      0.0000   0.0000   68.07    100    Success 
    98      -26.0190     0.0180      0.0000   0.0000   76.21    101    Success 
    99      -26.0190     0.0137      0.0000   0.0000   77.51    102    Success 
   100      -26.0190     0.0065      0.0000   0.0000   72.56    103    Success 
   101      -26.0190     0.0054      0.0000   0.0000   62.83    104    Success 
   102      -26.0190     0.0067      0.0000   0.0000   68.94    105    Success 
   103      -26.0190     0.0071      0.0000   0.0000   71.87    106    Success 
   104      -26.0190     0.0123      0.0000   0.0000   71.00    107    Success 
   105      -26.0190     0.0059      0.0000   0.0000   80.84    108    Success 
   106      -26.0190     0.0023      0.0000   0.0000   77.79    109    Success 
   107      -26.0190     0.0021      0.0000   0.0000   60.16    110    Success 
   108      -26.0190     0.0028      0.0000   0.0000   60.78    111    Success 
   109      -26.0190     0.0032      0.0000   0.0000   66.25    112    Success 
   110      -26.0190     0.0036      0.0000   0.0000   71.06    113    Success 
   111      -26.0190     0.0028      0.0000   0.0000   75.24    114    Success 
   112      -26.0190     0.0027      0.0000   0.0000   72.00    115    Success 
   113      -26.0190     0.0025      0.0000   0.0000   75.19    116    Success 
   114      -26.0190     0.0017      0.0000   0.0000   67.84    117    Success 
   115      -26.0190     0.0014      0.0000   0.0000   63.63    118    Success 
   116      -26.0190     0.0018      0.0000   0.0000   65.74    119    Success 
   117      -26.0190     0.0018      0.0000   0.0000   76.20    120    Success 
   118      -26.0190     0.0036      0.0000   0.0000   75.05    121    Success 
   119      -26.0190     0.0024      0.0000   0.0000   77.52    122    Success 
   120      -26.0190     0.0009      0.0000   0.0000   71.42    123   SmallGrad

 LBFGS  --  Normal Termination due to SmallGrad

 Final Function Value :          -26.0190
 Final RMS Gradient :              0.0009
 Final Gradient Norm :             0.0039
