
     ######################################################################
   ##########################################################################
  ###                                                                      ###
 ###            Tinker  ---  Software Tools for Molecular Design            ###
 ##                                                                          ##
 ##                          Version 8.7  June 2019                          ##
 ##                                                                          ##
 ##               Copyright (c)  Jay William Ponder  1990-2019               ##
 ###                           All Rights Reserved                          ###
  ###                                                                      ###
   ##########################################################################
     ######################################################################


 Additional Atom Definition Parameters :

     Type  Class  Symbol  Description               Atomic    Mass   Valence

     403    403     N     ModifiedRes                  7     14.007     3
     412    412     H     ModifiedRes                  1      1.008     1
     401    401     C     ModifiedRes                  6     12.011     4
     410    410     H     ModifiedRes                  1      1.008     1
     404    404     C     ModifiedRes                  6     12.011     3
     411    411     O     ModifiedRes                  8     15.999     1
     402    402     C     ModifiedRes                  6     12.011     4
     407    407     S     ModifiedRes                 16     32.066     2
     408    408     C     ModifiedRes                  6     12.011     2
     416    416     N     ModifiedRes                  7     14.007     1
     409    409     H     ModifiedRes                  1      1.008     1
     406    406     C     ModifiedRes                  6     12.011     3
     413    413     O     ModifiedRes                  8     15.999     1
     405    405     N     ModifiedRes                  7     14.007     3
     414    414     H     ModifiedRes                  1      1.008     1
     415    415     H     ModifiedRes                  1      1.008     1

 Additional Bond Stretching Parameters :

     Atom Classes             K(S)         Length

       401 403             374.800         1.4589
       403 406             482.000         1.3610
       403 412             542.000         1.0150
       401 410             341.000         1.0957
       401 404             345.300         1.5388
       401 402             345.300         1.5181
       404 405             482.000         1.3572
       404 411             705.000         1.2314
       402 409             395.500         1.0914
       402 407             235.800         1.8318
       407 408             235.800         1.6971
       408 416             450.000         1.1861
       406 413             705.000         1.2330
       406 414             356.400         1.1017
       405 415             542.000         1.0125

 Additional Angle Bending Parameters :

     Atom Classes             K(B)          Angle

     403 406 413            60.000        124.094
     401 403 412            35.000        118.942
     406 403 412            35.000        118.838
     401 404 405            70.000        113.359
     401 404 411            80.000        121.700
     401 402 407            53.200        108.210
     401 403 406            50.000        121.364
     404 401 410            38.000        109.343
     402 401 410            38.000        110.332
     403 401 410            50.600        106.311
     402 401 404            60.000        109.451
     403 401 404            80.000        110.698
     402 401 403            80.000        110.661
     402 407 408            60.430         97.779
     407 408 416            60.000        178.379
     409 402 409            39.570        108.414
     401 402 409            42.440        109.507
     407 402 409            60.240        109.536
     405 404 411            60.000        124.942
     413 406 414            68.340        122.634
     403 406 414            31.650        113.263
     415 405 415            22.300        119.362
     404 405 415            35.000        117.511

 Additional Stretch-Bend Parameters :

     Atom Classes          K(SB)-1        K(SB)-2

     401 403 412             4.300          7.200
     406 403 412             4.300          7.200
     401 404 405            18.700         18.700
     401 402 407            18.700         18.700
     401 403 406             7.200          7.200
     404 401 410            11.500         18.700
     402 401 410            11.500         18.700
     403 401 410            11.500         11.500
     402 401 404            18.700         18.700
     403 401 404            18.700         18.700
     402 401 403            18.700         18.700
     402 407 408            -5.750         -5.750
     401 402 409            11.500         11.500
     407 402 409            11.500         11.500
     403 406 414            11.500         11.500
     404 405 415             4.300          7.200
     415 405 415             4.300          7.200
     401 404 411            18.700         18.700
     413 406 414            11.500         11.500

 Additional Out-of-Plane Bend Parameters :

     Atom Classes                   K(OPB)

     401 403   0   0                14.400
     401 404   0   0                14.400
     403 406   0   0               107.910
     404 405   0   0                71.940
     405 404   0   0               107.910
     406 403   0   0                71.940
     411 404   0   0               122.298
     412 403   0   0                 5.755
     413 406   0   0               122.298
     414 406   0   0               140.283
     415 405   0   0                 5.755

 Additional Torsional Parameters :

     Atom Classes     1-Fold    2-Fold    3-Fold    4-Fold    5-Fold    6-Fold

   403 401 404 405   0.00   0  0.00 180  0.00   0  0.00   0  0.00   0  0.00   0
   403 401 404 411   0.00   0  0.00 180  0.00   0  0.00   0  0.00   0  0.00   0
   403 401 402 409   0.00   0  0.00 180  0.00   0  0.00   0  0.00   0  0.00   0
   403 401 402 407   0.00   0  0.00 180  0.00   0  0.00   0  0.00   0  0.00   0
   410 401 403 412   0.00   0  0.00 180  0.00   0  0.00   0  0.00   0  0.00   0
   404 401 403 412   0.00   0  0.00 180  0.00   0  0.00   0  0.00   0  0.00   0
   402 401 403 412   0.00   0  0.00 180  0.00   0  0.00   0  0.00   0  0.00   0
   412 403 406 413   0.00   0  0.00 180  0.00   0  0.00   0  0.00   0  0.00   0
   412 403 406 414   0.00   0  0.00 180  0.00   0  0.00   0  0.00   0  0.00   0
   401 404 405 415   0.00   0  1.20 180  0.80   0  0.00   0  0.00   0  0.00   0
   401 402 407 408   0.00   0  0.00 180  0.00   0  0.00   0  0.00   0  0.00   0
   401 403 406 413   0.00   0  0.00 180  0.00   0  0.00   0  0.00   0  0.00   0
   401 403 406 414   0.00   0  0.00 180  0.00   0  0.00   0  0.00   0  0.00   0
   410 401 404 405   0.00   0  0.00 180  0.00   0  0.00   0  0.00   0  0.00   0
   410 401 404 411   0.00   0  0.00 180  0.00   0  0.00   0  0.00   0  0.00   0
   410 401 402 409   0.00   0  0.00 180  0.00   0  0.00   0  0.00   0  0.00   0
   410 401 402 407   0.00   0  0.00 180  0.00   0  0.00   0  0.00   0  0.00   0
   410 401 403 406   0.00   0  0.00 180  0.00   0  0.00   0  0.00   0  0.00   0
   404 401 402 409   0.00   0  0.00 180  0.00   0  0.00   0  0.00   0  0.00   0
   404 401 402 407   0.00   0  0.00 180  0.00   0  0.00   0  0.00   0  0.00   0
   404 401 403 406   0.00   0  0.00 180  0.00   0  0.00   0  0.00   0  0.00   0
   411 404 405 415   0.00   0  0.00 180  0.00   0  0.00   0  0.00   0  0.00   0
   402 401 404 411   0.00   0  0.00 180  0.00   0  0.00   0  0.00   0  0.00   0
   402 401 404 405   0.00   0  0.00 180  0.00   0  0.00   0  0.00   0  0.00   0
   402 401 403 406   0.00   0  0.00 180  0.00   0  0.00   0  0.00   0  0.00   0
   402 407 408 416   0.00   0  0.00 180  0.50   0  0.00   0  0.00   0  0.00   0
   409 402 407 408   0.00   0  0.00 180  0.00   0  0.00   0  0.00   0  0.00   0

 Additional Pi-Orbital Torsion Parameters :

     Atom Classes       2-Fold

       404 405           6.850
       403 406           6.850

 Additional van der Waals Parameters :

     Atom Class               Size        Epsilon        Reduction

         403                3.7100         0.1100          0.000
         412                2.5900         0.0220          0.900
         401                3.6500         0.1010          0.000
         410                2.8800         0.0240          0.910
         404                3.8200         0.1060          0.000
         411                3.3000         0.1120          0.000
         402                3.7800         0.1060          0.000
         407                4.0050         0.3550          0.000
         408                3.7800         0.1060          0.000
         416                3.7100         0.1050          0.000
         409                2.8700         0.0330          0.900
         406                3.8200         0.1060          0.000
         413                3.3000         0.1120          0.000
         405                3.7100         0.1100          0.000
         414                2.9200         0.0300          0.920
         415                2.5900         0.0220          0.900

 Additional Atomic Multipole Parameters :

     Atom Type     Coordinate Frame Definition         Multipole Moments

         401      403    404      0   Z-then-X    -0.27040
                                                  -0.22190  0.00000  0.26102
                                                  -0.17903
                                                   0.00000 -0.24517
                                                   0.13675  0.00000  0.42420

         402      407    401      0   Z-then-X    -0.16380
                                                   0.27778  0.00000 -0.20334
                                                   0.30211
                                                   0.00000 -0.49081
                                                  -0.33263  0.00000  0.18870

         403      406    401      0   Z-then-X    -0.06286
                                                   0.37348  0.00000 -0.12295
                                                   0.79149
                                                   0.00000 -1.08676
                                                  -0.63736  0.00000  0.29527

         404      411    405      0   Z-then-X     0.97419
                                                  -0.10999  0.00000  0.25580
                                                   0.38321
                                                   0.00000 -0.33696
                                                  -0.17133  0.00000 -0.04625

         405      404    415      0   Z-then-X    -0.32376
                                                   0.05823  0.00000 -0.07138
                                                   0.32176
                                                   0.00000 -0.38869
                                                  -0.03945  0.00000  0.06693

         406      413    403      0   Z-then-X     0.63075
                                                   0.40149  0.00000  0.25741
                                                  -0.01797
                                                   0.00000  0.01503
                                                   0.00873  0.00000  0.00294

         407      408    402      0   Z-then-X     0.34019
                                                   0.47821  0.00000  0.49978
                                                   1.11919
                                                   0.00000 -2.31639
                                                  -0.50667  0.00000  1.19720

         408      407    416      0   Z-then-X     0.21608
                                                   0.00820  0.00000 -0.28509
                                                   0.05369
                                                   0.00000  0.10740
                                                   0.05156  0.00000 -0.16109

         409      402    407      0   Z-then-X     0.09933
                                                   0.00064  0.00000 -0.16410
                                                   0.07960
                                                   0.00000  0.07569
                                                  -0.01944  0.00000 -0.15529

         410      401    403      0   Z-then-X     0.10718
                                                  -0.02083  0.00000 -0.03604
                                                  -0.03187
                                                   0.00000  0.01466
                                                  -0.01392  0.00000  0.01721

         411      404    405      0   Z-then-X    -0.77613
                                                   0.13027  0.00000 -0.18830
                                                  -0.53109
                                                   0.00000  0.25725
                                                   0.21601  0.00000  0.27384

         412      403    401      0   Z-then-X     0.11911
                                                   0.01244  0.00000 -0.25689
                                                   0.04573
                                                   0.00000  0.01640
                                                  -0.00301  0.00000 -0.06213

         413      406    403      0   Z-then-X    -0.66614
                                                  -0.21394  0.00000 -0.03273
                                                  -0.49754
                                                   0.00000  0.12402
                                                  -0.24547  0.00000  0.37352

         414      406    413      0   Z-then-X    -0.02624
                                                   0.07068  0.00000 -0.22870
                                                   0.12255
                                                   0.00000  0.03666
                                                   0.03118  0.00000 -0.15921

         415      405    404      0   Z-then-X     0.13248
                                                   0.00045  0.00000 -0.38308
                                                   0.28470
                                                   0.00000  0.12111
                                                   0.01221  0.00000 -0.40581

         416      408    407      0   Z-then-X    -0.56179
                                                   0.01684  0.00000 -0.29231
                                                   0.37390
                                                   0.00000  0.24558
                                                   0.00671  0.00000 -0.61948

 Additional Atomic Dipole Polarizability Parameters :

     Atom Type           Alpha       Thole     Group Atom Types

         403             1.073       0.390         412  401  406
         412             0.496       0.390         403
         401             1.334       0.390         403  410  404  402
         410             0.496       0.390         401
         404             1.334       0.390         401  411  405
         411             0.837       0.390         404
         402             1.334       0.390         401  407  409
         407             3.300       0.390         402  408
         408             1.334       0.390         407  416
         416             1.073       0.390         408
         409             0.496       0.390         402
         406             1.334       0.390         403  413  414
         413             0.837       0.390         406
         405             1.073       0.390         404  415
         414             0.494       0.390         406
         415             0.496       0.390         405

 Limited Memory BFGS Quasi-Newton Optimization :

 QN Iter     F Value      G RMS      F Move   X Move   Angle  FG Call  Comment

     0      -25.6269    53.2278                                   1
     1      -28.6149    42.7325      2.9880   0.0064    0.00      3    Success 
     2      -30.1542    23.9937      1.5393   0.0037   37.72      4    Success 
     3      -31.1441    14.0498      0.9899   0.0045   35.59      5    Success 
     4      -31.7092    13.3465      0.5651   0.0038   39.48      6    Success 
     5      -32.4207    13.3769      0.7115   0.0070   47.54      7    Success 
     6      -32.9345    10.1163      0.5137   0.0075   58.07      8    Success 
     7      -33.2062     6.7362      0.2717   0.0036   54.02      9    Success 
     8      -33.4342     5.6857      0.2280   0.0043   46.09     10    Success 
     9      -33.5927     5.2320      0.1585   0.0035   54.06     11    Success 
    10      -33.7904     4.5484      0.1977   0.0060   58.01     12    Success 
    11      -33.8715     7.3985      0.0811   0.0037   59.52     14    Success 
    12      -33.9552     6.7432      0.0837   0.0036   70.98     15    Success 
    13      -34.0013     2.9094      0.0461   0.0012   60.44     16    Success 
    14      -34.0242     2.6469      0.0228   0.0011   59.50     17    Success 
    15      -34.0602     2.1519      0.0360   0.0016   53.13     18    Success 
    16      -34.0976     3.0310      0.0374   0.0036   58.52     19    Success 
    17      -34.1164     1.7105      0.0188   0.0019   64.81     20    Success 
    18      -34.1246     1.1589      0.0082   0.0004   38.12     21    Success 
    19      -34.1370     0.9625      0.0124   0.0010   40.45     22    Success 
    20      -34.1517     1.4187      0.0147   0.0021   52.95     23    Success 
    21      -34.1567     2.1822      0.0050   0.0023   71.14     24    Success 
    22      -34.1637     0.9277      0.0070   0.0005   59.01     25    Success 
    23      -34.1682     0.7161      0.0045   0.0007   55.82     26    Success 
    24      -34.1745     0.9818      0.0063   0.0012   59.17     27    Success 
    25      -34.1771     3.2786      0.0026   0.0019   67.89     28    Success 
    26      -34.1817     2.3573      0.0045   0.0004   78.21     29    Success 
    27      -34.1883     1.0023      0.0067   0.0009   76.74     30    Success 
    28      -34.1921     0.8582      0.0038   0.0011   72.59     31    Success 
    29      -34.1946     0.9512      0.0025   0.0007   74.05     32    Success 
    30      -34.1989     0.9317      0.0043   0.0009   71.86     33    Success 
    31      -34.2022     2.3300      0.0033   0.0018   73.22     34    Success 
    32      -34.2071     1.1520      0.0049   0.0009   80.17     35    Success 
    33      -34.2095     0.5106      0.0024   0.0008   76.45     36    Success 
    34      -34.2104     0.5840      0.0010   0.0003   63.84     37    Success 
    35      -34.2118     1.0072      0.0013   0.0004   65.32     38    Success 
    36      -34.2136     0.7160      0.0019   0.0006   76.41     39    Success 
    37      -34.2156     0.6052      0.0019   0.0008   74.82     40    Success 
    38      -34.2182     0.7010      0.0026   0.0012   72.14     41    Success 
    39      -34.2195     0.7504      0.0013   0.0012   76.34     42    Success 
    40      -34.2203     0.3162      0.0008   0.0002   49.89     43    Success 
    41      -34.2207     0.3167      0.0004   0.0001   57.91     44    Success 
    42      -34.2213     0.3144      0.0006   0.0002   52.11     45    Success 
    43      -34.2220     0.5723      0.0007   0.0005   61.61     46    Success 
    44      -34.2229     0.3168      0.0009   0.0007   77.47     47    Success 
    45      -34.2234     0.3982      0.0005   0.0005   75.02     48    Success 
    46      -34.2240     0.3384      0.0006   0.0006   77.75     49    Success 
    47      -34.2246     0.2642      0.0006   0.0005   72.56     50    Success 
    48      -34.2249     0.5829      0.0003   0.0004   63.34     51    Success 
    49      -34.2252     0.1892      0.0003   0.0002   69.46     52    Success 
    50      -34.2253     0.1580      0.0001   0.0001   65.45     53    Success 
    51      -34.2254     0.1270      0.0001   0.0001   56.81     54    Success 
    52      -34.2256     0.1033      0.0002   0.0002   58.64     55    Success 
    53      -34.2257     0.3304      0.0001   0.0005   64.61     56    Success 
    54      -34.2258     0.1721      0.0001   0.0001   70.10     57    Success 
    55      -34.2259     0.0807      0.0001   0.0001   45.58     58    Success 
    56      -34.2259     0.0924      0.0000   0.0001   61.75     59    Success 
    57      -34.2260     0.1918      0.0000   0.0001   67.95     60    Success 
    58      -34.2260     0.1263      0.0000   0.0001   78.83     61    Success 
    59      -34.2260     0.0711      0.0000   0.0000   63.72     62    Success 
    60      -34.2261     0.0682      0.0000   0.0000   64.81     63    Success 
    61      -34.2261     0.0788      0.0000   0.0000   70.14     64    Success 
    62      -34.2261     0.0895      0.0000   0.0001   71.46     65    Success 
    63      -34.2261     0.1114      0.0000   0.0001   74.60     66    Success 
    64      -34.2262     0.0711      0.0000   0.0002   78.85     67    Success 
    65      -34.2262     0.0580      0.0000   0.0001   74.32     68    Success 
    66      -34.2262     0.0975      0.0000   0.0001   68.67     69    Success 
    67      -34.2262     0.0682      0.0000   0.0001   74.84     70    Success 
    68      -34.2263     0.0529      0.0000   0.0000   69.75     71    Success 
    69      -34.2263     0.0528      0.0000   0.0001   64.83     72    Success 
    70      -34.2263     0.1310      0.0000   0.0001   69.57     73    Success 
    71      -34.2263     0.0805      0.0000   0.0001   81.93     74    Success 
    72      -34.2263     0.0608      0.0000   0.0001   80.72     75    Success 
    73      -34.2263     0.0475      0.0000   0.0001   78.75     76    Success 
    74      -34.2264     0.0457      0.0000   0.0001   74.93     77    Success 
    75      -34.2264     0.0905      0.0000   0.0001   72.41     78    Success 
    76      -34.2264     0.0492      0.0000   0.0000   64.30     79    Success 
    77      -34.2264     0.0231      0.0000   0.0000   70.19     80    Success 
    78      -34.2264     0.0249      0.0000   0.0000   62.65     81    Success 
    79      -34.2264     0.0267      0.0000   0.0000   67.74     82    Success 
    80      -34.2264     0.0457      0.0000   0.0000   76.65     84    Success 
    81      -34.2264     0.0137      0.0000   0.0000   82.75     85    Success 
    82      -34.2264     0.0133      0.0000   0.0000   67.51     86    Success 
    83      -34.2264     0.0115      0.0000   0.0000   54.50     87    Success 
    84      -34.2264     0.0111      0.0000   0.0000   55.07     88    Success 
    85      -34.2264     0.0262      0.0000   0.0000   62.42     89    Success 
    86      -34.2264     0.0232      0.0000   0.0000   59.93     90    Success 
    87      -34.2264     0.0181      0.0000   0.0000   51.06     91    Success 
    88      -34.2264     0.0097      0.0000   0.0000   54.00     92    Success 
    89      -34.2264     0.0103      0.0000   0.0000   54.08     93    Success 
    90      -34.2264     0.0129      0.0000   0.0000   75.23     94    Success 
    91      -34.2264     0.0130      0.0000   0.0000   77.49     95    Success 
    92      -34.2264     0.0325      0.0000   0.0000   79.44     96    Success 
    93      -34.2264     0.0216      0.0000   0.0000   83.47     97    Success 
    94      -34.2264     0.0077      0.0000   0.0000   81.94     98    Success 
    95      -34.2264     0.0095      0.0000   0.0000   72.82     99    Success 
    96      -34.2264     0.0117      0.0000   0.0000   73.56    100    Success 
    97      -34.2264     0.0108      0.0000   0.0000   77.40    101    Success 
    98      -34.2264     0.0184      0.0000   0.0000   78.06    102    Success 
    99      -34.2264     0.0076      0.0000   0.0000   78.74    103    Success 
   100      -34.2264     0.0058      0.0000   0.0000   61.86    104    Success 
   101      -34.2264     0.0084      0.0000   0.0000   69.18    105    Success 
   102      -34.2264     0.0119      0.0000   0.0000   78.20    106    Success 
   103      -34.2264     0.0074      0.0000   0.0000   83.09    107    Success 
   104      -34.2264     0.0047      0.0000   0.0000   77.08    108    Success 
   105      -34.2264     0.0050      0.0000   0.0000   67.46    109    Success 
   106      -34.2264     0.0047      0.0000   0.0000   71.73    110    Success 
   107      -34.2264     0.0037      0.0000   0.0000   71.22    111    Success 
   108      -34.2264     0.0043      0.0000   0.0000   70.18    113    Success 
   109      -34.2264     0.0020      0.0000   0.0000   73.89    114    Success 
   110      -34.2264     0.0019      0.0000   0.0000   57.41    115    Success 
   111      -34.2264     0.0020      0.0000   0.0000   58.26    116    Success 
   112      -34.2264     0.0026      0.0000   0.0000   62.90    117    Success 
   113      -34.2264     0.0016      0.0000   0.0000   74.21    118    Success 
   114      -34.2264     0.0015      0.0000   0.0000   69.73    119    Success 
   115      -34.2264     0.0027      0.0000   0.0000   65.32    120    Success 
   116      -34.2264     0.0025      0.0000   0.0000   77.75    121    Success 
   117      -34.2264     0.0018      0.0000   0.0000   72.13    122    Success 
   118      -34.2264     0.0015      0.0000   0.0000   68.81    123    Success 
   119      -34.2264     0.0014      0.0000   0.0000   72.14    124    Success 
   120      -34.2264     0.0023      0.0000   0.0000   72.62    125    Success 
   121      -34.2264     0.0019      0.0000   0.0000   79.04    126    Success 
   122      -34.2264     0.0020      0.0000   0.0000   76.34    127    Success 
   123      -34.2264     0.0013      0.0000   0.0000   64.52    128    Success 
   124      -34.2264     0.0023      0.0000   0.0000   57.82    129    Success 
   125      -34.2264     0.0026      0.0000   0.0000   77.61    130    Success 
   126      -34.2264     0.0011      0.0000   0.0000   76.37    131    Success 
   127      -34.2264     0.0006      0.0000   0.0000   78.90    132   SmallGrad

 LBFGS  --  Normal Termination due to SmallGrad

 Final Function Value :          -34.2264
 Final RMS Gradient :              0.0006
 Final Gradient Norm :             0.0024
