
     ######################################################################
   ##########################################################################
  ###                                                                      ###
 ###            Tinker  ---  Software Tools for Molecular Design            ###
 ##                                                                          ##
 ##                          Version 8.7  June 2019                          ##
 ##                                                                          ##
 ##               Copyright (c)  Jay William Ponder  1990-2019               ##
 ###                           All Rights Reserved                          ###
  ###                                                                      ###
   ##########################################################################
     ######################################################################


 Additional Atom Definition Parameters :

     Type  Class  Symbol  Description               Atomic    Mass   Valence

     403    403     N     ModifiedRes                  7     14.007     3
     412    412     H     ModifiedRes                  1      1.008     1
     401    401     C     ModifiedRes                  6     12.011     4
     410    410     H     ModifiedRes                  1      1.008     1
     404    404     C     ModifiedRes                  6     12.011     3
     411    411     O     ModifiedRes                  8     15.999     1
     402    402     C     ModifiedRes                  6     12.011     4
     407    407     S     ModifiedRes                 16     32.066     2
     408    408     C     ModifiedRes                  6     12.011     2
     416    416     N     ModifiedRes                  7     14.007     1
     409    409     H     ModifiedRes                  1      1.008     1
     406    406     C     ModifiedRes                  6     12.011     3
     413    413     O     ModifiedRes                  8     15.999     1
     405    405     N     ModifiedRes                  7     14.007     3
     414    414     H     ModifiedRes                  1      1.008     1
     415    415     H     ModifiedRes                  1      1.008     1

 Additional Bond Stretching Parameters :

     Atom Classes             K(S)         Length

       401 403             374.800         1.4589
       403 406             482.000         1.3610
       403 412             542.000         1.0150
       401 410             341.000         1.0957
       401 404             345.300         1.5388
       401 402             345.300         1.5181
       404 405             482.000         1.3572
       404 411             705.000         1.2314
       402 409             395.500         1.0914
       402 407             235.800         1.8318
       407 408             235.800         1.6971
       408 416             450.000         1.1861
       406 413             705.000         1.2330
       406 414             356.400         1.1017
       405 415             542.000         1.0125

 Additional Angle Bending Parameters :

     Atom Classes             K(B)          Angle

     403 406 413            60.000        124.094
     401 403 412            35.000        118.942
     406 403 412            35.000        118.838
     401 404 405            70.000        113.359
     401 404 411            80.000        121.700
     401 402 407            53.200        108.210
     401 403 406            50.000        121.364
     404 401 410            38.000        109.343
     402 401 410            38.000        110.332
     403 401 410            50.600        106.311
     402 401 404            60.000        109.451
     403 401 404            80.000        110.698
     402 401 403            80.000        110.661
     402 407 408            60.430         97.779
     407 408 416            60.000        178.379
     409 402 409            39.570        108.414
     401 402 409            42.440        109.507
     407 402 409            60.240        109.536
     405 404 411            60.000        124.942
     413 406 414            68.340        122.634
     403 406 414            31.650        113.263
     415 405 415            22.300        119.362
     404 405 415            35.000        117.511

 Additional Stretch-Bend Parameters :

     Atom Classes          K(SB)-1        K(SB)-2

     401 403 412             4.300          7.200
     406 403 412             4.300          7.200
     401 404 405            18.700         18.700
     401 402 407            18.700         18.700
     401 403 406             7.200          7.200
     404 401 410            11.500         18.700
     402 401 410            11.500         18.700
     403 401 410            11.500         11.500
     402 401 404            18.700         18.700
     403 401 404            18.700         18.700
     402 401 403            18.700         18.700
     402 407 408            -5.750         -5.750
     401 402 409            11.500         11.500
     407 402 409            11.500         11.500
     403 406 414            11.500         11.500
     404 405 415             4.300          7.200
     415 405 415             4.300          7.200
     401 404 411            18.700         18.700
     413 406 414            11.500         11.500

 Additional Out-of-Plane Bend Parameters :

     Atom Classes                   K(OPB)

     401 403   0   0                14.400
     401 404   0   0                14.400
     403 406   0   0               107.910
     404 405   0   0                71.940
     405 404   0   0               107.910
     406 403   0   0                71.940
     411 404   0   0               122.298
     412 403   0   0                 5.755
     413 406   0   0               122.298
     414 406   0   0               140.283
     415 405   0   0                 5.755

 Additional Torsional Parameters :

     Atom Classes     1-Fold    2-Fold    3-Fold    4-Fold    5-Fold    6-Fold

   403 401 404 405   0.00   0  0.00 180  0.00   0  0.00   0  0.00   0  0.00   0
   403 401 404 411   0.00   0  0.00 180  0.00   0  0.00   0  0.00   0  0.00   0
   403 401 402 409   0.00   0  0.00 180  0.00   0  0.00   0  0.00   0  0.00   0
   403 401 402 407   0.00   0  0.00 180  0.00   0  0.00   0  0.00   0  0.00   0
   410 401 403 412   0.00   0  0.00 180  0.00   0  0.00   0  0.00   0  0.00   0
   404 401 403 412   0.00   0  0.00 180  0.00   0  0.00   0  0.00   0  0.00   0
   402 401 403 412   0.00   0  0.00 180  0.00   0  0.00   0  0.00   0  0.00   0
   412 403 406 413   0.00   0  0.00 180  0.00   0  0.00   0  0.00   0  0.00   0
   412 403 406 414   0.00   0  0.00 180  0.00   0  0.00   0  0.00   0  0.00   0
   401 404 405 415   0.00   0  1.20 180  0.80   0  0.00   0  0.00   0  0.00   0
   401 402 407 408   0.00   0  0.00 180  0.00   0  0.00   0  0.00   0  0.00   0
   401 403 406 413   0.00   0  0.00 180  0.00   0  0.00   0  0.00   0  0.00   0
   401 403 406 414   0.00   0  0.00 180  0.00   0  0.00   0  0.00   0  0.00   0
   410 401 404 405   0.00   0  0.00 180  0.00   0  0.00   0  0.00   0  0.00   0
   410 401 404 411   0.00   0  0.00 180  0.00   0  0.00   0  0.00   0  0.00   0
   410 401 402 409   0.00   0  0.00 180  0.00   0  0.00   0  0.00   0  0.00   0
   410 401 402 407   0.00   0  0.00 180  0.00   0  0.00   0  0.00   0  0.00   0
   410 401 403 406   0.00   0  0.00 180  0.00   0  0.00   0  0.00   0  0.00   0
   404 401 402 409   0.00   0  0.00 180  0.00   0  0.00   0  0.00   0  0.00   0
   404 401 402 407   0.00   0  0.00 180  0.00   0  0.00   0  0.00   0  0.00   0
   404 401 403 406   0.00   0  0.00 180  0.00   0  0.00   0  0.00   0  0.00   0
   411 404 405 415   0.00   0  0.00 180  0.00   0  0.00   0  0.00   0  0.00   0
   402 401 404 411   0.00   0  0.00 180  0.00   0  0.00   0  0.00   0  0.00   0
   402 401 404 405   0.00   0  0.00 180  0.00   0  0.00   0  0.00   0  0.00   0
   402 401 403 406   0.00   0  0.00 180  0.00   0  0.00   0  0.00   0  0.00   0
   402 407 408 416   0.00   0  0.00 180  0.50   0  0.00   0  0.00   0  0.00   0
   409 402 407 408   0.00   0  0.00 180  0.00   0  0.00   0  0.00   0  0.00   0

 Additional Pi-Orbital Torsion Parameters :

     Atom Classes       2-Fold

       404 405           6.850
       403 406           6.850

 Additional van der Waals Parameters :

     Atom Class               Size        Epsilon        Reduction

         403                3.7100         0.1100          0.000
         412                2.5900         0.0220          0.900
         401                3.6500         0.1010          0.000
         410                2.8800         0.0240          0.910
         404                3.8200         0.1060          0.000
         411                3.3000         0.1120          0.000
         402                3.7800         0.1060          0.000
         407                4.0050         0.3550          0.000
         408                3.7800         0.1060          0.000
         416                3.7100         0.1050          0.000
         409                2.8700         0.0330          0.900
         406                3.8200         0.1060          0.000
         413                3.3000         0.1120          0.000
         405                3.7100         0.1100          0.000
         414                2.9200         0.0300          0.920
         415                2.5900         0.0220          0.900

 Additional Atomic Multipole Parameters :

     Atom Type     Coordinate Frame Definition         Multipole Moments

         401      403    404      0   Z-then-X    -0.27040
                                                  -0.22190  0.00000  0.26102
                                                  -0.17903
                                                   0.00000 -0.24517
                                                   0.13675  0.00000  0.42420

         402      407    401      0   Z-then-X    -0.16380
                                                   0.27778  0.00000 -0.20334
                                                   0.30211
                                                   0.00000 -0.49081
                                                  -0.33263  0.00000  0.18870

         403      406    401      0   Z-then-X    -0.06286
                                                   0.37348  0.00000 -0.12295
                                                   0.79149
                                                   0.00000 -1.08676
                                                  -0.63736  0.00000  0.29527

         404      411    405      0   Z-then-X     0.97419
                                                  -0.10999  0.00000  0.25580
                                                   0.38321
                                                   0.00000 -0.33696
                                                  -0.17133  0.00000 -0.04625

         405      404    415      0   Z-then-X    -0.32376
                                                   0.05823  0.00000 -0.07138
                                                   0.32176
                                                   0.00000 -0.38869
                                                  -0.03945  0.00000  0.06693

         406      413    403      0   Z-then-X     0.63075
                                                   0.40149  0.00000  0.25741
                                                  -0.01797
                                                   0.00000  0.01503
                                                   0.00873  0.00000  0.00294

         407      408    402      0   Z-then-X     0.34019
                                                   0.47821  0.00000  0.49978
                                                   1.11919
                                                   0.00000 -2.31639
                                                  -0.50667  0.00000  1.19720

         408      407    416      0   Z-then-X     0.21608
                                                   0.00820  0.00000 -0.28509
                                                   0.05369
                                                   0.00000  0.10740
                                                   0.05156  0.00000 -0.16109

         409      402    407      0   Z-then-X     0.09933
                                                   0.00064  0.00000 -0.16410
                                                   0.07960
                                                   0.00000  0.07569
                                                  -0.01944  0.00000 -0.15529

         410      401    403      0   Z-then-X     0.10718
                                                  -0.02083  0.00000 -0.03604
                                                  -0.03187
                                                   0.00000  0.01466
                                                  -0.01392  0.00000  0.01721

         411      404    405      0   Z-then-X    -0.77613
                                                   0.13027  0.00000 -0.18830
                                                  -0.53109
                                                   0.00000  0.25725
                                                   0.21601  0.00000  0.27384

         412      403    401      0   Z-then-X     0.11911
                                                   0.01244  0.00000 -0.25689
                                                   0.04573
                                                   0.00000  0.01640
                                                  -0.00301  0.00000 -0.06213

         413      406    403      0   Z-then-X    -0.66614
                                                  -0.21394  0.00000 -0.03273
                                                  -0.49754
                                                   0.00000  0.12402
                                                  -0.24547  0.00000  0.37352

         414      406    413      0   Z-then-X    -0.02624
                                                   0.07068  0.00000 -0.22870
                                                   0.12255
                                                   0.00000  0.03666
                                                   0.03118  0.00000 -0.15921

         415      405    404      0   Z-then-X     0.13248
                                                   0.00045  0.00000 -0.38308
                                                   0.28470
                                                   0.00000  0.12111
                                                   0.01221  0.00000 -0.40581

         416      408    407      0   Z-then-X    -0.56179
                                                   0.01684  0.00000 -0.29231
                                                   0.37390
                                                   0.00000  0.24558
                                                   0.00671  0.00000 -0.61948

 Additional Atomic Dipole Polarizability Parameters :

     Atom Type           Alpha       Thole     Group Atom Types

         403             1.073       0.390         412  401  406
         412             0.496       0.390         403
         401             1.334       0.390         403  410  404  402
         410             0.496       0.390         401
         404             1.334       0.390         401  411  405
         411             0.837       0.390         404
         402             1.334       0.390         401  407  409
         407             3.300       0.390         402  408
         408             1.334       0.390         407  416
         416             1.073       0.390         408
         409             0.496       0.390         402
         406             1.334       0.390         403  413  414
         413             0.837       0.390         406
         405             1.073       0.390         404  415
         414             0.494       0.390         406
         415             0.496       0.390         405

 Limited Memory BFGS Quasi-Newton Optimization :

 QN Iter     F Value      G RMS      F Move   X Move   Angle  FG Call  Comment

     0      -34.6008     9.2990                                   1
     1      -34.7256    11.2122      0.1248   0.0018    0.00      3    Success 
     2      -34.8262     7.1115      0.1006   0.0009   43.52      4    Success 
     3      -34.9441     7.8922      0.1179   0.0017   45.72      5    Success 
     4      -35.1034     8.0288      0.1593   0.0031   59.63      6    Success 
     5      -35.3033     8.6855      0.1999   0.0047   66.59      7    Success 
     6      -35.4819    10.5397      0.1786   0.0072   69.24      8    Success 
     7      -35.6562     5.8385      0.1743   0.0038   69.29      9    Success 
     8      -35.7691     5.1822      0.1129   0.0035   60.78     10    Success 
     9      -35.8675     5.7848      0.0985   0.0036   65.34     11    Success 
    10      -36.0016     4.6247      0.1341   0.0055   69.94     12    Success 
    11      -36.1284     4.0366      0.1268   0.0058   67.00     13    Success 
    12      -36.2032     6.4617      0.0748   0.0059   66.42     14    Success 
    13      -36.2561     4.2925      0.0529   0.0021   65.72     15    Success 
    14      -36.2865     2.9503      0.0304   0.0009   54.61     16    Success 
    15      -36.3249     2.5113      0.0384   0.0020   59.63     17    Success 
    16      -36.3752     2.9579      0.0503   0.0036   64.47     18    Success 
    17      -36.4166     4.9997      0.0414   0.0059   71.60     19    Success 
    18      -36.4543     2.1413      0.0376   0.0018   70.61     20    Success 
    19      -36.4779     1.8533      0.0237   0.0016   56.67     21    Success 
    20      -36.4989     1.8922      0.0210   0.0020   64.02     22    Success 
    21      -36.5281     1.4709      0.0292   0.0032   68.28     23    Success 
    22      -36.5481     2.2679      0.0201   0.0042   66.73     24    Success 
    23      -36.5552     2.6337      0.0071   0.0026   71.99     25    Success 
    24      -36.5628     1.5663      0.0076   0.0011   73.41     26    Success 
    25      -36.5657     0.7425      0.0029   0.0005   71.30     27    Success 
    26      -36.5682     0.6620      0.0025   0.0005   60.64     28    Success 
    27      -36.5724     0.6860      0.0042   0.0009   60.18     29    Success 
    28      -36.5781     0.8499      0.0057   0.0016   65.07     30    Success 
    29      -36.5788     1.9046      0.0008   0.0024   71.98     31    Success 
    30      -36.5802     1.6156      0.0014   0.0001   58.64     32    Success 
    31      -36.5826     1.0969      0.0024   0.0002   56.32     33    Success 
    32      -36.5857     0.3820      0.0030   0.0004   51.48     34    Success 
    33      -36.5866     0.5103      0.0009   0.0003   47.64     35    Success 
    34      -36.5879     0.7563      0.0013   0.0005   68.19     36    Success 
    35      -36.5894     0.8288      0.0015   0.0008   76.47     37    Success 
    36      -36.5911     0.5540      0.0017   0.0008   78.97     38    Success 
    37      -36.5932     0.5380      0.0020   0.0010   72.95     39    Success 
    38      -36.5951     0.7710      0.0020   0.0010   72.80     40    Success 
    39      -36.5974     1.0149      0.0023   0.0013   77.85     41    Success 
    40      -36.6000     0.7384      0.0026   0.0010   78.80     42    Success 
    41      -36.6028     0.7419      0.0028   0.0014   74.58     43    Success 
    42      -36.6045     0.7626      0.0018   0.0007   74.92     44    Success 
    43      -36.6068     0.6729      0.0022   0.0012   78.72     45    Success 
    44      -36.6073     1.4265      0.0006   0.0019   78.71     46    Success 
    45      -36.6083     1.0839      0.0010   0.0001   47.82     47    Success 
    46      -36.6098     0.5340      0.0015   0.0002   61.29     48    Success 
    47      -36.6109     0.4943      0.0011   0.0004   64.95     49    Success 
    48      -36.6118     0.6212      0.0008   0.0005   75.62     50    Success 
    49      -36.6128     0.9449      0.0011   0.0008   79.39     51    Success 
    50      -36.6141     0.5357      0.0012   0.0011   83.67     52    Success 
    51      -36.6147     0.3135      0.0006   0.0004   78.09     53    Success 
    52      -36.6152     0.3523      0.0005   0.0003   66.02     54    Success 
    53      -36.6158     0.4734      0.0006   0.0004   71.65     55    Success 
    54      -36.6168     0.4845      0.0010   0.0007   77.73     56    Success 
    55      -36.6172     0.8822      0.0004   0.0010   77.90     57    Success 
    56      -36.6178     0.5346      0.0006   0.0002   76.54     58    Success 
    57      -36.6184     0.1652      0.0006   0.0003   69.47     59    Success 
    58      -36.6186     0.1795      0.0001   0.0001   66.41     60    Success 
    59      -36.6188     0.1785      0.0002   0.0002   66.54     61    Success 
    60      -36.6190     0.2500      0.0003   0.0004   72.44     62    Success 
    61      -36.6193     0.2945      0.0002   0.0006   78.01     63    Success 
    62      -36.6195     0.2202      0.0002   0.0002   78.10     64    Success 
    63      -36.6196     0.1816      0.0002   0.0002   72.88     65    Success 
    64      -36.6198     0.1885      0.0002   0.0002   72.25     66    Success 
    65      -36.6200     0.3101      0.0002   0.0004   74.52     67    Success 
    66      -36.6203     0.2225      0.0003   0.0005   81.08     68    Success 
    67      -36.6205     0.2327      0.0002   0.0005   78.02     69    Success 
    68      -36.6207     0.1365      0.0001   0.0002   72.21     70    Success 
    69      -36.6207     0.1039      0.0001   0.0001   68.82     71    Success 
    70      -36.6208     0.0939      0.0001   0.0001   55.53     72    Success 
    71      -36.6209     0.1640      0.0001   0.0002   61.12     73    Success 
    72      -36.6210     0.3439      0.0000   0.0002   77.51     74    Success 
    73      -36.6210     0.2070      0.0001   0.0001   78.33     75    Success 
    74      -36.6211     0.0917      0.0001   0.0002   79.38     76    Success 
    75      -36.6211     0.0914      0.0000   0.0001   76.27     77    Success 
    76      -36.6211     0.0841      0.0000   0.0001   71.14     78    Success 
    77      -36.6212     0.1210      0.0000   0.0001   68.30     79    Success 
    78      -36.6212     0.0479      0.0000   0.0001   76.25     80    Success 
    79      -36.6212     0.0295      0.0000   0.0000   64.22     81    Success 
    80      -36.6212     0.0355      0.0000   0.0000   54.19     82    Success 
    81      -36.6212     0.0370      0.0000   0.0000   66.39     83    Success 
    82      -36.6212     0.0453      0.0000   0.0001   72.99     84    Success 
    83      -36.6212     0.0571      0.0000   0.0001   73.84     85    Success 
    84      -36.6212     0.0214      0.0000   0.0001   79.89     86    Success 
    85      -36.6212     0.0162      0.0000   0.0000   75.91     87    Success 
    86      -36.6213     0.0181      0.0000   0.0000   53.08     88    Success 
    87      -36.6213     0.0207      0.0000   0.0000   63.95     89    Success 
    88      -36.6213     0.0288      0.0000   0.0000   70.58     90    Success 
    89      -36.6213     0.0214      0.0000   0.0000   78.15     91    Success 
    90      -36.6213     0.0183      0.0000   0.0000   72.14     92    Success 
    91      -36.6213     0.0131      0.0000   0.0000   64.52     93    Success 
    92      -36.6213     0.0157      0.0000   0.0000   63.12     94    Success 
    93      -36.6213     0.0176      0.0000   0.0000   73.04     95    Success 
    94      -36.6213     0.0129      0.0000   0.0000   78.85     96    Success 
    95      -36.6213     0.0141      0.0000   0.0000   76.60     97    Success 
    96      -36.6213     0.0102      0.0000   0.0000   69.63     98    Success 
    97      -36.6213     0.0097      0.0000   0.0000   67.45     99    Success 
    98      -36.6213     0.0079      0.0000   0.0000   64.16    100    Success 
    99      -36.6213     0.0229      0.0000   0.0000   63.64    101    Success 
   100      -36.6213     0.0091      0.0000   0.0000   73.96    102    Success 
   101      -36.6213     0.0041      0.0000   0.0000   66.82    103    Success 
   102      -36.6213     0.0041      0.0000   0.0000   63.20    104    Success 
   103      -36.6213     0.0040      0.0000   0.0000   63.14    105    Success 
   104      -36.6213     0.0070      0.0000   0.0000   65.45    106    Success 
   105      -36.6213     0.0038      0.0000   0.0000   74.70    107    Success 
   106      -36.6213     0.0028      0.0000   0.0000   67.65    108    Success 
   107      -36.6213     0.0020      0.0000   0.0000   68.25    109    Success 
   108      -36.6213     0.0019      0.0000   0.0000   63.47    110    Success 
   109      -36.6213     0.0037      0.0000   0.0000   64.20    111    Success 
   110      -36.6213     0.0020      0.0000   0.0000   74.40    112    Success 
   111      -36.6213     0.0014      0.0000   0.0000   68.96    113    Success 
   112      -36.6213     0.0021      0.0000   0.0000   65.27    114    Success 
   113      -36.6213     0.0012      0.0000   0.0000   71.31    115    Success 
   114      -36.6213     0.0011      0.0000   0.0000   60.74    116    Success 
   115      -36.6213     0.0024      0.0000   0.0000   65.52    117    Success 
   116      -36.6213     0.0012      0.0000   0.0000   74.96    118    Success 
   117      -36.6213     0.0010      0.0000   0.0000   72.28    119    Success 
   118      -36.6213     0.0009      0.0000   0.0000   75.30    120   SmallGrad

 LBFGS  --  Normal Termination due to SmallGrad

 Final Function Value :          -36.6213
 Final RMS Gradient :              0.0009
 Final Gradient Norm :             0.0038
