
     ######################################################################
   ##########################################################################
  ###                                                                      ###
 ###            Tinker  ---  Software Tools for Molecular Design            ###
 ##                                                                          ##
 ##                          Version 8.7  June 2019                          ##
 ##                                                                          ##
 ##               Copyright (c)  Jay William Ponder  1990-2019               ##
 ###                           All Rights Reserved                          ###
  ###                                                                      ###
   ##########################################################################
     ######################################################################


 Additional Atom Definition Parameters :

     Type  Class  Symbol  Description               Atomic    Mass   Valence

     403    403     N     ModifiedRes                  7     14.007     3
     412    412     H     ModifiedRes                  1      1.008     1
     401    401     C     ModifiedRes                  6     12.011     4
     410    410     H     ModifiedRes                  1      1.008     1
     404    404     C     ModifiedRes                  6     12.011     3
     411    411     O     ModifiedRes                  8     15.999     1
     402    402     C     ModifiedRes                  6     12.011     4
     407    407     S     ModifiedRes                 16     32.066     2
     408    408     C     ModifiedRes                  6     12.011     2
     416    416     N     ModifiedRes                  7     14.007     1
     409    409     H     ModifiedRes                  1      1.008     1
     406    406     C     ModifiedRes                  6     12.011     3
     413    413     O     ModifiedRes                  8     15.999     1
     405    405     N     ModifiedRes                  7     14.007     3
     414    414     H     ModifiedRes                  1      1.008     1
     415    415     H     ModifiedRes                  1      1.008     1

 Additional Bond Stretching Parameters :

     Atom Classes             K(S)         Length

       401 403             374.800         1.4589
       403 406             482.000         1.3610
       403 412             542.000         1.0150
       401 410             341.000         1.0957
       401 404             345.300         1.5388
       401 402             345.300         1.5181
       404 405             482.000         1.3572
       404 411             705.000         1.2314
       402 409             395.500         1.0914
       402 407             235.800         1.8318
       407 408             235.800         1.6971
       408 416             450.000         1.1861
       406 413             705.000         1.2330
       406 414             356.400         1.1017
       405 415             542.000         1.0125

 Additional Angle Bending Parameters :

     Atom Classes             K(B)          Angle

     403 406 413            60.000        124.094
     401 403 412            35.000        118.942
     406 403 412            35.000        118.838
     401 404 405            70.000        113.359
     401 404 411            80.000        121.700
     401 402 407            53.200        108.210
     401 403 406            50.000        121.364
     404 401 410            38.000        109.343
     402 401 410            38.000        110.332
     403 401 410            50.600        106.311
     402 401 404            60.000        109.451
     403 401 404            80.000        110.698
     402 401 403            80.000        110.661
     402 407 408            60.430         97.779
     407 408 416            60.000        178.379
     409 402 409            39.570        108.414
     401 402 409            42.440        109.507
     407 402 409            60.240        109.536
     405 404 411            60.000        124.942
     413 406 414            68.340        122.634
     403 406 414            31.650        113.263
     415 405 415            22.300        119.362
     404 405 415            35.000        117.511

 Additional Stretch-Bend Parameters :

     Atom Classes          K(SB)-1        K(SB)-2

     401 403 412             4.300          7.200
     406 403 412             4.300          7.200
     401 404 405            18.700         18.700
     401 402 407            18.700         18.700
     401 403 406             7.200          7.200
     404 401 410            11.500         18.700
     402 401 410            11.500         18.700
     403 401 410            11.500         11.500
     402 401 404            18.700         18.700
     403 401 404            18.700         18.700
     402 401 403            18.700         18.700
     402 407 408            -5.750         -5.750
     401 402 409            11.500         11.500
     407 402 409            11.500         11.500
     403 406 414            11.500         11.500
     404 405 415             4.300          7.200
     415 405 415             4.300          7.200
     401 404 411            18.700         18.700
     413 406 414            11.500         11.500

 Additional Out-of-Plane Bend Parameters :

     Atom Classes                   K(OPB)

     401 403   0   0                14.400
     401 404   0   0                14.400
     403 406   0   0               107.910
     404 405   0   0                71.940
     405 404   0   0               107.910
     406 403   0   0                71.940
     411 404   0   0               122.298
     412 403   0   0                 5.755
     413 406   0   0               122.298
     414 406   0   0               140.283
     415 405   0   0                 5.755

 Additional Torsional Parameters :

     Atom Classes     1-Fold    2-Fold    3-Fold    4-Fold    5-Fold    6-Fold

   403 401 404 405   0.00   0  0.00 180  0.00   0  0.00   0  0.00   0  0.00   0
   403 401 404 411   0.00   0  0.00 180  0.00   0  0.00   0  0.00   0  0.00   0
   403 401 402 409   0.00   0  0.00 180  0.00   0  0.00   0  0.00   0  0.00   0
   403 401 402 407   0.00   0  0.00 180  0.00   0  0.00   0  0.00   0  0.00   0
   410 401 403 412   0.00   0  0.00 180  0.00   0  0.00   0  0.00   0  0.00   0
   404 401 403 412   0.00   0  0.00 180  0.00   0  0.00   0  0.00   0  0.00   0
   402 401 403 412   0.00   0  0.00 180  0.00   0  0.00   0  0.00   0  0.00   0
   412 403 406 413   0.00   0  0.00 180  0.00   0  0.00   0  0.00   0  0.00   0
   412 403 406 414   0.00   0  0.00 180  0.00   0  0.00   0  0.00   0  0.00   0
   401 404 405 415   0.00   0  1.20 180  0.80   0  0.00   0  0.00   0  0.00   0
   401 402 407 408   0.00   0  0.00 180  0.00   0  0.00   0  0.00   0  0.00   0
   401 403 406 413   0.00   0  0.00 180  0.00   0  0.00   0  0.00   0  0.00   0
   401 403 406 414   0.00   0  0.00 180  0.00   0  0.00   0  0.00   0  0.00   0
   410 401 404 405   0.00   0  0.00 180  0.00   0  0.00   0  0.00   0  0.00   0
   410 401 404 411   0.00   0  0.00 180  0.00   0  0.00   0  0.00   0  0.00   0
   410 401 402 409   0.00   0  0.00 180  0.00   0  0.00   0  0.00   0  0.00   0
   410 401 402 407   0.00   0  0.00 180  0.00   0  0.00   0  0.00   0  0.00   0
   410 401 403 406   0.00   0  0.00 180  0.00   0  0.00   0  0.00   0  0.00   0
   404 401 402 409   0.00   0  0.00 180  0.00   0  0.00   0  0.00   0  0.00   0
   404 401 402 407   0.00   0  0.00 180  0.00   0  0.00   0  0.00   0  0.00   0
   404 401 403 406   0.00   0  0.00 180  0.00   0  0.00   0  0.00   0  0.00   0
   411 404 405 415   0.00   0  0.00 180  0.00   0  0.00   0  0.00   0  0.00   0
   402 401 404 411   0.00   0  0.00 180  0.00   0  0.00   0  0.00   0  0.00   0
   402 401 404 405   0.00   0  0.00 180  0.00   0  0.00   0  0.00   0  0.00   0
   402 401 403 406   0.00   0  0.00 180  0.00   0  0.00   0  0.00   0  0.00   0
   402 407 408 416   0.00   0  0.00 180  0.50   0  0.00   0  0.00   0  0.00   0
   409 402 407 408   0.00   0  0.00 180  0.00   0  0.00   0  0.00   0  0.00   0

 Additional Pi-Orbital Torsion Parameters :

     Atom Classes       2-Fold

       404 405           6.850
       403 406           6.850

 Additional van der Waals Parameters :

     Atom Class               Size        Epsilon        Reduction

         403                3.7100         0.1100          0.000
         412                2.5900         0.0220          0.900
         401                3.6500         0.1010          0.000
         410                2.8800         0.0240          0.910
         404                3.8200         0.1060          0.000
         411                3.3000         0.1120          0.000
         402                3.7800         0.1060          0.000
         407                4.0050         0.3550          0.000
         408                3.7800         0.1060          0.000
         416                3.7100         0.1050          0.000
         409                2.8700         0.0330          0.900
         406                3.8200         0.1060          0.000
         413                3.3000         0.1120          0.000
         405                3.7100         0.1100          0.000
         414                2.9200         0.0300          0.920
         415                2.5900         0.0220          0.900

 Additional Atomic Multipole Parameters :

     Atom Type     Coordinate Frame Definition         Multipole Moments

         401      403    404      0   Z-then-X    -0.27040
                                                  -0.22190  0.00000  0.26102
                                                  -0.17903
                                                   0.00000 -0.24517
                                                   0.13675  0.00000  0.42420

         402      407    401      0   Z-then-X    -0.16380
                                                   0.27778  0.00000 -0.20334
                                                   0.30211
                                                   0.00000 -0.49081
                                                  -0.33263  0.00000  0.18870

         403      406    401      0   Z-then-X    -0.06286
                                                   0.37348  0.00000 -0.12295
                                                   0.79149
                                                   0.00000 -1.08676
                                                  -0.63736  0.00000  0.29527

         404      411    405      0   Z-then-X     0.97419
                                                  -0.10999  0.00000  0.25580
                                                   0.38321
                                                   0.00000 -0.33696
                                                  -0.17133  0.00000 -0.04625

         405      404    415      0   Z-then-X    -0.32376
                                                   0.05823  0.00000 -0.07138
                                                   0.32176
                                                   0.00000 -0.38869
                                                  -0.03945  0.00000  0.06693

         406      413    403      0   Z-then-X     0.63075
                                                   0.40149  0.00000  0.25741
                                                  -0.01797
                                                   0.00000  0.01503
                                                   0.00873  0.00000  0.00294

         407      408    402      0   Z-then-X     0.34019
                                                   0.47821  0.00000  0.49978
                                                   1.11919
                                                   0.00000 -2.31639
                                                  -0.50667  0.00000  1.19720

         408      407    416      0   Z-then-X     0.21608
                                                   0.00820  0.00000 -0.28509
                                                   0.05369
                                                   0.00000  0.10740
                                                   0.05156  0.00000 -0.16109

         409      402    407      0   Z-then-X     0.09933
                                                   0.00064  0.00000 -0.16410
                                                   0.07960
                                                   0.00000  0.07569
                                                  -0.01944  0.00000 -0.15529

         410      401    403      0   Z-then-X     0.10718
                                                  -0.02083  0.00000 -0.03604
                                                  -0.03187
                                                   0.00000  0.01466
                                                  -0.01392  0.00000  0.01721

         411      404    405      0   Z-then-X    -0.77613
                                                   0.13027  0.00000 -0.18830
                                                  -0.53109
                                                   0.00000  0.25725
                                                   0.21601  0.00000  0.27384

         412      403    401      0   Z-then-X     0.11911
                                                   0.01244  0.00000 -0.25689
                                                   0.04573
                                                   0.00000  0.01640
                                                  -0.00301  0.00000 -0.06213

         413      406    403      0   Z-then-X    -0.66614
                                                  -0.21394  0.00000 -0.03273
                                                  -0.49754
                                                   0.00000  0.12402
                                                  -0.24547  0.00000  0.37352

         414      406    413      0   Z-then-X    -0.02624
                                                   0.07068  0.00000 -0.22870
                                                   0.12255
                                                   0.00000  0.03666
                                                   0.03118  0.00000 -0.15921

         415      405    404      0   Z-then-X     0.13248
                                                   0.00045  0.00000 -0.38308
                                                   0.28470
                                                   0.00000  0.12111
                                                   0.01221  0.00000 -0.40581

         416      408    407      0   Z-then-X    -0.56179
                                                   0.01684  0.00000 -0.29231
                                                   0.37390
                                                   0.00000  0.24558
                                                   0.00671  0.00000 -0.61948

 Additional Atomic Dipole Polarizability Parameters :

     Atom Type           Alpha       Thole     Group Atom Types

         403             1.073       0.390         412  401  406
         412             0.496       0.390         403
         401             1.334       0.390         403  410  404  402
         410             0.496       0.390         401
         404             1.334       0.390         401  411  405
         411             0.837       0.390         404
         402             1.334       0.390         401  407  409
         407             3.300       0.390         402  408
         408             1.334       0.390         407  416
         416             1.073       0.390         408
         409             0.496       0.390         402
         406             1.334       0.390         403  413  414
         413             0.837       0.390         406
         405             1.073       0.390         404  415
         414             0.494       0.390         406
         415             0.496       0.390         405

 Limited Memory BFGS Quasi-Newton Optimization :

 QN Iter     F Value      G RMS      F Move   X Move   Angle  FG Call  Comment

     0      -34.6154     9.4299                                   1
     1      -34.7421    11.5161      0.1267   0.0018    0.00      3    Success 
     2      -34.8463     7.2235      0.1042   0.0009   43.43      4    Success 
     3      -34.9695     7.9903      0.1232   0.0018   45.36      5    Success 
     4      -35.1273     7.9697      0.1578   0.0031   59.64      6    Success 
     5      -35.3187     8.3282      0.1913   0.0045   66.35      7    Success 
     6      -35.4899    10.2767      0.1712   0.0069   68.15      8    Success 
     7      -35.6604     5.7224      0.1704   0.0037   69.10      9    Success 
     8      -35.7786     5.3143      0.1183   0.0038   61.28     10    Success 
     9      -35.8805     6.1616      0.1019   0.0041   66.61     11    Success 
    10      -35.9947     4.4720      0.1142   0.0048   71.69     12    Success 
    11      -36.0975     4.1150      0.1028   0.0047   65.48     13    Success 
    12      -36.1290     9.3023      0.0315   0.0054   65.57     14    Success 
    13      -36.1777     5.0946      0.0487   0.0006   49.29     15    Success 
    14      -36.2174     2.9178      0.0397   0.0011   48.50     16    Success 
    15      -36.2353     2.9746      0.0179   0.0007   56.77     17    Success 
    16      -36.2672     2.9095      0.0319   0.0015   64.37     18    Success 
    17      -36.3224     2.8111      0.0552   0.0029   65.23     19    Success 
    18      -36.3998     3.2270      0.0774   0.0059   68.11     20    Success 
    19      -36.4467     5.1813      0.0468   0.0103   75.97     21    Success 
    20      -36.4809     1.9872      0.0342   0.0009   50.07     22    Success 
    21      -36.5005     1.7309      0.0196   0.0009   36.52     23    Success 
    22      -36.5207     1.7706      0.0203   0.0018   58.74     24    Success 
    23      -36.5329     2.8675      0.0122   0.0027   71.22     25    Success 
    24      -36.5419     2.4346      0.0090   0.0017   77.20     26    Success 
    25      -36.5499     1.4002      0.0080   0.0005   62.11     27    Success 
    26      -36.5578     1.1227      0.0079   0.0010   62.18     28    Success 
    27      -36.5665     1.1159      0.0087   0.0013   64.48     29    Success 
    28      -36.5778     1.0737      0.0113   0.0021   65.67     30    Success 
    29      -36.5796     2.5561      0.0018   0.0030   71.79     31    Success 
    30      -36.5827     1.9750      0.0031   0.0002   70.68     32    Success 
    31      -36.5874     0.9378      0.0047   0.0005   68.27     33    Success 
    32      -36.5900     0.5878      0.0026   0.0004   55.40     34    Success 
    33      -36.5910     0.6433      0.0011   0.0003   63.51     35    Success 
    34      -36.5928     0.6073      0.0018   0.0005   67.74     36    Success 
    35      -36.5954     0.8579      0.0026   0.0009   68.72     37    Success 
    36      -36.5979     0.6577      0.0024   0.0015   76.91     38    Success 
    37      -36.5990     0.4196      0.0011   0.0003   67.64     39    Success 
    38      -36.6002     0.5669      0.0012   0.0004   59.45     40    Success 
    39      -36.6015     0.6246      0.0013   0.0005   71.17     41    Success 
    40      -36.6024     1.1022      0.0009   0.0009   74.43     42    Success 
    41      -36.6037     0.6322      0.0013   0.0003   74.42     43    Success 
    42      -36.6052     0.4564      0.0015   0.0006   71.59     44    Success 
    43      -36.6063     0.5699      0.0010   0.0006   74.40     45    Success 
    44      -36.6080     0.6005      0.0017   0.0009   77.09     46    Success 
    45      -36.6091     1.4746      0.0011   0.0015   77.94     47    Success 
    46      -36.6110     1.0633      0.0018   0.0007   82.95     48    Success 
    47      -36.6131     0.6876      0.0021   0.0012   80.90     49    Success 
    48      -36.6136     1.0051      0.0005   0.0010   79.49     50    Success 
    49      -36.6143     0.4452      0.0007   0.0002   76.60     51    Success 
    50      -36.6149     0.4004      0.0006   0.0002   54.29     52    Success 
    51      -36.6156     0.5405      0.0007   0.0004   69.27     53    Success 
    52      -36.6168     0.6019      0.0012   0.0007   78.23     54    Success 
    53      -36.6182     0.7450      0.0015   0.0014   80.96     55    Success 
    54      -36.6197     0.4512      0.0014   0.0018   82.87     56    Success 
    55      -36.6203     0.2963      0.0006   0.0003   67.31     57    Success 
    56      -36.6210     0.3914      0.0007   0.0004   61.98     58    Success 
    57      -36.6215     0.3942      0.0006   0.0005   76.35     59    Success 
    58      -36.6218     0.5624      0.0003   0.0004   79.17     61    Success 
    59      -36.6223     0.2938      0.0004   0.0004   81.23     62    Success 
    60      -36.6225     0.1875      0.0003   0.0003   77.06     63    Success 
    61      -36.6227     0.2188      0.0002   0.0002   72.11     64    Success 
    62      -36.6230     0.2439      0.0002   0.0003   72.32     65    Success 
    63      -36.6231     0.3683      0.0002   0.0004   74.61     66    Success 
    64      -36.6233     0.1622      0.0002   0.0001   59.42     67    Success 
    65      -36.6234     0.1722      0.0001   0.0001   51.54     68    Success 
    66      -36.6236     0.2287      0.0002   0.0002   66.90     69    Success 
    67      -36.6238     0.2520      0.0002   0.0003   75.98     70    Success 
    68      -36.6239     0.5143      0.0000   0.0008   82.03     71    Success 
    69      -36.6239     0.4585      0.0001   0.0000   71.01     72    Success 
    70      -36.6241     0.3567      0.0001   0.0000   68.06     73    Success 
    71      -36.6242     0.1727      0.0002   0.0001   70.60     74    Success 
    72      -36.6244     0.1528      0.0001   0.0002   68.83     75    Success 
    73      -36.6244     0.1778      0.0001   0.0001   77.33     76    Success 
    74      -36.6245     0.2319      0.0001   0.0002   79.40     77    Success 
    75      -36.6246     0.1535      0.0001   0.0003   81.53     78    Success 
    76      -36.6247     0.1141      0.0001   0.0002   79.76     79    Success 
    77      -36.6247     0.1416      0.0001   0.0002   75.40     80    Success 
    78      -36.6248     0.1317      0.0001   0.0001   67.34     81    Success 
    79      -36.6249     0.1398      0.0001   0.0001   67.94     82    Success 
    80      -36.6249     0.1972      0.0001   0.0002   75.38     83    Success 
    81      -36.6250     0.1716      0.0000   0.0003   81.32     84    Success 
    82      -36.6250     0.0537      0.0000   0.0001   74.65     85    Success 
    83      -36.6250     0.0515      0.0000   0.0000   60.95     86    Success 
    84      -36.6250     0.0622      0.0000   0.0001   70.56     87    Success 
    85      -36.6251     0.0448      0.0000   0.0001   71.44     88    Success 
    86      -36.6251     0.0581      0.0000   0.0001   68.22     89    Success 
    87      -36.6251     0.0402      0.0000   0.0001   72.56     90    Success 
    88      -36.6251     0.0247      0.0000   0.0000   68.07     91    Success 
    89      -36.6251     0.0193      0.0000   0.0000   66.92     92    Success 
    90      -36.6251     0.0376      0.0000   0.0000   65.58     93    Success 
    91      -36.6251     0.0150      0.0000   0.0000   74.87     94    Success 
    92      -36.6251     0.0112      0.0000   0.0000   69.55     95    Success 
    93      -36.6251     0.0104      0.0000   0.0000   66.61     96    Success 
    94      -36.6251     0.0105      0.0000   0.0000   65.65     97    Success 
    95      -36.6251     0.0253      0.0000   0.0000   67.97     98    Success 
    96      -36.6251     0.0105      0.0000   0.0000   69.69     99    Success 
    97      -36.6251     0.0074      0.0000   0.0000   64.55    100    Success 
    98      -36.6251     0.0083      0.0000   0.0000   64.22    101    Success 
    99      -36.6251     0.0102      0.0000   0.0000   70.30    102    Success 
   100      -36.6251     0.0083      0.0000   0.0000   77.06    103    Success 
   101      -36.6251     0.0116      0.0000   0.0000   69.40    104    Success 
   102      -36.6251     0.0090      0.0000   0.0000   72.60    105    Success 
   103      -36.6251     0.0069      0.0000   0.0000   70.13    106    Success 
   104      -36.6251     0.0107      0.0000   0.0000   70.90    107    Success 
   105      -36.6251     0.0118      0.0000   0.0000   79.97    108    Success 
   106      -36.6251     0.0051      0.0000   0.0000   71.42    109    Success 
   107      -36.6251     0.0044      0.0000   0.0000   65.50    110    Success 
   108      -36.6251     0.0044      0.0000   0.0000   71.50    111    Success 
   109      -36.6251     0.0037      0.0000   0.0000   73.50    112    Success 
   110      -36.6251     0.0050      0.0000   0.0000   72.46    114    Success 
   111      -36.6251     0.0032      0.0000   0.0000   78.62    115    Success 
   112      -36.6251     0.0027      0.0000   0.0000   72.43    116    Success 
   113      -36.6251     0.0036      0.0000   0.0000   69.93    117    Success 
   114      -36.6251     0.0047      0.0000   0.0000   75.42    118    Success 
   115      -36.6251     0.0020      0.0000   0.0000   74.76    119    Success 
   116      -36.6251     0.0015      0.0000   0.0000   66.13    120    Success 
   117      -36.6251     0.0020      0.0000   0.0000   54.81    121    Success 
   118      -36.6251     0.0022      0.0000   0.0000   67.86    122    Success 
   119      -36.6251     0.0054      0.0000   0.0000   75.96    123    Success 
   120      -36.6251     0.0033      0.0000   0.0000   77.60    124    Success 
   121      -36.6251     0.0010      0.0000   0.0000   75.82    125    Success 
   122      -36.6251     0.0012      0.0000   0.0000   70.30    126    Success 
   123      -36.6251     0.0014      0.0000   0.0000   68.77    127    Success 
   124      -36.6251     0.0024      0.0000   0.0000   75.33    128    Success 
   125      -36.6251     0.0018      0.0000   0.0000   79.65    129    Success 
   126      -36.6251     0.0010      0.0000   0.0000   70.74    130   SmallGrad

 LBFGS  --  Normal Termination due to SmallGrad

 Final Function Value :          -36.6251
 Final RMS Gradient :              0.0010
 Final Gradient Norm :             0.0042
