
     ######################################################################
   ##########################################################################
  ###                                                                      ###
 ###            Tinker  ---  Software Tools for Molecular Design            ###
 ##                                                                          ##
 ##                          Version 8.7  June 2019                          ##
 ##                                                                          ##
 ##               Copyright (c)  Jay William Ponder  1990-2019               ##
 ###                           All Rights Reserved                          ###
  ###                                                                      ###
   ##########################################################################
     ######################################################################


 Additional Atom Definition Parameters :

     Type  Class  Symbol  Description               Atomic    Mass   Valence

     403    403     N     ModifiedRes                  7     14.007     3
     412    412     H     ModifiedRes                  1      1.008     1
     401    401     C     ModifiedRes                  6     12.011     4
     410    410     H     ModifiedRes                  1      1.008     1
     404    404     C     ModifiedRes                  6     12.011     3
     411    411     O     ModifiedRes                  8     15.999     1
     402    402     C     ModifiedRes                  6     12.011     4
     407    407     S     ModifiedRes                 16     32.066     2
     408    408     C     ModifiedRes                  6     12.011     2
     416    416     N     ModifiedRes                  7     14.007     1
     409    409     H     ModifiedRes                  1      1.008     1
     406    406     C     ModifiedRes                  6     12.011     3
     413    413     O     ModifiedRes                  8     15.999     1
     405    405     N     ModifiedRes                  7     14.007     3
     414    414     H     ModifiedRes                  1      1.008     1
     415    415     H     ModifiedRes                  1      1.008     1

 Additional Bond Stretching Parameters :

     Atom Classes             K(S)         Length

       401 403             374.800         1.4589
       403 406             482.000         1.3610
       403 412             542.000         1.0150
       401 410             341.000         1.0957
       401 404             345.300         1.5388
       401 402             345.300         1.5181
       404 405             482.000         1.3572
       404 411             705.000         1.2314
       402 409             395.500         1.0914
       402 407             235.800         1.8318
       407 408             235.800         1.6971
       408 416             450.000         1.1861
       406 413             705.000         1.2330
       406 414             356.400         1.1017
       405 415             542.000         1.0125

 Additional Angle Bending Parameters :

     Atom Classes             K(B)          Angle

     403 406 413            60.000        124.094
     401 403 412            35.000        118.942
     406 403 412            35.000        118.838
     401 404 405            70.000        113.359
     401 404 411            80.000        121.700
     401 402 407            53.200        108.210
     401 403 406            50.000        121.364
     404 401 410            38.000        109.343
     402 401 410            38.000        110.332
     403 401 410            50.600        106.311
     402 401 404            60.000        109.451
     403 401 404            80.000        110.698
     402 401 403            80.000        110.661
     402 407 408            60.430         97.779
     407 408 416            60.000        178.379
     409 402 409            39.570        108.414
     401 402 409            42.440        109.507
     407 402 409            60.240        109.536
     405 404 411            60.000        124.942
     413 406 414            68.340        122.634
     403 406 414            31.650        113.263
     415 405 415            22.300        119.362
     404 405 415            35.000        117.511

 Additional Stretch-Bend Parameters :

     Atom Classes          K(SB)-1        K(SB)-2

     401 403 412             4.300          7.200
     406 403 412             4.300          7.200
     401 404 405            18.700         18.700
     401 402 407            18.700         18.700
     401 403 406             7.200          7.200
     404 401 410            11.500         18.700
     402 401 410            11.500         18.700
     403 401 410            11.500         11.500
     402 401 404            18.700         18.700
     403 401 404            18.700         18.700
     402 401 403            18.700         18.700
     402 407 408            -5.750         -5.750
     401 402 409            11.500         11.500
     407 402 409            11.500         11.500
     403 406 414            11.500         11.500
     404 405 415             4.300          7.200
     415 405 415             4.300          7.200
     401 404 411            18.700         18.700
     413 406 414            11.500         11.500

 Additional Out-of-Plane Bend Parameters :

     Atom Classes                   K(OPB)

     401 403   0   0                14.400
     401 404   0   0                14.400
     403 406   0   0               107.910
     404 405   0   0                71.940
     405 404   0   0               107.910
     406 403   0   0                71.940
     411 404   0   0               122.298
     412 403   0   0                 5.755
     413 406   0   0               122.298
     414 406   0   0               140.283
     415 405   0   0                 5.755

 Additional Torsional Parameters :

     Atom Classes     1-Fold    2-Fold    3-Fold    4-Fold    5-Fold    6-Fold

   403 401 404 405   0.00   0  0.00 180  0.00   0  0.00   0  0.00   0  0.00   0
   403 401 404 411   0.00   0  0.00 180  0.00   0  0.00   0  0.00   0  0.00   0
   403 401 402 409   0.00   0  0.00 180  0.00   0  0.00   0  0.00   0  0.00   0
   403 401 402 407   0.00   0  0.00 180  0.00   0  0.00   0  0.00   0  0.00   0
   410 401 403 412   0.00   0  0.00 180  0.00   0  0.00   0  0.00   0  0.00   0
   404 401 403 412   0.00   0  0.00 180  0.00   0  0.00   0  0.00   0  0.00   0
   402 401 403 412   0.00   0  0.00 180  0.00   0  0.00   0  0.00   0  0.00   0
   412 403 406 413   0.00   0  0.00 180  0.00   0  0.00   0  0.00   0  0.00   0
   412 403 406 414   0.00   0  0.00 180  0.00   0  0.00   0  0.00   0  0.00   0
   401 404 405 415   0.00   0  1.20 180  0.80   0  0.00   0  0.00   0  0.00   0
   401 402 407 408   0.00   0  0.00 180  0.00   0  0.00   0  0.00   0  0.00   0
   401 403 406 413   0.00   0  0.00 180  0.00   0  0.00   0  0.00   0  0.00   0
   401 403 406 414   0.00   0  0.00 180  0.00   0  0.00   0  0.00   0  0.00   0
   410 401 404 405   0.00   0  0.00 180  0.00   0  0.00   0  0.00   0  0.00   0
   410 401 404 411   0.00   0  0.00 180  0.00   0  0.00   0  0.00   0  0.00   0
   410 401 402 409   0.00   0  0.00 180  0.00   0  0.00   0  0.00   0  0.00   0
   410 401 402 407   0.00   0  0.00 180  0.00   0  0.00   0  0.00   0  0.00   0
   410 401 403 406   0.00   0  0.00 180  0.00   0  0.00   0  0.00   0  0.00   0
   404 401 402 409   0.00   0  0.00 180  0.00   0  0.00   0  0.00   0  0.00   0
   404 401 402 407   0.00   0  0.00 180  0.00   0  0.00   0  0.00   0  0.00   0
   404 401 403 406   0.00   0  0.00 180  0.00   0  0.00   0  0.00   0  0.00   0
   411 404 405 415   0.00   0  0.00 180  0.00   0  0.00   0  0.00   0  0.00   0
   402 401 404 411   0.00   0  0.00 180  0.00   0  0.00   0  0.00   0  0.00   0
   402 401 404 405   0.00   0  0.00 180  0.00   0  0.00   0  0.00   0  0.00   0
   402 401 403 406   0.00   0  0.00 180  0.00   0  0.00   0  0.00   0  0.00   0
   402 407 408 416   0.00   0  0.00 180  0.50   0  0.00   0  0.00   0  0.00   0
   409 402 407 408   0.00   0  0.00 180  0.00   0  0.00   0  0.00   0  0.00   0

 Additional Pi-Orbital Torsion Parameters :

     Atom Classes       2-Fold

       404 405           6.850
       403 406           6.850

 Additional van der Waals Parameters :

     Atom Class               Size        Epsilon        Reduction

         403                3.7100         0.1100          0.000
         412                2.5900         0.0220          0.900
         401                3.6500         0.1010          0.000
         410                2.8800         0.0240          0.910
         404                3.8200         0.1060          0.000
         411                3.3000         0.1120          0.000
         402                3.7800         0.1060          0.000
         407                4.0050         0.3550          0.000
         408                3.7800         0.1060          0.000
         416                3.7100         0.1050          0.000
         409                2.8700         0.0330          0.900
         406                3.8200         0.1060          0.000
         413                3.3000         0.1120          0.000
         405                3.7100         0.1100          0.000
         414                2.9200         0.0300          0.920
         415                2.5900         0.0220          0.900

 Additional Atomic Multipole Parameters :

     Atom Type     Coordinate Frame Definition         Multipole Moments

         401      403    404      0   Z-then-X    -0.27040
                                                  -0.22190  0.00000  0.26102
                                                  -0.17903
                                                   0.00000 -0.24517
                                                   0.13675  0.00000  0.42420

         402      407    401      0   Z-then-X    -0.16380
                                                   0.27778  0.00000 -0.20334
                                                   0.30211
                                                   0.00000 -0.49081
                                                  -0.33263  0.00000  0.18870

         403      406    401      0   Z-then-X    -0.06286
                                                   0.37348  0.00000 -0.12295
                                                   0.79149
                                                   0.00000 -1.08676
                                                  -0.63736  0.00000  0.29527

         404      411    405      0   Z-then-X     0.97419
                                                  -0.10999  0.00000  0.25580
                                                   0.38321
                                                   0.00000 -0.33696
                                                  -0.17133  0.00000 -0.04625

         405      404    415      0   Z-then-X    -0.32376
                                                   0.05823  0.00000 -0.07138
                                                   0.32176
                                                   0.00000 -0.38869
                                                  -0.03945  0.00000  0.06693

         406      413    403      0   Z-then-X     0.63075
                                                   0.40149  0.00000  0.25741
                                                  -0.01797
                                                   0.00000  0.01503
                                                   0.00873  0.00000  0.00294

         407      408    402      0   Z-then-X     0.34019
                                                   0.47821  0.00000  0.49978
                                                   1.11919
                                                   0.00000 -2.31639
                                                  -0.50667  0.00000  1.19720

         408      407    416      0   Z-then-X     0.21608
                                                   0.00820  0.00000 -0.28509
                                                   0.05369
                                                   0.00000  0.10740
                                                   0.05156  0.00000 -0.16109

         409      402    407      0   Z-then-X     0.09933
                                                   0.00064  0.00000 -0.16410
                                                   0.07960
                                                   0.00000  0.07569
                                                  -0.01944  0.00000 -0.15529

         410      401    403      0   Z-then-X     0.10718
                                                  -0.02083  0.00000 -0.03604
                                                  -0.03187
                                                   0.00000  0.01466
                                                  -0.01392  0.00000  0.01721

         411      404    405      0   Z-then-X    -0.77613
                                                   0.13027  0.00000 -0.18830
                                                  -0.53109
                                                   0.00000  0.25725
                                                   0.21601  0.00000  0.27384

         412      403    401      0   Z-then-X     0.11911
                                                   0.01244  0.00000 -0.25689
                                                   0.04573
                                                   0.00000  0.01640
                                                  -0.00301  0.00000 -0.06213

         413      406    403      0   Z-then-X    -0.66614
                                                  -0.21394  0.00000 -0.03273
                                                  -0.49754
                                                   0.00000  0.12402
                                                  -0.24547  0.00000  0.37352

         414      406    413      0   Z-then-X    -0.02624
                                                   0.07068  0.00000 -0.22870
                                                   0.12255
                                                   0.00000  0.03666
                                                   0.03118  0.00000 -0.15921

         415      405    404      0   Z-then-X     0.13248
                                                   0.00045  0.00000 -0.38308
                                                   0.28470
                                                   0.00000  0.12111
                                                   0.01221  0.00000 -0.40581

         416      408    407      0   Z-then-X    -0.56179
                                                   0.01684  0.00000 -0.29231
                                                   0.37390
                                                   0.00000  0.24558
                                                   0.00671  0.00000 -0.61948

 Additional Atomic Dipole Polarizability Parameters :

     Atom Type           Alpha       Thole     Group Atom Types

         403             1.073       0.390         412  401  406
         412             0.496       0.390         403
         401             1.334       0.390         403  410  404  402
         410             0.496       0.390         401
         404             1.334       0.390         401  411  405
         411             0.837       0.390         404
         402             1.334       0.390         401  407  409
         407             3.300       0.390         402  408
         408             1.334       0.390         407  416
         416             1.073       0.390         408
         409             0.496       0.390         402
         406             1.334       0.390         403  413  414
         413             0.837       0.390         406
         405             1.073       0.390         404  415
         414             0.494       0.390         406
         415             0.496       0.390         405

 Limited Memory BFGS Quasi-Newton Optimization :

 QN Iter     F Value      G RMS      F Move   X Move   Angle  FG Call  Comment

     0      -32.6590     9.4648                                   1
     1      -32.9579    13.5634      0.2989   0.0035    0.00      3    Success 
     2      -33.1835    13.7019      0.2256   0.0029   55.12      4    Success 
     3      -33.4136    11.8857      0.2301   0.0025   63.90      5    Success 
     4      -33.7806     9.2795      0.3670   0.0048   63.26      6    Success 
     5      -34.1509    10.7156      0.3703   0.0096   62.65      7    Success 
     6      -34.3634     6.2482      0.2125   0.0053   70.04      8    Success 
     7      -34.4923     5.7075      0.1290   0.0032   63.98      9    Success 
     8      -34.6592     7.3073      0.1669   0.0053   61.69     10    Success 
     9      -34.7835     7.0882      0.1244   0.0071   69.63     11    Success 
    10      -34.8545     3.7252      0.0710   0.0009   36.79     12    Success 
    11      -34.9230     3.6757      0.0686   0.0019   36.37     13    Success 
    12      -34.9741     3.6946      0.0511   0.0025   64.96     14    Success 
    13      -35.0100     7.1582      0.0359   0.0043   69.23     15    Success 
    14      -35.0625     3.5415      0.0525   0.0021   74.92     16    Success 
    15      -35.1066     2.9310      0.0441   0.0025   66.71     17    Success 
    16      -35.1447     3.5270      0.0382   0.0027   69.45     18    Success 
    17      -35.2027     3.0013      0.0580   0.0041   72.73     19    Success 
    18      -35.2428     5.5120      0.0400   0.0064   70.45     20    Success 
    19      -35.2897     1.9371      0.0469   0.0028   73.20     21    Success 
    20      -35.3078     1.5982      0.0181   0.0009   42.51     22    Success 
    21      -35.3340     1.8279      0.0262   0.0022   54.96     23    Success 
    22      -35.3642     1.7655      0.0302   0.0037   69.29     24    Success 
    23      -35.3728     2.3395      0.0087   0.0018   72.28     26    Success 
    24      -35.3850     1.5074      0.0122   0.0020   78.13     27    Success 
    25      -35.3890     1.7517      0.0040   0.0011   74.18     29    Success 
    26      -35.3929     0.8898      0.0038   0.0008   76.57     30    Success 
    27      -35.3953     0.9071      0.0025   0.0004   61.87     31    Success 
    28      -35.3995     0.9163      0.0041   0.0006   61.33     32    Success 
    29      -35.4047     1.3660      0.0052   0.0012   64.75     33    Success 
    30      -35.4102     0.7983      0.0055   0.0017   75.89     34    Success 
    31      -35.4127     0.6715      0.0024   0.0005   64.13     35    Success 
    32      -35.4157     0.6466      0.0030   0.0008   60.93     36    Success 
    33      -35.4173     0.7982      0.0016   0.0007   67.76     37    Success 
    34      -35.4189     0.4907      0.0016   0.0005   74.22     38    Success 
    35      -35.4205     0.3959      0.0016   0.0007   65.69     39    Success 
    36      -35.4214     0.3952      0.0010   0.0005   65.12     40    Success 
    37      -35.4221     0.8003      0.0006   0.0007   66.58     41    Success 
    38      -35.4229     0.3475      0.0009   0.0002   65.31     42    Success 
    39      -35.4236     0.3756      0.0006   0.0002   55.10     43    Success 
    40      -35.4242     0.4095      0.0007   0.0004   68.84     44    Success 
    41      -35.4252     0.3722      0.0010   0.0007   73.90     45    Success 
    42      -35.4256     0.7144      0.0004   0.0010   72.33     46    Success 
    43      -35.4263     0.3885      0.0006   0.0002   70.12     47    Success 
    44      -35.4267     0.2125      0.0005   0.0003   65.50     48    Success 
    45      -35.4269     0.2155      0.0002   0.0002   67.29     49    Success 
    46      -35.4272     0.2384      0.0003   0.0003   68.88     50    Success 
    47      -35.4273     0.2822      0.0001   0.0001   73.20     52    Success 
    48      -35.4274     0.1590      0.0001   0.0002   78.62     53    Success 
    49      -35.4275     0.1358      0.0001   0.0001   69.57     54    Success 
    50      -35.4276     0.1555      0.0001   0.0001   66.42     55    Success 
    51      -35.4277     0.1768      0.0002   0.0002   70.96     56    Success 
    52      -35.4279     0.2313      0.0002   0.0004   76.06     57    Success 
    53      -35.4279     0.2576      0.0000   0.0003   75.01     58    Success 
    54      -35.4280     0.1413      0.0001   0.0001   76.95     59    Success 
    55      -35.4280     0.0460      0.0000   0.0001   74.45     60    Success 
    56      -35.4280     0.0515      0.0000   0.0000   44.26     61    Success 
    57      -35.4280     0.0544      0.0000   0.0000   55.87     62    Success 
    58      -35.4281     0.0785      0.0000   0.0001   65.84     63    Success 
    59      -35.4281     0.0499      0.0000   0.0001   76.77     64    Success 
    60      -35.4281     0.0510      0.0000   0.0001   69.43     65    Success 
    61      -35.4281     0.0628      0.0000   0.0001   69.22     66    Success 
    62      -35.4281     0.0909      0.0000   0.0001   72.81     67    Success 
    63      -35.4281     0.0565      0.0000   0.0001   75.89     68    Success 
    64      -35.4282     0.0435      0.0000   0.0001   69.86     69    Success 
    65      -35.4282     0.0508      0.0000   0.0001   68.43     70    Success 
    66      -35.4282     0.0813      0.0000   0.0001   74.37     71    Success 
    67      -35.4282     0.0533      0.0000   0.0001   80.18     72    Success 
    68      -35.4282     0.0368      0.0000   0.0000   57.22     73    Success 
    69      -35.4282     0.0627      0.0000   0.0000   58.82     74    Success 
    70      -35.4282     0.1201      0.0000   0.0000   72.17     75    Success 
    71      -35.4283     0.0693      0.0000   0.0000   65.30     76    Success 
    72      -35.4283     0.0337      0.0000   0.0000   74.65     77    Success 
    73      -35.4283     0.0716      0.0000   0.0001   71.75     78    Success 
    74      -35.4283     0.0719      0.0000   0.0001   83.32     79    Success 
    75      -35.4283     0.0745      0.0000   0.0001   82.04     80    Success 
    76      -35.4283     0.0464      0.0000   0.0002   82.20     81    Success 
    77      -35.4283     0.0727      0.0000   0.0001   76.85     82    Success 
    78      -35.4283     0.0464      0.0000   0.0000   77.94     83    Success 
    79      -35.4283     0.0340      0.0000   0.0000   70.40     84    Success 
    80      -35.4283     0.0313      0.0000   0.0000   73.61     85    Success 
    81      -35.4284     0.0594      0.0000   0.0001   75.59     86    Success 
    82      -35.4284     0.0365      0.0000   0.0000   79.01     87    Success 
    83      -35.4284     0.0370      0.0000   0.0000   75.71     88    Success 
    84      -35.4284     0.0337      0.0000   0.0001   76.97     89    Success 
    85      -35.4284     0.0793      0.0000   0.0001   77.48     90    Success 
    86      -35.4284     0.0542      0.0000   0.0000   68.95     91    Success 
    87      -35.4284     0.0207      0.0000   0.0000   67.22     92    Success 
    88      -35.4284     0.0251      0.0000   0.0000   66.29     93    Success 
    89      -35.4284     0.0288      0.0000   0.0000   77.03     94    Success 
    90      -35.4284     0.0255      0.0000   0.0001   78.46     95    Success 
    91      -35.4284     0.0262      0.0000   0.0000   79.28     97    Success 
    92      -35.4284     0.0124      0.0000   0.0000   78.46     98    Success 
    93      -35.4284     0.0125      0.0000   0.0000   64.81     99    Success 
    94      -35.4284     0.0207      0.0000   0.0000   65.85    100    Success 
    95      -35.4284     0.0159      0.0000   0.0000   77.51    101    Success 
    96      -35.4284     0.0093      0.0000   0.0000   73.31    102    Success 
    97      -35.4284     0.0071      0.0000   0.0000   63.15    103    Success 
    98      -35.4284     0.0068      0.0000   0.0000   68.37    104    Success 
    99      -35.4284     0.0080      0.0000   0.0000   68.69    105    Success 
   100      -35.4284     0.0045      0.0000   0.0000   60.27    106    Success 
   101      -35.4284     0.0038      0.0000   0.0000   62.30    107    Success 
   102      -35.4284     0.0035      0.0000   0.0000   55.66    108    Success 
   103      -35.4284     0.0052      0.0000   0.0000   64.48    109    Success 
   104      -35.4284     0.0049      0.0000   0.0000   74.33    110    Success 
   105      -35.4284     0.0022      0.0000   0.0000   55.20    111    Success 
   106      -35.4284     0.0022      0.0000   0.0000   60.82    112    Success 
   107      -35.4284     0.0027      0.0000   0.0000   68.73    113    Success 
   108      -35.4284     0.0027      0.0000   0.0000   73.53    114    Success 
   109      -35.4284     0.0060      0.0000   0.0000   73.72    115    Success 
   110      -35.4284     0.0034      0.0000   0.0000   73.09    117    Success 
   111      -35.4284     0.0010      0.0000   0.0000   68.27    118   SmallGrad

 LBFGS  --  Normal Termination due to SmallGrad

 Final Function Value :          -35.4284
 Final RMS Gradient :              0.0010
 Final Gradient Norm :             0.0042
