
     ######################################################################
   ##########################################################################
  ###                                                                      ###
 ###            Tinker  ---  Software Tools for Molecular Design            ###
 ##                                                                          ##
 ##                          Version 8.7  June 2019                          ##
 ##                                                                          ##
 ##               Copyright (c)  Jay William Ponder  1990-2019               ##
 ###                           All Rights Reserved                          ###
  ###                                                                      ###
   ##########################################################################
     ######################################################################


 Additional Atom Definition Parameters :

     Type  Class  Symbol  Description               Atomic    Mass   Valence

     403    403     N     ModifiedRes                  7     14.007     3
     412    412     H     ModifiedRes                  1      1.008     1
     401    401     C     ModifiedRes                  6     12.011     4
     410    410     H     ModifiedRes                  1      1.008     1
     404    404     C     ModifiedRes                  6     12.011     3
     411    411     O     ModifiedRes                  8     15.999     1
     402    402     C     ModifiedRes                  6     12.011     4
     407    407     S     ModifiedRes                 16     32.066     2
     408    408     C     ModifiedRes                  6     12.011     2
     416    416     N     ModifiedRes                  7     14.007     1
     409    409     H     ModifiedRes                  1      1.008     1
     406    406     C     ModifiedRes                  6     12.011     3
     413    413     O     ModifiedRes                  8     15.999     1
     405    405     N     ModifiedRes                  7     14.007     3
     414    414     H     ModifiedRes                  1      1.008     1
     415    415     H     ModifiedRes                  1      1.008     1

 Additional Bond Stretching Parameters :

     Atom Classes             K(S)         Length

       401 403             374.800         1.4589
       403 406             482.000         1.3610
       403 412             542.000         1.0150
       401 410             341.000         1.0957
       401 404             345.300         1.5388
       401 402             345.300         1.5181
       404 405             482.000         1.3572
       404 411             705.000         1.2314
       402 409             395.500         1.0914
       402 407             235.800         1.8318
       407 408             235.800         1.6971
       408 416             450.000         1.1861
       406 413             705.000         1.2330
       406 414             356.400         1.1017
       405 415             542.000         1.0125

 Additional Angle Bending Parameters :

     Atom Classes             K(B)          Angle

     403 406 413            60.000        124.094
     401 403 412            35.000        118.942
     406 403 412            35.000        118.838
     401 404 405            70.000        113.359
     401 404 411            80.000        121.700
     401 402 407            53.200        108.210
     401 403 406            50.000        121.364
     404 401 410            38.000        109.343
     402 401 410            38.000        110.332
     403 401 410            50.600        106.311
     402 401 404            60.000        109.451
     403 401 404            80.000        110.698
     402 401 403            80.000        110.661
     402 407 408            60.430         97.779
     407 408 416            60.000        178.379
     409 402 409            39.570        108.414
     401 402 409            42.440        109.507
     407 402 409            60.240        109.536
     405 404 411            60.000        124.942
     413 406 414            68.340        122.634
     403 406 414            31.650        113.263
     415 405 415            22.300        119.362
     404 405 415            35.000        117.511

 Additional Stretch-Bend Parameters :

     Atom Classes          K(SB)-1        K(SB)-2

     401 403 412             4.300          7.200
     406 403 412             4.300          7.200
     401 404 405            18.700         18.700
     401 402 407            18.700         18.700
     401 403 406             7.200          7.200
     404 401 410            11.500         18.700
     402 401 410            11.500         18.700
     403 401 410            11.500         11.500
     402 401 404            18.700         18.700
     403 401 404            18.700         18.700
     402 401 403            18.700         18.700
     402 407 408            -5.750         -5.750
     401 402 409            11.500         11.500
     407 402 409            11.500         11.500
     403 406 414            11.500         11.500
     404 405 415             4.300          7.200
     415 405 415             4.300          7.200
     401 404 411            18.700         18.700
     413 406 414            11.500         11.500

 Additional Out-of-Plane Bend Parameters :

     Atom Classes                   K(OPB)

     401 403   0   0                14.400
     401 404   0   0                14.400
     403 406   0   0               107.910
     404 405   0   0                71.940
     405 404   0   0               107.910
     406 403   0   0                71.940
     411 404   0   0               122.298
     412 403   0   0                 5.755
     413 406   0   0               122.298
     414 406   0   0               140.283
     415 405   0   0                 5.755

 Additional Torsional Parameters :

     Atom Classes     1-Fold    2-Fold    3-Fold    4-Fold    5-Fold    6-Fold

   403 401 404 405   0.00   0  0.00 180  0.00   0  0.00   0  0.00   0  0.00   0
   403 401 404 411   0.00   0  0.00 180  0.00   0  0.00   0  0.00   0  0.00   0
   403 401 402 409   0.00   0  0.00 180  0.00   0  0.00   0  0.00   0  0.00   0
   403 401 402 407   0.00   0  0.00 180  0.00   0  0.00   0  0.00   0  0.00   0
   410 401 403 412   0.00   0  0.00 180  0.00   0  0.00   0  0.00   0  0.00   0
   404 401 403 412   0.00   0  0.00 180  0.00   0  0.00   0  0.00   0  0.00   0
   402 401 403 412   0.00   0  0.00 180  0.00   0  0.00   0  0.00   0  0.00   0
   412 403 406 413   0.00   0  0.00 180  0.00   0  0.00   0  0.00   0  0.00   0
   412 403 406 414   0.00   0  0.00 180  0.00   0  0.00   0  0.00   0  0.00   0
   401 404 405 415   0.00   0  1.20 180  0.80   0  0.00   0  0.00   0  0.00   0
   401 402 407 408   0.00   0  0.00 180  0.00   0  0.00   0  0.00   0  0.00   0
   401 403 406 413   0.00   0  0.00 180  0.00   0  0.00   0  0.00   0  0.00   0
   401 403 406 414   0.00   0  0.00 180  0.00   0  0.00   0  0.00   0  0.00   0
   410 401 404 405   0.00   0  0.00 180  0.00   0  0.00   0  0.00   0  0.00   0
   410 401 404 411   0.00   0  0.00 180  0.00   0  0.00   0  0.00   0  0.00   0
   410 401 402 409   0.00   0  0.00 180  0.00   0  0.00   0  0.00   0  0.00   0
   410 401 402 407   0.00   0  0.00 180  0.00   0  0.00   0  0.00   0  0.00   0
   410 401 403 406   0.00   0  0.00 180  0.00   0  0.00   0  0.00   0  0.00   0
   404 401 402 409   0.00   0  0.00 180  0.00   0  0.00   0  0.00   0  0.00   0
   404 401 402 407   0.00   0  0.00 180  0.00   0  0.00   0  0.00   0  0.00   0
   404 401 403 406   0.00   0  0.00 180  0.00   0  0.00   0  0.00   0  0.00   0
   411 404 405 415   0.00   0  0.00 180  0.00   0  0.00   0  0.00   0  0.00   0
   402 401 404 411   0.00   0  0.00 180  0.00   0  0.00   0  0.00   0  0.00   0
   402 401 404 405   0.00   0  0.00 180  0.00   0  0.00   0  0.00   0  0.00   0
   402 401 403 406   0.00   0  0.00 180  0.00   0  0.00   0  0.00   0  0.00   0
   402 407 408 416   0.00   0  0.00 180  0.50   0  0.00   0  0.00   0  0.00   0
   409 402 407 408   0.00   0  0.00 180  0.00   0  0.00   0  0.00   0  0.00   0

 Additional Pi-Orbital Torsion Parameters :

     Atom Classes       2-Fold

       404 405           6.850
       403 406           6.850

 Additional van der Waals Parameters :

     Atom Class               Size        Epsilon        Reduction

         403                3.7100         0.1100          0.000
         412                2.5900         0.0220          0.900
         401                3.6500         0.1010          0.000
         410                2.8800         0.0240          0.910
         404                3.8200         0.1060          0.000
         411                3.3000         0.1120          0.000
         402                3.7800         0.1060          0.000
         407                4.0050         0.3550          0.000
         408                3.7800         0.1060          0.000
         416                3.7100         0.1050          0.000
         409                2.8700         0.0330          0.900
         406                3.8200         0.1060          0.000
         413                3.3000         0.1120          0.000
         405                3.7100         0.1100          0.000
         414                2.9200         0.0300          0.920
         415                2.5900         0.0220          0.900

 Additional Atomic Multipole Parameters :

     Atom Type     Coordinate Frame Definition         Multipole Moments

         401      403    404      0   Z-then-X    -0.27040
                                                  -0.22190  0.00000  0.26102
                                                  -0.17903
                                                   0.00000 -0.24517
                                                   0.13675  0.00000  0.42420

         402      407    401      0   Z-then-X    -0.16380
                                                   0.27778  0.00000 -0.20334
                                                   0.30211
                                                   0.00000 -0.49081
                                                  -0.33263  0.00000  0.18870

         403      406    401      0   Z-then-X    -0.06286
                                                   0.37348  0.00000 -0.12295
                                                   0.79149
                                                   0.00000 -1.08676
                                                  -0.63736  0.00000  0.29527

         404      411    405      0   Z-then-X     0.97419
                                                  -0.10999  0.00000  0.25580
                                                   0.38321
                                                   0.00000 -0.33696
                                                  -0.17133  0.00000 -0.04625

         405      404    415      0   Z-then-X    -0.32376
                                                   0.05823  0.00000 -0.07138
                                                   0.32176
                                                   0.00000 -0.38869
                                                  -0.03945  0.00000  0.06693

         406      413    403      0   Z-then-X     0.63075
                                                   0.40149  0.00000  0.25741
                                                  -0.01797
                                                   0.00000  0.01503
                                                   0.00873  0.00000  0.00294

         407      408    402      0   Z-then-X     0.34019
                                                   0.47821  0.00000  0.49978
                                                   1.11919
                                                   0.00000 -2.31639
                                                  -0.50667  0.00000  1.19720

         408      407    416      0   Z-then-X     0.21608
                                                   0.00820  0.00000 -0.28509
                                                   0.05369
                                                   0.00000  0.10740
                                                   0.05156  0.00000 -0.16109

         409      402    407      0   Z-then-X     0.09933
                                                   0.00064  0.00000 -0.16410
                                                   0.07960
                                                   0.00000  0.07569
                                                  -0.01944  0.00000 -0.15529

         410      401    403      0   Z-then-X     0.10718
                                                  -0.02083  0.00000 -0.03604
                                                  -0.03187
                                                   0.00000  0.01466
                                                  -0.01392  0.00000  0.01721

         411      404    405      0   Z-then-X    -0.77613
                                                   0.13027  0.00000 -0.18830
                                                  -0.53109
                                                   0.00000  0.25725
                                                   0.21601  0.00000  0.27384

         412      403    401      0   Z-then-X     0.11911
                                                   0.01244  0.00000 -0.25689
                                                   0.04573
                                                   0.00000  0.01640
                                                  -0.00301  0.00000 -0.06213

         413      406    403      0   Z-then-X    -0.66614
                                                  -0.21394  0.00000 -0.03273
                                                  -0.49754
                                                   0.00000  0.12402
                                                  -0.24547  0.00000  0.37352

         414      406    413      0   Z-then-X    -0.02624
                                                   0.07068  0.00000 -0.22870
                                                   0.12255
                                                   0.00000  0.03666
                                                   0.03118  0.00000 -0.15921

         415      405    404      0   Z-then-X     0.13248
                                                   0.00045  0.00000 -0.38308
                                                   0.28470
                                                   0.00000  0.12111
                                                   0.01221  0.00000 -0.40581

         416      408    407      0   Z-then-X    -0.56179
                                                   0.01684  0.00000 -0.29231
                                                   0.37390
                                                   0.00000  0.24558
                                                   0.00671  0.00000 -0.61948

 Additional Atomic Dipole Polarizability Parameters :

     Atom Type           Alpha       Thole     Group Atom Types

         403             1.073       0.390         412  401  406
         412             0.496       0.390         403
         401             1.334       0.390         403  410  404  402
         410             0.496       0.390         401
         404             1.334       0.390         401  411  405
         411             0.837       0.390         404
         402             1.334       0.390         401  407  409
         407             3.300       0.390         402  408
         408             1.334       0.390         407  416
         416             1.073       0.390         408
         409             0.496       0.390         402
         406             1.334       0.390         403  413  414
         413             0.837       0.390         406
         405             1.073       0.390         404  415
         414             0.494       0.390         406
         415             0.496       0.390         405

 Limited Memory BFGS Quasi-Newton Optimization :

 QN Iter     F Value      G RMS      F Move   X Move   Angle  FG Call  Comment

     0     6994.6271  1307.3604                                   1
     1     5056.7001   944.3592   1937.9270   0.0982    0.00      2    Success 
     2     3678.5029   678.9061   1378.1972   0.0982    1.18      3    Success 
     3     2756.5661   509.6226    921.9368   0.0982   12.33      4    Success 
     4     2162.1122   500.5931    594.4539   0.0982   27.38      5    Success 
     5     1732.7748   462.2711    429.3374   0.0982   46.07      6    Success 
     6     1360.2901   405.9449    372.4848   0.0982   54.50      7    Success 
     7     1041.5767   358.3623    318.7134   0.0982   54.37      8    Success 
     8      795.4884   299.3903    246.0883   0.0982   54.70      9    Success 
     9      590.6892   207.6074    204.7992   0.0982   52.84     10    Success 
    10      489.0132   231.9526    101.6760   0.0932   51.28     11    Success 
    11      410.8223   140.0632     78.1908   0.0440   53.36     12    Success 
    12      352.9550   138.2536     57.8674   0.0650   55.70     13    Success 
    13      303.3590   140.7925     49.5960   0.0575   64.86     14    Success 
    14      233.6467   119.6967     69.7123   0.0890   63.91     15    Success 
    15      162.8878    97.1258     70.7589   0.0982   60.44     16    Success 
    16      102.0197    95.3685     60.8681   0.0982   58.37     17    Success 
    17       68.6546   145.2445     33.3651   0.0940   60.67     18    Success 
    18       47.9857    71.5085     20.6689   0.0232   54.22     19    Success 
    19       41.5436    48.4942      6.4421   0.0185   63.57     20    Success 
    20       36.0558    42.4700      5.4878   0.0158   60.57     21    Success 
    21       27.8999    35.2605      8.1559   0.0257   56.05     22    Success 
    22       20.8812    64.0231      7.0187   0.0483   59.77     23    Success 
    23       17.4464    26.4037      3.4348   0.0109   67.59     24    Success 
    24       14.8367    25.0253      2.6097   0.0146   56.20     25    Success 
    25       12.8860    24.7976      1.9507   0.0146   66.85     26    Success 
    26        9.8986    26.6887      2.9874   0.0246   69.17     27    Success 
    27        7.2959    38.3383      2.6027   0.0395   71.67     28    Success 
    28        4.8687    20.3610      2.4273   0.0214   74.57     29    Success 
    29        3.7439    23.3328      1.1248   0.0156   66.76     30    Success 
    30        1.9321    22.1984      1.8118   0.0114   62.10     31    Success 
    31       -1.0863    25.0448      3.0183   0.0366   64.66     34    Success 
    32       -2.5688    34.5924      1.4825   0.0256   70.33     35    Success 
    33       -4.1002    16.5267      1.5314   0.0110   72.22     36    Success 
    34       -5.6023    17.9497      1.5021   0.0269   74.44     37    Success 
    35       -7.0972    19.0205      1.4949   0.0277   77.17     38    Success 
    36       -9.0835    19.4421      1.9863   0.0409   77.69     39    Success 
    37      -10.1198    29.0223      1.0363   0.0461   75.76     40    Success 
    38      -11.5534    13.1158      1.4335   0.0097   65.99     41    Success 
    39      -12.4028    11.0916      0.8495   0.0112   61.37     42    Success 
    40      -12.9300    17.8066      0.5272   0.0123   67.31     43    Success 
    41      -13.5973    12.7554      0.6673   0.0136   75.97     44    Success 
    42      -14.3370    11.8978      0.7397   0.0197   78.17     45    Success 
    43      -15.4083    10.8279      1.0713   0.0288   76.11     46    Success 
    44      -15.9270    29.0703      0.5186   0.0450   75.88     47    Success 
    45      -16.7061    15.5420      0.7792   0.0063   71.81     48    Success 
    46      -17.4191     9.6086      0.7129   0.0082   62.20     49    Success 
    47      -17.9985    15.4370      0.5794   0.0117   67.99     50    Success 
    48      -18.8112    19.2406      0.8128   0.0203   78.13     51    Success 
    49      -19.7473    22.3439      0.9361   0.0308   81.23     52    Success 
    50      -20.4962    12.2038      0.7489   0.0181   81.82     53    Success 
    51      -21.1376    11.2946      0.6414   0.0155   74.17     54    Success 
    52      -21.6720    13.5607      0.5345   0.0129   74.84     55    Success 
    53      -22.4966    13.4606      0.8245   0.0213   78.15     56    Success 
    54      -23.2046    22.1118      0.7080   0.0303   77.03     57    Success 
    55      -23.9993    12.0349      0.7947   0.0271   82.46     58    Success 
    56      -24.4164     8.6627      0.4171   0.0069   63.00     59    Success 
    57      -24.7650     9.9146      0.3487   0.0066   63.14     60    Success 
    58      -25.3163    11.0545      0.5512   0.0155   75.43     61    Success 
    59      -26.1674    11.9626      0.8512   0.0201   74.01     62    Success 
    60      -27.1601    14.8564      0.9926   0.0449   79.86     63    Success 
    61      -28.0052    10.7029      0.8451   0.0393   81.06     64    Success 
    62      -28.5827     8.9404      0.5775   0.0116   68.39     65    Success 
    63      -29.1418    15.2591      0.5591   0.0233   73.91     66    Success 
    64      -29.5582    12.7017      0.4163   0.0247   82.70     67    Success 
    65      -29.9780     9.2447      0.4198   0.0069   71.62     68    Success 
    66      -30.6119     6.5044      0.6339   0.0234   77.52     69    Success 
    67      -31.2692     8.7979      0.6573   0.0274   69.71     70    Success 
    68      -31.5558    22.6201      0.2866   0.0414   79.33     71    Success 
    69      -32.0348    14.9144      0.4790   0.0043   70.77     72    Success 
    70      -32.7055     6.3271      0.6707   0.0124   73.27     73    Success 
    71      -33.0471    10.0302      0.3416   0.0165   73.03     74    Success 
    72      -33.1936    16.5062      0.1464   0.0169   80.48     75    Success 
    73      -33.4231     9.0467      0.2295   0.0040   75.72     76    Success 
    74      -33.7260     7.8842      0.3030   0.0130   77.84     77    Success 
    75      -33.9538     9.3261      0.2278   0.0095   77.08     78    Success 
    76      -34.2834     8.6248      0.3296   0.0179   81.28     79    Success 
    77      -34.3943    16.8998      0.1109   0.0220   78.89     80    Success 
    78      -34.5780    10.5186      0.1837   0.0025   73.34     81    Success 
    79      -34.7729     5.4501      0.1948   0.0092   77.85     82    Success 
    80      -34.8325     5.5762      0.0596   0.0045   79.42     83    Success 
    81      -34.9296     4.5948      0.0972   0.0033   68.90     84    Success 
    82      -35.0689     4.7670      0.1392   0.0071   70.71     85    Success 
    83      -35.1802     6.7216      0.1113   0.0113   73.27     86    Success 
    84      -35.2590     3.9597      0.0788   0.0064   80.03     87    Success 
    85      -35.3063     2.7453      0.0474   0.0026   69.31     88    Success 
    86      -35.3516     3.1197      0.0452   0.0044   67.58     89    Success 
    87      -35.3711     4.8322      0.0195   0.0034   70.48     90    Success 
    88      -35.3937     2.0832      0.0226   0.0020   78.74     91    Success 
    89      -35.4043     1.2549      0.0106   0.0013   70.66     92    Success 
    90      -35.4114     1.2733      0.0071   0.0009   61.68     93    Success 
    91      -35.4229     1.2862      0.0114   0.0012   59.79     94    Success 
    92      -35.4395     1.7052      0.0167   0.0025   66.33     95    Success 
    93      -35.4515     2.9887      0.0120   0.0042   74.93     96    Success 
    94      -35.4632     1.6575      0.0117   0.0013   72.64     97    Success 
    95      -35.4691     1.1757      0.0060   0.0005   60.41     98    Success 
    96      -35.4768     1.1579      0.0076   0.0011   63.21     99    Success 
    97      -35.4859     1.7309      0.0092   0.0025   73.78    100    Success 
    98      -35.4944     1.1459      0.0085   0.0025   80.57    101    Success 
    99      -35.4999     0.7727      0.0056   0.0020   78.08    102    Success 
   100      -35.5033     0.8081      0.0034   0.0015   73.56    103    Success 
   101      -35.5050     1.5329      0.0017   0.0010   68.03    104    Success 
   102      -35.5071     0.6729      0.0021   0.0004   75.96    105    Success 
   103      -35.5082     0.3868      0.0012   0.0005   73.05    106    Success 
   104      -35.5088     0.4212      0.0006   0.0003   71.79    107    Success 
   105      -35.5097     0.5172      0.0009   0.0004   69.96    108    Success 
   106      -35.5109     0.5054      0.0012   0.0007   74.60    109    Success 
   107      -35.5121     0.4342      0.0012   0.0010   77.22    110    Success 
   108      -35.5129     0.4700      0.0007   0.0005   72.33    111    Success 
   109      -35.5135     0.3861      0.0006   0.0006   74.31    112    Success 
   110      -35.5138     0.3123      0.0003   0.0002   64.27    113    Success 
   111      -35.5140     0.2161      0.0002   0.0001   64.98    114    Success 
   112      -35.5143     0.1536      0.0003   0.0002   64.92    115    Success 
   113      -35.5145     0.1664      0.0002   0.0003   69.35    116    Success 
   114      -35.5146     0.3237      0.0001   0.0003   70.22    117    Success 
   115      -35.5147     0.1870      0.0002   0.0001   71.59    118    Success 
   116      -35.5149     0.1750      0.0001   0.0001   59.48    119    Success 
   117      -35.5150     0.1652      0.0001   0.0001   73.30    120    Success 
   118      -35.5150     0.1421      0.0001   0.0001   74.68    121    Success 
   119      -35.5152     0.1661      0.0001   0.0002   71.83    122    Success 
   120      -35.5153     0.0991      0.0001   0.0003   75.16    123    Success 
   121      -35.5153     0.0933      0.0000   0.0001   62.17    124    Success 
   122      -35.5154     0.0711      0.0000   0.0001   65.84    125    Success 
   123      -35.5154     0.0865      0.0000   0.0001   64.83    126    Success 
   124      -35.5154     0.1150      0.0000   0.0001   71.17    127    Success 
   125      -35.5155     0.0908      0.0000   0.0001   77.68    128    Success 
   126      -35.5155     0.0674      0.0000   0.0001   74.17    129    Success 
   127      -35.5155     0.0622      0.0000   0.0001   69.96    130    Success 
   128      -35.5156     0.0972      0.0000   0.0001   73.77    132    Success 
   129      -35.5156     0.0604      0.0000   0.0001   78.47    133    Success 
   130      -35.5156     0.0458      0.0000   0.0001   72.99    134    Success 
   131      -35.5156     0.0994      0.0000   0.0001   68.66    135    Success 
   132      -35.5156     0.0372      0.0000   0.0000   65.58    136    Success 
   133      -35.5156     0.0278      0.0000   0.0000   62.84    137    Success 
   134      -35.5156     0.0261      0.0000   0.0000   53.64    138    Success 
   135      -35.5156     0.0297      0.0000   0.0000   59.21    139    Success 
   136      -35.5156     0.0390      0.0000   0.0001   69.51    140    Success 
   137      -35.5156     0.0369      0.0000   0.0001   75.23    141    Success 
   138      -35.5156     0.0170      0.0000   0.0000   66.76    142    Success 
   139      -35.5156     0.0147      0.0000   0.0000   52.02    143    Success 
   140      -35.5156     0.0188      0.0000   0.0000   66.37    144    Success 
   141      -35.5156     0.0165      0.0000   0.0000   71.15    145    Success 
   142      -35.5156     0.0168      0.0000   0.0000   72.95    146    Success 
   143      -35.5156     0.0175      0.0000   0.0000   70.03    147    Success 
   144      -35.5156     0.0082      0.0000   0.0000   64.05    148    Success 
   145      -35.5156     0.0072      0.0000   0.0000   52.30    149    Success 
   146      -35.5156     0.0120      0.0000   0.0000   61.50    150    Success 
   147      -35.5156     0.0136      0.0000   0.0000   75.73    151    Success 
   148      -35.5156     0.0053      0.0000   0.0000   67.50    152    Success 
   149      -35.5156     0.0047      0.0000   0.0000   65.95    153    Success 
   150      -35.5156     0.0054      0.0000   0.0000   66.51    154    Success 
   151      -35.5156     0.0058      0.0000   0.0000   68.50    155    Success 
   152      -35.5156     0.0177      0.0000   0.0000   70.56    156    Success 
   153      -35.5156     0.0146      0.0000   0.0000   78.22    157    Success 
   154      -35.5156     0.0092      0.0000   0.0000   78.24    158    Success 
   155      -35.5156     0.0045      0.0000   0.0000   77.29    159    Success 
   156      -35.5156     0.0051      0.0000   0.0000   74.79    160    Success 
   157      -35.5156     0.0062      0.0000   0.0000   75.22    161    Success 
   158      -35.5156     0.0065      0.0000   0.0000   78.58    162    Success 
   159      -35.5156     0.0035      0.0000   0.0000   80.12    163    Success 
   160      -35.5156     0.0031      0.0000   0.0000   71.11    164    Success 
   161      -35.5156     0.0034      0.0000   0.0000   66.33    165    Success 
   162      -35.5156     0.0080      0.0000   0.0000   73.86    166    Success 
   163      -35.5156     0.0035      0.0000   0.0000   71.14    167    Success 
   164      -35.5156     0.0023      0.0000   0.0000   67.44    168    Success 
   165      -35.5156     0.0031      0.0000   0.0000   72.80    169    Success 
   166      -35.5156     0.0035      0.0000   0.0000   78.41    170    Success 
   167      -35.5156     0.0041      0.0000   0.0000   77.70    171    Success 
   168      -35.5156     0.0054      0.0000   0.0000   81.09    172    Success 
   169      -35.5156     0.0042      0.0000   0.0000   77.70    173    Success 
   170      -35.5156     0.0021      0.0000   0.0000   79.16    174    Success 
   171      -35.5156     0.0014      0.0000   0.0000   69.55    175    Success 
   172      -35.5156     0.0013      0.0000   0.0000   67.56    176    Success 
   173      -35.5156     0.0015      0.0000   0.0000   67.64    177    Success 
   174      -35.5156     0.0012      0.0000   0.0000   73.30    178    Success 
   175      -35.5156     0.0021      0.0000   0.0000   74.03    179    Success 
   176      -35.5156     0.0010      0.0000   0.0000   79.95    180    Success 
   177      -35.5156     0.0009      0.0000   0.0000   60.99    181   SmallGrad

 LBFGS  --  Normal Termination due to SmallGrad

 Final Function Value :          -35.5156
 Final RMS Gradient :              0.0009
 Final Gradient Norm :             0.0037
