
     ######################################################################
   ##########################################################################
  ###                                                                      ###
 ###            Tinker  ---  Software Tools for Molecular Design            ###
 ##                                                                          ##
 ##                          Version 8.7  June 2019                          ##
 ##                                                                          ##
 ##               Copyright (c)  Jay William Ponder  1990-2019               ##
 ###                           All Rights Reserved                          ###
  ###                                                                      ###
   ##########################################################################
     ######################################################################


 Additional Atom Definition Parameters :

     Type  Class  Symbol  Description               Atomic    Mass   Valence

     403    403     N     ModifiedRes                  7     14.007     3
     412    412     H     ModifiedRes                  1      1.008     1
     401    401     C     ModifiedRes                  6     12.011     4
     410    410     H     ModifiedRes                  1      1.008     1
     404    404     C     ModifiedRes                  6     12.011     3
     411    411     O     ModifiedRes                  8     15.999     1
     402    402     C     ModifiedRes                  6     12.011     4
     407    407     S     ModifiedRes                 16     32.066     2
     408    408     C     ModifiedRes                  6     12.011     2
     416    416     N     ModifiedRes                  7     14.007     1
     409    409     H     ModifiedRes                  1      1.008     1
     406    406     C     ModifiedRes                  6     12.011     3
     413    413     O     ModifiedRes                  8     15.999     1
     405    405     N     ModifiedRes                  7     14.007     3
     414    414     H     ModifiedRes                  1      1.008     1
     415    415     H     ModifiedRes                  1      1.008     1

 Additional Bond Stretching Parameters :

     Atom Classes             K(S)         Length

       401 403             374.800         1.4589
       403 406             482.000         1.3610
       403 412             542.000         1.0150
       401 410             341.000         1.0957
       401 404             345.300         1.5388
       401 402             345.300         1.5181
       404 405             482.000         1.3572
       404 411             705.000         1.2314
       402 409             395.500         1.0914
       402 407             235.800         1.8318
       407 408             235.800         1.6971
       408 416             450.000         1.1861
       406 413             705.000         1.2330
       406 414             356.400         1.1017
       405 415             542.000         1.0125

 Additional Angle Bending Parameters :

     Atom Classes             K(B)          Angle

     403 406 413            60.000        124.094
     401 403 412            35.000        118.942
     406 403 412            35.000        118.838
     401 404 405            70.000        113.359
     401 404 411            80.000        121.700
     401 402 407            53.200        108.210
     401 403 406            50.000        121.364
     404 401 410            38.000        109.343
     402 401 410            38.000        110.332
     403 401 410            50.600        106.311
     402 401 404            60.000        109.451
     403 401 404            80.000        110.698
     402 401 403            80.000        110.661
     402 407 408            60.430         97.779
     407 408 416            60.000        178.379
     409 402 409            39.570        108.414
     401 402 409            42.440        109.507
     407 402 409            60.240        109.536
     405 404 411            60.000        124.942
     413 406 414            68.340        122.634
     403 406 414            31.650        113.263
     415 405 415            22.300        119.362
     404 405 415            35.000        117.511

 Additional Stretch-Bend Parameters :

     Atom Classes          K(SB)-1        K(SB)-2

     401 403 412             4.300          7.200
     406 403 412             4.300          7.200
     401 404 405            18.700         18.700
     401 402 407            18.700         18.700
     401 403 406             7.200          7.200
     404 401 410            11.500         18.700
     402 401 410            11.500         18.700
     403 401 410            11.500         11.500
     402 401 404            18.700         18.700
     403 401 404            18.700         18.700
     402 401 403            18.700         18.700
     402 407 408            -5.750         -5.750
     401 402 409            11.500         11.500
     407 402 409            11.500         11.500
     403 406 414            11.500         11.500
     404 405 415             4.300          7.200
     415 405 415             4.300          7.200
     401 404 411            18.700         18.700
     413 406 414            11.500         11.500

 Additional Out-of-Plane Bend Parameters :

     Atom Classes                   K(OPB)

     401 403   0   0                14.400
     401 404   0   0                14.400
     403 406   0   0               107.910
     404 405   0   0                71.940
     405 404   0   0               107.910
     406 403   0   0                71.940
     411 404   0   0               122.298
     412 403   0   0                 5.755
     413 406   0   0               122.298
     414 406   0   0               140.283
     415 405   0   0                 5.755

 Additional Torsional Parameters :

     Atom Classes     1-Fold    2-Fold    3-Fold    4-Fold    5-Fold    6-Fold

   403 401 404 405   0.00   0  0.00 180  0.00   0  0.00   0  0.00   0  0.00   0
   403 401 404 411   0.00   0  0.00 180  0.00   0  0.00   0  0.00   0  0.00   0
   403 401 402 409   0.00   0  0.00 180  0.00   0  0.00   0  0.00   0  0.00   0
   403 401 402 407   0.00   0  0.00 180  0.00   0  0.00   0  0.00   0  0.00   0
   410 401 403 412   0.00   0  0.00 180  0.00   0  0.00   0  0.00   0  0.00   0
   404 401 403 412   0.00   0  0.00 180  0.00   0  0.00   0  0.00   0  0.00   0
   402 401 403 412   0.00   0  0.00 180  0.00   0  0.00   0  0.00   0  0.00   0
   412 403 406 413   0.00   0  0.00 180  0.00   0  0.00   0  0.00   0  0.00   0
   412 403 406 414   0.00   0  0.00 180  0.00   0  0.00   0  0.00   0  0.00   0
   401 404 405 415   0.00   0  1.20 180  0.80   0  0.00   0  0.00   0  0.00   0
   401 402 407 408   0.00   0  0.00 180  0.00   0  0.00   0  0.00   0  0.00   0
   401 403 406 413   0.00   0  0.00 180  0.00   0  0.00   0  0.00   0  0.00   0
   401 403 406 414   0.00   0  0.00 180  0.00   0  0.00   0  0.00   0  0.00   0
   410 401 404 405   0.00   0  0.00 180  0.00   0  0.00   0  0.00   0  0.00   0
   410 401 404 411   0.00   0  0.00 180  0.00   0  0.00   0  0.00   0  0.00   0
   410 401 402 409   0.00   0  0.00 180  0.00   0  0.00   0  0.00   0  0.00   0
   410 401 402 407   0.00   0  0.00 180  0.00   0  0.00   0  0.00   0  0.00   0
   410 401 403 406   0.00   0  0.00 180  0.00   0  0.00   0  0.00   0  0.00   0
   404 401 402 409   0.00   0  0.00 180  0.00   0  0.00   0  0.00   0  0.00   0
   404 401 402 407   0.00   0  0.00 180  0.00   0  0.00   0  0.00   0  0.00   0
   404 401 403 406   0.00   0  0.00 180  0.00   0  0.00   0  0.00   0  0.00   0
   411 404 405 415   0.00   0  0.00 180  0.00   0  0.00   0  0.00   0  0.00   0
   402 401 404 411   0.00   0  0.00 180  0.00   0  0.00   0  0.00   0  0.00   0
   402 401 404 405   0.00   0  0.00 180  0.00   0  0.00   0  0.00   0  0.00   0
   402 401 403 406   0.00   0  0.00 180  0.00   0  0.00   0  0.00   0  0.00   0
   402 407 408 416   0.00   0  0.00 180  0.50   0  0.00   0  0.00   0  0.00   0
   409 402 407 408   0.00   0  0.00 180  0.00   0  0.00   0  0.00   0  0.00   0

 Additional Pi-Orbital Torsion Parameters :

     Atom Classes       2-Fold

       404 405           6.850
       403 406           6.850

 Additional van der Waals Parameters :

     Atom Class               Size        Epsilon        Reduction

         403                3.7100         0.1100          0.000
         412                2.5900         0.0220          0.900
         401                3.6500         0.1010          0.000
         410                2.8800         0.0240          0.910
         404                3.8200         0.1060          0.000
         411                3.3000         0.1120          0.000
         402                3.7800         0.1060          0.000
         407                4.0050         0.3550          0.000
         408                3.7800         0.1060          0.000
         416                3.7100         0.1050          0.000
         409                2.8700         0.0330          0.900
         406                3.8200         0.1060          0.000
         413                3.3000         0.1120          0.000
         405                3.7100         0.1100          0.000
         414                2.9200         0.0300          0.920
         415                2.5900         0.0220          0.900

 Additional Atomic Multipole Parameters :

     Atom Type     Coordinate Frame Definition         Multipole Moments

         401      403    404      0   Z-then-X    -0.27040
                                                  -0.22190  0.00000  0.26102
                                                  -0.17903
                                                   0.00000 -0.24517
                                                   0.13675  0.00000  0.42420

         402      407    401      0   Z-then-X    -0.16380
                                                   0.27778  0.00000 -0.20334
                                                   0.30211
                                                   0.00000 -0.49081
                                                  -0.33263  0.00000  0.18870

         403      406    401      0   Z-then-X    -0.06286
                                                   0.37348  0.00000 -0.12295
                                                   0.79149
                                                   0.00000 -1.08676
                                                  -0.63736  0.00000  0.29527

         404      411    405      0   Z-then-X     0.97419
                                                  -0.10999  0.00000  0.25580
                                                   0.38321
                                                   0.00000 -0.33696
                                                  -0.17133  0.00000 -0.04625

         405      404    415      0   Z-then-X    -0.32376
                                                   0.05823  0.00000 -0.07138
                                                   0.32176
                                                   0.00000 -0.38869
                                                  -0.03945  0.00000  0.06693

         406      413    403      0   Z-then-X     0.63075
                                                   0.40149  0.00000  0.25741
                                                  -0.01797
                                                   0.00000  0.01503
                                                   0.00873  0.00000  0.00294

         407      408    402      0   Z-then-X     0.34019
                                                   0.47821  0.00000  0.49978
                                                   1.11919
                                                   0.00000 -2.31639
                                                  -0.50667  0.00000  1.19720

         408      407    416      0   Z-then-X     0.21608
                                                   0.00820  0.00000 -0.28509
                                                   0.05369
                                                   0.00000  0.10740
                                                   0.05156  0.00000 -0.16109

         409      402    407      0   Z-then-X     0.09933
                                                   0.00064  0.00000 -0.16410
                                                   0.07960
                                                   0.00000  0.07569
                                                  -0.01944  0.00000 -0.15529

         410      401    403      0   Z-then-X     0.10718
                                                  -0.02083  0.00000 -0.03604
                                                  -0.03187
                                                   0.00000  0.01466
                                                  -0.01392  0.00000  0.01721

         411      404    405      0   Z-then-X    -0.77613
                                                   0.13027  0.00000 -0.18830
                                                  -0.53109
                                                   0.00000  0.25725
                                                   0.21601  0.00000  0.27384

         412      403    401      0   Z-then-X     0.11911
                                                   0.01244  0.00000 -0.25689
                                                   0.04573
                                                   0.00000  0.01640
                                                  -0.00301  0.00000 -0.06213

         413      406    403      0   Z-then-X    -0.66614
                                                  -0.21394  0.00000 -0.03273
                                                  -0.49754
                                                   0.00000  0.12402
                                                  -0.24547  0.00000  0.37352

         414      406    413      0   Z-then-X    -0.02624
                                                   0.07068  0.00000 -0.22870
                                                   0.12255
                                                   0.00000  0.03666
                                                   0.03118  0.00000 -0.15921

         415      405    404      0   Z-then-X     0.13248
                                                   0.00045  0.00000 -0.38308
                                                   0.28470
                                                   0.00000  0.12111
                                                   0.01221  0.00000 -0.40581

         416      408    407      0   Z-then-X    -0.56179
                                                   0.01684  0.00000 -0.29231
                                                   0.37390
                                                   0.00000  0.24558
                                                   0.00671  0.00000 -0.61948

 Additional Atomic Dipole Polarizability Parameters :

     Atom Type           Alpha       Thole     Group Atom Types

         403             1.073       0.390         412  401  406
         412             0.496       0.390         403
         401             1.334       0.390         403  410  404  402
         410             0.496       0.390         401
         404             1.334       0.390         401  411  405
         411             0.837       0.390         404
         402             1.334       0.390         401  407  409
         407             3.300       0.390         402  408
         408             1.334       0.390         407  416
         416             1.073       0.390         408
         409             0.496       0.390         402
         406             1.334       0.390         403  413  414
         413             0.837       0.390         406
         405             1.073       0.390         404  415
         414             0.494       0.390         406
         415             0.496       0.390         405

 Limited Memory BFGS Quasi-Newton Optimization :

 QN Iter     F Value      G RMS      F Move   X Move   Angle  FG Call  Comment

     0       85.1034   322.2943                                   1
     1       24.9144   118.7051     60.1889   0.0982    0.00      2    Success 
     2        7.9602   137.4962     16.9542   0.0227    1.82      3    Success 
     3       -5.0283    71.1792     12.9885   0.0127   41.73      4    Success 
     4      -10.4762    57.7882      5.4479   0.0073   45.03      5    Success 
     5      -19.2454    46.4541      8.7692   0.0150   45.58      6    Success 
     6      -27.4927    48.6696      8.2473   0.0319   48.93      7    Success 
     7      -29.9576    17.7787      2.4649   0.0097   54.45      9    Success 
     8      -30.3901    11.9585      0.4326   0.0021   36.47     10    Success 
     9      -31.0415    14.4624      0.6514   0.0050   36.36     11    Success 
    10      -31.9420    21.5407      0.9005   0.0090   59.85     12    Success 
    11      -33.2448    22.2102      1.3028   0.0153   72.36     13    Success 
    12      -34.3695    18.6127      1.1248   0.0225   74.70     14    Success 
    13      -34.8039     9.8968      0.4343   0.0106   67.06     15    Success 
    14      -35.0490     6.1569      0.2451   0.0076   61.83     16    Success 
    15      -35.2655     6.2816      0.2165   0.0052   49.82     17    Success 
    16      -35.4368     6.2520      0.1713   0.0058   69.77     18    Success 
    17      -35.6585     4.2673      0.2217   0.0096   71.43     19    Success 
    18      -35.7455     8.8450      0.0870   0.0083   63.70     20    Success 
    19      -35.8622     4.3858      0.1167   0.0019   56.28     21    Success 
    20      -35.9716     4.3801      0.1094   0.0034   57.91     22    Success 
    21      -36.1284     5.6885      0.1567   0.0073   68.16     23    Success 
    22      -36.3484     5.8451      0.2200   0.0115   75.67     24    Success 
    23      -36.4850    15.2321      0.1367   0.0186   76.99     25    Success 
    24      -36.6702     7.0698      0.1852   0.0051   78.82     26    Success 
    25      -36.7854     3.6413      0.1152   0.0039   68.77     27    Success 
    26      -36.8514     4.0809      0.0660   0.0043   72.95     28    Success 
    27      -36.9583     3.8477      0.1070   0.0066   74.19     29    Success 
    28      -37.0897     4.4315      0.1313   0.0117   74.75     30    Success 
    29      -37.1157     8.5854      0.0260   0.0109   77.10     31    Success 
    30      -37.1575     5.5533      0.0419   0.0010   70.51     32    Success 
    31      -37.1993     1.9284      0.0418   0.0025   73.47     33    Success 
    32      -37.2138     2.1283      0.0145   0.0007   47.32     34    Success 
    33      -37.2390     2.4398      0.0252   0.0014   57.17     35    Success 
    34      -37.2768     2.7739      0.0378   0.0033   69.82     36    Success 
    35      -37.3182     2.9138      0.0414   0.0061   75.58     37    Success 
    36      -37.3389     2.1471      0.0207   0.0029   78.16     38    Success 
    37      -37.3587     1.8742      0.0198   0.0032   76.77     39    Success 
    38      -37.3743     1.8326      0.0156   0.0019   67.55     40    Success 
    39      -37.3891     1.8692      0.0148   0.0022   70.86     41    Success 
    40      -37.4048     1.6476      0.0157   0.0017   69.93     42    Success 
    41      -37.4250     1.4374      0.0202   0.0030   69.66     43    Success 
    42      -37.4295     2.4634      0.0045   0.0032   72.76     44    Success 
    43      -37.4364     1.3463      0.0069   0.0002   35.13     45    Success 
    44      -37.4419     0.7336      0.0055   0.0005   44.32     46    Success 
    45      -37.4447     0.8743      0.0028   0.0005   59.84     47    Success 
    46      -37.4492     0.9113      0.0045   0.0009   67.55     48    Success 
    47      -37.4514     1.6547      0.0022   0.0008   70.32     50    Success 
    48      -37.4548     1.0280      0.0034   0.0009   80.24     51    Success 
    49      -37.4578     0.5081      0.0030   0.0012   77.51     52    Success 
    50      -37.4595     0.5626      0.0017   0.0006   66.84     53    Success 
    51      -37.4620     0.6522      0.0026   0.0008   65.58     54    Success 
    52      -37.4642     1.2412      0.0022   0.0013   70.40     55    Success 
    53      -37.4667     0.5957      0.0024   0.0006   74.30     56    Success 
    54      -37.4682     0.4851      0.0015   0.0004   60.42     57    Success 
    55      -37.4697     0.6034      0.0016   0.0006   62.66     58    Success 
    56      -37.4708     0.8573      0.0011   0.0010   76.46     59    Success 
    57      -37.4717     0.4442      0.0009   0.0004   76.78     60    Success 
    58      -37.4723     0.3503      0.0006   0.0003   68.15     61    Success 
    59      -37.4728     0.2914      0.0005   0.0003   67.39     62    Success 
    60      -37.4734     0.2354      0.0006   0.0004   65.36     63    Success 
    61      -37.4739     0.3584      0.0005   0.0005   64.06     64    Success 
    62      -37.4741     0.3359      0.0002   0.0004   71.06     65    Success 
    63      -37.4743     0.1517      0.0002   0.0001   70.92     66    Success 
    64      -37.4744     0.1378      0.0001   0.0001   57.37     67    Success 
    65      -37.4746     0.1799      0.0002   0.0002   62.59     68    Success 
    66      -37.4748     0.2306      0.0003   0.0003   70.08     69    Success 
    67      -37.4751     0.2243      0.0003   0.0006   77.41     70    Success 
    68      -37.4754     0.1992      0.0003   0.0004   76.34     71    Success 
    69      -37.4756     0.2570      0.0002   0.0004   75.03     72    Success 
    70      -37.4758     0.2779      0.0002   0.0003   76.09     73    Success 
    71      -37.4759     0.1663      0.0001   0.0001   69.31     74    Success 
    72      -37.4761     0.1248      0.0001   0.0001   66.89     75    Success 
    73      -37.4761     0.1183      0.0001   0.0002   73.92     76    Success 
    74      -37.4763     0.1221      0.0001   0.0003   73.40     77    Success 
    75      -37.4763     0.3770      0.0000   0.0004   74.12     78    Success 
    76      -37.4764     0.2241      0.0001   0.0000   61.73     80    Success 
    77      -37.4765     0.0909      0.0001   0.0001   62.89     81    Success 
    78      -37.4765     0.1014      0.0000   0.0001   64.82     82    Success 
    79      -37.4766     0.1243      0.0001   0.0001   70.99     83    Success 
    80      -37.4766     0.2087      0.0000   0.0002   76.73     84    Success 
    81      -37.4766     0.0630      0.0000   0.0000   67.88     85    Success 
    82      -37.4767     0.0466      0.0000   0.0000   66.59     86    Success 
    83      -37.4767     0.0547      0.0000   0.0000   65.22     87    Success 
    84      -37.4767     0.0596      0.0000   0.0000   66.63     88    Success 
    85      -37.4767     0.0619      0.0000   0.0001   69.02     89    Success 
    86      -37.4767     0.1215      0.0000   0.0001   71.21     90    Success 
    87      -37.4767     0.0764      0.0000   0.0001   82.04     91    Success 
    88      -37.4767     0.0315      0.0000   0.0001   80.16     92    Success 
    89      -37.4768     0.0357      0.0000   0.0000   69.12     93    Success 
    90      -37.4768     0.0487      0.0000   0.0001   70.48     94    Success 
    91      -37.4768     0.0775      0.0000   0.0001   76.61     95    Success 
    92      -37.4768     0.0556      0.0000   0.0000   76.36     96    Success 
    93      -37.4768     0.0363      0.0000   0.0000   70.55     97    Success 
    94      -37.4768     0.0608      0.0000   0.0001   67.96     98    Success 
    95      -37.4768     0.0406      0.0000   0.0000   79.35     99    Success 
    96      -37.4768     0.0362      0.0000   0.0001   79.41    100    Success 
    97      -37.4768     0.0303      0.0000   0.0000   79.92    101    Success 
    98      -37.4768     0.0233      0.0000   0.0001   75.48    102    Success 
    99      -37.4768     0.0305      0.0000   0.0001   72.47    103    Success 
   100      -37.4768     0.0360      0.0000   0.0000   75.83    104    Success 
   101      -37.4768     0.0158      0.0000   0.0000   73.33    105    Success 
   102      -37.4768     0.0114      0.0000   0.0000   61.50    106    Success 
   103      -37.4768     0.0143      0.0000   0.0000   67.14    107    Success 
   104      -37.4768     0.0209      0.0000   0.0000   77.44    108    Success 
   105      -37.4768     0.0194      0.0000   0.0000   78.62    109    Success 
   106      -37.4768     0.0109      0.0000   0.0000   77.81    110    Success 
   107      -37.4768     0.0070      0.0000   0.0000   68.84    111    Success 
   108      -37.4768     0.0081      0.0000   0.0000   62.95    112    Success 
   109      -37.4768     0.0085      0.0000   0.0000   66.38    113    Success 
   110      -37.4768     0.0086      0.0000   0.0000   70.67    114    Success 
   111      -37.4768     0.0106      0.0000   0.0000   76.30    116    Success 
   112      -37.4768     0.0055      0.0000   0.0000   78.97    117    Success 
   113      -37.4768     0.0031      0.0000   0.0000   74.81    118    Success 
   114      -37.4768     0.0038      0.0000   0.0000   65.84    119    Success 
   115      -37.4768     0.0048      0.0000   0.0000   68.80    120    Success 
   116      -37.4768     0.0060      0.0000   0.0000   73.83    122    Success 
   117      -37.4768     0.0042      0.0000   0.0000   76.38    123    Success 
   118      -37.4768     0.0042      0.0000   0.0000   70.24    124    Success 
   119      -37.4768     0.0026      0.0000   0.0000   66.32    125    Success 
   120      -37.4768     0.0026      0.0000   0.0000   57.64    126    Success 
   121      -37.4768     0.0022      0.0000   0.0000   65.56    127    Success 
   122      -37.4768     0.0040      0.0000   0.0000   68.02    128    Success 
   123      -37.4768     0.0020      0.0000   0.0000   75.20    129    Success 
   124      -37.4768     0.0023      0.0000   0.0000   65.23    130    Success 
   125      -37.4768     0.0021      0.0000   0.0000   70.49    131    Success 
   126      -37.4768     0.0028      0.0000   0.0000   75.36    133    Success 
   127      -37.4768     0.0019      0.0000   0.0000   78.77    134    Success 
   128      -37.4768     0.0009      0.0000   0.0000   75.32    135   SmallGrad

 LBFGS  --  Normal Termination due to SmallGrad

 Final Function Value :          -37.4768
 Final RMS Gradient :              0.0009
 Final Gradient Norm :             0.0038
