
     ######################################################################
   ##########################################################################
  ###                                                                      ###
 ###            Tinker  ---  Software Tools for Molecular Design            ###
 ##                                                                          ##
 ##                          Version 8.7  June 2019                          ##
 ##                                                                          ##
 ##               Copyright (c)  Jay William Ponder  1990-2019               ##
 ###                           All Rights Reserved                          ###
  ###                                                                      ###
   ##########################################################################
     ######################################################################


 Additional Atom Definition Parameters :

     Type  Class  Symbol  Description               Atomic    Mass   Valence

     403    403     N     ModifiedRes                  7     14.007     3
     412    412     H     ModifiedRes                  1      1.008     1
     401    401     C     ModifiedRes                  6     12.011     4
     410    410     H     ModifiedRes                  1      1.008     1
     404    404     C     ModifiedRes                  6     12.011     3
     411    411     O     ModifiedRes                  8     15.999     1
     402    402     C     ModifiedRes                  6     12.011     4
     407    407     S     ModifiedRes                 16     32.066     2
     408    408     C     ModifiedRes                  6     12.011     2
     416    416     N     ModifiedRes                  7     14.007     1
     409    409     H     ModifiedRes                  1      1.008     1
     406    406     C     ModifiedRes                  6     12.011     3
     413    413     O     ModifiedRes                  8     15.999     1
     405    405     N     ModifiedRes                  7     14.007     3
     414    414     H     ModifiedRes                  1      1.008     1
     415    415     H     ModifiedRes                  1      1.008     1

 Additional Bond Stretching Parameters :

     Atom Classes             K(S)         Length

       401 403             374.800         1.4589
       403 406             482.000         1.3610
       403 412             542.000         1.0150
       401 410             341.000         1.0957
       401 404             345.300         1.5388
       401 402             345.300         1.5181
       404 405             482.000         1.3572
       404 411             705.000         1.2314
       402 409             395.500         1.0914
       402 407             235.800         1.8318
       407 408             235.800         1.6971
       408 416             450.000         1.1861
       406 413             705.000         1.2330
       406 414             356.400         1.1017
       405 415             542.000         1.0125

 Additional Angle Bending Parameters :

     Atom Classes             K(B)          Angle

     403 406 413            60.000        124.094
     401 403 412            35.000        118.942
     406 403 412            35.000        118.838
     401 404 405            70.000        113.359
     401 404 411            80.000        121.700
     401 402 407            53.200        108.210
     401 403 406            50.000        121.364
     404 401 410            38.000        109.343
     402 401 410            38.000        110.332
     403 401 410            50.600        106.311
     402 401 404            60.000        109.451
     403 401 404            80.000        110.698
     402 401 403            80.000        110.661
     402 407 408            60.430         97.779
     407 408 416            60.000        178.379
     409 402 409            39.570        108.414
     401 402 409            42.440        109.507
     407 402 409            60.240        109.536
     405 404 411            60.000        124.942
     413 406 414            68.340        122.634
     403 406 414            31.650        113.263
     415 405 415            22.300        119.362
     404 405 415            35.000        117.511

 Additional Stretch-Bend Parameters :

     Atom Classes          K(SB)-1        K(SB)-2

     401 403 412             4.300          7.200
     406 403 412             4.300          7.200
     401 404 405            18.700         18.700
     401 402 407            18.700         18.700
     401 403 406             7.200          7.200
     404 401 410            11.500         18.700
     402 401 410            11.500         18.700
     403 401 410            11.500         11.500
     402 401 404            18.700         18.700
     403 401 404            18.700         18.700
     402 401 403            18.700         18.700
     402 407 408            -5.750         -5.750
     401 402 409            11.500         11.500
     407 402 409            11.500         11.500
     403 406 414            11.500         11.500
     404 405 415             4.300          7.200
     415 405 415             4.300          7.200
     401 404 411            18.700         18.700
     413 406 414            11.500         11.500

 Additional Out-of-Plane Bend Parameters :

     Atom Classes                   K(OPB)

     401 403   0   0                14.400
     401 404   0   0                14.400
     403 406   0   0               107.910
     404 405   0   0                71.940
     405 404   0   0               107.910
     406 403   0   0                71.940
     411 404   0   0               122.298
     412 403   0   0                 5.755
     413 406   0   0               122.298
     414 406   0   0               140.283
     415 405   0   0                 5.755

 Additional Torsional Parameters :

     Atom Classes     1-Fold    2-Fold    3-Fold    4-Fold    5-Fold    6-Fold

   403 401 404 405   0.00   0  0.00 180  0.00   0  0.00   0  0.00   0  0.00   0
   403 401 404 411   0.00   0  0.00 180  0.00   0  0.00   0  0.00   0  0.00   0
   403 401 402 409   0.00   0  0.00 180  0.00   0  0.00   0  0.00   0  0.00   0
   403 401 402 407   0.00   0  0.00 180  0.00   0  0.00   0  0.00   0  0.00   0
   410 401 403 412   0.00   0  0.00 180  0.00   0  0.00   0  0.00   0  0.00   0
   404 401 403 412   0.00   0  0.00 180  0.00   0  0.00   0  0.00   0  0.00   0
   402 401 403 412   0.00   0  0.00 180  0.00   0  0.00   0  0.00   0  0.00   0
   412 403 406 413   0.00   0  0.00 180  0.00   0  0.00   0  0.00   0  0.00   0
   412 403 406 414   0.00   0  0.00 180  0.00   0  0.00   0  0.00   0  0.00   0
   401 404 405 415   0.00   0  1.20 180  0.80   0  0.00   0  0.00   0  0.00   0
   401 402 407 408   0.00   0  0.00 180  0.00   0  0.00   0  0.00   0  0.00   0
   401 403 406 413   0.00   0  0.00 180  0.00   0  0.00   0  0.00   0  0.00   0
   401 403 406 414   0.00   0  0.00 180  0.00   0  0.00   0  0.00   0  0.00   0
   410 401 404 405   0.00   0  0.00 180  0.00   0  0.00   0  0.00   0  0.00   0
   410 401 404 411   0.00   0  0.00 180  0.00   0  0.00   0  0.00   0  0.00   0
   410 401 402 409   0.00   0  0.00 180  0.00   0  0.00   0  0.00   0  0.00   0
   410 401 402 407   0.00   0  0.00 180  0.00   0  0.00   0  0.00   0  0.00   0
   410 401 403 406   0.00   0  0.00 180  0.00   0  0.00   0  0.00   0  0.00   0
   404 401 402 409   0.00   0  0.00 180  0.00   0  0.00   0  0.00   0  0.00   0
   404 401 402 407   0.00   0  0.00 180  0.00   0  0.00   0  0.00   0  0.00   0
   404 401 403 406   0.00   0  0.00 180  0.00   0  0.00   0  0.00   0  0.00   0
   411 404 405 415   0.00   0  0.00 180  0.00   0  0.00   0  0.00   0  0.00   0
   402 401 404 411   0.00   0  0.00 180  0.00   0  0.00   0  0.00   0  0.00   0
   402 401 404 405   0.00   0  0.00 180  0.00   0  0.00   0  0.00   0  0.00   0
   402 401 403 406   0.00   0  0.00 180  0.00   0  0.00   0  0.00   0  0.00   0
   402 407 408 416   0.00   0  0.00 180  0.50   0  0.00   0  0.00   0  0.00   0
   409 402 407 408   0.00   0  0.00 180  0.00   0  0.00   0  0.00   0  0.00   0

 Additional Pi-Orbital Torsion Parameters :

     Atom Classes       2-Fold

       404 405           6.850
       403 406           6.850

 Additional van der Waals Parameters :

     Atom Class               Size        Epsilon        Reduction

         403                3.7100         0.1100          0.000
         412                2.5900         0.0220          0.900
         401                3.6500         0.1010          0.000
         410                2.8800         0.0240          0.910
         404                3.8200         0.1060          0.000
         411                3.3000         0.1120          0.000
         402                3.7800         0.1060          0.000
         407                4.0050         0.3550          0.000
         408                3.7800         0.1060          0.000
         416                3.7100         0.1050          0.000
         409                2.8700         0.0330          0.900
         406                3.8200         0.1060          0.000
         413                3.3000         0.1120          0.000
         405                3.7100         0.1100          0.000
         414                2.9200         0.0300          0.920
         415                2.5900         0.0220          0.900

 Additional Atomic Multipole Parameters :

     Atom Type     Coordinate Frame Definition         Multipole Moments

         401      403    404      0   Z-then-X    -0.27040
                                                  -0.22190  0.00000  0.26102
                                                  -0.17903
                                                   0.00000 -0.24517
                                                   0.13675  0.00000  0.42420

         402      407    401      0   Z-then-X    -0.16380
                                                   0.27778  0.00000 -0.20334
                                                   0.30211
                                                   0.00000 -0.49081
                                                  -0.33263  0.00000  0.18870

         403      406    401      0   Z-then-X    -0.06286
                                                   0.37348  0.00000 -0.12295
                                                   0.79149
                                                   0.00000 -1.08676
                                                  -0.63736  0.00000  0.29527

         404      411    405      0   Z-then-X     0.97419
                                                  -0.10999  0.00000  0.25580
                                                   0.38321
                                                   0.00000 -0.33696
                                                  -0.17133  0.00000 -0.04625

         405      404    415      0   Z-then-X    -0.32376
                                                   0.05823  0.00000 -0.07138
                                                   0.32176
                                                   0.00000 -0.38869
                                                  -0.03945  0.00000  0.06693

         406      413    403      0   Z-then-X     0.63075
                                                   0.40149  0.00000  0.25741
                                                  -0.01797
                                                   0.00000  0.01503
                                                   0.00873  0.00000  0.00294

         407      408    402      0   Z-then-X     0.34019
                                                   0.47821  0.00000  0.49978
                                                   1.11919
                                                   0.00000 -2.31639
                                                  -0.50667  0.00000  1.19720

         408      407    416      0   Z-then-X     0.21608
                                                   0.00820  0.00000 -0.28509
                                                   0.05369
                                                   0.00000  0.10740
                                                   0.05156  0.00000 -0.16109

         409      402    407      0   Z-then-X     0.09933
                                                   0.00064  0.00000 -0.16410
                                                   0.07960
                                                   0.00000  0.07569
                                                  -0.01944  0.00000 -0.15529

         410      401    403      0   Z-then-X     0.10718
                                                  -0.02083  0.00000 -0.03604
                                                  -0.03187
                                                   0.00000  0.01466
                                                  -0.01392  0.00000  0.01721

         411      404    405      0   Z-then-X    -0.77613
                                                   0.13027  0.00000 -0.18830
                                                  -0.53109
                                                   0.00000  0.25725
                                                   0.21601  0.00000  0.27384

         412      403    401      0   Z-then-X     0.11911
                                                   0.01244  0.00000 -0.25689
                                                   0.04573
                                                   0.00000  0.01640
                                                  -0.00301  0.00000 -0.06213

         413      406    403      0   Z-then-X    -0.66614
                                                  -0.21394  0.00000 -0.03273
                                                  -0.49754
                                                   0.00000  0.12402
                                                  -0.24547  0.00000  0.37352

         414      406    413      0   Z-then-X    -0.02624
                                                   0.07068  0.00000 -0.22870
                                                   0.12255
                                                   0.00000  0.03666
                                                   0.03118  0.00000 -0.15921

         415      405    404      0   Z-then-X     0.13248
                                                   0.00045  0.00000 -0.38308
                                                   0.28470
                                                   0.00000  0.12111
                                                   0.01221  0.00000 -0.40581

         416      408    407      0   Z-then-X    -0.56179
                                                   0.01684  0.00000 -0.29231
                                                   0.37390
                                                   0.00000  0.24558
                                                   0.00671  0.00000 -0.61948

 Additional Atomic Dipole Polarizability Parameters :

     Atom Type           Alpha       Thole     Group Atom Types

         403             1.073       0.390         412  401  406
         412             0.496       0.390         403
         401             1.334       0.390         403  410  404  402
         410             0.496       0.390         401
         404             1.334       0.390         401  411  405
         411             0.837       0.390         404
         402             1.334       0.390         401  407  409
         407             3.300       0.390         402  408
         408             1.334       0.390         407  416
         416             1.073       0.390         408
         409             0.496       0.390         402
         406             1.334       0.390         403  413  414
         413             0.837       0.390         406
         405             1.073       0.390         404  415
         414             0.494       0.390         406
         415             0.496       0.390         405

 Limited Memory BFGS Quasi-Newton Optimization :

 QN Iter     F Value      G RMS      F Move   X Move   Angle  FG Call  Comment

     0      -28.6304    10.0078                                   1
     1      -29.0296    16.4161      0.3992   0.0044    0.00      3    Success 
     2      -29.2960    16.6202      0.2663   0.0038   58.59      4    Success 
     3      -29.5089    11.2330      0.2129   0.0016   58.56      5    Success 
     4      -29.8204     7.2207      0.3115   0.0040   58.50      6    Success 
     5      -30.0951     8.5717      0.2747   0.0053   56.48      7    Success 
     6      -30.4166     9.3860      0.3215   0.0069   66.18      8    Success 
     7      -30.6732    14.4371      0.2566   0.0107   69.12      9    Success 
     8      -30.9607     5.8641      0.2875   0.0060   71.41     10    Success 
     9      -31.0596     4.0317      0.0989   0.0021   47.63     11    Success 
    10      -31.1427     4.6504      0.0831   0.0028   50.10     12    Success 
    11      -31.2172     6.2147      0.0745   0.0038   62.97     13    Success 
    12      -31.2864     3.3761      0.0692   0.0028   69.91     14    Success 
    13      -31.3289     2.6881      0.0425   0.0023   63.00     15    Success 
    14      -31.3662     3.0061      0.0373   0.0023   63.66     16    Success 
    15      -31.4186     3.3174      0.0525   0.0034   66.01     17    Success 
    16      -31.4764     2.5951      0.0578   0.0052   70.93     18    Success 
    17      -31.5119     2.1672      0.0355   0.0025   64.90     19    Success 
    18      -31.5542     2.4318      0.0422   0.0035   61.42     20    Success 
    19      -31.5900     2.6582      0.0359   0.0034   68.64     21    Success 
    20      -31.6323     2.1731      0.0422   0.0046   72.56     22    Success 
    21      -31.6627     1.7157      0.0304   0.0035   70.47     23    Success 
    22      -31.6817     1.4288      0.0190   0.0025   67.75     24    Success 
    23      -31.6860     4.7386      0.0042   0.0023   64.81     25    Success 
    24      -31.6929     3.0265      0.0070   0.0002   57.54     26    Success 
    25      -31.7017     1.2904      0.0088   0.0004   49.72     27    Success 
    26      -31.7052     1.5407      0.0035   0.0004   64.53     28    Success 
    27      -31.7106     1.5135      0.0054   0.0009   74.34     29    Success 
    28      -31.7190     1.6072      0.0083   0.0016   75.61     30    Success 
    29      -31.7231     1.5844      0.0041   0.0008   68.02     32    Success 
    30      -31.7292     1.0494      0.0061   0.0015   78.71     33    Success 
    31      -31.7347     0.9617      0.0055   0.0016   72.89     34    Success 
    32      -31.7369     1.6116      0.0022   0.0017   73.24     35    Success 
    33      -31.7400     0.7304      0.0031   0.0003   61.40     36    Success 
    34      -31.7422     0.5677      0.0022   0.0004   55.17     37    Success 
    35      -31.7440     0.6192      0.0018   0.0005   61.77     38    Success 
    36      -31.7454     1.2571      0.0014   0.0009   68.79     39    Success 
    37      -31.7472     0.4880      0.0018   0.0006   78.27     40    Success 
    38      -31.7481     0.3751      0.0008   0.0003   67.67     41    Success 
    39      -31.7490     0.4493      0.0010   0.0004   63.97     42    Success 
    40      -31.7505     0.4634      0.0014   0.0006   67.33     43    Success 
    41      -31.7510     0.6290      0.0005   0.0005   74.65     45    Success 
    42      -31.7518     0.3691      0.0008   0.0004   74.91     46    Success 
    43      -31.7524     0.3059      0.0006   0.0004   68.77     47    Success 
    44      -31.7527     0.4950      0.0003   0.0004   67.12     48    Success 
    45      -31.7531     0.3386      0.0004   0.0001   64.54     49    Success 
    46      -31.7537     0.2072      0.0006   0.0003   67.24     50    Success 
    47      -31.7541     0.1992      0.0004   0.0005   67.44     51    Success 
    48      -31.7542     0.6485      0.0001   0.0003   68.67     52    Success 
    49      -31.7543     0.4653      0.0001   0.0001   78.26     53    Success 
    50      -31.7545     0.1658      0.0002   0.0001   73.44     54    Success 
    51      -31.7545     0.1363      0.0001   0.0001   65.24     55    Success 
    52      -31.7546     0.1473      0.0001   0.0001   68.14     56    Success 
    53      -31.7547     0.1719      0.0001   0.0001   70.09     57    Success 
    54      -31.7547     0.2763      0.0001   0.0002   69.10     58    Success 
    55      -31.7549     0.1851      0.0001   0.0001   78.79     59    Success 
    56      -31.7550     0.0816      0.0001   0.0002   74.94     60    Success 
    57      -31.7550     0.0725      0.0000   0.0001   65.87     61    Success 
    58      -31.7550     0.0832      0.0000   0.0000   60.66     63    Success 
    59      -31.7550     0.0399      0.0000   0.0000   62.10     64    Success 
    60      -31.7551     0.0372      0.0000   0.0000   57.68     65    Success 
    61      -31.7551     0.0359      0.0000   0.0000   62.61     66    Success 
    62      -31.7551     0.0409      0.0000   0.0001   67.59     67    Success 
    63      -31.7551     0.0669      0.0000   0.0001   69.15     68    Success 
    64      -31.7551     0.0326      0.0000   0.0000   70.89     69    Success 
    65      -31.7551     0.0286      0.0000   0.0000   63.15     70    Success 
    66      -31.7551     0.0342      0.0000   0.0001   66.11     71    Success 
    67      -31.7551     0.0431      0.0000   0.0000   72.11     73    Success 
    68      -31.7551     0.0223      0.0000   0.0000   75.24     74    Success 
    69      -31.7551     0.0191      0.0000   0.0000   63.55     75    Success 
    70      -31.7551     0.0239      0.0000   0.0000   64.07     76    Success 
    71      -31.7551     0.0383      0.0000   0.0000   70.13     77    Success 
    72      -31.7551     0.0383      0.0000   0.0000   77.47     78    Success 
    73      -31.7551     0.0164      0.0000   0.0000   70.97     79    Success 
    74      -31.7551     0.0178      0.0000   0.0000   56.61     80    Success 
    75      -31.7551     0.0227      0.0000   0.0000   66.06     81    Success 
    76      -31.7551     0.0204      0.0000   0.0000   72.62     82    Success 
    77      -31.7551     0.0271      0.0000   0.0001   75.75     83    Success 
    78      -31.7551     0.0126      0.0000   0.0000   53.02     84    Success 
    79      -31.7551     0.0171      0.0000   0.0000   44.24     85    Success 
    80      -31.7551     0.0194      0.0000   0.0000   72.29     86    Success 
    81      -31.7551     0.0229      0.0000   0.0000   76.57     87    Success 
    82      -31.7551     0.0186      0.0000   0.0000   78.80     88    Success 
    83      -31.7551     0.0209      0.0000   0.0001   79.47     89    Success 
    84      -31.7551     0.0223      0.0000   0.0000   78.76     90    Success 
    85      -31.7551     0.0182      0.0000   0.0000   69.88     91    Success 
    86      -31.7551     0.0156      0.0000   0.0000   68.10     92    Success 
    87      -31.7551     0.0288      0.0000   0.0001   74.42     93    Success 
    88      -31.7551     0.0193      0.0000   0.0000   81.95     94    Success 
    89      -31.7551     0.0226      0.0000   0.0001   80.11     95    Success 
    90      -31.7551     0.0177      0.0000   0.0000   81.26     96    Success 
    91      -31.7551     0.0121      0.0000   0.0000   70.78     97    Success 
    92      -31.7551     0.0121      0.0000   0.0000   62.89     98    Success 
    93      -31.7551     0.0140      0.0000   0.0000   73.76     99    Success 
    94      -31.7551     0.0181      0.0000   0.0000   77.58    100    Success 
    95      -31.7551     0.0120      0.0000   0.0000   76.67    101    Success 
    96      -31.7551     0.0214      0.0000   0.0000   71.37    102    Success 
    97      -31.7551     0.0116      0.0000   0.0000   73.84    103    Success 
    98      -31.7551     0.0063      0.0000   0.0000   65.24    104    Success 
    99      -31.7551     0.0071      0.0000   0.0000   62.94    105    Success 
   100      -31.7552     0.0069      0.0000   0.0000   71.20    106    Success 
   101      -31.7552     0.0052      0.0000   0.0000   72.96    107    Success 
   102      -31.7552     0.0053      0.0000   0.0000   73.12    109    Success 
   103      -31.7552     0.0031      0.0000   0.0000   75.77    110    Success 
   104      -31.7552     0.0038      0.0000   0.0000   68.94    111    Success 
   105      -31.7552     0.0045      0.0000   0.0000   77.84    112    Success 
   106      -31.7552     0.0024      0.0000   0.0000   66.55    113    Success 
   107      -31.7552     0.0015      0.0000   0.0000   61.46    114    Success 
   108      -31.7552     0.0020      0.0000   0.0000   64.50    115    Success 
   109      -31.7552     0.0021      0.0000   0.0000   68.37    116    Success 
   110      -31.7552     0.0038      0.0000   0.0000   71.43    117    Success 
   111      -31.7552     0.0018      0.0000   0.0000   77.96    118    Success 
   112      -31.7552     0.0012      0.0000   0.0000   64.70    119    Success 
   113      -31.7552     0.0017      0.0000   0.0000   62.23    120    Success 
   114      -31.7552     0.0018      0.0000   0.0000   75.61    121    Success 
   115      -31.7552     0.0020      0.0000   0.0000   76.32    122    Success 
   116      -31.7552     0.0010      0.0000   0.0000   78.32    123    Success 
   117      -31.7552     0.0008      0.0000   0.0000   65.49    124   SmallGrad

 LBFGS  --  Normal Termination due to SmallGrad

 Final Function Value :          -31.7552
 Final RMS Gradient :              0.0008
 Final Gradient Norm :             0.0032
