
     ######################################################################
   ##########################################################################
  ###                                                                      ###
 ###            Tinker  ---  Software Tools for Molecular Design            ###
 ##                                                                          ##
 ##                          Version 8.7  June 2019                          ##
 ##                                                                          ##
 ##               Copyright (c)  Jay William Ponder  1990-2019               ##
 ###                           All Rights Reserved                          ###
  ###                                                                      ###
   ##########################################################################
     ######################################################################


 Additional Atom Definition Parameters :

     Type  Class  Symbol  Description               Atomic    Mass   Valence

     403    403     N     ModifiedRes                  7     14.007     3
     412    412     H     ModifiedRes                  1      1.008     1
     401    401     C     ModifiedRes                  6     12.011     4
     410    410     H     ModifiedRes                  1      1.008     1
     404    404     C     ModifiedRes                  6     12.011     3
     411    411     O     ModifiedRes                  8     15.999     1
     402    402     C     ModifiedRes                  6     12.011     4
     407    407     S     ModifiedRes                 16     32.066     2
     408    408     C     ModifiedRes                  6     12.011     2
     416    416     N     ModifiedRes                  7     14.007     1
     409    409     H     ModifiedRes                  1      1.008     1
     406    406     C     ModifiedRes                  6     12.011     3
     413    413     O     ModifiedRes                  8     15.999     1
     405    405     N     ModifiedRes                  7     14.007     3
     414    414     H     ModifiedRes                  1      1.008     1
     415    415     H     ModifiedRes                  1      1.008     1

 Additional Bond Stretching Parameters :

     Atom Classes             K(S)         Length

       401 403             374.800         1.4589
       403 406             482.000         1.3610
       403 412             542.000         1.0150
       401 410             341.000         1.0957
       401 404             345.300         1.5388
       401 402             345.300         1.5181
       404 405             482.000         1.3572
       404 411             705.000         1.2314
       402 409             395.500         1.0914
       402 407             235.800         1.8318
       407 408             235.800         1.6971
       408 416             450.000         1.1861
       406 413             705.000         1.2330
       406 414             356.400         1.1017
       405 415             542.000         1.0125

 Additional Angle Bending Parameters :

     Atom Classes             K(B)          Angle

     403 406 413            60.000        124.094
     401 403 412            35.000        118.942
     406 403 412            35.000        118.838
     401 404 405            70.000        113.359
     401 404 411            80.000        121.700
     401 402 407            53.200        108.210
     401 403 406            50.000        121.364
     404 401 410            38.000        109.343
     402 401 410            38.000        110.332
     403 401 410            50.600        106.311
     402 401 404            60.000        109.451
     403 401 404            80.000        110.698
     402 401 403            80.000        110.661
     402 407 408            60.430         97.779
     407 408 416            60.000        178.379
     409 402 409            39.570        108.414
     401 402 409            42.440        109.507
     407 402 409            60.240        109.536
     405 404 411            60.000        124.942
     413 406 414            68.340        122.634
     403 406 414            31.650        113.263
     415 405 415            22.300        119.362
     404 405 415            35.000        117.511

 Additional Stretch-Bend Parameters :

     Atom Classes          K(SB)-1        K(SB)-2

     401 403 412             4.300          7.200
     406 403 412             4.300          7.200
     401 404 405            18.700         18.700
     401 402 407            18.700         18.700
     401 403 406             7.200          7.200
     404 401 410            11.500         18.700
     402 401 410            11.500         18.700
     403 401 410            11.500         11.500
     402 401 404            18.700         18.700
     403 401 404            18.700         18.700
     402 401 403            18.700         18.700
     402 407 408            -5.750         -5.750
     401 402 409            11.500         11.500
     407 402 409            11.500         11.500
     403 406 414            11.500         11.500
     404 405 415             4.300          7.200
     415 405 415             4.300          7.200
     401 404 411            18.700         18.700
     413 406 414            11.500         11.500

 Additional Out-of-Plane Bend Parameters :

     Atom Classes                   K(OPB)

     401 403   0   0                14.400
     401 404   0   0                14.400
     403 406   0   0               107.910
     404 405   0   0                71.940
     405 404   0   0               107.910
     406 403   0   0                71.940
     411 404   0   0               122.298
     412 403   0   0                 5.755
     413 406   0   0               122.298
     414 406   0   0               140.283
     415 405   0   0                 5.755

 Additional Torsional Parameters :

     Atom Classes     1-Fold    2-Fold    3-Fold    4-Fold    5-Fold    6-Fold

   403 401 404 405   0.00   0  0.00 180  0.00   0  0.00   0  0.00   0  0.00   0
   403 401 404 411   0.00   0  0.00 180  0.00   0  0.00   0  0.00   0  0.00   0
   403 401 402 409   0.00   0  0.00 180  0.00   0  0.00   0  0.00   0  0.00   0
   403 401 402 407   0.00   0  0.00 180  0.00   0  0.00   0  0.00   0  0.00   0
   410 401 403 412   0.00   0  0.00 180  0.00   0  0.00   0  0.00   0  0.00   0
   404 401 403 412   0.00   0  0.00 180  0.00   0  0.00   0  0.00   0  0.00   0
   402 401 403 412   0.00   0  0.00 180  0.00   0  0.00   0  0.00   0  0.00   0
   412 403 406 413   0.00   0  0.00 180  0.00   0  0.00   0  0.00   0  0.00   0
   412 403 406 414   0.00   0  0.00 180  0.00   0  0.00   0  0.00   0  0.00   0
   401 404 405 415   0.00   0  1.20 180  0.80   0  0.00   0  0.00   0  0.00   0
   401 402 407 408   0.00   0  0.00 180  0.00   0  0.00   0  0.00   0  0.00   0
   401 403 406 413   0.00   0  0.00 180  0.00   0  0.00   0  0.00   0  0.00   0
   401 403 406 414   0.00   0  0.00 180  0.00   0  0.00   0  0.00   0  0.00   0
   410 401 404 405   0.00   0  0.00 180  0.00   0  0.00   0  0.00   0  0.00   0
   410 401 404 411   0.00   0  0.00 180  0.00   0  0.00   0  0.00   0  0.00   0
   410 401 402 409   0.00   0  0.00 180  0.00   0  0.00   0  0.00   0  0.00   0
   410 401 402 407   0.00   0  0.00 180  0.00   0  0.00   0  0.00   0  0.00   0
   410 401 403 406   0.00   0  0.00 180  0.00   0  0.00   0  0.00   0  0.00   0
   404 401 402 409   0.00   0  0.00 180  0.00   0  0.00   0  0.00   0  0.00   0
   404 401 402 407   0.00   0  0.00 180  0.00   0  0.00   0  0.00   0  0.00   0
   404 401 403 406   0.00   0  0.00 180  0.00   0  0.00   0  0.00   0  0.00   0
   411 404 405 415   0.00   0  0.00 180  0.00   0  0.00   0  0.00   0  0.00   0
   402 401 404 411   0.00   0  0.00 180  0.00   0  0.00   0  0.00   0  0.00   0
   402 401 404 405   0.00   0  0.00 180  0.00   0  0.00   0  0.00   0  0.00   0
   402 401 403 406   0.00   0  0.00 180  0.00   0  0.00   0  0.00   0  0.00   0
   402 407 408 416   0.00   0  0.00 180  0.50   0  0.00   0  0.00   0  0.00   0
   409 402 407 408   0.00   0  0.00 180  0.00   0  0.00   0  0.00   0  0.00   0

 Additional Pi-Orbital Torsion Parameters :

     Atom Classes       2-Fold

       404 405           6.850
       403 406           6.850

 Additional van der Waals Parameters :

     Atom Class               Size        Epsilon        Reduction

         403                3.7100         0.1100          0.000
         412                2.5900         0.0220          0.900
         401                3.6500         0.1010          0.000
         410                2.8800         0.0240          0.910
         404                3.8200         0.1060          0.000
         411                3.3000         0.1120          0.000
         402                3.7800         0.1060          0.000
         407                4.0050         0.3550          0.000
         408                3.7800         0.1060          0.000
         416                3.7100         0.1050          0.000
         409                2.8700         0.0330          0.900
         406                3.8200         0.1060          0.000
         413                3.3000         0.1120          0.000
         405                3.7100         0.1100          0.000
         414                2.9200         0.0300          0.920
         415                2.5900         0.0220          0.900

 Additional Atomic Multipole Parameters :

     Atom Type     Coordinate Frame Definition         Multipole Moments

         401      403    404      0   Z-then-X    -0.27040
                                                  -0.22190  0.00000  0.26102
                                                  -0.17903
                                                   0.00000 -0.24517
                                                   0.13675  0.00000  0.42420

         402      407    401      0   Z-then-X    -0.16380
                                                   0.27778  0.00000 -0.20334
                                                   0.30211
                                                   0.00000 -0.49081
                                                  -0.33263  0.00000  0.18870

         403      406    401      0   Z-then-X    -0.06286
                                                   0.37348  0.00000 -0.12295
                                                   0.79149
                                                   0.00000 -1.08676
                                                  -0.63736  0.00000  0.29527

         404      411    405      0   Z-then-X     0.97419
                                                  -0.10999  0.00000  0.25580
                                                   0.38321
                                                   0.00000 -0.33696
                                                  -0.17133  0.00000 -0.04625

         405      404    415      0   Z-then-X    -0.32376
                                                   0.05823  0.00000 -0.07138
                                                   0.32176
                                                   0.00000 -0.38869
                                                  -0.03945  0.00000  0.06693

         406      413    403      0   Z-then-X     0.63075
                                                   0.40149  0.00000  0.25741
                                                  -0.01797
                                                   0.00000  0.01503
                                                   0.00873  0.00000  0.00294

         407      408    402      0   Z-then-X     0.34019
                                                   0.47821  0.00000  0.49978
                                                   1.11919
                                                   0.00000 -2.31639
                                                  -0.50667  0.00000  1.19720

         408      407    416      0   Z-then-X     0.21608
                                                   0.00820  0.00000 -0.28509
                                                   0.05369
                                                   0.00000  0.10740
                                                   0.05156  0.00000 -0.16109

         409      402    407      0   Z-then-X     0.09933
                                                   0.00064  0.00000 -0.16410
                                                   0.07960
                                                   0.00000  0.07569
                                                  -0.01944  0.00000 -0.15529

         410      401    403      0   Z-then-X     0.10718
                                                  -0.02083  0.00000 -0.03604
                                                  -0.03187
                                                   0.00000  0.01466
                                                  -0.01392  0.00000  0.01721

         411      404    405      0   Z-then-X    -0.77613
                                                   0.13027  0.00000 -0.18830
                                                  -0.53109
                                                   0.00000  0.25725
                                                   0.21601  0.00000  0.27384

         412      403    401      0   Z-then-X     0.11911
                                                   0.01244  0.00000 -0.25689
                                                   0.04573
                                                   0.00000  0.01640
                                                  -0.00301  0.00000 -0.06213

         413      406    403      0   Z-then-X    -0.66614
                                                  -0.21394  0.00000 -0.03273
                                                  -0.49754
                                                   0.00000  0.12402
                                                  -0.24547  0.00000  0.37352

         414      406    413      0   Z-then-X    -0.02624
                                                   0.07068  0.00000 -0.22870
                                                   0.12255
                                                   0.00000  0.03666
                                                   0.03118  0.00000 -0.15921

         415      405    404      0   Z-then-X     0.13248
                                                   0.00045  0.00000 -0.38308
                                                   0.28470
                                                   0.00000  0.12111
                                                   0.01221  0.00000 -0.40581

         416      408    407      0   Z-then-X    -0.56179
                                                   0.01684  0.00000 -0.29231
                                                   0.37390
                                                   0.00000  0.24558
                                                   0.00671  0.00000 -0.61948

 Additional Atomic Dipole Polarizability Parameters :

     Atom Type           Alpha       Thole     Group Atom Types

         403             1.073       0.390         412  401  406
         412             0.496       0.390         403
         401             1.334       0.390         403  410  404  402
         410             0.496       0.390         401
         404             1.334       0.390         401  411  405
         411             0.837       0.390         404
         402             1.334       0.390         401  407  409
         407             3.300       0.390         402  408
         408             1.334       0.390         407  416
         416             1.073       0.390         408
         409             0.496       0.390         402
         406             1.334       0.390         403  413  414
         413             0.837       0.390         406
         405             1.073       0.390         404  415
         414             0.494       0.390         406
         415             0.496       0.390         405

 Limited Memory BFGS Quasi-Newton Optimization :

 QN Iter     F Value      G RMS      F Move   X Move   Angle  FG Call  Comment

     0    21763.9985  2681.2222                                   1
     1    17564.5460  2143.6241   4199.4525   0.0982    0.00      2    Success 
     2    14121.3959  1772.7739   3443.1501   0.0982    4.37      3    Success 
     3    11316.0061  1455.6580   2805.3897   0.0982    2.53      4    Success 
     4     9129.1851  1167.1529   2186.8210   0.0982    8.86      5    Success 
     5     7441.5042   989.2086   1687.6809   0.0982   18.63      6    Success 
     6     6081.4752   808.8112   1360.0290   0.0982   26.90      7    Success 
     7     4948.5692   695.5182   1132.9060   0.0982   27.52      8    Success 
     8     3977.5080   623.7092    971.0612   0.0982   30.19      9    Success 
     9     3120.9568   565.7297    856.5512   0.0982   31.43     10    Success 
    10     2392.9197   521.0158    728.0371   0.0982   34.28     11    Success 
    11     1799.5879   423.2209    593.3318   0.0982   39.49     12    Success 
    12     1348.1714   341.3166    451.4165   0.0982   42.40     13    Success 
    13      998.2456   269.9922    349.9258   0.0982   44.74     14    Success 
    14      777.9392   311.1557    220.3064   0.0982   47.42     15    Success 
    15      587.7692   205.7107    190.1700   0.0982   60.92     16    Success 
    16      462.8236   198.4213    124.9456   0.0982   57.92     17    Success 
    17      358.8620   238.7677    103.9616   0.0982   59.46     18    Success 
    18      263.0385   179.0221     95.8235   0.0723   62.48     19    Success 
    19      198.0095   130.2260     65.0290   0.0769   64.04     20    Success 
    20      166.3695   106.6317     31.6400   0.0400   62.70     21    Success 
    21      125.2020    97.0953     41.1675   0.0610   58.18     22    Success 
    22       95.2552    66.0014     29.9469   0.0461   55.86     23    Success 
    23       76.5578    49.5012     18.6974   0.0360   48.38     24    Success 
    24       60.5910    62.1743     15.9667   0.0442   51.77     25    Success 
    25       46.5536    52.7121     14.0374   0.0483   67.18     26    Success 
    26       35.3807    39.4119     11.1729   0.0433   65.08     27    Success 
    27       29.2227    56.9149      6.1580   0.0441   61.84     28    Success 
    28       25.0560    28.8194      4.1667   0.0094   53.47     29    Success 
    29       20.9721    31.8287      4.0839   0.0217   60.27     30    Success 
    30       16.0852    42.7551      4.8870   0.0334   70.39     31    Success 
    31        9.0983    41.8427      6.9869   0.0554   76.75     32    Success 
    32        2.6013    49.9766      6.4970   0.0758   75.83     33    Success 
    33       -1.9962    30.4808      4.5975   0.0449   74.26     34    Success 
    34       -5.1997    21.1208      3.2035   0.0256   69.61     35    Success 
    35       -8.1885    24.1028      2.9888   0.0219   53.13     36    Success 
    36      -10.5063    26.1006      2.3178   0.0256   69.58     37    Success 
    37      -12.9127    19.3331      2.4064   0.0265   73.82     38    Success 
    38      -15.2569    18.5270      2.3442   0.0399   74.18     39    Success 
    39      -15.9937    21.9033      0.7368   0.0140   71.91     41    Success 
    40      -16.8111    16.0982      0.8174   0.0085   68.53     42    Success 
    41      -17.6922    14.0996      0.8812   0.0153   73.12     43    Success 
    42      -18.5819    23.6103      0.8896   0.0239   73.14     44    Success 
    43      -19.4475    12.9613      0.8657   0.0151   74.46     45    Success 
    44      -19.9373     9.4972      0.4898   0.0091   71.06     46    Success 
    45      -20.5632     8.7173      0.6259   0.0084   49.17     47    Success 
    46      -21.1261    12.6591      0.5629   0.0152   67.15     48    Success 
    47      -21.8283     9.2972      0.7022   0.0176   74.36     49    Success 
    48      -22.5394     9.1549      0.7112   0.0165   67.60     50    Success 
    49      -23.1496    11.7418      0.6102   0.0207   70.20     51    Success 
    50      -23.5628     8.9634      0.4132   0.0096   69.94     52    Success 
    51      -23.8745     7.0737      0.3117   0.0065   66.23     53    Success 
    52      -24.2554    10.0411      0.3809   0.0111   63.91     54    Success 
    53      -24.6455     8.3342      0.3901   0.0158   75.88     55    Success 
    54      -24.9418     6.5483      0.2963   0.0071   69.25     56    Success 
    55      -25.3233     5.8636      0.3815   0.0125   66.18     57    Success 
    56      -25.4884     8.7053      0.1651   0.0134   70.02     58    Success 
    57      -25.6491     4.7725      0.1607   0.0030   58.95     59    Success 
    58      -25.7802     4.1726      0.1311   0.0036   55.12     60    Success 
    59      -25.9313     6.1830      0.1511   0.0083   67.87     61    Success 
    60      -26.0170     8.9416      0.0857   0.0119   76.76     62    Success 
    61      -26.1310     3.7498      0.1140   0.0015   47.34     63    Success 
    62      -26.1947     2.6294      0.0637   0.0030   62.00     64    Success 
    63      -26.2256     5.3866      0.0309   0.0031   64.72     65    Success 
    64      -26.2564     2.7682      0.0309   0.0026   77.75     66    Success 
    65      -26.2744     2.0951      0.0180   0.0010   62.45     67    Success 
    66      -26.2976     2.3305      0.0232   0.0017   55.99     68    Success 
    67      -26.3130     3.8641      0.0155   0.0024   67.01     69    Success 
    68      -26.3290     1.9566      0.0159   0.0008   66.92     70    Success 
    69      -26.3433     1.4207      0.0144   0.0015   64.66     71    Success 
    70      -26.3511     1.4674      0.0078   0.0010   67.76     72    Success 
    71      -26.3623     1.7253      0.0112   0.0016   68.62     73    Success 
    72      -26.3730     1.7317      0.0107   0.0026   73.97     74    Success 
    73      -26.3796     0.9551      0.0066   0.0008   67.69     75    Success 
    74      -26.3857     1.0818      0.0061   0.0009   57.11     76    Success 
    75      -26.3933     1.4944      0.0076   0.0015   69.10     77    Success 
    76      -26.3982     1.8259      0.0049   0.0022   75.12     78    Success 
    77      -26.4044     0.7529      0.0061   0.0008   67.82     79    Success 
    78      -26.4067     0.6034      0.0024   0.0004   53.26     80    Success 
    79      -26.4101     0.7255      0.0033   0.0008   57.31     81    Success 
    80      -26.4145     0.8803      0.0045   0.0014   69.09     82    Success 
    81      -26.4166     1.1304      0.0021   0.0010   74.60     84    Success 
    82      -26.4195     0.6037      0.0029   0.0010   78.17     85    Success 
    83      -26.4214     0.4840      0.0019   0.0007   68.47     86    Success 
    84      -26.4229     0.6339      0.0015   0.0006   64.58     87    Success 
    85      -26.4243     0.5693      0.0014   0.0005   70.99     88    Success 
    86      -26.4247     1.4404      0.0003   0.0007   70.01     89    Success 
    87      -26.4253     1.0370      0.0006   0.0000   50.69     90    Success 
    88      -26.4261     0.3542      0.0008   0.0001   53.47     91    Success 
    89      -26.4264     0.3182      0.0003   0.0001   59.61     92    Success 
    90      -26.4268     0.4770      0.0004   0.0002   67.96     93    Success 
    91      -26.4275     0.5594      0.0006   0.0004   76.56     94    Success 
    92      -26.4285     0.5794      0.0010   0.0006   77.46     95    Success 
    93      -26.4289     0.7564      0.0004   0.0004   79.72     97    Success 
    94      -26.4295     0.5742      0.0006   0.0004   81.12     98    Success 
    95      -26.4304     0.2822      0.0009   0.0006   79.01     99    Success 
    96      -26.4310     0.3013      0.0006   0.0006   72.44    100    Success 
    97      -26.4314     0.3805      0.0004   0.0005   75.01    101    Success 
    98      -26.4319     0.4830      0.0004   0.0005   75.77    102    Success 
    99      -26.4323     0.2315      0.0004   0.0002   68.87    103    Success 
   100      -26.4326     0.2417      0.0003   0.0002   54.87    104    Success 
   101      -26.4328     0.3055      0.0002   0.0002   70.03    105    Success 
   102      -26.4331     0.3110      0.0004   0.0003   76.56    106    Success 
   103      -26.4334     0.5655      0.0003   0.0005   76.63    107    Success 
   104      -26.4339     0.3057      0.0005   0.0005   82.83    108    Success 
   105      -26.4342     0.1327      0.0003   0.0004   79.66    109    Success 
   106      -26.4343     0.1489      0.0001   0.0002   66.34    110    Success 
   107      -26.4344     0.1742      0.0001   0.0002   66.01    111    Success 
   108      -26.4345     0.3159      0.0001   0.0003   69.94    112    Success 
   109      -26.4346     0.1757      0.0001   0.0000   39.03    113    Success 
   110      -26.4347     0.0785      0.0001   0.0001   48.44    114    Success 
   111      -26.4347     0.1177      0.0000   0.0001   70.99    115    Success 
   112      -26.4347     0.1055      0.0000   0.0001   76.34    116    Success 
   113      -26.4348     0.1715      0.0000   0.0002   77.38    117    Success 
   114      -26.4348     0.0786      0.0001   0.0002   80.32    118    Success 
   115      -26.4349     0.0499      0.0000   0.0001   66.93    119    Success 
   116      -26.4349     0.0563      0.0000   0.0001   58.94    120    Success 
   117      -26.4349     0.0533      0.0000   0.0001   67.20    121    Success 
   118      -26.4349     0.1412      0.0000   0.0001   68.15    122    Success 
   119      -26.4349     0.1153      0.0000   0.0000   44.57    123    Success 
   120      -26.4349     0.0684      0.0000   0.0000   53.55    124    Success 
   121      -26.4349     0.0348      0.0000   0.0000   61.49    125    Success 
   122      -26.4349     0.0353      0.0000   0.0000   66.42    126    Success 
   123      -26.4349     0.0358      0.0000   0.0000   74.19    127    Success 
   124      -26.4349     0.0316      0.0000   0.0000   73.03    128    Success 
   125      -26.4350     0.0443      0.0000   0.0001   70.17    129    Success 
   126      -26.4350     0.0215      0.0000   0.0000   71.15    130    Success 
   127      -26.4350     0.0167      0.0000   0.0000   61.18    131    Success 
   128      -26.4350     0.0141      0.0000   0.0000   53.86    132    Success 
   129      -26.4350     0.0248      0.0000   0.0000   57.82    133    Success 
   130      -26.4350     0.0168      0.0000   0.0000   75.77    134    Success 
   131      -26.4350     0.0137      0.0000   0.0000   75.01    135    Success 
   132      -26.4350     0.0179      0.0000   0.0000   72.53    136    Success 
   133      -26.4350     0.0262      0.0000   0.0000   78.25    137    Success 
   134      -26.4350     0.0131      0.0000   0.0000   75.38    138    Success 
   135      -26.4350     0.0117      0.0000   0.0000   63.77    139    Success 
   136      -26.4350     0.0185      0.0000   0.0000   67.59    140    Success 
   137      -26.4350     0.0214      0.0000   0.0000   76.81    141    Success 
   138      -26.4350     0.0112      0.0000   0.0000   80.57    142    Success 
   139      -26.4350     0.0086      0.0000   0.0000   74.59    143    Success 
   140      -26.4350     0.0083      0.0000   0.0000   69.20    144    Success 
   141      -26.4350     0.0064      0.0000   0.0000   67.14    145    Success 
   142      -26.4350     0.0088      0.0000   0.0000   70.86    147    Success 
   143      -26.4350     0.0066      0.0000   0.0000   70.74    148    Success 
   144      -26.4350     0.0056      0.0000   0.0000   70.78    149    Success 
   145      -26.4350     0.0029      0.0000   0.0000   69.12    150    Success 
   146      -26.4350     0.0024      0.0000   0.0000   56.47    151    Success 
   147      -26.4350     0.0023      0.0000   0.0000   66.04    152    Success 
   148      -26.4350     0.0023      0.0000   0.0000   62.42    153    Success 
   149      -26.4350     0.0039      0.0000   0.0000   64.55    155    Success 
   150      -26.4350     0.0016      0.0000   0.0000   77.04    156    Success 
   151      -26.4350     0.0014      0.0000   0.0000   66.25    157    Success 
   152      -26.4350     0.0021      0.0000   0.0000   61.27    158    Success 
   153      -26.4350     0.0013      0.0000   0.0000   69.52    159    Success 
   154      -26.4350     0.0013      0.0000   0.0000   57.01    160    Success 
   155      -26.4350     0.0020      0.0000   0.0000   67.64    161    Success 
   156      -26.4350     0.0043      0.0000   0.0000   76.64    162    Success 
   157      -26.4350     0.0035      0.0000   0.0000   73.02    163    Success 
   158      -26.4350     0.0021      0.0000   0.0000   70.49    164    Success 
   159      -26.4350     0.0012      0.0000   0.0000   65.45    165    Success 
   160      -26.4350     0.0015      0.0000   0.0000   71.29    166    Success 
   161      -26.4350     0.0015      0.0000   0.0000   75.39    167    Success 
   162      -26.4350     0.0021      0.0000   0.0000   71.67    168    Success 
   163      -26.4350     0.0011      0.0000   0.0000   80.64    169    Success 
   164      -26.4350     0.0004      0.0000   0.0000   77.35    170   SmallGrad

 LBFGS  --  Normal Termination due to SmallGrad

 Final Function Value :          -26.4350
 Final RMS Gradient :              0.0004
 Final Gradient Norm :             0.0018
