
     ######################################################################
   ##########################################################################
  ###                                                                      ###
 ###            Tinker  ---  Software Tools for Molecular Design            ###
 ##                                                                          ##
 ##                          Version 8.7  June 2019                          ##
 ##                                                                          ##
 ##               Copyright (c)  Jay William Ponder  1990-2019               ##
 ###                           All Rights Reserved                          ###
  ###                                                                      ###
   ##########################################################################
     ######################################################################


 Additional Atom Definition Parameters :

     Type  Class  Symbol  Description               Atomic    Mass   Valence

     403    403     N     ModifiedRes                  7     14.007     3
     412    412     H     ModifiedRes                  1      1.008     1
     401    401     C     ModifiedRes                  6     12.011     4
     410    410     H     ModifiedRes                  1      1.008     1
     404    404     C     ModifiedRes                  6     12.011     3
     411    411     O     ModifiedRes                  8     15.999     1
     402    402     C     ModifiedRes                  6     12.011     4
     407    407     S     ModifiedRes                 16     32.066     2
     408    408     C     ModifiedRes                  6     12.011     2
     416    416     N     ModifiedRes                  7     14.007     1
     409    409     H     ModifiedRes                  1      1.008     1
     406    406     C     ModifiedRes                  6     12.011     3
     413    413     O     ModifiedRes                  8     15.999     1
     405    405     N     ModifiedRes                  7     14.007     3
     414    414     H     ModifiedRes                  1      1.008     1
     415    415     H     ModifiedRes                  1      1.008     1

 Additional Bond Stretching Parameters :

     Atom Classes             K(S)         Length

       401 403             374.800         1.4589
       403 406             482.000         1.3610
       403 412             542.000         1.0150
       401 410             341.000         1.0957
       401 404             345.300         1.5388
       401 402             345.300         1.5181
       404 405             482.000         1.3572
       404 411             705.000         1.2314
       402 409             395.500         1.0914
       402 407             235.800         1.8318
       407 408             235.800         1.6971
       408 416             450.000         1.1861
       406 413             705.000         1.2330
       406 414             356.400         1.1017
       405 415             542.000         1.0125

 Additional Angle Bending Parameters :

     Atom Classes             K(B)          Angle

     403 406 413            60.000        124.094
     401 403 412            35.000        118.942
     406 403 412            35.000        118.838
     401 404 405            70.000        113.359
     401 404 411            80.000        121.700
     401 402 407            53.200        108.210
     401 403 406            50.000        121.364
     404 401 410            38.000        109.343
     402 401 410            38.000        110.332
     403 401 410            50.600        106.311
     402 401 404            60.000        109.451
     403 401 404            80.000        110.698
     402 401 403            80.000        110.661
     402 407 408            60.430         97.779
     407 408 416            60.000        178.379
     409 402 409            39.570        108.414
     401 402 409            42.440        109.507
     407 402 409            60.240        109.536
     405 404 411            60.000        124.942
     413 406 414            68.340        122.634
     403 406 414            31.650        113.263
     415 405 415            22.300        119.362
     404 405 415            35.000        117.511

 Additional Stretch-Bend Parameters :

     Atom Classes          K(SB)-1        K(SB)-2

     401 403 412             4.300          7.200
     406 403 412             4.300          7.200
     401 404 405            18.700         18.700
     401 402 407            18.700         18.700
     401 403 406             7.200          7.200
     404 401 410            11.500         18.700
     402 401 410            11.500         18.700
     403 401 410            11.500         11.500
     402 401 404            18.700         18.700
     403 401 404            18.700         18.700
     402 401 403            18.700         18.700
     402 407 408            -5.750         -5.750
     401 402 409            11.500         11.500
     407 402 409            11.500         11.500
     403 406 414            11.500         11.500
     404 405 415             4.300          7.200
     415 405 415             4.300          7.200
     401 404 411            18.700         18.700
     413 406 414            11.500         11.500

 Additional Out-of-Plane Bend Parameters :

     Atom Classes                   K(OPB)

     401 403   0   0                14.400
     401 404   0   0                14.400
     403 406   0   0               107.910
     404 405   0   0                71.940
     405 404   0   0               107.910
     406 403   0   0                71.940
     411 404   0   0               122.298
     412 403   0   0                 5.755
     413 406   0   0               122.298
     414 406   0   0               140.283
     415 405   0   0                 5.755

 Additional Torsional Parameters :

     Atom Classes     1-Fold    2-Fold    3-Fold    4-Fold    5-Fold    6-Fold

   403 401 404 405   0.00   0  0.00 180  0.00   0  0.00   0  0.00   0  0.00   0
   403 401 404 411   0.00   0  0.00 180  0.00   0  0.00   0  0.00   0  0.00   0
   403 401 402 409   0.00   0  0.00 180  0.00   0  0.00   0  0.00   0  0.00   0
   403 401 402 407   0.00   0  0.00 180  0.00   0  0.00   0  0.00   0  0.00   0
   410 401 403 412   0.00   0  0.00 180  0.00   0  0.00   0  0.00   0  0.00   0
   404 401 403 412   0.00   0  0.00 180  0.00   0  0.00   0  0.00   0  0.00   0
   402 401 403 412   0.00   0  0.00 180  0.00   0  0.00   0  0.00   0  0.00   0
   412 403 406 413   0.00   0  0.00 180  0.00   0  0.00   0  0.00   0  0.00   0
   412 403 406 414   0.00   0  0.00 180  0.00   0  0.00   0  0.00   0  0.00   0
   401 404 405 415   0.00   0  1.20 180  0.80   0  0.00   0  0.00   0  0.00   0
   401 402 407 408   0.00   0  0.00 180  0.00   0  0.00   0  0.00   0  0.00   0
   401 403 406 413   0.00   0  0.00 180  0.00   0  0.00   0  0.00   0  0.00   0
   401 403 406 414   0.00   0  0.00 180  0.00   0  0.00   0  0.00   0  0.00   0
   410 401 404 405   0.00   0  0.00 180  0.00   0  0.00   0  0.00   0  0.00   0
   410 401 404 411   0.00   0  0.00 180  0.00   0  0.00   0  0.00   0  0.00   0
   410 401 402 409   0.00   0  0.00 180  0.00   0  0.00   0  0.00   0  0.00   0
   410 401 402 407   0.00   0  0.00 180  0.00   0  0.00   0  0.00   0  0.00   0
   410 401 403 406   0.00   0  0.00 180  0.00   0  0.00   0  0.00   0  0.00   0
   404 401 402 409   0.00   0  0.00 180  0.00   0  0.00   0  0.00   0  0.00   0
   404 401 402 407   0.00   0  0.00 180  0.00   0  0.00   0  0.00   0  0.00   0
   404 401 403 406   0.00   0  0.00 180  0.00   0  0.00   0  0.00   0  0.00   0
   411 404 405 415   0.00   0  0.00 180  0.00   0  0.00   0  0.00   0  0.00   0
   402 401 404 411   0.00   0  0.00 180  0.00   0  0.00   0  0.00   0  0.00   0
   402 401 404 405   0.00   0  0.00 180  0.00   0  0.00   0  0.00   0  0.00   0
   402 401 403 406   0.00   0  0.00 180  0.00   0  0.00   0  0.00   0  0.00   0
   402 407 408 416   0.00   0  0.00 180  0.50   0  0.00   0  0.00   0  0.00   0
   409 402 407 408   0.00   0  0.00 180  0.00   0  0.00   0  0.00   0  0.00   0

 Additional Pi-Orbital Torsion Parameters :

     Atom Classes       2-Fold

       404 405           6.850
       403 406           6.850

 Additional van der Waals Parameters :

     Atom Class               Size        Epsilon        Reduction

         403                3.7100         0.1100          0.000
         412                2.5900         0.0220          0.900
         401                3.6500         0.1010          0.000
         410                2.8800         0.0240          0.910
         404                3.8200         0.1060          0.000
         411                3.3000         0.1120          0.000
         402                3.7800         0.1060          0.000
         407                4.0050         0.3550          0.000
         408                3.7800         0.1060          0.000
         416                3.7100         0.1050          0.000
         409                2.8700         0.0330          0.900
         406                3.8200         0.1060          0.000
         413                3.3000         0.1120          0.000
         405                3.7100         0.1100          0.000
         414                2.9200         0.0300          0.920
         415                2.5900         0.0220          0.900

 Additional Atomic Multipole Parameters :

     Atom Type     Coordinate Frame Definition         Multipole Moments

         401      403    404      0   Z-then-X    -0.27040
                                                  -0.22190  0.00000  0.26102
                                                  -0.17903
                                                   0.00000 -0.24517
                                                   0.13675  0.00000  0.42420

         402      407    401      0   Z-then-X    -0.16380
                                                   0.27778  0.00000 -0.20334
                                                   0.30211
                                                   0.00000 -0.49081
                                                  -0.33263  0.00000  0.18870

         403      406    401      0   Z-then-X    -0.06286
                                                   0.37348  0.00000 -0.12295
                                                   0.79149
                                                   0.00000 -1.08676
                                                  -0.63736  0.00000  0.29527

         404      411    405      0   Z-then-X     0.97419
                                                  -0.10999  0.00000  0.25580
                                                   0.38321
                                                   0.00000 -0.33696
                                                  -0.17133  0.00000 -0.04625

         405      404    415      0   Z-then-X    -0.32376
                                                   0.05823  0.00000 -0.07138
                                                   0.32176
                                                   0.00000 -0.38869
                                                  -0.03945  0.00000  0.06693

         406      413    403      0   Z-then-X     0.63075
                                                   0.40149  0.00000  0.25741
                                                  -0.01797
                                                   0.00000  0.01503
                                                   0.00873  0.00000  0.00294

         407      408    402      0   Z-then-X     0.34019
                                                   0.47821  0.00000  0.49978
                                                   1.11919
                                                   0.00000 -2.31639
                                                  -0.50667  0.00000  1.19720

         408      407    416      0   Z-then-X     0.21608
                                                   0.00820  0.00000 -0.28509
                                                   0.05369
                                                   0.00000  0.10740
                                                   0.05156  0.00000 -0.16109

         409      402    407      0   Z-then-X     0.09933
                                                   0.00064  0.00000 -0.16410
                                                   0.07960
                                                   0.00000  0.07569
                                                  -0.01944  0.00000 -0.15529

         410      401    403      0   Z-then-X     0.10718
                                                  -0.02083  0.00000 -0.03604
                                                  -0.03187
                                                   0.00000  0.01466
                                                  -0.01392  0.00000  0.01721

         411      404    405      0   Z-then-X    -0.77613
                                                   0.13027  0.00000 -0.18830
                                                  -0.53109
                                                   0.00000  0.25725
                                                   0.21601  0.00000  0.27384

         412      403    401      0   Z-then-X     0.11911
                                                   0.01244  0.00000 -0.25689
                                                   0.04573
                                                   0.00000  0.01640
                                                  -0.00301  0.00000 -0.06213

         413      406    403      0   Z-then-X    -0.66614
                                                  -0.21394  0.00000 -0.03273
                                                  -0.49754
                                                   0.00000  0.12402
                                                  -0.24547  0.00000  0.37352

         414      406    413      0   Z-then-X    -0.02624
                                                   0.07068  0.00000 -0.22870
                                                   0.12255
                                                   0.00000  0.03666
                                                   0.03118  0.00000 -0.15921

         415      405    404      0   Z-then-X     0.13248
                                                   0.00045  0.00000 -0.38308
                                                   0.28470
                                                   0.00000  0.12111
                                                   0.01221  0.00000 -0.40581

         416      408    407      0   Z-then-X    -0.56179
                                                   0.01684  0.00000 -0.29231
                                                   0.37390
                                                   0.00000  0.24558
                                                   0.00671  0.00000 -0.61948

 Additional Atomic Dipole Polarizability Parameters :

     Atom Type           Alpha       Thole     Group Atom Types

         403             1.073       0.390         412  401  406
         412             0.496       0.390         403
         401             1.334       0.390         403  410  404  402
         410             0.496       0.390         401
         404             1.334       0.390         401  411  405
         411             0.837       0.390         404
         402             1.334       0.390         401  407  409
         407             3.300       0.390         402  408
         408             1.334       0.390         407  416
         416             1.073       0.390         408
         409             0.496       0.390         402
         406             1.334       0.390         403  413  414
         413             0.837       0.390         406
         405             1.073       0.390         404  415
         414             0.494       0.390         406
         415             0.496       0.390         405

 Limited Memory BFGS Quasi-Newton Optimization :

 QN Iter     F Value      G RMS      F Move   X Move   Angle  FG Call  Comment

     0      -17.3381     9.2039                                   1
     1      -17.4953     6.1450      0.1572   0.0019    0.00      3    Success 
     2      -17.5507     5.4519      0.0553   0.0011   33.77      4    Success 
     3      -17.5844     3.2147      0.0338   0.0009   50.01      5    Success 
     4      -17.6017     2.6185      0.0173   0.0006   46.84      6    Success 
     5      -17.6150     5.7221      0.0133   0.0011   45.80      7    Success 
     6      -17.6303     2.7641      0.0153   0.0005   63.03      8    Success 
     7      -17.6411     2.8444      0.0109   0.0005   54.50      9    Success 
     8      -17.6587     3.1640      0.0176   0.0009   61.89     10    Success 
     9      -17.6855     3.2832      0.0267   0.0017   68.26     11    Success 
    10      -17.7172     3.1521      0.0317   0.0031   73.28     12    Success 
    11      -17.7285     4.3144      0.0114   0.0026   71.97     13    Success 
    12      -17.7434     1.9404      0.0149   0.0004   36.48     14    Success 
    13      -17.7513     1.3862      0.0078   0.0005   47.55     15    Success 
    14      -17.7597     1.7479      0.0084   0.0008   56.49     16    Success 
    15      -17.7711     2.5346      0.0115   0.0015   71.39     17    Success 
    16      -17.7852     2.7189      0.0141   0.0022   79.07     18    Success 
    17      -17.8065     1.7757      0.0213   0.0031   79.33     19    Success 
    18      -17.8178     3.5237      0.0113   0.0023   74.54     21    Success 
    19      -17.8244     1.8141      0.0066   0.0008   80.94     22    Success 
    20      -17.8295     2.6951      0.0052   0.0015   77.24     23    Success 
    21      -17.8300     3.9362      0.0005   0.0002   73.43     24    Success 
    22      -17.8308     2.4998      0.0008   0.0002   86.32     25    Success 
    23      -17.8321     1.1998      0.0013   0.0001   75.99     26    Success 
    24      -17.8343     1.4419      0.0022   0.0002   58.03     27    Success 
    25      -17.8372     3.2980      0.0030   0.0005   71.45     28    Success 
    26      -17.8396     3.6829      0.0023   0.0006   85.00     29    Success 
    27      -17.8437     3.6527      0.0041   0.0008   84.97     30    Success 
    28      -17.8500     3.6158      0.0064   0.0014   85.06     31    Success 
    29      -17.8590     2.4199      0.0090   0.0025   85.49     32    Success 
    30      -17.8654     1.5243      0.0065   0.0029   84.43     33    Success 
    31      -17.8686     1.0659      0.0032   0.0007   75.73     34    Success 
    32      -17.8720     1.6343      0.0033   0.0005   60.59     35    Success 
    33      -17.8753     1.9572      0.0033   0.0006   74.79     36    Success 
    34      -17.8807     1.9682      0.0054   0.0011   80.23     37    Success 
    35      -17.8891     2.0602      0.0084   0.0022   82.09     38    Success 
    36      -17.8998     1.5191      0.0107   0.0033   81.98     39    Success 
    37      -17.9075     1.7739      0.0078   0.0045   82.78     40    Success 
    38      -17.9136     0.9844      0.0061   0.0014   78.79     41    Success 
    39      -17.9190     1.1037      0.0054   0.0013   71.20     42    Success 
    40      -17.9260     1.4550      0.0070   0.0021   77.39     43    Success 
    41      -17.9351     1.7774      0.0091   0.0038   82.08     44    Success 
    42      -17.9361     1.1716      0.0010   0.0008   84.70     46    Success 
    43      -17.9380     1.0683      0.0019   0.0006   81.21     47    Success 
    44      -17.9408     1.2046      0.0029   0.0011   79.79     48    Success 
    45      -17.9450     0.8560      0.0041   0.0013   78.65     49    Success 
    46      -17.9485     1.6231      0.0035   0.0015   73.55     50    Success 
    47      -17.9524     1.3160      0.0039   0.0022   83.58     51    Success 
    48      -17.9572     1.1574      0.0047   0.0007   69.01     52    Success 
    49      -17.9637     1.3203      0.0066   0.0017   74.88     53    Success 
    50      -17.9699     1.3241      0.0061   0.0028   78.73     54    Success 
    51      -17.9721     1.6350      0.0022   0.0011   82.53     55    Success 
    52      -17.9738     1.2595      0.0017   0.0011   85.35     56    Success 
    53      -17.9752     0.8395      0.0014   0.0008   83.90     57    Success 
    54      -17.9769     0.6856      0.0016   0.0005   73.66     58    Success 
    55      -17.9788     0.9942      0.0020   0.0012   78.03     59    Success 
    56      -17.9805     0.7610      0.0017   0.0008   79.00     60    Success 
    57      -17.9820     0.6157      0.0016   0.0008   75.49     61    Success 
    58      -17.9831     0.5502      0.0010   0.0010   80.49     62    Success 
    59      -17.9839     0.5885      0.0008   0.0003   66.86     63    Success 
    60      -17.9851     0.5254      0.0012   0.0005   72.88     64    Success 
    61      -17.9856     0.6524      0.0005   0.0009   83.33     66    Success 
    62      -17.9863     0.3018      0.0007   0.0005   78.89     67    Success 
    63      -17.9867     0.2320      0.0003   0.0004   77.10     68    Success 
    64      -17.9870     0.3257      0.0003   0.0003   73.57     69    Success 
    65      -17.9873     0.4833      0.0003   0.0004   76.83     70    Success 
    66      -17.9876     0.3487      0.0003   0.0003   77.72     71    Success 
    67      -17.9878     0.2039      0.0002   0.0002   73.39     72    Success 
    68      -17.9881     0.2214      0.0003   0.0003   68.54     73    Success 
    69      -17.9882     0.2244      0.0001   0.0001   75.00     74    Success 
    70      -17.9883     0.1672      0.0002   0.0003   77.64     75    Success 
    71      -17.9884     0.3953      0.0000   0.0003   72.87     76    Success 
    72      -17.9884     0.3318      0.0000   0.0000   79.35     77    Success 
    73      -17.9884     0.2419      0.0000   0.0000   72.14     78    Success 
    74      -17.9885     0.1678      0.0001   0.0001   72.81     79    Success 
    75      -17.9885     0.1317      0.0000   0.0000   74.01     80    Success 
    76      -17.9885     0.1536      0.0000   0.0000   69.90     81    Success 
    77      -17.9886     0.1477      0.0000   0.0001   73.18     82    Success 
    78      -17.9887     0.1860      0.0001   0.0001   74.62     83    Success 
    79      -17.9888     0.1890      0.0001   0.0002   78.50     84    Success 
    80      -17.9888     0.1076      0.0001   0.0003   81.27     85    Success 
    81      -17.9889     0.1003      0.0000   0.0001   71.94     86    Success 
    82      -17.9890     0.0816      0.0001   0.0001   67.64     87    Success 
    83      -17.9890     0.2147      0.0001   0.0003   66.50     88    Success 
    84      -17.9891     0.1243      0.0001   0.0001   78.33     89    Success 
    85      -17.9891     0.0971      0.0000   0.0000   67.37     90    Success 
    86      -17.9891     0.0926      0.0000   0.0001   68.50     91    Success 
    87      -17.9892     0.1295      0.0001   0.0002   73.67     92    Success 
    88      -17.9892     0.1361      0.0000   0.0002   82.34     93    Success 
    89      -17.9893     0.0853      0.0000   0.0001   80.33     94    Success 
    90      -17.9893     0.0861      0.0000   0.0002   73.57     95    Success 
    91      -17.9894     0.0863      0.0000   0.0001   75.34     96    Success 
    92      -17.9894     0.0907      0.0001   0.0002   74.63     97    Success 
    93      -17.9895     0.1517      0.0001   0.0003   75.56     98    Success 
    94      -17.9895     0.0704      0.0000   0.0001   77.21     99    Success 
    95      -17.9895     0.0950      0.0000   0.0001   76.65    100    Success 
    96      -17.9896     0.1018      0.0000   0.0001   82.85    101    Success 
    97      -17.9896     0.1561      0.0000   0.0002   81.80    102    Success 
    98      -17.9896     0.1121      0.0000   0.0000   82.90    103    Success 
    99      -17.9896     0.0544      0.0000   0.0001   81.95    104    Success 
   100      -17.9896     0.0702      0.0000   0.0001   77.62    105    Success 
   101      -17.9896     0.0841      0.0000   0.0001   81.45    106    Success 
   102      -17.9897     0.1695      0.0000   0.0001   80.64    107    Success 
   103      -17.9897     0.1521      0.0000   0.0002   85.32    108    Success 
   104      -17.9898     0.1474      0.0000   0.0003   84.87    109    Success 
   105      -17.9898     0.2648      0.0000   0.0003   83.69    110    Success 
   106      -17.9898     0.0636      0.0000   0.0001   76.93    111    Success 
   107      -17.9898     0.0649      0.0000   0.0001   77.19    112    Success 
   108      -17.9898     0.0646      0.0000   0.0000   67.61    113    Success 
   109      -17.9899     0.1003      0.0000   0.0001   74.09    114    Success 
   110      -17.9899     0.0920      0.0000   0.0002   84.04    115    Success 
   111      -17.9899     0.0633      0.0000   0.0000   77.54    116    Success 
   112      -17.9899     0.0447      0.0000   0.0000   82.52    117    Success 
   113      -17.9899     0.0344      0.0000   0.0000   75.76    118    Success 
   114      -17.9899     0.0392      0.0000   0.0000   71.17    119    Success 
   115      -17.9899     0.0379      0.0000   0.0001   75.96    120    Success 
   116      -17.9899     0.0280      0.0000   0.0001   76.34    121    Success 
   117      -17.9899     0.0565      0.0000   0.0001   77.14    122    Success 
   118      -17.9899     0.0477      0.0000   0.0000   75.37    123    Success 
   119      -17.9899     0.0302      0.0000   0.0000   75.24    124    Success 
   120      -17.9899     0.0118      0.0000   0.0000   71.52    125    Success 
   121      -17.9899     0.0129      0.0000   0.0000   72.37    126    Success 
   122      -17.9899     0.0126      0.0000   0.0000   75.45    127    Success 
   123      -17.9899     0.0133      0.0000   0.0000   74.83    128    Success 
   124      -17.9899     0.0129      0.0000   0.0000   81.35    129    Success 
   125      -17.9899     0.0153      0.0000   0.0000   80.09    130    Success 
   126      -17.9899     0.0076      0.0000   0.0000   74.75    131    Success 
   127      -17.9899     0.0068      0.0000   0.0000   65.17    132    Success 
   128      -17.9899     0.0110      0.0000   0.0000   73.15    133    Success 
   129      -17.9899     0.0255      0.0000   0.0000   78.90    134    Success 
   130      -17.9899     0.0171      0.0000   0.0000   82.28    135    Success 
   131      -17.9899     0.0055      0.0000   0.0000   79.84    136    Success 
   132      -17.9899     0.0061      0.0000   0.0000   75.28    137    Success 
   133      -17.9899     0.0072      0.0000   0.0000   77.85    138    Success 
   134      -17.9899     0.0106      0.0000   0.0000   80.71    139    Success 
   135      -17.9899     0.0077      0.0000   0.0000   84.06    140    Success 
   136      -17.9899     0.0067      0.0000   0.0000   81.02    141    Success 
   137      -17.9899     0.0056      0.0000   0.0000   77.49    142    Success 
   138      -17.9899     0.0053      0.0000   0.0000   76.59    143    Success 
   139      -17.9899     0.0104      0.0000   0.0000   75.76    144    Success 
   140      -17.9899     0.0050      0.0000   0.0000   75.53    145    Success 
   141      -17.9899     0.0057      0.0000   0.0000   74.46    146    Success 
   142      -17.9899     0.0060      0.0000   0.0000   80.10    147    Success 
   143      -17.9899     0.0061      0.0000   0.0000   80.55    148    Success 
   144      -17.9899     0.0070      0.0000   0.0000   81.40    149    Success 
   145      -17.9899     0.0029      0.0000   0.0000   77.09    150    Success 
   146      -17.9899     0.0026      0.0000   0.0000   67.77    151    Success 
   147      -17.9899     0.0028      0.0000   0.0000   70.68    152    Success 
   148      -17.9899     0.0061      0.0000   0.0000   73.50    153    Success 
   149      -17.9899     0.0025      0.0000   0.0000   83.81    154    Success 
   150      -17.9899     0.0027      0.0000   0.0000   82.14    155    Success 
   151      -17.9899     0.0029      0.0000   0.0000   81.60    156    Success 
   152      -17.9899     0.0043      0.0000   0.0000   81.02    157    Success 
   153      -17.9899     0.0042      0.0000   0.0000   83.25    158    Success 
   154      -17.9899     0.0022      0.0000   0.0000   82.44    159    Success 
   155      -17.9899     0.0015      0.0000   0.0000   78.89    160    Success 
   156      -17.9899     0.0023      0.0000   0.0000   78.32    161    Success 
   157      -17.9899     0.0033      0.0000   0.0000   75.74    162    Success 
   158      -17.9899     0.0019      0.0000   0.0000   77.56    163    Success 
   159      -17.9899     0.0009      0.0000   0.0000   78.18    164   SmallGrad

 LBFGS  --  Normal Termination due to SmallGrad

 Final Function Value :          -17.9899
 Final RMS Gradient :              0.0009
 Final Gradient Norm :             0.0039
