
     ######################################################################
   ##########################################################################
  ###                                                                      ###
 ###            Tinker  ---  Software Tools for Molecular Design            ###
 ##                                                                          ##
 ##                          Version 8.7  June 2019                          ##
 ##                                                                          ##
 ##               Copyright (c)  Jay William Ponder  1990-2019               ##
 ###                           All Rights Reserved                          ###
  ###                                                                      ###
   ##########################################################################
     ######################################################################


 Additional Atom Definition Parameters :

     Type  Class  Symbol  Description               Atomic    Mass   Valence

     403    403     N     ModifiedRes                  7     14.007     3
     412    412     H     ModifiedRes                  1      1.008     1
     401    401     C     ModifiedRes                  6     12.011     4
     410    410     H     ModifiedRes                  1      1.008     1
     404    404     C     ModifiedRes                  6     12.011     3
     411    411     O     ModifiedRes                  8     15.999     1
     402    402     C     ModifiedRes                  6     12.011     4
     407    407     S     ModifiedRes                 16     32.066     2
     408    408     C     ModifiedRes                  6     12.011     2
     416    416     N     ModifiedRes                  7     14.007     1
     409    409     H     ModifiedRes                  1      1.008     1
     406    406     C     ModifiedRes                  6     12.011     3
     413    413     O     ModifiedRes                  8     15.999     1
     405    405     N     ModifiedRes                  7     14.007     3
     414    414     H     ModifiedRes                  1      1.008     1
     415    415     H     ModifiedRes                  1      1.008     1

 Additional Bond Stretching Parameters :

     Atom Classes             K(S)         Length

       401 403             374.800         1.4589
       403 406             482.000         1.3610
       403 412             542.000         1.0150
       401 410             341.000         1.0957
       401 404             345.300         1.5388
       401 402             345.300         1.5181
       404 405             482.000         1.3572
       404 411             705.000         1.2314
       402 409             395.500         1.0914
       402 407             235.800         1.8318
       407 408             235.800         1.6971
       408 416             450.000         1.1861
       406 413             705.000         1.2330
       406 414             356.400         1.1017
       405 415             542.000         1.0125

 Additional Angle Bending Parameters :

     Atom Classes             K(B)          Angle

     403 406 413            60.000        124.094
     401 403 412            35.000        118.942
     406 403 412            35.000        118.838
     401 404 405            70.000        113.359
     401 404 411            80.000        121.700
     401 402 407            53.200        108.210
     401 403 406            50.000        121.364
     404 401 410            38.000        109.343
     402 401 410            38.000        110.332
     403 401 410            50.600        106.311
     402 401 404            60.000        109.451
     403 401 404            80.000        110.698
     402 401 403            80.000        110.661
     402 407 408            60.430         97.779
     407 408 416            60.000        178.379
     409 402 409            39.570        108.414
     401 402 409            42.440        109.507
     407 402 409            60.240        109.536
     405 404 411            60.000        124.942
     413 406 414            68.340        122.634
     403 406 414            31.650        113.263
     415 405 415            22.300        119.362
     404 405 415            35.000        117.511

 Additional Stretch-Bend Parameters :

     Atom Classes          K(SB)-1        K(SB)-2

     401 403 412             4.300          7.200
     406 403 412             4.300          7.200
     401 404 405            18.700         18.700
     401 402 407            18.700         18.700
     401 403 406             7.200          7.200
     404 401 410            11.500         18.700
     402 401 410            11.500         18.700
     403 401 410            11.500         11.500
     402 401 404            18.700         18.700
     403 401 404            18.700         18.700
     402 401 403            18.700         18.700
     402 407 408            -5.750         -5.750
     401 402 409            11.500         11.500
     407 402 409            11.500         11.500
     403 406 414            11.500         11.500
     404 405 415             4.300          7.200
     415 405 415             4.300          7.200
     401 404 411            18.700         18.700
     413 406 414            11.500         11.500

 Additional Out-of-Plane Bend Parameters :

     Atom Classes                   K(OPB)

     401 403   0   0                14.400
     401 404   0   0                14.400
     403 406   0   0               107.910
     404 405   0   0                71.940
     405 404   0   0               107.910
     406 403   0   0                71.940
     411 404   0   0               122.298
     412 403   0   0                 5.755
     413 406   0   0               122.298
     414 406   0   0               140.283
     415 405   0   0                 5.755

 Additional Torsional Parameters :

     Atom Classes     1-Fold    2-Fold    3-Fold    4-Fold    5-Fold    6-Fold

   403 401 404 405   0.00   0  0.00 180  0.00   0  0.00   0  0.00   0  0.00   0
   403 401 404 411   0.00   0  0.00 180  0.00   0  0.00   0  0.00   0  0.00   0
   403 401 402 409   0.00   0  0.00 180  0.00   0  0.00   0  0.00   0  0.00   0
   403 401 402 407   0.00   0  0.00 180  0.00   0  0.00   0  0.00   0  0.00   0
   410 401 403 412   0.00   0  0.00 180  0.00   0  0.00   0  0.00   0  0.00   0
   404 401 403 412   0.00   0  0.00 180  0.00   0  0.00   0  0.00   0  0.00   0
   402 401 403 412   0.00   0  0.00 180  0.00   0  0.00   0  0.00   0  0.00   0
   412 403 406 413   0.00   0  0.00 180  0.00   0  0.00   0  0.00   0  0.00   0
   412 403 406 414   0.00   0  0.00 180  0.00   0  0.00   0  0.00   0  0.00   0
   401 404 405 415   0.00   0  1.20 180  0.80   0  0.00   0  0.00   0  0.00   0
   401 402 407 408   0.00   0  0.00 180  0.00   0  0.00   0  0.00   0  0.00   0
   401 403 406 413   0.00   0  0.00 180  0.00   0  0.00   0  0.00   0  0.00   0
   401 403 406 414   0.00   0  0.00 180  0.00   0  0.00   0  0.00   0  0.00   0
   410 401 404 405   0.00   0  0.00 180  0.00   0  0.00   0  0.00   0  0.00   0
   410 401 404 411   0.00   0  0.00 180  0.00   0  0.00   0  0.00   0  0.00   0
   410 401 402 409   0.00   0  0.00 180  0.00   0  0.00   0  0.00   0  0.00   0
   410 401 402 407   0.00   0  0.00 180  0.00   0  0.00   0  0.00   0  0.00   0
   410 401 403 406   0.00   0  0.00 180  0.00   0  0.00   0  0.00   0  0.00   0
   404 401 402 409   0.00   0  0.00 180  0.00   0  0.00   0  0.00   0  0.00   0
   404 401 402 407   0.00   0  0.00 180  0.00   0  0.00   0  0.00   0  0.00   0
   404 401 403 406   0.00   0  0.00 180  0.00   0  0.00   0  0.00   0  0.00   0
   411 404 405 415   0.00   0  0.00 180  0.00   0  0.00   0  0.00   0  0.00   0
   402 401 404 411   0.00   0  0.00 180  0.00   0  0.00   0  0.00   0  0.00   0
   402 401 404 405   0.00   0  0.00 180  0.00   0  0.00   0  0.00   0  0.00   0
   402 401 403 406   0.00   0  0.00 180  0.00   0  0.00   0  0.00   0  0.00   0
   402 407 408 416   0.00   0  0.00 180  0.50   0  0.00   0  0.00   0  0.00   0
   409 402 407 408   0.00   0  0.00 180  0.00   0  0.00   0  0.00   0  0.00   0

 Additional Pi-Orbital Torsion Parameters :

     Atom Classes       2-Fold

       404 405           6.850
       403 406           6.850

 Additional van der Waals Parameters :

     Atom Class               Size        Epsilon        Reduction

         403                3.7100         0.1100          0.000
         412                2.5900         0.0220          0.900
         401                3.6500         0.1010          0.000
         410                2.8800         0.0240          0.910
         404                3.8200         0.1060          0.000
         411                3.3000         0.1120          0.000
         402                3.7800         0.1060          0.000
         407                4.0050         0.3550          0.000
         408                3.7800         0.1060          0.000
         416                3.7100         0.1050          0.000
         409                2.8700         0.0330          0.900
         406                3.8200         0.1060          0.000
         413                3.3000         0.1120          0.000
         405                3.7100         0.1100          0.000
         414                2.9200         0.0300          0.920
         415                2.5900         0.0220          0.900

 Additional Atomic Multipole Parameters :

     Atom Type     Coordinate Frame Definition         Multipole Moments

         401      403    404      0   Z-then-X    -0.27040
                                                  -0.22190  0.00000  0.26102
                                                  -0.17903
                                                   0.00000 -0.24517
                                                   0.13675  0.00000  0.42420

         402      407    401      0   Z-then-X    -0.16380
                                                   0.27778  0.00000 -0.20334
                                                   0.30211
                                                   0.00000 -0.49081
                                                  -0.33263  0.00000  0.18870

         403      406    401      0   Z-then-X    -0.06286
                                                   0.37348  0.00000 -0.12295
                                                   0.79149
                                                   0.00000 -1.08676
                                                  -0.63736  0.00000  0.29527

         404      411    405      0   Z-then-X     0.97419
                                                  -0.10999  0.00000  0.25580
                                                   0.38321
                                                   0.00000 -0.33696
                                                  -0.17133  0.00000 -0.04625

         405      404    415      0   Z-then-X    -0.32376
                                                   0.05823  0.00000 -0.07138
                                                   0.32176
                                                   0.00000 -0.38869
                                                  -0.03945  0.00000  0.06693

         406      413    403      0   Z-then-X     0.63075
                                                   0.40149  0.00000  0.25741
                                                  -0.01797
                                                   0.00000  0.01503
                                                   0.00873  0.00000  0.00294

         407      408    402      0   Z-then-X     0.34019
                                                   0.47821  0.00000  0.49978
                                                   1.11919
                                                   0.00000 -2.31639
                                                  -0.50667  0.00000  1.19720

         408      407    416      0   Z-then-X     0.21608
                                                   0.00820  0.00000 -0.28509
                                                   0.05369
                                                   0.00000  0.10740
                                                   0.05156  0.00000 -0.16109

         409      402    407      0   Z-then-X     0.09933
                                                   0.00064  0.00000 -0.16410
                                                   0.07960
                                                   0.00000  0.07569
                                                  -0.01944  0.00000 -0.15529

         410      401    403      0   Z-then-X     0.10718
                                                  -0.02083  0.00000 -0.03604
                                                  -0.03187
                                                   0.00000  0.01466
                                                  -0.01392  0.00000  0.01721

         411      404    405      0   Z-then-X    -0.77613
                                                   0.13027  0.00000 -0.18830
                                                  -0.53109
                                                   0.00000  0.25725
                                                   0.21601  0.00000  0.27384

         412      403    401      0   Z-then-X     0.11911
                                                   0.01244  0.00000 -0.25689
                                                   0.04573
                                                   0.00000  0.01640
                                                  -0.00301  0.00000 -0.06213

         413      406    403      0   Z-then-X    -0.66614
                                                  -0.21394  0.00000 -0.03273
                                                  -0.49754
                                                   0.00000  0.12402
                                                  -0.24547  0.00000  0.37352

         414      406    413      0   Z-then-X    -0.02624
                                                   0.07068  0.00000 -0.22870
                                                   0.12255
                                                   0.00000  0.03666
                                                   0.03118  0.00000 -0.15921

         415      405    404      0   Z-then-X     0.13248
                                                   0.00045  0.00000 -0.38308
                                                   0.28470
                                                   0.00000  0.12111
                                                   0.01221  0.00000 -0.40581

         416      408    407      0   Z-then-X    -0.56179
                                                   0.01684  0.00000 -0.29231
                                                   0.37390
                                                   0.00000  0.24558
                                                   0.00671  0.00000 -0.61948

 Additional Atomic Dipole Polarizability Parameters :

     Atom Type           Alpha       Thole     Group Atom Types

         403             1.073       0.390         412  401  406
         412             0.496       0.390         403
         401             1.334       0.390         403  410  404  402
         410             0.496       0.390         401
         404             1.334       0.390         401  411  405
         411             0.837       0.390         404
         402             1.334       0.390         401  407  409
         407             3.300       0.390         402  408
         408             1.334       0.390         407  416
         416             1.073       0.390         408
         409             0.496       0.390         402
         406             1.334       0.390         403  413  414
         413             0.837       0.390         406
         405             1.073       0.390         404  415
         414             0.494       0.390         406
         415             0.496       0.390         405

 Limited Memory BFGS Quasi-Newton Optimization :

 QN Iter     F Value      G RMS      F Move   X Move   Angle  FG Call  Comment

     0      -37.5827     3.6731                                   1
     1      -37.5928     1.5340      0.0101   0.0003    0.00      3    Success 
     2      -37.5946     0.9224      0.0019   0.0001   22.66      4    Success 
     3      -37.5959     0.8688      0.0013   0.0001   32.38      5    Success 
     4      -37.5980     0.8466      0.0021   0.0002   41.77      6    Success 
     5      -37.6006     0.9266      0.0026   0.0004   52.04      7    Success 
     6      -37.6015     1.2252      0.0009   0.0006   63.62      8    Success 
     7      -37.6027     0.4874      0.0012   0.0001   26.80      9    Success 
     8      -37.6033     0.4480      0.0006   0.0001   19.86     10    Success 
     9      -37.6041     0.6314      0.0009   0.0002   49.89     11    Success 
    10      -37.6056     0.7993      0.0014   0.0004   68.30     12    Success 
    11      -37.6080     0.9052      0.0024   0.0007   74.45     13    Success 
    12      -37.6108     1.5347      0.0029   0.0012   76.36     14    Success 
    13      -37.6146     0.8661      0.0038   0.0017   83.10     15    Success 
    14      -37.6171     0.5198      0.0025   0.0011   78.43     16    Success 
    15      -37.6195     0.6292      0.0024   0.0011   69.15     17    Success 
    16      -37.6213     0.8366      0.0018   0.0007   72.72     18    Success 
    17      -37.6234     0.6809      0.0022   0.0011   78.12     19    Success 
    18      -37.6250     0.4307      0.0015   0.0008   74.90     20    Success 
    19      -37.6258     0.3633      0.0009   0.0004   66.82     21    Success 
    20      -37.6266     0.4365      0.0008   0.0005   67.53     22    Success 
    21      -37.6273     0.3956      0.0007   0.0005   73.19     23    Success 
    22      -37.6278     0.2484      0.0005   0.0003   72.07     24    Success 
    23      -37.6281     0.2681      0.0003   0.0003   64.04     25    Success 
    24      -37.6283     0.6950      0.0002   0.0003   66.00     26    Success 
    25      -37.6286     0.3969      0.0003   0.0001   68.74     27    Success 
    26      -37.6289     0.2531      0.0004   0.0002   68.81     28    Success 
    27      -37.6292     0.3331      0.0003   0.0003   73.77     29    Success 
    28      -37.6295     0.3512      0.0003   0.0004   77.96     30    Success 
    29      -37.6297     0.3218      0.0002   0.0003   79.91     32    Success 
    30      -37.6298     0.1365      0.0001   0.0002   76.70     33    Success 
    31      -37.6299     0.1510      0.0001   0.0000   54.59     34    Success 
    32      -37.6300     0.1722      0.0001   0.0001   59.90     35    Success 
    33      -37.6301     0.1909      0.0002   0.0002   67.71     36    Success 
    34      -37.6302     0.4016      0.0001   0.0003   74.06     37    Success 
    35      -37.6304     0.2267      0.0002   0.0002   79.52     38    Success 
    36      -37.6306     0.1447      0.0002   0.0002   76.28     39    Success 
    37      -37.6307     0.1860      0.0001   0.0002   73.94     40    Success 
    38      -37.6309     0.2357      0.0002   0.0004   77.32     41    Success 
    39      -37.6311     0.2648      0.0002   0.0005   80.14     42    Success 
    40      -37.6313     0.1444      0.0002   0.0002   78.20     43    Success 
    41      -37.6314     0.1371      0.0001   0.0001   61.62     44    Success 
    42      -37.6315     0.1546      0.0001   0.0002   66.56     45    Success 
    43      -37.6316     0.2715      0.0001   0.0003   74.36     46    Success 
    44      -37.6317     0.1141      0.0001   0.0002   81.11     47    Success 
    45      -37.6317     0.0744      0.0000   0.0001   72.86     48    Success 
    46      -37.6318     0.0903      0.0000   0.0001   67.42     49    Success 
    47      -37.6318     0.1005      0.0000   0.0001   72.44     50    Success 
    48      -37.6318     0.1643      0.0000   0.0001   76.25     51    Success 
    49      -37.6319     0.0533      0.0000   0.0000   73.72     52    Success 
    50      -37.6319     0.0594      0.0000   0.0000   65.33     53    Success 
    51      -37.6319     0.0705      0.0000   0.0000   68.65     54    Success 
    52      -37.6319     0.0930      0.0000   0.0001   72.71     55    Success 
    53      -37.6319     0.0519      0.0000   0.0001   77.92     56    Success 
    54      -37.6319     0.0468      0.0000   0.0000   72.43     57    Success 
    55      -37.6319     0.0564      0.0000   0.0000   67.63     58    Success 
    56      -37.6319     0.0573      0.0000   0.0001   73.42     59    Success 
    57      -37.6319     0.0655      0.0000   0.0000   77.68     61    Success 
    58      -37.6319     0.0329      0.0000   0.0000   74.53     62    Success 
    59      -37.6319     0.0213      0.0000   0.0000   61.17     63    Success 
    60      -37.6319     0.0251      0.0000   0.0000   58.31     64    Success 
    61      -37.6320     0.0275      0.0000   0.0000   66.94     65    Success 
    62      -37.6320     0.0599      0.0000   0.0000   71.31     66    Success 
    63      -37.6320     0.0321      0.0000   0.0000   79.44     67    Success 
    64      -37.6320     0.0192      0.0000   0.0000   73.35     68    Success 
    65      -37.6320     0.0208      0.0000   0.0000   68.89     69    Success 
    66      -37.6320     0.0198      0.0000   0.0000   71.00     70    Success 
    67      -37.6320     0.0344      0.0000   0.0000   71.68     72    Success 
    68      -37.6320     0.0205      0.0000   0.0000   78.05     73    Success 
    69      -37.6320     0.0190      0.0000   0.0000   72.21     74    Success 
    70      -37.6320     0.0250      0.0000   0.0000   68.74     75    Success 
    71      -37.6320     0.0171      0.0000   0.0000   70.38     76    Success 
    72      -37.6320     0.0148      0.0000   0.0000   69.27     77    Success 
    73      -37.6320     0.0151      0.0000   0.0000   76.53     78    Success 
    74      -37.6320     0.0394      0.0000   0.0000   77.33     79    Success 
    75      -37.6320     0.0226      0.0000   0.0000   78.01     80    Success 
    76      -37.6320     0.0102      0.0000   0.0000   75.31     81    Success 
    77      -37.6320     0.0119      0.0000   0.0000   71.28     82    Success 
    78      -37.6320     0.0104      0.0000   0.0000   73.89     83    Success 
    79      -37.6320     0.0200      0.0000   0.0000   70.84     84    Success 
    80      -37.6320     0.0079      0.0000   0.0000   80.32     85    Success 
    81      -37.6320     0.0067      0.0000   0.0000   62.72     86    Success 
    82      -37.6320     0.0085      0.0000   0.0000   61.53     87    Success 
    83      -37.6320     0.0088      0.0000   0.0000   72.02     88    Success 
    84      -37.6320     0.0099      0.0000   0.0000   74.71     90    Success 
    85      -37.6320     0.0041      0.0000   0.0000   74.75     91    Success 
    86      -37.6320     0.0037      0.0000   0.0000   56.57     92    Success 
    87      -37.6320     0.0046      0.0000   0.0000   61.56     93    Success 
    88      -37.6320     0.0044      0.0000   0.0000   69.90     94    Success 
    89      -37.6320     0.0044      0.0000   0.0000   70.44     95    Success 
    90      -37.6320     0.0034      0.0000   0.0000   73.58     96    Success 
    91      -37.6320     0.0034      0.0000   0.0000   70.26     97    Success 
    92      -37.6320     0.0076      0.0000   0.0000   69.83     98    Success 
    93      -37.6320     0.0039      0.0000   0.0000   67.84     99    Success 
    94      -37.6320     0.0020      0.0000   0.0000   61.53    100    Success 
    95      -37.6320     0.0020      0.0000   0.0000   59.44    101    Success 
    96      -37.6320     0.0027      0.0000   0.0000   67.51    102    Success 
    97      -37.6320     0.0034      0.0000   0.0000   73.08    103    Success 
    98      -37.6320     0.0026      0.0000   0.0000   78.96    104    Success 
    99      -37.6320     0.0018      0.0000   0.0000   64.29    105    Success 
   100      -37.6320     0.0017      0.0000   0.0000   54.85    106    Success 
   101      -37.6320     0.0019      0.0000   0.0000   68.21    107    Success 
   102      -37.6320     0.0036      0.0000   0.0000   72.10    108    Success 
   103      -37.6320     0.0014      0.0000   0.0000   78.82    109    Success 
   104      -37.6320     0.0012      0.0000   0.0000   63.46    110    Success 
   105      -37.6320     0.0012      0.0000   0.0000   64.82    111    Success 
   106      -37.6320     0.0020      0.0000   0.0000   66.53    112    Success 
   107      -37.6320     0.0013      0.0000   0.0000   74.87    113    Success 
   108      -37.6320     0.0006      0.0000   0.0000   66.32    114   SmallGrad

 LBFGS  --  Normal Termination due to SmallGrad

 Final Function Value :          -37.6320
 Final RMS Gradient :              0.0006
 Final Gradient Norm :             0.0024
