
     ######################################################################
   ##########################################################################
  ###                                                                      ###
 ###            Tinker  ---  Software Tools for Molecular Design            ###
 ##                                                                          ##
 ##                          Version 8.7  June 2019                          ##
 ##                                                                          ##
 ##               Copyright (c)  Jay William Ponder  1990-2019               ##
 ###                           All Rights Reserved                          ###
  ###                                                                      ###
   ##########################################################################
     ######################################################################


 Additional Atom Definition Parameters :

     Type  Class  Symbol  Description               Atomic    Mass   Valence

     403    403     N     ModifiedRes                  7     14.007     3
     412    412     H     ModifiedRes                  1      1.008     1
     401    401     C     ModifiedRes                  6     12.011     4
     410    410     H     ModifiedRes                  1      1.008     1
     404    404     C     ModifiedRes                  6     12.011     3
     411    411     O     ModifiedRes                  8     15.999     1
     402    402     C     ModifiedRes                  6     12.011     4
     407    407     S     ModifiedRes                 16     32.066     2
     408    408     C     ModifiedRes                  6     12.011     2
     416    416     N     ModifiedRes                  7     14.007     1
     409    409     H     ModifiedRes                  1      1.008     1
     406    406     C     ModifiedRes                  6     12.011     3
     413    413     O     ModifiedRes                  8     15.999     1
     405    405     N     ModifiedRes                  7     14.007     3
     414    414     H     ModifiedRes                  1      1.008     1
     415    415     H     ModifiedRes                  1      1.008     1

 Additional Bond Stretching Parameters :

     Atom Classes             K(S)         Length

       401 403             374.800         1.4589
       403 406             482.000         1.3610
       403 412             542.000         1.0150
       401 410             341.000         1.0957
       401 404             345.300         1.5388
       401 402             345.300         1.5181
       404 405             482.000         1.3572
       404 411             705.000         1.2314
       402 409             395.500         1.0914
       402 407             235.800         1.8318
       407 408             235.800         1.6971
       408 416             450.000         1.1861
       406 413             705.000         1.2330
       406 414             356.400         1.1017
       405 415             542.000         1.0125

 Additional Angle Bending Parameters :

     Atom Classes             K(B)          Angle

     403 406 413            60.000        124.094
     401 403 412            35.000        118.942
     406 403 412            35.000        118.838
     401 404 405            70.000        113.359
     401 404 411            80.000        121.700
     401 402 407            53.200        108.210
     401 403 406            50.000        121.364
     404 401 410            38.000        109.343
     402 401 410            38.000        110.332
     403 401 410            50.600        106.311
     402 401 404            60.000        109.451
     403 401 404            80.000        110.698
     402 401 403            80.000        110.661
     402 407 408            60.430         97.779
     407 408 416            60.000        178.379
     409 402 409            39.570        108.414
     401 402 409            42.440        109.507
     407 402 409            60.240        109.536
     405 404 411            60.000        124.942
     413 406 414            68.340        122.634
     403 406 414            31.650        113.263
     415 405 415            22.300        119.362
     404 405 415            35.000        117.511

 Additional Stretch-Bend Parameters :

     Atom Classes          K(SB)-1        K(SB)-2

     401 403 412             4.300          7.200
     406 403 412             4.300          7.200
     401 404 405            18.700         18.700
     401 402 407            18.700         18.700
     401 403 406             7.200          7.200
     404 401 410            11.500         18.700
     402 401 410            11.500         18.700
     403 401 410            11.500         11.500
     402 401 404            18.700         18.700
     403 401 404            18.700         18.700
     402 401 403            18.700         18.700
     402 407 408            -5.750         -5.750
     401 402 409            11.500         11.500
     407 402 409            11.500         11.500
     403 406 414            11.500         11.500
     404 405 415             4.300          7.200
     415 405 415             4.300          7.200
     401 404 411            18.700         18.700
     413 406 414            11.500         11.500

 Additional Out-of-Plane Bend Parameters :

     Atom Classes                   K(OPB)

     401 403   0   0                14.400
     401 404   0   0                14.400
     403 406   0   0               107.910
     404 405   0   0                71.940
     405 404   0   0               107.910
     406 403   0   0                71.940
     411 404   0   0               122.298
     412 403   0   0                 5.755
     413 406   0   0               122.298
     414 406   0   0               140.283
     415 405   0   0                 5.755

 Additional Torsional Parameters :

     Atom Classes     1-Fold    2-Fold    3-Fold    4-Fold    5-Fold    6-Fold

   403 401 404 405   0.00   0  0.00 180  0.00   0  0.00   0  0.00   0  0.00   0
   403 401 404 411   0.00   0  0.00 180  0.00   0  0.00   0  0.00   0  0.00   0
   403 401 402 409   0.00   0  0.00 180  0.00   0  0.00   0  0.00   0  0.00   0
   403 401 402 407   0.00   0  0.00 180  0.00   0  0.00   0  0.00   0  0.00   0
   410 401 403 412   0.00   0  0.00 180  0.00   0  0.00   0  0.00   0  0.00   0
   404 401 403 412   0.00   0  0.00 180  0.00   0  0.00   0  0.00   0  0.00   0
   402 401 403 412   0.00   0  0.00 180  0.00   0  0.00   0  0.00   0  0.00   0
   412 403 406 413   0.00   0  0.00 180  0.00   0  0.00   0  0.00   0  0.00   0
   412 403 406 414   0.00   0  0.00 180  0.00   0  0.00   0  0.00   0  0.00   0
   401 404 405 415   0.00   0  1.20 180  0.80   0  0.00   0  0.00   0  0.00   0
   401 402 407 408   0.00   0  0.00 180  0.00   0  0.00   0  0.00   0  0.00   0
   401 403 406 413   0.00   0  0.00 180  0.00   0  0.00   0  0.00   0  0.00   0
   401 403 406 414   0.00   0  0.00 180  0.00   0  0.00   0  0.00   0  0.00   0
   410 401 404 405   0.00   0  0.00 180  0.00   0  0.00   0  0.00   0  0.00   0
   410 401 404 411   0.00   0  0.00 180  0.00   0  0.00   0  0.00   0  0.00   0
   410 401 402 409   0.00   0  0.00 180  0.00   0  0.00   0  0.00   0  0.00   0
   410 401 402 407   0.00   0  0.00 180  0.00   0  0.00   0  0.00   0  0.00   0
   410 401 403 406   0.00   0  0.00 180  0.00   0  0.00   0  0.00   0  0.00   0
   404 401 402 409   0.00   0  0.00 180  0.00   0  0.00   0  0.00   0  0.00   0
   404 401 402 407   0.00   0  0.00 180  0.00   0  0.00   0  0.00   0  0.00   0
   404 401 403 406   0.00   0  0.00 180  0.00   0  0.00   0  0.00   0  0.00   0
   411 404 405 415   0.00   0  0.00 180  0.00   0  0.00   0  0.00   0  0.00   0
   402 401 404 411   0.00   0  0.00 180  0.00   0  0.00   0  0.00   0  0.00   0
   402 401 404 405   0.00   0  0.00 180  0.00   0  0.00   0  0.00   0  0.00   0
   402 401 403 406   0.00   0  0.00 180  0.00   0  0.00   0  0.00   0  0.00   0
   402 407 408 416   0.00   0  0.00 180  0.50   0  0.00   0  0.00   0  0.00   0
   409 402 407 408   0.00   0  0.00 180  0.00   0  0.00   0  0.00   0  0.00   0

 Additional Pi-Orbital Torsion Parameters :

     Atom Classes       2-Fold

       404 405           6.850
       403 406           6.850

 Additional van der Waals Parameters :

     Atom Class               Size        Epsilon        Reduction

         403                3.7100         0.1100          0.000
         412                2.5900         0.0220          0.900
         401                3.6500         0.1010          0.000
         410                2.8800         0.0240          0.910
         404                3.8200         0.1060          0.000
         411                3.3000         0.1120          0.000
         402                3.7800         0.1060          0.000
         407                4.0050         0.3550          0.000
         408                3.7800         0.1060          0.000
         416                3.7100         0.1050          0.000
         409                2.8700         0.0330          0.900
         406                3.8200         0.1060          0.000
         413                3.3000         0.1120          0.000
         405                3.7100         0.1100          0.000
         414                2.9200         0.0300          0.920
         415                2.5900         0.0220          0.900

 Additional Atomic Multipole Parameters :

     Atom Type     Coordinate Frame Definition         Multipole Moments

         401      403    404      0   Z-then-X    -0.27040
                                                  -0.22190  0.00000  0.26102
                                                  -0.17903
                                                   0.00000 -0.24517
                                                   0.13675  0.00000  0.42420

         402      407    401      0   Z-then-X    -0.16380
                                                   0.27778  0.00000 -0.20334
                                                   0.30211
                                                   0.00000 -0.49081
                                                  -0.33263  0.00000  0.18870

         403      406    401      0   Z-then-X    -0.06286
                                                   0.37348  0.00000 -0.12295
                                                   0.79149
                                                   0.00000 -1.08676
                                                  -0.63736  0.00000  0.29527

         404      411    405      0   Z-then-X     0.97419
                                                  -0.10999  0.00000  0.25580
                                                   0.38321
                                                   0.00000 -0.33696
                                                  -0.17133  0.00000 -0.04625

         405      404    415      0   Z-then-X    -0.32376
                                                   0.05823  0.00000 -0.07138
                                                   0.32176
                                                   0.00000 -0.38869
                                                  -0.03945  0.00000  0.06693

         406      413    403      0   Z-then-X     0.63075
                                                   0.40149  0.00000  0.25741
                                                  -0.01797
                                                   0.00000  0.01503
                                                   0.00873  0.00000  0.00294

         407      408    402      0   Z-then-X     0.34019
                                                   0.47821  0.00000  0.49978
                                                   1.11919
                                                   0.00000 -2.31639
                                                  -0.50667  0.00000  1.19720

         408      407    416      0   Z-then-X     0.21608
                                                   0.00820  0.00000 -0.28509
                                                   0.05369
                                                   0.00000  0.10740
                                                   0.05156  0.00000 -0.16109

         409      402    407      0   Z-then-X     0.09933
                                                   0.00064  0.00000 -0.16410
                                                   0.07960
                                                   0.00000  0.07569
                                                  -0.01944  0.00000 -0.15529

         410      401    403      0   Z-then-X     0.10718
                                                  -0.02083  0.00000 -0.03604
                                                  -0.03187
                                                   0.00000  0.01466
                                                  -0.01392  0.00000  0.01721

         411      404    405      0   Z-then-X    -0.77613
                                                   0.13027  0.00000 -0.18830
                                                  -0.53109
                                                   0.00000  0.25725
                                                   0.21601  0.00000  0.27384

         412      403    401      0   Z-then-X     0.11911
                                                   0.01244  0.00000 -0.25689
                                                   0.04573
                                                   0.00000  0.01640
                                                  -0.00301  0.00000 -0.06213

         413      406    403      0   Z-then-X    -0.66614
                                                  -0.21394  0.00000 -0.03273
                                                  -0.49754
                                                   0.00000  0.12402
                                                  -0.24547  0.00000  0.37352

         414      406    413      0   Z-then-X    -0.02624
                                                   0.07068  0.00000 -0.22870
                                                   0.12255
                                                   0.00000  0.03666
                                                   0.03118  0.00000 -0.15921

         415      405    404      0   Z-then-X     0.13248
                                                   0.00045  0.00000 -0.38308
                                                   0.28470
                                                   0.00000  0.12111
                                                   0.01221  0.00000 -0.40581

         416      408    407      0   Z-then-X    -0.56179
                                                   0.01684  0.00000 -0.29231
                                                   0.37390
                                                   0.00000  0.24558
                                                   0.00671  0.00000 -0.61948

 Additional Atomic Dipole Polarizability Parameters :

     Atom Type           Alpha       Thole     Group Atom Types

         403             1.073       0.390         412  401  406
         412             0.496       0.390         403
         401             1.334       0.390         403  410  404  402
         410             0.496       0.390         401
         404             1.334       0.390         401  411  405
         411             0.837       0.390         404
         402             1.334       0.390         401  407  409
         407             3.300       0.390         402  408
         408             1.334       0.390         407  416
         416             1.073       0.390         408
         409             0.496       0.390         402
         406             1.334       0.390         403  413  414
         413             0.837       0.390         406
         405             1.073       0.390         404  415
         414             0.494       0.390         406
         415             0.496       0.390         405

 Limited Memory BFGS Quasi-Newton Optimization :

 QN Iter     F Value      G RMS      F Move   X Move   Angle  FG Call  Comment

     0      -34.5379    11.3295                                   1
     1      -34.7562    10.8370      0.2184   0.0023    0.00      3    Success 
     2      -34.8768     8.1390      0.1206   0.0014   41.86      4    Success 
     3      -34.9742     6.8087      0.0974   0.0013   50.28      5    Success 
     4      -35.1134     6.3703      0.1392   0.0026   52.69      6    Success 
     5      -35.2574     9.7718      0.1440   0.0047   58.53      7    Success 
     6      -35.4068     6.7280      0.1494   0.0033   70.11      8    Success 
     7      -35.6183     6.0449      0.2115   0.0059   65.12      9    Success 
     8      -35.7898     7.8308      0.1715   0.0064   68.05     10    Success 
     9      -35.8543     7.2076      0.0645   0.0030   74.02     12    Success 
    10      -35.9245     4.4767      0.0702   0.0026   72.93     13    Success 
    11      -35.9946     4.2938      0.0701   0.0026   63.57     14    Success 
    12      -36.0957     4.9497      0.1011   0.0042   64.52     15    Success 
    13      -36.2113     4.9161      0.1156   0.0061   71.01     16    Success 
    14      -36.2206     8.4518      0.0093   0.0071   73.08     17    Success 
    15      -36.2381     7.5124      0.0175   0.0003   64.06     18    Success 
    16      -36.2694     5.8678      0.0313   0.0005   59.04     19    Success 
    17      -36.3182     3.0403      0.0488   0.0009   50.71     20    Success 
    18      -36.3573     2.6286      0.0391   0.0015   41.96     21    Success 
    19      -36.3799     3.3225      0.0226   0.0015   67.66     22    Success 
    20      -36.4185     3.5037      0.0386   0.0028   74.26     23    Success 
    21      -36.4795     3.2600      0.0610   0.0048   75.37     24    Success 
    22      -36.5007     5.5217      0.0212   0.0108   78.92     25    Success 
    23      -36.5274     2.9085      0.0267   0.0007   51.79     26    Success 
    24      -36.5466     1.0893      0.0192   0.0023   73.13     27    Success 
    25      -36.5522     0.9348      0.0056   0.0006   54.56     28    Success 
    26      -36.5601     1.0878      0.0079   0.0016   66.15     29    Success 
    27      -36.5682     1.6196      0.0082   0.0018   68.61     30    Success 
    28      -36.5709     2.4504      0.0027   0.0018   77.04     31    Success 
    29      -36.5752     1.4062      0.0043   0.0002   58.95     32    Success 
    30      -36.5792     0.5953      0.0039   0.0005   56.71     33    Success 
    31      -36.5805     0.6806      0.0013   0.0003   60.58     34    Success 
    32      -36.5828     0.7439      0.0022   0.0005   66.24     35    Success 
    33      -36.5845     1.4327      0.0017   0.0009   68.33     36    Success 
    34      -36.5870     0.8051      0.0025   0.0007   78.47     37    Success 
    35      -36.5887     0.4157      0.0018   0.0006   73.91     38    Success 
    36      -36.5901     0.5137      0.0014   0.0005   62.94     39    Success 
    37      -36.5921     0.6743      0.0020   0.0008   69.22     40    Success 
    38      -36.5940     1.3409      0.0018   0.0012   73.50     41    Success 
    39      -36.5967     0.8111      0.0027   0.0009   80.79     42    Success 
    40      -36.5998     0.4961      0.0031   0.0012   75.04     43    Success 
    41      -36.6021     0.6691      0.0023   0.0011   71.03     44    Success 
    42      -36.6047     0.7355      0.0026   0.0014   77.39     45    Success 
    43      -36.6073     1.2034      0.0026   0.0020   78.69     46    Success 
    44      -36.6105     0.6680      0.0032   0.0012   80.58     47    Success 
    45      -36.6130     1.0493      0.0025   0.0014   72.92     48    Success 
    46      -36.6136     0.9308      0.0007   0.0005   77.83     49    Success 
    47      -36.6143     0.5172      0.0007   0.0001   60.77     50    Success 
    48      -36.6152     0.4507      0.0009   0.0003   66.16     51    Success 
    49      -36.6161     0.6009      0.0009   0.0006   75.43     52    Success 
    50      -36.6175     0.6286      0.0014   0.0010   80.13     53    Success 
    51      -36.6188     1.1466      0.0014   0.0015   80.37     54    Success 
    52      -36.6202     0.3742      0.0014   0.0011   83.19     55    Success 
    53      -36.6207     0.2700      0.0005   0.0002   59.58     56    Success 
    54      -36.6213     0.3469      0.0006   0.0002   46.80     57    Success 
    55      -36.6219     0.4551      0.0006   0.0004   70.27     58    Success 
    56      -36.6226     0.3870      0.0007   0.0007   77.77     59    Success 
    57      -36.6231     0.2417      0.0005   0.0006   79.31     60    Success 
    58      -36.6233     0.2816      0.0002   0.0004   74.53     61    Success 
    59      -36.6235     0.2105      0.0001   0.0001   65.99     62    Success 
    60      -36.6237     0.1901      0.0002   0.0001   59.59     63    Success 
    61      -36.6240     0.2206      0.0003   0.0003   66.44     64    Success 
    62      -36.6243     0.3219      0.0003   0.0005   73.48     65    Success 
    63      -36.6246     0.1985      0.0003   0.0004   77.97     66    Success 
    64      -36.6249     0.1694      0.0002   0.0003   69.61     67    Success 
    65      -36.6251     0.2832      0.0002   0.0004   68.31     68    Success 
    66      -36.6253     0.2265      0.0002   0.0003   76.96     69    Success 
    67      -36.6255     0.1748      0.0002   0.0002   74.24     70    Success 
    68      -36.6255     0.5392      0.0000   0.0004   71.57     71    Success 
    69      -36.6256     0.3806      0.0001   0.0000   41.84     72    Success 
    70      -36.6257     0.1070      0.0001   0.0000   53.22     73    Success 
    71      -36.6257     0.1131      0.0000   0.0000   61.68     74    Success 
    72      -36.6258     0.1461      0.0000   0.0001   71.54     75    Success 
    73      -36.6258     0.1446      0.0001   0.0001   77.22     76    Success 
    74      -36.6259     0.2084      0.0001   0.0002   77.31     77    Success 
    75      -36.6259     0.0995      0.0001   0.0002   79.32     78    Success 
    76      -36.6260     0.0809      0.0000   0.0001   66.91     79    Success 
    77      -36.6260     0.0987      0.0001   0.0001   62.76     80    Success 
    78      -36.6261     0.1458      0.0000   0.0001   70.20     81    Success 
    79      -36.6261     0.1271      0.0000   0.0002   78.99     82    Success 
    80      -36.6261     0.0400      0.0000   0.0000   74.37     83    Success 
    81      -36.6261     0.0271      0.0000   0.0000   58.09     84    Success 
    82      -36.6261     0.0377      0.0000   0.0000   65.98     85    Success 
    83      -36.6261     0.0485      0.0000   0.0000   74.74     86    Success 
    84      -36.6261     0.0726      0.0000   0.0001   78.86     87    Success 
    85      -36.6261     0.0349      0.0000   0.0000   80.32     88    Success 
    86      -36.6261     0.0254      0.0000   0.0000   67.96     89    Success 
    87      -36.6261     0.0430      0.0000   0.0000   61.88     90    Success 
    88      -36.6262     0.0530      0.0000   0.0000   77.29     91    Success 
    89      -36.6262     0.0502      0.0000   0.0000   80.42     92    Success 
    90      -36.6262     0.0390      0.0000   0.0001   80.47     93    Success 
    91      -36.6262     0.0259      0.0000   0.0000   76.68     94    Success 
    92      -36.6262     0.0238      0.0000   0.0000   63.33     95    Success 
    93      -36.6262     0.0223      0.0000   0.0000   76.56     96    Success 
    94      -36.6262     0.0207      0.0000   0.0000   69.88     97    Success 
    95      -36.6262     0.0232      0.0000   0.0000   69.22     98    Success 
    96      -36.6262     0.0139      0.0000   0.0000   75.97     99    Success 
    97      -36.6262     0.0299      0.0000   0.0000   73.52    100    Success 
    98      -36.6262     0.0162      0.0000   0.0000   79.17    101    Success 
    99      -36.6262     0.0126      0.0000   0.0000   64.55    102    Success 
   100      -36.6262     0.0130      0.0000   0.0000   63.43    103    Success 
   101      -36.6262     0.0273      0.0000   0.0000   70.74    104    Success 
   102      -36.6262     0.0175      0.0000   0.0000   61.15    105    Success 
   103      -36.6262     0.0055      0.0000   0.0000   55.58    106    Success 
   104      -36.6262     0.0055      0.0000   0.0000   62.19    107    Success 
   105      -36.6262     0.0053      0.0000   0.0000   62.96    108    Success 
   106      -36.6262     0.0090      0.0000   0.0000   68.21    109    Success 
   107      -36.6262     0.0041      0.0000   0.0000   76.50    110    Success 
   108      -36.6262     0.0035      0.0000   0.0000   59.00    111    Success 
   109      -36.6262     0.0032      0.0000   0.0000   53.36    112    Success 
   110      -36.6262     0.0103      0.0000   0.0000   60.71    113    Success 
   111      -36.6262     0.0055      0.0000   0.0000   68.23    114    Success 
   112      -36.6262     0.0021      0.0000   0.0000   62.40    115    Success 
   113      -36.6262     0.0023      0.0000   0.0000   63.34    116    Success 
   114      -36.6262     0.0024      0.0000   0.0000   67.30    117    Success 
   115      -36.6262     0.0058      0.0000   0.0000   66.36    118    Success 
   116      -36.6262     0.0037      0.0000   0.0000   80.44    119    Success 
   117      -36.6262     0.0019      0.0000   0.0000   77.76    120    Success 
   118      -36.6262     0.0021      0.0000   0.0000   71.85    121    Success 
   119      -36.6262     0.0021      0.0000   0.0000   75.30    122    Success 
   120      -36.6262     0.0053      0.0000   0.0000   75.68    123    Success 
   121      -36.6262     0.0027      0.0000   0.0000   81.89    124    Success 
   122      -36.6262     0.0017      0.0000   0.0000   75.25    125    Success 
   123      -36.6262     0.0018      0.0000   0.0000   74.05    126    Success 
   124      -36.6262     0.0016      0.0000   0.0000   75.95    127    Success 
   125      -36.6262     0.0034      0.0000   0.0000   74.76    128    Success 
   126      -36.6262     0.0016      0.0000   0.0000   79.56    129    Success 
   127      -36.6262     0.0011      0.0000   0.0000   73.58    130    Success 
   128      -36.6262     0.0012      0.0000   0.0000   71.79    131    Success 
   129      -36.6262     0.0025      0.0000   0.0000   74.40    132    Success 
   130      -36.6262     0.0011      0.0000   0.0000   65.54    133    Success 
   131      -36.6262     0.0006      0.0000   0.0000   60.01    134   SmallGrad

 LBFGS  --  Normal Termination due to SmallGrad

 Final Function Value :          -36.6262
 Final RMS Gradient :              0.0006
 Final Gradient Norm :             0.0028
