
     ######################################################################
   ##########################################################################
  ###                                                                      ###
 ###            Tinker  ---  Software Tools for Molecular Design            ###
 ##                                                                          ##
 ##                          Version 8.7  June 2019                          ##
 ##                                                                          ##
 ##               Copyright (c)  Jay William Ponder  1990-2019               ##
 ###                           All Rights Reserved                          ###
  ###                                                                      ###
   ##########################################################################
     ######################################################################


 Additional Atom Definition Parameters :

     Type  Class  Symbol  Description               Atomic    Mass   Valence

     403    403     N     ModifiedRes                  7     14.007     3
     412    412     H     ModifiedRes                  1      1.008     1
     401    401     C     ModifiedRes                  6     12.011     4
     410    410     H     ModifiedRes                  1      1.008     1
     404    404     C     ModifiedRes                  6     12.011     3
     411    411     O     ModifiedRes                  8     15.999     1
     402    402     C     ModifiedRes                  6     12.011     4
     407    407     S     ModifiedRes                 16     32.066     2
     408    408     C     ModifiedRes                  6     12.011     2
     416    416     N     ModifiedRes                  7     14.007     1
     409    409     H     ModifiedRes                  1      1.008     1
     406    406     C     ModifiedRes                  6     12.011     3
     413    413     O     ModifiedRes                  8     15.999     1
     405    405     N     ModifiedRes                  7     14.007     3
     414    414     H     ModifiedRes                  1      1.008     1
     415    415     H     ModifiedRes                  1      1.008     1

 Additional Bond Stretching Parameters :

     Atom Classes             K(S)         Length

       401 403             374.800         1.4589
       403 406             482.000         1.3610
       403 412             542.000         1.0150
       401 410             341.000         1.0957
       401 404             345.300         1.5388
       401 402             345.300         1.5181
       404 405             482.000         1.3572
       404 411             705.000         1.2314
       402 409             395.500         1.0914
       402 407             235.800         1.8318
       407 408             235.800         1.6971
       408 416             450.000         1.1861
       406 413             705.000         1.2330
       406 414             356.400         1.1017
       405 415             542.000         1.0125

 Additional Angle Bending Parameters :

     Atom Classes             K(B)          Angle

     403 406 413            60.000        124.094
     401 403 412            35.000        118.942
     406 403 412            35.000        118.838
     401 404 405            70.000        113.359
     401 404 411            80.000        121.700
     401 402 407            53.200        108.210
     401 403 406            50.000        121.364
     404 401 410            38.000        109.343
     402 401 410            38.000        110.332
     403 401 410            50.600        106.311
     402 401 404            60.000        109.451
     403 401 404            80.000        110.698
     402 401 403            80.000        110.661
     402 407 408            60.430         97.779
     407 408 416            60.000        178.379
     409 402 409            39.570        108.414
     401 402 409            42.440        109.507
     407 402 409            60.240        109.536
     405 404 411            60.000        124.942
     413 406 414            68.340        122.634
     403 406 414            31.650        113.263
     415 405 415            22.300        119.362
     404 405 415            35.000        117.511

 Additional Stretch-Bend Parameters :

     Atom Classes          K(SB)-1        K(SB)-2

     401 403 412             4.300          7.200
     406 403 412             4.300          7.200
     401 404 405            18.700         18.700
     401 402 407            18.700         18.700
     401 403 406             7.200          7.200
     404 401 410            11.500         18.700
     402 401 410            11.500         18.700
     403 401 410            11.500         11.500
     402 401 404            18.700         18.700
     403 401 404            18.700         18.700
     402 401 403            18.700         18.700
     402 407 408            -5.750         -5.750
     401 402 409            11.500         11.500
     407 402 409            11.500         11.500
     403 406 414            11.500         11.500
     404 405 415             4.300          7.200
     415 405 415             4.300          7.200
     401 404 411            18.700         18.700
     413 406 414            11.500         11.500

 Additional Out-of-Plane Bend Parameters :

     Atom Classes                   K(OPB)

     401 403   0   0                14.400
     401 404   0   0                14.400
     403 406   0   0               107.910
     404 405   0   0                71.940
     405 404   0   0               107.910
     406 403   0   0                71.940
     411 404   0   0               122.298
     412 403   0   0                 5.755
     413 406   0   0               122.298
     414 406   0   0               140.283
     415 405   0   0                 5.755

 Additional Torsional Parameters :

     Atom Classes     1-Fold    2-Fold    3-Fold    4-Fold    5-Fold    6-Fold

   403 401 404 405   0.00   0  0.00 180  0.00   0  0.00   0  0.00   0  0.00   0
   403 401 404 411   0.00   0  0.00 180  0.00   0  0.00   0  0.00   0  0.00   0
   403 401 402 409   0.00   0  0.00 180  0.00   0  0.00   0  0.00   0  0.00   0
   403 401 402 407   0.00   0  0.00 180  0.00   0  0.00   0  0.00   0  0.00   0
   410 401 403 412   0.00   0  0.00 180  0.00   0  0.00   0  0.00   0  0.00   0
   404 401 403 412   0.00   0  0.00 180  0.00   0  0.00   0  0.00   0  0.00   0
   402 401 403 412   0.00   0  0.00 180  0.00   0  0.00   0  0.00   0  0.00   0
   412 403 406 413   0.00   0  0.00 180  0.00   0  0.00   0  0.00   0  0.00   0
   412 403 406 414   0.00   0  0.00 180  0.00   0  0.00   0  0.00   0  0.00   0
   401 404 405 415   0.00   0  1.20 180  0.80   0  0.00   0  0.00   0  0.00   0
   401 402 407 408   0.00   0  0.00 180  0.00   0  0.00   0  0.00   0  0.00   0
   401 403 406 413   0.00   0  0.00 180  0.00   0  0.00   0  0.00   0  0.00   0
   401 403 406 414   0.00   0  0.00 180  0.00   0  0.00   0  0.00   0  0.00   0
   410 401 404 405   0.00   0  0.00 180  0.00   0  0.00   0  0.00   0  0.00   0
   410 401 404 411   0.00   0  0.00 180  0.00   0  0.00   0  0.00   0  0.00   0
   410 401 402 409   0.00   0  0.00 180  0.00   0  0.00   0  0.00   0  0.00   0
   410 401 402 407   0.00   0  0.00 180  0.00   0  0.00   0  0.00   0  0.00   0
   410 401 403 406   0.00   0  0.00 180  0.00   0  0.00   0  0.00   0  0.00   0
   404 401 402 409   0.00   0  0.00 180  0.00   0  0.00   0  0.00   0  0.00   0
   404 401 402 407   0.00   0  0.00 180  0.00   0  0.00   0  0.00   0  0.00   0
   404 401 403 406   0.00   0  0.00 180  0.00   0  0.00   0  0.00   0  0.00   0
   411 404 405 415   0.00   0  0.00 180  0.00   0  0.00   0  0.00   0  0.00   0
   402 401 404 411   0.00   0  0.00 180  0.00   0  0.00   0  0.00   0  0.00   0
   402 401 404 405   0.00   0  0.00 180  0.00   0  0.00   0  0.00   0  0.00   0
   402 401 403 406   0.00   0  0.00 180  0.00   0  0.00   0  0.00   0  0.00   0
   402 407 408 416   0.00   0  0.00 180  0.50   0  0.00   0  0.00   0  0.00   0
   409 402 407 408   0.00   0  0.00 180  0.00   0  0.00   0  0.00   0  0.00   0

 Additional Pi-Orbital Torsion Parameters :

     Atom Classes       2-Fold

       404 405           6.850
       403 406           6.850

 Additional van der Waals Parameters :

     Atom Class               Size        Epsilon        Reduction

         403                3.7100         0.1100          0.000
         412                2.5900         0.0220          0.900
         401                3.6500         0.1010          0.000
         410                2.8800         0.0240          0.910
         404                3.8200         0.1060          0.000
         411                3.3000         0.1120          0.000
         402                3.7800         0.1060          0.000
         407                4.0050         0.3550          0.000
         408                3.7800         0.1060          0.000
         416                3.7100         0.1050          0.000
         409                2.8700         0.0330          0.900
         406                3.8200         0.1060          0.000
         413                3.3000         0.1120          0.000
         405                3.7100         0.1100          0.000
         414                2.9200         0.0300          0.920
         415                2.5900         0.0220          0.900

 Additional Atomic Multipole Parameters :

     Atom Type     Coordinate Frame Definition         Multipole Moments

         401      403    404      0   Z-then-X    -0.27040
                                                  -0.22190  0.00000  0.26102
                                                  -0.17903
                                                   0.00000 -0.24517
                                                   0.13675  0.00000  0.42420

         402      407    401      0   Z-then-X    -0.16380
                                                   0.27778  0.00000 -0.20334
                                                   0.30211
                                                   0.00000 -0.49081
                                                  -0.33263  0.00000  0.18870

         403      406    401      0   Z-then-X    -0.06286
                                                   0.37348  0.00000 -0.12295
                                                   0.79149
                                                   0.00000 -1.08676
                                                  -0.63736  0.00000  0.29527

         404      411    405      0   Z-then-X     0.97419
                                                  -0.10999  0.00000  0.25580
                                                   0.38321
                                                   0.00000 -0.33696
                                                  -0.17133  0.00000 -0.04625

         405      404    415      0   Z-then-X    -0.32376
                                                   0.05823  0.00000 -0.07138
                                                   0.32176
                                                   0.00000 -0.38869
                                                  -0.03945  0.00000  0.06693

         406      413    403      0   Z-then-X     0.63075
                                                   0.40149  0.00000  0.25741
                                                  -0.01797
                                                   0.00000  0.01503
                                                   0.00873  0.00000  0.00294

         407      408    402      0   Z-then-X     0.34019
                                                   0.47821  0.00000  0.49978
                                                   1.11919
                                                   0.00000 -2.31639
                                                  -0.50667  0.00000  1.19720

         408      407    416      0   Z-then-X     0.21608
                                                   0.00820  0.00000 -0.28509
                                                   0.05369
                                                   0.00000  0.10740
                                                   0.05156  0.00000 -0.16109

         409      402    407      0   Z-then-X     0.09933
                                                   0.00064  0.00000 -0.16410
                                                   0.07960
                                                   0.00000  0.07569
                                                  -0.01944  0.00000 -0.15529

         410      401    403      0   Z-then-X     0.10718
                                                  -0.02083  0.00000 -0.03604
                                                  -0.03187
                                                   0.00000  0.01466
                                                  -0.01392  0.00000  0.01721

         411      404    405      0   Z-then-X    -0.77613
                                                   0.13027  0.00000 -0.18830
                                                  -0.53109
                                                   0.00000  0.25725
                                                   0.21601  0.00000  0.27384

         412      403    401      0   Z-then-X     0.11911
                                                   0.01244  0.00000 -0.25689
                                                   0.04573
                                                   0.00000  0.01640
                                                  -0.00301  0.00000 -0.06213

         413      406    403      0   Z-then-X    -0.66614
                                                  -0.21394  0.00000 -0.03273
                                                  -0.49754
                                                   0.00000  0.12402
                                                  -0.24547  0.00000  0.37352

         414      406    413      0   Z-then-X    -0.02624
                                                   0.07068  0.00000 -0.22870
                                                   0.12255
                                                   0.00000  0.03666
                                                   0.03118  0.00000 -0.15921

         415      405    404      0   Z-then-X     0.13248
                                                   0.00045  0.00000 -0.38308
                                                   0.28470
                                                   0.00000  0.12111
                                                   0.01221  0.00000 -0.40581

         416      408    407      0   Z-then-X    -0.56179
                                                   0.01684  0.00000 -0.29231
                                                   0.37390
                                                   0.00000  0.24558
                                                   0.00671  0.00000 -0.61948

 Additional Atomic Dipole Polarizability Parameters :

     Atom Type           Alpha       Thole     Group Atom Types

         403             1.073       0.390         412  401  406
         412             0.496       0.390         403
         401             1.334       0.390         403  410  404  402
         410             0.496       0.390         401
         404             1.334       0.390         401  411  405
         411             0.837       0.390         404
         402             1.334       0.390         401  407  409
         407             3.300       0.390         402  408
         408             1.334       0.390         407  416
         416             1.073       0.390         408
         409             0.496       0.390         402
         406             1.334       0.390         403  413  414
         413             0.837       0.390         406
         405             1.073       0.390         404  415
         414             0.494       0.390         406
         415             0.496       0.390         405

 Limited Memory BFGS Quasi-Newton Optimization :

 QN Iter     F Value      G RMS      F Move   X Move   Angle  FG Call  Comment

     0      -19.6946     5.7878                                   1
     1      -19.7377     4.9866      0.0432   0.0008    0.00      3    Success 
     2      -19.7651     3.6448      0.0273   0.0005   40.55      4    Success 
     3      -19.8020     3.6748      0.0369   0.0011   42.51      5    Success 
     4      -19.8356     7.2960      0.0336   0.0017   55.91      6    Success 
     5      -19.8741     4.3059      0.0386   0.0016   73.23      7    Success 
     6      -19.9021     3.0821      0.0280   0.0011   62.70      8    Success 
     7      -19.9307     2.9443      0.0287   0.0014   59.64      9    Success 
     8      -19.9699     3.6467      0.0392   0.0022   63.08     10    Success 
     9      -20.0212     3.5009      0.0513   0.0037   71.26     11    Success 
    10      -20.0667     3.4233      0.0455   0.0037   71.86     12    Success 
    11      -20.1029     2.3592      0.0362   0.0028   71.79     13    Success 
    12      -20.1315     2.5196      0.0286   0.0024   62.58     14    Success 
    13      -20.1538     2.2006      0.0223   0.0018   65.50     15    Success 
    14      -20.1749     1.9313      0.0210   0.0019   66.68     16    Success 
    15      -20.1944     2.5293      0.0196   0.0028   68.20     17    Success 
    16      -20.2107     1.7053      0.0163   0.0019   72.92     18    Success 
    17      -20.2200     1.8779      0.0094   0.0011   67.49     19    Success 
    18      -20.2234     8.0419      0.0034   0.0013   71.70     20    Success 
    19      -20.2276     2.0307      0.0042   0.0002   73.68     21    Success 
    20      -20.2293     1.6935      0.0017   0.0002   72.53     22    Success 
    21      -20.2307     1.5692      0.0014   0.0002   73.51     23    Success 
    22      -20.2334     1.8363      0.0026   0.0003   67.83     24    Success 
    23      -20.2380     1.4899      0.0046   0.0005   72.92     25    Success 
    24      -20.2454     1.1395      0.0074   0.0012   73.85     26    Success 
    25      -20.2526     1.7943      0.0072   0.0024   73.33     27    Success 
    26      -20.2557     0.9195      0.0031   0.0008   80.18     28    Success 
    27      -20.2583     0.9945      0.0026   0.0005   67.34     29    Success 
    28      -20.2612     0.8488      0.0029   0.0008   72.07     30    Success 
    29      -20.2628     0.6696      0.0016   0.0004   69.88     31    Success 
    30      -20.2644     0.5837      0.0016   0.0005   66.25     32    Success 
    31      -20.2656     0.4217      0.0012   0.0004   62.00     33    Success 
    32      -20.2663     0.4223      0.0007   0.0003   62.79     34    Success 
    33      -20.2667     0.8185      0.0004   0.0004   68.94     35    Success 
    34      -20.2673     0.3743      0.0006   0.0001   64.04     36    Success 
    35      -20.2679     0.4185      0.0006   0.0002   56.04     37    Success 
    36      -20.2684     0.4882      0.0006   0.0003   71.61     38    Success 
    37      -20.2694     0.5371      0.0010   0.0005   73.39     39    Success 
    38      -20.2706     0.8401      0.0012   0.0008   75.99     40    Success 
    39      -20.2723     0.6302      0.0017   0.0011   81.51     41    Success 
    40      -20.2728     1.3495      0.0005   0.0014   81.67     42    Success 
    41      -20.2735     0.5698      0.0007   0.0002   77.33     43    Success 
    42      -20.2740     0.7774      0.0005   0.0003   74.29     44    Success 
    43      -20.2746     0.8080      0.0006   0.0002   68.52     45    Success 
    44      -20.2757     0.9346      0.0010   0.0004   78.12     46    Success 
    45      -20.2773     0.5993      0.0016   0.0009   82.39     47    Success 
    46      -20.2792     0.6927      0.0019   0.0020   81.42     48    Success 
    47      -20.2796     0.7286      0.0004   0.0004   80.01     50    Success 
    48      -20.2802     0.6862      0.0007   0.0006   84.24     51    Success 
    49      -20.2814     0.6731      0.0011   0.0008   82.10     52    Success 
    50      -20.2832     0.5991      0.0018   0.0013   81.70     53    Success 
    51      -20.2850     0.7139      0.0018   0.0023   81.33     54    Success 
    52      -20.2853     0.9755      0.0002   0.0014   82.10     55    Success 
    53      -20.2857     0.6900      0.0004   0.0002   83.55     56    Success 
    54      -20.2862     0.2421      0.0006   0.0006   83.32     57    Success 
    55      -20.2865     0.2536      0.0002   0.0003   75.31     58    Success 
    56      -20.2867     0.3524      0.0002   0.0002   71.82     59    Success 
    57      -20.2870     0.5968      0.0003   0.0003   77.54     60    Success 
    58      -20.2874     0.4029      0.0004   0.0005   83.72     61    Success 
    59      -20.2878     0.2279      0.0004   0.0006   83.26     62    Success 
    60      -20.2881     0.1814      0.0003   0.0005   77.33     63    Success 
    61      -20.2883     0.2269      0.0001   0.0002   71.24     64    Success 
    62      -20.2883     0.2606      0.0001   0.0002   83.67     66    Success 
    63      -20.2884     0.1664      0.0001   0.0001   77.77     67    Success 
    64      -20.2885     0.1305      0.0001   0.0001   71.21     68    Success 
    65      -20.2886     0.1995      0.0001   0.0002   67.35     69    Success 
    66      -20.2887     0.1819      0.0001   0.0002   76.72     70    Success 
    67      -20.2887     0.1573      0.0001   0.0003   81.99     71    Success 
    68      -20.2888     0.2375      0.0001   0.0001   68.65     72    Success 
    69      -20.2888     0.1459      0.0000   0.0001   83.22     73    Success 
    70      -20.2889     0.1360      0.0001   0.0001   69.60     74    Success 
    71      -20.2890     0.1479      0.0001   0.0002   71.22     75    Success 
    72      -20.2891     0.1335      0.0001   0.0002   77.07     76    Success 
    73      -20.2892     0.1351      0.0001   0.0002   75.68     77    Success 
    74      -20.2892     0.0614      0.0000   0.0002   77.96     78    Success 
    75      -20.2892     0.0436      0.0000   0.0000   54.80     79    Success 
    76      -20.2893     0.0449      0.0000   0.0001   62.83     80    Success 
    77      -20.2893     0.0697      0.0000   0.0000   69.33     82    Success 
    78      -20.2893     0.0543      0.0000   0.0000   77.78     83    Success 
    79      -20.2893     0.0422      0.0000   0.0001   73.95     84    Success 
    80      -20.2893     0.0546      0.0000   0.0001   71.26     85    Success 
    81      -20.2893     0.0790      0.0000   0.0001   77.38     87    Success 
    82      -20.2893     0.0465      0.0000   0.0001   80.83     88    Success 
    83      -20.2893     0.0343      0.0000   0.0000   69.89     89    Success 
    84      -20.2893     0.0548      0.0000   0.0000   64.95     90    Success 
    85      -20.2893     0.0914      0.0000   0.0001   74.85     91    Success 
    86      -20.2893     0.0472      0.0000   0.0000   80.06     92    Success 
    87      -20.2894     0.0388      0.0000   0.0001   78.38     93    Success 
    88      -20.2894     0.0321      0.0000   0.0000   80.36     94    Success 
    89      -20.2894     0.0511      0.0000   0.0001   78.45     95    Success 
    90      -20.2894     0.0847      0.0000   0.0001   80.34     96    Success 
    91      -20.2894     0.0406      0.0000   0.0000   80.91     97    Success 
    92      -20.2894     0.0262      0.0000   0.0000   78.93     98    Success 
    93      -20.2894     0.0326      0.0000   0.0000   73.24     99    Success 
    94      -20.2894     0.0333      0.0000   0.0000   73.23    100    Success 
    95      -20.2894     0.0604      0.0000   0.0001   78.08    101    Success 
    96      -20.2894     0.0370      0.0000   0.0000   81.58    102    Success 
    97      -20.2894     0.0218      0.0000   0.0001   80.30    103    Success 
    98      -20.2894     0.0277      0.0000   0.0001   74.22    104    Success 
    99      -20.2894     0.0457      0.0000   0.0000   76.47    105    Success 
   100      -20.2894     0.0359      0.0000   0.0001   81.55    106    Success 
   101      -20.2894     0.0467      0.0000   0.0001   76.74    107    Success 
   102      -20.2894     0.0303      0.0000   0.0001   80.30    108    Success 
   103      -20.2894     0.0218      0.0000   0.0000   73.09    109    Success 
   104      -20.2894     0.0359      0.0000   0.0000   73.57    110    Success 
   105      -20.2894     0.0164      0.0000   0.0000   77.03    111    Success 
   106      -20.2894     0.0175      0.0000   0.0000   74.10    112    Success 
   107      -20.2894     0.0182      0.0000   0.0000   76.22    113    Success 
   108      -20.2894     0.0325      0.0000   0.0000   79.25    114    Success 
   109      -20.2894     0.0186      0.0000   0.0000   80.40    115    Success 
   110      -20.2894     0.0128      0.0000   0.0000   76.61    116    Success 
   111      -20.2894     0.0141      0.0000   0.0000   75.71    117    Success 
   112      -20.2894     0.0262      0.0000   0.0000   70.69    118    Success 
   113      -20.2894     0.0145      0.0000   0.0000   82.81    119    Success 
   114      -20.2894     0.0101      0.0000   0.0000   78.81    120    Success 
   115      -20.2894     0.0096      0.0000   0.0000   72.21    121    Success 
   116      -20.2894     0.0126      0.0000   0.0000   71.46    122    Success 
   117      -20.2894     0.0155      0.0000   0.0000   77.68    123    Success 
   118      -20.2894     0.0249      0.0000   0.0000   79.93    124    Success 
   119      -20.2894     0.0123      0.0000   0.0000   79.04    125    Success 
   120      -20.2894     0.0098      0.0000   0.0000   71.28    126    Success 
   121      -20.2894     0.0120      0.0000   0.0000   73.11    127    Success 
   122      -20.2894     0.0176      0.0000   0.0000   76.24    128    Success 
   123      -20.2894     0.0145      0.0000   0.0000   81.71    129    Success 
   124      -20.2894     0.0071      0.0000   0.0000   56.52    130    Success 
   125      -20.2894     0.0090      0.0000   0.0000   55.35    131    Success 
   126      -20.2894     0.0104      0.0000   0.0000   73.91    132    Success 
   127      -20.2894     0.0145      0.0000   0.0000   79.25    133    Success 
   128      -20.2894     0.0105      0.0000   0.0000   81.93    134    Success 
   129      -20.2894     0.0110      0.0000   0.0000   80.43    135    Success 
   130      -20.2894     0.0074      0.0000   0.0000   82.88    136    Success 
   131      -20.2894     0.0056      0.0000   0.0000   73.07    137    Success 
   132      -20.2894     0.0056      0.0000   0.0000   62.58    138    Success 
   133      -20.2894     0.0074      0.0000   0.0000   69.36    139    Success 
   134      -20.2894     0.0091      0.0000   0.0000   79.12    141    Success 
   135      -20.2894     0.0053      0.0000   0.0000   82.71    142    Success 
   136      -20.2894     0.0041      0.0000   0.0000   79.56    143    Success 
   137      -20.2894     0.0044      0.0000   0.0000   76.78    144    Success 
   138      -20.2894     0.0076      0.0000   0.0000   72.15    145    Success 
   139      -20.2894     0.0037      0.0000   0.0000   80.58    146    Success 
   140      -20.2894     0.0029      0.0000   0.0000   63.98    147    Success 
   141      -20.2894     0.0032      0.0000   0.0000   63.51    148    Success 
   142      -20.2894     0.0033      0.0000   0.0000   74.92    149    Success 
   143      -20.2894     0.0024      0.0000   0.0000   80.03    150    Success 
   144      -20.2894     0.0033      0.0000   0.0000   76.38    151    Success 
   145      -20.2894     0.0051      0.0000   0.0000   79.10    152    Success 
   146      -20.2894     0.0027      0.0000   0.0000   76.51    153    Success 
   147      -20.2894     0.0020      0.0000   0.0000   77.32    154    Success 
   148      -20.2894     0.0018      0.0000   0.0000   76.24    155    Success 
   149      -20.2894     0.0029      0.0000   0.0000   75.85    156    Success 
   150      -20.2894     0.0021      0.0000   0.0000   82.99    157    Success 
   151      -20.2894     0.0018      0.0000   0.0000   75.61    158    Success 
   152      -20.2894     0.0014      0.0000   0.0000   77.71    159    Success 
   153      -20.2894     0.0013      0.0000   0.0000   75.53    160    Success 
   154      -20.2894     0.0016      0.0000   0.0000   72.91    161    Success 
   155      -20.2894     0.0018      0.0000   0.0000   78.51    162    Success 
   156      -20.2894     0.0029      0.0000   0.0000   82.27    163    Success 
   157      -20.2894     0.0011      0.0000   0.0000   76.49    164    Success 
   158      -20.2894     0.0010      0.0000   0.0000   67.82    165   SmallGrad

 LBFGS  --  Normal Termination due to SmallGrad

 Final Function Value :          -20.2894
 Final RMS Gradient :              0.0010
 Final Gradient Norm :             0.0042
