
     ######################################################################
   ##########################################################################
  ###                                                                      ###
 ###            Tinker  ---  Software Tools for Molecular Design            ###
 ##                                                                          ##
 ##                          Version 8.7  June 2019                          ##
 ##                                                                          ##
 ##               Copyright (c)  Jay William Ponder  1990-2019               ##
 ###                           All Rights Reserved                          ###
  ###                                                                      ###
   ##########################################################################
     ######################################################################


 Additional Atom Definition Parameters :

     Type  Class  Symbol  Description               Atomic    Mass   Valence

     403    403     N     ModifiedRes                  7     14.007     3
     412    412     H     ModifiedRes                  1      1.008     1
     401    401     C     ModifiedRes                  6     12.011     4
     410    410     H     ModifiedRes                  1      1.008     1
     404    404     C     ModifiedRes                  6     12.011     3
     411    411     O     ModifiedRes                  8     15.999     1
     402    402     C     ModifiedRes                  6     12.011     4
     407    407     S     ModifiedRes                 16     32.066     2
     408    408     C     ModifiedRes                  6     12.011     2
     416    416     N     ModifiedRes                  7     14.007     1
     409    409     H     ModifiedRes                  1      1.008     1
     406    406     C     ModifiedRes                  6     12.011     3
     413    413     O     ModifiedRes                  8     15.999     1
     405    405     N     ModifiedRes                  7     14.007     3
     414    414     H     ModifiedRes                  1      1.008     1
     415    415     H     ModifiedRes                  1      1.008     1

 Additional Bond Stretching Parameters :

     Atom Classes             K(S)         Length

       401 403             374.800         1.4589
       403 406             482.000         1.3610
       403 412             542.000         1.0150
       401 410             341.000         1.0957
       401 404             345.300         1.5388
       401 402             345.300         1.5181
       404 405             482.000         1.3572
       404 411             705.000         1.2314
       402 409             395.500         1.0914
       402 407             235.800         1.8318
       407 408             235.800         1.6971
       408 416             450.000         1.1861
       406 413             705.000         1.2330
       406 414             356.400         1.1017
       405 415             542.000         1.0125

 Additional Angle Bending Parameters :

     Atom Classes             K(B)          Angle

     403 406 413            60.000        124.094
     401 403 412            35.000        118.942
     406 403 412            35.000        118.838
     401 404 405            70.000        113.359
     401 404 411            80.000        121.700
     401 402 407            53.200        108.210
     401 403 406            50.000        121.364
     404 401 410            38.000        109.343
     402 401 410            38.000        110.332
     403 401 410            50.600        106.311
     402 401 404            60.000        109.451
     403 401 404            80.000        110.698
     402 401 403            80.000        110.661
     402 407 408            60.430         97.779
     407 408 416            60.000        178.379
     409 402 409            39.570        108.414
     401 402 409            42.440        109.507
     407 402 409            60.240        109.536
     405 404 411            60.000        124.942
     413 406 414            68.340        122.634
     403 406 414            31.650        113.263
     415 405 415            22.300        119.362
     404 405 415            35.000        117.511

 Additional Stretch-Bend Parameters :

     Atom Classes          K(SB)-1        K(SB)-2

     401 403 412             4.300          7.200
     406 403 412             4.300          7.200
     401 404 405            18.700         18.700
     401 402 407            18.700         18.700
     401 403 406             7.200          7.200
     404 401 410            11.500         18.700
     402 401 410            11.500         18.700
     403 401 410            11.500         11.500
     402 401 404            18.700         18.700
     403 401 404            18.700         18.700
     402 401 403            18.700         18.700
     402 407 408            -5.750         -5.750
     401 402 409            11.500         11.500
     407 402 409            11.500         11.500
     403 406 414            11.500         11.500
     404 405 415             4.300          7.200
     415 405 415             4.300          7.200
     401 404 411            18.700         18.700
     413 406 414            11.500         11.500

 Additional Out-of-Plane Bend Parameters :

     Atom Classes                   K(OPB)

     401 403   0   0                14.400
     401 404   0   0                14.400
     403 406   0   0               107.910
     404 405   0   0                71.940
     405 404   0   0               107.910
     406 403   0   0                71.940
     411 404   0   0               122.298
     412 403   0   0                 5.755
     413 406   0   0               122.298
     414 406   0   0               140.283
     415 405   0   0                 5.755

 Additional Torsional Parameters :

     Atom Classes     1-Fold    2-Fold    3-Fold    4-Fold    5-Fold    6-Fold

   403 401 404 405   0.00   0  0.00 180  0.00   0  0.00   0  0.00   0  0.00   0
   403 401 404 411   0.00   0  0.00 180  0.00   0  0.00   0  0.00   0  0.00   0
   403 401 402 409   0.00   0  0.00 180  0.00   0  0.00   0  0.00   0  0.00   0
   403 401 402 407   0.00   0  0.00 180  0.00   0  0.00   0  0.00   0  0.00   0
   410 401 403 412   0.00   0  0.00 180  0.00   0  0.00   0  0.00   0  0.00   0
   404 401 403 412   0.00   0  0.00 180  0.00   0  0.00   0  0.00   0  0.00   0
   402 401 403 412   0.00   0  0.00 180  0.00   0  0.00   0  0.00   0  0.00   0
   412 403 406 413   0.00   0  0.00 180  0.00   0  0.00   0  0.00   0  0.00   0
   412 403 406 414   0.00   0  0.00 180  0.00   0  0.00   0  0.00   0  0.00   0
   401 404 405 415   0.00   0  1.20 180  0.80   0  0.00   0  0.00   0  0.00   0
   401 402 407 408   0.00   0  0.00 180  0.00   0  0.00   0  0.00   0  0.00   0
   401 403 406 413   0.00   0  0.00 180  0.00   0  0.00   0  0.00   0  0.00   0
   401 403 406 414   0.00   0  0.00 180  0.00   0  0.00   0  0.00   0  0.00   0
   410 401 404 405   0.00   0  0.00 180  0.00   0  0.00   0  0.00   0  0.00   0
   410 401 404 411   0.00   0  0.00 180  0.00   0  0.00   0  0.00   0  0.00   0
   410 401 402 409   0.00   0  0.00 180  0.00   0  0.00   0  0.00   0  0.00   0
   410 401 402 407   0.00   0  0.00 180  0.00   0  0.00   0  0.00   0  0.00   0
   410 401 403 406   0.00   0  0.00 180  0.00   0  0.00   0  0.00   0  0.00   0
   404 401 402 409   0.00   0  0.00 180  0.00   0  0.00   0  0.00   0  0.00   0
   404 401 402 407   0.00   0  0.00 180  0.00   0  0.00   0  0.00   0  0.00   0
   404 401 403 406   0.00   0  0.00 180  0.00   0  0.00   0  0.00   0  0.00   0
   411 404 405 415   0.00   0  0.00 180  0.00   0  0.00   0  0.00   0  0.00   0
   402 401 404 411   0.00   0  0.00 180  0.00   0  0.00   0  0.00   0  0.00   0
   402 401 404 405   0.00   0  0.00 180  0.00   0  0.00   0  0.00   0  0.00   0
   402 401 403 406   0.00   0  0.00 180  0.00   0  0.00   0  0.00   0  0.00   0
   402 407 408 416   0.00   0  0.00 180  0.50   0  0.00   0  0.00   0  0.00   0
   409 402 407 408   0.00   0  0.00 180  0.00   0  0.00   0  0.00   0  0.00   0

 Additional Pi-Orbital Torsion Parameters :

     Atom Classes       2-Fold

       404 405           6.850
       403 406           6.850

 Additional van der Waals Parameters :

     Atom Class               Size        Epsilon        Reduction

         403                3.7100         0.1100          0.000
         412                2.5900         0.0220          0.900
         401                3.6500         0.1010          0.000
         410                2.8800         0.0240          0.910
         404                3.8200         0.1060          0.000
         411                3.3000         0.1120          0.000
         402                3.7800         0.1060          0.000
         407                4.0050         0.3550          0.000
         408                3.7800         0.1060          0.000
         416                3.7100         0.1050          0.000
         409                2.8700         0.0330          0.900
         406                3.8200         0.1060          0.000
         413                3.3000         0.1120          0.000
         405                3.7100         0.1100          0.000
         414                2.9200         0.0300          0.920
         415                2.5900         0.0220          0.900

 Additional Atomic Multipole Parameters :

     Atom Type     Coordinate Frame Definition         Multipole Moments

         401      403    404      0   Z-then-X    -0.27040
                                                  -0.22190  0.00000  0.26102
                                                  -0.17903
                                                   0.00000 -0.24517
                                                   0.13675  0.00000  0.42420

         402      407    401      0   Z-then-X    -0.16380
                                                   0.27778  0.00000 -0.20334
                                                   0.30211
                                                   0.00000 -0.49081
                                                  -0.33263  0.00000  0.18870

         403      406    401      0   Z-then-X    -0.06286
                                                   0.37348  0.00000 -0.12295
                                                   0.79149
                                                   0.00000 -1.08676
                                                  -0.63736  0.00000  0.29527

         404      411    405      0   Z-then-X     0.97419
                                                  -0.10999  0.00000  0.25580
                                                   0.38321
                                                   0.00000 -0.33696
                                                  -0.17133  0.00000 -0.04625

         405      404    415      0   Z-then-X    -0.32376
                                                   0.05823  0.00000 -0.07138
                                                   0.32176
                                                   0.00000 -0.38869
                                                  -0.03945  0.00000  0.06693

         406      413    403      0   Z-then-X     0.63075
                                                   0.40149  0.00000  0.25741
                                                  -0.01797
                                                   0.00000  0.01503
                                                   0.00873  0.00000  0.00294

         407      408    402      0   Z-then-X     0.34019
                                                   0.47821  0.00000  0.49978
                                                   1.11919
                                                   0.00000 -2.31639
                                                  -0.50667  0.00000  1.19720

         408      407    416      0   Z-then-X     0.21608
                                                   0.00820  0.00000 -0.28509
                                                   0.05369
                                                   0.00000  0.10740
                                                   0.05156  0.00000 -0.16109

         409      402    407      0   Z-then-X     0.09933
                                                   0.00064  0.00000 -0.16410
                                                   0.07960
                                                   0.00000  0.07569
                                                  -0.01944  0.00000 -0.15529

         410      401    403      0   Z-then-X     0.10718
                                                  -0.02083  0.00000 -0.03604
                                                  -0.03187
                                                   0.00000  0.01466
                                                  -0.01392  0.00000  0.01721

         411      404    405      0   Z-then-X    -0.77613
                                                   0.13027  0.00000 -0.18830
                                                  -0.53109
                                                   0.00000  0.25725
                                                   0.21601  0.00000  0.27384

         412      403    401      0   Z-then-X     0.11911
                                                   0.01244  0.00000 -0.25689
                                                   0.04573
                                                   0.00000  0.01640
                                                  -0.00301  0.00000 -0.06213

         413      406    403      0   Z-then-X    -0.66614
                                                  -0.21394  0.00000 -0.03273
                                                  -0.49754
                                                   0.00000  0.12402
                                                  -0.24547  0.00000  0.37352

         414      406    413      0   Z-then-X    -0.02624
                                                   0.07068  0.00000 -0.22870
                                                   0.12255
                                                   0.00000  0.03666
                                                   0.03118  0.00000 -0.15921

         415      405    404      0   Z-then-X     0.13248
                                                   0.00045  0.00000 -0.38308
                                                   0.28470
                                                   0.00000  0.12111
                                                   0.01221  0.00000 -0.40581

         416      408    407      0   Z-then-X    -0.56179
                                                   0.01684  0.00000 -0.29231
                                                   0.37390
                                                   0.00000  0.24558
                                                   0.00671  0.00000 -0.61948

 Additional Atomic Dipole Polarizability Parameters :

     Atom Type           Alpha       Thole     Group Atom Types

         403             1.073       0.390         412  401  406
         412             0.496       0.390         403
         401             1.334       0.390         403  410  404  402
         410             0.496       0.390         401
         404             1.334       0.390         401  411  405
         411             0.837       0.390         404
         402             1.334       0.390         401  407  409
         407             3.300       0.390         402  408
         408             1.334       0.390         407  416
         416             1.073       0.390         408
         409             0.496       0.390         402
         406             1.334       0.390         403  413  414
         413             0.837       0.390         406
         405             1.073       0.390         404  415
         414             0.494       0.390         406
         415             0.496       0.390         405

 Limited Memory BFGS Quasi-Newton Optimization :

 QN Iter     F Value      G RMS      F Move   X Move   Angle  FG Call  Comment

     0      300.3462   318.4921                                   1
     1      157.3012   372.5490    143.0450   0.0982    0.00      2    Success 
     2       32.9897   123.6030    124.3114   0.0327    6.16      3    Success 
     3        3.9668    73.5578     29.0229   0.0196   24.63      4    Success 
     4       -8.7908   145.9285     12.7576   0.0366   30.24      5    Success 
     5      -18.9148    50.3531     10.1241   0.0127   44.56      6    Success 
     6      -20.8645    32.0810      1.9497   0.0040   47.51      7    Success 
     7      -23.7075    22.3547      2.8429   0.0071   19.19      8    Success 
     8      -26.2471    24.7106      2.5397   0.0110   33.60      9    Success 
     9      -28.2635    30.5571      2.0164   0.0143   56.02     10    Success 
    10      -29.2968    24.6479      1.0333   0.0151   65.38     11    Success 
    11      -30.0456    10.7694      0.7488   0.0037   46.84     12    Success 
    12      -30.4496    10.2411      0.4040   0.0032   30.01     13    Success 
    13      -31.0310    10.3527      0.5815   0.0070   51.35     14    Success 
    14      -31.6129     9.0953      0.5819   0.0105   62.21     15    Success 
    15      -31.7595     8.0469      0.1465   0.0042   64.82     17    Success 
    16      -31.8996     4.4590      0.1401   0.0038   68.28     18    Success 
    17      -31.9999     4.3774      0.1003   0.0029   54.99     19    Success 
    18      -32.1298     4.9246      0.1298   0.0045   58.26     20    Success 
    19      -32.1930     8.8724      0.0633   0.0066   66.57     21    Success 
    20      -32.2860     4.2561      0.0929   0.0014   54.27     22    Success 
    21      -32.3508     2.7834      0.0648   0.0020   49.80     23    Success 
    22      -32.3929     3.4053      0.0421   0.0021   59.58     24    Success 
    23      -32.4610     3.4100      0.0680   0.0036   67.74     25    Success 
    24      -32.5363     6.1689      0.0754   0.0064   69.61     26    Success 
    25      -32.6057     2.7805      0.0694   0.0072   79.19     27    Success 
    26      -32.6305     1.6941      0.0248   0.0009   41.17     28    Success 
    27      -32.6511     2.1807      0.0206   0.0015   44.67     29    Success 
    28      -32.6598     3.5434      0.0087   0.0011   66.08     31    Success 
    29      -32.6735     2.5676      0.0137   0.0013   78.23     32    Success 
    30      -32.6952     1.6507      0.0217   0.0023   75.10     33    Success 
    31      -32.7206     1.8540      0.0253   0.0039   70.54     34    Success 
    32      -32.7381     1.9152      0.0175   0.0026   74.04     35    Success 
    33      -32.7490     3.6953      0.0110   0.0038   74.33     36    Success 
    34      -32.7643     1.3902      0.0153   0.0008   66.83     37    Success 
    35      -32.7714     1.0941      0.0070   0.0009   60.48     38    Success 
    36      -32.7758     1.1824      0.0044   0.0006   59.80     39    Success 
    37      -32.7832     1.1393      0.0074   0.0011   66.97     40    Success 
    38      -32.7895     2.0643      0.0063   0.0019   67.79     41    Success 
    39      -32.7975     0.7899      0.0079   0.0017   78.32     42    Success 
    40      -32.8004     0.6622      0.0029   0.0008   70.67     43    Success 
    41      -32.8041     0.8039      0.0037   0.0011   65.38     44    Success 
    42      -32.8055     1.2958      0.0014   0.0012   69.50     45    Success 
    43      -32.8075     0.6505      0.0021   0.0002   59.88     46    Success 
    44      -32.8091     0.4286      0.0015   0.0004   60.95     47    Success 
    45      -32.8102     0.5419      0.0011   0.0003   58.10     48    Success 
    46      -32.8120     0.5951      0.0019   0.0006   66.96     49    Success 
    47      -32.8140     1.1569      0.0020   0.0011   71.24     50    Success 
    48      -32.8165     0.5534      0.0025   0.0012   81.24     51    Success 
    49      -32.8176     0.3504      0.0011   0.0007   76.40     52    Success 
    50      -32.8185     0.6860      0.0009   0.0007   68.46     53    Success 
    51      -32.8191     0.7566      0.0006   0.0004   75.68     54    Success 
    52      -32.8197     0.4565      0.0006   0.0002   70.77     55    Success 
    53      -32.8205     0.2998      0.0008   0.0004   67.55     56    Success 
    54      -32.8210     0.3143      0.0005   0.0003   71.74     57    Success 
    55      -32.8217     0.3018      0.0007   0.0005   71.62     58    Success 
    56      -32.8222     0.9137      0.0005   0.0008   69.97     59    Success 
    57      -32.8229     0.4690      0.0007   0.0004   80.72     60    Success 
    58      -32.8234     0.2246      0.0005   0.0004   75.71     61    Success 
    59      -32.8237     0.2399      0.0003   0.0002   66.54     62    Success 
    60      -32.8241     0.2384      0.0004   0.0003   68.91     63    Success 
    61      -32.8246     0.4076      0.0005   0.0006   69.59     64    Success 
    62      -32.8250     0.2747      0.0004   0.0007   79.44     65    Success 
    63      -32.8252     0.1777      0.0002   0.0001   51.85     66    Success 
    64      -32.8254     0.1735      0.0002   0.0001   47.86     67    Success 
    65      -32.8256     0.2346      0.0002   0.0002   68.96     68    Success 
    66      -32.8259     0.1874      0.0003   0.0004   76.60     69    Success 
    67      -32.8263     0.2201      0.0004   0.0006   74.40     70    Success 
    68      -32.8267     0.2924      0.0004   0.0010   78.06     71    Success 
    69      -32.8272     0.2329      0.0004   0.0006   77.78     72    Success 
    70      -32.8276     0.2701      0.0004   0.0006   72.68     73    Success 
    71      -32.8278     0.4028      0.0001   0.0005   75.39     74    Success 
    72      -32.8279     0.1928      0.0002   0.0001   65.86     75    Success 
    73      -32.8280     0.1307      0.0001   0.0001   55.97     76    Success 
    74      -32.8281     0.1650      0.0001   0.0001   72.39     77    Success 
    75      -32.8282     0.1639      0.0001   0.0002   78.09     78    Success 
    76      -32.8284     0.1442      0.0002   0.0004   78.73     79    Success 
    77      -32.8286     0.2526      0.0002   0.0006   77.50     80    Success 
    78      -32.8287     0.1354      0.0002   0.0004   80.14     81    Success 
    79      -32.8288     0.0812      0.0001   0.0001   55.76     82    Success 
    80      -32.8288     0.1267      0.0000   0.0001   48.11     83    Success 
    81      -32.8289     0.1370      0.0000   0.0001   65.35     84    Success 
    82      -32.8289     0.0784      0.0000   0.0000   74.09     85    Success 
    83      -32.8289     0.0556      0.0000   0.0001   71.75     86    Success 
    84      -32.8289     0.0759      0.0000   0.0001   69.72     87    Success 
    85      -32.8290     0.0896      0.0000   0.0001   70.99     88    Success 
    86      -32.8290     0.1083      0.0000   0.0001   74.84     90    Success 
    87      -32.8290     0.0542      0.0000   0.0001   77.45     91    Success 
    88      -32.8290     0.0404      0.0000   0.0001   68.11     92    Success 
    89      -32.8291     0.0501      0.0000   0.0001   62.13     93    Success 
    90      -32.8291     0.0611      0.0000   0.0001   70.93     94    Success 
    91      -32.8291     0.0454      0.0000   0.0001   72.69     95    Success 
    92      -32.8291     0.0254      0.0000   0.0000   57.58     96    Success 
    93      -32.8291     0.0325      0.0000   0.0000   54.16     97    Success 
    94      -32.8291     0.0424      0.0000   0.0000   72.59     98    Success 
    95      -32.8291     0.0584      0.0000   0.0001   76.54     99    Success 
    96      -32.8291     0.0285      0.0000   0.0000   80.67    100    Success 
    97      -32.8291     0.0230      0.0000   0.0000   71.84    101    Success 
    98      -32.8291     0.0276      0.0000   0.0000   63.51    102    Success 
    99      -32.8291     0.0291      0.0000   0.0000   71.73    103    Success 
   100      -32.8291     0.0256      0.0000   0.0000   74.62    104    Success 
   101      -32.8291     0.0121      0.0000   0.0000   57.50    105    Success 
   102      -32.8291     0.0150      0.0000   0.0000   46.40    106    Success 
   103      -32.8291     0.0154      0.0000   0.0000   66.81    107    Success 
   104      -32.8291     0.0295      0.0000   0.0000   74.07    108    Success 
   105      -32.8291     0.0104      0.0000   0.0000   78.28    109    Success 
   106      -32.8291     0.0062      0.0000   0.0000   62.11    110    Success 
   107      -32.8291     0.0075      0.0000   0.0000   61.32    111    Success 
   108      -32.8291     0.0078      0.0000   0.0000   71.29    112    Success 
   109      -32.8291     0.0114      0.0000   0.0000   68.78    114    Success 
   110      -32.8291     0.0074      0.0000   0.0000   77.92    115    Success 
   111      -32.8291     0.0032      0.0000   0.0000   72.54    116    Success 
   112      -32.8291     0.0036      0.0000   0.0000   56.72    117    Success 
   113      -32.8291     0.0037      0.0000   0.0000   60.33    118    Success 
   114      -32.8291     0.0049      0.0000   0.0000   65.14    120    Success 
   115      -32.8291     0.0026      0.0000   0.0000   71.48    121    Success 
   116      -32.8291     0.0022      0.0000   0.0000   62.98    122    Success 
   117      -32.8291     0.0029      0.0000   0.0000   64.66    123    Success 
   118      -32.8291     0.0044      0.0000   0.0000   72.04    125    Success 
   119      -32.8291     0.0025      0.0000   0.0000   77.87    126    Success 
   120      -32.8291     0.0014      0.0000   0.0000   69.95    127    Success 
   121      -32.8291     0.0017      0.0000   0.0000   59.01    128    Success 
   122      -32.8291     0.0022      0.0000   0.0000   67.04    129    Success 
   123      -32.8291     0.0017      0.0000   0.0000   72.16    130    Success 
   124      -32.8291     0.0012      0.0000   0.0000   65.83    131    Success 
   125      -32.8291     0.0014      0.0000   0.0000   63.07    132    Success 
   126      -32.8291     0.0015      0.0000   0.0000   71.20    133    Success 
   127      -32.8291     0.0012      0.0000   0.0000   74.39    134    Success 
   128      -32.8291     0.0015      0.0000   0.0000   69.84    136    Success 
   129      -32.8291     0.0011      0.0000   0.0000   72.49    137    Success 
   130      -32.8291     0.0009      0.0000   0.0000   68.86    138   SmallGrad

 LBFGS  --  Normal Termination due to SmallGrad

 Final Function Value :          -32.8291
 Final RMS Gradient :              0.0009
 Final Gradient Norm :             0.0040
