
     ######################################################################
   ##########################################################################
  ###                                                                      ###
 ###            Tinker  ---  Software Tools for Molecular Design            ###
 ##                                                                          ##
 ##                          Version 8.7  June 2019                          ##
 ##                                                                          ##
 ##               Copyright (c)  Jay William Ponder  1990-2019               ##
 ###                           All Rights Reserved                          ###
  ###                                                                      ###
   ##########################################################################
     ######################################################################


 Additional Atom Definition Parameters :

     Type  Class  Symbol  Description               Atomic    Mass   Valence

     403    403     N     ModifiedRes                  7     14.007     3
     412    412     H     ModifiedRes                  1      1.008     1
     401    401     C     ModifiedRes                  6     12.011     4
     410    410     H     ModifiedRes                  1      1.008     1
     404    404     C     ModifiedRes                  6     12.011     3
     411    411     O     ModifiedRes                  8     15.999     1
     402    402     C     ModifiedRes                  6     12.011     4
     407    407     S     ModifiedRes                 16     32.066     2
     408    408     C     ModifiedRes                  6     12.011     2
     416    416     N     ModifiedRes                  7     14.007     1
     409    409     H     ModifiedRes                  1      1.008     1
     406    406     C     ModifiedRes                  6     12.011     3
     413    413     O     ModifiedRes                  8     15.999     1
     405    405     N     ModifiedRes                  7     14.007     3
     414    414     H     ModifiedRes                  1      1.008     1
     415    415     H     ModifiedRes                  1      1.008     1

 Additional Bond Stretching Parameters :

     Atom Classes             K(S)         Length

       401 403             374.800         1.4589
       403 406             482.000         1.3610
       403 412             542.000         1.0150
       401 410             341.000         1.0957
       401 404             345.300         1.5388
       401 402             345.300         1.5181
       404 405             482.000         1.3572
       404 411             705.000         1.2314
       402 409             395.500         1.0914
       402 407             235.800         1.8318
       407 408             235.800         1.6971
       408 416             450.000         1.1861
       406 413             705.000         1.2330
       406 414             356.400         1.1017
       405 415             542.000         1.0125

 Additional Angle Bending Parameters :

     Atom Classes             K(B)          Angle

     403 406 413            60.000        124.094
     401 403 412            35.000        118.942
     406 403 412            35.000        118.838
     401 404 405            70.000        113.359
     401 404 411            80.000        121.700
     401 402 407            53.200        108.210
     401 403 406            50.000        121.364
     404 401 410            38.000        109.343
     402 401 410            38.000        110.332
     403 401 410            50.600        106.311
     402 401 404            60.000        109.451
     403 401 404            80.000        110.698
     402 401 403            80.000        110.661
     402 407 408            60.430         97.779
     407 408 416            60.000        178.379
     409 402 409            39.570        108.414
     401 402 409            42.440        109.507
     407 402 409            60.240        109.536
     405 404 411            60.000        124.942
     413 406 414            68.340        122.634
     403 406 414            31.650        113.263
     415 405 415            22.300        119.362
     404 405 415            35.000        117.511

 Additional Stretch-Bend Parameters :

     Atom Classes          K(SB)-1        K(SB)-2

     401 403 412             4.300          7.200
     406 403 412             4.300          7.200
     401 404 405            18.700         18.700
     401 402 407            18.700         18.700
     401 403 406             7.200          7.200
     404 401 410            11.500         18.700
     402 401 410            11.500         18.700
     403 401 410            11.500         11.500
     402 401 404            18.700         18.700
     403 401 404            18.700         18.700
     402 401 403            18.700         18.700
     402 407 408            -5.750         -5.750
     401 402 409            11.500         11.500
     407 402 409            11.500         11.500
     403 406 414            11.500         11.500
     404 405 415             4.300          7.200
     415 405 415             4.300          7.200
     401 404 411            18.700         18.700
     413 406 414            11.500         11.500

 Additional Out-of-Plane Bend Parameters :

     Atom Classes                   K(OPB)

     401 403   0   0                14.400
     401 404   0   0                14.400
     403 406   0   0               107.910
     404 405   0   0                71.940
     405 404   0   0               107.910
     406 403   0   0                71.940
     411 404   0   0               122.298
     412 403   0   0                 5.755
     413 406   0   0               122.298
     414 406   0   0               140.283
     415 405   0   0                 5.755

 Additional Torsional Parameters :

     Atom Classes     1-Fold    2-Fold    3-Fold    4-Fold    5-Fold    6-Fold

   403 401 404 405   0.00   0  0.00 180  0.00   0  0.00   0  0.00   0  0.00   0
   403 401 404 411   0.00   0  0.00 180  0.00   0  0.00   0  0.00   0  0.00   0
   403 401 402 409   0.00   0  0.00 180  0.00   0  0.00   0  0.00   0  0.00   0
   403 401 402 407   0.00   0  0.00 180  0.00   0  0.00   0  0.00   0  0.00   0
   410 401 403 412   0.00   0  0.00 180  0.00   0  0.00   0  0.00   0  0.00   0
   404 401 403 412   0.00   0  0.00 180  0.00   0  0.00   0  0.00   0  0.00   0
   402 401 403 412   0.00   0  0.00 180  0.00   0  0.00   0  0.00   0  0.00   0
   412 403 406 413   0.00   0  0.00 180  0.00   0  0.00   0  0.00   0  0.00   0
   412 403 406 414   0.00   0  0.00 180  0.00   0  0.00   0  0.00   0  0.00   0
   401 404 405 415   0.00   0  1.20 180  0.80   0  0.00   0  0.00   0  0.00   0
   401 402 407 408   0.00   0  0.00 180  0.00   0  0.00   0  0.00   0  0.00   0
   401 403 406 413   0.00   0  0.00 180  0.00   0  0.00   0  0.00   0  0.00   0
   401 403 406 414   0.00   0  0.00 180  0.00   0  0.00   0  0.00   0  0.00   0
   410 401 404 405   0.00   0  0.00 180  0.00   0  0.00   0  0.00   0  0.00   0
   410 401 404 411   0.00   0  0.00 180  0.00   0  0.00   0  0.00   0  0.00   0
   410 401 402 409   0.00   0  0.00 180  0.00   0  0.00   0  0.00   0  0.00   0
   410 401 402 407   0.00   0  0.00 180  0.00   0  0.00   0  0.00   0  0.00   0
   410 401 403 406   0.00   0  0.00 180  0.00   0  0.00   0  0.00   0  0.00   0
   404 401 402 409   0.00   0  0.00 180  0.00   0  0.00   0  0.00   0  0.00   0
   404 401 402 407   0.00   0  0.00 180  0.00   0  0.00   0  0.00   0  0.00   0
   404 401 403 406   0.00   0  0.00 180  0.00   0  0.00   0  0.00   0  0.00   0
   411 404 405 415   0.00   0  0.00 180  0.00   0  0.00   0  0.00   0  0.00   0
   402 401 404 411   0.00   0  0.00 180  0.00   0  0.00   0  0.00   0  0.00   0
   402 401 404 405   0.00   0  0.00 180  0.00   0  0.00   0  0.00   0  0.00   0
   402 401 403 406   0.00   0  0.00 180  0.00   0  0.00   0  0.00   0  0.00   0
   402 407 408 416   0.00   0  0.00 180  0.50   0  0.00   0  0.00   0  0.00   0
   409 402 407 408   0.00   0  0.00 180  0.00   0  0.00   0  0.00   0  0.00   0

 Additional Pi-Orbital Torsion Parameters :

     Atom Classes       2-Fold

       404 405           6.850
       403 406           6.850

 Additional van der Waals Parameters :

     Atom Class               Size        Epsilon        Reduction

         403                3.7100         0.1100          0.000
         412                2.5900         0.0220          0.900
         401                3.6500         0.1010          0.000
         410                2.8800         0.0240          0.910
         404                3.8200         0.1060          0.000
         411                3.3000         0.1120          0.000
         402                3.7800         0.1060          0.000
         407                4.0050         0.3550          0.000
         408                3.7800         0.1060          0.000
         416                3.7100         0.1050          0.000
         409                2.8700         0.0330          0.900
         406                3.8200         0.1060          0.000
         413                3.3000         0.1120          0.000
         405                3.7100         0.1100          0.000
         414                2.9200         0.0300          0.920
         415                2.5900         0.0220          0.900

 Additional Atomic Multipole Parameters :

     Atom Type     Coordinate Frame Definition         Multipole Moments

         401      403    404      0   Z-then-X    -0.27040
                                                  -0.22190  0.00000  0.26102
                                                  -0.17903
                                                   0.00000 -0.24517
                                                   0.13675  0.00000  0.42420

         402      407    401      0   Z-then-X    -0.16380
                                                   0.27778  0.00000 -0.20334
                                                   0.30211
                                                   0.00000 -0.49081
                                                  -0.33263  0.00000  0.18870

         403      406    401      0   Z-then-X    -0.06286
                                                   0.37348  0.00000 -0.12295
                                                   0.79149
                                                   0.00000 -1.08676
                                                  -0.63736  0.00000  0.29527

         404      411    405      0   Z-then-X     0.97419
                                                  -0.10999  0.00000  0.25580
                                                   0.38321
                                                   0.00000 -0.33696
                                                  -0.17133  0.00000 -0.04625

         405      404    415      0   Z-then-X    -0.32376
                                                   0.05823  0.00000 -0.07138
                                                   0.32176
                                                   0.00000 -0.38869
                                                  -0.03945  0.00000  0.06693

         406      413    403      0   Z-then-X     0.63075
                                                   0.40149  0.00000  0.25741
                                                  -0.01797
                                                   0.00000  0.01503
                                                   0.00873  0.00000  0.00294

         407      408    402      0   Z-then-X     0.34019
                                                   0.47821  0.00000  0.49978
                                                   1.11919
                                                   0.00000 -2.31639
                                                  -0.50667  0.00000  1.19720

         408      407    416      0   Z-then-X     0.21608
                                                   0.00820  0.00000 -0.28509
                                                   0.05369
                                                   0.00000  0.10740
                                                   0.05156  0.00000 -0.16109

         409      402    407      0   Z-then-X     0.09933
                                                   0.00064  0.00000 -0.16410
                                                   0.07960
                                                   0.00000  0.07569
                                                  -0.01944  0.00000 -0.15529

         410      401    403      0   Z-then-X     0.10718
                                                  -0.02083  0.00000 -0.03604
                                                  -0.03187
                                                   0.00000  0.01466
                                                  -0.01392  0.00000  0.01721

         411      404    405      0   Z-then-X    -0.77613
                                                   0.13027  0.00000 -0.18830
                                                  -0.53109
                                                   0.00000  0.25725
                                                   0.21601  0.00000  0.27384

         412      403    401      0   Z-then-X     0.11911
                                                   0.01244  0.00000 -0.25689
                                                   0.04573
                                                   0.00000  0.01640
                                                  -0.00301  0.00000 -0.06213

         413      406    403      0   Z-then-X    -0.66614
                                                  -0.21394  0.00000 -0.03273
                                                  -0.49754
                                                   0.00000  0.12402
                                                  -0.24547  0.00000  0.37352

         414      406    413      0   Z-then-X    -0.02624
                                                   0.07068  0.00000 -0.22870
                                                   0.12255
                                                   0.00000  0.03666
                                                   0.03118  0.00000 -0.15921

         415      405    404      0   Z-then-X     0.13248
                                                   0.00045  0.00000 -0.38308
                                                   0.28470
                                                   0.00000  0.12111
                                                   0.01221  0.00000 -0.40581

         416      408    407      0   Z-then-X    -0.56179
                                                   0.01684  0.00000 -0.29231
                                                   0.37390
                                                   0.00000  0.24558
                                                   0.00671  0.00000 -0.61948

 Additional Atomic Dipole Polarizability Parameters :

     Atom Type           Alpha       Thole     Group Atom Types

         403             1.073       0.390         412  401  406
         412             0.496       0.390         403
         401             1.334       0.390         403  410  404  402
         410             0.496       0.390         401
         404             1.334       0.390         401  411  405
         411             0.837       0.390         404
         402             1.334       0.390         401  407  409
         407             3.300       0.390         402  408
         408             1.334       0.390         407  416
         416             1.073       0.390         408
         409             0.496       0.390         402
         406             1.334       0.390         403  413  414
         413             0.837       0.390         406
         405             1.073       0.390         404  415
         414             0.494       0.390         406
         415             0.496       0.390         405

 Limited Memory BFGS Quasi-Newton Optimization :

 QN Iter     F Value      G RMS      F Move   X Move   Angle  FG Call  Comment

     0      -26.6649     7.1549                                   1
     1      -26.7731     7.9793      0.1082   0.0017    0.00      3    Success 
     2      -26.8721     6.0624      0.0989   0.0012   48.01      4    Success 
     3      -27.0208     5.1298      0.1487   0.0026   46.38      5    Success 
     4      -27.0855    14.7264      0.0647   0.0052   51.57      6    Success 
     5      -27.1764     6.7760      0.0909   0.0007   48.65      7    Success 
     6      -27.2268     4.6989      0.0505   0.0007   36.01      8    Success 
     7      -27.2740     6.0568      0.0471   0.0012   54.90      9    Success 
     8      -27.3467     6.6710      0.0728   0.0025   69.68     10    Success 
     9      -27.4610     6.8579      0.1142   0.0042   73.41     11    Success 
    10      -27.5487     8.9929      0.0878   0.0070   74.69     12    Success 
    11      -27.6655     4.3791      0.1167   0.0046   76.47     13    Success 
    12      -27.7345     2.8255      0.0691   0.0027   63.12     14    Success 
    13      -27.7936     3.1959      0.0591   0.0034   60.04     15    Success 
    14      -27.8406     3.8740      0.0470   0.0035   67.28     16    Success 
    15      -27.8844     3.3854      0.0438   0.0044   73.29     17    Success 
    16      -27.9163     2.3107      0.0319   0.0013   58.20     18    Success 
    17      -27.9515     2.9461      0.0351   0.0021   55.16     19    Success 
    18      -27.9886     3.0158      0.0371   0.0032   72.51     20    Success 
    19      -28.0292     3.7153      0.0405   0.0053   74.94     21    Success 
    20      -28.0606     1.9978      0.0314   0.0033   77.08     22    Success 
    21      -28.0768     1.8758      0.0162   0.0016   67.72     23    Success 
    22      -28.0972     1.7959      0.0204   0.0021   64.86     24    Success 
    23      -28.1070     2.9889      0.0098   0.0030   67.66     25    Success 
    24      -28.1205     1.5102      0.0135   0.0005   45.43     26    Success 
    25      -28.1300     1.4011      0.0095   0.0009   53.52     27    Success 
    26      -28.1395     1.9720      0.0095   0.0016   70.86     28    Success 
    27      -28.1518     2.0311      0.0123   0.0024   77.14     29    Success 
    28      -28.1633     2.1798      0.0115   0.0032   80.18     30    Success 
    29      -28.1731     2.3395      0.0098   0.0024   77.63     31    Success 
    30      -28.1808     1.8449      0.0077   0.0005   63.68     32    Success 
    31      -28.1926     1.3346      0.0118   0.0012   67.45     33    Success 
    32      -28.2047     1.0558      0.0122   0.0025   72.52     34    Success 
    33      -28.2138     1.0478      0.0091   0.0022   74.35     35    Success 
    34      -28.2243     1.9200      0.0105   0.0037   75.00     36    Success 
    35      -28.2375     1.4493      0.0132   0.0036   80.37     37    Success 
    36      -28.2473     1.2064      0.0098   0.0020   75.66     38    Success 
    37      -28.2593     1.5697      0.0120   0.0028   71.31     39    Success 
    38      -28.2668     2.4279      0.0075   0.0033   75.43     40    Success 
    39      -28.2749     1.0872      0.0081   0.0006   61.13     41    Success 
    40      -28.2798     0.8175      0.0049   0.0008   64.76     42    Success 
    41      -28.2840     0.8118      0.0042   0.0015   75.14     43    Success 
    42      -28.2903     0.8969      0.0064   0.0021   74.51     44    Success 
    43      -28.2940     1.9056      0.0037   0.0019   76.92     46    Success 
    44      -28.2995     0.8755      0.0055   0.0019   83.45     47    Success 
    45      -28.3026     0.7053      0.0031   0.0014   76.55     48    Success 
    46      -28.3038     0.4556      0.0012   0.0003   67.50     49    Success 
    47      -28.3051     0.4866      0.0013   0.0005   59.89     50    Success 
    48      -28.3069     0.5819      0.0018   0.0005   59.74     51    Success 
    49      -28.3095     0.8937      0.0025   0.0012   73.30     52    Success 
    50      -28.3107     1.5712      0.0012   0.0021   81.29     53    Success 
    51      -28.3123     0.6197      0.0017   0.0002   68.72     54    Success 
    52      -28.3132     0.4913      0.0009   0.0003   67.04     55    Success 
    53      -28.3140     0.5553      0.0008   0.0004   72.11     56    Success 
    54      -28.3152     0.5092      0.0012   0.0006   74.13     57    Success 
    55      -28.3158     0.8005      0.0005   0.0004   71.33     59    Success 
    56      -28.3165     0.4731      0.0008   0.0005   81.08     60    Success 
    57      -28.3171     0.2443      0.0006   0.0004   77.11     61    Success 
    58      -28.3175     0.2774      0.0004   0.0003   68.98     62    Success 
    59      -28.3180     0.3321      0.0005   0.0004   70.08     63    Success 
    60      -28.3184     0.3925      0.0004   0.0004   72.77     64    Success 
    61      -28.3187     0.1913      0.0003   0.0002   72.16     65    Success 
    62      -28.3188     0.1727      0.0002   0.0001   58.03     66    Success 
    63      -28.3190     0.2177      0.0002   0.0002   65.64     67    Success 
    64      -28.3191     0.2964      0.0001   0.0003   74.62     68    Success 
    65      -28.3192     0.1468      0.0001   0.0001   74.24     69    Success 
    66      -28.3193     0.1297      0.0001   0.0001   67.39     70    Success 
    67      -28.3193     0.1778      0.0000   0.0001   71.84     71    Success 
    68      -28.3193     0.1160      0.0000   0.0000   72.22     72    Success 
    69      -28.3194     0.0770      0.0000   0.0001   68.95     73    Success 
    70      -28.3194     0.0873      0.0000   0.0001   66.46     74    Success 
    71      -28.3195     0.0976      0.0000   0.0001   67.32     75    Success 
    72      -28.3195     0.1406      0.0001   0.0002   70.58     76    Success 
    73      -28.3195     0.2619      0.0000   0.0002   78.35     77    Success 
    74      -28.3196     0.1417      0.0000   0.0000   72.37     78    Success 
    75      -28.3196     0.0602      0.0000   0.0000   69.72     79    Success 
    76      -28.3196     0.0713      0.0000   0.0000   60.63     80    Success 
    77      -28.3196     0.0770      0.0000   0.0000   68.94     81    Success 
    78      -28.3196     0.0784      0.0000   0.0001   70.14     82    Success 
    79      -28.3197     0.1782      0.0000   0.0002   76.95     83    Success 
    80      -28.3197     0.1158      0.0000   0.0001   82.26     84    Success 
    81      -28.3197     0.0532      0.0000   0.0002   81.52     85    Success 
    82      -28.3198     0.0576      0.0000   0.0001   75.94     86    Success 
    83      -28.3198     0.0604      0.0000   0.0001   74.17     87    Success 
    84      -28.3198     0.1242      0.0000   0.0001   70.51     88    Success 
    85      -28.3198     0.0786      0.0000   0.0000   65.62     89    Success 
    86      -28.3198     0.0302      0.0000   0.0000   69.09     90    Success 
    87      -28.3198     0.0370      0.0000   0.0000   59.61     91    Success 
    88      -28.3198     0.0410      0.0000   0.0000   72.07     92    Success 
    89      -28.3198     0.0516      0.0000   0.0000   76.22     94    Success 
    90      -28.3198     0.0374      0.0000   0.0000   82.07     95    Success 
    91      -28.3198     0.0143      0.0000   0.0000   79.75     96    Success 
    92      -28.3198     0.0122      0.0000   0.0000   66.83     97    Success 
    93      -28.3198     0.0160      0.0000   0.0000   53.83     98    Success 
    94      -28.3198     0.0296      0.0000   0.0000   63.20     99    Success 
    95      -28.3198     0.0130      0.0000   0.0000   59.28    100    Success 
    96      -28.3198     0.0075      0.0000   0.0000   60.92    101    Success 
    97      -28.3198     0.0110      0.0000   0.0000   62.61    102    Success 
    98      -28.3198     0.0083      0.0000   0.0000   73.81    103    Success 
    99      -28.3198     0.0072      0.0000   0.0000   72.51    104    Success 
   100      -28.3198     0.0072      0.0000   0.0000   63.94    105    Success 
   101      -28.3198     0.0064      0.0000   0.0000   67.64    106    Success 
   102      -28.3198     0.0095      0.0000   0.0000   72.19    108    Success 
   103      -28.3198     0.0051      0.0000   0.0000   79.90    109    Success 
   104      -28.3198     0.0043      0.0000   0.0000   74.34    110    Success 
   105      -28.3198     0.0051      0.0000   0.0000   69.71    111    Success 
   106      -28.3198     0.0067      0.0000   0.0000   72.53    112    Success 
   107      -28.3198     0.0045      0.0000   0.0000   77.25    113    Success 
   108      -28.3198     0.0033      0.0000   0.0000   74.03    114    Success 
   109      -28.3198     0.0087      0.0000   0.0000   61.86    115    Success 
   110      -28.3198     0.0048      0.0000   0.0000   73.50    116    Success 
   111      -28.3198     0.0033      0.0000   0.0000   69.27    117    Success 
   112      -28.3198     0.0046      0.0000   0.0000   71.45    118    Success 
   113      -28.3198     0.0036      0.0000   0.0000   78.64    119    Success 
   114      -28.3198     0.0039      0.0000   0.0000   78.57    120    Success 
   115      -28.3198     0.0067      0.0000   0.0000   77.60    121    Success 
   116      -28.3198     0.0046      0.0000   0.0000   81.97    122    Success 
   117      -28.3198     0.0025      0.0000   0.0000   77.65    123    Success 
   118      -28.3198     0.0029      0.0000   0.0000   72.67    124    Success 
   119      -28.3198     0.0046      0.0000   0.0000   75.98    125    Success 
   120      -28.3198     0.0038      0.0000   0.0000   79.81    126    Success 
   121      -28.3198     0.0024      0.0000   0.0000   73.46    127    Success 
   122      -28.3198     0.0024      0.0000   0.0000   70.95    128    Success 
   123      -28.3198     0.0029      0.0000   0.0000   75.97    129    Success 
   124      -28.3198     0.0035      0.0000   0.0000   80.33    130    Success 
   125      -28.3198     0.0027      0.0000   0.0000   81.25    131    Success 
   126      -28.3198     0.0016      0.0000   0.0000   62.38    132    Success 
   127      -28.3198     0.0022      0.0000   0.0000   50.86    133    Success 
   128      -28.3198     0.0022      0.0000   0.0000   78.54    134    Success 
   129      -28.3198     0.0019      0.0000   0.0000   78.91    135    Success 
   130      -28.3198     0.0027      0.0000   0.0000   79.30    136    Success 
   131      -28.3198     0.0011      0.0000   0.0000   34.51    137    Success 
   132      -28.3198     0.0007      0.0000   0.0000   54.66    138   SmallGrad

 LBFGS  --  Normal Termination due to SmallGrad

 Final Function Value :          -28.3198
 Final RMS Gradient :              0.0007
 Final Gradient Norm :             0.0031
