
     ######################################################################
   ##########################################################################
  ###                                                                      ###
 ###            Tinker  ---  Software Tools for Molecular Design            ###
 ##                                                                          ##
 ##                          Version 8.7  June 2019                          ##
 ##                                                                          ##
 ##               Copyright (c)  Jay William Ponder  1990-2019               ##
 ###                           All Rights Reserved                          ###
  ###                                                                      ###
   ##########################################################################
     ######################################################################


 Additional Atom Definition Parameters :

     Type  Class  Symbol  Description               Atomic    Mass   Valence

     403    403     N     ModifiedRes                  7     14.007     3
     412    412     H     ModifiedRes                  1      1.008     1
     401    401     C     ModifiedRes                  6     12.011     4
     410    410     H     ModifiedRes                  1      1.008     1
     404    404     C     ModifiedRes                  6     12.011     3
     411    411     O     ModifiedRes                  8     15.999     1
     402    402     C     ModifiedRes                  6     12.011     4
     407    407     S     ModifiedRes                 16     32.066     2
     408    408     C     ModifiedRes                  6     12.011     2
     416    416     N     ModifiedRes                  7     14.007     1
     409    409     H     ModifiedRes                  1      1.008     1
     406    406     C     ModifiedRes                  6     12.011     3
     413    413     O     ModifiedRes                  8     15.999     1
     405    405     N     ModifiedRes                  7     14.007     3
     414    414     H     ModifiedRes                  1      1.008     1
     415    415     H     ModifiedRes                  1      1.008     1

 Additional Bond Stretching Parameters :

     Atom Classes             K(S)         Length

       401 403             374.800         1.4589
       403 406             482.000         1.3610
       403 412             542.000         1.0150
       401 410             341.000         1.0957
       401 404             345.300         1.5388
       401 402             345.300         1.5181
       404 405             482.000         1.3572
       404 411             705.000         1.2314
       402 409             395.500         1.0914
       402 407             235.800         1.8318
       407 408             235.800         1.6971
       408 416             450.000         1.1861
       406 413             705.000         1.2330
       406 414             356.400         1.1017
       405 415             542.000         1.0125

 Additional Angle Bending Parameters :

     Atom Classes             K(B)          Angle

     403 406 413            60.000        124.094
     401 403 412            35.000        118.942
     406 403 412            35.000        118.838
     401 404 405            70.000        113.359
     401 404 411            80.000        121.700
     401 402 407            53.200        108.210
     401 403 406            50.000        121.364
     404 401 410            38.000        109.343
     402 401 410            38.000        110.332
     403 401 410            50.600        106.311
     402 401 404            60.000        109.451
     403 401 404            80.000        110.698
     402 401 403            80.000        110.661
     402 407 408            60.430         97.779
     407 408 416            60.000        178.379
     409 402 409            39.570        108.414
     401 402 409            42.440        109.507
     407 402 409            60.240        109.536
     405 404 411            60.000        124.942
     413 406 414            68.340        122.634
     403 406 414            31.650        113.263
     415 405 415            22.300        119.362
     404 405 415            35.000        117.511

 Additional Stretch-Bend Parameters :

     Atom Classes          K(SB)-1        K(SB)-2

     401 403 412             4.300          7.200
     406 403 412             4.300          7.200
     401 404 405            18.700         18.700
     401 402 407            18.700         18.700
     401 403 406             7.200          7.200
     404 401 410            11.500         18.700
     402 401 410            11.500         18.700
     403 401 410            11.500         11.500
     402 401 404            18.700         18.700
     403 401 404            18.700         18.700
     402 401 403            18.700         18.700
     402 407 408            -5.750         -5.750
     401 402 409            11.500         11.500
     407 402 409            11.500         11.500
     403 406 414            11.500         11.500
     404 405 415             4.300          7.200
     415 405 415             4.300          7.200
     401 404 411            18.700         18.700
     413 406 414            11.500         11.500

 Additional Out-of-Plane Bend Parameters :

     Atom Classes                   K(OPB)

     401 403   0   0                14.400
     401 404   0   0                14.400
     403 406   0   0               107.910
     404 405   0   0                71.940
     405 404   0   0               107.910
     406 403   0   0                71.940
     411 404   0   0               122.298
     412 403   0   0                 5.755
     413 406   0   0               122.298
     414 406   0   0               140.283
     415 405   0   0                 5.755

 Additional Torsional Parameters :

     Atom Classes     1-Fold    2-Fold    3-Fold    4-Fold    5-Fold    6-Fold

   403 401 404 405   0.00   0  0.00 180  0.00   0  0.00   0  0.00   0  0.00   0
   403 401 404 411   0.00   0  0.00 180  0.00   0  0.00   0  0.00   0  0.00   0
   403 401 402 409   0.00   0  0.00 180  0.00   0  0.00   0  0.00   0  0.00   0
   403 401 402 407   0.00   0  0.00 180  0.00   0  0.00   0  0.00   0  0.00   0
   410 401 403 412   0.00   0  0.00 180  0.00   0  0.00   0  0.00   0  0.00   0
   404 401 403 412   0.00   0  0.00 180  0.00   0  0.00   0  0.00   0  0.00   0
   402 401 403 412   0.00   0  0.00 180  0.00   0  0.00   0  0.00   0  0.00   0
   412 403 406 413   0.00   0  0.00 180  0.00   0  0.00   0  0.00   0  0.00   0
   412 403 406 414   0.00   0  0.00 180  0.00   0  0.00   0  0.00   0  0.00   0
   401 404 405 415   0.00   0  1.20 180  0.80   0  0.00   0  0.00   0  0.00   0
   401 402 407 408   0.00   0  0.00 180  0.00   0  0.00   0  0.00   0  0.00   0
   401 403 406 413   0.00   0  0.00 180  0.00   0  0.00   0  0.00   0  0.00   0
   401 403 406 414   0.00   0  0.00 180  0.00   0  0.00   0  0.00   0  0.00   0
   410 401 404 405   0.00   0  0.00 180  0.00   0  0.00   0  0.00   0  0.00   0
   410 401 404 411   0.00   0  0.00 180  0.00   0  0.00   0  0.00   0  0.00   0
   410 401 402 409   0.00   0  0.00 180  0.00   0  0.00   0  0.00   0  0.00   0
   410 401 402 407   0.00   0  0.00 180  0.00   0  0.00   0  0.00   0  0.00   0
   410 401 403 406   0.00   0  0.00 180  0.00   0  0.00   0  0.00   0  0.00   0
   404 401 402 409   0.00   0  0.00 180  0.00   0  0.00   0  0.00   0  0.00   0
   404 401 402 407   0.00   0  0.00 180  0.00   0  0.00   0  0.00   0  0.00   0
   404 401 403 406   0.00   0  0.00 180  0.00   0  0.00   0  0.00   0  0.00   0
   411 404 405 415   0.00   0  0.00 180  0.00   0  0.00   0  0.00   0  0.00   0
   402 401 404 411   0.00   0  0.00 180  0.00   0  0.00   0  0.00   0  0.00   0
   402 401 404 405   0.00   0  0.00 180  0.00   0  0.00   0  0.00   0  0.00   0
   402 401 403 406   0.00   0  0.00 180  0.00   0  0.00   0  0.00   0  0.00   0
   402 407 408 416   0.00   0  0.00 180  0.50   0  0.00   0  0.00   0  0.00   0
   409 402 407 408   0.00   0  0.00 180  0.00   0  0.00   0  0.00   0  0.00   0

 Additional Pi-Orbital Torsion Parameters :

     Atom Classes       2-Fold

       404 405           6.850
       403 406           6.850

 Additional van der Waals Parameters :

     Atom Class               Size        Epsilon        Reduction

         403                3.7100         0.1100          0.000
         412                2.5900         0.0220          0.900
         401                3.6500         0.1010          0.000
         410                2.8800         0.0240          0.910
         404                3.8200         0.1060          0.000
         411                3.3000         0.1120          0.000
         402                3.7800         0.1060          0.000
         407                4.0050         0.3550          0.000
         408                3.7800         0.1060          0.000
         416                3.7100         0.1050          0.000
         409                2.8700         0.0330          0.900
         406                3.8200         0.1060          0.000
         413                3.3000         0.1120          0.000
         405                3.7100         0.1100          0.000
         414                2.9200         0.0300          0.920
         415                2.5900         0.0220          0.900

 Additional Atomic Multipole Parameters :

     Atom Type     Coordinate Frame Definition         Multipole Moments

         401      403    404      0   Z-then-X    -0.27040
                                                  -0.22190  0.00000  0.26102
                                                  -0.17903
                                                   0.00000 -0.24517
                                                   0.13675  0.00000  0.42420

         402      407    401      0   Z-then-X    -0.16380
                                                   0.27778  0.00000 -0.20334
                                                   0.30211
                                                   0.00000 -0.49081
                                                  -0.33263  0.00000  0.18870

         403      406    401      0   Z-then-X    -0.06286
                                                   0.37348  0.00000 -0.12295
                                                   0.79149
                                                   0.00000 -1.08676
                                                  -0.63736  0.00000  0.29527

         404      411    405      0   Z-then-X     0.97419
                                                  -0.10999  0.00000  0.25580
                                                   0.38321
                                                   0.00000 -0.33696
                                                  -0.17133  0.00000 -0.04625

         405      404    415      0   Z-then-X    -0.32376
                                                   0.05823  0.00000 -0.07138
                                                   0.32176
                                                   0.00000 -0.38869
                                                  -0.03945  0.00000  0.06693

         406      413    403      0   Z-then-X     0.63075
                                                   0.40149  0.00000  0.25741
                                                  -0.01797
                                                   0.00000  0.01503
                                                   0.00873  0.00000  0.00294

         407      408    402      0   Z-then-X     0.34019
                                                   0.47821  0.00000  0.49978
                                                   1.11919
                                                   0.00000 -2.31639
                                                  -0.50667  0.00000  1.19720

         408      407    416      0   Z-then-X     0.21608
                                                   0.00820  0.00000 -0.28509
                                                   0.05369
                                                   0.00000  0.10740
                                                   0.05156  0.00000 -0.16109

         409      402    407      0   Z-then-X     0.09933
                                                   0.00064  0.00000 -0.16410
                                                   0.07960
                                                   0.00000  0.07569
                                                  -0.01944  0.00000 -0.15529

         410      401    403      0   Z-then-X     0.10718
                                                  -0.02083  0.00000 -0.03604
                                                  -0.03187
                                                   0.00000  0.01466
                                                  -0.01392  0.00000  0.01721

         411      404    405      0   Z-then-X    -0.77613
                                                   0.13027  0.00000 -0.18830
                                                  -0.53109
                                                   0.00000  0.25725
                                                   0.21601  0.00000  0.27384

         412      403    401      0   Z-then-X     0.11911
                                                   0.01244  0.00000 -0.25689
                                                   0.04573
                                                   0.00000  0.01640
                                                  -0.00301  0.00000 -0.06213

         413      406    403      0   Z-then-X    -0.66614
                                                  -0.21394  0.00000 -0.03273
                                                  -0.49754
                                                   0.00000  0.12402
                                                  -0.24547  0.00000  0.37352

         414      406    413      0   Z-then-X    -0.02624
                                                   0.07068  0.00000 -0.22870
                                                   0.12255
                                                   0.00000  0.03666
                                                   0.03118  0.00000 -0.15921

         415      405    404      0   Z-then-X     0.13248
                                                   0.00045  0.00000 -0.38308
                                                   0.28470
                                                   0.00000  0.12111
                                                   0.01221  0.00000 -0.40581

         416      408    407      0   Z-then-X    -0.56179
                                                   0.01684  0.00000 -0.29231
                                                   0.37390
                                                   0.00000  0.24558
                                                   0.00671  0.00000 -0.61948

 Additional Atomic Dipole Polarizability Parameters :

     Atom Type           Alpha       Thole     Group Atom Types

         403             1.073       0.390         412  401  406
         412             0.496       0.390         403
         401             1.334       0.390         403  410  404  402
         410             0.496       0.390         401
         404             1.334       0.390         401  411  405
         411             0.837       0.390         404
         402             1.334       0.390         401  407  409
         407             3.300       0.390         402  408
         408             1.334       0.390         407  416
         416             1.073       0.390         408
         409             0.496       0.390         402
         406             1.334       0.390         403  413  414
         413             0.837       0.390         406
         405             1.073       0.390         404  415
         414             0.494       0.390         406
         415             0.496       0.390         405

 Limited Memory BFGS Quasi-Newton Optimization :

 QN Iter     F Value      G RMS      F Move   X Move   Angle  FG Call  Comment

     0       28.4131   127.3436                                   1
     1      -15.9646    92.3974     44.3777   0.0391    0.00      3    Success 
     2      -23.2634    45.1464      7.2988   0.0109   36.21      5    Success 
     3      -25.0471    29.0922      1.7837   0.0042   34.63      6    Success 
     4      -26.3997    22.4897      1.3526   0.0045   39.19      7    Success 
     5      -27.9179    16.9338      1.5181   0.0077   43.01      8    Success 
     6      -28.9707    22.1804      1.0528   0.0100   47.99      9    Success 
     7      -29.9153    13.6242      0.9446   0.0072   62.31     10    Success 
     8      -30.8203    11.6786      0.9050   0.0089   54.77     11    Success 
     9      -31.6889    11.8878      0.8686   0.0115   58.71     12    Success 
    10      -32.1254    23.8087      0.4365   0.0184   63.82     13    Success 
    11      -32.7738    11.6921      0.6484   0.0025   35.06     14    Success 
    12      -33.2901     7.5770      0.5164   0.0051   43.46     15    Success 
    13      -33.6291     8.8684      0.3390   0.0064   59.56     16    Success 
    14      -34.1607     8.2471      0.5316   0.0097   63.99     17    Success 
    15      -34.7925     9.6929      0.6318   0.0207   69.71     18    Success 
    16      -35.0914     6.8619      0.2988   0.0088   70.64     20    Success 
    17      -35.2500     6.7225      0.1586   0.0077   73.68     22    Success 
    18      -35.3908     9.7855      0.1408   0.0077   70.00     23    Success 
    19      -35.5043     5.9276      0.1135   0.0026   60.21     24    Success 
    20      -35.6102     4.2892      0.1059   0.0024   61.29     25    Success 
    21      -35.7767     3.6759      0.1665   0.0062   63.75     26    Success 
    22      -35.9720     6.2354      0.1953   0.0121   65.51     27    Success 
    23      -36.0789     7.5375      0.1068   0.0121   76.04     28    Success 
    24      -36.1985     4.2409      0.1197   0.0015   41.38     29    Success 
    25      -36.3187     6.1916      0.1202   0.0046   49.07     30    Success 
    26      -36.3596    11.5856      0.0409   0.0058   74.49     31    Success 
    27      -36.4221     5.9181      0.0625   0.0007   56.80     32    Success 
    28      -36.4873     3.5054      0.0652   0.0030   72.60     33    Success 
    29      -36.5335     4.5507      0.0462   0.0037   74.55     34    Success 
    30      -36.5983     4.0606      0.0648   0.0052   78.04     35    Success 
    31      -36.6647     5.6362      0.0664   0.0067   74.75     36    Success 
    32      -36.7205     3.2777      0.0559   0.0055   76.94     37    Success 
    33      -36.7470     2.1657      0.0265   0.0015   66.09     38    Success 
    34      -36.7720     2.1459      0.0250   0.0019   56.92     39    Success 
    35      -36.7792     4.5723      0.0072   0.0033   71.36     40    Success 
    36      -36.7912     3.0324      0.0120   0.0002   42.12     41    Success 
    37      -36.8076     1.3050      0.0164   0.0012   68.30     42    Success 
    38      -36.8158     1.6361      0.0082   0.0014   69.91     43    Success 
    39      -36.8265     1.7691      0.0107   0.0017   74.33     44    Success 
    40      -36.8407     2.6895      0.0142   0.0023   72.77     45    Success 
    41      -36.8589     1.8033      0.0181   0.0029   78.45     46    Success 
    42      -36.8730     1.4312      0.0142   0.0022   73.58     47    Success 
    43      -36.8881     2.0883      0.0151   0.0025   66.39     48    Success 
    44      -36.9033     1.7400      0.0152   0.0021   72.89     49    Success 
    45      -36.9172     1.2317      0.0139   0.0019   71.76     50    Success 
    46      -36.9303     1.7012      0.0131   0.0032   70.91     51    Success 
    47      -36.9403     1.7731      0.0100   0.0027   75.96     52    Success 
    48      -36.9474     1.2611      0.0071   0.0009   70.94     53    Success 
    49      -36.9542     1.8536      0.0068   0.0015   65.83     54    Success 
    50      -36.9579     1.5412      0.0038   0.0012   78.24     55    Success 
    51      -36.9604     1.2007      0.0024   0.0003   70.73     56    Success 
    52      -36.9645     0.8572      0.0041   0.0006   69.20     57    Success 
    53      -36.9708     0.6771      0.0063   0.0013   66.52     58    Success 
    54      -36.9770     0.9647      0.0061   0.0021   68.96     59    Success 
    55      -36.9791     1.3790      0.0021   0.0010   76.38     61    Success 
    56      -36.9825     0.9568      0.0034   0.0011   80.92     62    Success 
    57      -36.9874     0.5933      0.0049   0.0015   74.60     63    Success 
    58      -36.9911     0.7500      0.0037   0.0012   66.22     64    Success 
    59      -36.9930     1.3208      0.0019   0.0017   74.54     65    Success 
    60      -36.9958     0.7228      0.0027   0.0006   73.29     66    Success 
    61      -36.9980     0.5351      0.0022   0.0005   62.20     67    Success 
    62      -36.9995     0.5080      0.0016   0.0006   67.73     68    Success 
    63      -37.0015     0.6340      0.0019   0.0011   71.21     69    Success 
    64      -37.0030     0.5222      0.0015   0.0013   77.68     70    Success 
    65      -37.0042     0.4174      0.0012   0.0004   67.47     71    Success 
    66      -37.0059     0.4207      0.0016   0.0007   62.96     72    Success 
    67      -37.0067     0.7743      0.0008   0.0010   71.13     73    Success 
    68      -37.0076     0.2942      0.0009   0.0003   69.51     74    Success 
    69      -37.0079     0.2188      0.0003   0.0002   58.06     75    Success 
    70      -37.0083     0.2639      0.0004   0.0003   63.30     76    Success 
    71      -37.0089     0.2901      0.0006   0.0005   69.62     77    Success 
    72      -37.0093     0.4672      0.0004   0.0009   75.39     78    Success 
    73      -37.0097     0.2332      0.0005   0.0003   71.55     79    Success 
    74      -37.0099     0.3372      0.0002   0.0002   64.01     80    Success 
    75      -37.0101     0.2222      0.0002   0.0002   73.86     81    Success 
    76      -37.0103     0.1867      0.0002   0.0002   71.58     82    Success 
    77      -37.0105     0.1611      0.0003   0.0003   69.20     83    Success 
    78      -37.0107     0.2147      0.0002   0.0005   71.40     84    Success 
    79      -37.0108     0.1720      0.0001   0.0001   70.16     85    Success 
    80      -37.0109     0.1093      0.0001   0.0000   53.11     86    Success 
    81      -37.0110     0.0972      0.0001   0.0001   54.38     87    Success 
    82      -37.0111     0.1299      0.0001   0.0001   65.76     88    Success 
    83      -37.0111     0.1461      0.0001   0.0003   75.54     89    Success 
    84      -37.0112     0.0765      0.0000   0.0001   67.30     90    Success 
    85      -37.0112     0.0856      0.0000   0.0001   59.15     91    Success 
    86      -37.0113     0.0897      0.0001   0.0001   67.43     92    Success 
    87      -37.0113     0.1399      0.0001   0.0002   69.60     93    Success 
    88      -37.0114     0.0793      0.0001   0.0003   79.57     94    Success 
    89      -37.0114     0.0601      0.0000   0.0001   71.93     95    Success 
    90      -37.0115     0.0991      0.0000   0.0002   64.58     96    Success 
    91      -37.0115     0.0589      0.0000   0.0000   57.04     97    Success 
    92      -37.0115     0.0383      0.0000   0.0000   62.48     98    Success 
    93      -37.0115     0.0319      0.0000   0.0000   45.38     99    Success 
    94      -37.0115     0.0476      0.0000   0.0001   65.18    100    Success 
    95      -37.0115     0.0600      0.0000   0.0001   74.82    101    Success 
    96      -37.0115     0.0336      0.0000   0.0000   67.85    102    Success 
    97      -37.0115     0.0431      0.0000   0.0000   67.00    103    Success 
    98      -37.0115     0.0201      0.0000   0.0000   63.47    104    Success 
    99      -37.0116     0.0232      0.0000   0.0000   61.48    105    Success 
   100      -37.0116     0.0249      0.0000   0.0000   68.47    106    Success 
   101      -37.0116     0.0216      0.0000   0.0000   70.87    107    Success 
   102      -37.0116     0.0205      0.0000   0.0000   71.35    109    Success 
   103      -37.0116     0.0101      0.0000   0.0000   72.64    110    Success 
   104      -37.0116     0.0105      0.0000   0.0000   61.48    111    Success 
   105      -37.0116     0.0116      0.0000   0.0000   62.77    112    Success 
   106      -37.0116     0.0160      0.0000   0.0000   70.62    113    Success 
   107      -37.0116     0.0155      0.0000   0.0000   75.73    114    Success 
   108      -37.0116     0.0085      0.0000   0.0000   68.80    115    Success 
   109      -37.0116     0.0083      0.0000   0.0000   59.49    116    Success 
   110      -37.0116     0.0079      0.0000   0.0000   70.31    117    Success 
   111      -37.0116     0.0080      0.0000   0.0000   70.50    118    Success 
   112      -37.0116     0.0078      0.0000   0.0000   72.27    119    Success 
   113      -37.0116     0.0074      0.0000   0.0000   71.96    120    Success 
   114      -37.0116     0.0072      0.0000   0.0000   69.99    121    Success 
   115      -37.0116     0.0048      0.0000   0.0000   63.86    122    Success 
   116      -37.0116     0.0059      0.0000   0.0000   59.64    123    Success 
   117      -37.0116     0.0059      0.0000   0.0000   72.63    124    Success 
   118      -37.0116     0.0132      0.0000   0.0000   75.16    125    Success 
   119      -37.0116     0.0086      0.0000   0.0000   49.15    126    Success 
   120      -37.0116     0.0026      0.0000   0.0000   58.51    127    Success 
   121      -37.0116     0.0029      0.0000   0.0000   58.09    128    Success 
   122      -37.0116     0.0031      0.0000   0.0000   68.97    129    Success 
   123      -37.0116     0.0027      0.0000   0.0000   70.03    130    Success 
   124      -37.0116     0.0063      0.0000   0.0000   70.56    131    Success 
   125      -37.0116     0.0036      0.0000   0.0000   71.25    132    Success 
   126      -37.0116     0.0013      0.0000   0.0000   61.79    133    Success 
   127      -37.0116     0.0012      0.0000   0.0000   62.11    134    Success 
   128      -37.0116     0.0017      0.0000   0.0000   59.45    135    Success 
   129      -37.0116     0.0016      0.0000   0.0000   72.38    136    Success 
   130      -37.0116     0.0010      0.0000   0.0000   68.47    137    Success 
   131      -37.0116     0.0010      0.0000   0.0000   59.11    138   SmallGrad

 LBFGS  --  Normal Termination due to SmallGrad

 Final Function Value :          -37.0116
 Final RMS Gradient :              0.0010
 Final Gradient Norm :             0.0042
