
     ######################################################################
   ##########################################################################
  ###                                                                      ###
 ###            Tinker  ---  Software Tools for Molecular Design            ###
 ##                                                                          ##
 ##                          Version 8.7  June 2019                          ##
 ##                                                                          ##
 ##               Copyright (c)  Jay William Ponder  1990-2019               ##
 ###                           All Rights Reserved                          ###
  ###                                                                      ###
   ##########################################################################
     ######################################################################


 Additional Atom Definition Parameters :

     Type  Class  Symbol  Description               Atomic    Mass   Valence

     403    403     N     ModifiedRes                  7     14.007     3
     412    412     H     ModifiedRes                  1      1.008     1
     401    401     C     ModifiedRes                  6     12.011     4
     410    410     H     ModifiedRes                  1      1.008     1
     404    404     C     ModifiedRes                  6     12.011     3
     411    411     O     ModifiedRes                  8     15.999     1
     402    402     C     ModifiedRes                  6     12.011     4
     407    407     S     ModifiedRes                 16     32.066     2
     408    408     C     ModifiedRes                  6     12.011     2
     416    416     N     ModifiedRes                  7     14.007     1
     409    409     H     ModifiedRes                  1      1.008     1
     406    406     C     ModifiedRes                  6     12.011     3
     413    413     O     ModifiedRes                  8     15.999     1
     405    405     N     ModifiedRes                  7     14.007     3
     414    414     H     ModifiedRes                  1      1.008     1
     415    415     H     ModifiedRes                  1      1.008     1

 Additional Bond Stretching Parameters :

     Atom Classes             K(S)         Length

       401 403             374.800         1.4589
       403 406             482.000         1.3610
       403 412             542.000         1.0150
       401 410             341.000         1.0957
       401 404             345.300         1.5388
       401 402             345.300         1.5181
       404 405             482.000         1.3572
       404 411             705.000         1.2314
       402 409             395.500         1.0914
       402 407             235.800         1.8318
       407 408             235.800         1.6971
       408 416             450.000         1.1861
       406 413             705.000         1.2330
       406 414             356.400         1.1017
       405 415             542.000         1.0125

 Additional Angle Bending Parameters :

     Atom Classes             K(B)          Angle

     403 406 413            60.000        124.094
     401 403 412            35.000        118.942
     406 403 412            35.000        118.838
     401 404 405            70.000        113.359
     401 404 411            80.000        121.700
     401 402 407            53.200        108.210
     401 403 406            50.000        121.364
     404 401 410            38.000        109.343
     402 401 410            38.000        110.332
     403 401 410            50.600        106.311
     402 401 404            60.000        109.451
     403 401 404            80.000        110.698
     402 401 403            80.000        110.661
     402 407 408            60.430         97.779
     407 408 416            60.000        178.379
     409 402 409            39.570        108.414
     401 402 409            42.440        109.507
     407 402 409            60.240        109.536
     405 404 411            60.000        124.942
     413 406 414            68.340        122.634
     403 406 414            31.650        113.263
     415 405 415            22.300        119.362
     404 405 415            35.000        117.511

 Additional Stretch-Bend Parameters :

     Atom Classes          K(SB)-1        K(SB)-2

     401 403 412             4.300          7.200
     406 403 412             4.300          7.200
     401 404 405            18.700         18.700
     401 402 407            18.700         18.700
     401 403 406             7.200          7.200
     404 401 410            11.500         18.700
     402 401 410            11.500         18.700
     403 401 410            11.500         11.500
     402 401 404            18.700         18.700
     403 401 404            18.700         18.700
     402 401 403            18.700         18.700
     402 407 408            -5.750         -5.750
     401 402 409            11.500         11.500
     407 402 409            11.500         11.500
     403 406 414            11.500         11.500
     404 405 415             4.300          7.200
     415 405 415             4.300          7.200
     401 404 411            18.700         18.700
     413 406 414            11.500         11.500

 Additional Out-of-Plane Bend Parameters :

     Atom Classes                   K(OPB)

     401 403   0   0                14.400
     401 404   0   0                14.400
     403 406   0   0               107.910
     404 405   0   0                71.940
     405 404   0   0               107.910
     406 403   0   0                71.940
     411 404   0   0               122.298
     412 403   0   0                 5.755
     413 406   0   0               122.298
     414 406   0   0               140.283
     415 405   0   0                 5.755

 Additional Torsional Parameters :

     Atom Classes     1-Fold    2-Fold    3-Fold    4-Fold    5-Fold    6-Fold

   403 401 404 405   0.00   0  0.00 180  0.00   0  0.00   0  0.00   0  0.00   0
   403 401 404 411   0.00   0  0.00 180  0.00   0  0.00   0  0.00   0  0.00   0
   403 401 402 409   0.00   0  0.00 180  0.00   0  0.00   0  0.00   0  0.00   0
   403 401 402 407   0.00   0  0.00 180  0.00   0  0.00   0  0.00   0  0.00   0
   410 401 403 412   0.00   0  0.00 180  0.00   0  0.00   0  0.00   0  0.00   0
   404 401 403 412   0.00   0  0.00 180  0.00   0  0.00   0  0.00   0  0.00   0
   402 401 403 412   0.00   0  0.00 180  0.00   0  0.00   0  0.00   0  0.00   0
   412 403 406 413   0.00   0  0.00 180  0.00   0  0.00   0  0.00   0  0.00   0
   412 403 406 414   0.00   0  0.00 180  0.00   0  0.00   0  0.00   0  0.00   0
   401 404 405 415   0.00   0  1.20 180  0.80   0  0.00   0  0.00   0  0.00   0
   401 402 407 408   0.00   0  0.00 180  0.00   0  0.00   0  0.00   0  0.00   0
   401 403 406 413   0.00   0  0.00 180  0.00   0  0.00   0  0.00   0  0.00   0
   401 403 406 414   0.00   0  0.00 180  0.00   0  0.00   0  0.00   0  0.00   0
   410 401 404 405   0.00   0  0.00 180  0.00   0  0.00   0  0.00   0  0.00   0
   410 401 404 411   0.00   0  0.00 180  0.00   0  0.00   0  0.00   0  0.00   0
   410 401 402 409   0.00   0  0.00 180  0.00   0  0.00   0  0.00   0  0.00   0
   410 401 402 407   0.00   0  0.00 180  0.00   0  0.00   0  0.00   0  0.00   0
   410 401 403 406   0.00   0  0.00 180  0.00   0  0.00   0  0.00   0  0.00   0
   404 401 402 409   0.00   0  0.00 180  0.00   0  0.00   0  0.00   0  0.00   0
   404 401 402 407   0.00   0  0.00 180  0.00   0  0.00   0  0.00   0  0.00   0
   404 401 403 406   0.00   0  0.00 180  0.00   0  0.00   0  0.00   0  0.00   0
   411 404 405 415   0.00   0  0.00 180  0.00   0  0.00   0  0.00   0  0.00   0
   402 401 404 411   0.00   0  0.00 180  0.00   0  0.00   0  0.00   0  0.00   0
   402 401 404 405   0.00   0  0.00 180  0.00   0  0.00   0  0.00   0  0.00   0
   402 401 403 406   0.00   0  0.00 180  0.00   0  0.00   0  0.00   0  0.00   0
   402 407 408 416   0.00   0  0.00 180  0.50   0  0.00   0  0.00   0  0.00   0
   409 402 407 408   0.00   0  0.00 180  0.00   0  0.00   0  0.00   0  0.00   0

 Additional Pi-Orbital Torsion Parameters :

     Atom Classes       2-Fold

       404 405           6.850
       403 406           6.850

 Additional van der Waals Parameters :

     Atom Class               Size        Epsilon        Reduction

         403                3.7100         0.1100          0.000
         412                2.5900         0.0220          0.900
         401                3.6500         0.1010          0.000
         410                2.8800         0.0240          0.910
         404                3.8200         0.1060          0.000
         411                3.3000         0.1120          0.000
         402                3.7800         0.1060          0.000
         407                4.0050         0.3550          0.000
         408                3.7800         0.1060          0.000
         416                3.7100         0.1050          0.000
         409                2.8700         0.0330          0.900
         406                3.8200         0.1060          0.000
         413                3.3000         0.1120          0.000
         405                3.7100         0.1100          0.000
         414                2.9200         0.0300          0.920
         415                2.5900         0.0220          0.900

 Additional Atomic Multipole Parameters :

     Atom Type     Coordinate Frame Definition         Multipole Moments

         401      403    404      0   Z-then-X    -0.27040
                                                  -0.22190  0.00000  0.26102
                                                  -0.17903
                                                   0.00000 -0.24517
                                                   0.13675  0.00000  0.42420

         402      407    401      0   Z-then-X    -0.16380
                                                   0.27778  0.00000 -0.20334
                                                   0.30211
                                                   0.00000 -0.49081
                                                  -0.33263  0.00000  0.18870

         403      406    401      0   Z-then-X    -0.06286
                                                   0.37348  0.00000 -0.12295
                                                   0.79149
                                                   0.00000 -1.08676
                                                  -0.63736  0.00000  0.29527

         404      411    405      0   Z-then-X     0.97419
                                                  -0.10999  0.00000  0.25580
                                                   0.38321
                                                   0.00000 -0.33696
                                                  -0.17133  0.00000 -0.04625

         405      404    415      0   Z-then-X    -0.32376
                                                   0.05823  0.00000 -0.07138
                                                   0.32176
                                                   0.00000 -0.38869
                                                  -0.03945  0.00000  0.06693

         406      413    403      0   Z-then-X     0.63075
                                                   0.40149  0.00000  0.25741
                                                  -0.01797
                                                   0.00000  0.01503
                                                   0.00873  0.00000  0.00294

         407      408    402      0   Z-then-X     0.34019
                                                   0.47821  0.00000  0.49978
                                                   1.11919
                                                   0.00000 -2.31639
                                                  -0.50667  0.00000  1.19720

         408      407    416      0   Z-then-X     0.21608
                                                   0.00820  0.00000 -0.28509
                                                   0.05369
                                                   0.00000  0.10740
                                                   0.05156  0.00000 -0.16109

         409      402    407      0   Z-then-X     0.09933
                                                   0.00064  0.00000 -0.16410
                                                   0.07960
                                                   0.00000  0.07569
                                                  -0.01944  0.00000 -0.15529

         410      401    403      0   Z-then-X     0.10718
                                                  -0.02083  0.00000 -0.03604
                                                  -0.03187
                                                   0.00000  0.01466
                                                  -0.01392  0.00000  0.01721

         411      404    405      0   Z-then-X    -0.77613
                                                   0.13027  0.00000 -0.18830
                                                  -0.53109
                                                   0.00000  0.25725
                                                   0.21601  0.00000  0.27384

         412      403    401      0   Z-then-X     0.11911
                                                   0.01244  0.00000 -0.25689
                                                   0.04573
                                                   0.00000  0.01640
                                                  -0.00301  0.00000 -0.06213

         413      406    403      0   Z-then-X    -0.66614
                                                  -0.21394  0.00000 -0.03273
                                                  -0.49754
                                                   0.00000  0.12402
                                                  -0.24547  0.00000  0.37352

         414      406    413      0   Z-then-X    -0.02624
                                                   0.07068  0.00000 -0.22870
                                                   0.12255
                                                   0.00000  0.03666
                                                   0.03118  0.00000 -0.15921

         415      405    404      0   Z-then-X     0.13248
                                                   0.00045  0.00000 -0.38308
                                                   0.28470
                                                   0.00000  0.12111
                                                   0.01221  0.00000 -0.40581

         416      408    407      0   Z-then-X    -0.56179
                                                   0.01684  0.00000 -0.29231
                                                   0.37390
                                                   0.00000  0.24558
                                                   0.00671  0.00000 -0.61948

 Additional Atomic Dipole Polarizability Parameters :

     Atom Type           Alpha       Thole     Group Atom Types

         403             1.073       0.390         412  401  406
         412             0.496       0.390         403
         401             1.334       0.390         403  410  404  402
         410             0.496       0.390         401
         404             1.334       0.390         401  411  405
         411             0.837       0.390         404
         402             1.334       0.390         401  407  409
         407             3.300       0.390         402  408
         408             1.334       0.390         407  416
         416             1.073       0.390         408
         409             0.496       0.390         402
         406             1.334       0.390         403  413  414
         413             0.837       0.390         406
         405             1.073       0.390         404  415
         414             0.494       0.390         406
         415             0.496       0.390         405

 Limited Memory BFGS Quasi-Newton Optimization :

 QN Iter     F Value      G RMS      F Move   X Move   Angle  FG Call  Comment

     0      227.4632   297.1411                                   1
     1      194.8765   519.2391     32.5867   0.0982    0.00      2    Success 
     2      137.1391   401.0415     57.7374   0.0072   13.24      3    Success 
     3       52.2012   190.2934     84.9379   0.0178   26.10      4    Success 
     4       16.0648    78.0283     36.1364   0.0188   16.69      5    Success 
     5        4.6488    72.1813     11.4160   0.0116   31.48      6    Success 
     6      -10.8287    41.6046     15.4775   0.0239   42.75      7    Success 
     7      -13.6946    87.3807      2.8659   0.0262   45.34      8    Success 
     8      -17.7964    37.8536      4.1018   0.0043   31.97      9    Success 
     9      -19.8694    20.3072      2.0730   0.0054   28.72     10    Success 
    10      -20.8864    23.7138      1.0170   0.0052   46.80     11    Success 
    11      -22.4861    22.2639      1.5997   0.0093   59.05     12    Success 
    12      -24.6373    25.1034      2.1511   0.0167   61.47     13    Success 
    13      -25.7082    37.0141      1.0710   0.0255   68.07     14    Success 
    14      -27.2080    15.0926      1.4998   0.0043   41.39     15    Success 
    15      -28.0337    12.2921      0.8257   0.0063   43.78     16    Success 
    16      -28.6491    13.3219      0.6154   0.0074   60.57     17    Success 
    17      -29.2480    20.5964      0.5988   0.0115   63.38     18    Success 
    18      -29.8819     8.5086      0.6340   0.0083   70.20     19    Success 
    19      -30.1793     7.2948      0.2974   0.0035   40.02     20    Success 
    20      -30.5236     7.2063      0.3443   0.0062   53.06     21    Success 
    21      -30.8307    10.3420      0.3071   0.0095   60.91     22    Success 
    22      -31.1468     6.7868      0.3160   0.0098   70.72     23    Success 
    23      -31.3445     5.6083      0.1977   0.0038   57.87     24    Success 
    24      -31.6378     6.0928      0.2933   0.0079   60.46     25    Success 
    25      -31.9033    11.5009      0.2655   0.0151   69.25     26    Success 
    26      -32.1599     5.7674      0.2566   0.0088   77.02     27    Success 
    27      -32.3493     5.5390      0.1894   0.0062   66.04     28    Success 
    28      -32.5389    10.5238      0.1896   0.0111   69.94     29    Success 
    29      -32.7065     6.2409      0.1676   0.0067   78.74     30    Success 
    30      -32.8576     4.9474      0.1511   0.0064   73.47     31    Success 
    31      -32.9806    10.6524      0.1230   0.0096   71.97     32    Success 
    32      -33.0224     9.8891      0.0418   0.0021   79.77     34    Success 
    33      -33.0825     5.4447      0.0601   0.0018   74.76     35    Success 
    34      -33.1474     4.2724      0.0649   0.0034   74.53     36    Success 
    35      -33.2144     5.0499      0.0670   0.0028   61.65     37    Success 
    36      -33.2788     4.1326      0.0644   0.0043   76.59     38    Success 
    37      -33.3381     2.8139      0.0593   0.0039   72.62     39    Success 
    38      -33.3922     3.5192      0.0541   0.0051   73.63     40    Success 
    39      -33.4437     4.0036      0.0515   0.0062   74.92     41    Success 
    40      -33.4640     4.7053      0.0203   0.0034   73.09     42    Success 
    41      -33.4813     1.5404      0.0173   0.0014   76.71     43    Success 
    42      -33.4862     1.2079      0.0049   0.0010   75.15     44    Success 
    43      -33.4912     1.4399      0.0050   0.0008   68.77     45    Success 
    44      -33.4986     1.4313      0.0074   0.0010   68.65     46    Success 
    45      -33.5088     1.6987      0.0103   0.0014   66.55     47    Success 
    46      -33.5199     1.1144      0.0111   0.0027   75.47     48    Success 
    47      -33.5269     1.0151      0.0070   0.0014   69.96     49    Success 
    48      -33.5333     1.1461      0.0064   0.0015   69.00     50    Success 
    49      -33.5370     1.6475      0.0037   0.0017   73.60     51    Success 
    50      -33.5421     0.9151      0.0051   0.0006   66.47     52    Success 
    51      -33.5467     0.7550      0.0046   0.0010   63.05     53    Success 
    52      -33.5495     0.8653      0.0028   0.0010   71.71     54    Success 
    53      -33.5527     0.9925      0.0032   0.0013   73.58     55    Success 
    54      -33.5554     0.6560      0.0026   0.0008   75.73     56    Success 
    55      -33.5575     0.7148      0.0021   0.0013   74.05     57    Success 
    56      -33.5588     1.2863      0.0013   0.0006   68.12     58    Success 
    57      -33.5600     0.7389      0.0012   0.0002   69.40     59    Success 
    58      -33.5615     0.4618      0.0014   0.0006   72.45     60    Success 
    59      -33.5619     0.4935      0.0005   0.0003   75.08     61    Success 
    60      -33.5628     0.5088      0.0008   0.0004   72.97     62    Success 
    61      -33.5641     0.5330      0.0013   0.0006   70.85     63    Success 
    62      -33.5660     0.4091      0.0019   0.0010   74.62     64    Success 
    63      -33.5667     0.8225      0.0007   0.0008   75.93     66    Success 
    64      -33.5678     0.4500      0.0010   0.0006   80.73     67    Success 
    65      -33.5687     0.3821      0.0010   0.0005   72.78     68    Success 
    66      -33.5697     0.4478      0.0010   0.0006   68.99     69    Success 
    67      -33.5710     0.4212      0.0013   0.0008   73.42     70    Success 
    68      -33.5717     0.5681      0.0006   0.0006   74.70     72    Success 
    69      -33.5724     0.2821      0.0008   0.0005   76.69     73    Success 
    70      -33.5729     0.2965      0.0005   0.0003   65.51     74    Success 
    71      -33.5733     0.3756      0.0004   0.0004   71.06     75    Success 
    72      -33.5738     0.2503      0.0004   0.0004   75.65     76    Success 
    73      -33.5741     0.1827      0.0003   0.0004   72.60     77    Success 
    74      -33.5744     0.2261      0.0002   0.0003   68.56     78    Success 
    75      -33.5745     0.4734      0.0002   0.0004   73.04     79    Success 
    76      -33.5748     0.2072      0.0002   0.0001   62.56     80    Success 
    77      -33.5749     0.1261      0.0001   0.0001   62.12     81    Success 
    78      -33.5749     0.1448      0.0001   0.0001   67.69     82    Success 
    79      -33.5750     0.1711      0.0001   0.0001   70.24     83    Success 
    80      -33.5751     0.2276      0.0001   0.0002   71.80     84    Success 
    81      -33.5753     0.1381      0.0002   0.0003   78.91     85    Success 
    82      -33.5754     0.1214      0.0001   0.0003   74.16     86    Success 
    83      -33.5756     0.1294      0.0001   0.0003   69.56     87    Success 
    84      -33.5756     0.1369      0.0001   0.0002   74.29     89    Success 
    85      -33.5757     0.0818      0.0001   0.0001   66.96     90    Success 
    86      -33.5757     0.1314      0.0000   0.0001   56.44     91    Success 
    87      -33.5758     0.0857      0.0000   0.0001   69.24     92    Success 
    88      -33.5758     0.0704      0.0000   0.0001   67.50     93    Success 
    89      -33.5759     0.0911      0.0000   0.0002   69.68     94    Success 
    90      -33.5759     0.0930      0.0000   0.0002   75.64     95    Success 
    91      -33.5759     0.0337      0.0000   0.0000   71.17     96    Success 
    92      -33.5759     0.0251      0.0000   0.0000   55.09     97    Success 
    93      -33.5759     0.0266      0.0000   0.0000   52.08     98    Success 
    94      -33.5759     0.0334      0.0000   0.0000   56.89     99    Success 
    95      -33.5759     0.0621      0.0000   0.0001   69.60    100    Success 
    96      -33.5759     0.0354      0.0000   0.0000   58.01    101    Success 
    97      -33.5759     0.0127      0.0000   0.0000   63.80    102    Success 
    98      -33.5759     0.0137      0.0000   0.0000   60.82    103    Success 
    99      -33.5759     0.0144      0.0000   0.0000   58.23    104    Success 
   100      -33.5759     0.0168      0.0000   0.0000   64.21    105    Success 
   101      -33.5759     0.0171      0.0000   0.0000   72.91    106    Success 
   102      -33.5759     0.0237      0.0000   0.0000   73.15    107    Success 
   103      -33.5759     0.0121      0.0000   0.0000   64.88    108    Success 
   104      -33.5759     0.0106      0.0000   0.0000   61.22    109    Success 
   105      -33.5759     0.0114      0.0000   0.0000   67.65    110    Success 
   106      -33.5759     0.0116      0.0000   0.0000   69.28    111    Success 
   107      -33.5759     0.0151      0.0000   0.0000   70.15    112    Success 
   108      -33.5759     0.0089      0.0000   0.0000   77.74    113    Success 
   109      -33.5759     0.0106      0.0000   0.0000   71.16    114    Success 
   110      -33.5759     0.0149      0.0000   0.0000   73.28    115    Success 
   111      -33.5759     0.0113      0.0000   0.0000   77.76    116    Success 
   112      -33.5759     0.0061      0.0000   0.0000   71.77    117    Success 
   113      -33.5759     0.0061      0.0000   0.0000   55.97    118    Success 
   114      -33.5759     0.0073      0.0000   0.0000   66.96    119    Success 
   115      -33.5759     0.0069      0.0000   0.0000   74.08    120    Success 
   116      -33.5759     0.0060      0.0000   0.0000   74.88    121    Success 
   117      -33.5759     0.0044      0.0000   0.0000   69.43    122    Success 
   118      -33.5759     0.0049      0.0000   0.0000   61.62    123    Success 
   119      -33.5759     0.0046      0.0000   0.0000   69.47    124    Success 
   120      -33.5759     0.0048      0.0000   0.0000   72.39    126    Success 
   121      -33.5759     0.0022      0.0000   0.0000   75.75    127    Success 
   122      -33.5759     0.0019      0.0000   0.0000   63.69    128    Success 
   123      -33.5759     0.0048      0.0000   0.0000   61.31    129    Success 
   124      -33.5759     0.0023      0.0000   0.0000   61.59    130    Success 
   125      -33.5759     0.0016      0.0000   0.0000   60.76    131    Success 
   126      -33.5759     0.0020      0.0000   0.0000   69.24    132    Success 
   127      -33.5759     0.0019      0.0000   0.0000   71.07    133    Success 
   128      -33.5759     0.0040      0.0000   0.0000   69.62    134    Success 
   129      -33.5759     0.0027      0.0000   0.0000   76.69    135    Success 
   130      -33.5759     0.0008      0.0000   0.0000   73.58    136   SmallGrad

 LBFGS  --  Normal Termination due to SmallGrad

 Final Function Value :          -33.5759
 Final RMS Gradient :              0.0008
 Final Gradient Norm :             0.0035
