
     ######################################################################
   ##########################################################################
  ###                                                                      ###
 ###            Tinker  ---  Software Tools for Molecular Design            ###
 ##                                                                          ##
 ##                          Version 8.7  June 2019                          ##
 ##                                                                          ##
 ##               Copyright (c)  Jay William Ponder  1990-2019               ##
 ###                           All Rights Reserved                          ###
  ###                                                                      ###
   ##########################################################################
     ######################################################################


 Additional Atom Definition Parameters :

     Type  Class  Symbol  Description               Atomic    Mass   Valence

     403    403     N     ModifiedRes                  7     14.007     3
     412    412     H     ModifiedRes                  1      1.008     1
     401    401     C     ModifiedRes                  6     12.011     4
     410    410     H     ModifiedRes                  1      1.008     1
     404    404     C     ModifiedRes                  6     12.011     3
     411    411     O     ModifiedRes                  8     15.999     1
     402    402     C     ModifiedRes                  6     12.011     4
     407    407     S     ModifiedRes                 16     32.066     2
     408    408     C     ModifiedRes                  6     12.011     2
     416    416     N     ModifiedRes                  7     14.007     1
     409    409     H     ModifiedRes                  1      1.008     1
     406    406     C     ModifiedRes                  6     12.011     3
     413    413     O     ModifiedRes                  8     15.999     1
     405    405     N     ModifiedRes                  7     14.007     3
     414    414     H     ModifiedRes                  1      1.008     1
     415    415     H     ModifiedRes                  1      1.008     1

 Additional Bond Stretching Parameters :

     Atom Classes             K(S)         Length

       401 403             374.800         1.4589
       403 406             482.000         1.3610
       403 412             542.000         1.0150
       401 410             341.000         1.0957
       401 404             345.300         1.5388
       401 402             345.300         1.5181
       404 405             482.000         1.3572
       404 411             705.000         1.2314
       402 409             395.500         1.0914
       402 407             235.800         1.8318
       407 408             235.800         1.6971
       408 416             450.000         1.1861
       406 413             705.000         1.2330
       406 414             356.400         1.1017
       405 415             542.000         1.0125

 Additional Angle Bending Parameters :

     Atom Classes             K(B)          Angle

     403 406 413            60.000        124.094
     401 403 412            35.000        118.942
     406 403 412            35.000        118.838
     401 404 405            70.000        113.359
     401 404 411            80.000        121.700
     401 402 407            53.200        108.210
     401 403 406            50.000        121.364
     404 401 410            38.000        109.343
     402 401 410            38.000        110.332
     403 401 410            50.600        106.311
     402 401 404            60.000        109.451
     403 401 404            80.000        110.698
     402 401 403            80.000        110.661
     402 407 408            60.430         97.779
     407 408 416            60.000        178.379
     409 402 409            39.570        108.414
     401 402 409            42.440        109.507
     407 402 409            60.240        109.536
     405 404 411            60.000        124.942
     413 406 414            68.340        122.634
     403 406 414            31.650        113.263
     415 405 415            22.300        119.362
     404 405 415            35.000        117.511

 Additional Stretch-Bend Parameters :

     Atom Classes          K(SB)-1        K(SB)-2

     401 403 412             4.300          7.200
     406 403 412             4.300          7.200
     401 404 405            18.700         18.700
     401 402 407            18.700         18.700
     401 403 406             7.200          7.200
     404 401 410            11.500         18.700
     402 401 410            11.500         18.700
     403 401 410            11.500         11.500
     402 401 404            18.700         18.700
     403 401 404            18.700         18.700
     402 401 403            18.700         18.700
     402 407 408            -5.750         -5.750
     401 402 409            11.500         11.500
     407 402 409            11.500         11.500
     403 406 414            11.500         11.500
     404 405 415             4.300          7.200
     415 405 415             4.300          7.200
     401 404 411            18.700         18.700
     413 406 414            11.500         11.500

 Additional Out-of-Plane Bend Parameters :

     Atom Classes                   K(OPB)

     401 403   0   0                14.400
     401 404   0   0                14.400
     403 406   0   0               107.910
     404 405   0   0                71.940
     405 404   0   0               107.910
     406 403   0   0                71.940
     411 404   0   0               122.298
     412 403   0   0                 5.755
     413 406   0   0               122.298
     414 406   0   0               140.283
     415 405   0   0                 5.755

 Additional Torsional Parameters :

     Atom Classes     1-Fold    2-Fold    3-Fold    4-Fold    5-Fold    6-Fold

   403 401 404 405   0.00   0  0.00 180  0.00   0  0.00   0  0.00   0  0.00   0
   403 401 404 411   0.00   0  0.00 180  0.00   0  0.00   0  0.00   0  0.00   0
   403 401 402 409   0.00   0  0.00 180  0.00   0  0.00   0  0.00   0  0.00   0
   403 401 402 407   0.00   0  0.00 180  0.00   0  0.00   0  0.00   0  0.00   0
   410 401 403 412   0.00   0  0.00 180  0.00   0  0.00   0  0.00   0  0.00   0
   404 401 403 412   0.00   0  0.00 180  0.00   0  0.00   0  0.00   0  0.00   0
   402 401 403 412   0.00   0  0.00 180  0.00   0  0.00   0  0.00   0  0.00   0
   412 403 406 413   0.00   0  0.00 180  0.00   0  0.00   0  0.00   0  0.00   0
   412 403 406 414   0.00   0  0.00 180  0.00   0  0.00   0  0.00   0  0.00   0
   401 404 405 415   0.00   0  1.20 180  0.80   0  0.00   0  0.00   0  0.00   0
   401 402 407 408   0.00   0  0.00 180  0.00   0  0.00   0  0.00   0  0.00   0
   401 403 406 413   0.00   0  0.00 180  0.00   0  0.00   0  0.00   0  0.00   0
   401 403 406 414   0.00   0  0.00 180  0.00   0  0.00   0  0.00   0  0.00   0
   410 401 404 405   0.00   0  0.00 180  0.00   0  0.00   0  0.00   0  0.00   0
   410 401 404 411   0.00   0  0.00 180  0.00   0  0.00   0  0.00   0  0.00   0
   410 401 402 409   0.00   0  0.00 180  0.00   0  0.00   0  0.00   0  0.00   0
   410 401 402 407   0.00   0  0.00 180  0.00   0  0.00   0  0.00   0  0.00   0
   410 401 403 406   0.00   0  0.00 180  0.00   0  0.00   0  0.00   0  0.00   0
   404 401 402 409   0.00   0  0.00 180  0.00   0  0.00   0  0.00   0  0.00   0
   404 401 402 407   0.00   0  0.00 180  0.00   0  0.00   0  0.00   0  0.00   0
   404 401 403 406   0.00   0  0.00 180  0.00   0  0.00   0  0.00   0  0.00   0
   411 404 405 415   0.00   0  0.00 180  0.00   0  0.00   0  0.00   0  0.00   0
   402 401 404 411   0.00   0  0.00 180  0.00   0  0.00   0  0.00   0  0.00   0
   402 401 404 405   0.00   0  0.00 180  0.00   0  0.00   0  0.00   0  0.00   0
   402 401 403 406   0.00   0  0.00 180  0.00   0  0.00   0  0.00   0  0.00   0
   402 407 408 416   0.00   0  0.00 180  0.50   0  0.00   0  0.00   0  0.00   0
   409 402 407 408   0.00   0  0.00 180  0.00   0  0.00   0  0.00   0  0.00   0

 Additional Pi-Orbital Torsion Parameters :

     Atom Classes       2-Fold

       404 405           6.850
       403 406           6.850

 Additional van der Waals Parameters :

     Atom Class               Size        Epsilon        Reduction

         403                3.7100         0.1100          0.000
         412                2.5900         0.0220          0.900
         401                3.6500         0.1010          0.000
         410                2.8800         0.0240          0.910
         404                3.8200         0.1060          0.000
         411                3.3000         0.1120          0.000
         402                3.7800         0.1060          0.000
         407                4.0050         0.3550          0.000
         408                3.7800         0.1060          0.000
         416                3.7100         0.1050          0.000
         409                2.8700         0.0330          0.900
         406                3.8200         0.1060          0.000
         413                3.3000         0.1120          0.000
         405                3.7100         0.1100          0.000
         414                2.9200         0.0300          0.920
         415                2.5900         0.0220          0.900

 Additional Atomic Multipole Parameters :

     Atom Type     Coordinate Frame Definition         Multipole Moments

         401      403    404      0   Z-then-X    -0.27040
                                                  -0.22190  0.00000  0.26102
                                                  -0.17903
                                                   0.00000 -0.24517
                                                   0.13675  0.00000  0.42420

         402      407    401      0   Z-then-X    -0.16380
                                                   0.27778  0.00000 -0.20334
                                                   0.30211
                                                   0.00000 -0.49081
                                                  -0.33263  0.00000  0.18870

         403      406    401      0   Z-then-X    -0.06286
                                                   0.37348  0.00000 -0.12295
                                                   0.79149
                                                   0.00000 -1.08676
                                                  -0.63736  0.00000  0.29527

         404      411    405      0   Z-then-X     0.97419
                                                  -0.10999  0.00000  0.25580
                                                   0.38321
                                                   0.00000 -0.33696
                                                  -0.17133  0.00000 -0.04625

         405      404    415      0   Z-then-X    -0.32376
                                                   0.05823  0.00000 -0.07138
                                                   0.32176
                                                   0.00000 -0.38869
                                                  -0.03945  0.00000  0.06693

         406      413    403      0   Z-then-X     0.63075
                                                   0.40149  0.00000  0.25741
                                                  -0.01797
                                                   0.00000  0.01503
                                                   0.00873  0.00000  0.00294

         407      408    402      0   Z-then-X     0.34019
                                                   0.47821  0.00000  0.49978
                                                   1.11919
                                                   0.00000 -2.31639
                                                  -0.50667  0.00000  1.19720

         408      407    416      0   Z-then-X     0.21608
                                                   0.00820  0.00000 -0.28509
                                                   0.05369
                                                   0.00000  0.10740
                                                   0.05156  0.00000 -0.16109

         409      402    407      0   Z-then-X     0.09933
                                                   0.00064  0.00000 -0.16410
                                                   0.07960
                                                   0.00000  0.07569
                                                  -0.01944  0.00000 -0.15529

         410      401    403      0   Z-then-X     0.10718
                                                  -0.02083  0.00000 -0.03604
                                                  -0.03187
                                                   0.00000  0.01466
                                                  -0.01392  0.00000  0.01721

         411      404    405      0   Z-then-X    -0.77613
                                                   0.13027  0.00000 -0.18830
                                                  -0.53109
                                                   0.00000  0.25725
                                                   0.21601  0.00000  0.27384

         412      403    401      0   Z-then-X     0.11911
                                                   0.01244  0.00000 -0.25689
                                                   0.04573
                                                   0.00000  0.01640
                                                  -0.00301  0.00000 -0.06213

         413      406    403      0   Z-then-X    -0.66614
                                                  -0.21394  0.00000 -0.03273
                                                  -0.49754
                                                   0.00000  0.12402
                                                  -0.24547  0.00000  0.37352

         414      406    413      0   Z-then-X    -0.02624
                                                   0.07068  0.00000 -0.22870
                                                   0.12255
                                                   0.00000  0.03666
                                                   0.03118  0.00000 -0.15921

         415      405    404      0   Z-then-X     0.13248
                                                   0.00045  0.00000 -0.38308
                                                   0.28470
                                                   0.00000  0.12111
                                                   0.01221  0.00000 -0.40581

         416      408    407      0   Z-then-X    -0.56179
                                                   0.01684  0.00000 -0.29231
                                                   0.37390
                                                   0.00000  0.24558
                                                   0.00671  0.00000 -0.61948

 Additional Atomic Dipole Polarizability Parameters :

     Atom Type           Alpha       Thole     Group Atom Types

         403             1.073       0.390         412  401  406
         412             0.496       0.390         403
         401             1.334       0.390         403  410  404  402
         410             0.496       0.390         401
         404             1.334       0.390         401  411  405
         411             0.837       0.390         404
         402             1.334       0.390         401  407  409
         407             3.300       0.390         402  408
         408             1.334       0.390         407  416
         416             1.073       0.390         408
         409             0.496       0.390         402
         406             1.334       0.390         403  413  414
         413             0.837       0.390         406
         405             1.073       0.390         404  415
         414             0.494       0.390         406
         415             0.496       0.390         405

 Limited Memory BFGS Quasi-Newton Optimization :

 QN Iter     F Value      G RMS      F Move   X Move   Angle  FG Call  Comment

     0     2476.3008   878.8035                                   1
     1     1358.9281   555.2382   1117.3727   0.0982    0.00      2    Success 
     2      724.4172   376.0244    634.5109   0.0982   17.30      3    Success 
     3      430.0081   352.2785    294.4092   0.0982   33.10      4    Success 
     4      241.8474   207.2739    188.1607   0.0855   46.40      5    Success 
     5      219.8332   302.6441     22.0142   0.0409   50.75      6    Success 
     6      185.5385   176.4255     34.2947   0.0098   34.38      7    Success 
     7      145.5345   112.3519     40.0040   0.0234   40.34      8    Success 
     8      107.7475   108.2046     37.7870   0.0359   46.56      9    Success 
     9       66.2664    93.4993     41.4811   0.0610   50.52     10    Success 
    10       52.8782   127.9521     13.3883   0.0408   51.47     11    Success 
    11       37.5204    61.4430     15.3578   0.0113   36.34     12    Success 
    12       25.2445    43.1862     12.2759   0.0261   49.96     13    Success 
    13       17.6723    41.0803      7.5722   0.0236   56.13     14    Success 
    14       10.0940    57.7226      7.5783   0.0402   59.35     15    Success 
    15        7.3955    51.0209      2.6985   0.0267   67.17     16    Success 
    16        4.5461    21.8386      2.8494   0.0097   59.78     17    Success 
    17        3.0840    20.1208      1.4621   0.0062   36.44     18    Success 
    18        0.9187    25.7546      2.1653   0.0130   51.58     19    Success 
    19       -1.9396    23.9406      2.8583   0.0242   67.77     20    Success 
    20       -3.1794    34.9904      1.2398   0.0295   69.71     21    Success 
    21       -4.7376    11.7129      1.5581   0.0065   52.98     22    Success 
    22       -5.2831    10.2990      0.5455   0.0047   41.96     23    Success 
    23       -5.9532    13.6721      0.6702   0.0086   56.62     24    Success 
    24       -6.9570    15.3694      1.0037   0.0149   68.50     25    Success 
    25       -7.5396    22.8894      0.5826   0.0278   74.90     26    Success 
    26       -8.2135     7.1667      0.6739   0.0039   43.93     27    Success 
    27       -8.3610     5.1566      0.1475   0.0023   43.09     28    Success 
    28       -8.4806     4.8361      0.1196   0.0029   49.77     29    Success 
    29       -8.5414     7.9551      0.0608   0.0053   63.14     30    Success 
    30       -8.6239     3.9909      0.0825   0.0014   53.70     31    Success 
    31       -8.6724     3.4729      0.0485   0.0017   53.88     32    Success 
    32       -8.7232     3.5458      0.0508   0.0024   64.68     33    Success 
    33       -8.7980     3.4106      0.0747   0.0038   65.26     34    Success 
    34       -8.8279     4.3536      0.0299   0.0028   69.62     36    Success 
    35       -8.8659     2.0893      0.0381   0.0028   74.14     37    Success 
    36       -8.8851     1.7155      0.0192   0.0014   60.47     38    Success 
    37       -8.9091     2.1153      0.0239   0.0022   57.67     39    Success 
    38       -8.9222     3.4751      0.0131   0.0027   67.13     40    Success 
    39       -8.9409     1.8344      0.0187   0.0009   63.64     41    Success 
    40       -8.9541     1.1806      0.0132   0.0011   57.15     42    Success 
    41       -8.9609     1.3559      0.0068   0.0010   64.85     43    Success 
    42       -8.9717     1.4248      0.0108   0.0015   68.15     44    Success 
    43       -8.9813     2.6391      0.0096   0.0026   71.04     45    Success 
    44       -8.9928     1.0669      0.0116   0.0018   77.18     46    Success 
    45       -8.9983     0.9759      0.0055   0.0007   60.02     47    Success 
    46       -9.0059     1.1827      0.0076   0.0013   62.38     48    Success 
    47       -9.0076     3.5734      0.0016   0.0022   70.66     49    Success 
    48       -9.0105     2.9884      0.0030   0.0001   59.15     50    Success 
    49       -9.0156     1.9759      0.0051   0.0003   69.28     51    Success 
    50       -9.0219     0.5997      0.0063   0.0010   72.99     52    Success 
    51       -9.0235     0.8026      0.0016   0.0006   71.20     53    Success 
    52       -9.0260     0.8829      0.0025   0.0009   75.85     54    Success 
    53       -9.0300     0.9124      0.0041   0.0011   73.20     55    Success 
    54       -9.0315     2.5030      0.0014   0.0018   73.93     56    Success 
    55       -9.0339     1.7985      0.0025   0.0002   75.31     57    Success 
    56       -9.0369     0.4295      0.0030   0.0005   71.10     58    Success 
    57       -9.0374     0.3899      0.0005   0.0002   64.29     59    Success 
    58       -9.0379     0.5062      0.0005   0.0002   64.50     60    Success 
    59       -9.0388     0.5831      0.0009   0.0003   68.61     61    Success 
    60       -9.0404     0.6004      0.0016   0.0006   71.55     62    Success 
    61       -9.0411     0.9786      0.0008   0.0005   73.79     64    Success 
    62       -9.0424     0.6972      0.0012   0.0005   80.75     65    Success 
    63       -9.0438     0.2741      0.0014   0.0010   79.48     66    Success 
    64       -9.0443     0.2951      0.0005   0.0004   70.20     67    Success 
    65       -9.0451     0.3895      0.0008   0.0006   69.46     68    Success 
    66       -9.0460     0.6236      0.0009   0.0008   73.85     69    Success 
    67       -9.0466     0.4493      0.0006   0.0007   79.49     70    Success 
    68       -9.0471     0.2562      0.0005   0.0001   58.15     71    Success 
    69       -9.0475     0.3437      0.0004   0.0003   54.26     72    Success 
    70       -9.0478     0.3113      0.0003   0.0002   76.40     73    Success 
    71       -9.0482     0.3445      0.0004   0.0004   76.88     74    Success 
    72       -9.0485     0.5218      0.0003   0.0006   76.49     75    Success 
    73       -9.0490     0.3144      0.0005   0.0004   79.94     76    Success 
    74       -9.0494     0.2661      0.0004   0.0004   75.29     77    Success 
    75       -9.0499     0.2332      0.0005   0.0005   73.26     78    Success 
    76       -9.0505     0.3932      0.0005   0.0007   72.99     79    Success 
    77       -9.0507     0.2627      0.0002   0.0004   79.44     81    Success 
    78       -9.0509     0.1539      0.0002   0.0001   67.99     82    Success 
    79       -9.0510     0.1339      0.0001   0.0001   58.54     83    Success 
    80       -9.0512     0.1564      0.0002   0.0002   62.89     84    Success 
    81       -9.0513     0.2274      0.0001   0.0004   74.01     85    Success 
    82       -9.0514     0.0960      0.0001   0.0002   71.50     86    Success 
    83       -9.0515     0.0856      0.0001   0.0001   59.38     87    Success 
    84       -9.0515     0.1164      0.0001   0.0001   63.52     88    Success 
    85       -9.0516     0.1628      0.0000   0.0002   72.33     89    Success 
    86       -9.0516     0.0610      0.0000   0.0000   62.56     90    Success 
    87       -9.0516     0.0598      0.0000   0.0001   59.50     91    Success 
    88       -9.0516     0.0673      0.0000   0.0001   66.48     92    Success 
    89       -9.0517     0.0747      0.0000   0.0001   69.34     93    Success 
    90       -9.0517     0.1514      0.0000   0.0002   72.68     94    Success 
    91       -9.0517     0.0776      0.0000   0.0001   78.67     95    Success 
    92       -9.0517     0.0577      0.0000   0.0001   73.47     96    Success 
    93       -9.0518     0.0711      0.0000   0.0001   72.33     97    Success 
    94       -9.0518     0.0867      0.0000   0.0001   75.49     98    Success 
    95       -9.0518     0.0819      0.0000   0.0001   80.21    100    Success 
    96       -9.0518     0.0441      0.0000   0.0001   77.49    101    Success 
    97       -9.0518     0.0312      0.0000   0.0000   66.30    102    Success 
    98       -9.0519     0.0345      0.0000   0.0000   60.53    103    Success 
    99       -9.0519     0.0624      0.0000   0.0000   65.27    105    Success 
   100       -9.0519     0.0391      0.0000   0.0000   78.63    106    Success 
   101       -9.0519     0.0258      0.0000   0.0000   74.67    107    Success 
   102       -9.0519     0.0288      0.0000   0.0000   67.83    108    Success 
   103       -9.0519     0.0388      0.0000   0.0001   70.28    109    Success 
   104       -9.0519     0.0523      0.0000   0.0001   74.65    110    Success 
   105       -9.0519     0.0203      0.0000   0.0000   61.65    111    Success 
   106       -9.0519     0.0181      0.0000   0.0000   55.22    112    Success 
   107       -9.0519     0.0194      0.0000   0.0000   62.30    113    Success 
   108       -9.0519     0.0172      0.0000   0.0000   70.01    114    Success 
   109       -9.0519     0.0221      0.0000   0.0000   70.63    116    Success 
   110       -9.0519     0.0105      0.0000   0.0000   79.49    117    Success 
   111       -9.0519     0.0104      0.0000   0.0000   69.50    118    Success 
   112       -9.0519     0.0117      0.0000   0.0000   66.36    119    Success 
   113       -9.0519     0.0162      0.0000   0.0000   69.50    120    Success 
   114       -9.0519     0.0198      0.0000   0.0000   76.67    121    Success 
   115       -9.0519     0.0084      0.0000   0.0000   62.69    122    Success 
   116       -9.0519     0.0081      0.0000   0.0000   49.73    123    Success 
   117       -9.0519     0.0148      0.0000   0.0000   63.61    124    Success 
   118       -9.0519     0.0196      0.0000   0.0000   78.83    125    Success 
   119       -9.0519     0.0088      0.0000   0.0000   74.62    126    Success 
   120       -9.0519     0.0078      0.0000   0.0000   71.70    127    Success 
   121       -9.0519     0.0084      0.0000   0.0000   72.96    128    Success 
   122       -9.0519     0.0168      0.0000   0.0000   70.35    129    Success 
   123       -9.0519     0.0112      0.0000   0.0000   81.94    130    Success 
   124       -9.0519     0.0073      0.0000   0.0000   78.82    131    Success 
   125       -9.0519     0.0086      0.0000   0.0000   73.60    132    Success 
   126       -9.0519     0.0073      0.0000   0.0000   72.38    133    Success 
   127       -9.0519     0.0061      0.0000   0.0000   68.07    134    Success 
   128       -9.0519     0.0077      0.0000   0.0000   71.58    136    Success 
   129       -9.0519     0.0048      0.0000   0.0000   77.78    137    Success 
   130       -9.0519     0.0043      0.0000   0.0000   74.40    138    Success 
   131       -9.0519     0.0048      0.0000   0.0000   70.79    139    Success 
   132       -9.0519     0.0079      0.0000   0.0000   75.15    141    Success 
   133       -9.0519     0.0044      0.0000   0.0000   77.95    142    Success 
   134       -9.0519     0.0034      0.0000   0.0000   66.72    143    Success 
   135       -9.0519     0.0047      0.0000   0.0000   63.76    144    Success 
   136       -9.0519     0.0059      0.0000   0.0000   74.96    145    Success 
   137       -9.0519     0.0076      0.0000   0.0000   80.30    146    Success 
   138       -9.0519     0.0033      0.0000   0.0000   78.09    147    Success 
   139       -9.0519     0.0032      0.0000   0.0000   70.68    148    Success 
   140       -9.0519     0.0038      0.0000   0.0000   74.26    149    Success 
   141       -9.0519     0.0046      0.0000   0.0000   76.18    150    Success 
   142       -9.0519     0.0025      0.0000   0.0000   77.68    151    Success 
   143       -9.0519     0.0016      0.0000   0.0000   74.58    152    Success 
   144       -9.0519     0.0019      0.0000   0.0000   68.16    153    Success 
   145       -9.0519     0.0021      0.0000   0.0000   69.53    154    Success 
   146       -9.0519     0.0022      0.0000   0.0000   72.06    155    Success 
   147       -9.0519     0.0016      0.0000   0.0000   75.57    156    Success 
   148       -9.0519     0.0015      0.0000   0.0000   67.10    157    Success 
   149       -9.0519     0.0017      0.0000   0.0000   65.79    158    Success 
   150       -9.0519     0.0038      0.0000   0.0000   71.58    159    Success 
   151       -9.0519     0.0018      0.0000   0.0000   80.81    160    Success 
   152       -9.0519     0.0014      0.0000   0.0000   75.56    161    Success 
   153       -9.0519     0.0016      0.0000   0.0000   71.38    162    Success 
   154       -9.0519     0.0017      0.0000   0.0000   74.71    163    Success 
   155       -9.0519     0.0016      0.0000   0.0000   74.75    164    Success 
   156       -9.0519     0.0014      0.0000   0.0000   74.92    165    Success 
   157       -9.0519     0.0009      0.0000   0.0000   74.46    166   SmallGrad

 LBFGS  --  Normal Termination due to SmallGrad

 Final Function Value :           -9.0519
 Final RMS Gradient :              0.0009
 Final Gradient Norm :             0.0037
