
     ######################################################################
   ##########################################################################
  ###                                                                      ###
 ###            Tinker  ---  Software Tools for Molecular Design            ###
 ##                                                                          ##
 ##                          Version 8.7  June 2019                          ##
 ##                                                                          ##
 ##               Copyright (c)  Jay William Ponder  1990-2019               ##
 ###                           All Rights Reserved                          ###
  ###                                                                      ###
   ##########################################################################
     ######################################################################


 Additional Atom Definition Parameters :

     Type  Class  Symbol  Description               Atomic    Mass   Valence

     403    403     N     ModifiedRes                  7     14.007     3
     412    412     H     ModifiedRes                  1      1.008     1
     401    401     C     ModifiedRes                  6     12.011     4
     410    410     H     ModifiedRes                  1      1.008     1
     404    404     C     ModifiedRes                  6     12.011     3
     411    411     O     ModifiedRes                  8     15.999     1
     402    402     C     ModifiedRes                  6     12.011     4
     407    407     S     ModifiedRes                 16     32.066     2
     408    408     C     ModifiedRes                  6     12.011     2
     416    416     N     ModifiedRes                  7     14.007     1
     409    409     H     ModifiedRes                  1      1.008     1
     406    406     C     ModifiedRes                  6     12.011     3
     413    413     O     ModifiedRes                  8     15.999     1
     405    405     N     ModifiedRes                  7     14.007     3
     414    414     H     ModifiedRes                  1      1.008     1
     415    415     H     ModifiedRes                  1      1.008     1

 Additional Bond Stretching Parameters :

     Atom Classes             K(S)         Length

       401 403             374.800         1.4589
       403 406             482.000         1.3610
       403 412             542.000         1.0150
       401 410             341.000         1.0957
       401 404             345.300         1.5388
       401 402             345.300         1.5181
       404 405             482.000         1.3572
       404 411             705.000         1.2314
       402 409             395.500         1.0914
       402 407             235.800         1.8318
       407 408             235.800         1.6971
       408 416             450.000         1.1861
       406 413             705.000         1.2330
       406 414             356.400         1.1017
       405 415             542.000         1.0125

 Additional Angle Bending Parameters :

     Atom Classes             K(B)          Angle

     403 406 413            60.000        124.094
     401 403 412            35.000        118.942
     406 403 412            35.000        118.838
     401 404 405            70.000        113.359
     401 404 411            80.000        121.700
     401 402 407            53.200        108.210
     401 403 406            50.000        121.364
     404 401 410            38.000        109.343
     402 401 410            38.000        110.332
     403 401 410            50.600        106.311
     402 401 404            60.000        109.451
     403 401 404            80.000        110.698
     402 401 403            80.000        110.661
     402 407 408            60.430         97.779
     407 408 416            60.000        178.379
     409 402 409            39.570        108.414
     401 402 409            42.440        109.507
     407 402 409            60.240        109.536
     405 404 411            60.000        124.942
     413 406 414            68.340        122.634
     403 406 414            31.650        113.263
     415 405 415            22.300        119.362
     404 405 415            35.000        117.511

 Additional Stretch-Bend Parameters :

     Atom Classes          K(SB)-1        K(SB)-2

     401 403 412             4.300          7.200
     406 403 412             4.300          7.200
     401 404 405            18.700         18.700
     401 402 407            18.700         18.700
     401 403 406             7.200          7.200
     404 401 410            11.500         18.700
     402 401 410            11.500         18.700
     403 401 410            11.500         11.500
     402 401 404            18.700         18.700
     403 401 404            18.700         18.700
     402 401 403            18.700         18.700
     402 407 408            -5.750         -5.750
     401 402 409            11.500         11.500
     407 402 409            11.500         11.500
     403 406 414            11.500         11.500
     404 405 415             4.300          7.200
     415 405 415             4.300          7.200
     401 404 411            18.700         18.700
     413 406 414            11.500         11.500

 Additional Out-of-Plane Bend Parameters :

     Atom Classes                   K(OPB)

     401 403   0   0                14.400
     401 404   0   0                14.400
     403 406   0   0               107.910
     404 405   0   0                71.940
     405 404   0   0               107.910
     406 403   0   0                71.940
     411 404   0   0               122.298
     412 403   0   0                 5.755
     413 406   0   0               122.298
     414 406   0   0               140.283
     415 405   0   0                 5.755

 Additional Torsional Parameters :

     Atom Classes     1-Fold    2-Fold    3-Fold    4-Fold    5-Fold    6-Fold

   403 401 404 405   0.00   0  0.00 180  0.00   0  0.00   0  0.00   0  0.00   0
   403 401 404 411   0.00   0  0.00 180  0.00   0  0.00   0  0.00   0  0.00   0
   403 401 402 409   0.00   0  0.00 180  0.00   0  0.00   0  0.00   0  0.00   0
   403 401 402 407   0.00   0  0.00 180  0.00   0  0.00   0  0.00   0  0.00   0
   410 401 403 412   0.00   0  0.00 180  0.00   0  0.00   0  0.00   0  0.00   0
   404 401 403 412   0.00   0  0.00 180  0.00   0  0.00   0  0.00   0  0.00   0
   402 401 403 412   0.00   0  0.00 180  0.00   0  0.00   0  0.00   0  0.00   0
   412 403 406 413   0.00   0  0.00 180  0.00   0  0.00   0  0.00   0  0.00   0
   412 403 406 414   0.00   0  0.00 180  0.00   0  0.00   0  0.00   0  0.00   0
   401 404 405 415   0.00   0  1.20 180  0.80   0  0.00   0  0.00   0  0.00   0
   401 402 407 408   0.00   0  0.00 180  0.00   0  0.00   0  0.00   0  0.00   0
   401 403 406 413   0.00   0  0.00 180  0.00   0  0.00   0  0.00   0  0.00   0
   401 403 406 414   0.00   0  0.00 180  0.00   0  0.00   0  0.00   0  0.00   0
   410 401 404 405   0.00   0  0.00 180  0.00   0  0.00   0  0.00   0  0.00   0
   410 401 404 411   0.00   0  0.00 180  0.00   0  0.00   0  0.00   0  0.00   0
   410 401 402 409   0.00   0  0.00 180  0.00   0  0.00   0  0.00   0  0.00   0
   410 401 402 407   0.00   0  0.00 180  0.00   0  0.00   0  0.00   0  0.00   0
   410 401 403 406   0.00   0  0.00 180  0.00   0  0.00   0  0.00   0  0.00   0
   404 401 402 409   0.00   0  0.00 180  0.00   0  0.00   0  0.00   0  0.00   0
   404 401 402 407   0.00   0  0.00 180  0.00   0  0.00   0  0.00   0  0.00   0
   404 401 403 406   0.00   0  0.00 180  0.00   0  0.00   0  0.00   0  0.00   0
   411 404 405 415   0.00   0  0.00 180  0.00   0  0.00   0  0.00   0  0.00   0
   402 401 404 411   0.00   0  0.00 180  0.00   0  0.00   0  0.00   0  0.00   0
   402 401 404 405   0.00   0  0.00 180  0.00   0  0.00   0  0.00   0  0.00   0
   402 401 403 406   0.00   0  0.00 180  0.00   0  0.00   0  0.00   0  0.00   0
   402 407 408 416   0.00   0  0.00 180  0.50   0  0.00   0  0.00   0  0.00   0
   409 402 407 408   0.00   0  0.00 180  0.00   0  0.00   0  0.00   0  0.00   0

 Additional Pi-Orbital Torsion Parameters :

     Atom Classes       2-Fold

       404 405           6.850
       403 406           6.850

 Additional van der Waals Parameters :

     Atom Class               Size        Epsilon        Reduction

         403                3.7100         0.1100          0.000
         412                2.5900         0.0220          0.900
         401                3.6500         0.1010          0.000
         410                2.8800         0.0240          0.910
         404                3.8200         0.1060          0.000
         411                3.3000         0.1120          0.000
         402                3.7800         0.1060          0.000
         407                4.0050         0.3550          0.000
         408                3.7800         0.1060          0.000
         416                3.7100         0.1050          0.000
         409                2.8700         0.0330          0.900
         406                3.8200         0.1060          0.000
         413                3.3000         0.1120          0.000
         405                3.7100         0.1100          0.000
         414                2.9200         0.0300          0.920
         415                2.5900         0.0220          0.900

 Additional Atomic Multipole Parameters :

     Atom Type     Coordinate Frame Definition         Multipole Moments

         401      403    404      0   Z-then-X    -0.27040
                                                  -0.22190  0.00000  0.26102
                                                  -0.17903
                                                   0.00000 -0.24517
                                                   0.13675  0.00000  0.42420

         402      407    401      0   Z-then-X    -0.16380
                                                   0.27778  0.00000 -0.20334
                                                   0.30211
                                                   0.00000 -0.49081
                                                  -0.33263  0.00000  0.18870

         403      406    401      0   Z-then-X    -0.06286
                                                   0.37348  0.00000 -0.12295
                                                   0.79149
                                                   0.00000 -1.08676
                                                  -0.63736  0.00000  0.29527

         404      411    405      0   Z-then-X     0.97419
                                                  -0.10999  0.00000  0.25580
                                                   0.38321
                                                   0.00000 -0.33696
                                                  -0.17133  0.00000 -0.04625

         405      404    415      0   Z-then-X    -0.32376
                                                   0.05823  0.00000 -0.07138
                                                   0.32176
                                                   0.00000 -0.38869
                                                  -0.03945  0.00000  0.06693

         406      413    403      0   Z-then-X     0.63075
                                                   0.40149  0.00000  0.25741
                                                  -0.01797
                                                   0.00000  0.01503
                                                   0.00873  0.00000  0.00294

         407      408    402      0   Z-then-X     0.34019
                                                   0.47821  0.00000  0.49978
                                                   1.11919
                                                   0.00000 -2.31639
                                                  -0.50667  0.00000  1.19720

         408      407    416      0   Z-then-X     0.21608
                                                   0.00820  0.00000 -0.28509
                                                   0.05369
                                                   0.00000  0.10740
                                                   0.05156  0.00000 -0.16109

         409      402    407      0   Z-then-X     0.09933
                                                   0.00064  0.00000 -0.16410
                                                   0.07960
                                                   0.00000  0.07569
                                                  -0.01944  0.00000 -0.15529

         410      401    403      0   Z-then-X     0.10718
                                                  -0.02083  0.00000 -0.03604
                                                  -0.03187
                                                   0.00000  0.01466
                                                  -0.01392  0.00000  0.01721

         411      404    405      0   Z-then-X    -0.77613
                                                   0.13027  0.00000 -0.18830
                                                  -0.53109
                                                   0.00000  0.25725
                                                   0.21601  0.00000  0.27384

         412      403    401      0   Z-then-X     0.11911
                                                   0.01244  0.00000 -0.25689
                                                   0.04573
                                                   0.00000  0.01640
                                                  -0.00301  0.00000 -0.06213

         413      406    403      0   Z-then-X    -0.66614
                                                  -0.21394  0.00000 -0.03273
                                                  -0.49754
                                                   0.00000  0.12402
                                                  -0.24547  0.00000  0.37352

         414      406    413      0   Z-then-X    -0.02624
                                                   0.07068  0.00000 -0.22870
                                                   0.12255
                                                   0.00000  0.03666
                                                   0.03118  0.00000 -0.15921

         415      405    404      0   Z-then-X     0.13248
                                                   0.00045  0.00000 -0.38308
                                                   0.28470
                                                   0.00000  0.12111
                                                   0.01221  0.00000 -0.40581

         416      408    407      0   Z-then-X    -0.56179
                                                   0.01684  0.00000 -0.29231
                                                   0.37390
                                                   0.00000  0.24558
                                                   0.00671  0.00000 -0.61948

 Additional Atomic Dipole Polarizability Parameters :

     Atom Type           Alpha       Thole     Group Atom Types

         403             1.073       0.390         412  401  406
         412             0.496       0.390         403
         401             1.334       0.390         403  410  404  402
         410             0.496       0.390         401
         404             1.334       0.390         401  411  405
         411             0.837       0.390         404
         402             1.334       0.390         401  407  409
         407             3.300       0.390         402  408
         408             1.334       0.390         407  416
         416             1.073       0.390         408
         409             0.496       0.390         402
         406             1.334       0.390         403  413  414
         413             0.837       0.390         406
         405             1.073       0.390         404  415
         414             0.494       0.390         406
         415             0.496       0.390         405

 Limited Memory BFGS Quasi-Newton Optimization :

 QN Iter     F Value      G RMS      F Move   X Move   Angle  FG Call  Comment

     0      904.6694   556.2706                                   1
     1      451.3690   244.6554    453.3004   0.0982    0.00      2    Success 
     2      332.5593   185.0959    118.8097   0.0359   22.64      3    Success 
     3      172.8873   194.3384    159.6721   0.0784   24.52      4    Success 
     4      117.5013   357.4344     55.3860   0.0982   51.54      5    Success 
     5       62.6477   108.1543     54.8536   0.0158   24.38      6    Success 
     6       45.8552    88.6159     16.7925   0.0118   23.48      7    Success 
     7       22.4883    75.8492     23.3669   0.0280   41.24      8    Success 
     8        5.6679    53.7225     16.8204   0.0335   51.80      9    Success 
     9       -2.1746    47.6842      7.8425   0.0286   57.24     10    Success 
    10       -7.9202    39.0450      5.7456   0.0153   54.06     11    Success 
    11      -13.7862    31.7238      5.8659   0.0272   57.49     12    Success 
    12      -16.0321    43.6044      2.2460   0.0198   58.74     13    Success 
    13      -18.4169    20.1934      2.3847   0.0061   48.74     14    Success 
    14      -20.1458    17.2984      1.7289   0.0117   49.90     15    Success 
    15      -21.2361    18.0896      1.0903   0.0096   63.70     16    Success 
    16      -22.9806    21.0235      1.7446   0.0154   64.19     17    Success 
    17      -25.2418    16.2545      2.2612   0.0270   70.02     18    Success 
    18      -26.6656    16.2405      1.4238   0.0263   70.30     19    Success 
    19      -27.4057    12.7156      0.7401   0.0118   67.59     20    Success 
    20      -28.0221     9.9048      0.6164   0.0061   54.39     21    Success 
    21      -28.8800     8.6754      0.8579   0.0115   53.07     22    Success 
    22      -29.4193    17.4881      0.5393   0.0170   61.53     23    Success 
    23      -29.9487    13.6393      0.5295   0.0084   65.83     24    Success 
    24      -30.1773    13.2068      0.2286   0.0104   72.20     25    Success 
    25      -30.4179     5.4900      0.2407   0.0026   54.53     26    Success 
    26      -30.5574     4.7363      0.1395   0.0058   68.44     27    Success 
    27      -30.6565     8.5799      0.0990   0.0049   66.07     28    Success 
    28      -30.7471     4.9025      0.0907   0.0053   77.13     29    Success 
    29      -30.7726    11.6389      0.0255   0.0012   48.63     30    Success 
    30      -30.8066     6.5961      0.0340   0.0017   81.75     31    Success 
    31      -30.8365     3.9462      0.0299   0.0010   71.51     32    Success 
    32      -30.8729     3.5526      0.0364   0.0020   67.79     33    Success 
    33      -30.9028     3.3089      0.0299   0.0017   68.70     34    Success 
    34      -30.9482     3.4276      0.0454   0.0026   67.01     35    Success 
    35      -30.9732     6.2021      0.0250   0.0039   67.77     36    Success 
    36      -31.0066     2.7516      0.0334   0.0010   62.22     37    Success 
    37      -31.0216     2.1888      0.0150   0.0008   58.53     38    Success 
    38      -31.0395     2.4849      0.0179   0.0013   62.94     39    Success 
    39      -31.0673     2.8154      0.0278   0.0024   70.76     40    Success 
    40      -31.1053     3.5452      0.0381   0.0042   74.89     41    Success 
    41      -31.1142     6.6542      0.0089   0.0066   79.74     42    Success 
    42      -31.1299     5.1893      0.0157   0.0004   65.91     43    Success 
    43      -31.1544     2.8244      0.0244   0.0007   62.08     44    Success 
    44      -31.1751     2.2015      0.0207   0.0012   57.59     45    Success 
    45      -31.1882     2.7969      0.0131   0.0012   71.39     46    Success 
    46      -31.2105     3.2388      0.0223   0.0023   77.03     47    Success 
    47      -31.2469     3.3637      0.0364   0.0042   79.41     48    Success 
    48      -31.2835     6.5367      0.0366   0.0079   81.27     49    Success 
    49      -31.3027     5.0961      0.0191   0.0063   84.33     50    Success 
    50      -31.3226     2.7617      0.0200   0.0017   79.69     51    Success 
    51      -31.3384     1.7875      0.0158   0.0008   55.20     52    Success 
    52      -31.3515     2.0344      0.0131   0.0017   71.10     53    Success 
    53      -31.3695     2.4528      0.0179   0.0030   77.71     54    Success 
    54      -31.3954     3.4244      0.0260   0.0045   79.61     55    Success 
    55      -31.4208     2.8712      0.0253   0.0070   83.12     56    Success 
    56      -31.4411     1.6412      0.0204   0.0021   73.42     57    Success 
    57      -31.4561     1.6742      0.0150   0.0018   67.01     58    Success 
    58      -31.4690     2.8639      0.0129   0.0035   73.88     59    Success 
    59      -31.4800     1.7605      0.0110   0.0016   74.23     60    Success 
    60      -31.4855     1.0575      0.0055   0.0005   59.75     61    Success 
    61      -31.4922     1.1730      0.0066   0.0011   62.19     62    Success 
    62      -31.5007     1.3154      0.0085   0.0015   70.18     63    Success 
    63      -31.5116     1.0698      0.0110   0.0027   74.67     64    Success 
    64      -31.5170     1.7971      0.0053   0.0032   73.49     65    Success 
    65      -31.5237     0.9347      0.0067   0.0005   54.14     66    Success 
    66      -31.5288     1.1751      0.0051   0.0007   54.60     67    Success 
    67      -31.5361     1.5848      0.0072   0.0018   74.54     68    Success 
    68      -31.5412     2.2991      0.0051   0.0032   80.81     69    Success 
    69      -31.5481     1.0519      0.0069   0.0015   80.68     70    Success 
    70      -31.5517     0.6843      0.0036   0.0012   76.42     71    Success 
    71      -31.5544     1.0436      0.0027   0.0013   75.36     72    Success 
    72      -31.5570     1.4452      0.0026   0.0012   76.20     73    Success 
    73      -31.5594     0.8559      0.0024   0.0005   76.48     74    Success 
    74      -31.5622     0.6336      0.0028   0.0007   67.42     75    Success 
    75      -31.5636     0.6178      0.0014   0.0005   72.79     76    Success 
    76      -31.5658     0.5474      0.0022   0.0008   71.71     77    Success 
    77      -31.5673     1.0234      0.0015   0.0015   72.58     78    Success 
    78      -31.5692     0.4287      0.0019   0.0004   68.41     79    Success 
    79      -31.5701     0.3471      0.0009   0.0003   59.36     80    Success 
    80      -31.5712     0.4007      0.0011   0.0006   63.01     81    Success 
    81      -31.5717     0.5219      0.0005   0.0004   69.65     83    Success 
    82      -31.5724     0.3185      0.0006   0.0004   75.32     84    Success 
    83      -31.5729     0.4083      0.0005   0.0005   69.94     85    Success 
    84      -31.5732     0.3562      0.0003   0.0003   70.95     86    Success 
    85      -31.5734     0.2495      0.0002   0.0001   61.79     87    Success 
    86      -31.5738     0.1810      0.0003   0.0002   60.46     88    Success 
    87      -31.5741     0.2646      0.0003   0.0003   63.93     89    Success 
    88      -31.5743     0.2770      0.0003   0.0004   73.91     90    Success 
    89      -31.5746     0.1857      0.0003   0.0003   76.28     91    Success 
    90      -31.5747     0.5425      0.0001   0.0004   68.62     92    Success 
    91      -31.5748     0.3957      0.0001   0.0000   53.19     93    Success 
    92      -31.5750     0.1502      0.0002   0.0001   54.68     94    Success 
    93      -31.5750     0.1516      0.0001   0.0001   48.17     95    Success 
    94      -31.5751     0.1918      0.0001   0.0001   69.90     96    Success 
    95      -31.5752     0.2410      0.0001   0.0002   76.57     97    Success 
    96      -31.5753     0.3435      0.0001   0.0002   78.11     98    Success 
    97      -31.5753     0.1771      0.0001   0.0001   80.30     99    Success 
    98      -31.5754     0.1058      0.0001   0.0001   74.24    100    Success 
    99      -31.5754     0.1152      0.0000   0.0001   65.72    101    Success 
   100      -31.5755     0.1168      0.0001   0.0001   66.59    102    Success 
   101      -31.5756     0.1288      0.0001   0.0002   68.92    103    Success 
   102      -31.5757     0.1458      0.0001   0.0002   74.51    105    Success 
   103      -31.5757     0.0563      0.0001   0.0002   74.92    106    Success 
   104      -31.5758     0.0489      0.0000   0.0000   48.84    107    Success 
   105      -31.5758     0.0675      0.0000   0.0001   48.88    108    Success 
   106      -31.5758     0.0520      0.0000   0.0000   60.71    109    Success 
   107      -31.5758     0.0426      0.0000   0.0000   60.77    110    Success 
   108      -31.5758     0.0476      0.0000   0.0001   68.22    111    Success 
   109      -31.5758     0.0342      0.0000   0.0000   74.12    112    Success 
   110      -31.5758     0.0335      0.0000   0.0000   68.11    113    Success 
   111      -31.5758     0.0348      0.0000   0.0000   67.29    114    Success 
   112      -31.5758     0.0458      0.0000   0.0001   71.15    115    Success 
   113      -31.5758     0.0321      0.0000   0.0001   75.91    116    Success 
   114      -31.5758     0.0279      0.0000   0.0000   67.16    117    Success 
   115      -31.5758     0.0584      0.0000   0.0000   64.08    118    Success 
   116      -31.5758     0.0296      0.0000   0.0000   77.57    119    Success 
   117      -31.5758     0.0238      0.0000   0.0000   69.44    120    Success 
   118      -31.5758     0.0232      0.0000   0.0000   71.65    121    Success 
   119      -31.5758     0.0284      0.0000   0.0000   69.89    123    Success 
   120      -31.5758     0.0171      0.0000   0.0000   80.19    124    Success 
   121      -31.5759     0.0105      0.0000   0.0000   67.46    125    Success 
   122      -31.5759     0.0103      0.0000   0.0000   54.57    126    Success 
   123      -31.5759     0.0112      0.0000   0.0000   63.74    127    Success 
   124      -31.5759     0.0195      0.0000   0.0000   67.71    128    Success 
   125      -31.5759     0.0078      0.0000   0.0000   67.99    129    Success 
   126      -31.5759     0.0049      0.0000   0.0000   53.89    130    Success 
   127      -31.5759     0.0059      0.0000   0.0000   56.29    131    Success 
   128      -31.5759     0.0080      0.0000   0.0000   65.01    132    Success 
   129      -31.5759     0.0074      0.0000   0.0000   73.79    133    Success 
   130      -31.5759     0.0047      0.0000   0.0000   50.54    134    Success 
   131      -31.5759     0.0049      0.0000   0.0000   52.72    135    Success 
   132      -31.5759     0.0065      0.0000   0.0000   68.59    136    Success 
   133      -31.5759     0.0055      0.0000   0.0000   74.43    137    Success 
   134      -31.5759     0.0044      0.0000   0.0000   75.16    138    Success 
   135      -31.5759     0.0112      0.0000   0.0000   74.73    139    Success 
   136      -31.5759     0.0065      0.0000   0.0000   53.61    140    Success 
   137      -31.5759     0.0041      0.0000   0.0000   61.04    141    Success 
   138      -31.5759     0.0056      0.0000   0.0000   72.72    142    Success 
   139      -31.5759     0.0073      0.0000   0.0000   77.88    143    Success 
   140      -31.5759     0.0100      0.0000   0.0000   83.27    144    Success 
   141      -31.5759     0.0034      0.0000   0.0000   73.04    145    Success 
   142      -31.5759     0.0039      0.0000   0.0000   57.41    146    Success 
   143      -31.5759     0.0042      0.0000   0.0000   68.62    147    Success 
   144      -31.5759     0.0040      0.0000   0.0000   76.98    148    Success 
   145      -31.5759     0.0037      0.0000   0.0000   72.91    149    Success 
   146      -31.5759     0.0026      0.0000   0.0000   78.59    150    Success 
   147      -31.5759     0.0028      0.0000   0.0000   77.16    151    Success 
   148      -31.5759     0.0025      0.0000   0.0000   70.19    152    Success 
   149      -31.5759     0.0027      0.0000   0.0000   69.05    153    Success 
   150      -31.5759     0.0030      0.0000   0.0000   75.67    154    Success 
   151      -31.5759     0.0029      0.0000   0.0000   73.69    155    Success 
   152      -31.5759     0.0021      0.0000   0.0000   70.76    156    Success 
   153      -31.5759     0.0014      0.0000   0.0000   72.92    157    Success 
   154      -31.5759     0.0016      0.0000   0.0000   66.50    158    Success 
   155      -31.5759     0.0021      0.0000   0.0000   72.77    159    Success 
   156      -31.5759     0.0025      0.0000   0.0000   77.57    160    Success 
   157      -31.5759     0.0015      0.0000   0.0000   74.84    161    Success 
   158      -31.5759     0.0014      0.0000   0.0000   65.46    162    Success 
   159      -31.5759     0.0017      0.0000   0.0000   76.03    163    Success 
   160      -31.5759     0.0013      0.0000   0.0000   76.41    164    Success 
   161      -31.5759     0.0011      0.0000   0.0000   75.26    165    Success 
   162      -31.5759     0.0038      0.0000   0.0000   71.39    166    Success 
   163      -31.5759     0.0014      0.0000   0.0000   82.55    167    Success 
   164      -31.5759     0.0009      0.0000   0.0000   61.96    168   SmallGrad

 LBFGS  --  Normal Termination due to SmallGrad

 Final Function Value :          -31.5759
 Final RMS Gradient :              0.0009
 Final Gradient Norm :             0.0039
