
     ######################################################################
   ##########################################################################
  ###                                                                      ###
 ###            Tinker  ---  Software Tools for Molecular Design            ###
 ##                                                                          ##
 ##                          Version 8.7  June 2019                          ##
 ##                                                                          ##
 ##               Copyright (c)  Jay William Ponder  1990-2019               ##
 ###                           All Rights Reserved                          ###
  ###                                                                      ###
   ##########################################################################
     ######################################################################


 Additional Atom Definition Parameters :

     Type  Class  Symbol  Description               Atomic    Mass   Valence

     403    403     N     ModifiedRes                  7     14.007     3
     412    412     H     ModifiedRes                  1      1.008     1
     401    401     C     ModifiedRes                  6     12.011     4
     410    410     H     ModifiedRes                  1      1.008     1
     404    404     C     ModifiedRes                  6     12.011     3
     411    411     O     ModifiedRes                  8     15.999     1
     402    402     C     ModifiedRes                  6     12.011     4
     407    407     S     ModifiedRes                 16     32.066     2
     408    408     C     ModifiedRes                  6     12.011     2
     416    416     N     ModifiedRes                  7     14.007     1
     409    409     H     ModifiedRes                  1      1.008     1
     406    406     C     ModifiedRes                  6     12.011     3
     413    413     O     ModifiedRes                  8     15.999     1
     405    405     N     ModifiedRes                  7     14.007     3
     414    414     H     ModifiedRes                  1      1.008     1
     415    415     H     ModifiedRes                  1      1.008     1

 Additional Bond Stretching Parameters :

     Atom Classes             K(S)         Length

       401 403             374.800         1.4589
       403 406             482.000         1.3610
       403 412             542.000         1.0150
       401 410             341.000         1.0957
       401 404             345.300         1.5388
       401 402             345.300         1.5181
       404 405             482.000         1.3572
       404 411             705.000         1.2314
       402 409             395.500         1.0914
       402 407             235.800         1.8318
       407 408             235.800         1.6971
       408 416             450.000         1.1861
       406 413             705.000         1.2330
       406 414             356.400         1.1017
       405 415             542.000         1.0125

 Additional Angle Bending Parameters :

     Atom Classes             K(B)          Angle

     403 406 413            60.000        124.094
     401 403 412            35.000        118.942
     406 403 412            35.000        118.838
     401 404 405            70.000        113.359
     401 404 411            80.000        121.700
     401 402 407            53.200        108.210
     401 403 406            50.000        121.364
     404 401 410            38.000        109.343
     402 401 410            38.000        110.332
     403 401 410            50.600        106.311
     402 401 404            60.000        109.451
     403 401 404            80.000        110.698
     402 401 403            80.000        110.661
     402 407 408            60.430         97.779
     407 408 416            60.000        178.379
     409 402 409            39.570        108.414
     401 402 409            42.440        109.507
     407 402 409            60.240        109.536
     405 404 411            60.000        124.942
     413 406 414            68.340        122.634
     403 406 414            31.650        113.263
     415 405 415            22.300        119.362
     404 405 415            35.000        117.511

 Additional Stretch-Bend Parameters :

     Atom Classes          K(SB)-1        K(SB)-2

     401 403 412             4.300          7.200
     406 403 412             4.300          7.200
     401 404 405            18.700         18.700
     401 402 407            18.700         18.700
     401 403 406             7.200          7.200
     404 401 410            11.500         18.700
     402 401 410            11.500         18.700
     403 401 410            11.500         11.500
     402 401 404            18.700         18.700
     403 401 404            18.700         18.700
     402 401 403            18.700         18.700
     402 407 408            -5.750         -5.750
     401 402 409            11.500         11.500
     407 402 409            11.500         11.500
     403 406 414            11.500         11.500
     404 405 415             4.300          7.200
     415 405 415             4.300          7.200
     401 404 411            18.700         18.700
     413 406 414            11.500         11.500

 Additional Out-of-Plane Bend Parameters :

     Atom Classes                   K(OPB)

     401 403   0   0                14.400
     401 404   0   0                14.400
     403 406   0   0               107.910
     404 405   0   0                71.940
     405 404   0   0               107.910
     406 403   0   0                71.940
     411 404   0   0               122.298
     412 403   0   0                 5.755
     413 406   0   0               122.298
     414 406   0   0               140.283
     415 405   0   0                 5.755

 Additional Torsional Parameters :

     Atom Classes     1-Fold    2-Fold    3-Fold    4-Fold    5-Fold    6-Fold

   403 401 404 405   0.00   0  0.00 180  0.00   0  0.00   0  0.00   0  0.00   0
   403 401 404 411   0.00   0  0.00 180  0.00   0  0.00   0  0.00   0  0.00   0
   403 401 402 409   0.00   0  0.00 180  0.00   0  0.00   0  0.00   0  0.00   0
   403 401 402 407   0.00   0  0.00 180  0.00   0  0.00   0  0.00   0  0.00   0
   410 401 403 412   0.00   0  0.00 180  0.00   0  0.00   0  0.00   0  0.00   0
   404 401 403 412   0.00   0  0.00 180  0.00   0  0.00   0  0.00   0  0.00   0
   402 401 403 412   0.00   0  0.00 180  0.00   0  0.00   0  0.00   0  0.00   0
   412 403 406 413   0.00   0  0.00 180  0.00   0  0.00   0  0.00   0  0.00   0
   412 403 406 414   0.00   0  0.00 180  0.00   0  0.00   0  0.00   0  0.00   0
   401 404 405 415   0.00   0  1.20 180  0.80   0  0.00   0  0.00   0  0.00   0
   401 402 407 408   0.00   0  0.00 180  0.00   0  0.00   0  0.00   0  0.00   0
   401 403 406 413   0.00   0  0.00 180  0.00   0  0.00   0  0.00   0  0.00   0
   401 403 406 414   0.00   0  0.00 180  0.00   0  0.00   0  0.00   0  0.00   0
   410 401 404 405   0.00   0  0.00 180  0.00   0  0.00   0  0.00   0  0.00   0
   410 401 404 411   0.00   0  0.00 180  0.00   0  0.00   0  0.00   0  0.00   0
   410 401 402 409   0.00   0  0.00 180  0.00   0  0.00   0  0.00   0  0.00   0
   410 401 402 407   0.00   0  0.00 180  0.00   0  0.00   0  0.00   0  0.00   0
   410 401 403 406   0.00   0  0.00 180  0.00   0  0.00   0  0.00   0  0.00   0
   404 401 402 409   0.00   0  0.00 180  0.00   0  0.00   0  0.00   0  0.00   0
   404 401 402 407   0.00   0  0.00 180  0.00   0  0.00   0  0.00   0  0.00   0
   404 401 403 406   0.00   0  0.00 180  0.00   0  0.00   0  0.00   0  0.00   0
   411 404 405 415   0.00   0  0.00 180  0.00   0  0.00   0  0.00   0  0.00   0
   402 401 404 411   0.00   0  0.00 180  0.00   0  0.00   0  0.00   0  0.00   0
   402 401 404 405   0.00   0  0.00 180  0.00   0  0.00   0  0.00   0  0.00   0
   402 401 403 406   0.00   0  0.00 180  0.00   0  0.00   0  0.00   0  0.00   0
   402 407 408 416   0.00   0  0.00 180  0.50   0  0.00   0  0.00   0  0.00   0
   409 402 407 408   0.00   0  0.00 180  0.00   0  0.00   0  0.00   0  0.00   0

 Additional Pi-Orbital Torsion Parameters :

     Atom Classes       2-Fold

       404 405           6.850
       403 406           6.850

 Additional van der Waals Parameters :

     Atom Class               Size        Epsilon        Reduction

         403                3.7100         0.1100          0.000
         412                2.5900         0.0220          0.900
         401                3.6500         0.1010          0.000
         410                2.8800         0.0240          0.910
         404                3.8200         0.1060          0.000
         411                3.3000         0.1120          0.000
         402                3.7800         0.1060          0.000
         407                4.0050         0.3550          0.000
         408                3.7800         0.1060          0.000
         416                3.7100         0.1050          0.000
         409                2.8700         0.0330          0.900
         406                3.8200         0.1060          0.000
         413                3.3000         0.1120          0.000
         405                3.7100         0.1100          0.000
         414                2.9200         0.0300          0.920
         415                2.5900         0.0220          0.900

 Additional Atomic Multipole Parameters :

     Atom Type     Coordinate Frame Definition         Multipole Moments

         401      403    404      0   Z-then-X    -0.27040
                                                  -0.22190  0.00000  0.26102
                                                  -0.17903
                                                   0.00000 -0.24517
                                                   0.13675  0.00000  0.42420

         402      407    401      0   Z-then-X    -0.16380
                                                   0.27778  0.00000 -0.20334
                                                   0.30211
                                                   0.00000 -0.49081
                                                  -0.33263  0.00000  0.18870

         403      406    401      0   Z-then-X    -0.06286
                                                   0.37348  0.00000 -0.12295
                                                   0.79149
                                                   0.00000 -1.08676
                                                  -0.63736  0.00000  0.29527

         404      411    405      0   Z-then-X     0.97419
                                                  -0.10999  0.00000  0.25580
                                                   0.38321
                                                   0.00000 -0.33696
                                                  -0.17133  0.00000 -0.04625

         405      404    415      0   Z-then-X    -0.32376
                                                   0.05823  0.00000 -0.07138
                                                   0.32176
                                                   0.00000 -0.38869
                                                  -0.03945  0.00000  0.06693

         406      413    403      0   Z-then-X     0.63075
                                                   0.40149  0.00000  0.25741
                                                  -0.01797
                                                   0.00000  0.01503
                                                   0.00873  0.00000  0.00294

         407      408    402      0   Z-then-X     0.34019
                                                   0.47821  0.00000  0.49978
                                                   1.11919
                                                   0.00000 -2.31639
                                                  -0.50667  0.00000  1.19720

         408      407    416      0   Z-then-X     0.21608
                                                   0.00820  0.00000 -0.28509
                                                   0.05369
                                                   0.00000  0.10740
                                                   0.05156  0.00000 -0.16109

         409      402    407      0   Z-then-X     0.09933
                                                   0.00064  0.00000 -0.16410
                                                   0.07960
                                                   0.00000  0.07569
                                                  -0.01944  0.00000 -0.15529

         410      401    403      0   Z-then-X     0.10718
                                                  -0.02083  0.00000 -0.03604
                                                  -0.03187
                                                   0.00000  0.01466
                                                  -0.01392  0.00000  0.01721

         411      404    405      0   Z-then-X    -0.77613
                                                   0.13027  0.00000 -0.18830
                                                  -0.53109
                                                   0.00000  0.25725
                                                   0.21601  0.00000  0.27384

         412      403    401      0   Z-then-X     0.11911
                                                   0.01244  0.00000 -0.25689
                                                   0.04573
                                                   0.00000  0.01640
                                                  -0.00301  0.00000 -0.06213

         413      406    403      0   Z-then-X    -0.66614
                                                  -0.21394  0.00000 -0.03273
                                                  -0.49754
                                                   0.00000  0.12402
                                                  -0.24547  0.00000  0.37352

         414      406    413      0   Z-then-X    -0.02624
                                                   0.07068  0.00000 -0.22870
                                                   0.12255
                                                   0.00000  0.03666
                                                   0.03118  0.00000 -0.15921

         415      405    404      0   Z-then-X     0.13248
                                                   0.00045  0.00000 -0.38308
                                                   0.28470
                                                   0.00000  0.12111
                                                   0.01221  0.00000 -0.40581

         416      408    407      0   Z-then-X    -0.56179
                                                   0.01684  0.00000 -0.29231
                                                   0.37390
                                                   0.00000  0.24558
                                                   0.00671  0.00000 -0.61948

 Additional Atomic Dipole Polarizability Parameters :

     Atom Type           Alpha       Thole     Group Atom Types

         403             1.073       0.390         412  401  406
         412             0.496       0.390         403
         401             1.334       0.390         403  410  404  402
         410             0.496       0.390         401
         404             1.334       0.390         401  411  405
         411             0.837       0.390         404
         402             1.334       0.390         401  407  409
         407             3.300       0.390         402  408
         408             1.334       0.390         407  416
         416             1.073       0.390         408
         409             0.496       0.390         402
         406             1.334       0.390         403  413  414
         413             0.837       0.390         406
         405             1.073       0.390         404  415
         414             0.494       0.390         406
         415             0.496       0.390         405

 Limited Memory BFGS Quasi-Newton Optimization :

 QN Iter     F Value      G RMS      F Move   X Move   Angle  FG Call  Comment

     0      -29.2265    42.0057                                   1
     1      -33.2360    31.9144      4.0095   0.0119    0.00      3    Success 
     2      -34.5000    17.7686      1.2641   0.0057   33.39      4    Success 
     3      -34.8690    11.8138      0.3689   0.0020   29.02      5    Success 
     4      -35.1701    10.4625      0.3011   0.0029   39.69      6    Success 
     5      -35.4238    11.7211      0.2537   0.0037   53.02      7    Success 
     6      -35.6479     7.1393      0.2241   0.0035   61.91      8    Success 
     7      -35.7972     5.3285      0.1493   0.0027   52.05      9    Success 
     8      -35.9227     4.1619      0.1255   0.0031   51.22     10    Success 
     9      -36.0069     6.2668      0.0842   0.0033   51.08     11    Success 
    10      -36.0826     3.9142      0.0756   0.0024   67.23     12    Success 
    11      -36.1727     4.6635      0.0901   0.0036   60.01     13    Success 
    12      -36.2697     6.9289      0.0970   0.0050   69.58     14    Success 
    13      -36.3302    11.4554      0.0605   0.0068   76.86     15    Success 
    14      -36.4022     3.7145      0.0720   0.0008   44.91     16    Success 
    15      -36.4306     3.3118      0.0285   0.0011   58.60     17    Success 
    16      -36.4682     3.3160      0.0376   0.0019   63.50     18    Success 
    17      -36.5174     2.7964      0.0492   0.0033   69.80     19    Success 
    18      -36.5676     2.9687      0.0502   0.0048   69.14     20    Success 
    19      -36.5964     2.8023      0.0287   0.0041   70.59     21    Success 
    20      -36.6188     1.7066      0.0224   0.0008   41.77     22    Success 
    21      -36.6462     1.9700      0.0274   0.0019   46.71     23    Success 
    22      -36.6723     2.0893      0.0261   0.0028   69.27     24    Success 
    23      -36.6856     2.6851      0.0133   0.0023   71.85     26    Success 
    24      -36.7031     1.2100      0.0176   0.0027   78.09     27    Success 
    25      -36.7111     0.8350      0.0080   0.0014   69.03     28    Success 
    26      -36.7173     1.0189      0.0062   0.0012   59.18     29    Success 
    27      -36.7184     2.5246      0.0012   0.0017   68.40     30    Success 
    28      -36.7205     1.9632      0.0021   0.0001   60.42     31    Success 
    29      -36.7238     1.0607      0.0033   0.0003   68.32     32    Success 
    30      -36.7264     0.6832      0.0026   0.0005   59.91     33    Success 
    31      -36.7275     0.7446      0.0011   0.0002   63.96     34    Success 
    32      -36.7292     0.8607      0.0018   0.0005   70.02     35    Success 
    33      -36.7316     0.9236      0.0024   0.0007   71.71     36    Success 
    34      -36.7334     0.5294      0.0018   0.0009   78.80     37    Success 
    35      -36.7343     0.4280      0.0009   0.0003   66.39     38    Success 
    36      -36.7353     0.4391      0.0011   0.0004   58.75     39    Success 
    37      -36.7361     0.4461      0.0008   0.0003   58.88     40    Success 
    38      -36.7372     0.3288      0.0011   0.0005   65.84     41    Success 
    39      -36.7376     0.7166      0.0004   0.0006   64.70     42    Success 
    40      -36.7382     0.3636      0.0006   0.0002   70.52     43    Success 
    41      -36.7388     0.3470      0.0005   0.0002   62.75     44    Success 
    42      -36.7393     0.4021      0.0006   0.0004   71.55     45    Success 
    43      -36.7402     0.4276      0.0009   0.0006   75.04     46    Success 
    44      -36.7410     0.7870      0.0008   0.0008   74.23     47    Success 
    45      -36.7421     0.4528      0.0011   0.0007   81.56     48    Success 
    46      -36.7432     0.3044      0.0011   0.0008   76.91     49    Success 
    47      -36.7441     0.3565      0.0009   0.0008   73.33     50    Success 
    48      -36.7450     0.7258      0.0009   0.0011   75.37     51    Success 
    49      -36.7460     0.3675      0.0011   0.0008   81.24     52    Success 
    50      -36.7468     0.3268      0.0008   0.0005   70.01     53    Success 
    51      -36.7477     0.4316      0.0009   0.0007   71.83     54    Success 
    52      -36.7481     0.5384      0.0004   0.0006   80.42     56    Success 
    53      -36.7487     0.3421      0.0006   0.0006   81.46     57    Success 
    54      -36.7494     0.2836      0.0006   0.0007   78.11     58    Success 
    55      -36.7497     0.8308      0.0003   0.0009   76.99     59    Success 
    56      -36.7501     0.4178      0.0004   0.0001   74.02     60    Success 
    57      -36.7505     0.3029      0.0004   0.0002   65.13     61    Success 
    58      -36.7507     0.2799      0.0002   0.0002   75.12     62    Success 
    59      -36.7510     0.1949      0.0003   0.0004   77.31     63    Success 
    60      -36.7513     0.1500      0.0003   0.0004   74.36     64    Success 
    61      -36.7513     0.2349      0.0001   0.0002   69.63     66    Success 
    62      -36.7514     0.1379      0.0001   0.0001   76.12     67    Success 
    63      -36.7515     0.1047      0.0001   0.0001   64.18     68    Success 
    64      -36.7516     0.1204      0.0001   0.0001   57.00     69    Success 
    65      -36.7517     0.2158      0.0001   0.0002   69.14     70    Success 
    66      -36.7517     0.1149      0.0001   0.0001   74.94     71    Success 
    67      -36.7517     0.0787      0.0000   0.0001   68.21     72    Success 
    68      -36.7518     0.0819      0.0000   0.0001   67.41     73    Success 
    69      -36.7518     0.1057      0.0000   0.0001   69.60     74    Success 
    70      -36.7519     0.1301      0.0001   0.0002   74.68     75    Success 
    71      -36.7519     0.1596      0.0000   0.0003   78.32     76    Success 
    72      -36.7520     0.0603      0.0000   0.0001   62.85     77    Success 
    73      -36.7520     0.0475      0.0000   0.0000   48.60     78    Success 
    74      -36.7520     0.0582      0.0000   0.0000   61.78     79    Success 
    75      -36.7520     0.0736      0.0000   0.0001   68.84     80    Success 
    76      -36.7520     0.0745      0.0000   0.0001   76.39     81    Success 
    77      -36.7521     0.1137      0.0000   0.0002   76.47     82    Success 
    78      -36.7521     0.1102      0.0000   0.0002   82.36     83    Success 
    79      -36.7521     0.0573      0.0000   0.0001   80.55     85    Success 
    80      -36.7521     0.0408      0.0000   0.0000   68.43     86    Success 
    81      -36.7521     0.0311      0.0000   0.0000   53.35     87    Success 
    82      -36.7522     0.0250      0.0000   0.0001   60.67     88    Success 
    83      -36.7522     0.0329      0.0000   0.0000   64.58     90    Success 
    84      -36.7522     0.0237      0.0000   0.0000   73.48     91    Success 
    85      -36.7522     0.0222      0.0000   0.0000   67.76     92    Success 
    86      -36.7522     0.0152      0.0000   0.0000   58.76     93    Success 
    87      -36.7522     0.0143      0.0000   0.0000   52.94     94    Success 
    88      -36.7522     0.0211      0.0000   0.0000   60.69     95    Success 
    89      -36.7522     0.0213      0.0000   0.0000   75.99     97    Success 
    90      -36.7522     0.0109      0.0000   0.0000   78.64     98    Success 
    91      -36.7522     0.0060      0.0000   0.0000   69.65     99    Success 
    92      -36.7522     0.0070      0.0000   0.0000   56.22    100    Success 
    93      -36.7522     0.0088      0.0000   0.0000   65.82    101    Success 
    94      -36.7522     0.0127      0.0000   0.0000   72.62    102    Success 
    95      -36.7522     0.0061      0.0000   0.0000   76.95    103    Success 
    96      -36.7522     0.0041      0.0000   0.0000   51.96    104    Success 
    97      -36.7522     0.0086      0.0000   0.0000   46.21    105    Success 
    98      -36.7522     0.0080      0.0000   0.0000   75.27    106    Success 
    99      -36.7522     0.0057      0.0000   0.0000   73.58    107    Success 
   100      -36.7522     0.0033      0.0000   0.0000   72.03    108    Success 
   101      -36.7522     0.0044      0.0000   0.0000   67.97    109    Success 
   102      -36.7522     0.0118      0.0000   0.0000   74.16    110    Success 
   103      -36.7522     0.0100      0.0000   0.0000   56.71    111    Success 
   104      -36.7522     0.0071      0.0000   0.0000   61.06    112    Success 
   105      -36.7522     0.0029      0.0000   0.0000   63.68    113    Success 
   106      -36.7522     0.0035      0.0000   0.0000   57.94    114    Success 
   107      -36.7522     0.0037      0.0000   0.0000   74.09    115    Success 
   108      -36.7522     0.0044      0.0000   0.0000   74.70    116    Success 
   109      -36.7522     0.0029      0.0000   0.0000   74.92    117    Success 
   110      -36.7522     0.0022      0.0000   0.0000   74.38    118    Success 
   111      -36.7522     0.0051      0.0000   0.0000   68.99    119    Success 
   112      -36.7522     0.0037      0.0000   0.0000   69.76    120    Success 
   113      -36.7522     0.0017      0.0000   0.0000   64.57    121    Success 
   114      -36.7522     0.0014      0.0000   0.0000   55.45    122    Success 
   115      -36.7522     0.0013      0.0000   0.0000   68.94    123    Success 
   116      -36.7522     0.0012      0.0000   0.0000   68.48    124    Success 
   117      -36.7522     0.0023      0.0000   0.0000   60.26    125    Success 
   118      -36.7522     0.0012      0.0000   0.0000   77.09    126    Success 
   119      -36.7522     0.0012      0.0000   0.0000   71.65    127    Success 
   120      -36.7522     0.0013      0.0000   0.0000   69.57    128    Success 
   121      -36.7522     0.0008      0.0000   0.0000   64.07    129   SmallGrad

 LBFGS  --  Normal Termination due to SmallGrad

 Final Function Value :          -36.7522
 Final RMS Gradient :              0.0008
 Final Gradient Norm :             0.0034
