
     ######################################################################
   ##########################################################################
  ###                                                                      ###
 ###            Tinker  ---  Software Tools for Molecular Design            ###
 ##                                                                          ##
 ##                          Version 8.7  June 2019                          ##
 ##                                                                          ##
 ##               Copyright (c)  Jay William Ponder  1990-2019               ##
 ###                           All Rights Reserved                          ###
  ###                                                                      ###
   ##########################################################################
     ######################################################################


 Additional Atom Definition Parameters :

     Type  Class  Symbol  Description               Atomic    Mass   Valence

     403    403     N     ModifiedRes                  7     14.007     3
     412    412     H     ModifiedRes                  1      1.008     1
     401    401     C     ModifiedRes                  6     12.011     4
     410    410     H     ModifiedRes                  1      1.008     1
     404    404     C     ModifiedRes                  6     12.011     3
     411    411     O     ModifiedRes                  8     15.999     1
     402    402     C     ModifiedRes                  6     12.011     4
     407    407     S     ModifiedRes                 16     32.066     2
     408    408     C     ModifiedRes                  6     12.011     2
     416    416     N     ModifiedRes                  7     14.007     1
     409    409     H     ModifiedRes                  1      1.008     1
     406    406     C     ModifiedRes                  6     12.011     3
     413    413     O     ModifiedRes                  8     15.999     1
     405    405     N     ModifiedRes                  7     14.007     3
     414    414     H     ModifiedRes                  1      1.008     1
     415    415     H     ModifiedRes                  1      1.008     1

 Additional Bond Stretching Parameters :

     Atom Classes             K(S)         Length

       401 403             374.800         1.4589
       403 406             482.000         1.3610
       403 412             542.000         1.0150
       401 410             341.000         1.0957
       401 404             345.300         1.5388
       401 402             345.300         1.5181
       404 405             482.000         1.3572
       404 411             705.000         1.2314
       402 409             395.500         1.0914
       402 407             235.800         1.8318
       407 408             235.800         1.6971
       408 416             450.000         1.1861
       406 413             705.000         1.2330
       406 414             356.400         1.1017
       405 415             542.000         1.0125

 Additional Angle Bending Parameters :

     Atom Classes             K(B)          Angle

     403 406 413            60.000        124.094
     401 403 412            35.000        118.942
     406 403 412            35.000        118.838
     401 404 405            70.000        113.359
     401 404 411            80.000        121.700
     401 402 407            53.200        108.210
     401 403 406            50.000        121.364
     404 401 410            38.000        109.343
     402 401 410            38.000        110.332
     403 401 410            50.600        106.311
     402 401 404            60.000        109.451
     403 401 404            80.000        110.698
     402 401 403            80.000        110.661
     402 407 408            60.430         97.779
     407 408 416            60.000        178.379
     409 402 409            39.570        108.414
     401 402 409            42.440        109.507
     407 402 409            60.240        109.536
     405 404 411            60.000        124.942
     413 406 414            68.340        122.634
     403 406 414            31.650        113.263
     415 405 415            22.300        119.362
     404 405 415            35.000        117.511

 Additional Stretch-Bend Parameters :

     Atom Classes          K(SB)-1        K(SB)-2

     401 403 412             4.300          7.200
     406 403 412             4.300          7.200
     401 404 405            18.700         18.700
     401 402 407            18.700         18.700
     401 403 406             7.200          7.200
     404 401 410            11.500         18.700
     402 401 410            11.500         18.700
     403 401 410            11.500         11.500
     402 401 404            18.700         18.700
     403 401 404            18.700         18.700
     402 401 403            18.700         18.700
     402 407 408            -5.750         -5.750
     401 402 409            11.500         11.500
     407 402 409            11.500         11.500
     403 406 414            11.500         11.500
     404 405 415             4.300          7.200
     415 405 415             4.300          7.200
     401 404 411            18.700         18.700
     413 406 414            11.500         11.500

 Additional Out-of-Plane Bend Parameters :

     Atom Classes                   K(OPB)

     401 403   0   0                14.400
     401 404   0   0                14.400
     403 406   0   0               107.910
     404 405   0   0                71.940
     405 404   0   0               107.910
     406 403   0   0                71.940
     411 404   0   0               122.298
     412 403   0   0                 5.755
     413 406   0   0               122.298
     414 406   0   0               140.283
     415 405   0   0                 5.755

 Additional Torsional Parameters :

     Atom Classes     1-Fold    2-Fold    3-Fold    4-Fold    5-Fold    6-Fold

   403 401 404 405   0.00   0  0.00 180  0.00   0  0.00   0  0.00   0  0.00   0
   403 401 404 411   0.00   0  0.00 180  0.00   0  0.00   0  0.00   0  0.00   0
   403 401 402 409   0.00   0  0.00 180  0.00   0  0.00   0  0.00   0  0.00   0
   403 401 402 407   0.00   0  0.00 180  0.00   0  0.00   0  0.00   0  0.00   0
   410 401 403 412   0.00   0  0.00 180  0.00   0  0.00   0  0.00   0  0.00   0
   404 401 403 412   0.00   0  0.00 180  0.00   0  0.00   0  0.00   0  0.00   0
   402 401 403 412   0.00   0  0.00 180  0.00   0  0.00   0  0.00   0  0.00   0
   412 403 406 413   0.00   0  0.00 180  0.00   0  0.00   0  0.00   0  0.00   0
   412 403 406 414   0.00   0  0.00 180  0.00   0  0.00   0  0.00   0  0.00   0
   401 404 405 415   0.00   0  1.20 180  0.80   0  0.00   0  0.00   0  0.00   0
   401 402 407 408   0.00   0  0.00 180  0.00   0  0.00   0  0.00   0  0.00   0
   401 403 406 413   0.00   0  0.00 180  0.00   0  0.00   0  0.00   0  0.00   0
   401 403 406 414   0.00   0  0.00 180  0.00   0  0.00   0  0.00   0  0.00   0
   410 401 404 405   0.00   0  0.00 180  0.00   0  0.00   0  0.00   0  0.00   0
   410 401 404 411   0.00   0  0.00 180  0.00   0  0.00   0  0.00   0  0.00   0
   410 401 402 409   0.00   0  0.00 180  0.00   0  0.00   0  0.00   0  0.00   0
   410 401 402 407   0.00   0  0.00 180  0.00   0  0.00   0  0.00   0  0.00   0
   410 401 403 406   0.00   0  0.00 180  0.00   0  0.00   0  0.00   0  0.00   0
   404 401 402 409   0.00   0  0.00 180  0.00   0  0.00   0  0.00   0  0.00   0
   404 401 402 407   0.00   0  0.00 180  0.00   0  0.00   0  0.00   0  0.00   0
   404 401 403 406   0.00   0  0.00 180  0.00   0  0.00   0  0.00   0  0.00   0
   411 404 405 415   0.00   0  0.00 180  0.00   0  0.00   0  0.00   0  0.00   0
   402 401 404 411   0.00   0  0.00 180  0.00   0  0.00   0  0.00   0  0.00   0
   402 401 404 405   0.00   0  0.00 180  0.00   0  0.00   0  0.00   0  0.00   0
   402 401 403 406   0.00   0  0.00 180  0.00   0  0.00   0  0.00   0  0.00   0
   402 407 408 416   0.00   0  0.00 180  0.50   0  0.00   0  0.00   0  0.00   0
   409 402 407 408   0.00   0  0.00 180  0.00   0  0.00   0  0.00   0  0.00   0

 Additional Pi-Orbital Torsion Parameters :

     Atom Classes       2-Fold

       404 405           6.850
       403 406           6.850

 Additional van der Waals Parameters :

     Atom Class               Size        Epsilon        Reduction

         403                3.7100         0.1100          0.000
         412                2.5900         0.0220          0.900
         401                3.6500         0.1010          0.000
         410                2.8800         0.0240          0.910
         404                3.8200         0.1060          0.000
         411                3.3000         0.1120          0.000
         402                3.7800         0.1060          0.000
         407                4.0050         0.3550          0.000
         408                3.7800         0.1060          0.000
         416                3.7100         0.1050          0.000
         409                2.8700         0.0330          0.900
         406                3.8200         0.1060          0.000
         413                3.3000         0.1120          0.000
         405                3.7100         0.1100          0.000
         414                2.9200         0.0300          0.920
         415                2.5900         0.0220          0.900

 Additional Atomic Multipole Parameters :

     Atom Type     Coordinate Frame Definition         Multipole Moments

         401      403    404      0   Z-then-X    -0.27040
                                                  -0.22190  0.00000  0.26102
                                                  -0.17903
                                                   0.00000 -0.24517
                                                   0.13675  0.00000  0.42420

         402      407    401      0   Z-then-X    -0.16380
                                                   0.27778  0.00000 -0.20334
                                                   0.30211
                                                   0.00000 -0.49081
                                                  -0.33263  0.00000  0.18870

         403      406    401      0   Z-then-X    -0.06286
                                                   0.37348  0.00000 -0.12295
                                                   0.79149
                                                   0.00000 -1.08676
                                                  -0.63736  0.00000  0.29527

         404      411    405      0   Z-then-X     0.97419
                                                  -0.10999  0.00000  0.25580
                                                   0.38321
                                                   0.00000 -0.33696
                                                  -0.17133  0.00000 -0.04625

         405      404    415      0   Z-then-X    -0.32376
                                                   0.05823  0.00000 -0.07138
                                                   0.32176
                                                   0.00000 -0.38869
                                                  -0.03945  0.00000  0.06693

         406      413    403      0   Z-then-X     0.63075
                                                   0.40149  0.00000  0.25741
                                                  -0.01797
                                                   0.00000  0.01503
                                                   0.00873  0.00000  0.00294

         407      408    402      0   Z-then-X     0.34019
                                                   0.47821  0.00000  0.49978
                                                   1.11919
                                                   0.00000 -2.31639
                                                  -0.50667  0.00000  1.19720

         408      407    416      0   Z-then-X     0.21608
                                                   0.00820  0.00000 -0.28509
                                                   0.05369
                                                   0.00000  0.10740
                                                   0.05156  0.00000 -0.16109

         409      402    407      0   Z-then-X     0.09933
                                                   0.00064  0.00000 -0.16410
                                                   0.07960
                                                   0.00000  0.07569
                                                  -0.01944  0.00000 -0.15529

         410      401    403      0   Z-then-X     0.10718
                                                  -0.02083  0.00000 -0.03604
                                                  -0.03187
                                                   0.00000  0.01466
                                                  -0.01392  0.00000  0.01721

         411      404    405      0   Z-then-X    -0.77613
                                                   0.13027  0.00000 -0.18830
                                                  -0.53109
                                                   0.00000  0.25725
                                                   0.21601  0.00000  0.27384

         412      403    401      0   Z-then-X     0.11911
                                                   0.01244  0.00000 -0.25689
                                                   0.04573
                                                   0.00000  0.01640
                                                  -0.00301  0.00000 -0.06213

         413      406    403      0   Z-then-X    -0.66614
                                                  -0.21394  0.00000 -0.03273
                                                  -0.49754
                                                   0.00000  0.12402
                                                  -0.24547  0.00000  0.37352

         414      406    413      0   Z-then-X    -0.02624
                                                   0.07068  0.00000 -0.22870
                                                   0.12255
                                                   0.00000  0.03666
                                                   0.03118  0.00000 -0.15921

         415      405    404      0   Z-then-X     0.13248
                                                   0.00045  0.00000 -0.38308
                                                   0.28470
                                                   0.00000  0.12111
                                                   0.01221  0.00000 -0.40581

         416      408    407      0   Z-then-X    -0.56179
                                                   0.01684  0.00000 -0.29231
                                                   0.37390
                                                   0.00000  0.24558
                                                   0.00671  0.00000 -0.61948

 Additional Atomic Dipole Polarizability Parameters :

     Atom Type           Alpha       Thole     Group Atom Types

         403             1.073       0.390         412  401  406
         412             0.496       0.390         403
         401             1.334       0.390         403  410  404  402
         410             0.496       0.390         401
         404             1.334       0.390         401  411  405
         411             0.837       0.390         404
         402             1.334       0.390         401  407  409
         407             3.300       0.390         402  408
         408             1.334       0.390         407  416
         416             1.073       0.390         408
         409             0.496       0.390         402
         406             1.334       0.390         403  413  414
         413             0.837       0.390         406
         405             1.073       0.390         404  415
         414             0.494       0.390         406
         415             0.496       0.390         405

 Limited Memory BFGS Quasi-Newton Optimization :

 QN Iter     F Value      G RMS      F Move   X Move   Angle  FG Call  Comment

     0     2585.3232   932.0946                                   1
     1     1438.8804   580.6616   1146.4428   0.0982    0.00      2    Success 
     2      845.9991   482.6456    592.8813   0.0982   19.03      3    Success 
     3      495.5329   372.1867    350.4661   0.0982   44.35      4    Success 
     4      313.7019   217.6837    181.8310   0.0616   50.89      5    Success 
     5      183.9684   154.2124    129.7334   0.0679   41.92      6    Success 
     6      109.9928   163.6264     73.9756   0.0688   42.00      7    Success 
     7       62.7965   100.9840     47.1963   0.0425   51.72      8    Success 
     8       33.2228    75.7232     29.5738   0.0332   46.24      9    Success 
     9       11.2018    58.1526     22.0209   0.0398   50.04     10    Success 
    10       -1.9288    71.4241     13.1306   0.0393   53.07     11    Success 
    11      -13.2574    42.3842     11.3286   0.0253   60.56     12    Success 
    12      -20.1383    26.7285      6.8809   0.0256   46.45     13    Success 
    13      -22.0663    18.7906      1.9280   0.0079   37.39     14    Success 
    14      -23.4854    15.6108      1.4191   0.0081   44.77     15    Success 
    15      -25.2401    15.1089      1.7548   0.0145   51.56     16    Success 
    16      -26.5239    23.2238      1.2838   0.0207   60.44     17    Success 
    17      -27.8952    13.7752      1.3713   0.0126   67.49     18    Success 
    18      -29.0316    10.6282      1.1364   0.0130   60.78     19    Success 
    19      -29.8539    10.8277      0.8223   0.0179   65.87     20    Success 
    20      -30.3578    10.3414      0.5038   0.0125   64.76     21    Success 
    21      -30.7136     7.1596      0.3558   0.0048   58.05     22    Success 
    22      -31.2133     8.3121      0.4998   0.0093   56.32     23    Success 
    23      -31.8309    10.4857      0.6175   0.0160   67.49     24    Success 
    24      -32.0201    13.0983      0.1892   0.0078   75.01     26    Success 
    25      -32.2834     6.5565      0.2633   0.0081   78.55     27    Success 
    26      -32.4265     3.8902      0.1431   0.0053   69.33     28    Success 
    27      -32.5102     3.9069      0.0838   0.0033   60.11     29    Success 
    28      -32.5963     5.3943      0.0861   0.0049   61.18     30    Success 
    29      -32.6600     2.9448      0.0637   0.0030   66.63     31    Success 
    30      -32.6937     2.4625      0.0336   0.0011   46.19     32    Success 
    31      -32.7424     2.9521      0.0487   0.0024   50.53     33    Success 
    32      -32.7688     6.9902      0.0264   0.0044   65.62     34    Success 
    33      -32.8085     3.5908      0.0397   0.0012   68.83     35    Success 
    34      -32.8445     2.6069      0.0359   0.0022   68.51     36    Success 
    35      -32.8712     3.1459      0.0268   0.0024   72.01     37    Success 
    36      -32.9142     3.2077      0.0430   0.0036   74.61     38    Success 
    37      -32.9588     4.9618      0.0447   0.0053   73.64     39    Success 
    38      -32.9930     2.2170      0.0342   0.0057   79.86     40    Success 
    39      -33.0050     1.1750      0.0120   0.0014   72.52     41    Success 
    40      -33.0155     1.4446      0.0105   0.0011   51.89     42    Success 
    41      -33.0285     1.8964      0.0130   0.0014   62.05     43    Success 
    42      -33.0409     2.6166      0.0124   0.0026   72.89     44    Success 
    43      -33.0562     1.3304      0.0153   0.0028   79.62     45    Success 
    44      -33.0663     1.1959      0.0100   0.0021   75.13     46    Success 
    45      -33.0805     1.7233      0.0143   0.0029   71.53     47    Success 
    46      -33.0949     3.3064      0.0144   0.0037   77.27     48    Success 
    47      -33.1108     2.0123      0.0159   0.0036   82.22     49    Success 
    48      -33.1219     1.2593      0.0111   0.0013   72.71     50    Success 
    49      -33.1340     1.4760      0.0121   0.0019   64.22     51    Success 
    50      -33.1427     1.6832      0.0087   0.0017   74.64     52    Success 
    51      -33.1520     1.5212      0.0093   0.0030   79.02     53    Success 
    52      -33.1588     0.8856      0.0068   0.0021   78.79     54    Success 
    53      -33.1630     0.9467      0.0041   0.0010   71.08     55    Success 
    54      -33.1689     1.2531      0.0059   0.0015   71.18     56    Success 
    55      -33.1739     1.1906      0.0050   0.0020   78.28     57    Success 
    56      -33.1764     1.3732      0.0025   0.0016   76.37     58    Success 
    57      -33.1785     0.5611      0.0021   0.0002   48.66     59    Success 
    58      -33.1793     0.5637      0.0008   0.0003   67.15     60    Success 
    59      -33.1806     0.7205      0.0013   0.0003   63.10     61    Success 
    60      -33.1827     0.8588      0.0021   0.0006   71.43     62    Success 
    61      -33.1857     0.8588      0.0030   0.0011   76.31     63    Success 
    62      -33.1883     1.0179      0.0026   0.0023   80.25     64    Success 
    63      -33.1902     0.4621      0.0019   0.0007   75.91     65    Success 
    64      -33.1914     0.6078      0.0012   0.0005   66.33     66    Success 
    65      -33.1927     0.7110      0.0013   0.0006   74.56     67    Success 
    66      -33.1944     0.6529      0.0017   0.0009   77.66     68    Success 
    67      -33.1951     0.6433      0.0007   0.0007   79.38     70    Success 
    68      -33.1958     0.3474      0.0007   0.0006   78.88     71    Success 
    69      -33.1961     0.3055      0.0002   0.0002   67.98     72    Success 
    70      -33.1964     0.3499      0.0003   0.0002   65.03     73    Success 
    71      -33.1969     0.3657      0.0006   0.0003   69.37     74    Success 
    72      -33.1978     0.2930      0.0009   0.0005   72.06     75    Success 
    73      -33.1984     0.7256      0.0006   0.0012   73.08     76    Success 
    74      -33.1991     0.2725      0.0007   0.0005   78.58     77    Success 
    75      -33.1994     0.2631      0.0003   0.0001   54.99     78    Success 
    76      -33.1998     0.2720      0.0004   0.0003   64.44     79    Success 
    77      -33.2005     0.2844      0.0007   0.0005   70.45     80    Success 
    78      -33.2007     0.3823      0.0002   0.0004   75.25     82    Success 
    79      -33.2011     0.2105      0.0003   0.0005   80.81     83    Success 
    80      -33.2012     0.2330      0.0002   0.0004   77.41     84    Success 
    81      -33.2013     0.1506      0.0001   0.0001   71.61     85    Success 
    82      -33.2014     0.1199      0.0000   0.0001   69.99     86    Success 
    83      -33.2015     0.0793      0.0001   0.0001   57.80     87    Success 
    84      -33.2015     0.0787      0.0001   0.0001   57.65     88    Success 
    85      -33.2015     0.0840      0.0000   0.0001   73.47     90    Success 
    86      -33.2016     0.0564      0.0000   0.0001   76.16     91    Success 
    87      -33.2016     0.0470      0.0000   0.0001   73.16     92    Success 
    88      -33.2016     0.0531      0.0000   0.0001   71.40     93    Success 
    89      -33.2016     0.0814      0.0000   0.0001   73.10     94    Success 
    90      -33.2016     0.1229      0.0000   0.0001   73.92     95    Success 
    91      -33.2016     0.0577      0.0000   0.0000   79.22     96    Success 
    92      -33.2016     0.0283      0.0000   0.0000   75.99     97    Success 
    93      -33.2016     0.0332      0.0000   0.0000   63.28     98    Success 
    94      -33.2016     0.0389      0.0000   0.0000   65.39     99    Success 
    95      -33.2016     0.0405      0.0000   0.0000   70.36    100    Success 
    96      -33.2016     0.1091      0.0000   0.0001   73.71    101    Success 
    97      -33.2017     0.0824      0.0000   0.0000   79.82    102    Success 
    98      -33.2017     0.0360      0.0000   0.0000   79.39    103    Success 
    99      -33.2017     0.0290      0.0000   0.0000   74.44    104    Success 
   100      -33.2017     0.0413      0.0000   0.0000   73.70    105    Success 
   101      -33.2017     0.0511      0.0000   0.0001   77.58    106    Success 
   102      -33.2017     0.0771      0.0000   0.0001   81.32    107    Success 
   103      -33.2017     0.0629      0.0000   0.0000   74.12    108    Success 
   104      -33.2017     0.0379      0.0000   0.0000   74.41    109    Success 
   105      -33.2017     0.0169      0.0000   0.0000   68.09    110    Success 
   106      -33.2017     0.0148      0.0000   0.0000   66.00    111    Success 
   107      -33.2017     0.0153      0.0000   0.0000   66.51    112    Success 
   108      -33.2017     0.0225      0.0000   0.0000   71.25    113    Success 
   109      -33.2017     0.0124      0.0000   0.0000   77.54    114    Success 
   110      -33.2017     0.0090      0.0000   0.0000   63.99    115    Success 
   111      -33.2017     0.0082      0.0000   0.0000   51.70    116    Success 
   112      -33.2017     0.0115      0.0000   0.0000   60.36    117    Success 
   113      -33.2017     0.0093      0.0000   0.0000   72.69    119    Success 
   114      -33.2017     0.0062      0.0000   0.0000   73.86    120    Success 
   115      -33.2017     0.0040      0.0000   0.0000   62.85    121    Success 
   116      -33.2017     0.0047      0.0000   0.0000   55.54    122    Success 
   117      -33.2017     0.0101      0.0000   0.0000   66.63    123    Success 
   118      -33.2017     0.0062      0.0000   0.0000   49.55    124    Success 
   119      -33.2017     0.0025      0.0000   0.0000   52.85    125    Success 
   120      -33.2017     0.0029      0.0000   0.0000   60.35    126    Success 
   121      -33.2017     0.0028      0.0000   0.0000   66.70    127    Success 
   122      -33.2017     0.0040      0.0000   0.0000   67.96    128    Success 
   123      -33.2017     0.0051      0.0000   0.0000   75.92    129    Success 
   124      -33.2017     0.0034      0.0000   0.0000   76.00    130    Success 
   125      -33.2017     0.0021      0.0000   0.0000   63.87    131    Success 
   126      -33.2017     0.0017      0.0000   0.0000   58.75    132    Success 
   127      -33.2017     0.0024      0.0000   0.0000   64.53    133    Success 
   128      -33.2017     0.0030      0.0000   0.0000   74.60    134    Success 
   129      -33.2017     0.0029      0.0000   0.0000   79.03    135    Success 
   130      -33.2017     0.0018      0.0000   0.0000   69.18    136    Success 
   131      -33.2017     0.0010      0.0000   0.0000   65.31    137    Success 
   132      -33.2017     0.0009      0.0000   0.0000   46.20    138   SmallGrad

 LBFGS  --  Normal Termination due to SmallGrad

 Final Function Value :          -33.2017
 Final RMS Gradient :              0.0009
 Final Gradient Norm :             0.0039
