
     ######################################################################
   ##########################################################################
  ###                                                                      ###
 ###            Tinker  ---  Software Tools for Molecular Design            ###
 ##                                                                          ##
 ##                          Version 8.7  June 2019                          ##
 ##                                                                          ##
 ##               Copyright (c)  Jay William Ponder  1990-2019               ##
 ###                           All Rights Reserved                          ###
  ###                                                                      ###
   ##########################################################################
     ######################################################################


 Additional Atom Definition Parameters :

     Type  Class  Symbol  Description               Atomic    Mass   Valence

     403    403     N     ModifiedRes                  7     14.007     3
     412    412     H     ModifiedRes                  1      1.008     1
     401    401     C     ModifiedRes                  6     12.011     4
     410    410     H     ModifiedRes                  1      1.008     1
     404    404     C     ModifiedRes                  6     12.011     3
     411    411     O     ModifiedRes                  8     15.999     1
     402    402     C     ModifiedRes                  6     12.011     4
     407    407     S     ModifiedRes                 16     32.066     2
     408    408     C     ModifiedRes                  6     12.011     2
     416    416     N     ModifiedRes                  7     14.007     1
     409    409     H     ModifiedRes                  1      1.008     1
     406    406     C     ModifiedRes                  6     12.011     3
     413    413     O     ModifiedRes                  8     15.999     1
     405    405     N     ModifiedRes                  7     14.007     3
     414    414     H     ModifiedRes                  1      1.008     1
     415    415     H     ModifiedRes                  1      1.008     1

 Additional Bond Stretching Parameters :

     Atom Classes             K(S)         Length

       401 403             374.800         1.4589
       403 406             482.000         1.3610
       403 412             542.000         1.0150
       401 410             341.000         1.0957
       401 404             345.300         1.5388
       401 402             345.300         1.5181
       404 405             482.000         1.3572
       404 411             705.000         1.2314
       402 409             395.500         1.0914
       402 407             235.800         1.8318
       407 408             235.800         1.6971
       408 416             450.000         1.1861
       406 413             705.000         1.2330
       406 414             356.400         1.1017
       405 415             542.000         1.0125

 Additional Angle Bending Parameters :

     Atom Classes             K(B)          Angle

     403 406 413            60.000        124.094
     401 403 412            35.000        118.942
     406 403 412            35.000        118.838
     401 404 405            70.000        113.359
     401 404 411            80.000        121.700
     401 402 407            53.200        108.210
     401 403 406            50.000        121.364
     404 401 410            38.000        109.343
     402 401 410            38.000        110.332
     403 401 410            50.600        106.311
     402 401 404            60.000        109.451
     403 401 404            80.000        110.698
     402 401 403            80.000        110.661
     402 407 408            60.430         97.779
     407 408 416            60.000        178.379
     409 402 409            39.570        108.414
     401 402 409            42.440        109.507
     407 402 409            60.240        109.536
     405 404 411            60.000        124.942
     413 406 414            68.340        122.634
     403 406 414            31.650        113.263
     415 405 415            22.300        119.362
     404 405 415            35.000        117.511

 Additional Stretch-Bend Parameters :

     Atom Classes          K(SB)-1        K(SB)-2

     401 403 412             4.300          7.200
     406 403 412             4.300          7.200
     401 404 405            18.700         18.700
     401 402 407            18.700         18.700
     401 403 406             7.200          7.200
     404 401 410            11.500         18.700
     402 401 410            11.500         18.700
     403 401 410            11.500         11.500
     402 401 404            18.700         18.700
     403 401 404            18.700         18.700
     402 401 403            18.700         18.700
     402 407 408            -5.750         -5.750
     401 402 409            11.500         11.500
     407 402 409            11.500         11.500
     403 406 414            11.500         11.500
     404 405 415             4.300          7.200
     415 405 415             4.300          7.200
     401 404 411            18.700         18.700
     413 406 414            11.500         11.500

 Additional Out-of-Plane Bend Parameters :

     Atom Classes                   K(OPB)

     401 403   0   0                14.400
     401 404   0   0                14.400
     403 406   0   0               107.910
     404 405   0   0                71.940
     405 404   0   0               107.910
     406 403   0   0                71.940
     411 404   0   0               122.298
     412 403   0   0                 5.755
     413 406   0   0               122.298
     414 406   0   0               140.283
     415 405   0   0                 5.755

 Additional Torsional Parameters :

     Atom Classes     1-Fold    2-Fold    3-Fold    4-Fold    5-Fold    6-Fold

   403 401 404 405   0.00   0  0.00 180  0.00   0  0.00   0  0.00   0  0.00   0
   403 401 404 411   0.00   0  0.00 180  0.00   0  0.00   0  0.00   0  0.00   0
   403 401 402 409   0.00   0  0.00 180  0.00   0  0.00   0  0.00   0  0.00   0
   403 401 402 407   0.00   0  0.00 180  0.00   0  0.00   0  0.00   0  0.00   0
   410 401 403 412   0.00   0  0.00 180  0.00   0  0.00   0  0.00   0  0.00   0
   404 401 403 412   0.00   0  0.00 180  0.00   0  0.00   0  0.00   0  0.00   0
   402 401 403 412   0.00   0  0.00 180  0.00   0  0.00   0  0.00   0  0.00   0
   412 403 406 413   0.00   0  0.00 180  0.00   0  0.00   0  0.00   0  0.00   0
   412 403 406 414   0.00   0  0.00 180  0.00   0  0.00   0  0.00   0  0.00   0
   401 404 405 415   0.00   0  1.20 180  0.80   0  0.00   0  0.00   0  0.00   0
   401 402 407 408   0.00   0  0.00 180  0.00   0  0.00   0  0.00   0  0.00   0
   401 403 406 413   0.00   0  0.00 180  0.00   0  0.00   0  0.00   0  0.00   0
   401 403 406 414   0.00   0  0.00 180  0.00   0  0.00   0  0.00   0  0.00   0
   410 401 404 405   0.00   0  0.00 180  0.00   0  0.00   0  0.00   0  0.00   0
   410 401 404 411   0.00   0  0.00 180  0.00   0  0.00   0  0.00   0  0.00   0
   410 401 402 409   0.00   0  0.00 180  0.00   0  0.00   0  0.00   0  0.00   0
   410 401 402 407   0.00   0  0.00 180  0.00   0  0.00   0  0.00   0  0.00   0
   410 401 403 406   0.00   0  0.00 180  0.00   0  0.00   0  0.00   0  0.00   0
   404 401 402 409   0.00   0  0.00 180  0.00   0  0.00   0  0.00   0  0.00   0
   404 401 402 407   0.00   0  0.00 180  0.00   0  0.00   0  0.00   0  0.00   0
   404 401 403 406   0.00   0  0.00 180  0.00   0  0.00   0  0.00   0  0.00   0
   411 404 405 415   0.00   0  0.00 180  0.00   0  0.00   0  0.00   0  0.00   0
   402 401 404 411   0.00   0  0.00 180  0.00   0  0.00   0  0.00   0  0.00   0
   402 401 404 405   0.00   0  0.00 180  0.00   0  0.00   0  0.00   0  0.00   0
   402 401 403 406   0.00   0  0.00 180  0.00   0  0.00   0  0.00   0  0.00   0
   402 407 408 416   0.00   0  0.00 180  0.50   0  0.00   0  0.00   0  0.00   0
   409 402 407 408   0.00   0  0.00 180  0.00   0  0.00   0  0.00   0  0.00   0

 Additional Pi-Orbital Torsion Parameters :

     Atom Classes       2-Fold

       404 405           6.850
       403 406           6.850

 Additional van der Waals Parameters :

     Atom Class               Size        Epsilon        Reduction

         403                3.7100         0.1100          0.000
         412                2.5900         0.0220          0.900
         401                3.6500         0.1010          0.000
         410                2.8800         0.0240          0.910
         404                3.8200         0.1060          0.000
         411                3.3000         0.1120          0.000
         402                3.7800         0.1060          0.000
         407                4.0050         0.3550          0.000
         408                3.7800         0.1060          0.000
         416                3.7100         0.1050          0.000
         409                2.8700         0.0330          0.900
         406                3.8200         0.1060          0.000
         413                3.3000         0.1120          0.000
         405                3.7100         0.1100          0.000
         414                2.9200         0.0300          0.920
         415                2.5900         0.0220          0.900

 Additional Atomic Multipole Parameters :

     Atom Type     Coordinate Frame Definition         Multipole Moments

         401      403    404      0   Z-then-X    -0.27040
                                                  -0.22190  0.00000  0.26102
                                                  -0.17903
                                                   0.00000 -0.24517
                                                   0.13675  0.00000  0.42420

         402      407    401      0   Z-then-X    -0.16380
                                                   0.27778  0.00000 -0.20334
                                                   0.30211
                                                   0.00000 -0.49081
                                                  -0.33263  0.00000  0.18870

         403      406    401      0   Z-then-X    -0.06286
                                                   0.37348  0.00000 -0.12295
                                                   0.79149
                                                   0.00000 -1.08676
                                                  -0.63736  0.00000  0.29527

         404      411    405      0   Z-then-X     0.97419
                                                  -0.10999  0.00000  0.25580
                                                   0.38321
                                                   0.00000 -0.33696
                                                  -0.17133  0.00000 -0.04625

         405      404    415      0   Z-then-X    -0.32376
                                                   0.05823  0.00000 -0.07138
                                                   0.32176
                                                   0.00000 -0.38869
                                                  -0.03945  0.00000  0.06693

         406      413    403      0   Z-then-X     0.63075
                                                   0.40149  0.00000  0.25741
                                                  -0.01797
                                                   0.00000  0.01503
                                                   0.00873  0.00000  0.00294

         407      408    402      0   Z-then-X     0.34019
                                                   0.47821  0.00000  0.49978
                                                   1.11919
                                                   0.00000 -2.31639
                                                  -0.50667  0.00000  1.19720

         408      407    416      0   Z-then-X     0.21608
                                                   0.00820  0.00000 -0.28509
                                                   0.05369
                                                   0.00000  0.10740
                                                   0.05156  0.00000 -0.16109

         409      402    407      0   Z-then-X     0.09933
                                                   0.00064  0.00000 -0.16410
                                                   0.07960
                                                   0.00000  0.07569
                                                  -0.01944  0.00000 -0.15529

         410      401    403      0   Z-then-X     0.10718
                                                  -0.02083  0.00000 -0.03604
                                                  -0.03187
                                                   0.00000  0.01466
                                                  -0.01392  0.00000  0.01721

         411      404    405      0   Z-then-X    -0.77613
                                                   0.13027  0.00000 -0.18830
                                                  -0.53109
                                                   0.00000  0.25725
                                                   0.21601  0.00000  0.27384

         412      403    401      0   Z-then-X     0.11911
                                                   0.01244  0.00000 -0.25689
                                                   0.04573
                                                   0.00000  0.01640
                                                  -0.00301  0.00000 -0.06213

         413      406    403      0   Z-then-X    -0.66614
                                                  -0.21394  0.00000 -0.03273
                                                  -0.49754
                                                   0.00000  0.12402
                                                  -0.24547  0.00000  0.37352

         414      406    413      0   Z-then-X    -0.02624
                                                   0.07068  0.00000 -0.22870
                                                   0.12255
                                                   0.00000  0.03666
                                                   0.03118  0.00000 -0.15921

         415      405    404      0   Z-then-X     0.13248
                                                   0.00045  0.00000 -0.38308
                                                   0.28470
                                                   0.00000  0.12111
                                                   0.01221  0.00000 -0.40581

         416      408    407      0   Z-then-X    -0.56179
                                                   0.01684  0.00000 -0.29231
                                                   0.37390
                                                   0.00000  0.24558
                                                   0.00671  0.00000 -0.61948

 Additional Atomic Dipole Polarizability Parameters :

     Atom Type           Alpha       Thole     Group Atom Types

         403             1.073       0.390         412  401  406
         412             0.496       0.390         403
         401             1.334       0.390         403  410  404  402
         410             0.496       0.390         401
         404             1.334       0.390         401  411  405
         411             0.837       0.390         404
         402             1.334       0.390         401  407  409
         407             3.300       0.390         402  408
         408             1.334       0.390         407  416
         416             1.073       0.390         408
         409             0.496       0.390         402
         406             1.334       0.390         403  413  414
         413             0.837       0.390         406
         405             1.073       0.390         404  415
         414             0.494       0.390         406
         415             0.496       0.390         405

 Limited Memory BFGS Quasi-Newton Optimization :

 QN Iter     F Value      G RMS      F Move   X Move   Angle  FG Call  Comment

     0      186.0644   258.5775                                   1
     1      165.0282   457.1797     21.0363   0.0982    0.00      2    Success 
     2      126.6820   376.5167     38.3461   0.0052   12.66      3    Success 
     3       62.7933   248.7911     63.8887   0.0130   29.81      4    Success 
     4        0.4967    71.4711     62.2966   0.0285   23.24      5    Success 
     5      -10.4339    58.3119     10.9306   0.0122   31.25      6    Success 
     6      -21.5084    66.2810     11.0745   0.0260   36.63      7    Success 
     7      -23.6722    75.3380      2.1638   0.0175   51.44      8    Success 
     8      -26.3485    26.3989      2.6763   0.0047   46.89      9    Success 
     9      -27.1399    15.8812      0.7913   0.0023   24.51     10    Success 
    10      -28.2690    18.7993      1.1291   0.0060   21.67     11    Success 
    11      -29.2092    17.8561      0.9402   0.0076   59.07     12    Success 
    12      -30.3860    19.5483      1.1768   0.0127   62.50     13    Success 
    13      -30.9410    14.0614      0.5549   0.0080   66.61     15    Success 
    14      -31.3268     8.3579      0.3858   0.0049   62.91     16    Success 
    15      -31.6281     8.3786      0.3013   0.0047   54.00     17    Success 
    16      -31.9745     8.2818      0.3464   0.0068   61.21     18    Success 
    17      -32.2112    11.0099      0.2367   0.0091   66.38     19    Success 
    18      -32.3816     4.9832      0.1704   0.0044   65.62     20    Success 
    19      -32.4453     3.4077      0.0637   0.0014   45.34     21    Success 
    20      -32.5195     3.3914      0.0742   0.0023   42.26     22    Success 
    21      -32.5668     9.8906      0.0473   0.0043   58.74     23    Success 
    22      -32.6356     3.7249      0.0688   0.0015   69.74     24    Success 
    23      -32.6675     4.9451      0.0319   0.0032   72.48     25    Success 
    24      -32.6878     2.6419      0.0202   0.0009   65.75     26    Success 
    25      -32.7046     2.7776      0.0168   0.0011   66.80     27    Success 
    26      -32.7328     3.0935      0.0282   0.0016   65.33     28    Success 
    27      -32.7761     3.0410      0.0433   0.0029   69.32     29    Success 
    28      -32.7815     8.2179      0.0054   0.0052   72.76     30    Success 
    29      -32.7916     7.2975      0.0101   0.0001   55.63     31    Success 
    30      -32.8095     5.5496      0.0180   0.0002   40.60     32    Success 
    31      -32.8355     2.1596      0.0260   0.0006   51.49     33    Success 
    32      -32.8465     1.5541      0.0110   0.0008   52.78     34    Success 
    33      -32.8520     1.9991      0.0055   0.0006   67.64     35    Success 
    34      -32.8617     2.1481      0.0097   0.0010   72.49     36    Success 
    35      -32.8768     3.1633      0.0150   0.0018   73.61     37    Success 
    36      -32.8978     2.0953      0.0210   0.0029   79.61     38    Success 
    37      -32.9122     1.5303      0.0144   0.0032   79.30     39    Success 
    38      -32.9238     1.2920      0.0116   0.0019   71.46     40    Success 
    39      -32.9332     1.2307      0.0094   0.0016   66.20     41    Success 
    40      -32.9362     2.3142      0.0029   0.0015   69.98     42    Success 
    41      -32.9408     1.3564      0.0047   0.0003   61.73     43    Success 
    42      -32.9462     0.6943      0.0054   0.0006   55.75     44    Success 
    43      -32.9485     0.7524      0.0023   0.0007   68.91     45    Success 
    44      -32.9519     0.6719      0.0034   0.0010   70.95     46    Success 
    45      -32.9528     1.4371      0.0009   0.0018   72.10     47    Success 
    46      -32.9543     0.9826      0.0015   0.0001   45.55     48    Success 
    47      -32.9563     0.3203      0.0020   0.0004   61.77     49    Success 
    48      -32.9569     0.3681      0.0005   0.0002   49.88     50    Success 
    49      -32.9575     0.3921      0.0006   0.0002   61.29     51    Success 
    50      -32.9585     0.4299      0.0010   0.0004   65.45     52    Success 
    51      -32.9595     0.6537      0.0010   0.0007   68.18     53    Success 
    52      -32.9607     0.2887      0.0012   0.0007   77.31     54    Success 
    53      -32.9613     0.2608      0.0006   0.0004   69.58     55    Success 
    54      -32.9620     0.3895      0.0008   0.0006   66.83     56    Success 
    55      -32.9628     0.5111      0.0007   0.0008   74.28     57    Success 
    56      -32.9633     0.6063      0.0005   0.0006   77.19     58    Success 
    57      -32.9639     0.3692      0.0006   0.0003   72.00     59    Success 
    58      -32.9644     0.3152      0.0005   0.0004   71.66     60    Success 
    59      -32.9649     0.4444      0.0005   0.0005   75.16     61    Success 
    60      -32.9656     0.3848      0.0007   0.0007   79.10     62    Success 
    61      -32.9665     0.3429      0.0008   0.0011   79.58     63    Success 
    62      -32.9673     0.3980      0.0008   0.0008   76.29     64    Success 
    63      -32.9681     0.4099      0.0008   0.0010   77.26     65    Success 
    64      -32.9686     0.3885      0.0004   0.0004   72.42     66    Success 
    65      -32.9690     0.2872      0.0004   0.0002   65.83     67    Success 
    66      -32.9695     0.2076      0.0005   0.0004   64.70     68    Success 
    67      -32.9699     0.2850      0.0004   0.0008   75.89     69    Success 
    68      -32.9701     0.2354      0.0002   0.0005   80.30     70    Success 
    69      -32.9702     0.1494      0.0001   0.0001   66.39     71    Success 
    70      -32.9703     0.1374      0.0001   0.0001   67.60     72    Success 
    71      -32.9704     0.1888      0.0001   0.0002   66.04     73    Success 
    72      -32.9705     0.2339      0.0001   0.0003   74.08     74    Success 
    73      -32.9706     0.1310      0.0001   0.0001   68.79     75    Success 
    74      -32.9707     0.1406      0.0001   0.0001   62.93     76    Success 
    75      -32.9709     0.1864      0.0001   0.0002   72.30     77    Success 
    76      -32.9711     0.1853      0.0002   0.0004   78.44     78    Success 
    77      -32.9711     0.5049      0.0000   0.0006   78.50     79    Success 
    78      -32.9712     0.4268      0.0001   0.0000   77.50     80    Success 
    79      -32.9713     0.2969      0.0001   0.0001   75.88     81    Success 
    80      -32.9714     0.1034      0.0002   0.0002   77.69     82    Success 
    81      -32.9715     0.1175      0.0001   0.0002   74.73     83    Success 
    82      -32.9716     0.1510      0.0001   0.0002   78.88     84    Success 
    83      -32.9716     0.2001      0.0000   0.0001   78.63     86    Success 
    84      -32.9717     0.1320      0.0001   0.0002   83.06     87    Success 
    85      -32.9717     0.0643      0.0001   0.0002   77.37     88    Success 
    86      -32.9717     0.0614      0.0000   0.0001   69.05     89    Success 
    87      -32.9718     0.1281      0.0000   0.0001   64.49     90    Success 
    88      -32.9718     0.0678      0.0000   0.0001   75.94     91    Success 
    89      -32.9718     0.0536      0.0000   0.0000   58.68     92    Success 
    90      -32.9718     0.0676      0.0000   0.0001   63.40     93    Success 
    91      -32.9718     0.1050      0.0000   0.0001   73.16     94    Success 
    92      -32.9718     0.0567      0.0000   0.0000   65.61     95    Success 
    93      -32.9719     0.0351      0.0000   0.0000   67.37     96    Success 
    94      -32.9719     0.0403      0.0000   0.0000   68.09     97    Success 
    95      -32.9719     0.0386      0.0000   0.0000   68.73     98    Success 
    96      -32.9719     0.0834      0.0000   0.0001   70.25     99    Success 
    97      -32.9719     0.0409      0.0000   0.0000   76.37    100    Success 
    98      -32.9719     0.0260      0.0000   0.0000   72.33    101    Success 
    99      -32.9719     0.0337      0.0000   0.0000   72.71    102    Success 
   100      -32.9719     0.0391      0.0000   0.0001   78.53    103    Success 
   101      -32.9719     0.0287      0.0000   0.0001   80.68    104    Success 
   102      -32.9719     0.0206      0.0000   0.0001   75.83    105    Success 
   103      -32.9719     0.0271      0.0000   0.0000   67.30    106    Success 
   104      -32.9719     0.0340      0.0000   0.0000   70.09    107    Success 
   105      -32.9719     0.0340      0.0000   0.0000   69.64    108    Success 
   106      -32.9719     0.0217      0.0000   0.0000   70.18    109    Success 
   107      -32.9719     0.0198      0.0000   0.0000   69.79    110    Success 
   108      -32.9719     0.0193      0.0000   0.0000   74.15    111    Success 
   109      -32.9719     0.0147      0.0000   0.0000   73.57    112    Success 
   110      -32.9719     0.0153      0.0000   0.0000   72.43    114    Success 
   111      -32.9719     0.0081      0.0000   0.0000   67.10    115    Success 
   112      -32.9719     0.0086      0.0000   0.0000   53.76    116    Success 
   113      -32.9719     0.0110      0.0000   0.0000   67.97    117    Success 
   114      -32.9719     0.0085      0.0000   0.0000   74.32    118    Success 
   115      -32.9719     0.0054      0.0000   0.0000   69.83    119    Success 
   116      -32.9719     0.0061      0.0000   0.0000   62.23    120    Success 
   117      -32.9719     0.0070      0.0000   0.0000   70.42    121    Success 
   118      -32.9719     0.0073      0.0000   0.0000   72.02    122    Success 
   119      -32.9719     0.0038      0.0000   0.0000   69.42    123    Success 
   120      -32.9719     0.0037      0.0000   0.0000   59.37    124    Success 
   121      -32.9719     0.0042      0.0000   0.0000   66.60    125    Success 
   122      -32.9719     0.0049      0.0000   0.0000   72.11    126    Success 
   123      -32.9719     0.0031      0.0000   0.0000   67.71    127    Success 
   124      -32.9719     0.0032      0.0000   0.0000   64.49    128    Success 
   125      -32.9719     0.0035      0.0000   0.0000   72.97    129    Success 
   126      -32.9719     0.0039      0.0000   0.0000   74.63    130    Success 
   127      -32.9719     0.0058      0.0000   0.0000   79.21    131    Success 
   128      -32.9719     0.0034      0.0000   0.0000   58.27    132    Success 
   129      -32.9719     0.0025      0.0000   0.0000   76.65    133    Success 
   130      -32.9719     0.0017      0.0000   0.0000   63.15    134    Success 
   131      -32.9719     0.0014      0.0000   0.0000   63.81    135    Success 
   132      -32.9719     0.0018      0.0000   0.0000   69.42    136    Success 
   133      -32.9719     0.0013      0.0000   0.0000   76.75    137    Success 
   134      -32.9719     0.0015      0.0000   0.0000   67.22    138    Success 
   135      -32.9719     0.0011      0.0000   0.0000   62.30    139    Success 
   136      -32.9719     0.0014      0.0000   0.0000   60.30    140    Success 
   137      -32.9719     0.0009      0.0000   0.0000   69.26    141   SmallGrad

 LBFGS  --  Normal Termination due to SmallGrad

 Final Function Value :          -32.9719
 Final RMS Gradient :              0.0009
 Final Gradient Norm :             0.0039
