
     ######################################################################
   ##########################################################################
  ###                                                                      ###
 ###            Tinker  ---  Software Tools for Molecular Design            ###
 ##                                                                          ##
 ##                          Version 8.7  June 2019                          ##
 ##                                                                          ##
 ##               Copyright (c)  Jay William Ponder  1990-2019               ##
 ###                           All Rights Reserved                          ###
  ###                                                                      ###
   ##########################################################################
     ######################################################################


 Additional Atom Definition Parameters :

     Type  Class  Symbol  Description               Atomic    Mass   Valence

     403    403     N     ModifiedRes                  7     14.007     3
     412    412     H     ModifiedRes                  1      1.008     1
     401    401     C     ModifiedRes                  6     12.011     4
     410    410     H     ModifiedRes                  1      1.008     1
     404    404     C     ModifiedRes                  6     12.011     3
     411    411     O     ModifiedRes                  8     15.999     1
     402    402     C     ModifiedRes                  6     12.011     4
     407    407     S     ModifiedRes                 16     32.066     2
     408    408     C     ModifiedRes                  6     12.011     2
     416    416     N     ModifiedRes                  7     14.007     1
     409    409     H     ModifiedRes                  1      1.008     1
     406    406     C     ModifiedRes                  6     12.011     3
     413    413     O     ModifiedRes                  8     15.999     1
     405    405     N     ModifiedRes                  7     14.007     3
     414    414     H     ModifiedRes                  1      1.008     1
     415    415     H     ModifiedRes                  1      1.008     1

 Additional Bond Stretching Parameters :

     Atom Classes             K(S)         Length

       401 403             374.800         1.4589
       403 406             482.000         1.3610
       403 412             542.000         1.0150
       401 410             341.000         1.0957
       401 404             345.300         1.5388
       401 402             345.300         1.5181
       404 405             482.000         1.3572
       404 411             705.000         1.2314
       402 409             395.500         1.0914
       402 407             235.800         1.8318
       407 408             235.800         1.6971
       408 416             450.000         1.1861
       406 413             705.000         1.2330
       406 414             356.400         1.1017
       405 415             542.000         1.0125

 Additional Angle Bending Parameters :

     Atom Classes             K(B)          Angle

     403 406 413            60.000        124.094
     401 403 412            35.000        118.942
     406 403 412            35.000        118.838
     401 404 405            70.000        113.359
     401 404 411            80.000        121.700
     401 402 407            53.200        108.210
     401 403 406            50.000        121.364
     404 401 410            38.000        109.343
     402 401 410            38.000        110.332
     403 401 410            50.600        106.311
     402 401 404            60.000        109.451
     403 401 404            80.000        110.698
     402 401 403            80.000        110.661
     402 407 408            60.430         97.779
     407 408 416            60.000        178.379
     409 402 409            39.570        108.414
     401 402 409            42.440        109.507
     407 402 409            60.240        109.536
     405 404 411            60.000        124.942
     413 406 414            68.340        122.634
     403 406 414            31.650        113.263
     415 405 415            22.300        119.362
     404 405 415            35.000        117.511

 Additional Stretch-Bend Parameters :

     Atom Classes          K(SB)-1        K(SB)-2

     401 403 412             4.300          7.200
     406 403 412             4.300          7.200
     401 404 405            18.700         18.700
     401 402 407            18.700         18.700
     401 403 406             7.200          7.200
     404 401 410            11.500         18.700
     402 401 410            11.500         18.700
     403 401 410            11.500         11.500
     402 401 404            18.700         18.700
     403 401 404            18.700         18.700
     402 401 403            18.700         18.700
     402 407 408            -5.750         -5.750
     401 402 409            11.500         11.500
     407 402 409            11.500         11.500
     403 406 414            11.500         11.500
     404 405 415             4.300          7.200
     415 405 415             4.300          7.200
     401 404 411            18.700         18.700
     413 406 414            11.500         11.500

 Additional Out-of-Plane Bend Parameters :

     Atom Classes                   K(OPB)

     401 403   0   0                14.400
     401 404   0   0                14.400
     403 406   0   0               107.910
     404 405   0   0                71.940
     405 404   0   0               107.910
     406 403   0   0                71.940
     411 404   0   0               122.298
     412 403   0   0                 5.755
     413 406   0   0               122.298
     414 406   0   0               140.283
     415 405   0   0                 5.755

 Additional Torsional Parameters :

     Atom Classes     1-Fold    2-Fold    3-Fold    4-Fold    5-Fold    6-Fold

   403 401 404 405   0.00   0  0.00 180  0.00   0  0.00   0  0.00   0  0.00   0
   403 401 404 411   0.00   0  0.00 180  0.00   0  0.00   0  0.00   0  0.00   0
   403 401 402 409   0.00   0  0.00 180  0.00   0  0.00   0  0.00   0  0.00   0
   403 401 402 407   0.00   0  0.00 180  0.00   0  0.00   0  0.00   0  0.00   0
   410 401 403 412   0.00   0  0.00 180  0.00   0  0.00   0  0.00   0  0.00   0
   404 401 403 412   0.00   0  0.00 180  0.00   0  0.00   0  0.00   0  0.00   0
   402 401 403 412   0.00   0  0.00 180  0.00   0  0.00   0  0.00   0  0.00   0
   412 403 406 413   0.00   0  0.00 180  0.00   0  0.00   0  0.00   0  0.00   0
   412 403 406 414   0.00   0  0.00 180  0.00   0  0.00   0  0.00   0  0.00   0
   401 404 405 415   0.00   0  1.20 180  0.80   0  0.00   0  0.00   0  0.00   0
   401 402 407 408   0.00   0  0.00 180  0.00   0  0.00   0  0.00   0  0.00   0
   401 403 406 413   0.00   0  0.00 180  0.00   0  0.00   0  0.00   0  0.00   0
   401 403 406 414   0.00   0  0.00 180  0.00   0  0.00   0  0.00   0  0.00   0
   410 401 404 405   0.00   0  0.00 180  0.00   0  0.00   0  0.00   0  0.00   0
   410 401 404 411   0.00   0  0.00 180  0.00   0  0.00   0  0.00   0  0.00   0
   410 401 402 409   0.00   0  0.00 180  0.00   0  0.00   0  0.00   0  0.00   0
   410 401 402 407   0.00   0  0.00 180  0.00   0  0.00   0  0.00   0  0.00   0
   410 401 403 406   0.00   0  0.00 180  0.00   0  0.00   0  0.00   0  0.00   0
   404 401 402 409   0.00   0  0.00 180  0.00   0  0.00   0  0.00   0  0.00   0
   404 401 402 407   0.00   0  0.00 180  0.00   0  0.00   0  0.00   0  0.00   0
   404 401 403 406   0.00   0  0.00 180  0.00   0  0.00   0  0.00   0  0.00   0
   411 404 405 415   0.00   0  0.00 180  0.00   0  0.00   0  0.00   0  0.00   0
   402 401 404 411   0.00   0  0.00 180  0.00   0  0.00   0  0.00   0  0.00   0
   402 401 404 405   0.00   0  0.00 180  0.00   0  0.00   0  0.00   0  0.00   0
   402 401 403 406   0.00   0  0.00 180  0.00   0  0.00   0  0.00   0  0.00   0
   402 407 408 416   0.00   0  0.00 180  0.50   0  0.00   0  0.00   0  0.00   0
   409 402 407 408   0.00   0  0.00 180  0.00   0  0.00   0  0.00   0  0.00   0

 Additional Pi-Orbital Torsion Parameters :

     Atom Classes       2-Fold

       404 405           6.850
       403 406           6.850

 Additional van der Waals Parameters :

     Atom Class               Size        Epsilon        Reduction

         403                3.7100         0.1100          0.000
         412                2.5900         0.0220          0.900
         401                3.6500         0.1010          0.000
         410                2.8800         0.0240          0.910
         404                3.8200         0.1060          0.000
         411                3.3000         0.1120          0.000
         402                3.7800         0.1060          0.000
         407                4.0050         0.3550          0.000
         408                3.7800         0.1060          0.000
         416                3.7100         0.1050          0.000
         409                2.8700         0.0330          0.900
         406                3.8200         0.1060          0.000
         413                3.3000         0.1120          0.000
         405                3.7100         0.1100          0.000
         414                2.9200         0.0300          0.920
         415                2.5900         0.0220          0.900

 Additional Atomic Multipole Parameters :

     Atom Type     Coordinate Frame Definition         Multipole Moments

         401      403    404      0   Z-then-X    -0.27040
                                                  -0.22190  0.00000  0.26102
                                                  -0.17903
                                                   0.00000 -0.24517
                                                   0.13675  0.00000  0.42420

         402      407    401      0   Z-then-X    -0.16380
                                                   0.27778  0.00000 -0.20334
                                                   0.30211
                                                   0.00000 -0.49081
                                                  -0.33263  0.00000  0.18870

         403      406    401      0   Z-then-X    -0.06286
                                                   0.37348  0.00000 -0.12295
                                                   0.79149
                                                   0.00000 -1.08676
                                                  -0.63736  0.00000  0.29527

         404      411    405      0   Z-then-X     0.97419
                                                  -0.10999  0.00000  0.25580
                                                   0.38321
                                                   0.00000 -0.33696
                                                  -0.17133  0.00000 -0.04625

         405      404    415      0   Z-then-X    -0.32376
                                                   0.05823  0.00000 -0.07138
                                                   0.32176
                                                   0.00000 -0.38869
                                                  -0.03945  0.00000  0.06693

         406      413    403      0   Z-then-X     0.63075
                                                   0.40149  0.00000  0.25741
                                                  -0.01797
                                                   0.00000  0.01503
                                                   0.00873  0.00000  0.00294

         407      408    402      0   Z-then-X     0.34019
                                                   0.47821  0.00000  0.49978
                                                   1.11919
                                                   0.00000 -2.31639
                                                  -0.50667  0.00000  1.19720

         408      407    416      0   Z-then-X     0.21608
                                                   0.00820  0.00000 -0.28509
                                                   0.05369
                                                   0.00000  0.10740
                                                   0.05156  0.00000 -0.16109

         409      402    407      0   Z-then-X     0.09933
                                                   0.00064  0.00000 -0.16410
                                                   0.07960
                                                   0.00000  0.07569
                                                  -0.01944  0.00000 -0.15529

         410      401    403      0   Z-then-X     0.10718
                                                  -0.02083  0.00000 -0.03604
                                                  -0.03187
                                                   0.00000  0.01466
                                                  -0.01392  0.00000  0.01721

         411      404    405      0   Z-then-X    -0.77613
                                                   0.13027  0.00000 -0.18830
                                                  -0.53109
                                                   0.00000  0.25725
                                                   0.21601  0.00000  0.27384

         412      403    401      0   Z-then-X     0.11911
                                                   0.01244  0.00000 -0.25689
                                                   0.04573
                                                   0.00000  0.01640
                                                  -0.00301  0.00000 -0.06213

         413      406    403      0   Z-then-X    -0.66614
                                                  -0.21394  0.00000 -0.03273
                                                  -0.49754
                                                   0.00000  0.12402
                                                  -0.24547  0.00000  0.37352

         414      406    413      0   Z-then-X    -0.02624
                                                   0.07068  0.00000 -0.22870
                                                   0.12255
                                                   0.00000  0.03666
                                                   0.03118  0.00000 -0.15921

         415      405    404      0   Z-then-X     0.13248
                                                   0.00045  0.00000 -0.38308
                                                   0.28470
                                                   0.00000  0.12111
                                                   0.01221  0.00000 -0.40581

         416      408    407      0   Z-then-X    -0.56179
                                                   0.01684  0.00000 -0.29231
                                                   0.37390
                                                   0.00000  0.24558
                                                   0.00671  0.00000 -0.61948

 Additional Atomic Dipole Polarizability Parameters :

     Atom Type           Alpha       Thole     Group Atom Types

         403             1.073       0.390         412  401  406
         412             0.496       0.390         403
         401             1.334       0.390         403  410  404  402
         410             0.496       0.390         401
         404             1.334       0.390         401  411  405
         411             0.837       0.390         404
         402             1.334       0.390         401  407  409
         407             3.300       0.390         402  408
         408             1.334       0.390         407  416
         416             1.073       0.390         408
         409             0.496       0.390         402
         406             1.334       0.390         403  413  414
         413             0.837       0.390         406
         405             1.073       0.390         404  415
         414             0.494       0.390         406
         415             0.496       0.390         405

 Limited Memory BFGS Quasi-Newton Optimization :

 QN Iter     F Value      G RMS      F Move   X Move   Angle  FG Call  Comment

     0     3214.4453  1050.9278                                   1
     1     1913.2179   564.0037   1301.2274   0.0982    0.00      2    Success 
     2     1307.6196   417.7880    605.5983   0.0982    9.51      3    Success 
     3     1071.7572   615.8549    235.8624   0.0982   36.48      4    Success 
     4      765.3684   304.8395    306.3888   0.0548   46.70      5    Success 
     5      582.5783   414.6569    182.7901   0.0887   48.79      6    Success 
     6      443.5783   264.0081    139.0000   0.0574   64.73      7    Success 
     7      316.6841   288.4013    126.8942   0.0905   55.79      8    Success 
     8      254.8841   280.3174     61.8000   0.0555   61.83      9    Success 
     9      204.2956   172.9149     50.5884   0.0208   53.42     10    Success 
    10      143.9637    94.3971     60.3319   0.0513   54.11     11    Success 
    11      109.6835    76.6105     34.2802   0.0390   46.49     12    Success 
    12       73.1799    87.9209     36.5036   0.0652   47.54     13    Success 
    13       62.2085   149.3686     10.9714   0.0546   58.58     14    Success 
    14       44.4417    90.6816     17.7668   0.0109   41.69     15    Success 
    15       22.7371    46.7568     21.7046   0.0365   53.40     16    Success 
    16       15.3414    46.5491      7.3957   0.0230   59.92     17    Success 
    17        4.7352    36.8267     10.6062   0.0354   60.05     18    Success 
    18       -3.2027    53.7349      7.9380   0.0479   62.18     19    Success 
    19       -7.2991    45.4088      4.0963   0.0413   74.93     20    Success 
    20      -10.0200    25.4318      2.7209   0.0094   61.19     21    Success 
    21      -12.3685    17.7837      2.3486   0.0134   55.45     22    Success 
    22      -14.1181    17.9248      1.7495   0.0152   61.77     23    Success 
    23      -16.6470    22.1107      2.5289   0.0245   63.72     24    Success 
    24      -19.0334    25.4291      2.3864   0.0425   72.59     25    Success 
    25      -21.1992    22.9923      2.1658   0.0336   74.06     26    Success 
    26      -22.1616    24.9705      0.9624   0.0143   63.09     27    Success 
    27      -23.1068    13.8401      0.9453   0.0092   66.32     28    Success 
    28      -23.7279    11.9408      0.6211   0.0043   42.31     29    Success 
    29      -24.6878    15.4729      0.9599   0.0104   56.26     30    Success 
    30      -25.7059    16.5166      1.0181   0.0179   67.40     31    Success 
    31      -26.2318    19.1767      0.5259   0.0149   76.28     33    Success 
    32      -26.8161     8.1844      0.5842   0.0123   76.56     34    Success 
    33      -27.0660     7.4322      0.2499   0.0039   53.45     35    Success 
    34      -27.3800     8.2096      0.3140   0.0067   60.65     36    Success 
    35      -27.6081    15.9615      0.2281   0.0142   72.54     37    Success 
    36      -27.9215     6.9331      0.3134   0.0056   73.53     38    Success 
    37      -28.0997     4.6889      0.1782   0.0053   66.49     39    Success 
    38      -28.2188     5.7402      0.1191   0.0043   63.84     40    Success 
    39      -28.3432     5.8509      0.1243   0.0064   69.46     41    Success 
    40      -28.3962     6.3069      0.0530   0.0060   71.72     42    Success 
    41      -28.4468     2.9170      0.0507   0.0023   71.08     43    Success 
    42      -28.4681     2.7532      0.0213   0.0008   48.91     44    Success 
    43      -28.5014     3.5856      0.0333   0.0018   60.96     45    Success 
    44      -28.5516     3.2825      0.0502   0.0030   70.10     46    Success 
    45      -28.6035     2.7774      0.0519   0.0068   75.76     47    Success 
    46      -28.6248     3.6013      0.0212   0.0034   70.47     48    Success 
    47      -28.6478     2.8221      0.0230   0.0009   53.81     49    Success 
    48      -28.6717     2.1355      0.0239   0.0016   64.29     50    Success 
    49      -28.6968     2.4300      0.0251   0.0027   69.55     51    Success 
    50      -28.7141     3.7471      0.0172   0.0047   75.82     52    Success 
    51      -28.7336     1.2516      0.0196   0.0012   66.93     53    Success 
    52      -28.7394     0.9374      0.0058   0.0007   57.73     54    Success 
    53      -28.7445     1.1283      0.0051   0.0008   58.51     55    Success 
    54      -28.7504     1.1673      0.0059   0.0012   65.77     56    Success 
    55      -28.7555     1.0317      0.0051   0.0011   69.36     57    Success 
    56      -28.7592     0.9166      0.0037   0.0008   66.91     58    Success 
    57      -28.7630     0.8428      0.0038   0.0008   65.74     59    Success 
    58      -28.7669     0.7658      0.0040   0.0009   66.92     60    Success 
    59      -28.7703     1.7786      0.0034   0.0015   67.03     61    Success 
    60      -28.7748     0.8112      0.0045   0.0010   78.33     62    Success 
    61      -28.7775     0.6246      0.0027   0.0007   68.57     63    Success 
    62      -28.7808     0.8555      0.0033   0.0010   66.51     64    Success 
    63      -28.7852     1.1368      0.0043   0.0015   75.32     65    Success 
    64      -28.7865     1.9038      0.0013   0.0022   78.77     66    Success 
    65      -28.7888     1.3357      0.0023   0.0001   56.48     67    Success 
    66      -28.7918     0.5206      0.0031   0.0003   55.53     68    Success 
    67      -28.7931     0.5009      0.0013   0.0004   58.45     69    Success 
    68      -28.7949     0.6313      0.0018   0.0007   67.56     70    Success 
    69      -28.7973     0.7450      0.0024   0.0012   74.89     71    Success 
    70      -28.7983     0.6896      0.0010   0.0007   76.48     73    Success 
    71      -28.7992     0.2856      0.0009   0.0006   78.11     74    Success 
    72      -28.7996     0.2250      0.0004   0.0001   49.19     75    Success 
    73      -28.8000     0.2912      0.0004   0.0002   49.56     76    Success 
    74      -28.8004     0.6276      0.0004   0.0004   63.24     77    Success 
    75      -28.8009     0.3471      0.0005   0.0003   78.00     78    Success 
    76      -28.8014     0.2622      0.0005   0.0004   71.74     79    Success 
    77      -28.8019     0.3522      0.0004   0.0004   71.50     80    Success 
    78      -28.8023     0.4613      0.0005   0.0006   76.18     81    Success 
    79      -28.8029     0.2945      0.0005   0.0005   77.88     82    Success 
    80      -28.8032     0.1955      0.0003   0.0002   64.88     83    Success 
    81      -28.8035     0.2463      0.0003   0.0002   58.81     84    Success 
    82      -28.8038     0.4008      0.0003   0.0004   72.13     85    Success 
    83      -28.8041     0.3261      0.0004   0.0004   79.95     86    Success 
    84      -28.8046     0.2336      0.0005   0.0006   78.89     87    Success 
    85      -28.8049     0.4378      0.0003   0.0006   76.60     88    Success 
    86      -28.8052     0.3562      0.0003   0.0004   80.01     89    Success 
    87      -28.8055     0.3414      0.0003   0.0001   70.44     90    Success 
    88      -28.8059     0.2611      0.0004   0.0003   75.44     91    Success 
    89      -28.8064     0.2952      0.0004   0.0007   76.18     92    Success 
    90      -28.8065     0.2443      0.0002   0.0005   79.17     93    Success 
    91      -28.8067     0.1308      0.0001   0.0001   59.24     94    Success 
    92      -28.8067     0.1113      0.0001   0.0001   49.31     95    Success 
    93      -28.8068     0.1878      0.0001   0.0002   66.57     96    Success 
    94      -28.8069     0.1114      0.0001   0.0001   77.37     97    Success 
    95      -28.8069     0.1016      0.0001   0.0001   71.91     98    Success 
    96      -28.8070     0.0979      0.0001   0.0001   70.29     99    Success 
    97      -28.8071     0.2123      0.0000   0.0002   68.95    100    Success 
    98      -28.8071     0.0936      0.0001   0.0001   74.78    101    Success 
    99      -28.8071     0.0632      0.0000   0.0001   62.28    102    Success 
   100      -28.8072     0.0754      0.0000   0.0001   62.78    103    Success 
   101      -28.8072     0.2298      0.0000   0.0002   70.87    104    Success 
   102      -28.8072     0.2047      0.0000   0.0000   55.08    105    Success 
   103      -28.8072     0.1585      0.0000   0.0000   59.07    106    Success 
   104      -28.8072     0.0701      0.0000   0.0000   65.37    107    Success 
   105      -28.8072     0.0424      0.0000   0.0000   65.58    108    Success 
   106      -28.8073     0.0497      0.0000   0.0000   72.49    109    Success 
   107      -28.8073     0.0545      0.0000   0.0000   73.47    110    Success 
   108      -28.8073     0.0843      0.0000   0.0001   73.00    111    Success 
   109      -28.8073     0.0610      0.0000   0.0001   81.51    112    Success 
   110      -28.8073     0.0425      0.0000   0.0001   79.24    113    Success 
   111      -28.8073     0.0430      0.0000   0.0001   75.43    114    Success 
   112      -28.8073     0.0781      0.0000   0.0001   73.89    115    Success 
   113      -28.8073     0.0408      0.0000   0.0000   63.13    116    Success 
   114      -28.8073     0.0385      0.0000   0.0000   67.32    117    Success 
   115      -28.8074     0.0501      0.0000   0.0001   67.58    118    Success 
   116      -28.8074     0.0799      0.0000   0.0001   77.24    119    Success 
   117      -28.8074     0.0526      0.0000   0.0000   71.85    120    Success 
   118      -28.8074     0.0205      0.0000   0.0000   76.50    121    Success 
   119      -28.8074     0.0228      0.0000   0.0000   74.47    122    Success 
   120      -28.8074     0.0241      0.0000   0.0000   71.26    123    Success 
   121      -28.8074     0.0483      0.0000   0.0000   70.34    124    Success 
   122      -28.8074     0.0218      0.0000   0.0000   79.76    125    Success 
   123      -28.8074     0.0170      0.0000   0.0000   71.61    126    Success 
   124      -28.8074     0.0204      0.0000   0.0000   64.26    127    Success 
   125      -28.8074     0.0356      0.0000   0.0001   70.20    128    Success 
   126      -28.8074     0.0250      0.0000   0.0000   78.20    129    Success 
   127      -28.8074     0.0170      0.0000   0.0000   76.27    130    Success 
   128      -28.8074     0.0208      0.0000   0.0000   75.26    131    Success 
   129      -28.8074     0.0266      0.0000   0.0000   70.89    132    Success 
   130      -28.8074     0.0166      0.0000   0.0000   65.91    133    Success 
   131      -28.8074     0.0100      0.0000   0.0000   69.27    134    Success 
   132      -28.8074     0.0120      0.0000   0.0000   69.56    135    Success 
   133      -28.8074     0.0153      0.0000   0.0000   72.75    136    Success 
   134      -28.8074     0.0290      0.0000   0.0000   76.55    137    Success 
   135      -28.8074     0.0106      0.0000   0.0000   72.82    138    Success 
   136      -28.8074     0.0108      0.0000   0.0000   69.86    139    Success 
   137      -28.8074     0.0127      0.0000   0.0000   72.00    140    Success 
   138      -28.8074     0.0128      0.0000   0.0000   74.47    141    Success 
   139      -28.8074     0.0250      0.0000   0.0000   75.91    142    Success 
   140      -28.8074     0.0088      0.0000   0.0000   83.01    143    Success 
   141      -28.8074     0.0055      0.0000   0.0000   77.35    144    Success 
   142      -28.8074     0.0080      0.0000   0.0000   66.09    145    Success 
   143      -28.8074     0.0074      0.0000   0.0000   74.65    146    Success 
   144      -28.8074     0.0093      0.0000   0.0000   71.67    147    Success 
   145      -28.8074     0.0038      0.0000   0.0000   75.31    148    Success 
   146      -28.8074     0.0036      0.0000   0.0000   69.71    149    Success 
   147      -28.8074     0.0023      0.0000   0.0000   70.31    150    Success 
   148      -28.8074     0.0020      0.0000   0.0000   61.06    151    Success 
   149      -28.8074     0.0025      0.0000   0.0000   67.16    152    Success 
   150      -28.8074     0.0020      0.0000   0.0000   70.10    153    Success 
   151      -28.8074     0.0026      0.0000   0.0000   63.96    154    Success 
   152      -28.8074     0.0020      0.0000   0.0000   66.77    155    Success 
   153      -28.8074     0.0011      0.0000   0.0000   71.32    156    Success 
   154      -28.8074     0.0010      0.0000   0.0000   69.65    157    Success 
   155      -28.8074     0.0011      0.0000   0.0000   67.07    158    Success 
   156      -28.8074     0.0015      0.0000   0.0000   68.31    159    Success 
   157      -28.8074     0.0036      0.0000   0.0000   75.49    160    Success 
   158      -28.8074     0.0025      0.0000   0.0000   79.59    161    Success 
   159      -28.8074     0.0010      0.0000   0.0000   77.07    162   SmallGrad

 LBFGS  --  Normal Termination due to SmallGrad

 Final Function Value :          -28.8074
 Final RMS Gradient :              0.0010
 Final Gradient Norm :             0.0041
