
     ######################################################################
   ##########################################################################
  ###                                                                      ###
 ###            Tinker  ---  Software Tools for Molecular Design            ###
 ##                                                                          ##
 ##                          Version 8.7  June 2019                          ##
 ##                                                                          ##
 ##               Copyright (c)  Jay William Ponder  1990-2019               ##
 ###                           All Rights Reserved                          ###
  ###                                                                      ###
   ##########################################################################
     ######################################################################


 Additional Atom Definition Parameters :

     Type  Class  Symbol  Description               Atomic    Mass   Valence

     403    403     N     ModifiedRes                  7     14.007     3
     412    412     H     ModifiedRes                  1      1.008     1
     401    401     C     ModifiedRes                  6     12.011     4
     410    410     H     ModifiedRes                  1      1.008     1
     404    404     C     ModifiedRes                  6     12.011     3
     411    411     O     ModifiedRes                  8     15.999     1
     402    402     C     ModifiedRes                  6     12.011     4
     407    407     S     ModifiedRes                 16     32.066     2
     408    408     C     ModifiedRes                  6     12.011     2
     416    416     N     ModifiedRes                  7     14.007     1
     409    409     H     ModifiedRes                  1      1.008     1
     406    406     C     ModifiedRes                  6     12.011     3
     413    413     O     ModifiedRes                  8     15.999     1
     405    405     N     ModifiedRes                  7     14.007     3
     414    414     H     ModifiedRes                  1      1.008     1
     415    415     H     ModifiedRes                  1      1.008     1

 Additional Bond Stretching Parameters :

     Atom Classes             K(S)         Length

       401 403             374.800         1.4589
       403 406             482.000         1.3610
       403 412             542.000         1.0150
       401 410             341.000         1.0957
       401 404             345.300         1.5388
       401 402             345.300         1.5181
       404 405             482.000         1.3572
       404 411             705.000         1.2314
       402 409             395.500         1.0914
       402 407             235.800         1.8318
       407 408             235.800         1.6971
       408 416             450.000         1.1861
       406 413             705.000         1.2330
       406 414             356.400         1.1017
       405 415             542.000         1.0125

 Additional Angle Bending Parameters :

     Atom Classes             K(B)          Angle

     403 406 413            60.000        124.094
     401 403 412            35.000        118.942
     406 403 412            35.000        118.838
     401 404 405            70.000        113.359
     401 404 411            80.000        121.700
     401 402 407            53.200        108.210
     401 403 406            50.000        121.364
     404 401 410            38.000        109.343
     402 401 410            38.000        110.332
     403 401 410            50.600        106.311
     402 401 404            60.000        109.451
     403 401 404            80.000        110.698
     402 401 403            80.000        110.661
     402 407 408            60.430         97.779
     407 408 416            60.000        178.379
     409 402 409            39.570        108.414
     401 402 409            42.440        109.507
     407 402 409            60.240        109.536
     405 404 411            60.000        124.942
     413 406 414            68.340        122.634
     403 406 414            31.650        113.263
     415 405 415            22.300        119.362
     404 405 415            35.000        117.511

 Additional Stretch-Bend Parameters :

     Atom Classes          K(SB)-1        K(SB)-2

     401 403 412             4.300          7.200
     406 403 412             4.300          7.200
     401 404 405            18.700         18.700
     401 402 407            18.700         18.700
     401 403 406             7.200          7.200
     404 401 410            11.500         18.700
     402 401 410            11.500         18.700
     403 401 410            11.500         11.500
     402 401 404            18.700         18.700
     403 401 404            18.700         18.700
     402 401 403            18.700         18.700
     402 407 408            -5.750         -5.750
     401 402 409            11.500         11.500
     407 402 409            11.500         11.500
     403 406 414            11.500         11.500
     404 405 415             4.300          7.200
     415 405 415             4.300          7.200
     401 404 411            18.700         18.700
     413 406 414            11.500         11.500

 Additional Out-of-Plane Bend Parameters :

     Atom Classes                   K(OPB)

     401 403   0   0                14.400
     401 404   0   0                14.400
     403 406   0   0               107.910
     404 405   0   0                71.940
     405 404   0   0               107.910
     406 403   0   0                71.940
     411 404   0   0               122.298
     412 403   0   0                 5.755
     413 406   0   0               122.298
     414 406   0   0               140.283
     415 405   0   0                 5.755

 Additional Torsional Parameters :

     Atom Classes     1-Fold    2-Fold    3-Fold    4-Fold    5-Fold    6-Fold

   403 401 404 405   0.00   0  0.00 180  0.00   0  0.00   0  0.00   0  0.00   0
   403 401 404 411   0.00   0  0.00 180  0.00   0  0.00   0  0.00   0  0.00   0
   403 401 402 409   0.00   0  0.00 180  0.00   0  0.00   0  0.00   0  0.00   0
   403 401 402 407   0.00   0  0.00 180  0.00   0  0.00   0  0.00   0  0.00   0
   410 401 403 412   0.00   0  0.00 180  0.00   0  0.00   0  0.00   0  0.00   0
   404 401 403 412   0.00   0  0.00 180  0.00   0  0.00   0  0.00   0  0.00   0
   402 401 403 412   0.00   0  0.00 180  0.00   0  0.00   0  0.00   0  0.00   0
   412 403 406 413   0.00   0  0.00 180  0.00   0  0.00   0  0.00   0  0.00   0
   412 403 406 414   0.00   0  0.00 180  0.00   0  0.00   0  0.00   0  0.00   0
   401 404 405 415   0.00   0  1.20 180  0.80   0  0.00   0  0.00   0  0.00   0
   401 402 407 408   0.00   0  0.00 180  0.00   0  0.00   0  0.00   0  0.00   0
   401 403 406 413   0.00   0  0.00 180  0.00   0  0.00   0  0.00   0  0.00   0
   401 403 406 414   0.00   0  0.00 180  0.00   0  0.00   0  0.00   0  0.00   0
   410 401 404 405   0.00   0  0.00 180  0.00   0  0.00   0  0.00   0  0.00   0
   410 401 404 411   0.00   0  0.00 180  0.00   0  0.00   0  0.00   0  0.00   0
   410 401 402 409   0.00   0  0.00 180  0.00   0  0.00   0  0.00   0  0.00   0
   410 401 402 407   0.00   0  0.00 180  0.00   0  0.00   0  0.00   0  0.00   0
   410 401 403 406   0.00   0  0.00 180  0.00   0  0.00   0  0.00   0  0.00   0
   404 401 402 409   0.00   0  0.00 180  0.00   0  0.00   0  0.00   0  0.00   0
   404 401 402 407   0.00   0  0.00 180  0.00   0  0.00   0  0.00   0  0.00   0
   404 401 403 406   0.00   0  0.00 180  0.00   0  0.00   0  0.00   0  0.00   0
   411 404 405 415   0.00   0  0.00 180  0.00   0  0.00   0  0.00   0  0.00   0
   402 401 404 411   0.00   0  0.00 180  0.00   0  0.00   0  0.00   0  0.00   0
   402 401 404 405   0.00   0  0.00 180  0.00   0  0.00   0  0.00   0  0.00   0
   402 401 403 406   0.00   0  0.00 180  0.00   0  0.00   0  0.00   0  0.00   0
   402 407 408 416   0.00   0  0.00 180  0.50   0  0.00   0  0.00   0  0.00   0
   409 402 407 408   0.00   0  0.00 180  0.00   0  0.00   0  0.00   0  0.00   0

 Additional Pi-Orbital Torsion Parameters :

     Atom Classes       2-Fold

       404 405           6.850
       403 406           6.850

 Additional van der Waals Parameters :

     Atom Class               Size        Epsilon        Reduction

         403                3.7100         0.1100          0.000
         412                2.5900         0.0220          0.900
         401                3.6500         0.1010          0.000
         410                2.8800         0.0240          0.910
         404                3.8200         0.1060          0.000
         411                3.3000         0.1120          0.000
         402                3.7800         0.1060          0.000
         407                4.0050         0.3550          0.000
         408                3.7800         0.1060          0.000
         416                3.7100         0.1050          0.000
         409                2.8700         0.0330          0.900
         406                3.8200         0.1060          0.000
         413                3.3000         0.1120          0.000
         405                3.7100         0.1100          0.000
         414                2.9200         0.0300          0.920
         415                2.5900         0.0220          0.900

 Additional Atomic Multipole Parameters :

     Atom Type     Coordinate Frame Definition         Multipole Moments

         401      403    404      0   Z-then-X    -0.27040
                                                  -0.22190  0.00000  0.26102
                                                  -0.17903
                                                   0.00000 -0.24517
                                                   0.13675  0.00000  0.42420

         402      407    401      0   Z-then-X    -0.16380
                                                   0.27778  0.00000 -0.20334
                                                   0.30211
                                                   0.00000 -0.49081
                                                  -0.33263  0.00000  0.18870

         403      406    401      0   Z-then-X    -0.06286
                                                   0.37348  0.00000 -0.12295
                                                   0.79149
                                                   0.00000 -1.08676
                                                  -0.63736  0.00000  0.29527

         404      411    405      0   Z-then-X     0.97419
                                                  -0.10999  0.00000  0.25580
                                                   0.38321
                                                   0.00000 -0.33696
                                                  -0.17133  0.00000 -0.04625

         405      404    415      0   Z-then-X    -0.32376
                                                   0.05823  0.00000 -0.07138
                                                   0.32176
                                                   0.00000 -0.38869
                                                  -0.03945  0.00000  0.06693

         406      413    403      0   Z-then-X     0.63075
                                                   0.40149  0.00000  0.25741
                                                  -0.01797
                                                   0.00000  0.01503
                                                   0.00873  0.00000  0.00294

         407      408    402      0   Z-then-X     0.34019
                                                   0.47821  0.00000  0.49978
                                                   1.11919
                                                   0.00000 -2.31639
                                                  -0.50667  0.00000  1.19720

         408      407    416      0   Z-then-X     0.21608
                                                   0.00820  0.00000 -0.28509
                                                   0.05369
                                                   0.00000  0.10740
                                                   0.05156  0.00000 -0.16109

         409      402    407      0   Z-then-X     0.09933
                                                   0.00064  0.00000 -0.16410
                                                   0.07960
                                                   0.00000  0.07569
                                                  -0.01944  0.00000 -0.15529

         410      401    403      0   Z-then-X     0.10718
                                                  -0.02083  0.00000 -0.03604
                                                  -0.03187
                                                   0.00000  0.01466
                                                  -0.01392  0.00000  0.01721

         411      404    405      0   Z-then-X    -0.77613
                                                   0.13027  0.00000 -0.18830
                                                  -0.53109
                                                   0.00000  0.25725
                                                   0.21601  0.00000  0.27384

         412      403    401      0   Z-then-X     0.11911
                                                   0.01244  0.00000 -0.25689
                                                   0.04573
                                                   0.00000  0.01640
                                                  -0.00301  0.00000 -0.06213

         413      406    403      0   Z-then-X    -0.66614
                                                  -0.21394  0.00000 -0.03273
                                                  -0.49754
                                                   0.00000  0.12402
                                                  -0.24547  0.00000  0.37352

         414      406    413      0   Z-then-X    -0.02624
                                                   0.07068  0.00000 -0.22870
                                                   0.12255
                                                   0.00000  0.03666
                                                   0.03118  0.00000 -0.15921

         415      405    404      0   Z-then-X     0.13248
                                                   0.00045  0.00000 -0.38308
                                                   0.28470
                                                   0.00000  0.12111
                                                   0.01221  0.00000 -0.40581

         416      408    407      0   Z-then-X    -0.56179
                                                   0.01684  0.00000 -0.29231
                                                   0.37390
                                                   0.00000  0.24558
                                                   0.00671  0.00000 -0.61948

 Additional Atomic Dipole Polarizability Parameters :

     Atom Type           Alpha       Thole     Group Atom Types

         403             1.073       0.390         412  401  406
         412             0.496       0.390         403
         401             1.334       0.390         403  410  404  402
         410             0.496       0.390         401
         404             1.334       0.390         401  411  405
         411             0.837       0.390         404
         402             1.334       0.390         401  407  409
         407             3.300       0.390         402  408
         408             1.334       0.390         407  416
         416             1.073       0.390         408
         409             0.496       0.390         402
         406             1.334       0.390         403  413  414
         413             0.837       0.390         406
         405             1.073       0.390         404  415
         414             0.494       0.390         406
         415             0.496       0.390         405

 Limited Memory BFGS Quasi-Newton Optimization :

 QN Iter     F Value      G RMS      F Move   X Move   Angle  FG Call  Comment

     0      -34.5467     8.8811                                   1
     1      -34.7299     7.3691      0.1832   0.0023    0.00      3    Success 
     2      -34.8530     6.1783      0.1231   0.0015   39.68      4    Success 
     3      -35.0229     6.2624      0.1699   0.0030   42.56      5    Success 
     4      -35.1666    10.0235      0.1437   0.0053   58.35      6    Success 
     5      -35.2795     6.2642      0.1128   0.0019   66.54      7    Success 
     6      -35.4369     5.6176      0.1574   0.0039   59.20      8    Success 
     7      -35.5565     5.9517      0.1196   0.0039   65.99      9    Success 
     8      -35.7313     6.0002      0.1747   0.0064   69.65     10    Success 
     9      -35.7783    21.3609      0.0470   0.0095   69.98     11    Success 
    10      -35.8624    16.2583      0.0841   0.0004   50.54     12    Success 
    11      -35.9761     4.9371      0.1137   0.0022   74.97     13    Success 
    12      -36.0183     4.6046      0.0422   0.0011   52.20     14    Success 
    13      -36.0572     3.6126      0.0389   0.0013   59.12     15    Success 
    14      -36.1089     4.1207      0.0516   0.0033   68.39     16    Success 
    15      -36.1540     5.5188      0.0451   0.0036   67.43     17    Success 
    16      -36.1912     3.0959      0.0372   0.0021   75.81     18    Success 
    17      -36.2278     3.0684      0.0366   0.0026   69.40     19    Success 
    18      -36.2728     4.0780      0.0450   0.0031   69.61     20    Success 
    19      -36.3247     5.0744      0.0519   0.0051   76.22     21    Success 
    20      -36.3721     3.2053      0.0474   0.0045   77.02     22    Success 
    21      -36.3952     1.9070      0.0231   0.0009   55.10     23    Success 
    22      -36.4207     2.2787      0.0255   0.0016   43.96     24    Success 
    23      -36.4372     2.2619      0.0165   0.0016   71.77     25    Success 
    24      -36.4628     1.8785      0.0256   0.0026   71.61     26    Success 
    25      -36.4739     2.3648      0.0111   0.0022   72.62     28    Success 
    26      -36.4875     0.9722      0.0136   0.0023   76.61     29    Success 
    27      -36.4920     1.0760      0.0045   0.0008   64.90     30    Success 
    28      -36.4970     1.8823      0.0049   0.0012   67.75     31    Success 
    29      -36.5024     1.1671      0.0054   0.0009   75.99     32    Success 
    30      -36.5071     0.8193      0.0047   0.0009   69.04     33    Success 
    31      -36.5104     0.8158      0.0033   0.0007   65.78     34    Success 
    32      -36.5142     0.6862      0.0038   0.0011   68.97     35    Success 
    33      -36.5154     1.3441      0.0012   0.0012   68.91     36    Success 
    34      -36.5173     0.6921      0.0019   0.0002   49.96     37    Success 
    35      -36.5189     0.4942      0.0017   0.0003   44.29     38    Success 
    36      -36.5200     0.6634      0.0011   0.0003   61.70     39    Success 
    37      -36.5219     0.7861      0.0019   0.0006   71.80     40    Success 
    38      -36.5248     0.8328      0.0029   0.0011   75.90     41    Success 
    39      -36.5286     0.7998      0.0038   0.0019   78.21     42    Success 
    40      -36.5316     0.7339      0.0030   0.0019   79.96     43    Success 
    41      -36.5346     0.7538      0.0029   0.0017   78.47     44    Success 
    42      -36.5373     0.9688      0.0027   0.0013   75.34     45    Success 
    43      -36.5397     0.9161      0.0024   0.0009   74.83     46    Success 
    44      -36.5419     0.5952      0.0022   0.0006   72.55     47    Success 
    45      -36.5441     0.7534      0.0022   0.0013   72.65     48    Success 
    46      -36.5454     0.7320      0.0012   0.0010   80.70     49    Success 
    47      -36.5464     0.5275      0.0010   0.0007   81.94     50    Success 
    48      -36.5479     0.3352      0.0015   0.0010   77.78     51    Success 
    49      -36.5491     0.6441      0.0012   0.0011   70.42     52    Success 
    50      -36.5495     1.0888      0.0004   0.0007   78.98     53    Success 
    51      -36.5501     0.6190      0.0006   0.0002   75.07     54    Success 
    52      -36.5508     0.3143      0.0007   0.0003   71.06     55    Success 
    53      -36.5512     0.3409      0.0003   0.0002   69.48     56    Success 
    54      -36.5517     0.3460      0.0006   0.0004   73.98     57    Success 
    55      -36.5526     0.3367      0.0009   0.0006   73.37     58    Success 
    56      -36.5528     0.8879      0.0002   0.0013   76.82     59    Success 
    57      -36.5530     0.7580      0.0003   0.0000   57.72     60    Success 
    58      -36.5535     0.5048      0.0005   0.0001   58.13     61    Success 
    59      -36.5541     0.1656      0.0005   0.0002   60.34     62    Success 
    60      -36.5541     0.1821      0.0001   0.0001   61.49     63    Success 
    61      -36.5543     0.1846      0.0002   0.0001   64.92     64    Success 
    62      -36.5546     0.3024      0.0003   0.0003   67.11     65    Success 
    63      -36.5550     0.2482      0.0004   0.0004   77.40     66    Success 
    64      -36.5552     0.6850      0.0002   0.0008   77.52     67    Success 
    65      -36.5555     0.3766      0.0003   0.0003   82.65     68    Success 
    66      -36.5559     0.1581      0.0003   0.0004   79.11     69    Success 
    67      -36.5560     0.2154      0.0002   0.0003   74.57     70    Success 
    68      -36.5563     0.2232      0.0002   0.0004   77.40     71    Success 
    69      -36.5564     0.3239      0.0001   0.0002   78.92     73    Success 
    70      -36.5565     0.2227      0.0001   0.0002   80.51     74    Success 
    71      -36.5567     0.1175      0.0002   0.0003   75.18     75    Success 
    72      -36.5568     0.2003      0.0001   0.0002   68.85     76    Success 
    73      -36.5569     0.3202      0.0000   0.0002   77.65     77    Success 
    74      -36.5569     0.1555      0.0001   0.0000   69.59     78    Success 
    75      -36.5570     0.0950      0.0000   0.0001   68.98     79    Success 
    76      -36.5570     0.1044      0.0000   0.0001   73.16     80    Success 
    77      -36.5570     0.1057      0.0000   0.0001   76.06     81    Success 
    78      -36.5571     0.1143      0.0001   0.0002   75.05     82    Success 
    79      -36.5571     0.2051      0.0000   0.0003   77.80     83    Success 
    80      -36.5572     0.0998      0.0000   0.0000   58.18     84    Success 
    81      -36.5572     0.0342      0.0000   0.0000   58.70     85    Success 
    82      -36.5572     0.0329      0.0000   0.0000   63.00     86    Success 
    83      -36.5572     0.0368      0.0000   0.0000   60.59     87    Success 
    84      -36.5572     0.0411      0.0000   0.0001   69.26     88    Success 
    85      -36.5572     0.0356      0.0000   0.0000   71.38     89    Success 
    86      -36.5573     0.0342      0.0000   0.0001   69.18     90    Success 
    87      -36.5573     0.0573      0.0000   0.0001   71.04     91    Success 
    88      -36.5573     0.0312      0.0000   0.0000   75.07     92    Success 
    89      -36.5573     0.0202      0.0000   0.0000   68.26     93    Success 
    90      -36.5573     0.0218      0.0000   0.0000   70.95     94    Success 
    91      -36.5573     0.0260      0.0000   0.0000   75.26     95    Success 
    92      -36.5573     0.0187      0.0000   0.0000   78.67     96    Success 
    93      -36.5573     0.0235      0.0000   0.0000   71.41     97    Success 
    94      -36.5573     0.0290      0.0000   0.0000   76.54     98    Success 
    95      -36.5573     0.0207      0.0000   0.0000   74.28     99    Success 
    96      -36.5573     0.0187      0.0000   0.0000   70.57    100    Success 
    97      -36.5573     0.0118      0.0000   0.0000   72.40    101    Success 
    98      -36.5573     0.0105      0.0000   0.0000   74.67    102    Success 
    99      -36.5573     0.0096      0.0000   0.0000   67.45    103    Success 
   100      -36.5573     0.0094      0.0000   0.0000   63.11    104    Success 
   101      -36.5573     0.0185      0.0000   0.0000   66.67    105    Success 
   102      -36.5573     0.0081      0.0000   0.0000   70.83    106    Success 
   103      -36.5573     0.0056      0.0000   0.0000   63.94    107    Success 
   104      -36.5573     0.0072      0.0000   0.0000   65.79    108    Success 
   105      -36.5573     0.0132      0.0000   0.0000   71.03    109    Success 
   106      -36.5573     0.0065      0.0000   0.0000   79.47    110    Success 
   107      -36.5573     0.0034      0.0000   0.0000   69.07    111    Success 
   108      -36.5573     0.0037      0.0000   0.0000   61.58    112    Success 
   109      -36.5573     0.0042      0.0000   0.0000   66.11    113    Success 
   110      -36.5573     0.0088      0.0000   0.0000   73.12    114    Success 
   111      -36.5573     0.0038      0.0000   0.0000   72.46    115    Success 
   112      -36.5573     0.0027      0.0000   0.0000   69.93    116    Success 
   113      -36.5573     0.0033      0.0000   0.0000   75.04    117    Success 
   114      -36.5573     0.0033      0.0000   0.0000   76.01    118    Success 
   115      -36.5573     0.0059      0.0000   0.0000   76.44    119    Success 
   116      -36.5573     0.0022      0.0000   0.0000   78.31    120    Success 
   117      -36.5573     0.0012      0.0000   0.0000   63.99    121    Success 
   118      -36.5573     0.0025      0.0000   0.0000   53.14    122    Success 
   119      -36.5573     0.0016      0.0000   0.0000   70.54    123    Success 
   120      -36.5573     0.0014      0.0000   0.0000   65.35    124    Success 
   121      -36.5573     0.0013      0.0000   0.0000   72.33    125    Success 
   122      -36.5573     0.0010      0.0000   0.0000   74.10    126    Success 
   123      -36.5573     0.0013      0.0000   0.0000   69.50    127    Success 
   124      -36.5573     0.0008      0.0000   0.0000   74.09    128   SmallGrad

 LBFGS  --  Normal Termination due to SmallGrad

 Final Function Value :          -36.5573
 Final RMS Gradient :              0.0008
 Final Gradient Norm :             0.0036
