
     ######################################################################
   ##########################################################################
  ###                                                                      ###
 ###            Tinker  ---  Software Tools for Molecular Design            ###
 ##                                                                          ##
 ##                          Version 8.7  June 2019                          ##
 ##                                                                          ##
 ##               Copyright (c)  Jay William Ponder  1990-2019               ##
 ###                           All Rights Reserved                          ###
  ###                                                                      ###
   ##########################################################################
     ######################################################################


 Additional Atom Definition Parameters :

     Type  Class  Symbol  Description               Atomic    Mass   Valence

     403    403     N     ModifiedRes                  7     14.007     3
     412    412     H     ModifiedRes                  1      1.008     1
     401    401     C     ModifiedRes                  6     12.011     4
     410    410     H     ModifiedRes                  1      1.008     1
     404    404     C     ModifiedRes                  6     12.011     3
     411    411     O     ModifiedRes                  8     15.999     1
     402    402     C     ModifiedRes                  6     12.011     4
     407    407     S     ModifiedRes                 16     32.066     2
     408    408     C     ModifiedRes                  6     12.011     2
     416    416     N     ModifiedRes                  7     14.007     1
     409    409     H     ModifiedRes                  1      1.008     1
     406    406     C     ModifiedRes                  6     12.011     3
     413    413     O     ModifiedRes                  8     15.999     1
     405    405     N     ModifiedRes                  7     14.007     3
     414    414     H     ModifiedRes                  1      1.008     1
     415    415     H     ModifiedRes                  1      1.008     1

 Additional Bond Stretching Parameters :

     Atom Classes             K(S)         Length

       401 403             374.800         1.4589
       403 406             482.000         1.3610
       403 412             542.000         1.0150
       401 410             341.000         1.0957
       401 404             345.300         1.5388
       401 402             345.300         1.5181
       404 405             482.000         1.3572
       404 411             705.000         1.2314
       402 409             395.500         1.0914
       402 407             235.800         1.8318
       407 408             235.800         1.6971
       408 416             450.000         1.1861
       406 413             705.000         1.2330
       406 414             356.400         1.1017
       405 415             542.000         1.0125

 Additional Angle Bending Parameters :

     Atom Classes             K(B)          Angle

     403 406 413            60.000        124.094
     401 403 412            35.000        118.942
     406 403 412            35.000        118.838
     401 404 405            70.000        113.359
     401 404 411            80.000        121.700
     401 402 407            53.200        108.210
     401 403 406            50.000        121.364
     404 401 410            38.000        109.343
     402 401 410            38.000        110.332
     403 401 410            50.600        106.311
     402 401 404            60.000        109.451
     403 401 404            80.000        110.698
     402 401 403            80.000        110.661
     402 407 408            60.430         97.779
     407 408 416            60.000        178.379
     409 402 409            39.570        108.414
     401 402 409            42.440        109.507
     407 402 409            60.240        109.536
     405 404 411            60.000        124.942
     413 406 414            68.340        122.634
     403 406 414            31.650        113.263
     415 405 415            22.300        119.362
     404 405 415            35.000        117.511

 Additional Stretch-Bend Parameters :

     Atom Classes          K(SB)-1        K(SB)-2

     401 403 412             4.300          7.200
     406 403 412             4.300          7.200
     401 404 405            18.700         18.700
     401 402 407            18.700         18.700
     401 403 406             7.200          7.200
     404 401 410            11.500         18.700
     402 401 410            11.500         18.700
     403 401 410            11.500         11.500
     402 401 404            18.700         18.700
     403 401 404            18.700         18.700
     402 401 403            18.700         18.700
     402 407 408            -5.750         -5.750
     401 402 409            11.500         11.500
     407 402 409            11.500         11.500
     403 406 414            11.500         11.500
     404 405 415             4.300          7.200
     415 405 415             4.300          7.200
     401 404 411            18.700         18.700
     413 406 414            11.500         11.500

 Additional Out-of-Plane Bend Parameters :

     Atom Classes                   K(OPB)

     401 403   0   0                14.400
     401 404   0   0                14.400
     403 406   0   0               107.910
     404 405   0   0                71.940
     405 404   0   0               107.910
     406 403   0   0                71.940
     411 404   0   0               122.298
     412 403   0   0                 5.755
     413 406   0   0               122.298
     414 406   0   0               140.283
     415 405   0   0                 5.755

 Additional Torsional Parameters :

     Atom Classes     1-Fold    2-Fold    3-Fold    4-Fold    5-Fold    6-Fold

   403 401 404 405   0.00   0  0.00 180  0.00   0  0.00   0  0.00   0  0.00   0
   403 401 404 411   0.00   0  0.00 180  0.00   0  0.00   0  0.00   0  0.00   0
   403 401 402 409   0.00   0  0.00 180  0.00   0  0.00   0  0.00   0  0.00   0
   403 401 402 407   0.00   0  0.00 180  0.00   0  0.00   0  0.00   0  0.00   0
   410 401 403 412   0.00   0  0.00 180  0.00   0  0.00   0  0.00   0  0.00   0
   404 401 403 412   0.00   0  0.00 180  0.00   0  0.00   0  0.00   0  0.00   0
   402 401 403 412   0.00   0  0.00 180  0.00   0  0.00   0  0.00   0  0.00   0
   412 403 406 413   0.00   0  0.00 180  0.00   0  0.00   0  0.00   0  0.00   0
   412 403 406 414   0.00   0  0.00 180  0.00   0  0.00   0  0.00   0  0.00   0
   401 404 405 415   0.00   0  1.20 180  0.80   0  0.00   0  0.00   0  0.00   0
   401 402 407 408   0.00   0  0.00 180  0.00   0  0.00   0  0.00   0  0.00   0
   401 403 406 413   0.00   0  0.00 180  0.00   0  0.00   0  0.00   0  0.00   0
   401 403 406 414   0.00   0  0.00 180  0.00   0  0.00   0  0.00   0  0.00   0
   410 401 404 405   0.00   0  0.00 180  0.00   0  0.00   0  0.00   0  0.00   0
   410 401 404 411   0.00   0  0.00 180  0.00   0  0.00   0  0.00   0  0.00   0
   410 401 402 409   0.00   0  0.00 180  0.00   0  0.00   0  0.00   0  0.00   0
   410 401 402 407   0.00   0  0.00 180  0.00   0  0.00   0  0.00   0  0.00   0
   410 401 403 406   0.00   0  0.00 180  0.00   0  0.00   0  0.00   0  0.00   0
   404 401 402 409   0.00   0  0.00 180  0.00   0  0.00   0  0.00   0  0.00   0
   404 401 402 407   0.00   0  0.00 180  0.00   0  0.00   0  0.00   0  0.00   0
   404 401 403 406   0.00   0  0.00 180  0.00   0  0.00   0  0.00   0  0.00   0
   411 404 405 415   0.00   0  0.00 180  0.00   0  0.00   0  0.00   0  0.00   0
   402 401 404 411   0.00   0  0.00 180  0.00   0  0.00   0  0.00   0  0.00   0
   402 401 404 405   0.00   0  0.00 180  0.00   0  0.00   0  0.00   0  0.00   0
   402 401 403 406   0.00   0  0.00 180  0.00   0  0.00   0  0.00   0  0.00   0
   402 407 408 416   0.00   0  0.00 180  0.50   0  0.00   0  0.00   0  0.00   0
   409 402 407 408   0.00   0  0.00 180  0.00   0  0.00   0  0.00   0  0.00   0

 Additional Pi-Orbital Torsion Parameters :

     Atom Classes       2-Fold

       404 405           6.850
       403 406           6.850

 Additional van der Waals Parameters :

     Atom Class               Size        Epsilon        Reduction

         403                3.7100         0.1100          0.000
         412                2.5900         0.0220          0.900
         401                3.6500         0.1010          0.000
         410                2.8800         0.0240          0.910
         404                3.8200         0.1060          0.000
         411                3.3000         0.1120          0.000
         402                3.7800         0.1060          0.000
         407                4.0050         0.3550          0.000
         408                3.7800         0.1060          0.000
         416                3.7100         0.1050          0.000
         409                2.8700         0.0330          0.900
         406                3.8200         0.1060          0.000
         413                3.3000         0.1120          0.000
         405                3.7100         0.1100          0.000
         414                2.9200         0.0300          0.920
         415                2.5900         0.0220          0.900

 Additional Atomic Multipole Parameters :

     Atom Type     Coordinate Frame Definition         Multipole Moments

         401      403    404      0   Z-then-X    -0.27040
                                                  -0.22190  0.00000  0.26102
                                                  -0.17903
                                                   0.00000 -0.24517
                                                   0.13675  0.00000  0.42420

         402      407    401      0   Z-then-X    -0.16380
                                                   0.27778  0.00000 -0.20334
                                                   0.30211
                                                   0.00000 -0.49081
                                                  -0.33263  0.00000  0.18870

         403      406    401      0   Z-then-X    -0.06286
                                                   0.37348  0.00000 -0.12295
                                                   0.79149
                                                   0.00000 -1.08676
                                                  -0.63736  0.00000  0.29527

         404      411    405      0   Z-then-X     0.97419
                                                  -0.10999  0.00000  0.25580
                                                   0.38321
                                                   0.00000 -0.33696
                                                  -0.17133  0.00000 -0.04625

         405      404    415      0   Z-then-X    -0.32376
                                                   0.05823  0.00000 -0.07138
                                                   0.32176
                                                   0.00000 -0.38869
                                                  -0.03945  0.00000  0.06693

         406      413    403      0   Z-then-X     0.63075
                                                   0.40149  0.00000  0.25741
                                                  -0.01797
                                                   0.00000  0.01503
                                                   0.00873  0.00000  0.00294

         407      408    402      0   Z-then-X     0.34019
                                                   0.47821  0.00000  0.49978
                                                   1.11919
                                                   0.00000 -2.31639
                                                  -0.50667  0.00000  1.19720

         408      407    416      0   Z-then-X     0.21608
                                                   0.00820  0.00000 -0.28509
                                                   0.05369
                                                   0.00000  0.10740
                                                   0.05156  0.00000 -0.16109

         409      402    407      0   Z-then-X     0.09933
                                                   0.00064  0.00000 -0.16410
                                                   0.07960
                                                   0.00000  0.07569
                                                  -0.01944  0.00000 -0.15529

         410      401    403      0   Z-then-X     0.10718
                                                  -0.02083  0.00000 -0.03604
                                                  -0.03187
                                                   0.00000  0.01466
                                                  -0.01392  0.00000  0.01721

         411      404    405      0   Z-then-X    -0.77613
                                                   0.13027  0.00000 -0.18830
                                                  -0.53109
                                                   0.00000  0.25725
                                                   0.21601  0.00000  0.27384

         412      403    401      0   Z-then-X     0.11911
                                                   0.01244  0.00000 -0.25689
                                                   0.04573
                                                   0.00000  0.01640
                                                  -0.00301  0.00000 -0.06213

         413      406    403      0   Z-then-X    -0.66614
                                                  -0.21394  0.00000 -0.03273
                                                  -0.49754
                                                   0.00000  0.12402
                                                  -0.24547  0.00000  0.37352

         414      406    413      0   Z-then-X    -0.02624
                                                   0.07068  0.00000 -0.22870
                                                   0.12255
                                                   0.00000  0.03666
                                                   0.03118  0.00000 -0.15921

         415      405    404      0   Z-then-X     0.13248
                                                   0.00045  0.00000 -0.38308
                                                   0.28470
                                                   0.00000  0.12111
                                                   0.01221  0.00000 -0.40581

         416      408    407      0   Z-then-X    -0.56179
                                                   0.01684  0.00000 -0.29231
                                                   0.37390
                                                   0.00000  0.24558
                                                   0.00671  0.00000 -0.61948

 Additional Atomic Dipole Polarizability Parameters :

     Atom Type           Alpha       Thole     Group Atom Types

         403             1.073       0.390         412  401  406
         412             0.496       0.390         403
         401             1.334       0.390         403  410  404  402
         410             0.496       0.390         401
         404             1.334       0.390         401  411  405
         411             0.837       0.390         404
         402             1.334       0.390         401  407  409
         407             3.300       0.390         402  408
         408             1.334       0.390         407  416
         416             1.073       0.390         408
         409             0.496       0.390         402
         406             1.334       0.390         403  413  414
         413             0.837       0.390         406
         405             1.073       0.390         404  415
         414             0.494       0.390         406
         415             0.496       0.390         405

 Limited Memory BFGS Quasi-Newton Optimization :

 QN Iter     F Value      G RMS      F Move   X Move   Angle  FG Call  Comment

     0      -31.0421     9.8464                                   1
     1      -31.2676    14.3508      0.2255   0.0026    0.00      3    Success 
     2      -31.4612     7.6253      0.1936   0.0021   55.49      4    Success 
     3      -31.5720     6.4462      0.1108   0.0017   51.62      5    Success 
     4      -31.7254     6.6925      0.1534   0.0031   51.84      6    Success 
     5      -31.8893    10.2956      0.1639   0.0051   59.89      7    Success 
     6      -32.0760     7.2820      0.1867   0.0040   70.98      8    Success 
     7      -32.3221     6.5163      0.2461   0.0069   65.60      9    Success 
     8      -32.4116    14.2910      0.0894   0.0072   67.51     10    Success 
     9      -32.5420     6.7885      0.1304   0.0011   49.06     11    Success 
    10      -32.6295     5.5102      0.0875   0.0022   60.61     12    Success 
    11      -32.6983     5.3224      0.0688   0.0021   64.03     13    Success 
    12      -32.8052     4.8949      0.1069   0.0043   70.46     14    Success 
    13      -32.9164     8.1734      0.1112   0.0064   67.53     15    Success 
    14      -33.0356     3.5081      0.1192   0.0074   78.77     16    Success 
    15      -33.0910     2.8170      0.0554   0.0020   56.07     17    Success 
    16      -33.1660     3.3318      0.0750   0.0038   55.16     18    Success 
    17      -33.2173     5.2917      0.0513   0.0054   69.11     19    Success 
    18      -33.2716     2.7739      0.0543   0.0027   73.38     20    Success 
    19      -33.3196     2.0374      0.0480   0.0036   66.04     21    Success 
    20      -33.3458     1.9108      0.0263   0.0026   67.41     22    Success 
    21      -33.3763     2.4608      0.0305   0.0036   65.40     23    Success 
    22      -33.3926     2.0654      0.0163   0.0034   71.35     24    Success 
    23      -33.4033     1.2439      0.0107   0.0009   59.64     25    Success 
    24      -33.4070     2.6130      0.0037   0.0009   56.94     26    Success 
    25      -33.4118     1.1569      0.0049   0.0005   73.58     27    Success 
    26      -33.4162     1.0717      0.0044   0.0009   71.32     28    Success 
    27      -33.4217     1.4756      0.0055   0.0014   73.50     29    Success 
    28      -33.4284     1.3448      0.0067   0.0015   77.22     30    Success 
    29      -33.4363     1.6773      0.0079   0.0019   72.91     31    Success 
    30      -33.4388     1.9926      0.0025   0.0023   77.68     32    Success 
    31      -33.4425     0.8658      0.0036   0.0006   76.15     33    Success 
    32      -33.4442     0.5289      0.0018   0.0006   71.46     34    Success 
    33      -33.4454     0.5897      0.0012   0.0003   56.20     35    Success 
    34      -33.4473     0.5836      0.0019   0.0005   65.19     36    Success 
    35      -33.4492     1.1441      0.0018   0.0011   71.20     37    Success 
    36      -33.4516     0.5755      0.0024   0.0010   79.67     38    Success 
    37      -33.4530     0.4288      0.0014   0.0007   74.60     39    Success 
    38      -33.4548     0.6272      0.0018   0.0010   70.35     40    Success 
    39      -33.4562     1.0290      0.0014   0.0011   74.48     41    Success 
    40      -33.4580     0.6259      0.0018   0.0004   73.58     42    Success 
    41      -33.4602     0.5794      0.0023   0.0008   67.97     43    Success 
    42      -33.4618     0.6794      0.0016   0.0007   74.94     44    Success 
    43      -33.4643     0.6960      0.0025   0.0013   78.08     45    Success 
    44      -33.4659     1.2584      0.0015   0.0020   78.44     46    Success 
    45      -33.4681     0.6377      0.0022   0.0008   80.14     47    Success 
    46      -33.4697     0.4441      0.0016   0.0008   75.12     48    Success 
    47      -33.4708     0.9470      0.0010   0.0008   74.14     49    Success 
    48      -33.4722     0.6682      0.0014   0.0008   81.49     50    Success 
    49      -33.4737     0.4169      0.0015   0.0009   77.95     51    Success 
    50      -33.4748     0.4587      0.0011   0.0008   73.11     52    Success 
    51      -33.4755     0.3925      0.0007   0.0007   75.57     53    Success 
    52      -33.4761     0.3504      0.0006   0.0003   70.82     54    Success 
    53      -33.4769     0.3137      0.0008   0.0005   68.70     55    Success 
    54      -33.4774     0.7249      0.0005   0.0011   75.04     56    Success 
    55      -33.4779     0.2656      0.0005   0.0002   67.98     57    Success 
    56      -33.4782     0.2389      0.0002   0.0001   57.84     58    Success 
    57      -33.4784     0.2634      0.0002   0.0002   69.72     59    Success 
    58      -33.4787     0.2344      0.0003   0.0003   75.35     60    Success 
    59      -33.4788     0.6630      0.0000   0.0004   71.03     61    Success 
    60      -33.4789     0.5807      0.0001   0.0000   65.92     62    Success 
    61      -33.4790     0.4351      0.0002   0.0000   67.68     63    Success 
    62      -33.4792     0.1905      0.0002   0.0001   68.91     64    Success 
    63      -33.4794     0.2141      0.0001   0.0002   64.48     65    Success 
    64      -33.4795     0.2786      0.0001   0.0001   76.55     66    Success 
    65      -33.4797     0.3040      0.0002   0.0002   79.47     67    Success 
    66      -33.4800     0.3096      0.0003   0.0004   79.70     68    Success 
    67      -33.4802     0.5343      0.0002   0.0007   81.30     69    Success 
    68      -33.4805     0.3112      0.0003   0.0003   81.57     70    Success 
    69      -33.4807     0.1057      0.0002   0.0003   77.44     71    Success 
    70      -33.4808     0.1282      0.0001   0.0001   65.20     72    Success 
    71      -33.4809     0.2113      0.0001   0.0002   67.48     73    Success 
    72      -33.4810     0.2814      0.0001   0.0003   77.25     74    Success 
    73      -33.4810     0.1518      0.0001   0.0001   72.44     75    Success 
    74      -33.4811     0.1563      0.0001   0.0001   68.21     76    Success 
    75      -33.4812     0.1866      0.0001   0.0001   78.71     77    Success 
    76      -33.4813     0.1903      0.0001   0.0002   80.21     78    Success 
    77      -33.4814     0.1558      0.0001   0.0003   78.97     79    Success 
    78      -33.4814     0.1374      0.0000   0.0002   79.84     81    Success 
    79      -33.4815     0.0508      0.0000   0.0001   75.98     82    Success 
    80      -33.4815     0.0429      0.0000   0.0000   71.71     83    Success 
    81      -33.4815     0.0574      0.0000   0.0000   69.89     84    Success 
    82      -33.4815     0.0666      0.0000   0.0000   66.23     85    Success 
    83      -33.4815     0.0605      0.0000   0.0001   73.40     86    Success 
    84      -33.4815     0.0622      0.0000   0.0001   78.35     88    Success 
    85      -33.4815     0.0332      0.0000   0.0001   79.09     89    Success 
    86      -33.4815     0.0219      0.0000   0.0001   78.49     90    Success 
    87      -33.4815     0.0208      0.0000   0.0000   68.50     91    Success 
    88      -33.4815     0.0323      0.0000   0.0000   66.01     92    Success 
    89      -33.4815     0.0226      0.0000   0.0000   73.44     93    Success 
    90      -33.4815     0.0234      0.0000   0.0000   71.25     94    Success 
    91      -33.4815     0.0205      0.0000   0.0000   73.26     95    Success 
    92      -33.4815     0.0174      0.0000   0.0000   72.95     96    Success 
    93      -33.4815     0.0178      0.0000   0.0000   72.07     97    Success 
    94      -33.4815     0.0454      0.0000   0.0001   78.60     98    Success 
    95      -33.4815     0.0273      0.0000   0.0000   74.80     99    Success 
    96      -33.4815     0.0093      0.0000   0.0000   70.47    100    Success 
    97      -33.4815     0.0106      0.0000   0.0000   60.36    101    Success 
    98      -33.4815     0.0118      0.0000   0.0000   68.25    102    Success 
    99      -33.4815     0.0122      0.0000   0.0000   71.49    103    Success 
   100      -33.4815     0.0184      0.0000   0.0000   77.92    104    Success 
   101      -33.4815     0.0163      0.0000   0.0000   79.19    105    Success 
   102      -33.4815     0.0103      0.0000   0.0000   68.92    106    Success 
   103      -33.4815     0.0050      0.0000   0.0000   75.71    107    Success 
   104      -33.4815     0.0042      0.0000   0.0000   55.13    108    Success 
   105      -33.4815     0.0048      0.0000   0.0000   60.94    109    Success 
   106      -33.4815     0.0048      0.0000   0.0000   67.41    110    Success 
   107      -33.4815     0.0097      0.0000   0.0000   71.12    111    Success 
   108      -33.4815     0.0052      0.0000   0.0000   62.97    112    Success 
   109      -33.4815     0.0025      0.0000   0.0000   54.82    113    Success 
   110      -33.4815     0.0032      0.0000   0.0000   62.15    114    Success 
   111      -33.4815     0.0029      0.0000   0.0000   69.26    115    Success 
   112      -33.4815     0.0036      0.0000   0.0000   70.54    116    Success 
   113      -33.4815     0.0024      0.0000   0.0000   71.80    117    Success 
   114      -33.4815     0.0028      0.0000   0.0000   65.81    118    Success 
   115      -33.4815     0.0027      0.0000   0.0000   72.67    119    Success 
   116      -33.4815     0.0036      0.0000   0.0000   72.19    121    Success 
   117      -33.4815     0.0021      0.0000   0.0000   77.35    122    Success 
   118      -33.4815     0.0022      0.0000   0.0000   70.96    123    Success 
   119      -33.4815     0.0029      0.0000   0.0000   74.88    124    Success 
   120      -33.4815     0.0040      0.0000   0.0000   77.55    125    Success 
   121      -33.4815     0.0025      0.0000   0.0000   78.25    126    Success 
   122      -33.4815     0.0013      0.0000   0.0000   73.17    127    Success 
   123      -33.4815     0.0017      0.0000   0.0000   69.77    128    Success 
   124      -33.4815     0.0018      0.0000   0.0000   73.70    129    Success 
   125      -33.4815     0.0050      0.0000   0.0000   75.08    130    Success 
   126      -33.4815     0.0037      0.0000   0.0000   77.46    131    Success 
   127      -33.4815     0.0012      0.0000   0.0000   74.96    132    Success 
   128      -33.4815     0.0009      0.0000   0.0000   69.11    133   SmallGrad

 LBFGS  --  Normal Termination due to SmallGrad

 Final Function Value :          -33.4815
 Final RMS Gradient :              0.0009
 Final Gradient Norm :             0.0036
