
     ######################################################################
   ##########################################################################
  ###                                                                      ###
 ###            Tinker  ---  Software Tools for Molecular Design            ###
 ##                                                                          ##
 ##                          Version 8.7  June 2019                          ##
 ##                                                                          ##
 ##               Copyright (c)  Jay William Ponder  1990-2019               ##
 ###                           All Rights Reserved                          ###
  ###                                                                      ###
   ##########################################################################
     ######################################################################


 Additional Atom Definition Parameters :

     Type  Class  Symbol  Description               Atomic    Mass   Valence

     403    403     N     ModifiedRes                  7     14.007     3
     412    412     H     ModifiedRes                  1      1.008     1
     401    401     C     ModifiedRes                  6     12.011     4
     410    410     H     ModifiedRes                  1      1.008     1
     404    404     C     ModifiedRes                  6     12.011     3
     411    411     O     ModifiedRes                  8     15.999     1
     402    402     C     ModifiedRes                  6     12.011     4
     407    407     S     ModifiedRes                 16     32.066     2
     408    408     C     ModifiedRes                  6     12.011     2
     416    416     N     ModifiedRes                  7     14.007     1
     409    409     H     ModifiedRes                  1      1.008     1
     406    406     C     ModifiedRes                  6     12.011     3
     413    413     O     ModifiedRes                  8     15.999     1
     405    405     N     ModifiedRes                  7     14.007     3
     414    414     H     ModifiedRes                  1      1.008     1
     415    415     H     ModifiedRes                  1      1.008     1

 Additional Bond Stretching Parameters :

     Atom Classes             K(S)         Length

       401 403             374.800         1.4589
       403 406             482.000         1.3610
       403 412             542.000         1.0150
       401 410             341.000         1.0957
       401 404             345.300         1.5388
       401 402             345.300         1.5181
       404 405             482.000         1.3572
       404 411             705.000         1.2314
       402 409             395.500         1.0914
       402 407             235.800         1.8318
       407 408             235.800         1.6971
       408 416             450.000         1.1861
       406 413             705.000         1.2330
       406 414             356.400         1.1017
       405 415             542.000         1.0125

 Additional Angle Bending Parameters :

     Atom Classes             K(B)          Angle

     403 406 413            60.000        124.094
     401 403 412            35.000        118.942
     406 403 412            35.000        118.838
     401 404 405            70.000        113.359
     401 404 411            80.000        121.700
     401 402 407            53.200        108.210
     401 403 406            50.000        121.364
     404 401 410            38.000        109.343
     402 401 410            38.000        110.332
     403 401 410            50.600        106.311
     402 401 404            60.000        109.451
     403 401 404            80.000        110.698
     402 401 403            80.000        110.661
     402 407 408            60.430         97.779
     407 408 416            60.000        178.379
     409 402 409            39.570        108.414
     401 402 409            42.440        109.507
     407 402 409            60.240        109.536
     405 404 411            60.000        124.942
     413 406 414            68.340        122.634
     403 406 414            31.650        113.263
     415 405 415            22.300        119.362
     404 405 415            35.000        117.511

 Additional Stretch-Bend Parameters :

     Atom Classes          K(SB)-1        K(SB)-2

     401 403 412             4.300          7.200
     406 403 412             4.300          7.200
     401 404 405            18.700         18.700
     401 402 407            18.700         18.700
     401 403 406             7.200          7.200
     404 401 410            11.500         18.700
     402 401 410            11.500         18.700
     403 401 410            11.500         11.500
     402 401 404            18.700         18.700
     403 401 404            18.700         18.700
     402 401 403            18.700         18.700
     402 407 408            -5.750         -5.750
     401 402 409            11.500         11.500
     407 402 409            11.500         11.500
     403 406 414            11.500         11.500
     404 405 415             4.300          7.200
     415 405 415             4.300          7.200
     401 404 411            18.700         18.700
     413 406 414            11.500         11.500

 Additional Out-of-Plane Bend Parameters :

     Atom Classes                   K(OPB)

     401 403   0   0                14.400
     401 404   0   0                14.400
     403 406   0   0               107.910
     404 405   0   0                71.940
     405 404   0   0               107.910
     406 403   0   0                71.940
     411 404   0   0               122.298
     412 403   0   0                 5.755
     413 406   0   0               122.298
     414 406   0   0               140.283
     415 405   0   0                 5.755

 Additional Torsional Parameters :

     Atom Classes     1-Fold    2-Fold    3-Fold    4-Fold    5-Fold    6-Fold

   403 401 404 405   0.00   0  0.00 180  0.00   0  0.00   0  0.00   0  0.00   0
   403 401 404 411   0.00   0  0.00 180  0.00   0  0.00   0  0.00   0  0.00   0
   403 401 402 409   0.00   0  0.00 180  0.00   0  0.00   0  0.00   0  0.00   0
   403 401 402 407   0.00   0  0.00 180  0.00   0  0.00   0  0.00   0  0.00   0
   410 401 403 412   0.00   0  0.00 180  0.00   0  0.00   0  0.00   0  0.00   0
   404 401 403 412   0.00   0  0.00 180  0.00   0  0.00   0  0.00   0  0.00   0
   402 401 403 412   0.00   0  0.00 180  0.00   0  0.00   0  0.00   0  0.00   0
   412 403 406 413   0.00   0  0.00 180  0.00   0  0.00   0  0.00   0  0.00   0
   412 403 406 414   0.00   0  0.00 180  0.00   0  0.00   0  0.00   0  0.00   0
   401 404 405 415   0.00   0  1.20 180  0.80   0  0.00   0  0.00   0  0.00   0
   401 402 407 408   0.00   0  0.00 180  0.00   0  0.00   0  0.00   0  0.00   0
   401 403 406 413   0.00   0  0.00 180  0.00   0  0.00   0  0.00   0  0.00   0
   401 403 406 414   0.00   0  0.00 180  0.00   0  0.00   0  0.00   0  0.00   0
   410 401 404 405   0.00   0  0.00 180  0.00   0  0.00   0  0.00   0  0.00   0
   410 401 404 411   0.00   0  0.00 180  0.00   0  0.00   0  0.00   0  0.00   0
   410 401 402 409   0.00   0  0.00 180  0.00   0  0.00   0  0.00   0  0.00   0
   410 401 402 407   0.00   0  0.00 180  0.00   0  0.00   0  0.00   0  0.00   0
   410 401 403 406   0.00   0  0.00 180  0.00   0  0.00   0  0.00   0  0.00   0
   404 401 402 409   0.00   0  0.00 180  0.00   0  0.00   0  0.00   0  0.00   0
   404 401 402 407   0.00   0  0.00 180  0.00   0  0.00   0  0.00   0  0.00   0
   404 401 403 406   0.00   0  0.00 180  0.00   0  0.00   0  0.00   0  0.00   0
   411 404 405 415   0.00   0  0.00 180  0.00   0  0.00   0  0.00   0  0.00   0
   402 401 404 411   0.00   0  0.00 180  0.00   0  0.00   0  0.00   0  0.00   0
   402 401 404 405   0.00   0  0.00 180  0.00   0  0.00   0  0.00   0  0.00   0
   402 401 403 406   0.00   0  0.00 180  0.00   0  0.00   0  0.00   0  0.00   0
   402 407 408 416   0.00   0  0.00 180  0.50   0  0.00   0  0.00   0  0.00   0
   409 402 407 408   0.00   0  0.00 180  0.00   0  0.00   0  0.00   0  0.00   0

 Additional Pi-Orbital Torsion Parameters :

     Atom Classes       2-Fold

       404 405           6.850
       403 406           6.850

 Additional van der Waals Parameters :

     Atom Class               Size        Epsilon        Reduction

         403                3.7100         0.1100          0.000
         412                2.5900         0.0220          0.900
         401                3.6500         0.1010          0.000
         410                2.8800         0.0240          0.910
         404                3.8200         0.1060          0.000
         411                3.3000         0.1120          0.000
         402                3.7800         0.1060          0.000
         407                4.0050         0.3550          0.000
         408                3.7800         0.1060          0.000
         416                3.7100         0.1050          0.000
         409                2.8700         0.0330          0.900
         406                3.8200         0.1060          0.000
         413                3.3000         0.1120          0.000
         405                3.7100         0.1100          0.000
         414                2.9200         0.0300          0.920
         415                2.5900         0.0220          0.900

 Additional Atomic Multipole Parameters :

     Atom Type     Coordinate Frame Definition         Multipole Moments

         401      403    404      0   Z-then-X    -0.27040
                                                  -0.22190  0.00000  0.26102
                                                  -0.17903
                                                   0.00000 -0.24517
                                                   0.13675  0.00000  0.42420

         402      407    401      0   Z-then-X    -0.16380
                                                   0.27778  0.00000 -0.20334
                                                   0.30211
                                                   0.00000 -0.49081
                                                  -0.33263  0.00000  0.18870

         403      406    401      0   Z-then-X    -0.06286
                                                   0.37348  0.00000 -0.12295
                                                   0.79149
                                                   0.00000 -1.08676
                                                  -0.63736  0.00000  0.29527

         404      411    405      0   Z-then-X     0.97419
                                                  -0.10999  0.00000  0.25580
                                                   0.38321
                                                   0.00000 -0.33696
                                                  -0.17133  0.00000 -0.04625

         405      404    415      0   Z-then-X    -0.32376
                                                   0.05823  0.00000 -0.07138
                                                   0.32176
                                                   0.00000 -0.38869
                                                  -0.03945  0.00000  0.06693

         406      413    403      0   Z-then-X     0.63075
                                                   0.40149  0.00000  0.25741
                                                  -0.01797
                                                   0.00000  0.01503
                                                   0.00873  0.00000  0.00294

         407      408    402      0   Z-then-X     0.34019
                                                   0.47821  0.00000  0.49978
                                                   1.11919
                                                   0.00000 -2.31639
                                                  -0.50667  0.00000  1.19720

         408      407    416      0   Z-then-X     0.21608
                                                   0.00820  0.00000 -0.28509
                                                   0.05369
                                                   0.00000  0.10740
                                                   0.05156  0.00000 -0.16109

         409      402    407      0   Z-then-X     0.09933
                                                   0.00064  0.00000 -0.16410
                                                   0.07960
                                                   0.00000  0.07569
                                                  -0.01944  0.00000 -0.15529

         410      401    403      0   Z-then-X     0.10718
                                                  -0.02083  0.00000 -0.03604
                                                  -0.03187
                                                   0.00000  0.01466
                                                  -0.01392  0.00000  0.01721

         411      404    405      0   Z-then-X    -0.77613
                                                   0.13027  0.00000 -0.18830
                                                  -0.53109
                                                   0.00000  0.25725
                                                   0.21601  0.00000  0.27384

         412      403    401      0   Z-then-X     0.11911
                                                   0.01244  0.00000 -0.25689
                                                   0.04573
                                                   0.00000  0.01640
                                                  -0.00301  0.00000 -0.06213

         413      406    403      0   Z-then-X    -0.66614
                                                  -0.21394  0.00000 -0.03273
                                                  -0.49754
                                                   0.00000  0.12402
                                                  -0.24547  0.00000  0.37352

         414      406    413      0   Z-then-X    -0.02624
                                                   0.07068  0.00000 -0.22870
                                                   0.12255
                                                   0.00000  0.03666
                                                   0.03118  0.00000 -0.15921

         415      405    404      0   Z-then-X     0.13248
                                                   0.00045  0.00000 -0.38308
                                                   0.28470
                                                   0.00000  0.12111
                                                   0.01221  0.00000 -0.40581

         416      408    407      0   Z-then-X    -0.56179
                                                   0.01684  0.00000 -0.29231
                                                   0.37390
                                                   0.00000  0.24558
                                                   0.00671  0.00000 -0.61948

 Additional Atomic Dipole Polarizability Parameters :

     Atom Type           Alpha       Thole     Group Atom Types

         403             1.073       0.390         412  401  406
         412             0.496       0.390         403
         401             1.334       0.390         403  410  404  402
         410             0.496       0.390         401
         404             1.334       0.390         401  411  405
         411             0.837       0.390         404
         402             1.334       0.390         401  407  409
         407             3.300       0.390         402  408
         408             1.334       0.390         407  416
         416             1.073       0.390         408
         409             0.496       0.390         402
         406             1.334       0.390         403  413  414
         413             0.837       0.390         406
         405             1.073       0.390         404  415
         414             0.494       0.390         406
         415             0.496       0.390         405

 Limited Memory BFGS Quasi-Newton Optimization :

 QN Iter     F Value      G RMS      F Move   X Move   Angle  FG Call  Comment

     0      -14.4842     9.4226                                   1
     1      -14.5962    10.5499      0.1120   0.0013    0.00      3    Success 
     2      -14.6801     5.8899      0.0839   0.0010   48.51      4    Success 
     3      -14.7412     5.3333      0.0611   0.0011   45.20      5    Success 
     4      -14.8267     5.0277      0.0854   0.0020   49.89      6    Success 
     5      -14.9056     5.1445      0.0789   0.0026   57.81      7    Success 
     6      -14.9648     4.6689      0.0592   0.0031   64.17      8    Success 
     7      -15.0119     3.5562      0.0471   0.0013   56.31      9    Success 
     8      -15.0775     4.2604      0.0656   0.0026   55.82     10    Success 
     9      -15.1465     4.9161      0.0690   0.0038   70.41     11    Success 
    10      -15.2309     4.7456      0.0844   0.0059   74.64     12    Success 
    11      -15.3182     3.5571      0.0874   0.0052   74.65     13    Success 
    12      -15.4102     3.6170      0.0920   0.0062   69.64     14    Success 
    13      -15.4387     7.4178      0.0285   0.0061   71.50     15    Success 
    14      -15.4815     3.7859      0.0428   0.0005   35.62     16    Success 
    15      -15.5117     1.7583      0.0301   0.0010   44.47     17    Success 
    16      -15.5253     1.8619      0.0136   0.0011   59.42     18    Success 
    17      -15.5446     1.4110      0.0193   0.0022   67.84     19    Success 
    18      -15.5550     2.5660      0.0105   0.0025   64.83     20    Success 
    19      -15.5657     0.9410      0.0106   0.0014   73.10     21    Success 
    20      -15.5695     0.7269      0.0039   0.0004   44.49     22    Success 
    21      -15.5743     0.8313      0.0048   0.0009   50.75     23    Success 
    22      -15.5768     1.4559      0.0025   0.0012   65.61     24    Success 
    23      -15.5798     0.7900      0.0030   0.0003   54.93     25    Success 
    24      -15.5836     0.8164      0.0038   0.0008   60.23     26    Success 
    25      -15.5849     2.2572      0.0013   0.0011   72.16     27    Success 
    26      -15.5870     1.2712      0.0021   0.0002   73.37     28    Success 
    27      -15.5895     0.8328      0.0025   0.0006   73.47     29    Success 
    28      -15.5911     1.0355      0.0016   0.0005   75.12     30    Success 
    29      -15.5936     0.9855      0.0025   0.0008   77.13     31    Success 
    30      -15.5972     0.8599      0.0036   0.0012   75.91     32    Success 
    31      -15.5983     1.0968      0.0011   0.0006   77.28     34    Success 
    32      -15.5998     0.5937      0.0015   0.0006   80.30     35    Success 
    33      -15.6010     0.5620      0.0012   0.0005   73.42     36    Success 
    34      -15.6027     0.8711      0.0017   0.0008   73.77     37    Success 
    35      -15.6049     1.1795      0.0021   0.0011   79.76     38    Success 
    36      -15.6062     1.3607      0.0013   0.0017   83.10     39    Success 
    37      -15.6081     0.6093      0.0019   0.0002   56.52     40    Success 
    38      -15.6094     0.5707      0.0013   0.0003   53.56     41    Success 
    39      -15.6106     0.7120      0.0011   0.0005   72.47     42    Success 
    40      -15.6122     0.5682      0.0016   0.0010   79.49     43    Success 
    41      -15.6125     0.9995      0.0004   0.0011   78.47     44    Success 
    42      -15.6131     0.6594      0.0006   0.0001   66.72     45    Success 
    43      -15.6137     0.2188      0.0006   0.0002   53.49     46    Success 
    44      -15.6139     0.2419      0.0002   0.0001   61.85     47    Success 
    45      -15.6142     0.2433      0.0003   0.0002   65.64     48    Success 
    46      -15.6146     0.2977      0.0004   0.0003   65.49     49    Success 
    47      -15.6150     0.5971      0.0004   0.0006   73.59     50    Success 
    48      -15.6154     0.2640      0.0004   0.0005   81.53     51    Success 
    49      -15.6155     0.1787      0.0001   0.0001   64.03     52    Success 
    50      -15.6157     0.1931      0.0002   0.0001   52.12     53    Success 
    51      -15.6159     0.2107      0.0002   0.0002   67.47     54    Success 
    52      -15.6162     0.2550      0.0003   0.0003   71.14     55    Success 
    53      -15.6166     0.3601      0.0004   0.0006   76.45     56    Success 
    54      -15.6169     0.3220      0.0003   0.0006   81.11     57    Success 
    55      -15.6171     0.2025      0.0002   0.0001   71.25     58    Success 
    56      -15.6173     0.2058      0.0002   0.0002   63.75     59    Success 
    57      -15.6176     0.2325      0.0002   0.0003   74.67     60    Success 
    58      -15.6179     0.3572      0.0003   0.0005   76.93     61    Success 
    59      -15.6181     0.2112      0.0003   0.0005   82.16     62    Success 
    60      -15.6183     0.2173      0.0002   0.0002   75.95     63    Success 
    61      -15.6186     0.2475      0.0003   0.0003   74.68     64    Success 
    62      -15.6189     0.2313      0.0003   0.0006   77.88     65    Success 
    63      -15.6190     0.1502      0.0002   0.0003   77.15     66    Success 
    64      -15.6191     0.1221      0.0001   0.0002   71.02     67    Success 
    65      -15.6192     0.1411      0.0001   0.0002   67.04     68    Success 
    66      -15.6193     0.1411      0.0001   0.0002   71.96     69    Success 
    67      -15.6193     0.0819      0.0000   0.0000   51.62     70    Success 
    68      -15.6194     0.0717      0.0000   0.0001   56.19     71    Success 
    69      -15.6194     0.2977      0.0000   0.0001   66.22     72    Success 
    70      -15.6194     0.1592      0.0000   0.0000   65.38     74    Success 
    71      -15.6194     0.0748      0.0000   0.0000   73.15     75    Success 
    72      -15.6195     0.0992      0.0000   0.0000   72.88     76    Success 
    73      -15.6195     0.1069      0.0000   0.0001   77.57     77    Success 
    74      -15.6195     0.1116      0.0000   0.0001   76.73     78    Success 
    75      -15.6195     0.2250      0.0000   0.0001   75.66     79    Success 
    76      -15.6196     0.1310      0.0000   0.0001   78.90     80    Success 
    77      -15.6196     0.0471      0.0000   0.0001   73.70     81    Success 
    78      -15.6196     0.0510      0.0000   0.0000   59.06     82    Success 
    79      -15.6196     0.0554      0.0000   0.0000   62.47     83    Success 
    80      -15.6196     0.0986      0.0000   0.0001   68.75     84    Success 
    81      -15.6196     0.0679      0.0000   0.0001   79.45     85    Success 
    82      -15.6197     0.0908      0.0000   0.0001   77.89     86    Success 
    83      -15.6197     0.0446      0.0000   0.0001   77.60     87    Success 
    84      -15.6197     0.0435      0.0000   0.0000   62.30     88    Success 
    85      -15.6197     0.0551      0.0000   0.0001   71.54     89    Success 
    86      -15.6197     0.0955      0.0000   0.0001   74.90     90    Success 
    87      -15.6197     0.0529      0.0000   0.0001   81.17     91    Success 
    88      -15.6197     0.0402      0.0000   0.0001   77.49     92    Success 
    89      -15.6197     0.0389      0.0000   0.0001   77.36     93    Success 
    90      -15.6197     0.0410      0.0000   0.0001   76.84     94    Success 
    91      -15.6197     0.0842      0.0000   0.0002   78.29     95    Success 
    92      -15.6198     0.0559      0.0000   0.0000   66.55     96    Success 
    93      -15.6198     0.0361      0.0000   0.0000   69.13     97    Success 
    94      -15.6198     0.0819      0.0000   0.0000   63.12     98    Success 
    95      -15.6198     0.0612      0.0000   0.0000   51.20     99    Success 
    96      -15.6198     0.0328      0.0000   0.0000   73.60    100    Success 
    97      -15.6198     0.0280      0.0000   0.0000   73.82    101    Success 
    98      -15.6198     0.0472      0.0000   0.0000   79.23    102    Success 
    99      -15.6198     0.0482      0.0000   0.0000   83.98    103    Success 
   100      -15.6198     0.0624      0.0000   0.0000   81.53    104    Success 
   101      -15.6198     0.0461      0.0000   0.0001   82.63    105    Success 
   102      -15.6198     0.0389      0.0000   0.0000   80.08    106    Success 
   103      -15.6198     0.0168      0.0000   0.0000   75.84    107    Success 
   104      -15.6198     0.0175      0.0000   0.0000   72.35    108    Success 
   105      -15.6198     0.0188      0.0000   0.0000   61.23    109    Success 
   106      -15.6198     0.0178      0.0000   0.0000   71.00    110    Success 
   107      -15.6198     0.0400      0.0000   0.0001   76.93    111    Success 
   108      -15.6198     0.0238      0.0000   0.0000   75.42    112    Success 
   109      -15.6198     0.0121      0.0000   0.0000   74.20    113    Success 
   110      -15.6198     0.0149      0.0000   0.0000   72.07    114    Success 
   111      -15.6198     0.0188      0.0000   0.0000   73.74    115    Success 
   112      -15.6198     0.0089      0.0000   0.0000   76.85    116    Success 
   113      -15.6198     0.0075      0.0000   0.0000   60.04    117    Success 
   114      -15.6198     0.0098      0.0000   0.0000   52.09    118    Success 
   115      -15.6198     0.0143      0.0000   0.0000   70.59    119    Success 
   116      -15.6198     0.0078      0.0000   0.0000   80.84    120    Success 
   117      -15.6198     0.0072      0.0000   0.0000   76.18    121    Success 
   118      -15.6198     0.0066      0.0000   0.0000   75.04    122    Success 
   119      -15.6198     0.0144      0.0000   0.0000   76.80    123    Success 
   120      -15.6198     0.0060      0.0000   0.0000   81.98    124    Success 
   121      -15.6198     0.0034      0.0000   0.0000   80.31    125    Success 
   122      -15.6198     0.0043      0.0000   0.0000   74.98    126    Success 
   123      -15.6198     0.0046      0.0000   0.0000   68.43    127    Success 
   124      -15.6198     0.0056      0.0000   0.0000   76.36    128    Success 
   125      -15.6198     0.0049      0.0000   0.0000   78.44    129    Success 
   126      -15.6198     0.0026      0.0000   0.0000   81.49    130    Success 
   127      -15.6198     0.0028      0.0000   0.0000   75.76    131    Success 
   128      -15.6198     0.0031      0.0000   0.0000   74.36    132    Success 
   129      -15.6198     0.0055      0.0000   0.0000   71.52    133    Success 
   130      -15.6198     0.0034      0.0000   0.0000   80.41    134    Success 
   131      -15.6198     0.0023      0.0000   0.0000   75.51    135    Success 
   132      -15.6198     0.0028      0.0000   0.0000   71.62    136    Success 
   133      -15.6198     0.0040      0.0000   0.0000   73.68    137    Success 
   134      -15.6198     0.0029      0.0000   0.0000   77.14    138    Success 
   135      -15.6198     0.0019      0.0000   0.0000   76.68    139    Success 
   136      -15.6198     0.0021      0.0000   0.0000   67.00    140    Success 
   137      -15.6198     0.0020      0.0000   0.0000   75.09    141    Success 
   138      -15.6198     0.0017      0.0000   0.0000   76.83    142    Success 
   139      -15.6198     0.0014      0.0000   0.0000   76.49    143    Success 
   140      -15.6198     0.0011      0.0000   0.0000   77.36    144    Success 
   141      -15.6198     0.0008      0.0000   0.0000   70.42    145   SmallGrad

 LBFGS  --  Normal Termination due to SmallGrad

 Final Function Value :          -15.6198
 Final RMS Gradient :              0.0008
 Final Gradient Norm :             0.0036
