
     ######################################################################
   ##########################################################################
  ###                                                                      ###
 ###            Tinker  ---  Software Tools for Molecular Design            ###
 ##                                                                          ##
 ##                          Version 8.7  June 2019                          ##
 ##                                                                          ##
 ##               Copyright (c)  Jay William Ponder  1990-2019               ##
 ###                           All Rights Reserved                          ###
  ###                                                                      ###
   ##########################################################################
     ######################################################################


 Additional Atom Definition Parameters :

     Type  Class  Symbol  Description               Atomic    Mass   Valence

     403    403     N     ModifiedRes                  7     14.007     3
     412    412     H     ModifiedRes                  1      1.008     1
     401    401     C     ModifiedRes                  6     12.011     4
     410    410     H     ModifiedRes                  1      1.008     1
     404    404     C     ModifiedRes                  6     12.011     3
     411    411     O     ModifiedRes                  8     15.999     1
     402    402     C     ModifiedRes                  6     12.011     4
     407    407     S     ModifiedRes                 16     32.066     2
     408    408     C     ModifiedRes                  6     12.011     2
     416    416     N     ModifiedRes                  7     14.007     1
     409    409     H     ModifiedRes                  1      1.008     1
     406    406     C     ModifiedRes                  6     12.011     3
     413    413     O     ModifiedRes                  8     15.999     1
     405    405     N     ModifiedRes                  7     14.007     3
     414    414     H     ModifiedRes                  1      1.008     1
     415    415     H     ModifiedRes                  1      1.008     1

 Additional Bond Stretching Parameters :

     Atom Classes             K(S)         Length

       401 403             374.800         1.4589
       403 406             482.000         1.3610
       403 412             542.000         1.0150
       401 410             341.000         1.0957
       401 404             345.300         1.5388
       401 402             345.300         1.5181
       404 405             482.000         1.3572
       404 411             705.000         1.2314
       402 409             395.500         1.0914
       402 407             235.800         1.8318
       407 408             235.800         1.6971
       408 416             450.000         1.1861
       406 413             705.000         1.2330
       406 414             356.400         1.1017
       405 415             542.000         1.0125

 Additional Angle Bending Parameters :

     Atom Classes             K(B)          Angle

     403 406 413            60.000        124.094
     401 403 412            35.000        118.942
     406 403 412            35.000        118.838
     401 404 405            70.000        113.359
     401 404 411            80.000        121.700
     401 402 407            53.200        108.210
     401 403 406            50.000        121.364
     404 401 410            38.000        109.343
     402 401 410            38.000        110.332
     403 401 410            50.600        106.311
     402 401 404            60.000        109.451
     403 401 404            80.000        110.698
     402 401 403            80.000        110.661
     402 407 408            60.430         97.779
     407 408 416            60.000        178.379
     409 402 409            39.570        108.414
     401 402 409            42.440        109.507
     407 402 409            60.240        109.536
     405 404 411            60.000        124.942
     413 406 414            68.340        122.634
     403 406 414            31.650        113.263
     415 405 415            22.300        119.362
     404 405 415            35.000        117.511

 Additional Stretch-Bend Parameters :

     Atom Classes          K(SB)-1        K(SB)-2

     401 403 412             4.300          7.200
     406 403 412             4.300          7.200
     401 404 405            18.700         18.700
     401 402 407            18.700         18.700
     401 403 406             7.200          7.200
     404 401 410            11.500         18.700
     402 401 410            11.500         18.700
     403 401 410            11.500         11.500
     402 401 404            18.700         18.700
     403 401 404            18.700         18.700
     402 401 403            18.700         18.700
     402 407 408            -5.750         -5.750
     401 402 409            11.500         11.500
     407 402 409            11.500         11.500
     403 406 414            11.500         11.500
     404 405 415             4.300          7.200
     415 405 415             4.300          7.200
     401 404 411            18.700         18.700
     413 406 414            11.500         11.500

 Additional Out-of-Plane Bend Parameters :

     Atom Classes                   K(OPB)

     401 403   0   0                14.400
     401 404   0   0                14.400
     403 406   0   0               107.910
     404 405   0   0                71.940
     405 404   0   0               107.910
     406 403   0   0                71.940
     411 404   0   0               122.298
     412 403   0   0                 5.755
     413 406   0   0               122.298
     414 406   0   0               140.283
     415 405   0   0                 5.755

 Additional Torsional Parameters :

     Atom Classes     1-Fold    2-Fold    3-Fold    4-Fold    5-Fold    6-Fold

   403 401 404 405   0.00   0  0.00 180  0.00   0  0.00   0  0.00   0  0.00   0
   403 401 404 411   0.00   0  0.00 180  0.00   0  0.00   0  0.00   0  0.00   0
   403 401 402 409   0.00   0  0.00 180  0.00   0  0.00   0  0.00   0  0.00   0
   403 401 402 407   0.00   0  0.00 180  0.00   0  0.00   0  0.00   0  0.00   0
   410 401 403 412   0.00   0  0.00 180  0.00   0  0.00   0  0.00   0  0.00   0
   404 401 403 412   0.00   0  0.00 180  0.00   0  0.00   0  0.00   0  0.00   0
   402 401 403 412   0.00   0  0.00 180  0.00   0  0.00   0  0.00   0  0.00   0
   412 403 406 413   0.00   0  0.00 180  0.00   0  0.00   0  0.00   0  0.00   0
   412 403 406 414   0.00   0  0.00 180  0.00   0  0.00   0  0.00   0  0.00   0
   401 404 405 415   0.00   0  1.20 180  0.80   0  0.00   0  0.00   0  0.00   0
   401 402 407 408   0.00   0  0.00 180  0.00   0  0.00   0  0.00   0  0.00   0
   401 403 406 413   0.00   0  0.00 180  0.00   0  0.00   0  0.00   0  0.00   0
   401 403 406 414   0.00   0  0.00 180  0.00   0  0.00   0  0.00   0  0.00   0
   410 401 404 405   0.00   0  0.00 180  0.00   0  0.00   0  0.00   0  0.00   0
   410 401 404 411   0.00   0  0.00 180  0.00   0  0.00   0  0.00   0  0.00   0
   410 401 402 409   0.00   0  0.00 180  0.00   0  0.00   0  0.00   0  0.00   0
   410 401 402 407   0.00   0  0.00 180  0.00   0  0.00   0  0.00   0  0.00   0
   410 401 403 406   0.00   0  0.00 180  0.00   0  0.00   0  0.00   0  0.00   0
   404 401 402 409   0.00   0  0.00 180  0.00   0  0.00   0  0.00   0  0.00   0
   404 401 402 407   0.00   0  0.00 180  0.00   0  0.00   0  0.00   0  0.00   0
   404 401 403 406   0.00   0  0.00 180  0.00   0  0.00   0  0.00   0  0.00   0
   411 404 405 415   0.00   0  0.00 180  0.00   0  0.00   0  0.00   0  0.00   0
   402 401 404 411   0.00   0  0.00 180  0.00   0  0.00   0  0.00   0  0.00   0
   402 401 404 405   0.00   0  0.00 180  0.00   0  0.00   0  0.00   0  0.00   0
   402 401 403 406   0.00   0  0.00 180  0.00   0  0.00   0  0.00   0  0.00   0
   402 407 408 416   0.00   0  0.00 180  0.50   0  0.00   0  0.00   0  0.00   0
   409 402 407 408   0.00   0  0.00 180  0.00   0  0.00   0  0.00   0  0.00   0

 Additional Pi-Orbital Torsion Parameters :

     Atom Classes       2-Fold

       404 405           6.850
       403 406           6.850

 Additional van der Waals Parameters :

     Atom Class               Size        Epsilon        Reduction

         403                3.7100         0.1100          0.000
         412                2.5900         0.0220          0.900
         401                3.6500         0.1010          0.000
         410                2.8800         0.0240          0.910
         404                3.8200         0.1060          0.000
         411                3.3000         0.1120          0.000
         402                3.7800         0.1060          0.000
         407                4.0050         0.3550          0.000
         408                3.7800         0.1060          0.000
         416                3.7100         0.1050          0.000
         409                2.8700         0.0330          0.900
         406                3.8200         0.1060          0.000
         413                3.3000         0.1120          0.000
         405                3.7100         0.1100          0.000
         414                2.9200         0.0300          0.920
         415                2.5900         0.0220          0.900

 Additional Atomic Multipole Parameters :

     Atom Type     Coordinate Frame Definition         Multipole Moments

         401      403    404      0   Z-then-X    -0.27040
                                                  -0.22190  0.00000  0.26102
                                                  -0.17903
                                                   0.00000 -0.24517
                                                   0.13675  0.00000  0.42420

         402      407    401      0   Z-then-X    -0.16380
                                                   0.27778  0.00000 -0.20334
                                                   0.30211
                                                   0.00000 -0.49081
                                                  -0.33263  0.00000  0.18870

         403      406    401      0   Z-then-X    -0.06286
                                                   0.37348  0.00000 -0.12295
                                                   0.79149
                                                   0.00000 -1.08676
                                                  -0.63736  0.00000  0.29527

         404      411    405      0   Z-then-X     0.97419
                                                  -0.10999  0.00000  0.25580
                                                   0.38321
                                                   0.00000 -0.33696
                                                  -0.17133  0.00000 -0.04625

         405      404    415      0   Z-then-X    -0.32376
                                                   0.05823  0.00000 -0.07138
                                                   0.32176
                                                   0.00000 -0.38869
                                                  -0.03945  0.00000  0.06693

         406      413    403      0   Z-then-X     0.63075
                                                   0.40149  0.00000  0.25741
                                                  -0.01797
                                                   0.00000  0.01503
                                                   0.00873  0.00000  0.00294

         407      408    402      0   Z-then-X     0.34019
                                                   0.47821  0.00000  0.49978
                                                   1.11919
                                                   0.00000 -2.31639
                                                  -0.50667  0.00000  1.19720

         408      407    416      0   Z-then-X     0.21608
                                                   0.00820  0.00000 -0.28509
                                                   0.05369
                                                   0.00000  0.10740
                                                   0.05156  0.00000 -0.16109

         409      402    407      0   Z-then-X     0.09933
                                                   0.00064  0.00000 -0.16410
                                                   0.07960
                                                   0.00000  0.07569
                                                  -0.01944  0.00000 -0.15529

         410      401    403      0   Z-then-X     0.10718
                                                  -0.02083  0.00000 -0.03604
                                                  -0.03187
                                                   0.00000  0.01466
                                                  -0.01392  0.00000  0.01721

         411      404    405      0   Z-then-X    -0.77613
                                                   0.13027  0.00000 -0.18830
                                                  -0.53109
                                                   0.00000  0.25725
                                                   0.21601  0.00000  0.27384

         412      403    401      0   Z-then-X     0.11911
                                                   0.01244  0.00000 -0.25689
                                                   0.04573
                                                   0.00000  0.01640
                                                  -0.00301  0.00000 -0.06213

         413      406    403      0   Z-then-X    -0.66614
                                                  -0.21394  0.00000 -0.03273
                                                  -0.49754
                                                   0.00000  0.12402
                                                  -0.24547  0.00000  0.37352

         414      406    413      0   Z-then-X    -0.02624
                                                   0.07068  0.00000 -0.22870
                                                   0.12255
                                                   0.00000  0.03666
                                                   0.03118  0.00000 -0.15921

         415      405    404      0   Z-then-X     0.13248
                                                   0.00045  0.00000 -0.38308
                                                   0.28470
                                                   0.00000  0.12111
                                                   0.01221  0.00000 -0.40581

         416      408    407      0   Z-then-X    -0.56179
                                                   0.01684  0.00000 -0.29231
                                                   0.37390
                                                   0.00000  0.24558
                                                   0.00671  0.00000 -0.61948

 Additional Atomic Dipole Polarizability Parameters :

     Atom Type           Alpha       Thole     Group Atom Types

         403             1.073       0.390         412  401  406
         412             0.496       0.390         403
         401             1.334       0.390         403  410  404  402
         410             0.496       0.390         401
         404             1.334       0.390         401  411  405
         411             0.837       0.390         404
         402             1.334       0.390         401  407  409
         407             3.300       0.390         402  408
         408             1.334       0.390         407  416
         416             1.073       0.390         408
         409             0.496       0.390         402
         406             1.334       0.390         403  413  414
         413             0.837       0.390         406
         405             1.073       0.390         404  415
         414             0.494       0.390         406
         415             0.496       0.390         405

 Limited Memory BFGS Quasi-Newton Optimization :

 QN Iter     F Value      G RMS      F Move   X Move   Angle  FG Call  Comment

     0      -24.2187     8.6102                                   1
     1      -24.3153     7.9526      0.0967   0.0012    0.00      3    Success 
     2      -24.3672     5.0146      0.0518   0.0009   43.01      4    Success 
     3      -24.4015     4.7943      0.0343   0.0006   45.26      5    Success 
     4      -24.4591     4.1994      0.0577   0.0012   46.93      6    Success 
     5      -24.5215     5.3874      0.0623   0.0024   49.92      7    Success 
     6      -24.5633     2.6850      0.0419   0.0021   65.94      8    Success 
     7      -24.5781     2.0740      0.0148   0.0005   45.78      9    Success 
     8      -24.6019     2.0752      0.0237   0.0011   43.53     10    Success 
     9      -24.6365     2.7411      0.0346   0.0022   55.27     11    Success 
    10      -24.6565     5.9144      0.0200   0.0039   68.76     12    Success 
    11      -24.6886     3.6300      0.0321   0.0012   71.25     13    Success 
    12      -24.7335     2.4066      0.0450   0.0026   67.53     14    Success 
    13      -24.7673     3.0351      0.0338   0.0032   70.70     15    Success 
    14      -24.8200     3.1714      0.0527   0.0048   75.20     16    Success 
    15      -24.8934     3.6788      0.0734   0.0075   75.72     17    Success 
    16      -24.9286     5.6528      0.0352   0.0114   78.79     18    Success 
    17      -24.9764     2.4167      0.0477   0.0011   48.74     19    Success 
    18      -25.0004     1.8149      0.0241   0.0016   59.09     20    Success 
    19      -25.0181     1.9036      0.0177   0.0016   63.31     21    Success 
    20      -25.0409     2.1457      0.0228   0.0035   74.23     22    Success 
    21      -25.0580     2.4520      0.0170   0.0043   78.26     23    Success 
    22      -25.0705     1.2418      0.0126   0.0025   77.15     24    Success 
    23      -25.0752     1.1730      0.0047   0.0006   64.26     25    Success 
    24      -25.0796     1.9799      0.0045   0.0010   63.24     26    Success 
    25      -25.0832     1.0082      0.0036   0.0006   73.92     27    Success 
    26      -25.0848     0.7634      0.0016   0.0005   76.96     28    Success 
    27      -25.0871     0.6379      0.0023   0.0007   71.71     29    Success 
    28      -25.0896     0.7913      0.0024   0.0009   69.93     30    Success 
    29      -25.0919     0.9616      0.0024   0.0009   72.97     31    Success 
    30      -25.0939     0.9356      0.0020   0.0010   74.85     32    Success 
    31      -25.0957     0.5451      0.0018   0.0003   59.65     33    Success 
    32      -25.0975     0.7587      0.0018   0.0004   51.93     34    Success 
    33      -25.0993     0.7658      0.0018   0.0006   73.12     35    Success 
    34      -25.1012     1.1577      0.0019   0.0011   75.72     36    Success 
    35      -25.1036     0.5256      0.0024   0.0012   81.23     37    Success 
    36      -25.1048     0.4352      0.0012   0.0006   73.17     38    Success 
    37      -25.1057     0.4806      0.0009   0.0005   71.34     39    Success 
    38      -25.1069     0.6027      0.0012   0.0006   69.19     40    Success 
    39      -25.1082     0.4023      0.0014   0.0007   75.18     41    Success 
    40      -25.1095     0.4296      0.0012   0.0007   69.20     42    Success 
    41      -25.1112     0.6363      0.0017   0.0010   71.98     43    Success 
    42      -25.1134     0.8175      0.0022   0.0015   78.87     44    Success 
    43      -25.1165     0.6976      0.0031   0.0021   81.55     45    Success 
    44      -25.1193     0.7746      0.0028   0.0027   80.30     46    Success 
    45      -25.1208     0.4733      0.0016   0.0007   73.05     47    Success 
    46      -25.1214     0.6224      0.0005   0.0002   58.13     48    Success 
    47      -25.1219     0.3665      0.0006   0.0002   67.86     49    Success 
    48      -25.1226     0.3913      0.0006   0.0004   71.84     50    Success 
    49      -25.1235     0.4091      0.0010   0.0008   77.28     51    Success 
    50      -25.1246     0.4956      0.0011   0.0013   78.61     52    Success 
    51      -25.1250     0.3028      0.0003   0.0004   78.62     54    Success 
    52      -25.1251     0.1563      0.0002   0.0001   61.30     55    Success 
    53      -25.1252     0.1618      0.0001   0.0001   54.72     56    Success 
    54      -25.1254     0.1965      0.0001   0.0001   61.84     57    Success 
    55      -25.1255     0.1712      0.0001   0.0003   75.47     58    Success 
    56      -25.1256     0.1218      0.0001   0.0002   72.41     59    Success 
    57      -25.1257     0.1233      0.0001   0.0001   66.52     60    Success 
    58      -25.1258     0.1557      0.0001   0.0002   67.41     61    Success 
    59      -25.1259     0.1197      0.0001   0.0001   71.43     62    Success 
    60      -25.1260     0.0993      0.0001   0.0002   69.77     63    Success 
    61      -25.1261     0.1247      0.0001   0.0002   69.40     64    Success 
    62      -25.1261     0.2339      0.0001   0.0003   72.93     65    Success 
    63      -25.1262     0.1004      0.0001   0.0001   62.23     66    Success 
    64      -25.1263     0.0866      0.0001   0.0001   58.35     67    Success 
    65      -25.1263     0.0934      0.0000   0.0001   69.63     68    Success 
    66      -25.1264     0.0918      0.0001   0.0002   72.52     69    Success 
    67      -25.1264     0.2301      0.0000   0.0002   69.95     70    Success 
    68      -25.1264     0.1894      0.0000   0.0000   76.00     71    Success 
    69      -25.1265     0.1285      0.0000   0.0000   72.29     72    Success 
    70      -25.1265     0.1236      0.0000   0.0001   75.36     73    Success 
    71      -25.1265     0.0478      0.0000   0.0000   55.12     74    Success 
    72      -25.1265     0.0440      0.0000   0.0000   64.91     75    Success 
    73      -25.1265     0.0390      0.0000   0.0000   68.23     76    Success 
    74      -25.1265     0.0366      0.0000   0.0001   66.35     77    Success 
    75      -25.1265     0.0722      0.0000   0.0001   69.36     78    Success 
    76      -25.1265     0.0289      0.0000   0.0000   72.29     79    Success 
    77      -25.1265     0.0182      0.0000   0.0000   63.71     80    Success 
    78      -25.1265     0.0165      0.0000   0.0000   55.30     81    Success 
    79      -25.1265     0.0188      0.0000   0.0000   61.57     82    Success 
    80      -25.1265     0.0209      0.0000   0.0000   66.04     83    Success 
    81      -25.1265     0.0230      0.0000   0.0000   71.67     84    Success 
    82      -25.1265     0.0230      0.0000   0.0000   73.58     85    Success 
    83      -25.1265     0.0264      0.0000   0.0000   72.56     86    Success 
    84      -25.1266     0.0275      0.0000   0.0001   75.82     87    Success 
    85      -25.1266     0.0442      0.0000   0.0000   77.39     89    Success 
    86      -25.1266     0.0247      0.0000   0.0000   82.43     90    Success 
    87      -25.1266     0.0150      0.0000   0.0000   77.92     91    Success 
    88      -25.1266     0.0169      0.0000   0.0000   70.25     92    Success 
    89      -25.1266     0.0277      0.0000   0.0000   71.66     93    Success 
    90      -25.1266     0.0178      0.0000   0.0000   76.37     94    Success 
    91      -25.1266     0.0118      0.0000   0.0000   60.96     95    Success 
    92      -25.1266     0.0235      0.0000   0.0000   49.38     96    Success 
    93      -25.1266     0.0351      0.0000   0.0000   78.72     97    Success 
    94      -25.1266     0.0245      0.0000   0.0000   69.09     98    Success 
    95      -25.1266     0.0121      0.0000   0.0000   76.01     99    Success 
    96      -25.1266     0.0136      0.0000   0.0000   74.84    100    Success 
    97      -25.1266     0.0146      0.0000   0.0000   79.54    101    Success 
    98      -25.1266     0.0145      0.0000   0.0000   76.97    102    Success 
    99      -25.1266     0.0233      0.0000   0.0000   76.34    103    Success 
   100      -25.1266     0.0144      0.0000   0.0000   81.94    104    Success 
   101      -25.1266     0.0127      0.0000   0.0000   78.09    105    Success 
   102      -25.1266     0.0119      0.0000   0.0000   74.38    106    Success 
   103      -25.1266     0.0121      0.0000   0.0000   67.81    107    Success 
   104      -25.1266     0.0186      0.0000   0.0000   69.55    108    Success 
   105      -25.1266     0.0073      0.0000   0.0000   67.40    109    Success 
   106      -25.1266     0.0070      0.0000   0.0000   72.65    110    Success 
   107      -25.1266     0.0074      0.0000   0.0000   75.71    111    Success 
   108      -25.1266     0.0092      0.0000   0.0000   75.03    113    Success 
   109      -25.1266     0.0053      0.0000   0.0000   78.88    114    Success 
   110      -25.1266     0.0035      0.0000   0.0000   67.95    115    Success 
   111      -25.1266     0.0030      0.0000   0.0000   57.80    116    Success 
   112      -25.1266     0.0036      0.0000   0.0000   64.92    118    Success 
   113      -25.1266     0.0024      0.0000   0.0000   63.29    119    Success 
   114      -25.1266     0.0022      0.0000   0.0000   58.20    120    Success 
   115      -25.1266     0.0054      0.0000   0.0000   64.56    121    Success 
   116      -25.1266     0.0022      0.0000   0.0000   77.87    122    Success 
   117      -25.1266     0.0018      0.0000   0.0000   74.99    123    Success 
   118      -25.1266     0.0018      0.0000   0.0000   68.36    124    Success 
   119      -25.1266     0.0020      0.0000   0.0000   68.27    125    Success 
   120      -25.1266     0.0044      0.0000   0.0000   73.89    126    Success 
   121      -25.1266     0.0026      0.0000   0.0000   70.02    127    Success 
   122      -25.1266     0.0011      0.0000   0.0000   69.25    128    Success 
   123      -25.1266     0.0012      0.0000   0.0000   65.52    129    Success 
   124      -25.1266     0.0017      0.0000   0.0000   71.90    130    Success 
   125      -25.1266     0.0015      0.0000   0.0000   79.05    131    Success 
   126      -25.1266     0.0008      0.0000   0.0000   71.75    132   SmallGrad

 LBFGS  --  Normal Termination due to SmallGrad

 Final Function Value :          -25.1266
 Final RMS Gradient :              0.0008
 Final Gradient Norm :             0.0034
