Tue Dec 31 09:05:00 2019 Calling: ssh node35 "cd /home/bdw2292/poltype/Examples/ModifiedAminoAcid/qm-torsion;source /home/bdw2292/.poltype.bashrc;mkdir /scratch/bdw2292/Gau-ModifiedRes"
Tue Dec 31 09:05:02 2019 Calling: ssh node35 "cd /home/bdw2292/poltype/Examples/ModifiedAminoAcid/qm-torsion;source /home/bdw2292/.poltype.bashrc;GAUSS_SCRDIR=/scratch/bdw2292/Gau-ModifiedRes g09 ModifiedRes-opt-3-7-8-9-221.com"
Tue Dec 31 09:05:02 2019 Calling: ssh node36 "cd /home/bdw2292/poltype/Examples/ModifiedAminoAcid/qm-torsion;source /home/bdw2292/.poltype.bashrc;mkdir /scratch/bdw2292/Gau-ModifiedRes"
mkdir: cannot create directory ‘/scratch/bdw2292/Gau-ModifiedRes’: File exists
mkdir: cannot create directory ‘/scratch/bdw2292/Gau-ModifiedRes’: File exists
Tue Dec 31 09:05:04 2019 Calling: ssh node36 "cd /home/bdw2292/poltype/Examples/ModifiedAminoAcid/qm-torsion;source /home/bdw2292/.poltype.bashrc;GAUSS_SCRDIR=/scratch/bdw2292/Gau-ModifiedRes g09 ModifiedRes-opt-3-7-8-9-251.com"
Tue Dec 31 09:05:04 2019 Calling: ssh node37 "cd /home/bdw2292/poltype/Examples/ModifiedAminoAcid/qm-torsion;source /home/bdw2292/.poltype.bashrc;mkdir /scratch/bdw2292/Gau-ModifiedRes"
mkdir: cannot create directory ‘/scratch/bdw2292/Gau-ModifiedRes’: File exists
Tue Dec 31 09:05:06 2019 Calling: ssh node37 "cd /home/bdw2292/poltype/Examples/ModifiedAminoAcid/qm-torsion;source /home/bdw2292/.poltype.bashrc;GAUSS_SCRDIR=/scratch/bdw2292/Gau-ModifiedRes g09 ModifiedRes-opt-3-7-8-9-281.com"
Tue Dec 31 09:05:06 2019 Calling: ssh node38 "cd /home/bdw2292/poltype/Examples/ModifiedAminoAcid/qm-torsion;source /home/bdw2292/.poltype.bashrc;mkdir /scratch/bdw2292/Gau-ModifiedRes"
Tue Dec 31 09:05:08 2019 Calling: ssh node38 "cd /home/bdw2292/poltype/Examples/ModifiedAminoAcid/qm-torsion;source /home/bdw2292/.poltype.bashrc;GAUSS_SCRDIR=/scratch/bdw2292/Gau-ModifiedRes g09 ModifiedRes-opt-3-7-8-9-311.com"
Tue Dec 31 09:05:08 2019 Calling: ssh node40 "cd /home/bdw2292/poltype/Examples/ModifiedAminoAcid/qm-torsion;source /home/bdw2292/.poltype.bashrc;mkdir /scratch/bdw2292/Gau-ModifiedRes"
mkdir: cannot create directory `/scratch/bdw2292/Gau-ModifiedRes': File exists
mkdir: cannot create directory `/scratch/bdw2292/Gau-ModifiedRes': File exists
Tue Dec 31 09:05:10 2019 Calling: ssh node40 "cd /home/bdw2292/poltype/Examples/ModifiedAminoAcid/qm-torsion;source /home/bdw2292/.poltype.bashrc;GAUSS_SCRDIR=/scratch/bdw2292/Gau-ModifiedRes g09 ModifiedRes-opt-3-7-8-9-341.com"
Tue Dec 31 09:05:10 2019 Calling: ssh node42 "cd /home/bdw2292/poltype/Examples/ModifiedAminoAcid/qm-torsion;source /home/bdw2292/.poltype.bashrc;mkdir /scratch/bdw2292/Gau-ModifiedRes"
mkdir: cannot create directory `/scratch/bdw2292/Gau-ModifiedRes': File exists
Tue Dec 31 09:05:12 2019 Calling: ssh node42 "cd /home/bdw2292/poltype/Examples/ModifiedAminoAcid/qm-torsion;source /home/bdw2292/.poltype.bashrc;GAUSS_SCRDIR=/scratch/bdw2292/Gau-ModifiedRes g09 ModifiedRes-opt-3-7-8-9-161.com"
Tue Dec 31 09:05:12 2019 Calling: ssh node43 "cd /home/bdw2292/poltype/Examples/ModifiedAminoAcid/qm-torsion;source /home/bdw2292/.poltype.bashrc;mkdir /scratch/bdw2292/Gau-ModifiedRes"
Tue Dec 31 09:05:14 2019 Calling: ssh node43 "cd /home/bdw2292/poltype/Examples/ModifiedAminoAcid/qm-torsion;source /home/bdw2292/.poltype.bashrc;GAUSS_SCRDIR=/scratch/bdw2292/Gau-ModifiedRes g09 ModifiedRes-opt-3-7-8-9-131.com"
Tue Dec 31 09:05:14 2019 Calling: ssh node44 "cd /home/bdw2292/poltype/Examples/ModifiedAminoAcid/qm-torsion;source /home/bdw2292/.poltype.bashrc;mkdir /scratch/bdw2292/Gau-ModifiedRes"
mkdir: cannot create directory ‘/scratch/bdw2292/Gau-ModifiedRes’: File exists
Tue Dec 31 09:05:16 2019 Calling: ssh node44 "cd /home/bdw2292/poltype/Examples/ModifiedAminoAcid/qm-torsion;source /home/bdw2292/.poltype.bashrc;GAUSS_SCRDIR=/scratch/bdw2292/Gau-ModifiedRes g09 ModifiedRes-opt-3-7-8-9-101.com"
Tue Dec 31 09:05:16 2019 Calling: ssh node45 "cd /home/bdw2292/poltype/Examples/ModifiedAminoAcid/qm-torsion;source /home/bdw2292/.poltype.bashrc;mkdir /scratch/bdw2292/Gau-ModifiedRes"
mkdir: cannot create directory `/scratch/bdw2292/Gau-ModifiedRes': File exists
Tue Dec 31 09:05:18 2019 Calling: ssh node45 "cd /home/bdw2292/poltype/Examples/ModifiedAminoAcid/qm-torsion;source /home/bdw2292/.poltype.bashrc;GAUSS_SCRDIR=/scratch/bdw2292/Gau-ModifiedRes g09 ModifiedRes-opt-3-7-8-9-071.com"
Tue Dec 31 09:05:18 2019 Calling: ssh node46 "cd /home/bdw2292/poltype/Examples/ModifiedAminoAcid/qm-torsion;source /home/bdw2292/.poltype.bashrc;mkdir /scratch/bdw2292/Gau-ModifiedRes"
mkdir: cannot create directory `/scratch/bdw2292/Gau-ModifiedRes': File exists
mkdir: cannot create directory `/scratch/bdw2292/Gau-ModifiedRes': File exists
Tue Dec 31 09:05:20 2019 Calling: ssh node46 "cd /home/bdw2292/poltype/Examples/ModifiedAminoAcid/qm-torsion;source /home/bdw2292/.poltype.bashrc;GAUSS_SCRDIR=/scratch/bdw2292/Gau-ModifiedRes g09 ModifiedRes-opt-3-7-8-9-041.com"
Tue Dec 31 09:05:20 2019 Calling: ssh node47 "cd /home/bdw2292/poltype/Examples/ModifiedAminoAcid/qm-torsion;source /home/bdw2292/.poltype.bashrc;mkdir /scratch/bdw2292/Gau-ModifiedRes"
Tue Dec 31 09:05:22 2019 Calling: ssh node47 "cd /home/bdw2292/poltype/Examples/ModifiedAminoAcid/qm-torsion;source /home/bdw2292/.poltype.bashrc;GAUSS_SCRDIR=/scratch/bdw2292/Gau-ModifiedRes g09 ModifiedRes-opt-3-7-8-9-011.com"
mkdir: cannot create directory `/scratch/bdw2292/Gau-ModifiedRes': File exists
Tue Dec 31 09:05:27 2019 Sleeping for 5 seconds
Tue Dec 31 09:05:27 2019 GAUSS_SCRDIR=/scratch/bdw2292/Gau-ModifiedRes g09 ModifiedRes-opt-3-7-8-9-221.com has not terminated on node node35
Tue Dec 31 09:05:27 2019 GAUSS_SCRDIR=/scratch/bdw2292/Gau-ModifiedRes g09 ModifiedRes-opt-3-7-8-9-251.com has not terminated on node node36
Tue Dec 31 09:05:27 2019 GAUSS_SCRDIR=/scratch/bdw2292/Gau-ModifiedRes g09 ModifiedRes-opt-3-7-8-9-281.com has not terminated on node node37
Tue Dec 31 09:05:27 2019 GAUSS_SCRDIR=/scratch/bdw2292/Gau-ModifiedRes g09 ModifiedRes-opt-3-7-8-9-311.com has not terminated on node node38
Tue Dec 31 09:05:27 2019 GAUSS_SCRDIR=/scratch/bdw2292/Gau-ModifiedRes g09 ModifiedRes-opt-3-7-8-9-341.com has not terminated on node node40
Tue Dec 31 09:05:27 2019 GAUSS_SCRDIR=/scratch/bdw2292/Gau-ModifiedRes g09 ModifiedRes-opt-3-7-8-9-161.com has not terminated on node node42
Tue Dec 31 09:05:27 2019 GAUSS_SCRDIR=/scratch/bdw2292/Gau-ModifiedRes g09 ModifiedRes-opt-3-7-8-9-131.com has not terminated on node node43
Tue Dec 31 09:05:27 2019 GAUSS_SCRDIR=/scratch/bdw2292/Gau-ModifiedRes g09 ModifiedRes-opt-3-7-8-9-101.com has not terminated on node node44
Tue Dec 31 09:05:27 2019 GAUSS_SCRDIR=/scratch/bdw2292/Gau-ModifiedRes g09 ModifiedRes-opt-3-7-8-9-071.com has not terminated on node node45
Tue Dec 31 09:05:27 2019 GAUSS_SCRDIR=/scratch/bdw2292/Gau-ModifiedRes g09 ModifiedRes-opt-3-7-8-9-041.com has not terminated on node node46
Tue Dec 31 09:05:27 2019 GAUSS_SCRDIR=/scratch/bdw2292/Gau-ModifiedRes g09 ModifiedRes-opt-3-7-8-9-011.com has not terminated on node node47
Tue Dec 31 09:05:32 2019 Sleeping for 5 seconds
Tue Dec 31 09:05:32 2019 GAUSS_SCRDIR=/scratch/bdw2292/Gau-ModifiedRes g09 ModifiedRes-opt-3-7-8-9-221.com has not terminated on node node35
Tue Dec 31 09:05:32 2019 GAUSS_SCRDIR=/scratch/bdw2292/Gau-ModifiedRes g09 ModifiedRes-opt-3-7-8-9-251.com has not terminated on node node36
Tue Dec 31 09:05:32 2019 GAUSS_SCRDIR=/scratch/bdw2292/Gau-ModifiedRes g09 ModifiedRes-opt-3-7-8-9-281.com has not terminated on node node37
Tue Dec 31 09:05:32 2019 GAUSS_SCRDIR=/scratch/bdw2292/Gau-ModifiedRes g09 ModifiedRes-opt-3-7-8-9-311.com has not terminated on node node38
Tue Dec 31 09:05:32 2019 GAUSS_SCRDIR=/scratch/bdw2292/Gau-ModifiedRes g09 ModifiedRes-opt-3-7-8-9-341.com has not terminated on node node40
Tue Dec 31 09:05:32 2019 GAUSS_SCRDIR=/scratch/bdw2292/Gau-ModifiedRes g09 ModifiedRes-opt-3-7-8-9-161.com has not terminated on node node42
Tue Dec 31 09:05:32 2019 GAUSS_SCRDIR=/scratch/bdw2292/Gau-ModifiedRes g09 ModifiedRes-opt-3-7-8-9-131.com has not terminated on node node43
Tue Dec 31 09:05:32 2019 GAUSS_SCRDIR=/scratch/bdw2292/Gau-ModifiedRes g09 ModifiedRes-opt-3-7-8-9-101.com has not terminated on node node44
Tue Dec 31 09:05:32 2019 GAUSS_SCRDIR=/scratch/bdw2292/Gau-ModifiedRes g09 ModifiedRes-opt-3-7-8-9-071.com has not terminated on node node45
Tue Dec 31 09:05:32 2019 GAUSS_SCRDIR=/scratch/bdw2292/Gau-ModifiedRes g09 ModifiedRes-opt-3-7-8-9-041.com has not terminated on node node46
Tue Dec 31 09:05:32 2019 GAUSS_SCRDIR=/scratch/bdw2292/Gau-ModifiedRes g09 ModifiedRes-opt-3-7-8-9-011.com has not terminated on node node47
Tue Dec 31 09:05:37 2019 Sleeping for 5 seconds
Tue Dec 31 09:05:37 2019 GAUSS_SCRDIR=/scratch/bdw2292/Gau-ModifiedRes g09 ModifiedRes-opt-3-7-8-9-221.com has not terminated on node node35
Tue Dec 31 09:05:37 2019 GAUSS_SCRDIR=/scratch/bdw2292/Gau-ModifiedRes g09 ModifiedRes-opt-3-7-8-9-251.com has not terminated on node node36
Tue Dec 31 09:05:37 2019 GAUSS_SCRDIR=/scratch/bdw2292/Gau-ModifiedRes g09 ModifiedRes-opt-3-7-8-9-281.com has not terminated on node node37
Tue Dec 31 09:05:37 2019 GAUSS_SCRDIR=/scratch/bdw2292/Gau-ModifiedRes g09 ModifiedRes-opt-3-7-8-9-311.com has not terminated on node node38
Tue Dec 31 09:05:37 2019 GAUSS_SCRDIR=/scratch/bdw2292/Gau-ModifiedRes g09 ModifiedRes-opt-3-7-8-9-341.com has not terminated on node node40
Tue Dec 31 09:05:37 2019 GAUSS_SCRDIR=/scratch/bdw2292/Gau-ModifiedRes g09 ModifiedRes-opt-3-7-8-9-161.com has not terminated on node node42
Tue Dec 31 09:05:37 2019 GAUSS_SCRDIR=/scratch/bdw2292/Gau-ModifiedRes g09 ModifiedRes-opt-3-7-8-9-131.com has not terminated on node node43
Tue Dec 31 09:05:37 2019 GAUSS_SCRDIR=/scratch/bdw2292/Gau-ModifiedRes g09 ModifiedRes-opt-3-7-8-9-101.com has not terminated on node node44
Tue Dec 31 09:05:37 2019 GAUSS_SCRDIR=/scratch/bdw2292/Gau-ModifiedRes g09 ModifiedRes-opt-3-7-8-9-071.com has not terminated on node node45
Tue Dec 31 09:05:37 2019 GAUSS_SCRDIR=/scratch/bdw2292/Gau-ModifiedRes g09 ModifiedRes-opt-3-7-8-9-041.com has not terminated on node node46
Tue Dec 31 09:05:37 2019 GAUSS_SCRDIR=/scratch/bdw2292/Gau-ModifiedRes g09 ModifiedRes-opt-3-7-8-9-011.com has not terminated on node node47
Tue Dec 31 09:05:42 2019 Sleeping for 5 seconds
Tue Dec 31 09:05:42 2019 GAUSS_SCRDIR=/scratch/bdw2292/Gau-ModifiedRes g09 ModifiedRes-opt-3-7-8-9-221.com has not terminated on node node35
Tue Dec 31 09:05:42 2019 GAUSS_SCRDIR=/scratch/bdw2292/Gau-ModifiedRes g09 ModifiedRes-opt-3-7-8-9-251.com has not terminated on node node36
Tue Dec 31 09:05:42 2019 GAUSS_SCRDIR=/scratch/bdw2292/Gau-ModifiedRes g09 ModifiedRes-opt-3-7-8-9-281.com has not terminated on node node37
Tue Dec 31 09:05:42 2019 GAUSS_SCRDIR=/scratch/bdw2292/Gau-ModifiedRes g09 ModifiedRes-opt-3-7-8-9-311.com has not terminated on node node38
Tue Dec 31 09:05:42 2019 GAUSS_SCRDIR=/scratch/bdw2292/Gau-ModifiedRes g09 ModifiedRes-opt-3-7-8-9-341.com has not terminated on node node40
Tue Dec 31 09:05:42 2019 GAUSS_SCRDIR=/scratch/bdw2292/Gau-ModifiedRes g09 ModifiedRes-opt-3-7-8-9-161.com has not terminated on node node42
Tue Dec 31 09:05:42 2019 GAUSS_SCRDIR=/scratch/bdw2292/Gau-ModifiedRes g09 ModifiedRes-opt-3-7-8-9-131.com has not terminated on node node43
Tue Dec 31 09:05:42 2019 GAUSS_SCRDIR=/scratch/bdw2292/Gau-ModifiedRes g09 ModifiedRes-opt-3-7-8-9-101.com has not terminated on node node44
Tue Dec 31 09:05:42 2019 GAUSS_SCRDIR=/scratch/bdw2292/Gau-ModifiedRes g09 ModifiedRes-opt-3-7-8-9-071.com has not terminated on node node45
Tue Dec 31 09:05:42 2019 GAUSS_SCRDIR=/scratch/bdw2292/Gau-ModifiedRes g09 ModifiedRes-opt-3-7-8-9-041.com has not terminated on node node46
Tue Dec 31 09:05:42 2019 GAUSS_SCRDIR=/scratch/bdw2292/Gau-ModifiedRes g09 ModifiedRes-opt-3-7-8-9-011.com has not terminated on node node47
Tue Dec 31 09:05:47 2019 Sleeping for 5 seconds
Tue Dec 31 09:05:47 2019 GAUSS_SCRDIR=/scratch/bdw2292/Gau-ModifiedRes g09 ModifiedRes-opt-3-7-8-9-221.com has not terminated on node node35
Tue Dec 31 09:05:47 2019 GAUSS_SCRDIR=/scratch/bdw2292/Gau-ModifiedRes g09 ModifiedRes-opt-3-7-8-9-251.com has not terminated on node node36
Tue Dec 31 09:05:47 2019 GAUSS_SCRDIR=/scratch/bdw2292/Gau-ModifiedRes g09 ModifiedRes-opt-3-7-8-9-281.com has not terminated on node node37
Tue Dec 31 09:05:47 2019 GAUSS_SCRDIR=/scratch/bdw2292/Gau-ModifiedRes g09 ModifiedRes-opt-3-7-8-9-311.com has not terminated on node node38
Tue Dec 31 09:05:47 2019 GAUSS_SCRDIR=/scratch/bdw2292/Gau-ModifiedRes g09 ModifiedRes-opt-3-7-8-9-341.com has not terminated on node node40
Tue Dec 31 09:05:47 2019 GAUSS_SCRDIR=/scratch/bdw2292/Gau-ModifiedRes g09 ModifiedRes-opt-3-7-8-9-161.com has not terminated on node node42
Tue Dec 31 09:05:47 2019 GAUSS_SCRDIR=/scratch/bdw2292/Gau-ModifiedRes g09 ModifiedRes-opt-3-7-8-9-131.com has not terminated on node node43
Tue Dec 31 09:05:47 2019 GAUSS_SCRDIR=/scratch/bdw2292/Gau-ModifiedRes g09 ModifiedRes-opt-3-7-8-9-101.com has not terminated on node node44
Tue Dec 31 09:05:47 2019 GAUSS_SCRDIR=/scratch/bdw2292/Gau-ModifiedRes g09 ModifiedRes-opt-3-7-8-9-071.com has not terminated on node node45
Tue Dec 31 09:05:47 2019 GAUSS_SCRDIR=/scratch/bdw2292/Gau-ModifiedRes g09 ModifiedRes-opt-3-7-8-9-041.com has not terminated on node node46
Tue Dec 31 09:05:47 2019 GAUSS_SCRDIR=/scratch/bdw2292/Gau-ModifiedRes g09 ModifiedRes-opt-3-7-8-9-011.com has not terminated on node node47
Tue Dec 31 09:05:52 2019 Sleeping for 5 seconds
Tue Dec 31 09:05:52 2019 GAUSS_SCRDIR=/scratch/bdw2292/Gau-ModifiedRes g09 ModifiedRes-opt-3-7-8-9-221.com has not terminated on node node35
Tue Dec 31 09:05:52 2019 GAUSS_SCRDIR=/scratch/bdw2292/Gau-ModifiedRes g09 ModifiedRes-opt-3-7-8-9-251.com has not terminated on node node36
Tue Dec 31 09:05:52 2019 GAUSS_SCRDIR=/scratch/bdw2292/Gau-ModifiedRes g09 ModifiedRes-opt-3-7-8-9-281.com has not terminated on node node37
Tue Dec 31 09:05:52 2019 GAUSS_SCRDIR=/scratch/bdw2292/Gau-ModifiedRes g09 ModifiedRes-opt-3-7-8-9-311.com has not terminated on node node38
Tue Dec 31 09:05:52 2019 GAUSS_SCRDIR=/scratch/bdw2292/Gau-ModifiedRes g09 ModifiedRes-opt-3-7-8-9-341.com has not terminated on node node40
Tue Dec 31 09:05:52 2019 GAUSS_SCRDIR=/scratch/bdw2292/Gau-ModifiedRes g09 ModifiedRes-opt-3-7-8-9-161.com has not terminated on node node42
Tue Dec 31 09:05:52 2019 GAUSS_SCRDIR=/scratch/bdw2292/Gau-ModifiedRes g09 ModifiedRes-opt-3-7-8-9-131.com has not terminated on node node43
Tue Dec 31 09:05:52 2019 GAUSS_SCRDIR=/scratch/bdw2292/Gau-ModifiedRes g09 ModifiedRes-opt-3-7-8-9-101.com has not terminated on node node44
Tue Dec 31 09:05:52 2019 GAUSS_SCRDIR=/scratch/bdw2292/Gau-ModifiedRes g09 ModifiedRes-opt-3-7-8-9-071.com has not terminated on node node45
Tue Dec 31 09:05:52 2019 GAUSS_SCRDIR=/scratch/bdw2292/Gau-ModifiedRes g09 ModifiedRes-opt-3-7-8-9-041.com has not terminated on node node46
Tue Dec 31 09:05:52 2019 GAUSS_SCRDIR=/scratch/bdw2292/Gau-ModifiedRes g09 ModifiedRes-opt-3-7-8-9-011.com has not terminated on node node47
Tue Dec 31 09:05:57 2019 Sleeping for 5 seconds
Tue Dec 31 09:05:57 2019 GAUSS_SCRDIR=/scratch/bdw2292/Gau-ModifiedRes g09 ModifiedRes-opt-3-7-8-9-221.com has not terminated on node node35
Tue Dec 31 09:05:57 2019 GAUSS_SCRDIR=/scratch/bdw2292/Gau-ModifiedRes g09 ModifiedRes-opt-3-7-8-9-251.com has not terminated on node node36
Tue Dec 31 09:05:57 2019 GAUSS_SCRDIR=/scratch/bdw2292/Gau-ModifiedRes g09 ModifiedRes-opt-3-7-8-9-281.com has not terminated on node node37
Tue Dec 31 09:05:57 2019 GAUSS_SCRDIR=/scratch/bdw2292/Gau-ModifiedRes g09 ModifiedRes-opt-3-7-8-9-311.com has not terminated on node node38
Tue Dec 31 09:05:57 2019 GAUSS_SCRDIR=/scratch/bdw2292/Gau-ModifiedRes g09 ModifiedRes-opt-3-7-8-9-341.com has not terminated on node node40
Tue Dec 31 09:05:57 2019 GAUSS_SCRDIR=/scratch/bdw2292/Gau-ModifiedRes g09 ModifiedRes-opt-3-7-8-9-161.com has not terminated on node node42
Tue Dec 31 09:05:57 2019 GAUSS_SCRDIR=/scratch/bdw2292/Gau-ModifiedRes g09 ModifiedRes-opt-3-7-8-9-131.com has not terminated on node node43
Tue Dec 31 09:05:57 2019 GAUSS_SCRDIR=/scratch/bdw2292/Gau-ModifiedRes g09 ModifiedRes-opt-3-7-8-9-101.com has not terminated on node node44
Tue Dec 31 09:05:57 2019 GAUSS_SCRDIR=/scratch/bdw2292/Gau-ModifiedRes g09 ModifiedRes-opt-3-7-8-9-071.com has not terminated on node node45
Tue Dec 31 09:05:57 2019 GAUSS_SCRDIR=/scratch/bdw2292/Gau-ModifiedRes g09 ModifiedRes-opt-3-7-8-9-041.com has not terminated on node node46
Tue Dec 31 09:05:57 2019 GAUSS_SCRDIR=/scratch/bdw2292/Gau-ModifiedRes g09 ModifiedRes-opt-3-7-8-9-011.com has not terminated on node node47
Tue Dec 31 09:06:02 2019 Sleeping for 5 seconds
Tue Dec 31 09:06:02 2019 GAUSS_SCRDIR=/scratch/bdw2292/Gau-ModifiedRes g09 ModifiedRes-opt-3-7-8-9-221.com has not terminated on node node35
Tue Dec 31 09:06:02 2019 GAUSS_SCRDIR=/scratch/bdw2292/Gau-ModifiedRes g09 ModifiedRes-opt-3-7-8-9-251.com has not terminated on node node36
Tue Dec 31 09:06:02 2019 GAUSS_SCRDIR=/scratch/bdw2292/Gau-ModifiedRes g09 ModifiedRes-opt-3-7-8-9-281.com has not terminated on node node37
Tue Dec 31 09:06:02 2019 GAUSS_SCRDIR=/scratch/bdw2292/Gau-ModifiedRes g09 ModifiedRes-opt-3-7-8-9-311.com has not terminated on node node38
Tue Dec 31 09:06:02 2019 GAUSS_SCRDIR=/scratch/bdw2292/Gau-ModifiedRes g09 ModifiedRes-opt-3-7-8-9-341.com has not terminated on node node40
Tue Dec 31 09:06:02 2019 GAUSS_SCRDIR=/scratch/bdw2292/Gau-ModifiedRes g09 ModifiedRes-opt-3-7-8-9-161.com has not terminated on node node42
Tue Dec 31 09:06:02 2019 GAUSS_SCRDIR=/scratch/bdw2292/Gau-ModifiedRes g09 ModifiedRes-opt-3-7-8-9-131.com has not terminated on node node43
Tue Dec 31 09:06:02 2019 GAUSS_SCRDIR=/scratch/bdw2292/Gau-ModifiedRes g09 ModifiedRes-opt-3-7-8-9-101.com has not terminated on node node44
Tue Dec 31 09:06:02 2019 GAUSS_SCRDIR=/scratch/bdw2292/Gau-ModifiedRes g09 ModifiedRes-opt-3-7-8-9-071.com has not terminated on node node45
Tue Dec 31 09:06:02 2019 GAUSS_SCRDIR=/scratch/bdw2292/Gau-ModifiedRes g09 ModifiedRes-opt-3-7-8-9-041.com has not terminated on node node46
Tue Dec 31 09:06:02 2019 GAUSS_SCRDIR=/scratch/bdw2292/Gau-ModifiedRes g09 ModifiedRes-opt-3-7-8-9-011.com has not terminated on node node47
Tue Dec 31 09:06:07 2019 Sleeping for 5 seconds
Tue Dec 31 09:06:07 2019 GAUSS_SCRDIR=/scratch/bdw2292/Gau-ModifiedRes g09 ModifiedRes-opt-3-7-8-9-221.com has not terminated on node node35
Tue Dec 31 09:06:07 2019 GAUSS_SCRDIR=/scratch/bdw2292/Gau-ModifiedRes g09 ModifiedRes-opt-3-7-8-9-251.com has not terminated on node node36
Tue Dec 31 09:06:07 2019 GAUSS_SCRDIR=/scratch/bdw2292/Gau-ModifiedRes g09 ModifiedRes-opt-3-7-8-9-281.com has not terminated on node node37
Tue Dec 31 09:06:07 2019 GAUSS_SCRDIR=/scratch/bdw2292/Gau-ModifiedRes g09 ModifiedRes-opt-3-7-8-9-311.com has not terminated on node node38
Tue Dec 31 09:06:07 2019 GAUSS_SCRDIR=/scratch/bdw2292/Gau-ModifiedRes g09 ModifiedRes-opt-3-7-8-9-341.com has not terminated on node node40
Tue Dec 31 09:06:07 2019 GAUSS_SCRDIR=/scratch/bdw2292/Gau-ModifiedRes g09 ModifiedRes-opt-3-7-8-9-161.com has not terminated on node node42
Tue Dec 31 09:06:07 2019 GAUSS_SCRDIR=/scratch/bdw2292/Gau-ModifiedRes g09 ModifiedRes-opt-3-7-8-9-131.com has not terminated on node node43
Tue Dec 31 09:06:07 2019 GAUSS_SCRDIR=/scratch/bdw2292/Gau-ModifiedRes g09 ModifiedRes-opt-3-7-8-9-101.com has not terminated on node node44
Tue Dec 31 09:06:07 2019 GAUSS_SCRDIR=/scratch/bdw2292/Gau-ModifiedRes g09 ModifiedRes-opt-3-7-8-9-071.com has not terminated on node node45
Tue Dec 31 09:06:07 2019 GAUSS_SCRDIR=/scratch/bdw2292/Gau-ModifiedRes g09 ModifiedRes-opt-3-7-8-9-041.com has not terminated on node node46
Tue Dec 31 09:06:07 2019 GAUSS_SCRDIR=/scratch/bdw2292/Gau-ModifiedRes g09 ModifiedRes-opt-3-7-8-9-011.com has not terminated on node node47
Tue Dec 31 09:06:12 2019 Sleeping for 5 seconds
Tue Dec 31 09:06:12 2019 GAUSS_SCRDIR=/scratch/bdw2292/Gau-ModifiedRes g09 ModifiedRes-opt-3-7-8-9-221.com has not terminated on node node35
Tue Dec 31 09:06:12 2019 GAUSS_SCRDIR=/scratch/bdw2292/Gau-ModifiedRes g09 ModifiedRes-opt-3-7-8-9-251.com has not terminated on node node36
Tue Dec 31 09:06:12 2019 GAUSS_SCRDIR=/scratch/bdw2292/Gau-ModifiedRes g09 ModifiedRes-opt-3-7-8-9-281.com has not terminated on node node37
Tue Dec 31 09:06:12 2019 GAUSS_SCRDIR=/scratch/bdw2292/Gau-ModifiedRes g09 ModifiedRes-opt-3-7-8-9-311.com has not terminated on node node38
Tue Dec 31 09:06:12 2019 GAUSS_SCRDIR=/scratch/bdw2292/Gau-ModifiedRes g09 ModifiedRes-opt-3-7-8-9-341.com has not terminated on node node40
Tue Dec 31 09:06:12 2019 GAUSS_SCRDIR=/scratch/bdw2292/Gau-ModifiedRes g09 ModifiedRes-opt-3-7-8-9-161.com has not terminated on node node42
Tue Dec 31 09:06:12 2019 GAUSS_SCRDIR=/scratch/bdw2292/Gau-ModifiedRes g09 ModifiedRes-opt-3-7-8-9-131.com has not terminated on node node43
Tue Dec 31 09:06:12 2019 GAUSS_SCRDIR=/scratch/bdw2292/Gau-ModifiedRes g09 ModifiedRes-opt-3-7-8-9-101.com has not terminated on node node44
Tue Dec 31 09:06:12 2019 GAUSS_SCRDIR=/scratch/bdw2292/Gau-ModifiedRes g09 ModifiedRes-opt-3-7-8-9-071.com has not terminated on node node45
Tue Dec 31 09:06:12 2019 GAUSS_SCRDIR=/scratch/bdw2292/Gau-ModifiedRes g09 ModifiedRes-opt-3-7-8-9-041.com has not terminated on node node46
Tue Dec 31 09:06:12 2019 GAUSS_SCRDIR=/scratch/bdw2292/Gau-ModifiedRes g09 ModifiedRes-opt-3-7-8-9-011.com has not terminated on node node47
Tue Dec 31 09:06:17 2019 Sleeping for 5 seconds
Tue Dec 31 09:06:17 2019 GAUSS_SCRDIR=/scratch/bdw2292/Gau-ModifiedRes g09 ModifiedRes-opt-3-7-8-9-221.com has not terminated on node node35
Tue Dec 31 09:06:17 2019 GAUSS_SCRDIR=/scratch/bdw2292/Gau-ModifiedRes g09 ModifiedRes-opt-3-7-8-9-251.com has not terminated on node node36
Tue Dec 31 09:06:17 2019 GAUSS_SCRDIR=/scratch/bdw2292/Gau-ModifiedRes g09 ModifiedRes-opt-3-7-8-9-281.com has not terminated on node node37
Tue Dec 31 09:06:17 2019 GAUSS_SCRDIR=/scratch/bdw2292/Gau-ModifiedRes g09 ModifiedRes-opt-3-7-8-9-311.com has not terminated on node node38
Tue Dec 31 09:06:17 2019 GAUSS_SCRDIR=/scratch/bdw2292/Gau-ModifiedRes g09 ModifiedRes-opt-3-7-8-9-341.com has not terminated on node node40
Tue Dec 31 09:06:17 2019 GAUSS_SCRDIR=/scratch/bdw2292/Gau-ModifiedRes g09 ModifiedRes-opt-3-7-8-9-161.com has not terminated on node node42
Tue Dec 31 09:06:18 2019 GAUSS_SCRDIR=/scratch/bdw2292/Gau-ModifiedRes g09 ModifiedRes-opt-3-7-8-9-131.com has not terminated on node node43
Tue Dec 31 09:06:18 2019 GAUSS_SCRDIR=/scratch/bdw2292/Gau-ModifiedRes g09 ModifiedRes-opt-3-7-8-9-101.com has not terminated on node node44
Tue Dec 31 09:06:18 2019 GAUSS_SCRDIR=/scratch/bdw2292/Gau-ModifiedRes g09 ModifiedRes-opt-3-7-8-9-071.com has not terminated on node node45
Tue Dec 31 09:06:18 2019 GAUSS_SCRDIR=/scratch/bdw2292/Gau-ModifiedRes g09 ModifiedRes-opt-3-7-8-9-041.com has not terminated on node node46
Tue Dec 31 09:06:18 2019 GAUSS_SCRDIR=/scratch/bdw2292/Gau-ModifiedRes g09 ModifiedRes-opt-3-7-8-9-011.com has not terminated on node node47
Tue Dec 31 09:06:23 2019 Sleeping for 5 seconds
Tue Dec 31 09:06:23 2019 GAUSS_SCRDIR=/scratch/bdw2292/Gau-ModifiedRes g09 ModifiedRes-opt-3-7-8-9-221.com has not terminated on node node35
Tue Dec 31 09:06:23 2019 GAUSS_SCRDIR=/scratch/bdw2292/Gau-ModifiedRes g09 ModifiedRes-opt-3-7-8-9-251.com has not terminated on node node36
Tue Dec 31 09:06:23 2019 GAUSS_SCRDIR=/scratch/bdw2292/Gau-ModifiedRes g09 ModifiedRes-opt-3-7-8-9-281.com has not terminated on node node37
Tue Dec 31 09:06:23 2019 GAUSS_SCRDIR=/scratch/bdw2292/Gau-ModifiedRes g09 ModifiedRes-opt-3-7-8-9-311.com has not terminated on node node38
Tue Dec 31 09:06:23 2019 GAUSS_SCRDIR=/scratch/bdw2292/Gau-ModifiedRes g09 ModifiedRes-opt-3-7-8-9-341.com has not terminated on node node40
Tue Dec 31 09:06:23 2019 GAUSS_SCRDIR=/scratch/bdw2292/Gau-ModifiedRes g09 ModifiedRes-opt-3-7-8-9-161.com has not terminated on node node42
Tue Dec 31 09:06:23 2019 GAUSS_SCRDIR=/scratch/bdw2292/Gau-ModifiedRes g09 ModifiedRes-opt-3-7-8-9-131.com has not terminated on node node43
Tue Dec 31 09:06:23 2019 GAUSS_SCRDIR=/scratch/bdw2292/Gau-ModifiedRes g09 ModifiedRes-opt-3-7-8-9-101.com has not terminated on node node44
Tue Dec 31 09:06:23 2019 GAUSS_SCRDIR=/scratch/bdw2292/Gau-ModifiedRes g09 ModifiedRes-opt-3-7-8-9-071.com has not terminated on node node45
Tue Dec 31 09:06:23 2019 GAUSS_SCRDIR=/scratch/bdw2292/Gau-ModifiedRes g09 ModifiedRes-opt-3-7-8-9-041.com has not terminated on node node46
Tue Dec 31 09:06:23 2019 GAUSS_SCRDIR=/scratch/bdw2292/Gau-ModifiedRes g09 ModifiedRes-opt-3-7-8-9-011.com has not terminated on node node47
Tue Dec 31 09:06:28 2019 Sleeping for 5 seconds
Tue Dec 31 09:06:28 2019 GAUSS_SCRDIR=/scratch/bdw2292/Gau-ModifiedRes g09 ModifiedRes-opt-3-7-8-9-221.com has not terminated on node node35
Tue Dec 31 09:06:28 2019 GAUSS_SCRDIR=/scratch/bdw2292/Gau-ModifiedRes g09 ModifiedRes-opt-3-7-8-9-251.com has not terminated on node node36
Tue Dec 31 09:06:28 2019 GAUSS_SCRDIR=/scratch/bdw2292/Gau-ModifiedRes g09 ModifiedRes-opt-3-7-8-9-281.com has not terminated on node node37
Tue Dec 31 09:06:28 2019 GAUSS_SCRDIR=/scratch/bdw2292/Gau-ModifiedRes g09 ModifiedRes-opt-3-7-8-9-311.com has not terminated on node node38
Tue Dec 31 09:06:28 2019 GAUSS_SCRDIR=/scratch/bdw2292/Gau-ModifiedRes g09 ModifiedRes-opt-3-7-8-9-341.com has not terminated on node node40
Tue Dec 31 09:06:28 2019 GAUSS_SCRDIR=/scratch/bdw2292/Gau-ModifiedRes g09 ModifiedRes-opt-3-7-8-9-161.com has not terminated on node node42
Tue Dec 31 09:06:28 2019 GAUSS_SCRDIR=/scratch/bdw2292/Gau-ModifiedRes g09 ModifiedRes-opt-3-7-8-9-131.com has not terminated on node node43
Tue Dec 31 09:06:28 2019 GAUSS_SCRDIR=/scratch/bdw2292/Gau-ModifiedRes g09 ModifiedRes-opt-3-7-8-9-101.com has not terminated on node node44
Tue Dec 31 09:06:28 2019 GAUSS_SCRDIR=/scratch/bdw2292/Gau-ModifiedRes g09 ModifiedRes-opt-3-7-8-9-071.com has not terminated on node node45
Tue Dec 31 09:06:28 2019 GAUSS_SCRDIR=/scratch/bdw2292/Gau-ModifiedRes g09 ModifiedRes-opt-3-7-8-9-041.com has not terminated on node node46
Tue Dec 31 09:06:28 2019 GAUSS_SCRDIR=/scratch/bdw2292/Gau-ModifiedRes g09 ModifiedRes-opt-3-7-8-9-011.com has not terminated on node node47
Tue Dec 31 09:06:33 2019 Sleeping for 5 seconds
Tue Dec 31 09:06:33 2019 GAUSS_SCRDIR=/scratch/bdw2292/Gau-ModifiedRes g09 ModifiedRes-opt-3-7-8-9-221.com has not terminated on node node35
Tue Dec 31 09:06:33 2019 GAUSS_SCRDIR=/scratch/bdw2292/Gau-ModifiedRes g09 ModifiedRes-opt-3-7-8-9-251.com has not terminated on node node36
Tue Dec 31 09:06:33 2019 GAUSS_SCRDIR=/scratch/bdw2292/Gau-ModifiedRes g09 ModifiedRes-opt-3-7-8-9-281.com has not terminated on node node37
Tue Dec 31 09:06:33 2019 GAUSS_SCRDIR=/scratch/bdw2292/Gau-ModifiedRes g09 ModifiedRes-opt-3-7-8-9-311.com has not terminated on node node38
Tue Dec 31 09:06:33 2019 GAUSS_SCRDIR=/scratch/bdw2292/Gau-ModifiedRes g09 ModifiedRes-opt-3-7-8-9-341.com has not terminated on node node40
Tue Dec 31 09:06:33 2019 GAUSS_SCRDIR=/scratch/bdw2292/Gau-ModifiedRes g09 ModifiedRes-opt-3-7-8-9-161.com has not terminated on node node42
Tue Dec 31 09:06:33 2019 GAUSS_SCRDIR=/scratch/bdw2292/Gau-ModifiedRes g09 ModifiedRes-opt-3-7-8-9-131.com has not terminated on node node43
Tue Dec 31 09:06:33 2019 GAUSS_SCRDIR=/scratch/bdw2292/Gau-ModifiedRes g09 ModifiedRes-opt-3-7-8-9-101.com has not terminated on node node44
Tue Dec 31 09:06:33 2019 GAUSS_SCRDIR=/scratch/bdw2292/Gau-ModifiedRes g09 ModifiedRes-opt-3-7-8-9-071.com has not terminated on node node45
Tue Dec 31 09:06:33 2019 GAUSS_SCRDIR=/scratch/bdw2292/Gau-ModifiedRes g09 ModifiedRes-opt-3-7-8-9-041.com has not terminated on node node46
Tue Dec 31 09:06:33 2019 GAUSS_SCRDIR=/scratch/bdw2292/Gau-ModifiedRes g09 ModifiedRes-opt-3-7-8-9-011.com has not terminated on node node47
Tue Dec 31 09:06:38 2019 Sleeping for 5 seconds
Tue Dec 31 09:06:38 2019 GAUSS_SCRDIR=/scratch/bdw2292/Gau-ModifiedRes g09 ModifiedRes-opt-3-7-8-9-221.com has not terminated on node node35
Tue Dec 31 09:06:38 2019 GAUSS_SCRDIR=/scratch/bdw2292/Gau-ModifiedRes g09 ModifiedRes-opt-3-7-8-9-251.com has not terminated on node node36
Tue Dec 31 09:06:38 2019 GAUSS_SCRDIR=/scratch/bdw2292/Gau-ModifiedRes g09 ModifiedRes-opt-3-7-8-9-281.com has not terminated on node node37
Tue Dec 31 09:06:38 2019 GAUSS_SCRDIR=/scratch/bdw2292/Gau-ModifiedRes g09 ModifiedRes-opt-3-7-8-9-311.com has not terminated on node node38
Tue Dec 31 09:06:38 2019 GAUSS_SCRDIR=/scratch/bdw2292/Gau-ModifiedRes g09 ModifiedRes-opt-3-7-8-9-341.com has not terminated on node node40
Tue Dec 31 09:06:38 2019 GAUSS_SCRDIR=/scratch/bdw2292/Gau-ModifiedRes g09 ModifiedRes-opt-3-7-8-9-161.com has not terminated on node node42
Tue Dec 31 09:06:38 2019 GAUSS_SCRDIR=/scratch/bdw2292/Gau-ModifiedRes g09 ModifiedRes-opt-3-7-8-9-131.com has not terminated on node node43
Tue Dec 31 09:06:38 2019 GAUSS_SCRDIR=/scratch/bdw2292/Gau-ModifiedRes g09 ModifiedRes-opt-3-7-8-9-101.com has not terminated on node node44
Tue Dec 31 09:06:38 2019 GAUSS_SCRDIR=/scratch/bdw2292/Gau-ModifiedRes g09 ModifiedRes-opt-3-7-8-9-071.com has not terminated on node node45
Tue Dec 31 09:06:38 2019 GAUSS_SCRDIR=/scratch/bdw2292/Gau-ModifiedRes g09 ModifiedRes-opt-3-7-8-9-041.com has not terminated on node node46
Tue Dec 31 09:06:38 2019 GAUSS_SCRDIR=/scratch/bdw2292/Gau-ModifiedRes g09 ModifiedRes-opt-3-7-8-9-011.com has not terminated on node node47
Tue Dec 31 09:06:43 2019 Sleeping for 5 seconds
Tue Dec 31 09:06:43 2019 GAUSS_SCRDIR=/scratch/bdw2292/Gau-ModifiedRes g09 ModifiedRes-opt-3-7-8-9-221.com has not terminated on node node35
Tue Dec 31 09:06:43 2019 GAUSS_SCRDIR=/scratch/bdw2292/Gau-ModifiedRes g09 ModifiedRes-opt-3-7-8-9-251.com has not terminated on node node36
Tue Dec 31 09:06:43 2019 GAUSS_SCRDIR=/scratch/bdw2292/Gau-ModifiedRes g09 ModifiedRes-opt-3-7-8-9-281.com has not terminated on node node37
Tue Dec 31 09:06:43 2019 GAUSS_SCRDIR=/scratch/bdw2292/Gau-ModifiedRes g09 ModifiedRes-opt-3-7-8-9-311.com has not terminated on node node38
Tue Dec 31 09:06:43 2019 GAUSS_SCRDIR=/scratch/bdw2292/Gau-ModifiedRes g09 ModifiedRes-opt-3-7-8-9-341.com has not terminated on node node40
Tue Dec 31 09:06:43 2019 GAUSS_SCRDIR=/scratch/bdw2292/Gau-ModifiedRes g09 ModifiedRes-opt-3-7-8-9-161.com has not terminated on node node42
Tue Dec 31 09:06:43 2019 GAUSS_SCRDIR=/scratch/bdw2292/Gau-ModifiedRes g09 ModifiedRes-opt-3-7-8-9-131.com has not terminated on node node43
Tue Dec 31 09:06:43 2019 GAUSS_SCRDIR=/scratch/bdw2292/Gau-ModifiedRes g09 ModifiedRes-opt-3-7-8-9-101.com has not terminated on node node44
Tue Dec 31 09:06:43 2019 GAUSS_SCRDIR=/scratch/bdw2292/Gau-ModifiedRes g09 ModifiedRes-opt-3-7-8-9-071.com has not terminated on node node45
Tue Dec 31 09:06:43 2019 GAUSS_SCRDIR=/scratch/bdw2292/Gau-ModifiedRes g09 ModifiedRes-opt-3-7-8-9-041.com has not terminated on node node46
Tue Dec 31 09:06:43 2019 GAUSS_SCRDIR=/scratch/bdw2292/Gau-ModifiedRes g09 ModifiedRes-opt-3-7-8-9-011.com has not terminated on node node47
Tue Dec 31 09:06:48 2019 Sleeping for 5 seconds
Tue Dec 31 09:06:48 2019 GAUSS_SCRDIR=/scratch/bdw2292/Gau-ModifiedRes g09 ModifiedRes-opt-3-7-8-9-221.com has not terminated on node node35
Tue Dec 31 09:06:48 2019 GAUSS_SCRDIR=/scratch/bdw2292/Gau-ModifiedRes g09 ModifiedRes-opt-3-7-8-9-251.com has not terminated on node node36
Tue Dec 31 09:06:48 2019 GAUSS_SCRDIR=/scratch/bdw2292/Gau-ModifiedRes g09 ModifiedRes-opt-3-7-8-9-281.com has not terminated on node node37
Tue Dec 31 09:06:48 2019 GAUSS_SCRDIR=/scratch/bdw2292/Gau-ModifiedRes g09 ModifiedRes-opt-3-7-8-9-311.com has not terminated on node node38
Tue Dec 31 09:06:48 2019 GAUSS_SCRDIR=/scratch/bdw2292/Gau-ModifiedRes g09 ModifiedRes-opt-3-7-8-9-341.com has not terminated on node node40
Tue Dec 31 09:06:48 2019 GAUSS_SCRDIR=/scratch/bdw2292/Gau-ModifiedRes g09 ModifiedRes-opt-3-7-8-9-161.com has not terminated on node node42
Tue Dec 31 09:06:48 2019 GAUSS_SCRDIR=/scratch/bdw2292/Gau-ModifiedRes g09 ModifiedRes-opt-3-7-8-9-131.com has not terminated on node node43
Tue Dec 31 09:06:48 2019 GAUSS_SCRDIR=/scratch/bdw2292/Gau-ModifiedRes g09 ModifiedRes-opt-3-7-8-9-101.com has not terminated on node node44
Tue Dec 31 09:06:48 2019 GAUSS_SCRDIR=/scratch/bdw2292/Gau-ModifiedRes g09 ModifiedRes-opt-3-7-8-9-071.com has not terminated on node node45
Tue Dec 31 09:06:48 2019 GAUSS_SCRDIR=/scratch/bdw2292/Gau-ModifiedRes g09 ModifiedRes-opt-3-7-8-9-041.com has not terminated on node node46
Tue Dec 31 09:06:48 2019 GAUSS_SCRDIR=/scratch/bdw2292/Gau-ModifiedRes g09 ModifiedRes-opt-3-7-8-9-011.com has not terminated on node node47
Tue Dec 31 09:06:53 2019 Sleeping for 5 seconds
Tue Dec 31 09:06:53 2019 GAUSS_SCRDIR=/scratch/bdw2292/Gau-ModifiedRes g09 ModifiedRes-opt-3-7-8-9-221.com has not terminated on node node35
Tue Dec 31 09:06:53 2019 GAUSS_SCRDIR=/scratch/bdw2292/Gau-ModifiedRes g09 ModifiedRes-opt-3-7-8-9-251.com has not terminated on node node36
Tue Dec 31 09:06:53 2019 GAUSS_SCRDIR=/scratch/bdw2292/Gau-ModifiedRes g09 ModifiedRes-opt-3-7-8-9-281.com has not terminated on node node37
Tue Dec 31 09:06:53 2019 GAUSS_SCRDIR=/scratch/bdw2292/Gau-ModifiedRes g09 ModifiedRes-opt-3-7-8-9-311.com has not terminated on node node38
Tue Dec 31 09:06:53 2019 GAUSS_SCRDIR=/scratch/bdw2292/Gau-ModifiedRes g09 ModifiedRes-opt-3-7-8-9-341.com has not terminated on node node40
Tue Dec 31 09:06:53 2019 GAUSS_SCRDIR=/scratch/bdw2292/Gau-ModifiedRes g09 ModifiedRes-opt-3-7-8-9-161.com has terminated on node node42
Tue Dec 31 09:06:53 2019 GAUSS_SCRDIR=/scratch/bdw2292/Gau-ModifiedRes g09 ModifiedRes-opt-3-7-8-9-131.com has not terminated on node node43
Tue Dec 31 09:06:53 2019 GAUSS_SCRDIR=/scratch/bdw2292/Gau-ModifiedRes g09 ModifiedRes-opt-3-7-8-9-101.com has not terminated on node node44
Tue Dec 31 09:06:53 2019 GAUSS_SCRDIR=/scratch/bdw2292/Gau-ModifiedRes g09 ModifiedRes-opt-3-7-8-9-071.com has not terminated on node node45
Tue Dec 31 09:06:53 2019 GAUSS_SCRDIR=/scratch/bdw2292/Gau-ModifiedRes g09 ModifiedRes-opt-3-7-8-9-041.com has not terminated on node node46
Tue Dec 31 09:06:53 2019 GAUSS_SCRDIR=/scratch/bdw2292/Gau-ModifiedRes g09 ModifiedRes-opt-3-7-8-9-011.com has not terminated on node node47
Tue Dec 31 09:06:58 2019 Sleeping for 5 seconds
Tue Dec 31 09:06:58 2019 GAUSS_SCRDIR=/scratch/bdw2292/Gau-ModifiedRes g09 ModifiedRes-opt-3-7-8-9-221.com has not terminated on node node35
Tue Dec 31 09:06:58 2019 GAUSS_SCRDIR=/scratch/bdw2292/Gau-ModifiedRes g09 ModifiedRes-opt-3-7-8-9-251.com has not terminated on node node36
Tue Dec 31 09:06:58 2019 GAUSS_SCRDIR=/scratch/bdw2292/Gau-ModifiedRes g09 ModifiedRes-opt-3-7-8-9-281.com has terminated on node node37
Tue Dec 31 09:06:58 2019 GAUSS_SCRDIR=/scratch/bdw2292/Gau-ModifiedRes g09 ModifiedRes-opt-3-7-8-9-311.com has not terminated on node node38
Tue Dec 31 09:06:58 2019 GAUSS_SCRDIR=/scratch/bdw2292/Gau-ModifiedRes g09 ModifiedRes-opt-3-7-8-9-341.com has not terminated on node node40
Tue Dec 31 09:06:58 2019 GAUSS_SCRDIR=/scratch/bdw2292/Gau-ModifiedRes g09 ModifiedRes-opt-3-7-8-9-131.com has not terminated on node node43
Tue Dec 31 09:06:58 2019 GAUSS_SCRDIR=/scratch/bdw2292/Gau-ModifiedRes g09 ModifiedRes-opt-3-7-8-9-101.com has not terminated on node node44
Tue Dec 31 09:06:58 2019 GAUSS_SCRDIR=/scratch/bdw2292/Gau-ModifiedRes g09 ModifiedRes-opt-3-7-8-9-071.com has not terminated on node node45
Tue Dec 31 09:06:58 2019 GAUSS_SCRDIR=/scratch/bdw2292/Gau-ModifiedRes g09 ModifiedRes-opt-3-7-8-9-041.com has not terminated on node node46
Tue Dec 31 09:06:58 2019 GAUSS_SCRDIR=/scratch/bdw2292/Gau-ModifiedRes g09 ModifiedRes-opt-3-7-8-9-011.com has not terminated on node node47
Tue Dec 31 09:07:03 2019 Sleeping for 5 seconds
Tue Dec 31 09:07:03 2019 GAUSS_SCRDIR=/scratch/bdw2292/Gau-ModifiedRes g09 ModifiedRes-opt-3-7-8-9-221.com has not terminated on node node35
Tue Dec 31 09:07:03 2019 GAUSS_SCRDIR=/scratch/bdw2292/Gau-ModifiedRes g09 ModifiedRes-opt-3-7-8-9-251.com has not terminated on node node36
Tue Dec 31 09:07:03 2019 GAUSS_SCRDIR=/scratch/bdw2292/Gau-ModifiedRes g09 ModifiedRes-opt-3-7-8-9-311.com has not terminated on node node38
Tue Dec 31 09:07:03 2019 GAUSS_SCRDIR=/scratch/bdw2292/Gau-ModifiedRes g09 ModifiedRes-opt-3-7-8-9-341.com has not terminated on node node40
Tue Dec 31 09:07:03 2019 GAUSS_SCRDIR=/scratch/bdw2292/Gau-ModifiedRes g09 ModifiedRes-opt-3-7-8-9-131.com has not terminated on node node43
Tue Dec 31 09:07:03 2019 GAUSS_SCRDIR=/scratch/bdw2292/Gau-ModifiedRes g09 ModifiedRes-opt-3-7-8-9-101.com has terminated on node node44
Tue Dec 31 09:07:03 2019 GAUSS_SCRDIR=/scratch/bdw2292/Gau-ModifiedRes g09 ModifiedRes-opt-3-7-8-9-071.com has terminated on node node45
Tue Dec 31 09:07:03 2019 GAUSS_SCRDIR=/scratch/bdw2292/Gau-ModifiedRes g09 ModifiedRes-opt-3-7-8-9-041.com has not terminated on node node46
Tue Dec 31 09:07:03 2019 GAUSS_SCRDIR=/scratch/bdw2292/Gau-ModifiedRes g09 ModifiedRes-opt-3-7-8-9-011.com has not terminated on node node47
Tue Dec 31 09:07:08 2019 Sleeping for 5 seconds
Tue Dec 31 09:07:08 2019 GAUSS_SCRDIR=/scratch/bdw2292/Gau-ModifiedRes g09 ModifiedRes-opt-3-7-8-9-221.com has not terminated on node node35
Tue Dec 31 09:07:08 2019 GAUSS_SCRDIR=/scratch/bdw2292/Gau-ModifiedRes g09 ModifiedRes-opt-3-7-8-9-251.com has not terminated on node node36
Tue Dec 31 09:07:08 2019 GAUSS_SCRDIR=/scratch/bdw2292/Gau-ModifiedRes g09 ModifiedRes-opt-3-7-8-9-311.com has not terminated on node node38
Tue Dec 31 09:07:08 2019 GAUSS_SCRDIR=/scratch/bdw2292/Gau-ModifiedRes g09 ModifiedRes-opt-3-7-8-9-341.com has terminated on node node40
Tue Dec 31 09:07:08 2019 GAUSS_SCRDIR=/scratch/bdw2292/Gau-ModifiedRes g09 ModifiedRes-opt-3-7-8-9-131.com has not terminated on node node43
Tue Dec 31 09:07:08 2019 GAUSS_SCRDIR=/scratch/bdw2292/Gau-ModifiedRes g09 ModifiedRes-opt-3-7-8-9-041.com has not terminated on node node46
Tue Dec 31 09:07:08 2019 GAUSS_SCRDIR=/scratch/bdw2292/Gau-ModifiedRes g09 ModifiedRes-opt-3-7-8-9-011.com has not terminated on node node47
Tue Dec 31 09:07:13 2019 Sleeping for 5 seconds
Tue Dec 31 09:07:13 2019 GAUSS_SCRDIR=/scratch/bdw2292/Gau-ModifiedRes g09 ModifiedRes-opt-3-7-8-9-221.com has not terminated on node node35
Tue Dec 31 09:07:13 2019 GAUSS_SCRDIR=/scratch/bdw2292/Gau-ModifiedRes g09 ModifiedRes-opt-3-7-8-9-251.com has not terminated on node node36
Tue Dec 31 09:07:13 2019 GAUSS_SCRDIR=/scratch/bdw2292/Gau-ModifiedRes g09 ModifiedRes-opt-3-7-8-9-311.com has not terminated on node node38
Tue Dec 31 09:07:13 2019 GAUSS_SCRDIR=/scratch/bdw2292/Gau-ModifiedRes g09 ModifiedRes-opt-3-7-8-9-131.com has not terminated on node node43
Tue Dec 31 09:07:13 2019 GAUSS_SCRDIR=/scratch/bdw2292/Gau-ModifiedRes g09 ModifiedRes-opt-3-7-8-9-041.com has not terminated on node node46
Tue Dec 31 09:07:13 2019 GAUSS_SCRDIR=/scratch/bdw2292/Gau-ModifiedRes g09 ModifiedRes-opt-3-7-8-9-011.com has not terminated on node node47
Tue Dec 31 09:07:18 2019 Sleeping for 5 seconds
Tue Dec 31 09:07:18 2019 GAUSS_SCRDIR=/scratch/bdw2292/Gau-ModifiedRes g09 ModifiedRes-opt-3-7-8-9-221.com has not terminated on node node35
Tue Dec 31 09:07:18 2019 GAUSS_SCRDIR=/scratch/bdw2292/Gau-ModifiedRes g09 ModifiedRes-opt-3-7-8-9-251.com has not terminated on node node36
Tue Dec 31 09:07:18 2019 GAUSS_SCRDIR=/scratch/bdw2292/Gau-ModifiedRes g09 ModifiedRes-opt-3-7-8-9-311.com has not terminated on node node38
Tue Dec 31 09:07:18 2019 GAUSS_SCRDIR=/scratch/bdw2292/Gau-ModifiedRes g09 ModifiedRes-opt-3-7-8-9-131.com has not terminated on node node43
Tue Dec 31 09:07:18 2019 GAUSS_SCRDIR=/scratch/bdw2292/Gau-ModifiedRes g09 ModifiedRes-opt-3-7-8-9-041.com has terminated on node node46
Tue Dec 31 09:07:18 2019 GAUSS_SCRDIR=/scratch/bdw2292/Gau-ModifiedRes g09 ModifiedRes-opt-3-7-8-9-011.com has not terminated on node node47
Tue Dec 31 09:07:23 2019 Sleeping for 5 seconds
Tue Dec 31 09:07:23 2019 GAUSS_SCRDIR=/scratch/bdw2292/Gau-ModifiedRes g09 ModifiedRes-opt-3-7-8-9-221.com has not terminated on node node35
Tue Dec 31 09:07:23 2019 GAUSS_SCRDIR=/scratch/bdw2292/Gau-ModifiedRes g09 ModifiedRes-opt-3-7-8-9-251.com has not terminated on node node36
Tue Dec 31 09:07:23 2019 GAUSS_SCRDIR=/scratch/bdw2292/Gau-ModifiedRes g09 ModifiedRes-opt-3-7-8-9-311.com has not terminated on node node38
Tue Dec 31 09:07:23 2019 GAUSS_SCRDIR=/scratch/bdw2292/Gau-ModifiedRes g09 ModifiedRes-opt-3-7-8-9-131.com has not terminated on node node43
Tue Dec 31 09:07:23 2019 GAUSS_SCRDIR=/scratch/bdw2292/Gau-ModifiedRes g09 ModifiedRes-opt-3-7-8-9-011.com has not terminated on node node47
Tue Dec 31 09:07:28 2019 Sleeping for 5 seconds
Tue Dec 31 09:07:28 2019 GAUSS_SCRDIR=/scratch/bdw2292/Gau-ModifiedRes g09 ModifiedRes-opt-3-7-8-9-221.com has not terminated on node node35
Tue Dec 31 09:07:28 2019 GAUSS_SCRDIR=/scratch/bdw2292/Gau-ModifiedRes g09 ModifiedRes-opt-3-7-8-9-251.com has not terminated on node node36
Tue Dec 31 09:07:28 2019 GAUSS_SCRDIR=/scratch/bdw2292/Gau-ModifiedRes g09 ModifiedRes-opt-3-7-8-9-311.com has not terminated on node node38
Tue Dec 31 09:07:28 2019 GAUSS_SCRDIR=/scratch/bdw2292/Gau-ModifiedRes g09 ModifiedRes-opt-3-7-8-9-131.com has not terminated on node node43
Tue Dec 31 09:07:28 2019 GAUSS_SCRDIR=/scratch/bdw2292/Gau-ModifiedRes g09 ModifiedRes-opt-3-7-8-9-011.com has not terminated on node node47
Tue Dec 31 09:07:33 2019 Sleeping for 5 seconds
Tue Dec 31 09:07:33 2019 GAUSS_SCRDIR=/scratch/bdw2292/Gau-ModifiedRes g09 ModifiedRes-opt-3-7-8-9-221.com has not terminated on node node35
Tue Dec 31 09:07:33 2019 GAUSS_SCRDIR=/scratch/bdw2292/Gau-ModifiedRes g09 ModifiedRes-opt-3-7-8-9-251.com has not terminated on node node36
Tue Dec 31 09:07:33 2019 GAUSS_SCRDIR=/scratch/bdw2292/Gau-ModifiedRes g09 ModifiedRes-opt-3-7-8-9-311.com has not terminated on node node38
Tue Dec 31 09:07:33 2019 GAUSS_SCRDIR=/scratch/bdw2292/Gau-ModifiedRes g09 ModifiedRes-opt-3-7-8-9-131.com has not terminated on node node43
Tue Dec 31 09:07:33 2019 GAUSS_SCRDIR=/scratch/bdw2292/Gau-ModifiedRes g09 ModifiedRes-opt-3-7-8-9-011.com has not terminated on node node47
Tue Dec 31 09:07:38 2019 Sleeping for 5 seconds
Tue Dec 31 09:07:38 2019 GAUSS_SCRDIR=/scratch/bdw2292/Gau-ModifiedRes g09 ModifiedRes-opt-3-7-8-9-221.com has not terminated on node node35
Tue Dec 31 09:07:38 2019 GAUSS_SCRDIR=/scratch/bdw2292/Gau-ModifiedRes g09 ModifiedRes-opt-3-7-8-9-251.com has not terminated on node node36
Tue Dec 31 09:07:38 2019 GAUSS_SCRDIR=/scratch/bdw2292/Gau-ModifiedRes g09 ModifiedRes-opt-3-7-8-9-311.com has terminated on node node38
Tue Dec 31 09:07:38 2019 GAUSS_SCRDIR=/scratch/bdw2292/Gau-ModifiedRes g09 ModifiedRes-opt-3-7-8-9-131.com has not terminated on node node43
Tue Dec 31 09:07:38 2019 GAUSS_SCRDIR=/scratch/bdw2292/Gau-ModifiedRes g09 ModifiedRes-opt-3-7-8-9-011.com has not terminated on node node47
Tue Dec 31 09:07:43 2019 Sleeping for 5 seconds
Tue Dec 31 09:07:43 2019 GAUSS_SCRDIR=/scratch/bdw2292/Gau-ModifiedRes g09 ModifiedRes-opt-3-7-8-9-221.com has not terminated on node node35
Tue Dec 31 09:07:43 2019 GAUSS_SCRDIR=/scratch/bdw2292/Gau-ModifiedRes g09 ModifiedRes-opt-3-7-8-9-251.com has not terminated on node node36
Tue Dec 31 09:07:43 2019 GAUSS_SCRDIR=/scratch/bdw2292/Gau-ModifiedRes g09 ModifiedRes-opt-3-7-8-9-131.com has not terminated on node node43
Tue Dec 31 09:07:43 2019 GAUSS_SCRDIR=/scratch/bdw2292/Gau-ModifiedRes g09 ModifiedRes-opt-3-7-8-9-011.com has not terminated on node node47
Tue Dec 31 09:07:48 2019 Sleeping for 5 seconds
Tue Dec 31 09:07:48 2019 GAUSS_SCRDIR=/scratch/bdw2292/Gau-ModifiedRes g09 ModifiedRes-opt-3-7-8-9-221.com has not terminated on node node35
Tue Dec 31 09:07:48 2019 GAUSS_SCRDIR=/scratch/bdw2292/Gau-ModifiedRes g09 ModifiedRes-opt-3-7-8-9-251.com has not terminated on node node36
Tue Dec 31 09:07:48 2019 GAUSS_SCRDIR=/scratch/bdw2292/Gau-ModifiedRes g09 ModifiedRes-opt-3-7-8-9-131.com has terminated on node node43
Tue Dec 31 09:07:48 2019 GAUSS_SCRDIR=/scratch/bdw2292/Gau-ModifiedRes g09 ModifiedRes-opt-3-7-8-9-011.com has not terminated on node node47
Tue Dec 31 09:07:53 2019 Sleeping for 5 seconds
Tue Dec 31 09:07:53 2019 GAUSS_SCRDIR=/scratch/bdw2292/Gau-ModifiedRes g09 ModifiedRes-opt-3-7-8-9-221.com has not terminated on node node35
Tue Dec 31 09:07:53 2019 GAUSS_SCRDIR=/scratch/bdw2292/Gau-ModifiedRes g09 ModifiedRes-opt-3-7-8-9-251.com has not terminated on node node36
Tue Dec 31 09:07:53 2019 GAUSS_SCRDIR=/scratch/bdw2292/Gau-ModifiedRes g09 ModifiedRes-opt-3-7-8-9-011.com has not terminated on node node47
Tue Dec 31 09:07:58 2019 Sleeping for 5 seconds
Tue Dec 31 09:07:58 2019 GAUSS_SCRDIR=/scratch/bdw2292/Gau-ModifiedRes g09 ModifiedRes-opt-3-7-8-9-221.com has not terminated on node node35
Tue Dec 31 09:07:58 2019 GAUSS_SCRDIR=/scratch/bdw2292/Gau-ModifiedRes g09 ModifiedRes-opt-3-7-8-9-251.com has not terminated on node node36
Tue Dec 31 09:07:58 2019 GAUSS_SCRDIR=/scratch/bdw2292/Gau-ModifiedRes g09 ModifiedRes-opt-3-7-8-9-011.com has terminated on node node47
Tue Dec 31 09:08:03 2019 Sleeping for 5 seconds
Tue Dec 31 09:08:03 2019 GAUSS_SCRDIR=/scratch/bdw2292/Gau-ModifiedRes g09 ModifiedRes-opt-3-7-8-9-221.com has not terminated on node node35
Tue Dec 31 09:08:03 2019 GAUSS_SCRDIR=/scratch/bdw2292/Gau-ModifiedRes g09 ModifiedRes-opt-3-7-8-9-251.com has terminated on node node36
Tue Dec 31 09:08:08 2019 Sleeping for 5 seconds
Tue Dec 31 09:08:08 2019 GAUSS_SCRDIR=/scratch/bdw2292/Gau-ModifiedRes g09 ModifiedRes-opt-3-7-8-9-221.com has terminated on node node35
Tue Dec 31 09:08:13 2019 Sleeping for 5 seconds
Tue Dec 31 09:08:13 2019 All jobs have finished 
