Tue Dec 31 08:55:53 2019 Calling: ssh node35 "cd /home/bdw2292/poltype/Examples/ModifiedAminoAcid/qm-torsion;source /home/bdw2292/.poltype.bashrc;mkdir /scratch/bdw2292/Gau-ModifiedRes"
Tue Dec 31 08:55:55 2019 Calling: ssh node35 "cd /home/bdw2292/poltype/Examples/ModifiedAminoAcid/qm-torsion;source /home/bdw2292/.poltype.bashrc;GAUSS_SCRDIR=/scratch/bdw2292/Gau-ModifiedRes g09 ModifiedRes-opt-1-3-7-8-324.com"
Tue Dec 31 08:55:55 2019 Calling: ssh node36 "cd /home/bdw2292/poltype/Examples/ModifiedAminoAcid/qm-torsion;source /home/bdw2292/.poltype.bashrc;mkdir /scratch/bdw2292/Gau-ModifiedRes"
mkdir: cannot create directory ‘/scratch/bdw2292/Gau-ModifiedRes’: File exists
mkdir: cannot create directory ‘/scratch/bdw2292/Gau-ModifiedRes’: File exists
Tue Dec 31 08:55:57 2019 Calling: ssh node36 "cd /home/bdw2292/poltype/Examples/ModifiedAminoAcid/qm-torsion;source /home/bdw2292/.poltype.bashrc;GAUSS_SCRDIR=/scratch/bdw2292/Gau-ModifiedRes g09 ModifiedRes-opt-1-3-7-8-343.com"
Tue Dec 31 08:55:57 2019 Calling: ssh node37 "cd /home/bdw2292/poltype/Examples/ModifiedAminoAcid/qm-torsion;source /home/bdw2292/.poltype.bashrc;mkdir /scratch/bdw2292/Gau-ModifiedRes"
mkdir: cannot create directory ‘/scratch/bdw2292/Gau-ModifiedRes’: File exists
Tue Dec 31 08:55:59 2019 Calling: ssh node37 "cd /home/bdw2292/poltype/Examples/ModifiedAminoAcid/qm-torsion;source /home/bdw2292/.poltype.bashrc;GAUSS_SCRDIR=/scratch/bdw2292/Gau-ModifiedRes g09 ModifiedRes-opt-1-3-7-8-002.com"
Tue Dec 31 08:55:59 2019 Calling: ssh node38 "cd /home/bdw2292/poltype/Examples/ModifiedAminoAcid/qm-torsion;source /home/bdw2292/.poltype.bashrc;mkdir /scratch/bdw2292/Gau-ModifiedRes"
Tue Dec 31 08:56:01 2019 Calling: ssh node38 "cd /home/bdw2292/poltype/Examples/ModifiedAminoAcid/qm-torsion;source /home/bdw2292/.poltype.bashrc;GAUSS_SCRDIR=/scratch/bdw2292/Gau-ModifiedRes g09 ModifiedRes-opt-1-3-7-8-021.com"
Tue Dec 31 08:56:01 2019 Calling: ssh node40 "cd /home/bdw2292/poltype/Examples/ModifiedAminoAcid/qm-torsion;source /home/bdw2292/.poltype.bashrc;mkdir /scratch/bdw2292/Gau-ModifiedRes"
mkdir: cannot create directory `/scratch/bdw2292/Gau-ModifiedRes': File exists
mkdir: cannot create directory `/scratch/bdw2292/Gau-ModifiedRes': File exists
Tue Dec 31 08:56:03 2019 Calling: ssh node40 "cd /home/bdw2292/poltype/Examples/ModifiedAminoAcid/qm-torsion;source /home/bdw2292/.poltype.bashrc;GAUSS_SCRDIR=/scratch/bdw2292/Gau-ModifiedRes g09 ModifiedRes-opt-1-3-7-8-040.com"
Tue Dec 31 08:56:03 2019 Calling: ssh node42 "cd /home/bdw2292/poltype/Examples/ModifiedAminoAcid/qm-torsion;source /home/bdw2292/.poltype.bashrc;mkdir /scratch/bdw2292/Gau-ModifiedRes"
mkdir: cannot create directory `/scratch/bdw2292/Gau-ModifiedRes': File exists
Tue Dec 31 08:56:05 2019 Calling: ssh node42 "cd /home/bdw2292/poltype/Examples/ModifiedAminoAcid/qm-torsion;source /home/bdw2292/.poltype.bashrc;GAUSS_SCRDIR=/scratch/bdw2292/Gau-ModifiedRes g09 ModifiedRes-opt-1-3-7-8-059.com"
Tue Dec 31 08:56:05 2019 Calling: ssh node43 "cd /home/bdw2292/poltype/Examples/ModifiedAminoAcid/qm-torsion;source /home/bdw2292/.poltype.bashrc;mkdir /scratch/bdw2292/Gau-ModifiedRes"
Tue Dec 31 08:56:07 2019 Calling: ssh node43 "cd /home/bdw2292/poltype/Examples/ModifiedAminoAcid/qm-torsion;source /home/bdw2292/.poltype.bashrc;GAUSS_SCRDIR=/scratch/bdw2292/Gau-ModifiedRes g09 ModifiedRes-opt-1-3-7-8-078.com"
Tue Dec 31 08:56:07 2019 Calling: ssh node44 "cd /home/bdw2292/poltype/Examples/ModifiedAminoAcid/qm-torsion;source /home/bdw2292/.poltype.bashrc;mkdir /scratch/bdw2292/Gau-ModifiedRes"
mkdir: cannot create directory ‘/scratch/bdw2292/Gau-ModifiedRes’: File exists
Tue Dec 31 08:56:09 2019 Calling: ssh node44 "cd /home/bdw2292/poltype/Examples/ModifiedAminoAcid/qm-torsion;source /home/bdw2292/.poltype.bashrc;GAUSS_SCRDIR=/scratch/bdw2292/Gau-ModifiedRes g09 ModifiedRes-opt-1-3-7-8-097.com"
Tue Dec 31 08:56:09 2019 Calling: ssh node45 "cd /home/bdw2292/poltype/Examples/ModifiedAminoAcid/qm-torsion;source /home/bdw2292/.poltype.bashrc;mkdir /scratch/bdw2292/Gau-ModifiedRes"
mkdir: cannot create directory `/scratch/bdw2292/Gau-ModifiedRes': File exists
Tue Dec 31 08:56:11 2019 Calling: ssh node45 "cd /home/bdw2292/poltype/Examples/ModifiedAminoAcid/qm-torsion;source /home/bdw2292/.poltype.bashrc;GAUSS_SCRDIR=/scratch/bdw2292/Gau-ModifiedRes g09 ModifiedRes-opt-1-3-7-8-287.com"
Tue Dec 31 08:56:11 2019 Calling: ssh node46 "cd /home/bdw2292/poltype/Examples/ModifiedAminoAcid/qm-torsion;source /home/bdw2292/.poltype.bashrc;mkdir /scratch/bdw2292/Gau-ModifiedRes"
mkdir: cannot create directory `/scratch/bdw2292/Gau-ModifiedRes': File exists
mkdir: cannot create directory `/scratch/bdw2292/Gau-ModifiedRes': File exists
Tue Dec 31 08:56:13 2019 Calling: ssh node46 "cd /home/bdw2292/poltype/Examples/ModifiedAminoAcid/qm-torsion;source /home/bdw2292/.poltype.bashrc;GAUSS_SCRDIR=/scratch/bdw2292/Gau-ModifiedRes g09 ModifiedRes-opt-1-3-7-8-268.com"
Tue Dec 31 08:56:13 2019 Calling: ssh node47 "cd /home/bdw2292/poltype/Examples/ModifiedAminoAcid/qm-torsion;source /home/bdw2292/.poltype.bashrc;mkdir /scratch/bdw2292/Gau-ModifiedRes"
Tue Dec 31 08:56:15 2019 Calling: ssh node47 "cd /home/bdw2292/poltype/Examples/ModifiedAminoAcid/qm-torsion;source /home/bdw2292/.poltype.bashrc;GAUSS_SCRDIR=/scratch/bdw2292/Gau-ModifiedRes g09 ModifiedRes-opt-1-3-7-8-249.com"
Tue Dec 31 08:56:15 2019 Calling: ssh node48 "cd /home/bdw2292/poltype/Examples/ModifiedAminoAcid/qm-torsion;source /home/bdw2292/.poltype.bashrc;mkdir /scratch/bdw2292/Gau-ModifiedRes"
mkdir: cannot create directory `/scratch/bdw2292/Gau-ModifiedRes': File exists
mkdir: cannot create directory `/scratch/bdw2292/Gau-ModifiedRes': File exists
Tue Dec 31 08:56:17 2019 Calling: ssh node48 "cd /home/bdw2292/poltype/Examples/ModifiedAminoAcid/qm-torsion;source /home/bdw2292/.poltype.bashrc;GAUSS_SCRDIR=/scratch/bdw2292/Gau-ModifiedRes g09 ModifiedRes-opt-1-3-7-8-230.com"
Tue Dec 31 08:56:17 2019 Calling: ssh node49 "cd /home/bdw2292/poltype/Examples/ModifiedAminoAcid/qm-torsion;source /home/bdw2292/.poltype.bashrc;mkdir /scratch/bdw2292/Gau-ModifiedRes"
Tue Dec 31 08:56:19 2019 Calling: ssh node49 "cd /home/bdw2292/poltype/Examples/ModifiedAminoAcid/qm-torsion;source /home/bdw2292/.poltype.bashrc;GAUSS_SCRDIR=/scratch/bdw2292/Gau-ModifiedRes g09 ModifiedRes-opt-1-3-7-8-211.com"
Tue Dec 31 08:56:19 2019 Calling: ssh node50 "cd /home/bdw2292/poltype/Examples/ModifiedAminoAcid/qm-torsion;source /home/bdw2292/.poltype.bashrc;mkdir /scratch/bdw2292/Gau-ModifiedRes"
mkdir: cannot create directory `/scratch/bdw2292/Gau-ModifiedRes': File exists
Tue Dec 31 08:56:21 2019 Calling: ssh node50 "cd /home/bdw2292/poltype/Examples/ModifiedAminoAcid/qm-torsion;source /home/bdw2292/.poltype.bashrc;GAUSS_SCRDIR=/scratch/bdw2292/Gau-ModifiedRes g09 ModifiedRes-opt-1-3-7-8-192.com"
Tue Dec 31 08:56:21 2019 Calling: ssh node51 "cd /home/bdw2292/poltype/Examples/ModifiedAminoAcid/qm-torsion;source /home/bdw2292/.poltype.bashrc;mkdir /scratch/bdw2292/Gau-ModifiedRes"
mkdir: cannot create directory `/scratch/bdw2292/Gau-ModifiedRes': File exists
mkdir: cannot create directory `/scratch/bdw2292/Gau-ModifiedRes': File exists
Tue Dec 31 08:56:23 2019 Calling: ssh node51 "cd /home/bdw2292/poltype/Examples/ModifiedAminoAcid/qm-torsion;source /home/bdw2292/.poltype.bashrc;GAUSS_SCRDIR=/scratch/bdw2292/Gau-ModifiedRes g09 ModifiedRes-opt-1-3-7-8-173.com"
Tue Dec 31 08:56:23 2019 Calling: ssh node52 "cd /home/bdw2292/poltype/Examples/ModifiedAminoAcid/qm-torsion;source /home/bdw2292/.poltype.bashrc;mkdir /scratch/bdw2292/Gau-ModifiedRes"
mkdir: cannot create directory `/scratch/bdw2292/Gau-ModifiedRes': File exists
Tue Dec 31 08:56:25 2019 Calling: ssh node52 "cd /home/bdw2292/poltype/Examples/ModifiedAminoAcid/qm-torsion;source /home/bdw2292/.poltype.bashrc;GAUSS_SCRDIR=/scratch/bdw2292/Gau-ModifiedRes g09 ModifiedRes-opt-1-3-7-8-154.com"
Tue Dec 31 08:56:25 2019 Calling: ssh node53 "cd /home/bdw2292/poltype/Examples/ModifiedAminoAcid/qm-torsion;source /home/bdw2292/.poltype.bashrc;mkdir /scratch/bdw2292/Gau-ModifiedRes"
Tue Dec 31 08:56:27 2019 Calling: ssh node53 "cd /home/bdw2292/poltype/Examples/ModifiedAminoAcid/qm-torsion;source /home/bdw2292/.poltype.bashrc;GAUSS_SCRDIR=/scratch/bdw2292/Gau-ModifiedRes g09 ModifiedRes-opt-1-3-7-8-135.com"
Tue Dec 31 08:56:27 2019 Calling: ssh node54 "cd /home/bdw2292/poltype/Examples/ModifiedAminoAcid/qm-torsion;source /home/bdw2292/.poltype.bashrc;mkdir /scratch/bdw2292/Gau-ModifiedRes"
mkdir: cannot create directory `/scratch/bdw2292/Gau-ModifiedRes': File exists
mkdir: cannot create directory `/scratch/bdw2292/Gau-ModifiedRes': File exists
Tue Dec 31 08:56:29 2019 Calling: ssh node54 "cd /home/bdw2292/poltype/Examples/ModifiedAminoAcid/qm-torsion;source /home/bdw2292/.poltype.bashrc;GAUSS_SCRDIR=/scratch/bdw2292/Gau-ModifiedRes g09 ModifiedRes-opt-1-3-7-8-116.com"
Tue Dec 31 08:56:34 2019 Sleeping for 5 seconds
Tue Dec 31 08:56:34 2019 GAUSS_SCRDIR=/scratch/bdw2292/Gau-ModifiedRes g09 ModifiedRes-opt-1-3-7-8-324.com has not terminated on node node35
Tue Dec 31 08:56:34 2019 GAUSS_SCRDIR=/scratch/bdw2292/Gau-ModifiedRes g09 ModifiedRes-opt-1-3-7-8-343.com has not terminated on node node36
Tue Dec 31 08:56:34 2019 GAUSS_SCRDIR=/scratch/bdw2292/Gau-ModifiedRes g09 ModifiedRes-opt-1-3-7-8-002.com has not terminated on node node37
Tue Dec 31 08:56:34 2019 GAUSS_SCRDIR=/scratch/bdw2292/Gau-ModifiedRes g09 ModifiedRes-opt-1-3-7-8-021.com has not terminated on node node38
Tue Dec 31 08:56:34 2019 GAUSS_SCRDIR=/scratch/bdw2292/Gau-ModifiedRes g09 ModifiedRes-opt-1-3-7-8-040.com has not terminated on node node40
Tue Dec 31 08:56:34 2019 GAUSS_SCRDIR=/scratch/bdw2292/Gau-ModifiedRes g09 ModifiedRes-opt-1-3-7-8-059.com has not terminated on node node42
Tue Dec 31 08:56:34 2019 GAUSS_SCRDIR=/scratch/bdw2292/Gau-ModifiedRes g09 ModifiedRes-opt-1-3-7-8-078.com has not terminated on node node43
Tue Dec 31 08:56:34 2019 GAUSS_SCRDIR=/scratch/bdw2292/Gau-ModifiedRes g09 ModifiedRes-opt-1-3-7-8-097.com has not terminated on node node44
Tue Dec 31 08:56:34 2019 GAUSS_SCRDIR=/scratch/bdw2292/Gau-ModifiedRes g09 ModifiedRes-opt-1-3-7-8-287.com has not terminated on node node45
Tue Dec 31 08:56:34 2019 GAUSS_SCRDIR=/scratch/bdw2292/Gau-ModifiedRes g09 ModifiedRes-opt-1-3-7-8-268.com has not terminated on node node46
Tue Dec 31 08:56:34 2019 GAUSS_SCRDIR=/scratch/bdw2292/Gau-ModifiedRes g09 ModifiedRes-opt-1-3-7-8-249.com has not terminated on node node47
Tue Dec 31 08:56:34 2019 GAUSS_SCRDIR=/scratch/bdw2292/Gau-ModifiedRes g09 ModifiedRes-opt-1-3-7-8-230.com has not terminated on node node48
Tue Dec 31 08:56:34 2019 GAUSS_SCRDIR=/scratch/bdw2292/Gau-ModifiedRes g09 ModifiedRes-opt-1-3-7-8-211.com has not terminated on node node49
Tue Dec 31 08:56:34 2019 GAUSS_SCRDIR=/scratch/bdw2292/Gau-ModifiedRes g09 ModifiedRes-opt-1-3-7-8-192.com has not terminated on node node50
Tue Dec 31 08:56:34 2019 GAUSS_SCRDIR=/scratch/bdw2292/Gau-ModifiedRes g09 ModifiedRes-opt-1-3-7-8-173.com has not terminated on node node51
Tue Dec 31 08:56:34 2019 GAUSS_SCRDIR=/scratch/bdw2292/Gau-ModifiedRes g09 ModifiedRes-opt-1-3-7-8-154.com has not terminated on node node52
Tue Dec 31 08:56:34 2019 GAUSS_SCRDIR=/scratch/bdw2292/Gau-ModifiedRes g09 ModifiedRes-opt-1-3-7-8-135.com has not terminated on node node53
Tue Dec 31 08:56:34 2019 GAUSS_SCRDIR=/scratch/bdw2292/Gau-ModifiedRes g09 ModifiedRes-opt-1-3-7-8-116.com has not terminated on node node54
Tue Dec 31 08:56:39 2019 Sleeping for 5 seconds
Tue Dec 31 08:56:39 2019 GAUSS_SCRDIR=/scratch/bdw2292/Gau-ModifiedRes g09 ModifiedRes-opt-1-3-7-8-324.com has not terminated on node node35
Tue Dec 31 08:56:39 2019 GAUSS_SCRDIR=/scratch/bdw2292/Gau-ModifiedRes g09 ModifiedRes-opt-1-3-7-8-343.com has not terminated on node node36
Tue Dec 31 08:56:39 2019 GAUSS_SCRDIR=/scratch/bdw2292/Gau-ModifiedRes g09 ModifiedRes-opt-1-3-7-8-002.com has not terminated on node node37
Tue Dec 31 08:56:39 2019 GAUSS_SCRDIR=/scratch/bdw2292/Gau-ModifiedRes g09 ModifiedRes-opt-1-3-7-8-021.com has not terminated on node node38
Tue Dec 31 08:56:39 2019 GAUSS_SCRDIR=/scratch/bdw2292/Gau-ModifiedRes g09 ModifiedRes-opt-1-3-7-8-040.com has not terminated on node node40
Tue Dec 31 08:56:39 2019 GAUSS_SCRDIR=/scratch/bdw2292/Gau-ModifiedRes g09 ModifiedRes-opt-1-3-7-8-059.com has not terminated on node node42
Tue Dec 31 08:56:39 2019 GAUSS_SCRDIR=/scratch/bdw2292/Gau-ModifiedRes g09 ModifiedRes-opt-1-3-7-8-078.com has not terminated on node node43
Tue Dec 31 08:56:39 2019 GAUSS_SCRDIR=/scratch/bdw2292/Gau-ModifiedRes g09 ModifiedRes-opt-1-3-7-8-097.com has not terminated on node node44
Tue Dec 31 08:56:39 2019 GAUSS_SCRDIR=/scratch/bdw2292/Gau-ModifiedRes g09 ModifiedRes-opt-1-3-7-8-287.com has not terminated on node node45
Tue Dec 31 08:56:39 2019 GAUSS_SCRDIR=/scratch/bdw2292/Gau-ModifiedRes g09 ModifiedRes-opt-1-3-7-8-268.com has not terminated on node node46
Tue Dec 31 08:56:39 2019 GAUSS_SCRDIR=/scratch/bdw2292/Gau-ModifiedRes g09 ModifiedRes-opt-1-3-7-8-249.com has not terminated on node node47
Tue Dec 31 08:56:39 2019 GAUSS_SCRDIR=/scratch/bdw2292/Gau-ModifiedRes g09 ModifiedRes-opt-1-3-7-8-230.com has not terminated on node node48
Tue Dec 31 08:56:39 2019 GAUSS_SCRDIR=/scratch/bdw2292/Gau-ModifiedRes g09 ModifiedRes-opt-1-3-7-8-211.com has not terminated on node node49
Tue Dec 31 08:56:39 2019 GAUSS_SCRDIR=/scratch/bdw2292/Gau-ModifiedRes g09 ModifiedRes-opt-1-3-7-8-192.com has not terminated on node node50
Tue Dec 31 08:56:39 2019 GAUSS_SCRDIR=/scratch/bdw2292/Gau-ModifiedRes g09 ModifiedRes-opt-1-3-7-8-173.com has not terminated on node node51
Tue Dec 31 08:56:39 2019 GAUSS_SCRDIR=/scratch/bdw2292/Gau-ModifiedRes g09 ModifiedRes-opt-1-3-7-8-154.com has not terminated on node node52
Tue Dec 31 08:56:39 2019 GAUSS_SCRDIR=/scratch/bdw2292/Gau-ModifiedRes g09 ModifiedRes-opt-1-3-7-8-135.com has not terminated on node node53
Tue Dec 31 08:56:39 2019 GAUSS_SCRDIR=/scratch/bdw2292/Gau-ModifiedRes g09 ModifiedRes-opt-1-3-7-8-116.com has not terminated on node node54
Tue Dec 31 08:56:44 2019 Sleeping for 5 seconds
Tue Dec 31 08:56:44 2019 GAUSS_SCRDIR=/scratch/bdw2292/Gau-ModifiedRes g09 ModifiedRes-opt-1-3-7-8-324.com has not terminated on node node35
Tue Dec 31 08:56:44 2019 GAUSS_SCRDIR=/scratch/bdw2292/Gau-ModifiedRes g09 ModifiedRes-opt-1-3-7-8-343.com has not terminated on node node36
Tue Dec 31 08:56:44 2019 GAUSS_SCRDIR=/scratch/bdw2292/Gau-ModifiedRes g09 ModifiedRes-opt-1-3-7-8-002.com has not terminated on node node37
Tue Dec 31 08:56:44 2019 GAUSS_SCRDIR=/scratch/bdw2292/Gau-ModifiedRes g09 ModifiedRes-opt-1-3-7-8-021.com has not terminated on node node38
Tue Dec 31 08:56:44 2019 GAUSS_SCRDIR=/scratch/bdw2292/Gau-ModifiedRes g09 ModifiedRes-opt-1-3-7-8-040.com has not terminated on node node40
Tue Dec 31 08:56:44 2019 GAUSS_SCRDIR=/scratch/bdw2292/Gau-ModifiedRes g09 ModifiedRes-opt-1-3-7-8-059.com has not terminated on node node42
Tue Dec 31 08:56:44 2019 GAUSS_SCRDIR=/scratch/bdw2292/Gau-ModifiedRes g09 ModifiedRes-opt-1-3-7-8-078.com has not terminated on node node43
Tue Dec 31 08:56:44 2019 GAUSS_SCRDIR=/scratch/bdw2292/Gau-ModifiedRes g09 ModifiedRes-opt-1-3-7-8-097.com has not terminated on node node44
Tue Dec 31 08:56:44 2019 GAUSS_SCRDIR=/scratch/bdw2292/Gau-ModifiedRes g09 ModifiedRes-opt-1-3-7-8-287.com has not terminated on node node45
Tue Dec 31 08:56:44 2019 GAUSS_SCRDIR=/scratch/bdw2292/Gau-ModifiedRes g09 ModifiedRes-opt-1-3-7-8-268.com has not terminated on node node46
Tue Dec 31 08:56:44 2019 GAUSS_SCRDIR=/scratch/bdw2292/Gau-ModifiedRes g09 ModifiedRes-opt-1-3-7-8-249.com has not terminated on node node47
Tue Dec 31 08:56:44 2019 GAUSS_SCRDIR=/scratch/bdw2292/Gau-ModifiedRes g09 ModifiedRes-opt-1-3-7-8-230.com has not terminated on node node48
Tue Dec 31 08:56:44 2019 GAUSS_SCRDIR=/scratch/bdw2292/Gau-ModifiedRes g09 ModifiedRes-opt-1-3-7-8-211.com has not terminated on node node49
Tue Dec 31 08:56:44 2019 GAUSS_SCRDIR=/scratch/bdw2292/Gau-ModifiedRes g09 ModifiedRes-opt-1-3-7-8-192.com has not terminated on node node50
Tue Dec 31 08:56:44 2019 GAUSS_SCRDIR=/scratch/bdw2292/Gau-ModifiedRes g09 ModifiedRes-opt-1-3-7-8-173.com has not terminated on node node51
Tue Dec 31 08:56:44 2019 GAUSS_SCRDIR=/scratch/bdw2292/Gau-ModifiedRes g09 ModifiedRes-opt-1-3-7-8-154.com has not terminated on node node52
Tue Dec 31 08:56:44 2019 GAUSS_SCRDIR=/scratch/bdw2292/Gau-ModifiedRes g09 ModifiedRes-opt-1-3-7-8-135.com has not terminated on node node53
Tue Dec 31 08:56:44 2019 GAUSS_SCRDIR=/scratch/bdw2292/Gau-ModifiedRes g09 ModifiedRes-opt-1-3-7-8-116.com has not terminated on node node54
Tue Dec 31 08:56:49 2019 Sleeping for 5 seconds
Tue Dec 31 08:56:49 2019 GAUSS_SCRDIR=/scratch/bdw2292/Gau-ModifiedRes g09 ModifiedRes-opt-1-3-7-8-324.com has not terminated on node node35
Tue Dec 31 08:56:49 2019 GAUSS_SCRDIR=/scratch/bdw2292/Gau-ModifiedRes g09 ModifiedRes-opt-1-3-7-8-343.com has not terminated on node node36
Tue Dec 31 08:56:49 2019 GAUSS_SCRDIR=/scratch/bdw2292/Gau-ModifiedRes g09 ModifiedRes-opt-1-3-7-8-002.com has not terminated on node node37
Tue Dec 31 08:56:49 2019 GAUSS_SCRDIR=/scratch/bdw2292/Gau-ModifiedRes g09 ModifiedRes-opt-1-3-7-8-021.com has not terminated on node node38
Tue Dec 31 08:56:49 2019 GAUSS_SCRDIR=/scratch/bdw2292/Gau-ModifiedRes g09 ModifiedRes-opt-1-3-7-8-040.com has not terminated on node node40
Tue Dec 31 08:56:49 2019 GAUSS_SCRDIR=/scratch/bdw2292/Gau-ModifiedRes g09 ModifiedRes-opt-1-3-7-8-059.com has not terminated on node node42
Tue Dec 31 08:56:49 2019 GAUSS_SCRDIR=/scratch/bdw2292/Gau-ModifiedRes g09 ModifiedRes-opt-1-3-7-8-078.com has not terminated on node node43
Tue Dec 31 08:56:49 2019 GAUSS_SCRDIR=/scratch/bdw2292/Gau-ModifiedRes g09 ModifiedRes-opt-1-3-7-8-097.com has not terminated on node node44
Tue Dec 31 08:56:49 2019 GAUSS_SCRDIR=/scratch/bdw2292/Gau-ModifiedRes g09 ModifiedRes-opt-1-3-7-8-287.com has not terminated on node node45
Tue Dec 31 08:56:49 2019 GAUSS_SCRDIR=/scratch/bdw2292/Gau-ModifiedRes g09 ModifiedRes-opt-1-3-7-8-268.com has not terminated on node node46
Tue Dec 31 08:56:49 2019 GAUSS_SCRDIR=/scratch/bdw2292/Gau-ModifiedRes g09 ModifiedRes-opt-1-3-7-8-249.com has not terminated on node node47
Tue Dec 31 08:56:49 2019 GAUSS_SCRDIR=/scratch/bdw2292/Gau-ModifiedRes g09 ModifiedRes-opt-1-3-7-8-230.com has not terminated on node node48
Tue Dec 31 08:56:49 2019 GAUSS_SCRDIR=/scratch/bdw2292/Gau-ModifiedRes g09 ModifiedRes-opt-1-3-7-8-211.com has not terminated on node node49
Tue Dec 31 08:56:49 2019 GAUSS_SCRDIR=/scratch/bdw2292/Gau-ModifiedRes g09 ModifiedRes-opt-1-3-7-8-192.com has not terminated on node node50
Tue Dec 31 08:56:49 2019 GAUSS_SCRDIR=/scratch/bdw2292/Gau-ModifiedRes g09 ModifiedRes-opt-1-3-7-8-173.com has not terminated on node node51
Tue Dec 31 08:56:49 2019 GAUSS_SCRDIR=/scratch/bdw2292/Gau-ModifiedRes g09 ModifiedRes-opt-1-3-7-8-154.com has not terminated on node node52
Tue Dec 31 08:56:49 2019 GAUSS_SCRDIR=/scratch/bdw2292/Gau-ModifiedRes g09 ModifiedRes-opt-1-3-7-8-135.com has not terminated on node node53
Tue Dec 31 08:56:49 2019 GAUSS_SCRDIR=/scratch/bdw2292/Gau-ModifiedRes g09 ModifiedRes-opt-1-3-7-8-116.com has not terminated on node node54
Tue Dec 31 08:56:54 2019 Sleeping for 5 seconds
Tue Dec 31 08:56:54 2019 GAUSS_SCRDIR=/scratch/bdw2292/Gau-ModifiedRes g09 ModifiedRes-opt-1-3-7-8-324.com has not terminated on node node35
Tue Dec 31 08:56:54 2019 GAUSS_SCRDIR=/scratch/bdw2292/Gau-ModifiedRes g09 ModifiedRes-opt-1-3-7-8-343.com has not terminated on node node36
Tue Dec 31 08:56:54 2019 GAUSS_SCRDIR=/scratch/bdw2292/Gau-ModifiedRes g09 ModifiedRes-opt-1-3-7-8-002.com has not terminated on node node37
Tue Dec 31 08:56:54 2019 GAUSS_SCRDIR=/scratch/bdw2292/Gau-ModifiedRes g09 ModifiedRes-opt-1-3-7-8-021.com has not terminated on node node38
Tue Dec 31 08:56:54 2019 GAUSS_SCRDIR=/scratch/bdw2292/Gau-ModifiedRes g09 ModifiedRes-opt-1-3-7-8-040.com has not terminated on node node40
Tue Dec 31 08:56:54 2019 GAUSS_SCRDIR=/scratch/bdw2292/Gau-ModifiedRes g09 ModifiedRes-opt-1-3-7-8-059.com has not terminated on node node42
Tue Dec 31 08:56:54 2019 GAUSS_SCRDIR=/scratch/bdw2292/Gau-ModifiedRes g09 ModifiedRes-opt-1-3-7-8-078.com has not terminated on node node43
Tue Dec 31 08:56:54 2019 GAUSS_SCRDIR=/scratch/bdw2292/Gau-ModifiedRes g09 ModifiedRes-opt-1-3-7-8-097.com has not terminated on node node44
Tue Dec 31 08:56:54 2019 GAUSS_SCRDIR=/scratch/bdw2292/Gau-ModifiedRes g09 ModifiedRes-opt-1-3-7-8-287.com has not terminated on node node45
Tue Dec 31 08:56:54 2019 GAUSS_SCRDIR=/scratch/bdw2292/Gau-ModifiedRes g09 ModifiedRes-opt-1-3-7-8-268.com has not terminated on node node46
Tue Dec 31 08:56:54 2019 GAUSS_SCRDIR=/scratch/bdw2292/Gau-ModifiedRes g09 ModifiedRes-opt-1-3-7-8-249.com has not terminated on node node47
Tue Dec 31 08:56:54 2019 GAUSS_SCRDIR=/scratch/bdw2292/Gau-ModifiedRes g09 ModifiedRes-opt-1-3-7-8-230.com has not terminated on node node48
Tue Dec 31 08:56:54 2019 GAUSS_SCRDIR=/scratch/bdw2292/Gau-ModifiedRes g09 ModifiedRes-opt-1-3-7-8-211.com has not terminated on node node49
Tue Dec 31 08:56:54 2019 GAUSS_SCRDIR=/scratch/bdw2292/Gau-ModifiedRes g09 ModifiedRes-opt-1-3-7-8-192.com has not terminated on node node50
Tue Dec 31 08:56:54 2019 GAUSS_SCRDIR=/scratch/bdw2292/Gau-ModifiedRes g09 ModifiedRes-opt-1-3-7-8-173.com has not terminated on node node51
Tue Dec 31 08:56:54 2019 GAUSS_SCRDIR=/scratch/bdw2292/Gau-ModifiedRes g09 ModifiedRes-opt-1-3-7-8-154.com has not terminated on node node52
Tue Dec 31 08:56:54 2019 GAUSS_SCRDIR=/scratch/bdw2292/Gau-ModifiedRes g09 ModifiedRes-opt-1-3-7-8-135.com has not terminated on node node53
Tue Dec 31 08:56:54 2019 GAUSS_SCRDIR=/scratch/bdw2292/Gau-ModifiedRes g09 ModifiedRes-opt-1-3-7-8-116.com has not terminated on node node54
Tue Dec 31 08:56:59 2019 Sleeping for 5 seconds
Tue Dec 31 08:56:59 2019 GAUSS_SCRDIR=/scratch/bdw2292/Gau-ModifiedRes g09 ModifiedRes-opt-1-3-7-8-324.com has not terminated on node node35
Tue Dec 31 08:56:59 2019 GAUSS_SCRDIR=/scratch/bdw2292/Gau-ModifiedRes g09 ModifiedRes-opt-1-3-7-8-343.com has not terminated on node node36
Tue Dec 31 08:56:59 2019 GAUSS_SCRDIR=/scratch/bdw2292/Gau-ModifiedRes g09 ModifiedRes-opt-1-3-7-8-002.com has not terminated on node node37
Tue Dec 31 08:56:59 2019 GAUSS_SCRDIR=/scratch/bdw2292/Gau-ModifiedRes g09 ModifiedRes-opt-1-3-7-8-021.com has not terminated on node node38
Tue Dec 31 08:56:59 2019 GAUSS_SCRDIR=/scratch/bdw2292/Gau-ModifiedRes g09 ModifiedRes-opt-1-3-7-8-040.com has not terminated on node node40
Tue Dec 31 08:56:59 2019 GAUSS_SCRDIR=/scratch/bdw2292/Gau-ModifiedRes g09 ModifiedRes-opt-1-3-7-8-059.com has not terminated on node node42
Tue Dec 31 08:56:59 2019 GAUSS_SCRDIR=/scratch/bdw2292/Gau-ModifiedRes g09 ModifiedRes-opt-1-3-7-8-078.com has not terminated on node node43
Tue Dec 31 08:56:59 2019 GAUSS_SCRDIR=/scratch/bdw2292/Gau-ModifiedRes g09 ModifiedRes-opt-1-3-7-8-097.com has not terminated on node node44
Tue Dec 31 08:56:59 2019 GAUSS_SCRDIR=/scratch/bdw2292/Gau-ModifiedRes g09 ModifiedRes-opt-1-3-7-8-287.com has not terminated on node node45
Tue Dec 31 08:56:59 2019 GAUSS_SCRDIR=/scratch/bdw2292/Gau-ModifiedRes g09 ModifiedRes-opt-1-3-7-8-268.com has not terminated on node node46
Tue Dec 31 08:56:59 2019 GAUSS_SCRDIR=/scratch/bdw2292/Gau-ModifiedRes g09 ModifiedRes-opt-1-3-7-8-249.com has not terminated on node node47
Tue Dec 31 08:56:59 2019 GAUSS_SCRDIR=/scratch/bdw2292/Gau-ModifiedRes g09 ModifiedRes-opt-1-3-7-8-230.com has not terminated on node node48
Tue Dec 31 08:56:59 2019 GAUSS_SCRDIR=/scratch/bdw2292/Gau-ModifiedRes g09 ModifiedRes-opt-1-3-7-8-211.com has not terminated on node node49
Tue Dec 31 08:56:59 2019 GAUSS_SCRDIR=/scratch/bdw2292/Gau-ModifiedRes g09 ModifiedRes-opt-1-3-7-8-192.com has not terminated on node node50
Tue Dec 31 08:56:59 2019 GAUSS_SCRDIR=/scratch/bdw2292/Gau-ModifiedRes g09 ModifiedRes-opt-1-3-7-8-173.com has not terminated on node node51
Tue Dec 31 08:56:59 2019 GAUSS_SCRDIR=/scratch/bdw2292/Gau-ModifiedRes g09 ModifiedRes-opt-1-3-7-8-154.com has not terminated on node node52
Tue Dec 31 08:56:59 2019 GAUSS_SCRDIR=/scratch/bdw2292/Gau-ModifiedRes g09 ModifiedRes-opt-1-3-7-8-135.com has not terminated on node node53
Tue Dec 31 08:56:59 2019 GAUSS_SCRDIR=/scratch/bdw2292/Gau-ModifiedRes g09 ModifiedRes-opt-1-3-7-8-116.com has not terminated on node node54
Tue Dec 31 08:57:04 2019 Sleeping for 5 seconds
Tue Dec 31 08:57:04 2019 GAUSS_SCRDIR=/scratch/bdw2292/Gau-ModifiedRes g09 ModifiedRes-opt-1-3-7-8-324.com has not terminated on node node35
Tue Dec 31 08:57:04 2019 GAUSS_SCRDIR=/scratch/bdw2292/Gau-ModifiedRes g09 ModifiedRes-opt-1-3-7-8-343.com has not terminated on node node36
Tue Dec 31 08:57:04 2019 GAUSS_SCRDIR=/scratch/bdw2292/Gau-ModifiedRes g09 ModifiedRes-opt-1-3-7-8-002.com has not terminated on node node37
Tue Dec 31 08:57:04 2019 GAUSS_SCRDIR=/scratch/bdw2292/Gau-ModifiedRes g09 ModifiedRes-opt-1-3-7-8-021.com has not terminated on node node38
Tue Dec 31 08:57:04 2019 GAUSS_SCRDIR=/scratch/bdw2292/Gau-ModifiedRes g09 ModifiedRes-opt-1-3-7-8-040.com has not terminated on node node40
Tue Dec 31 08:57:04 2019 GAUSS_SCRDIR=/scratch/bdw2292/Gau-ModifiedRes g09 ModifiedRes-opt-1-3-7-8-059.com has not terminated on node node42
Tue Dec 31 08:57:04 2019 GAUSS_SCRDIR=/scratch/bdw2292/Gau-ModifiedRes g09 ModifiedRes-opt-1-3-7-8-078.com has not terminated on node node43
Tue Dec 31 08:57:04 2019 GAUSS_SCRDIR=/scratch/bdw2292/Gau-ModifiedRes g09 ModifiedRes-opt-1-3-7-8-097.com has not terminated on node node44
Tue Dec 31 08:57:04 2019 GAUSS_SCRDIR=/scratch/bdw2292/Gau-ModifiedRes g09 ModifiedRes-opt-1-3-7-8-287.com has not terminated on node node45
Tue Dec 31 08:57:04 2019 GAUSS_SCRDIR=/scratch/bdw2292/Gau-ModifiedRes g09 ModifiedRes-opt-1-3-7-8-268.com has not terminated on node node46
Tue Dec 31 08:57:04 2019 GAUSS_SCRDIR=/scratch/bdw2292/Gau-ModifiedRes g09 ModifiedRes-opt-1-3-7-8-249.com has not terminated on node node47
Tue Dec 31 08:57:04 2019 GAUSS_SCRDIR=/scratch/bdw2292/Gau-ModifiedRes g09 ModifiedRes-opt-1-3-7-8-230.com has not terminated on node node48
Tue Dec 31 08:57:04 2019 GAUSS_SCRDIR=/scratch/bdw2292/Gau-ModifiedRes g09 ModifiedRes-opt-1-3-7-8-211.com has not terminated on node node49
Tue Dec 31 08:57:04 2019 GAUSS_SCRDIR=/scratch/bdw2292/Gau-ModifiedRes g09 ModifiedRes-opt-1-3-7-8-192.com has not terminated on node node50
Tue Dec 31 08:57:04 2019 GAUSS_SCRDIR=/scratch/bdw2292/Gau-ModifiedRes g09 ModifiedRes-opt-1-3-7-8-173.com has not terminated on node node51
Tue Dec 31 08:57:04 2019 GAUSS_SCRDIR=/scratch/bdw2292/Gau-ModifiedRes g09 ModifiedRes-opt-1-3-7-8-154.com has not terminated on node node52
Tue Dec 31 08:57:04 2019 GAUSS_SCRDIR=/scratch/bdw2292/Gau-ModifiedRes g09 ModifiedRes-opt-1-3-7-8-135.com has not terminated on node node53
Tue Dec 31 08:57:04 2019 GAUSS_SCRDIR=/scratch/bdw2292/Gau-ModifiedRes g09 ModifiedRes-opt-1-3-7-8-116.com has not terminated on node node54
Tue Dec 31 08:57:09 2019 Sleeping for 5 seconds
Tue Dec 31 08:57:09 2019 GAUSS_SCRDIR=/scratch/bdw2292/Gau-ModifiedRes g09 ModifiedRes-opt-1-3-7-8-324.com has not terminated on node node35
Tue Dec 31 08:57:09 2019 GAUSS_SCRDIR=/scratch/bdw2292/Gau-ModifiedRes g09 ModifiedRes-opt-1-3-7-8-343.com has not terminated on node node36
Tue Dec 31 08:57:09 2019 GAUSS_SCRDIR=/scratch/bdw2292/Gau-ModifiedRes g09 ModifiedRes-opt-1-3-7-8-002.com has not terminated on node node37
Tue Dec 31 08:57:09 2019 GAUSS_SCRDIR=/scratch/bdw2292/Gau-ModifiedRes g09 ModifiedRes-opt-1-3-7-8-021.com has not terminated on node node38
Tue Dec 31 08:57:09 2019 GAUSS_SCRDIR=/scratch/bdw2292/Gau-ModifiedRes g09 ModifiedRes-opt-1-3-7-8-040.com has not terminated on node node40
Tue Dec 31 08:57:09 2019 GAUSS_SCRDIR=/scratch/bdw2292/Gau-ModifiedRes g09 ModifiedRes-opt-1-3-7-8-059.com has not terminated on node node42
Tue Dec 31 08:57:09 2019 GAUSS_SCRDIR=/scratch/bdw2292/Gau-ModifiedRes g09 ModifiedRes-opt-1-3-7-8-078.com has not terminated on node node43
Tue Dec 31 08:57:09 2019 GAUSS_SCRDIR=/scratch/bdw2292/Gau-ModifiedRes g09 ModifiedRes-opt-1-3-7-8-097.com has not terminated on node node44
Tue Dec 31 08:57:09 2019 GAUSS_SCRDIR=/scratch/bdw2292/Gau-ModifiedRes g09 ModifiedRes-opt-1-3-7-8-287.com has not terminated on node node45
Tue Dec 31 08:57:09 2019 GAUSS_SCRDIR=/scratch/bdw2292/Gau-ModifiedRes g09 ModifiedRes-opt-1-3-7-8-268.com has not terminated on node node46
Tue Dec 31 08:57:09 2019 GAUSS_SCRDIR=/scratch/bdw2292/Gau-ModifiedRes g09 ModifiedRes-opt-1-3-7-8-249.com has not terminated on node node47
Tue Dec 31 08:57:09 2019 GAUSS_SCRDIR=/scratch/bdw2292/Gau-ModifiedRes g09 ModifiedRes-opt-1-3-7-8-230.com has not terminated on node node48
Tue Dec 31 08:57:09 2019 GAUSS_SCRDIR=/scratch/bdw2292/Gau-ModifiedRes g09 ModifiedRes-opt-1-3-7-8-211.com has not terminated on node node49
Tue Dec 31 08:57:09 2019 GAUSS_SCRDIR=/scratch/bdw2292/Gau-ModifiedRes g09 ModifiedRes-opt-1-3-7-8-192.com has not terminated on node node50
Tue Dec 31 08:57:09 2019 GAUSS_SCRDIR=/scratch/bdw2292/Gau-ModifiedRes g09 ModifiedRes-opt-1-3-7-8-173.com has not terminated on node node51
Tue Dec 31 08:57:09 2019 GAUSS_SCRDIR=/scratch/bdw2292/Gau-ModifiedRes g09 ModifiedRes-opt-1-3-7-8-154.com has not terminated on node node52
Tue Dec 31 08:57:09 2019 GAUSS_SCRDIR=/scratch/bdw2292/Gau-ModifiedRes g09 ModifiedRes-opt-1-3-7-8-135.com has not terminated on node node53
Tue Dec 31 08:57:09 2019 GAUSS_SCRDIR=/scratch/bdw2292/Gau-ModifiedRes g09 ModifiedRes-opt-1-3-7-8-116.com has not terminated on node node54
Tue Dec 31 08:57:14 2019 Sleeping for 5 seconds
Tue Dec 31 08:57:14 2019 GAUSS_SCRDIR=/scratch/bdw2292/Gau-ModifiedRes g09 ModifiedRes-opt-1-3-7-8-324.com has not terminated on node node35
Tue Dec 31 08:57:14 2019 GAUSS_SCRDIR=/scratch/bdw2292/Gau-ModifiedRes g09 ModifiedRes-opt-1-3-7-8-343.com has not terminated on node node36
Tue Dec 31 08:57:14 2019 GAUSS_SCRDIR=/scratch/bdw2292/Gau-ModifiedRes g09 ModifiedRes-opt-1-3-7-8-002.com has not terminated on node node37
Tue Dec 31 08:57:14 2019 GAUSS_SCRDIR=/scratch/bdw2292/Gau-ModifiedRes g09 ModifiedRes-opt-1-3-7-8-021.com has not terminated on node node38
Tue Dec 31 08:57:14 2019 GAUSS_SCRDIR=/scratch/bdw2292/Gau-ModifiedRes g09 ModifiedRes-opt-1-3-7-8-040.com has not terminated on node node40
Tue Dec 31 08:57:14 2019 GAUSS_SCRDIR=/scratch/bdw2292/Gau-ModifiedRes g09 ModifiedRes-opt-1-3-7-8-059.com has not terminated on node node42
Tue Dec 31 08:57:14 2019 GAUSS_SCRDIR=/scratch/bdw2292/Gau-ModifiedRes g09 ModifiedRes-opt-1-3-7-8-078.com has not terminated on node node43
Tue Dec 31 08:57:14 2019 GAUSS_SCRDIR=/scratch/bdw2292/Gau-ModifiedRes g09 ModifiedRes-opt-1-3-7-8-097.com has not terminated on node node44
Tue Dec 31 08:57:14 2019 GAUSS_SCRDIR=/scratch/bdw2292/Gau-ModifiedRes g09 ModifiedRes-opt-1-3-7-8-287.com has not terminated on node node45
Tue Dec 31 08:57:14 2019 GAUSS_SCRDIR=/scratch/bdw2292/Gau-ModifiedRes g09 ModifiedRes-opt-1-3-7-8-268.com has not terminated on node node46
Tue Dec 31 08:57:14 2019 GAUSS_SCRDIR=/scratch/bdw2292/Gau-ModifiedRes g09 ModifiedRes-opt-1-3-7-8-249.com has not terminated on node node47
Tue Dec 31 08:57:14 2019 GAUSS_SCRDIR=/scratch/bdw2292/Gau-ModifiedRes g09 ModifiedRes-opt-1-3-7-8-230.com has not terminated on node node48
Tue Dec 31 08:57:14 2019 GAUSS_SCRDIR=/scratch/bdw2292/Gau-ModifiedRes g09 ModifiedRes-opt-1-3-7-8-211.com has not terminated on node node49
Tue Dec 31 08:57:14 2019 GAUSS_SCRDIR=/scratch/bdw2292/Gau-ModifiedRes g09 ModifiedRes-opt-1-3-7-8-192.com has not terminated on node node50
Tue Dec 31 08:57:14 2019 GAUSS_SCRDIR=/scratch/bdw2292/Gau-ModifiedRes g09 ModifiedRes-opt-1-3-7-8-173.com has not terminated on node node51
Tue Dec 31 08:57:14 2019 GAUSS_SCRDIR=/scratch/bdw2292/Gau-ModifiedRes g09 ModifiedRes-opt-1-3-7-8-154.com has not terminated on node node52
Tue Dec 31 08:57:14 2019 GAUSS_SCRDIR=/scratch/bdw2292/Gau-ModifiedRes g09 ModifiedRes-opt-1-3-7-8-135.com has not terminated on node node53
Tue Dec 31 08:57:14 2019 GAUSS_SCRDIR=/scratch/bdw2292/Gau-ModifiedRes g09 ModifiedRes-opt-1-3-7-8-116.com has not terminated on node node54
Tue Dec 31 08:57:19 2019 Sleeping for 5 seconds
Tue Dec 31 08:57:19 2019 GAUSS_SCRDIR=/scratch/bdw2292/Gau-ModifiedRes g09 ModifiedRes-opt-1-3-7-8-324.com has not terminated on node node35
Tue Dec 31 08:57:19 2019 GAUSS_SCRDIR=/scratch/bdw2292/Gau-ModifiedRes g09 ModifiedRes-opt-1-3-7-8-343.com has not terminated on node node36
Tue Dec 31 08:57:19 2019 GAUSS_SCRDIR=/scratch/bdw2292/Gau-ModifiedRes g09 ModifiedRes-opt-1-3-7-8-002.com has not terminated on node node37
Tue Dec 31 08:57:19 2019 GAUSS_SCRDIR=/scratch/bdw2292/Gau-ModifiedRes g09 ModifiedRes-opt-1-3-7-8-021.com has not terminated on node node38
Tue Dec 31 08:57:19 2019 GAUSS_SCRDIR=/scratch/bdw2292/Gau-ModifiedRes g09 ModifiedRes-opt-1-3-7-8-040.com has not terminated on node node40
Tue Dec 31 08:57:19 2019 GAUSS_SCRDIR=/scratch/bdw2292/Gau-ModifiedRes g09 ModifiedRes-opt-1-3-7-8-059.com has not terminated on node node42
Tue Dec 31 08:57:19 2019 GAUSS_SCRDIR=/scratch/bdw2292/Gau-ModifiedRes g09 ModifiedRes-opt-1-3-7-8-078.com has not terminated on node node43
Tue Dec 31 08:57:19 2019 GAUSS_SCRDIR=/scratch/bdw2292/Gau-ModifiedRes g09 ModifiedRes-opt-1-3-7-8-097.com has not terminated on node node44
Tue Dec 31 08:57:19 2019 GAUSS_SCRDIR=/scratch/bdw2292/Gau-ModifiedRes g09 ModifiedRes-opt-1-3-7-8-287.com has not terminated on node node45
Tue Dec 31 08:57:19 2019 GAUSS_SCRDIR=/scratch/bdw2292/Gau-ModifiedRes g09 ModifiedRes-opt-1-3-7-8-268.com has not terminated on node node46
Tue Dec 31 08:57:19 2019 GAUSS_SCRDIR=/scratch/bdw2292/Gau-ModifiedRes g09 ModifiedRes-opt-1-3-7-8-249.com has not terminated on node node47
Tue Dec 31 08:57:19 2019 GAUSS_SCRDIR=/scratch/bdw2292/Gau-ModifiedRes g09 ModifiedRes-opt-1-3-7-8-230.com has not terminated on node node48
Tue Dec 31 08:57:19 2019 GAUSS_SCRDIR=/scratch/bdw2292/Gau-ModifiedRes g09 ModifiedRes-opt-1-3-7-8-211.com has not terminated on node node49
Tue Dec 31 08:57:19 2019 GAUSS_SCRDIR=/scratch/bdw2292/Gau-ModifiedRes g09 ModifiedRes-opt-1-3-7-8-192.com has not terminated on node node50
Tue Dec 31 08:57:19 2019 GAUSS_SCRDIR=/scratch/bdw2292/Gau-ModifiedRes g09 ModifiedRes-opt-1-3-7-8-173.com has not terminated on node node51
Tue Dec 31 08:57:19 2019 GAUSS_SCRDIR=/scratch/bdw2292/Gau-ModifiedRes g09 ModifiedRes-opt-1-3-7-8-154.com has not terminated on node node52
Tue Dec 31 08:57:19 2019 GAUSS_SCRDIR=/scratch/bdw2292/Gau-ModifiedRes g09 ModifiedRes-opt-1-3-7-8-135.com has not terminated on node node53
Tue Dec 31 08:57:19 2019 GAUSS_SCRDIR=/scratch/bdw2292/Gau-ModifiedRes g09 ModifiedRes-opt-1-3-7-8-116.com has not terminated on node node54
Tue Dec 31 08:57:24 2019 Sleeping for 5 seconds
Tue Dec 31 08:57:24 2019 GAUSS_SCRDIR=/scratch/bdw2292/Gau-ModifiedRes g09 ModifiedRes-opt-1-3-7-8-324.com has not terminated on node node35
Tue Dec 31 08:57:24 2019 GAUSS_SCRDIR=/scratch/bdw2292/Gau-ModifiedRes g09 ModifiedRes-opt-1-3-7-8-343.com has not terminated on node node36
Tue Dec 31 08:57:24 2019 GAUSS_SCRDIR=/scratch/bdw2292/Gau-ModifiedRes g09 ModifiedRes-opt-1-3-7-8-002.com has not terminated on node node37
Tue Dec 31 08:57:24 2019 GAUSS_SCRDIR=/scratch/bdw2292/Gau-ModifiedRes g09 ModifiedRes-opt-1-3-7-8-021.com has not terminated on node node38
Tue Dec 31 08:57:24 2019 GAUSS_SCRDIR=/scratch/bdw2292/Gau-ModifiedRes g09 ModifiedRes-opt-1-3-7-8-040.com has not terminated on node node40
Tue Dec 31 08:57:24 2019 GAUSS_SCRDIR=/scratch/bdw2292/Gau-ModifiedRes g09 ModifiedRes-opt-1-3-7-8-059.com has not terminated on node node42
Tue Dec 31 08:57:24 2019 GAUSS_SCRDIR=/scratch/bdw2292/Gau-ModifiedRes g09 ModifiedRes-opt-1-3-7-8-078.com has not terminated on node node43
Tue Dec 31 08:57:24 2019 GAUSS_SCRDIR=/scratch/bdw2292/Gau-ModifiedRes g09 ModifiedRes-opt-1-3-7-8-097.com has not terminated on node node44
Tue Dec 31 08:57:24 2019 GAUSS_SCRDIR=/scratch/bdw2292/Gau-ModifiedRes g09 ModifiedRes-opt-1-3-7-8-287.com has not terminated on node node45
Tue Dec 31 08:57:24 2019 GAUSS_SCRDIR=/scratch/bdw2292/Gau-ModifiedRes g09 ModifiedRes-opt-1-3-7-8-268.com has not terminated on node node46
Tue Dec 31 08:57:24 2019 GAUSS_SCRDIR=/scratch/bdw2292/Gau-ModifiedRes g09 ModifiedRes-opt-1-3-7-8-249.com has not terminated on node node47
Tue Dec 31 08:57:24 2019 GAUSS_SCRDIR=/scratch/bdw2292/Gau-ModifiedRes g09 ModifiedRes-opt-1-3-7-8-230.com has not terminated on node node48
Tue Dec 31 08:57:24 2019 GAUSS_SCRDIR=/scratch/bdw2292/Gau-ModifiedRes g09 ModifiedRes-opt-1-3-7-8-211.com has not terminated on node node49
Tue Dec 31 08:57:24 2019 GAUSS_SCRDIR=/scratch/bdw2292/Gau-ModifiedRes g09 ModifiedRes-opt-1-3-7-8-192.com has not terminated on node node50
Tue Dec 31 08:57:24 2019 GAUSS_SCRDIR=/scratch/bdw2292/Gau-ModifiedRes g09 ModifiedRes-opt-1-3-7-8-173.com has not terminated on node node51
Tue Dec 31 08:57:24 2019 GAUSS_SCRDIR=/scratch/bdw2292/Gau-ModifiedRes g09 ModifiedRes-opt-1-3-7-8-154.com has not terminated on node node52
Tue Dec 31 08:57:24 2019 GAUSS_SCRDIR=/scratch/bdw2292/Gau-ModifiedRes g09 ModifiedRes-opt-1-3-7-8-135.com has not terminated on node node53
Tue Dec 31 08:57:24 2019 GAUSS_SCRDIR=/scratch/bdw2292/Gau-ModifiedRes g09 ModifiedRes-opt-1-3-7-8-116.com has not terminated on node node54
Tue Dec 31 08:57:29 2019 Sleeping for 5 seconds
Tue Dec 31 08:57:29 2019 GAUSS_SCRDIR=/scratch/bdw2292/Gau-ModifiedRes g09 ModifiedRes-opt-1-3-7-8-324.com has not terminated on node node35
Tue Dec 31 08:57:29 2019 GAUSS_SCRDIR=/scratch/bdw2292/Gau-ModifiedRes g09 ModifiedRes-opt-1-3-7-8-343.com has not terminated on node node36
Tue Dec 31 08:57:29 2019 GAUSS_SCRDIR=/scratch/bdw2292/Gau-ModifiedRes g09 ModifiedRes-opt-1-3-7-8-002.com has not terminated on node node37
Tue Dec 31 08:57:29 2019 GAUSS_SCRDIR=/scratch/bdw2292/Gau-ModifiedRes g09 ModifiedRes-opt-1-3-7-8-021.com has not terminated on node node38
Tue Dec 31 08:57:29 2019 GAUSS_SCRDIR=/scratch/bdw2292/Gau-ModifiedRes g09 ModifiedRes-opt-1-3-7-8-040.com has not terminated on node node40
Tue Dec 31 08:57:29 2019 GAUSS_SCRDIR=/scratch/bdw2292/Gau-ModifiedRes g09 ModifiedRes-opt-1-3-7-8-059.com has not terminated on node node42
Tue Dec 31 08:57:29 2019 GAUSS_SCRDIR=/scratch/bdw2292/Gau-ModifiedRes g09 ModifiedRes-opt-1-3-7-8-078.com has not terminated on node node43
Tue Dec 31 08:57:29 2019 GAUSS_SCRDIR=/scratch/bdw2292/Gau-ModifiedRes g09 ModifiedRes-opt-1-3-7-8-097.com has not terminated on node node44
Tue Dec 31 08:57:29 2019 GAUSS_SCRDIR=/scratch/bdw2292/Gau-ModifiedRes g09 ModifiedRes-opt-1-3-7-8-287.com has not terminated on node node45
Tue Dec 31 08:57:29 2019 GAUSS_SCRDIR=/scratch/bdw2292/Gau-ModifiedRes g09 ModifiedRes-opt-1-3-7-8-268.com has not terminated on node node46
Tue Dec 31 08:57:29 2019 GAUSS_SCRDIR=/scratch/bdw2292/Gau-ModifiedRes g09 ModifiedRes-opt-1-3-7-8-249.com has not terminated on node node47
Tue Dec 31 08:57:29 2019 GAUSS_SCRDIR=/scratch/bdw2292/Gau-ModifiedRes g09 ModifiedRes-opt-1-3-7-8-230.com has not terminated on node node48
Tue Dec 31 08:57:29 2019 GAUSS_SCRDIR=/scratch/bdw2292/Gau-ModifiedRes g09 ModifiedRes-opt-1-3-7-8-211.com has not terminated on node node49
Tue Dec 31 08:57:29 2019 GAUSS_SCRDIR=/scratch/bdw2292/Gau-ModifiedRes g09 ModifiedRes-opt-1-3-7-8-192.com has not terminated on node node50
Tue Dec 31 08:57:29 2019 GAUSS_SCRDIR=/scratch/bdw2292/Gau-ModifiedRes g09 ModifiedRes-opt-1-3-7-8-173.com has not terminated on node node51
Tue Dec 31 08:57:29 2019 GAUSS_SCRDIR=/scratch/bdw2292/Gau-ModifiedRes g09 ModifiedRes-opt-1-3-7-8-154.com has not terminated on node node52
Tue Dec 31 08:57:29 2019 GAUSS_SCRDIR=/scratch/bdw2292/Gau-ModifiedRes g09 ModifiedRes-opt-1-3-7-8-135.com has not terminated on node node53
Tue Dec 31 08:57:29 2019 GAUSS_SCRDIR=/scratch/bdw2292/Gau-ModifiedRes g09 ModifiedRes-opt-1-3-7-8-116.com has not terminated on node node54
Tue Dec 31 08:57:34 2019 Sleeping for 5 seconds
Tue Dec 31 08:57:34 2019 GAUSS_SCRDIR=/scratch/bdw2292/Gau-ModifiedRes g09 ModifiedRes-opt-1-3-7-8-324.com has not terminated on node node35
Tue Dec 31 08:57:34 2019 GAUSS_SCRDIR=/scratch/bdw2292/Gau-ModifiedRes g09 ModifiedRes-opt-1-3-7-8-343.com has not terminated on node node36
Tue Dec 31 08:57:34 2019 GAUSS_SCRDIR=/scratch/bdw2292/Gau-ModifiedRes g09 ModifiedRes-opt-1-3-7-8-002.com has not terminated on node node37
Tue Dec 31 08:57:34 2019 GAUSS_SCRDIR=/scratch/bdw2292/Gau-ModifiedRes g09 ModifiedRes-opt-1-3-7-8-021.com has not terminated on node node38
Tue Dec 31 08:57:34 2019 GAUSS_SCRDIR=/scratch/bdw2292/Gau-ModifiedRes g09 ModifiedRes-opt-1-3-7-8-040.com has not terminated on node node40
Tue Dec 31 08:57:34 2019 GAUSS_SCRDIR=/scratch/bdw2292/Gau-ModifiedRes g09 ModifiedRes-opt-1-3-7-8-059.com has not terminated on node node42
Tue Dec 31 08:57:34 2019 GAUSS_SCRDIR=/scratch/bdw2292/Gau-ModifiedRes g09 ModifiedRes-opt-1-3-7-8-078.com has not terminated on node node43
Tue Dec 31 08:57:34 2019 GAUSS_SCRDIR=/scratch/bdw2292/Gau-ModifiedRes g09 ModifiedRes-opt-1-3-7-8-097.com has not terminated on node node44
Tue Dec 31 08:57:34 2019 GAUSS_SCRDIR=/scratch/bdw2292/Gau-ModifiedRes g09 ModifiedRes-opt-1-3-7-8-287.com has not terminated on node node45
Tue Dec 31 08:57:34 2019 GAUSS_SCRDIR=/scratch/bdw2292/Gau-ModifiedRes g09 ModifiedRes-opt-1-3-7-8-268.com has not terminated on node node46
Tue Dec 31 08:57:34 2019 GAUSS_SCRDIR=/scratch/bdw2292/Gau-ModifiedRes g09 ModifiedRes-opt-1-3-7-8-249.com has not terminated on node node47
Tue Dec 31 08:57:34 2019 GAUSS_SCRDIR=/scratch/bdw2292/Gau-ModifiedRes g09 ModifiedRes-opt-1-3-7-8-230.com has not terminated on node node48
Tue Dec 31 08:57:34 2019 GAUSS_SCRDIR=/scratch/bdw2292/Gau-ModifiedRes g09 ModifiedRes-opt-1-3-7-8-211.com has not terminated on node node49
Tue Dec 31 08:57:34 2019 GAUSS_SCRDIR=/scratch/bdw2292/Gau-ModifiedRes g09 ModifiedRes-opt-1-3-7-8-192.com has not terminated on node node50
Tue Dec 31 08:57:34 2019 GAUSS_SCRDIR=/scratch/bdw2292/Gau-ModifiedRes g09 ModifiedRes-opt-1-3-7-8-173.com has not terminated on node node51
Tue Dec 31 08:57:34 2019 GAUSS_SCRDIR=/scratch/bdw2292/Gau-ModifiedRes g09 ModifiedRes-opt-1-3-7-8-154.com has not terminated on node node52
Tue Dec 31 08:57:34 2019 GAUSS_SCRDIR=/scratch/bdw2292/Gau-ModifiedRes g09 ModifiedRes-opt-1-3-7-8-135.com has not terminated on node node53
Tue Dec 31 08:57:34 2019 GAUSS_SCRDIR=/scratch/bdw2292/Gau-ModifiedRes g09 ModifiedRes-opt-1-3-7-8-116.com has not terminated on node node54
Tue Dec 31 08:57:39 2019 Sleeping for 5 seconds
Tue Dec 31 08:57:39 2019 GAUSS_SCRDIR=/scratch/bdw2292/Gau-ModifiedRes g09 ModifiedRes-opt-1-3-7-8-324.com has not terminated on node node35
Tue Dec 31 08:57:39 2019 GAUSS_SCRDIR=/scratch/bdw2292/Gau-ModifiedRes g09 ModifiedRes-opt-1-3-7-8-343.com has not terminated on node node36
Tue Dec 31 08:57:39 2019 GAUSS_SCRDIR=/scratch/bdw2292/Gau-ModifiedRes g09 ModifiedRes-opt-1-3-7-8-002.com has not terminated on node node37
Tue Dec 31 08:57:39 2019 GAUSS_SCRDIR=/scratch/bdw2292/Gau-ModifiedRes g09 ModifiedRes-opt-1-3-7-8-021.com has not terminated on node node38
Tue Dec 31 08:57:39 2019 GAUSS_SCRDIR=/scratch/bdw2292/Gau-ModifiedRes g09 ModifiedRes-opt-1-3-7-8-040.com has not terminated on node node40
Tue Dec 31 08:57:39 2019 GAUSS_SCRDIR=/scratch/bdw2292/Gau-ModifiedRes g09 ModifiedRes-opt-1-3-7-8-059.com has not terminated on node node42
Tue Dec 31 08:57:39 2019 GAUSS_SCRDIR=/scratch/bdw2292/Gau-ModifiedRes g09 ModifiedRes-opt-1-3-7-8-078.com has not terminated on node node43
Tue Dec 31 08:57:39 2019 GAUSS_SCRDIR=/scratch/bdw2292/Gau-ModifiedRes g09 ModifiedRes-opt-1-3-7-8-097.com has not terminated on node node44
Tue Dec 31 08:57:39 2019 GAUSS_SCRDIR=/scratch/bdw2292/Gau-ModifiedRes g09 ModifiedRes-opt-1-3-7-8-287.com has not terminated on node node45
Tue Dec 31 08:57:39 2019 GAUSS_SCRDIR=/scratch/bdw2292/Gau-ModifiedRes g09 ModifiedRes-opt-1-3-7-8-268.com has not terminated on node node46
Tue Dec 31 08:57:39 2019 GAUSS_SCRDIR=/scratch/bdw2292/Gau-ModifiedRes g09 ModifiedRes-opt-1-3-7-8-249.com has not terminated on node node47
Tue Dec 31 08:57:39 2019 GAUSS_SCRDIR=/scratch/bdw2292/Gau-ModifiedRes g09 ModifiedRes-opt-1-3-7-8-230.com has not terminated on node node48
Tue Dec 31 08:57:39 2019 GAUSS_SCRDIR=/scratch/bdw2292/Gau-ModifiedRes g09 ModifiedRes-opt-1-3-7-8-211.com has not terminated on node node49
Tue Dec 31 08:57:39 2019 GAUSS_SCRDIR=/scratch/bdw2292/Gau-ModifiedRes g09 ModifiedRes-opt-1-3-7-8-192.com has not terminated on node node50
Tue Dec 31 08:57:39 2019 GAUSS_SCRDIR=/scratch/bdw2292/Gau-ModifiedRes g09 ModifiedRes-opt-1-3-7-8-173.com has not terminated on node node51
Tue Dec 31 08:57:39 2019 GAUSS_SCRDIR=/scratch/bdw2292/Gau-ModifiedRes g09 ModifiedRes-opt-1-3-7-8-154.com has not terminated on node node52
Tue Dec 31 08:57:39 2019 GAUSS_SCRDIR=/scratch/bdw2292/Gau-ModifiedRes g09 ModifiedRes-opt-1-3-7-8-135.com has not terminated on node node53
Tue Dec 31 08:57:39 2019 GAUSS_SCRDIR=/scratch/bdw2292/Gau-ModifiedRes g09 ModifiedRes-opt-1-3-7-8-116.com has not terminated on node node54
Tue Dec 31 08:57:44 2019 Sleeping for 5 seconds
Tue Dec 31 08:57:44 2019 GAUSS_SCRDIR=/scratch/bdw2292/Gau-ModifiedRes g09 ModifiedRes-opt-1-3-7-8-324.com has not terminated on node node35
Tue Dec 31 08:57:44 2019 GAUSS_SCRDIR=/scratch/bdw2292/Gau-ModifiedRes g09 ModifiedRes-opt-1-3-7-8-343.com has not terminated on node node36
Tue Dec 31 08:57:44 2019 GAUSS_SCRDIR=/scratch/bdw2292/Gau-ModifiedRes g09 ModifiedRes-opt-1-3-7-8-002.com has not terminated on node node37
Tue Dec 31 08:57:44 2019 GAUSS_SCRDIR=/scratch/bdw2292/Gau-ModifiedRes g09 ModifiedRes-opt-1-3-7-8-021.com has not terminated on node node38
Tue Dec 31 08:57:44 2019 GAUSS_SCRDIR=/scratch/bdw2292/Gau-ModifiedRes g09 ModifiedRes-opt-1-3-7-8-040.com has not terminated on node node40
Tue Dec 31 08:57:44 2019 GAUSS_SCRDIR=/scratch/bdw2292/Gau-ModifiedRes g09 ModifiedRes-opt-1-3-7-8-059.com has not terminated on node node42
Tue Dec 31 08:57:44 2019 GAUSS_SCRDIR=/scratch/bdw2292/Gau-ModifiedRes g09 ModifiedRes-opt-1-3-7-8-078.com has not terminated on node node43
Tue Dec 31 08:57:44 2019 GAUSS_SCRDIR=/scratch/bdw2292/Gau-ModifiedRes g09 ModifiedRes-opt-1-3-7-8-097.com has not terminated on node node44
Tue Dec 31 08:57:44 2019 GAUSS_SCRDIR=/scratch/bdw2292/Gau-ModifiedRes g09 ModifiedRes-opt-1-3-7-8-287.com has not terminated on node node45
Tue Dec 31 08:57:44 2019 GAUSS_SCRDIR=/scratch/bdw2292/Gau-ModifiedRes g09 ModifiedRes-opt-1-3-7-8-268.com has not terminated on node node46
Tue Dec 31 08:57:44 2019 GAUSS_SCRDIR=/scratch/bdw2292/Gau-ModifiedRes g09 ModifiedRes-opt-1-3-7-8-249.com has not terminated on node node47
Tue Dec 31 08:57:44 2019 GAUSS_SCRDIR=/scratch/bdw2292/Gau-ModifiedRes g09 ModifiedRes-opt-1-3-7-8-230.com has not terminated on node node48
Tue Dec 31 08:57:44 2019 GAUSS_SCRDIR=/scratch/bdw2292/Gau-ModifiedRes g09 ModifiedRes-opt-1-3-7-8-211.com has not terminated on node node49
Tue Dec 31 08:57:44 2019 GAUSS_SCRDIR=/scratch/bdw2292/Gau-ModifiedRes g09 ModifiedRes-opt-1-3-7-8-192.com has not terminated on node node50
Tue Dec 31 08:57:44 2019 GAUSS_SCRDIR=/scratch/bdw2292/Gau-ModifiedRes g09 ModifiedRes-opt-1-3-7-8-173.com has not terminated on node node51
Tue Dec 31 08:57:44 2019 GAUSS_SCRDIR=/scratch/bdw2292/Gau-ModifiedRes g09 ModifiedRes-opt-1-3-7-8-154.com has not terminated on node node52
Tue Dec 31 08:57:44 2019 GAUSS_SCRDIR=/scratch/bdw2292/Gau-ModifiedRes g09 ModifiedRes-opt-1-3-7-8-135.com has not terminated on node node53
Tue Dec 31 08:57:44 2019 GAUSS_SCRDIR=/scratch/bdw2292/Gau-ModifiedRes g09 ModifiedRes-opt-1-3-7-8-116.com has not terminated on node node54
Tue Dec 31 08:57:49 2019 Sleeping for 5 seconds
Tue Dec 31 08:57:49 2019 GAUSS_SCRDIR=/scratch/bdw2292/Gau-ModifiedRes g09 ModifiedRes-opt-1-3-7-8-324.com has not terminated on node node35
Tue Dec 31 08:57:49 2019 GAUSS_SCRDIR=/scratch/bdw2292/Gau-ModifiedRes g09 ModifiedRes-opt-1-3-7-8-343.com has not terminated on node node36
Tue Dec 31 08:57:49 2019 GAUSS_SCRDIR=/scratch/bdw2292/Gau-ModifiedRes g09 ModifiedRes-opt-1-3-7-8-002.com has not terminated on node node37
Tue Dec 31 08:57:49 2019 GAUSS_SCRDIR=/scratch/bdw2292/Gau-ModifiedRes g09 ModifiedRes-opt-1-3-7-8-021.com has not terminated on node node38
Tue Dec 31 08:57:49 2019 GAUSS_SCRDIR=/scratch/bdw2292/Gau-ModifiedRes g09 ModifiedRes-opt-1-3-7-8-040.com has not terminated on node node40
Tue Dec 31 08:57:49 2019 GAUSS_SCRDIR=/scratch/bdw2292/Gau-ModifiedRes g09 ModifiedRes-opt-1-3-7-8-059.com has not terminated on node node42
Tue Dec 31 08:57:49 2019 GAUSS_SCRDIR=/scratch/bdw2292/Gau-ModifiedRes g09 ModifiedRes-opt-1-3-7-8-078.com has not terminated on node node43
Tue Dec 31 08:57:49 2019 GAUSS_SCRDIR=/scratch/bdw2292/Gau-ModifiedRes g09 ModifiedRes-opt-1-3-7-8-097.com has not terminated on node node44
Tue Dec 31 08:57:49 2019 GAUSS_SCRDIR=/scratch/bdw2292/Gau-ModifiedRes g09 ModifiedRes-opt-1-3-7-8-287.com has terminated on node node45
Tue Dec 31 08:57:49 2019 GAUSS_SCRDIR=/scratch/bdw2292/Gau-ModifiedRes g09 ModifiedRes-opt-1-3-7-8-268.com has not terminated on node node46
Tue Dec 31 08:57:49 2019 GAUSS_SCRDIR=/scratch/bdw2292/Gau-ModifiedRes g09 ModifiedRes-opt-1-3-7-8-249.com has not terminated on node node47
Tue Dec 31 08:57:49 2019 GAUSS_SCRDIR=/scratch/bdw2292/Gau-ModifiedRes g09 ModifiedRes-opt-1-3-7-8-230.com has not terminated on node node48
Tue Dec 31 08:57:49 2019 GAUSS_SCRDIR=/scratch/bdw2292/Gau-ModifiedRes g09 ModifiedRes-opt-1-3-7-8-211.com has not terminated on node node49
Tue Dec 31 08:57:49 2019 GAUSS_SCRDIR=/scratch/bdw2292/Gau-ModifiedRes g09 ModifiedRes-opt-1-3-7-8-192.com has not terminated on node node50
Tue Dec 31 08:57:49 2019 GAUSS_SCRDIR=/scratch/bdw2292/Gau-ModifiedRes g09 ModifiedRes-opt-1-3-7-8-173.com has not terminated on node node51
Tue Dec 31 08:57:49 2019 GAUSS_SCRDIR=/scratch/bdw2292/Gau-ModifiedRes g09 ModifiedRes-opt-1-3-7-8-154.com has not terminated on node node52
Tue Dec 31 08:57:49 2019 GAUSS_SCRDIR=/scratch/bdw2292/Gau-ModifiedRes g09 ModifiedRes-opt-1-3-7-8-135.com has not terminated on node node53
Tue Dec 31 08:57:49 2019 GAUSS_SCRDIR=/scratch/bdw2292/Gau-ModifiedRes g09 ModifiedRes-opt-1-3-7-8-116.com has not terminated on node node54
Tue Dec 31 08:57:54 2019 Sleeping for 5 seconds
Tue Dec 31 08:57:54 2019 GAUSS_SCRDIR=/scratch/bdw2292/Gau-ModifiedRes g09 ModifiedRes-opt-1-3-7-8-324.com has not terminated on node node35
Tue Dec 31 08:57:54 2019 GAUSS_SCRDIR=/scratch/bdw2292/Gau-ModifiedRes g09 ModifiedRes-opt-1-3-7-8-343.com has not terminated on node node36
Tue Dec 31 08:57:54 2019 GAUSS_SCRDIR=/scratch/bdw2292/Gau-ModifiedRes g09 ModifiedRes-opt-1-3-7-8-002.com has not terminated on node node37
Tue Dec 31 08:57:54 2019 GAUSS_SCRDIR=/scratch/bdw2292/Gau-ModifiedRes g09 ModifiedRes-opt-1-3-7-8-021.com has not terminated on node node38
Tue Dec 31 08:57:54 2019 GAUSS_SCRDIR=/scratch/bdw2292/Gau-ModifiedRes g09 ModifiedRes-opt-1-3-7-8-040.com has not terminated on node node40
Tue Dec 31 08:57:54 2019 GAUSS_SCRDIR=/scratch/bdw2292/Gau-ModifiedRes g09 ModifiedRes-opt-1-3-7-8-059.com has not terminated on node node42
Tue Dec 31 08:57:54 2019 GAUSS_SCRDIR=/scratch/bdw2292/Gau-ModifiedRes g09 ModifiedRes-opt-1-3-7-8-078.com has not terminated on node node43
Tue Dec 31 08:57:54 2019 GAUSS_SCRDIR=/scratch/bdw2292/Gau-ModifiedRes g09 ModifiedRes-opt-1-3-7-8-097.com has not terminated on node node44
Tue Dec 31 08:57:54 2019 GAUSS_SCRDIR=/scratch/bdw2292/Gau-ModifiedRes g09 ModifiedRes-opt-1-3-7-8-268.com has not terminated on node node46
Tue Dec 31 08:57:54 2019 GAUSS_SCRDIR=/scratch/bdw2292/Gau-ModifiedRes g09 ModifiedRes-opt-1-3-7-8-249.com has not terminated on node node47
Tue Dec 31 08:57:54 2019 GAUSS_SCRDIR=/scratch/bdw2292/Gau-ModifiedRes g09 ModifiedRes-opt-1-3-7-8-230.com has not terminated on node node48
Tue Dec 31 08:57:54 2019 GAUSS_SCRDIR=/scratch/bdw2292/Gau-ModifiedRes g09 ModifiedRes-opt-1-3-7-8-211.com has not terminated on node node49
Tue Dec 31 08:57:54 2019 GAUSS_SCRDIR=/scratch/bdw2292/Gau-ModifiedRes g09 ModifiedRes-opt-1-3-7-8-192.com has not terminated on node node50
Tue Dec 31 08:57:54 2019 GAUSS_SCRDIR=/scratch/bdw2292/Gau-ModifiedRes g09 ModifiedRes-opt-1-3-7-8-173.com has not terminated on node node51
Tue Dec 31 08:57:54 2019 GAUSS_SCRDIR=/scratch/bdw2292/Gau-ModifiedRes g09 ModifiedRes-opt-1-3-7-8-154.com has not terminated on node node52
Tue Dec 31 08:57:54 2019 GAUSS_SCRDIR=/scratch/bdw2292/Gau-ModifiedRes g09 ModifiedRes-opt-1-3-7-8-135.com has not terminated on node node53
Tue Dec 31 08:57:54 2019 GAUSS_SCRDIR=/scratch/bdw2292/Gau-ModifiedRes g09 ModifiedRes-opt-1-3-7-8-116.com has not terminated on node node54
Tue Dec 31 08:57:59 2019 Sleeping for 5 seconds
Tue Dec 31 08:57:59 2019 GAUSS_SCRDIR=/scratch/bdw2292/Gau-ModifiedRes g09 ModifiedRes-opt-1-3-7-8-324.com has not terminated on node node35
Tue Dec 31 08:57:59 2019 GAUSS_SCRDIR=/scratch/bdw2292/Gau-ModifiedRes g09 ModifiedRes-opt-1-3-7-8-343.com has not terminated on node node36
Tue Dec 31 08:57:59 2019 GAUSS_SCRDIR=/scratch/bdw2292/Gau-ModifiedRes g09 ModifiedRes-opt-1-3-7-8-002.com has not terminated on node node37
Tue Dec 31 08:57:59 2019 GAUSS_SCRDIR=/scratch/bdw2292/Gau-ModifiedRes g09 ModifiedRes-opt-1-3-7-8-021.com has not terminated on node node38
Tue Dec 31 08:57:59 2019 GAUSS_SCRDIR=/scratch/bdw2292/Gau-ModifiedRes g09 ModifiedRes-opt-1-3-7-8-040.com has not terminated on node node40
Tue Dec 31 08:57:59 2019 GAUSS_SCRDIR=/scratch/bdw2292/Gau-ModifiedRes g09 ModifiedRes-opt-1-3-7-8-059.com has not terminated on node node42
Tue Dec 31 08:57:59 2019 GAUSS_SCRDIR=/scratch/bdw2292/Gau-ModifiedRes g09 ModifiedRes-opt-1-3-7-8-078.com has not terminated on node node43
Tue Dec 31 08:57:59 2019 GAUSS_SCRDIR=/scratch/bdw2292/Gau-ModifiedRes g09 ModifiedRes-opt-1-3-7-8-097.com has not terminated on node node44
Tue Dec 31 08:57:59 2019 GAUSS_SCRDIR=/scratch/bdw2292/Gau-ModifiedRes g09 ModifiedRes-opt-1-3-7-8-268.com has not terminated on node node46
Tue Dec 31 08:57:59 2019 GAUSS_SCRDIR=/scratch/bdw2292/Gau-ModifiedRes g09 ModifiedRes-opt-1-3-7-8-249.com has not terminated on node node47
Tue Dec 31 08:57:59 2019 GAUSS_SCRDIR=/scratch/bdw2292/Gau-ModifiedRes g09 ModifiedRes-opt-1-3-7-8-230.com has not terminated on node node48
Tue Dec 31 08:57:59 2019 GAUSS_SCRDIR=/scratch/bdw2292/Gau-ModifiedRes g09 ModifiedRes-opt-1-3-7-8-211.com has not terminated on node node49
Tue Dec 31 08:57:59 2019 GAUSS_SCRDIR=/scratch/bdw2292/Gau-ModifiedRes g09 ModifiedRes-opt-1-3-7-8-192.com has not terminated on node node50
Tue Dec 31 08:57:59 2019 GAUSS_SCRDIR=/scratch/bdw2292/Gau-ModifiedRes g09 ModifiedRes-opt-1-3-7-8-173.com has not terminated on node node51
Tue Dec 31 08:57:59 2019 GAUSS_SCRDIR=/scratch/bdw2292/Gau-ModifiedRes g09 ModifiedRes-opt-1-3-7-8-154.com has not terminated on node node52
Tue Dec 31 08:57:59 2019 GAUSS_SCRDIR=/scratch/bdw2292/Gau-ModifiedRes g09 ModifiedRes-opt-1-3-7-8-135.com has not terminated on node node53
Tue Dec 31 08:57:59 2019 GAUSS_SCRDIR=/scratch/bdw2292/Gau-ModifiedRes g09 ModifiedRes-opt-1-3-7-8-116.com has not terminated on node node54
Tue Dec 31 08:58:04 2019 Sleeping for 5 seconds
Tue Dec 31 08:58:04 2019 GAUSS_SCRDIR=/scratch/bdw2292/Gau-ModifiedRes g09 ModifiedRes-opt-1-3-7-8-324.com has not terminated on node node35
Tue Dec 31 08:58:04 2019 GAUSS_SCRDIR=/scratch/bdw2292/Gau-ModifiedRes g09 ModifiedRes-opt-1-3-7-8-343.com has not terminated on node node36
Tue Dec 31 08:58:04 2019 GAUSS_SCRDIR=/scratch/bdw2292/Gau-ModifiedRes g09 ModifiedRes-opt-1-3-7-8-002.com has not terminated on node node37
Tue Dec 31 08:58:04 2019 GAUSS_SCRDIR=/scratch/bdw2292/Gau-ModifiedRes g09 ModifiedRes-opt-1-3-7-8-021.com has not terminated on node node38
Tue Dec 31 08:58:04 2019 GAUSS_SCRDIR=/scratch/bdw2292/Gau-ModifiedRes g09 ModifiedRes-opt-1-3-7-8-040.com has not terminated on node node40
Tue Dec 31 08:58:04 2019 GAUSS_SCRDIR=/scratch/bdw2292/Gau-ModifiedRes g09 ModifiedRes-opt-1-3-7-8-059.com has terminated on node node42
Tue Dec 31 08:58:04 2019 GAUSS_SCRDIR=/scratch/bdw2292/Gau-ModifiedRes g09 ModifiedRes-opt-1-3-7-8-078.com has not terminated on node node43
Tue Dec 31 08:58:04 2019 GAUSS_SCRDIR=/scratch/bdw2292/Gau-ModifiedRes g09 ModifiedRes-opt-1-3-7-8-097.com has not terminated on node node44
Tue Dec 31 08:58:04 2019 GAUSS_SCRDIR=/scratch/bdw2292/Gau-ModifiedRes g09 ModifiedRes-opt-1-3-7-8-268.com has terminated on node node46
Tue Dec 31 08:58:04 2019 GAUSS_SCRDIR=/scratch/bdw2292/Gau-ModifiedRes g09 ModifiedRes-opt-1-3-7-8-249.com has not terminated on node node47
Tue Dec 31 08:58:04 2019 GAUSS_SCRDIR=/scratch/bdw2292/Gau-ModifiedRes g09 ModifiedRes-opt-1-3-7-8-230.com has not terminated on node node48
Tue Dec 31 08:58:04 2019 GAUSS_SCRDIR=/scratch/bdw2292/Gau-ModifiedRes g09 ModifiedRes-opt-1-3-7-8-211.com has not terminated on node node49
Tue Dec 31 08:58:04 2019 GAUSS_SCRDIR=/scratch/bdw2292/Gau-ModifiedRes g09 ModifiedRes-opt-1-3-7-8-192.com has not terminated on node node50
Tue Dec 31 08:58:04 2019 GAUSS_SCRDIR=/scratch/bdw2292/Gau-ModifiedRes g09 ModifiedRes-opt-1-3-7-8-173.com has not terminated on node node51
Tue Dec 31 08:58:04 2019 GAUSS_SCRDIR=/scratch/bdw2292/Gau-ModifiedRes g09 ModifiedRes-opt-1-3-7-8-154.com has not terminated on node node52
Tue Dec 31 08:58:04 2019 GAUSS_SCRDIR=/scratch/bdw2292/Gau-ModifiedRes g09 ModifiedRes-opt-1-3-7-8-135.com has not terminated on node node53
Tue Dec 31 08:58:04 2019 GAUSS_SCRDIR=/scratch/bdw2292/Gau-ModifiedRes g09 ModifiedRes-opt-1-3-7-8-116.com has not terminated on node node54
Tue Dec 31 08:58:09 2019 Sleeping for 5 seconds
Tue Dec 31 08:58:09 2019 GAUSS_SCRDIR=/scratch/bdw2292/Gau-ModifiedRes g09 ModifiedRes-opt-1-3-7-8-324.com has not terminated on node node35
Tue Dec 31 08:58:09 2019 GAUSS_SCRDIR=/scratch/bdw2292/Gau-ModifiedRes g09 ModifiedRes-opt-1-3-7-8-343.com has not terminated on node node36
Tue Dec 31 08:58:09 2019 GAUSS_SCRDIR=/scratch/bdw2292/Gau-ModifiedRes g09 ModifiedRes-opt-1-3-7-8-002.com has not terminated on node node37
Tue Dec 31 08:58:09 2019 GAUSS_SCRDIR=/scratch/bdw2292/Gau-ModifiedRes g09 ModifiedRes-opt-1-3-7-8-021.com has not terminated on node node38
Tue Dec 31 08:58:09 2019 GAUSS_SCRDIR=/scratch/bdw2292/Gau-ModifiedRes g09 ModifiedRes-opt-1-3-7-8-040.com has not terminated on node node40
Tue Dec 31 08:58:09 2019 GAUSS_SCRDIR=/scratch/bdw2292/Gau-ModifiedRes g09 ModifiedRes-opt-1-3-7-8-078.com has not terminated on node node43
Tue Dec 31 08:58:09 2019 GAUSS_SCRDIR=/scratch/bdw2292/Gau-ModifiedRes g09 ModifiedRes-opt-1-3-7-8-097.com has not terminated on node node44
Tue Dec 31 08:58:09 2019 GAUSS_SCRDIR=/scratch/bdw2292/Gau-ModifiedRes g09 ModifiedRes-opt-1-3-7-8-249.com has not terminated on node node47
Tue Dec 31 08:58:09 2019 GAUSS_SCRDIR=/scratch/bdw2292/Gau-ModifiedRes g09 ModifiedRes-opt-1-3-7-8-230.com has not terminated on node node48
Tue Dec 31 08:58:09 2019 GAUSS_SCRDIR=/scratch/bdw2292/Gau-ModifiedRes g09 ModifiedRes-opt-1-3-7-8-211.com has terminated on node node49
Tue Dec 31 08:58:09 2019 GAUSS_SCRDIR=/scratch/bdw2292/Gau-ModifiedRes g09 ModifiedRes-opt-1-3-7-8-192.com has terminated on node node50
Tue Dec 31 08:58:09 2019 GAUSS_SCRDIR=/scratch/bdw2292/Gau-ModifiedRes g09 ModifiedRes-opt-1-3-7-8-173.com has not terminated on node node51
Tue Dec 31 08:58:09 2019 GAUSS_SCRDIR=/scratch/bdw2292/Gau-ModifiedRes g09 ModifiedRes-opt-1-3-7-8-154.com has not terminated on node node52
Tue Dec 31 08:58:09 2019 GAUSS_SCRDIR=/scratch/bdw2292/Gau-ModifiedRes g09 ModifiedRes-opt-1-3-7-8-135.com has not terminated on node node53
Tue Dec 31 08:58:09 2019 GAUSS_SCRDIR=/scratch/bdw2292/Gau-ModifiedRes g09 ModifiedRes-opt-1-3-7-8-116.com has not terminated on node node54
Tue Dec 31 08:58:14 2019 Sleeping for 5 seconds
Tue Dec 31 08:58:14 2019 GAUSS_SCRDIR=/scratch/bdw2292/Gau-ModifiedRes g09 ModifiedRes-opt-1-3-7-8-324.com has not terminated on node node35
Tue Dec 31 08:58:14 2019 GAUSS_SCRDIR=/scratch/bdw2292/Gau-ModifiedRes g09 ModifiedRes-opt-1-3-7-8-343.com has not terminated on node node36
Tue Dec 31 08:58:14 2019 GAUSS_SCRDIR=/scratch/bdw2292/Gau-ModifiedRes g09 ModifiedRes-opt-1-3-7-8-002.com has not terminated on node node37
Tue Dec 31 08:58:14 2019 GAUSS_SCRDIR=/scratch/bdw2292/Gau-ModifiedRes g09 ModifiedRes-opt-1-3-7-8-021.com has not terminated on node node38
Tue Dec 31 08:58:14 2019 GAUSS_SCRDIR=/scratch/bdw2292/Gau-ModifiedRes g09 ModifiedRes-opt-1-3-7-8-040.com has not terminated on node node40
Tue Dec 31 08:58:14 2019 GAUSS_SCRDIR=/scratch/bdw2292/Gau-ModifiedRes g09 ModifiedRes-opt-1-3-7-8-078.com has not terminated on node node43
Tue Dec 31 08:58:14 2019 GAUSS_SCRDIR=/scratch/bdw2292/Gau-ModifiedRes g09 ModifiedRes-opt-1-3-7-8-097.com has not terminated on node node44
Tue Dec 31 08:58:14 2019 GAUSS_SCRDIR=/scratch/bdw2292/Gau-ModifiedRes g09 ModifiedRes-opt-1-3-7-8-249.com has not terminated on node node47
Tue Dec 31 08:58:14 2019 GAUSS_SCRDIR=/scratch/bdw2292/Gau-ModifiedRes g09 ModifiedRes-opt-1-3-7-8-230.com has not terminated on node node48
Tue Dec 31 08:58:14 2019 GAUSS_SCRDIR=/scratch/bdw2292/Gau-ModifiedRes g09 ModifiedRes-opt-1-3-7-8-173.com has not terminated on node node51
Tue Dec 31 08:58:14 2019 GAUSS_SCRDIR=/scratch/bdw2292/Gau-ModifiedRes g09 ModifiedRes-opt-1-3-7-8-154.com has not terminated on node node52
Tue Dec 31 08:58:14 2019 GAUSS_SCRDIR=/scratch/bdw2292/Gau-ModifiedRes g09 ModifiedRes-opt-1-3-7-8-135.com has not terminated on node node53
Tue Dec 31 08:58:14 2019 GAUSS_SCRDIR=/scratch/bdw2292/Gau-ModifiedRes g09 ModifiedRes-opt-1-3-7-8-116.com has not terminated on node node54
Tue Dec 31 08:58:19 2019 Sleeping for 5 seconds
Tue Dec 31 08:58:19 2019 GAUSS_SCRDIR=/scratch/bdw2292/Gau-ModifiedRes g09 ModifiedRes-opt-1-3-7-8-324.com has not terminated on node node35
Tue Dec 31 08:58:19 2019 GAUSS_SCRDIR=/scratch/bdw2292/Gau-ModifiedRes g09 ModifiedRes-opt-1-3-7-8-343.com has not terminated on node node36
Tue Dec 31 08:58:19 2019 GAUSS_SCRDIR=/scratch/bdw2292/Gau-ModifiedRes g09 ModifiedRes-opt-1-3-7-8-002.com has not terminated on node node37
Tue Dec 31 08:58:19 2019 GAUSS_SCRDIR=/scratch/bdw2292/Gau-ModifiedRes g09 ModifiedRes-opt-1-3-7-8-021.com has not terminated on node node38
Tue Dec 31 08:58:19 2019 GAUSS_SCRDIR=/scratch/bdw2292/Gau-ModifiedRes g09 ModifiedRes-opt-1-3-7-8-040.com has not terminated on node node40
Tue Dec 31 08:58:19 2019 GAUSS_SCRDIR=/scratch/bdw2292/Gau-ModifiedRes g09 ModifiedRes-opt-1-3-7-8-078.com has not terminated on node node43
Tue Dec 31 08:58:19 2019 GAUSS_SCRDIR=/scratch/bdw2292/Gau-ModifiedRes g09 ModifiedRes-opt-1-3-7-8-097.com has not terminated on node node44
Tue Dec 31 08:58:19 2019 GAUSS_SCRDIR=/scratch/bdw2292/Gau-ModifiedRes g09 ModifiedRes-opt-1-3-7-8-249.com has not terminated on node node47
Tue Dec 31 08:58:19 2019 GAUSS_SCRDIR=/scratch/bdw2292/Gau-ModifiedRes g09 ModifiedRes-opt-1-3-7-8-230.com has not terminated on node node48
Tue Dec 31 08:58:19 2019 GAUSS_SCRDIR=/scratch/bdw2292/Gau-ModifiedRes g09 ModifiedRes-opt-1-3-7-8-173.com has not terminated on node node51
Tue Dec 31 08:58:19 2019 GAUSS_SCRDIR=/scratch/bdw2292/Gau-ModifiedRes g09 ModifiedRes-opt-1-3-7-8-154.com has not terminated on node node52
Tue Dec 31 08:58:19 2019 GAUSS_SCRDIR=/scratch/bdw2292/Gau-ModifiedRes g09 ModifiedRes-opt-1-3-7-8-135.com has not terminated on node node53
Tue Dec 31 08:58:19 2019 GAUSS_SCRDIR=/scratch/bdw2292/Gau-ModifiedRes g09 ModifiedRes-opt-1-3-7-8-116.com has not terminated on node node54
Tue Dec 31 08:58:24 2019 Sleeping for 5 seconds
Tue Dec 31 08:58:24 2019 GAUSS_SCRDIR=/scratch/bdw2292/Gau-ModifiedRes g09 ModifiedRes-opt-1-3-7-8-324.com has not terminated on node node35
Tue Dec 31 08:58:24 2019 GAUSS_SCRDIR=/scratch/bdw2292/Gau-ModifiedRes g09 ModifiedRes-opt-1-3-7-8-343.com has not terminated on node node36
Tue Dec 31 08:58:24 2019 GAUSS_SCRDIR=/scratch/bdw2292/Gau-ModifiedRes g09 ModifiedRes-opt-1-3-7-8-002.com has not terminated on node node37
Tue Dec 31 08:58:24 2019 GAUSS_SCRDIR=/scratch/bdw2292/Gau-ModifiedRes g09 ModifiedRes-opt-1-3-7-8-021.com has not terminated on node node38
Tue Dec 31 08:58:24 2019 GAUSS_SCRDIR=/scratch/bdw2292/Gau-ModifiedRes g09 ModifiedRes-opt-1-3-7-8-040.com has not terminated on node node40
Tue Dec 31 08:58:24 2019 GAUSS_SCRDIR=/scratch/bdw2292/Gau-ModifiedRes g09 ModifiedRes-opt-1-3-7-8-078.com has terminated on node node43
Tue Dec 31 08:58:24 2019 GAUSS_SCRDIR=/scratch/bdw2292/Gau-ModifiedRes g09 ModifiedRes-opt-1-3-7-8-097.com has not terminated on node node44
Tue Dec 31 08:58:24 2019 GAUSS_SCRDIR=/scratch/bdw2292/Gau-ModifiedRes g09 ModifiedRes-opt-1-3-7-8-249.com has terminated on node node47
Tue Dec 31 08:58:24 2019 GAUSS_SCRDIR=/scratch/bdw2292/Gau-ModifiedRes g09 ModifiedRes-opt-1-3-7-8-230.com has terminated on node node48
Tue Dec 31 08:58:24 2019 GAUSS_SCRDIR=/scratch/bdw2292/Gau-ModifiedRes g09 ModifiedRes-opt-1-3-7-8-173.com has not terminated on node node51
Tue Dec 31 08:58:24 2019 GAUSS_SCRDIR=/scratch/bdw2292/Gau-ModifiedRes g09 ModifiedRes-opt-1-3-7-8-154.com has not terminated on node node52
Tue Dec 31 08:58:24 2019 GAUSS_SCRDIR=/scratch/bdw2292/Gau-ModifiedRes g09 ModifiedRes-opt-1-3-7-8-135.com has not terminated on node node53
Tue Dec 31 08:58:24 2019 GAUSS_SCRDIR=/scratch/bdw2292/Gau-ModifiedRes g09 ModifiedRes-opt-1-3-7-8-116.com has not terminated on node node54
Tue Dec 31 08:58:29 2019 Sleeping for 5 seconds
Tue Dec 31 08:58:29 2019 GAUSS_SCRDIR=/scratch/bdw2292/Gau-ModifiedRes g09 ModifiedRes-opt-1-3-7-8-324.com has not terminated on node node35
Tue Dec 31 08:58:29 2019 GAUSS_SCRDIR=/scratch/bdw2292/Gau-ModifiedRes g09 ModifiedRes-opt-1-3-7-8-343.com has not terminated on node node36
Tue Dec 31 08:58:29 2019 GAUSS_SCRDIR=/scratch/bdw2292/Gau-ModifiedRes g09 ModifiedRes-opt-1-3-7-8-002.com has not terminated on node node37
Tue Dec 31 08:58:29 2019 GAUSS_SCRDIR=/scratch/bdw2292/Gau-ModifiedRes g09 ModifiedRes-opt-1-3-7-8-021.com has not terminated on node node38
Tue Dec 31 08:58:29 2019 GAUSS_SCRDIR=/scratch/bdw2292/Gau-ModifiedRes g09 ModifiedRes-opt-1-3-7-8-040.com has terminated on node node40
Tue Dec 31 08:58:29 2019 GAUSS_SCRDIR=/scratch/bdw2292/Gau-ModifiedRes g09 ModifiedRes-opt-1-3-7-8-097.com has terminated on node node44
Tue Dec 31 08:58:29 2019 GAUSS_SCRDIR=/scratch/bdw2292/Gau-ModifiedRes g09 ModifiedRes-opt-1-3-7-8-173.com has not terminated on node node51
Tue Dec 31 08:58:29 2019 GAUSS_SCRDIR=/scratch/bdw2292/Gau-ModifiedRes g09 ModifiedRes-opt-1-3-7-8-154.com has not terminated on node node52
Tue Dec 31 08:58:29 2019 GAUSS_SCRDIR=/scratch/bdw2292/Gau-ModifiedRes g09 ModifiedRes-opt-1-3-7-8-135.com has not terminated on node node53
Tue Dec 31 08:58:29 2019 GAUSS_SCRDIR=/scratch/bdw2292/Gau-ModifiedRes g09 ModifiedRes-opt-1-3-7-8-116.com has not terminated on node node54
Tue Dec 31 08:58:34 2019 Sleeping for 5 seconds
Tue Dec 31 08:58:34 2019 GAUSS_SCRDIR=/scratch/bdw2292/Gau-ModifiedRes g09 ModifiedRes-opt-1-3-7-8-324.com has not terminated on node node35
Tue Dec 31 08:58:34 2019 GAUSS_SCRDIR=/scratch/bdw2292/Gau-ModifiedRes g09 ModifiedRes-opt-1-3-7-8-343.com has not terminated on node node36
Tue Dec 31 08:58:34 2019 GAUSS_SCRDIR=/scratch/bdw2292/Gau-ModifiedRes g09 ModifiedRes-opt-1-3-7-8-002.com has terminated on node node37
Tue Dec 31 08:58:34 2019 GAUSS_SCRDIR=/scratch/bdw2292/Gau-ModifiedRes g09 ModifiedRes-opt-1-3-7-8-021.com has not terminated on node node38
Tue Dec 31 08:58:34 2019 GAUSS_SCRDIR=/scratch/bdw2292/Gau-ModifiedRes g09 ModifiedRes-opt-1-3-7-8-173.com has not terminated on node node51
Tue Dec 31 08:58:34 2019 GAUSS_SCRDIR=/scratch/bdw2292/Gau-ModifiedRes g09 ModifiedRes-opt-1-3-7-8-154.com has not terminated on node node52
Tue Dec 31 08:58:34 2019 GAUSS_SCRDIR=/scratch/bdw2292/Gau-ModifiedRes g09 ModifiedRes-opt-1-3-7-8-135.com has not terminated on node node53
Tue Dec 31 08:58:34 2019 GAUSS_SCRDIR=/scratch/bdw2292/Gau-ModifiedRes g09 ModifiedRes-opt-1-3-7-8-116.com has not terminated on node node54
Tue Dec 31 08:58:39 2019 Sleeping for 5 seconds
Tue Dec 31 08:58:39 2019 GAUSS_SCRDIR=/scratch/bdw2292/Gau-ModifiedRes g09 ModifiedRes-opt-1-3-7-8-324.com has terminated on node node35
Tue Dec 31 08:58:39 2019 GAUSS_SCRDIR=/scratch/bdw2292/Gau-ModifiedRes g09 ModifiedRes-opt-1-3-7-8-343.com has terminated on node node36
Tue Dec 31 08:58:39 2019 GAUSS_SCRDIR=/scratch/bdw2292/Gau-ModifiedRes g09 ModifiedRes-opt-1-3-7-8-021.com has not terminated on node node38
Tue Dec 31 08:58:39 2019 GAUSS_SCRDIR=/scratch/bdw2292/Gau-ModifiedRes g09 ModifiedRes-opt-1-3-7-8-173.com has not terminated on node node51
Tue Dec 31 08:58:39 2019 GAUSS_SCRDIR=/scratch/bdw2292/Gau-ModifiedRes g09 ModifiedRes-opt-1-3-7-8-154.com has not terminated on node node52
Tue Dec 31 08:58:39 2019 GAUSS_SCRDIR=/scratch/bdw2292/Gau-ModifiedRes g09 ModifiedRes-opt-1-3-7-8-135.com has not terminated on node node53
Tue Dec 31 08:58:39 2019 GAUSS_SCRDIR=/scratch/bdw2292/Gau-ModifiedRes g09 ModifiedRes-opt-1-3-7-8-116.com has not terminated on node node54
Tue Dec 31 08:58:44 2019 Sleeping for 5 seconds
Tue Dec 31 08:58:44 2019 GAUSS_SCRDIR=/scratch/bdw2292/Gau-ModifiedRes g09 ModifiedRes-opt-1-3-7-8-021.com has not terminated on node node38
Tue Dec 31 08:58:44 2019 GAUSS_SCRDIR=/scratch/bdw2292/Gau-ModifiedRes g09 ModifiedRes-opt-1-3-7-8-173.com has not terminated on node node51
Tue Dec 31 08:58:44 2019 GAUSS_SCRDIR=/scratch/bdw2292/Gau-ModifiedRes g09 ModifiedRes-opt-1-3-7-8-154.com has not terminated on node node52
Tue Dec 31 08:58:44 2019 GAUSS_SCRDIR=/scratch/bdw2292/Gau-ModifiedRes g09 ModifiedRes-opt-1-3-7-8-135.com has not terminated on node node53
Tue Dec 31 08:58:44 2019 GAUSS_SCRDIR=/scratch/bdw2292/Gau-ModifiedRes g09 ModifiedRes-opt-1-3-7-8-116.com has not terminated on node node54
Tue Dec 31 08:58:49 2019 Sleeping for 5 seconds
Tue Dec 31 08:58:49 2019 GAUSS_SCRDIR=/scratch/bdw2292/Gau-ModifiedRes g09 ModifiedRes-opt-1-3-7-8-021.com has not terminated on node node38
Tue Dec 31 08:58:49 2019 GAUSS_SCRDIR=/scratch/bdw2292/Gau-ModifiedRes g09 ModifiedRes-opt-1-3-7-8-173.com has not terminated on node node51
Tue Dec 31 08:58:49 2019 GAUSS_SCRDIR=/scratch/bdw2292/Gau-ModifiedRes g09 ModifiedRes-opt-1-3-7-8-154.com has not terminated on node node52
Tue Dec 31 08:58:49 2019 GAUSS_SCRDIR=/scratch/bdw2292/Gau-ModifiedRes g09 ModifiedRes-opt-1-3-7-8-135.com has not terminated on node node53
Tue Dec 31 08:58:49 2019 GAUSS_SCRDIR=/scratch/bdw2292/Gau-ModifiedRes g09 ModifiedRes-opt-1-3-7-8-116.com has not terminated on node node54
Tue Dec 31 08:58:54 2019 Sleeping for 5 seconds
Tue Dec 31 08:58:54 2019 GAUSS_SCRDIR=/scratch/bdw2292/Gau-ModifiedRes g09 ModifiedRes-opt-1-3-7-8-021.com has not terminated on node node38
Tue Dec 31 08:58:54 2019 GAUSS_SCRDIR=/scratch/bdw2292/Gau-ModifiedRes g09 ModifiedRes-opt-1-3-7-8-173.com has not terminated on node node51
Tue Dec 31 08:58:54 2019 GAUSS_SCRDIR=/scratch/bdw2292/Gau-ModifiedRes g09 ModifiedRes-opt-1-3-7-8-154.com has not terminated on node node52
Tue Dec 31 08:58:54 2019 GAUSS_SCRDIR=/scratch/bdw2292/Gau-ModifiedRes g09 ModifiedRes-opt-1-3-7-8-135.com has not terminated on node node53
Tue Dec 31 08:58:54 2019 GAUSS_SCRDIR=/scratch/bdw2292/Gau-ModifiedRes g09 ModifiedRes-opt-1-3-7-8-116.com has not terminated on node node54
Tue Dec 31 08:58:59 2019 Sleeping for 5 seconds
Tue Dec 31 08:58:59 2019 GAUSS_SCRDIR=/scratch/bdw2292/Gau-ModifiedRes g09 ModifiedRes-opt-1-3-7-8-021.com has not terminated on node node38
Tue Dec 31 08:58:59 2019 GAUSS_SCRDIR=/scratch/bdw2292/Gau-ModifiedRes g09 ModifiedRes-opt-1-3-7-8-173.com has not terminated on node node51
Tue Dec 31 08:58:59 2019 GAUSS_SCRDIR=/scratch/bdw2292/Gau-ModifiedRes g09 ModifiedRes-opt-1-3-7-8-154.com has not terminated on node node52
Tue Dec 31 08:58:59 2019 GAUSS_SCRDIR=/scratch/bdw2292/Gau-ModifiedRes g09 ModifiedRes-opt-1-3-7-8-135.com has not terminated on node node53
Tue Dec 31 08:58:59 2019 GAUSS_SCRDIR=/scratch/bdw2292/Gau-ModifiedRes g09 ModifiedRes-opt-1-3-7-8-116.com has not terminated on node node54
Tue Dec 31 08:59:04 2019 Sleeping for 5 seconds
Tue Dec 31 08:59:04 2019 GAUSS_SCRDIR=/scratch/bdw2292/Gau-ModifiedRes g09 ModifiedRes-opt-1-3-7-8-021.com has not terminated on node node38
Tue Dec 31 08:59:04 2019 GAUSS_SCRDIR=/scratch/bdw2292/Gau-ModifiedRes g09 ModifiedRes-opt-1-3-7-8-173.com has not terminated on node node51
Tue Dec 31 08:59:04 2019 GAUSS_SCRDIR=/scratch/bdw2292/Gau-ModifiedRes g09 ModifiedRes-opt-1-3-7-8-154.com has not terminated on node node52
Tue Dec 31 08:59:04 2019 GAUSS_SCRDIR=/scratch/bdw2292/Gau-ModifiedRes g09 ModifiedRes-opt-1-3-7-8-135.com has not terminated on node node53
Tue Dec 31 08:59:04 2019 GAUSS_SCRDIR=/scratch/bdw2292/Gau-ModifiedRes g09 ModifiedRes-opt-1-3-7-8-116.com has not terminated on node node54
Tue Dec 31 08:59:09 2019 Sleeping for 5 seconds
Tue Dec 31 08:59:09 2019 GAUSS_SCRDIR=/scratch/bdw2292/Gau-ModifiedRes g09 ModifiedRes-opt-1-3-7-8-021.com has terminated on node node38
Tue Dec 31 08:59:09 2019 GAUSS_SCRDIR=/scratch/bdw2292/Gau-ModifiedRes g09 ModifiedRes-opt-1-3-7-8-173.com has not terminated on node node51
Tue Dec 31 08:59:09 2019 GAUSS_SCRDIR=/scratch/bdw2292/Gau-ModifiedRes g09 ModifiedRes-opt-1-3-7-8-154.com has terminated on node node52
Tue Dec 31 08:59:09 2019 GAUSS_SCRDIR=/scratch/bdw2292/Gau-ModifiedRes g09 ModifiedRes-opt-1-3-7-8-135.com has terminated on node node53
Tue Dec 31 08:59:09 2019 GAUSS_SCRDIR=/scratch/bdw2292/Gau-ModifiedRes g09 ModifiedRes-opt-1-3-7-8-116.com has not terminated on node node54
Tue Dec 31 08:59:14 2019 Sleeping for 5 seconds
Tue Dec 31 08:59:14 2019 GAUSS_SCRDIR=/scratch/bdw2292/Gau-ModifiedRes g09 ModifiedRes-opt-1-3-7-8-173.com has not terminated on node node51
Tue Dec 31 08:59:14 2019 GAUSS_SCRDIR=/scratch/bdw2292/Gau-ModifiedRes g09 ModifiedRes-opt-1-3-7-8-116.com has not terminated on node node54
Tue Dec 31 08:59:19 2019 Sleeping for 5 seconds
Tue Dec 31 08:59:19 2019 GAUSS_SCRDIR=/scratch/bdw2292/Gau-ModifiedRes g09 ModifiedRes-opt-1-3-7-8-173.com has not terminated on node node51
Tue Dec 31 08:59:19 2019 GAUSS_SCRDIR=/scratch/bdw2292/Gau-ModifiedRes g09 ModifiedRes-opt-1-3-7-8-116.com has not terminated on node node54
Tue Dec 31 08:59:24 2019 Sleeping for 5 seconds
Tue Dec 31 08:59:24 2019 GAUSS_SCRDIR=/scratch/bdw2292/Gau-ModifiedRes g09 ModifiedRes-opt-1-3-7-8-173.com has not terminated on node node51
Tue Dec 31 08:59:24 2019 GAUSS_SCRDIR=/scratch/bdw2292/Gau-ModifiedRes g09 ModifiedRes-opt-1-3-7-8-116.com has not terminated on node node54
Tue Dec 31 08:59:29 2019 Sleeping for 5 seconds
Tue Dec 31 08:59:29 2019 GAUSS_SCRDIR=/scratch/bdw2292/Gau-ModifiedRes g09 ModifiedRes-opt-1-3-7-8-173.com has not terminated on node node51
Tue Dec 31 08:59:29 2019 GAUSS_SCRDIR=/scratch/bdw2292/Gau-ModifiedRes g09 ModifiedRes-opt-1-3-7-8-116.com has not terminated on node node54
Tue Dec 31 08:59:34 2019 Sleeping for 5 seconds
Tue Dec 31 08:59:34 2019 GAUSS_SCRDIR=/scratch/bdw2292/Gau-ModifiedRes g09 ModifiedRes-opt-1-3-7-8-173.com has not terminated on node node51
Tue Dec 31 08:59:34 2019 GAUSS_SCRDIR=/scratch/bdw2292/Gau-ModifiedRes g09 ModifiedRes-opt-1-3-7-8-116.com has terminated on node node54
Tue Dec 31 08:59:39 2019 Sleeping for 5 seconds
Tue Dec 31 08:59:39 2019 GAUSS_SCRDIR=/scratch/bdw2292/Gau-ModifiedRes g09 ModifiedRes-opt-1-3-7-8-173.com has not terminated on node node51
Tue Dec 31 08:59:44 2019 Sleeping for 5 seconds
Tue Dec 31 08:59:44 2019 GAUSS_SCRDIR=/scratch/bdw2292/Gau-ModifiedRes g09 ModifiedRes-opt-1-3-7-8-173.com has not terminated on node node51
Tue Dec 31 08:59:49 2019 Sleeping for 5 seconds
Tue Dec 31 08:59:50 2019 GAUSS_SCRDIR=/scratch/bdw2292/Gau-ModifiedRes g09 ModifiedRes-opt-1-3-7-8-173.com has not terminated on node node51
Tue Dec 31 08:59:55 2019 Sleeping for 5 seconds
Tue Dec 31 08:59:55 2019 GAUSS_SCRDIR=/scratch/bdw2292/Gau-ModifiedRes g09 ModifiedRes-opt-1-3-7-8-173.com has not terminated on node node51
Tue Dec 31 09:00:00 2019 Sleeping for 5 seconds
Tue Dec 31 09:00:00 2019 GAUSS_SCRDIR=/scratch/bdw2292/Gau-ModifiedRes g09 ModifiedRes-opt-1-3-7-8-173.com has not terminated on node node51
Tue Dec 31 09:00:05 2019 Sleeping for 5 seconds
Tue Dec 31 09:00:05 2019 GAUSS_SCRDIR=/scratch/bdw2292/Gau-ModifiedRes g09 ModifiedRes-opt-1-3-7-8-173.com has not terminated on node node51
Tue Dec 31 09:00:10 2019 Sleeping for 5 seconds
Tue Dec 31 09:00:10 2019 GAUSS_SCRDIR=/scratch/bdw2292/Gau-ModifiedRes g09 ModifiedRes-opt-1-3-7-8-173.com has not terminated on node node51
Tue Dec 31 09:00:15 2019 Sleeping for 5 seconds
Tue Dec 31 09:00:15 2019 GAUSS_SCRDIR=/scratch/bdw2292/Gau-ModifiedRes g09 ModifiedRes-opt-1-3-7-8-173.com has terminated on node node51
Tue Dec 31 09:00:20 2019 Sleeping for 5 seconds
Tue Dec 31 09:00:20 2019 All jobs have finished 
