Tue Dec 31 08:49:48 2019 Calling: ssh node35 "cd /home/bdw2292/poltype/Examples/ModifiedAminoAcid/qm-torsion;source /home/bdw2292/.poltype.bashrc;mkdir /scratch/bdw2292/Gau-ModifiedRes"
Tue Dec 31 08:49:50 2019 Calling: ssh node35 "cd /home/bdw2292/poltype/Examples/ModifiedAminoAcid/qm-torsion;source /home/bdw2292/.poltype.bashrc;GAUSS_SCRDIR=/scratch/bdw2292/Gau-ModifiedRes g09 ModifiedRes-opt-7-3-5-15-238.com"
mkdir: cannot create directory ‘/scratch/bdw2292/Gau-ModifiedRes’: File exists
Tue Dec 31 08:49:55 2019 Sleeping for 5 seconds
Tue Dec 31 08:49:55 2019 GAUSS_SCRDIR=/scratch/bdw2292/Gau-ModifiedRes g09 ModifiedRes-opt-7-3-5-15-238.com has not terminated on node node35
Tue Dec 31 08:50:00 2019 Sleeping for 5 seconds
Tue Dec 31 08:50:00 2019 GAUSS_SCRDIR=/scratch/bdw2292/Gau-ModifiedRes g09 ModifiedRes-opt-7-3-5-15-238.com has not terminated on node node35
Tue Dec 31 08:50:05 2019 Sleeping for 5 seconds
Tue Dec 31 08:50:05 2019 GAUSS_SCRDIR=/scratch/bdw2292/Gau-ModifiedRes g09 ModifiedRes-opt-7-3-5-15-238.com has not terminated on node node35
Tue Dec 31 08:50:10 2019 Sleeping for 5 seconds
Tue Dec 31 08:50:10 2019 GAUSS_SCRDIR=/scratch/bdw2292/Gau-ModifiedRes g09 ModifiedRes-opt-7-3-5-15-238.com has not terminated on node node35
Tue Dec 31 08:50:15 2019 Sleeping for 5 seconds
Tue Dec 31 08:50:15 2019 GAUSS_SCRDIR=/scratch/bdw2292/Gau-ModifiedRes g09 ModifiedRes-opt-7-3-5-15-238.com has not terminated on node node35
Tue Dec 31 08:50:20 2019 Sleeping for 5 seconds
Tue Dec 31 08:50:20 2019 GAUSS_SCRDIR=/scratch/bdw2292/Gau-ModifiedRes g09 ModifiedRes-opt-7-3-5-15-238.com has not terminated on node node35
Tue Dec 31 08:50:25 2019 Sleeping for 5 seconds
Tue Dec 31 08:50:25 2019 GAUSS_SCRDIR=/scratch/bdw2292/Gau-ModifiedRes g09 ModifiedRes-opt-7-3-5-15-238.com has not terminated on node node35
Tue Dec 31 08:50:30 2019 Sleeping for 5 seconds
Tue Dec 31 08:50:30 2019 GAUSS_SCRDIR=/scratch/bdw2292/Gau-ModifiedRes g09 ModifiedRes-opt-7-3-5-15-238.com has not terminated on node node35
Tue Dec 31 08:50:35 2019 Sleeping for 5 seconds
Tue Dec 31 08:50:35 2019 GAUSS_SCRDIR=/scratch/bdw2292/Gau-ModifiedRes g09 ModifiedRes-opt-7-3-5-15-238.com has not terminated on node node35
Tue Dec 31 08:50:40 2019 Sleeping for 5 seconds
Tue Dec 31 08:50:40 2019 GAUSS_SCRDIR=/scratch/bdw2292/Gau-ModifiedRes g09 ModifiedRes-opt-7-3-5-15-238.com has not terminated on node node35
Tue Dec 31 08:50:45 2019 Sleeping for 5 seconds
Tue Dec 31 08:50:45 2019 GAUSS_SCRDIR=/scratch/bdw2292/Gau-ModifiedRes g09 ModifiedRes-opt-7-3-5-15-238.com has not terminated on node node35
Tue Dec 31 08:50:50 2019 Sleeping for 5 seconds
Tue Dec 31 08:50:50 2019 GAUSS_SCRDIR=/scratch/bdw2292/Gau-ModifiedRes g09 ModifiedRes-opt-7-3-5-15-238.com has not terminated on node node35
Tue Dec 31 08:50:55 2019 Sleeping for 5 seconds
Tue Dec 31 08:50:55 2019 GAUSS_SCRDIR=/scratch/bdw2292/Gau-ModifiedRes g09 ModifiedRes-opt-7-3-5-15-238.com has not terminated on node node35
Tue Dec 31 08:51:00 2019 Sleeping for 5 seconds
Tue Dec 31 08:51:00 2019 GAUSS_SCRDIR=/scratch/bdw2292/Gau-ModifiedRes g09 ModifiedRes-opt-7-3-5-15-238.com has not terminated on node node35
Tue Dec 31 08:51:05 2019 Sleeping for 5 seconds
Tue Dec 31 08:51:05 2019 GAUSS_SCRDIR=/scratch/bdw2292/Gau-ModifiedRes g09 ModifiedRes-opt-7-3-5-15-238.com has not terminated on node node35
Tue Dec 31 08:51:10 2019 Sleeping for 5 seconds
Tue Dec 31 08:51:10 2019 GAUSS_SCRDIR=/scratch/bdw2292/Gau-ModifiedRes g09 ModifiedRes-opt-7-3-5-15-238.com has not terminated on node node35
Tue Dec 31 08:51:15 2019 Sleeping for 5 seconds
Tue Dec 31 08:51:15 2019 GAUSS_SCRDIR=/scratch/bdw2292/Gau-ModifiedRes g09 ModifiedRes-opt-7-3-5-15-238.com has not terminated on node node35
Tue Dec 31 08:51:20 2019 Sleeping for 5 seconds
Tue Dec 31 08:51:20 2019 GAUSS_SCRDIR=/scratch/bdw2292/Gau-ModifiedRes g09 ModifiedRes-opt-7-3-5-15-238.com has not terminated on node node35
Tue Dec 31 08:51:25 2019 Sleeping for 5 seconds
Tue Dec 31 08:51:25 2019 GAUSS_SCRDIR=/scratch/bdw2292/Gau-ModifiedRes g09 ModifiedRes-opt-7-3-5-15-238.com has not terminated on node node35
Tue Dec 31 08:51:30 2019 Sleeping for 5 seconds
Tue Dec 31 08:51:30 2019 GAUSS_SCRDIR=/scratch/bdw2292/Gau-ModifiedRes g09 ModifiedRes-opt-7-3-5-15-238.com has not terminated on node node35
Tue Dec 31 08:51:35 2019 Sleeping for 5 seconds
Tue Dec 31 08:51:35 2019 GAUSS_SCRDIR=/scratch/bdw2292/Gau-ModifiedRes g09 ModifiedRes-opt-7-3-5-15-238.com has not terminated on node node35
Tue Dec 31 08:51:40 2019 Sleeping for 5 seconds
Tue Dec 31 08:51:40 2019 GAUSS_SCRDIR=/scratch/bdw2292/Gau-ModifiedRes g09 ModifiedRes-opt-7-3-5-15-238.com has not terminated on node node35
Tue Dec 31 08:51:45 2019 Sleeping for 5 seconds
Tue Dec 31 08:51:45 2019 GAUSS_SCRDIR=/scratch/bdw2292/Gau-ModifiedRes g09 ModifiedRes-opt-7-3-5-15-238.com has not terminated on node node35
Tue Dec 31 08:51:50 2019 Sleeping for 5 seconds
Tue Dec 31 08:51:50 2019 GAUSS_SCRDIR=/scratch/bdw2292/Gau-ModifiedRes g09 ModifiedRes-opt-7-3-5-15-238.com has not terminated on node node35
Tue Dec 31 08:51:55 2019 Sleeping for 5 seconds
Tue Dec 31 08:51:55 2019 GAUSS_SCRDIR=/scratch/bdw2292/Gau-ModifiedRes g09 ModifiedRes-opt-7-3-5-15-238.com has not terminated on node node35
Tue Dec 31 08:52:00 2019 Sleeping for 5 seconds
Tue Dec 31 08:52:00 2019 GAUSS_SCRDIR=/scratch/bdw2292/Gau-ModifiedRes g09 ModifiedRes-opt-7-3-5-15-238.com has not terminated on node node35
Tue Dec 31 08:52:05 2019 Sleeping for 5 seconds
Tue Dec 31 08:52:05 2019 GAUSS_SCRDIR=/scratch/bdw2292/Gau-ModifiedRes g09 ModifiedRes-opt-7-3-5-15-238.com has not terminated on node node35
Tue Dec 31 08:52:10 2019 Sleeping for 5 seconds
Tue Dec 31 08:52:10 2019 GAUSS_SCRDIR=/scratch/bdw2292/Gau-ModifiedRes g09 ModifiedRes-opt-7-3-5-15-238.com has not terminated on node node35
Tue Dec 31 08:52:15 2019 Sleeping for 5 seconds
Tue Dec 31 08:52:15 2019 GAUSS_SCRDIR=/scratch/bdw2292/Gau-ModifiedRes g09 ModifiedRes-opt-7-3-5-15-238.com has not terminated on node node35
Tue Dec 31 08:52:20 2019 Sleeping for 5 seconds
Tue Dec 31 08:52:20 2019 GAUSS_SCRDIR=/scratch/bdw2292/Gau-ModifiedRes g09 ModifiedRes-opt-7-3-5-15-238.com has not terminated on node node35
Tue Dec 31 08:52:25 2019 Sleeping for 5 seconds
Tue Dec 31 08:52:25 2019 GAUSS_SCRDIR=/scratch/bdw2292/Gau-ModifiedRes g09 ModifiedRes-opt-7-3-5-15-238.com has not terminated on node node35
Tue Dec 31 08:52:30 2019 Sleeping for 5 seconds
Tue Dec 31 08:52:30 2019 GAUSS_SCRDIR=/scratch/bdw2292/Gau-ModifiedRes g09 ModifiedRes-opt-7-3-5-15-238.com has terminated on node node35
Tue Dec 31 08:52:35 2019 Sleeping for 5 seconds
Tue Dec 31 08:52:35 2019 All jobs have finished 
