Mon Dec 30 09:39:40 2019 Calling: ssh node35 "cd /home/bdw2292/poltype/Examples/ModifiedAminoAcid/qm-torsion;source /home/bdw2292/.poltype.bashrc;mkdir /scratch/bdw2292/Gau-ModifiedRes"
mkdir: cannot create directory ‘/scratch/bdw2292/Gau-ModifiedRes’: File exists
Mon Dec 30 09:39:42 2019 Calling: ssh node35 "cd /home/bdw2292/poltype/Examples/ModifiedAminoAcid/qm-torsion;source /home/bdw2292/.poltype.bashrc;GAUSS_SCRDIR=/scratch/bdw2292/Gau-ModifiedRes g09 ModifiedRes-opt-3-1-13-14-027.com"
Mon Dec 30 09:39:42 2019 Calling: ssh node36 "cd /home/bdw2292/poltype/Examples/ModifiedAminoAcid/qm-torsion;source /home/bdw2292/.poltype.bashrc;mkdir /scratch/bdw2292/Gau-ModifiedRes"
mkdir: cannot create directory ‘/scratch/bdw2292/Gau-ModifiedRes’: File exists
Mon Dec 30 09:39:44 2019 Calling: ssh node36 "cd /home/bdw2292/poltype/Examples/ModifiedAminoAcid/qm-torsion;source /home/bdw2292/.poltype.bashrc;GAUSS_SCRDIR=/scratch/bdw2292/Gau-ModifiedRes g09 ModifiedRes-opt-3-1-13-14-055.com"
Mon Dec 30 09:39:44 2019 Calling: ssh node37 "cd /home/bdw2292/poltype/Examples/ModifiedAminoAcid/qm-torsion;source /home/bdw2292/.poltype.bashrc;mkdir /scratch/bdw2292/Gau-ModifiedRes"
mkdir: cannot create directory ‘/scratch/bdw2292/Gau-ModifiedRes’: File exists
Mon Dec 30 09:39:46 2019 Calling: ssh node37 "cd /home/bdw2292/poltype/Examples/ModifiedAminoAcid/qm-torsion;source /home/bdw2292/.poltype.bashrc;GAUSS_SCRDIR=/scratch/bdw2292/Gau-ModifiedRes g09 ModifiedRes-opt-3-1-13-14-083.com"
Mon Dec 30 09:39:46 2019 Calling: ssh node38 "cd /home/bdw2292/poltype/Examples/ModifiedAminoAcid/qm-torsion;source /home/bdw2292/.poltype.bashrc;mkdir /scratch/bdw2292/Gau-ModifiedRes"
mkdir: cannot create directory `/scratch/bdw2292/Gau-ModifiedRes': File exists
Mon Dec 30 09:39:48 2019 Calling: ssh node38 "cd /home/bdw2292/poltype/Examples/ModifiedAminoAcid/qm-torsion;source /home/bdw2292/.poltype.bashrc;GAUSS_SCRDIR=/scratch/bdw2292/Gau-ModifiedRes g09 ModifiedRes-opt-3-1-13-14-111.com"
Mon Dec 30 09:39:48 2019 Calling: ssh node40 "cd /home/bdw2292/poltype/Examples/ModifiedAminoAcid/qm-torsion;source /home/bdw2292/.poltype.bashrc;mkdir /scratch/bdw2292/Gau-ModifiedRes"
mkdir: cannot create directory `/scratch/bdw2292/Gau-ModifiedRes': File exists
Mon Dec 30 09:39:50 2019 Calling: ssh node40 "cd /home/bdw2292/poltype/Examples/ModifiedAminoAcid/qm-torsion;source /home/bdw2292/.poltype.bashrc;GAUSS_SCRDIR=/scratch/bdw2292/Gau-ModifiedRes g09 ModifiedRes-opt-3-1-13-14-139.com"
Mon Dec 30 09:39:50 2019 Calling: ssh node42 "cd /home/bdw2292/poltype/Examples/ModifiedAminoAcid/qm-torsion;source /home/bdw2292/.poltype.bashrc;mkdir /scratch/bdw2292/Gau-ModifiedRes"
Mon Dec 30 09:39:52 2019 Calling: ssh node42 "cd /home/bdw2292/poltype/Examples/ModifiedAminoAcid/qm-torsion;source /home/bdw2292/.poltype.bashrc;GAUSS_SCRDIR=/scratch/bdw2292/Gau-ModifiedRes g09 ModifiedRes-opt-3-1-13-14-335.com"
Mon Dec 30 09:39:52 2019 Calling: ssh node43 "cd /home/bdw2292/poltype/Examples/ModifiedAminoAcid/qm-torsion;source /home/bdw2292/.poltype.bashrc;mkdir /scratch/bdw2292/Gau-ModifiedRes"
mkdir: cannot create directory `/scratch/bdw2292/Gau-ModifiedRes': File exists
Mon Dec 30 09:39:54 2019 Calling: ssh node43 "cd /home/bdw2292/poltype/Examples/ModifiedAminoAcid/qm-torsion;source /home/bdw2292/.poltype.bashrc;GAUSS_SCRDIR=/scratch/bdw2292/Gau-ModifiedRes g09 ModifiedRes-opt-3-1-13-14-307.com"
Mon Dec 30 09:39:54 2019 Calling: ssh node44 "cd /home/bdw2292/poltype/Examples/ModifiedAminoAcid/qm-torsion;source /home/bdw2292/.poltype.bashrc;mkdir /scratch/bdw2292/Gau-ModifiedRes"
mkdir: cannot create directory ‘/scratch/bdw2292/Gau-ModifiedRes’: File exists
Mon Dec 30 09:39:56 2019 Calling: ssh node44 "cd /home/bdw2292/poltype/Examples/ModifiedAminoAcid/qm-torsion;source /home/bdw2292/.poltype.bashrc;GAUSS_SCRDIR=/scratch/bdw2292/Gau-ModifiedRes g09 ModifiedRes-opt-3-1-13-14-279.com"
Mon Dec 30 09:39:56 2019 Calling: ssh node45 "cd /home/bdw2292/poltype/Examples/ModifiedAminoAcid/qm-torsion;source /home/bdw2292/.poltype.bashrc;mkdir /scratch/bdw2292/Gau-ModifiedRes"
mkdir: cannot create directory `/scratch/bdw2292/Gau-ModifiedRes': File exists
Mon Dec 30 09:39:58 2019 Calling: ssh node45 "cd /home/bdw2292/poltype/Examples/ModifiedAminoAcid/qm-torsion;source /home/bdw2292/.poltype.bashrc;GAUSS_SCRDIR=/scratch/bdw2292/Gau-ModifiedRes g09 ModifiedRes-opt-3-1-13-14-251.com"
Mon Dec 30 09:39:58 2019 Calling: ssh node46 "cd /home/bdw2292/poltype/Examples/ModifiedAminoAcid/qm-torsion;source /home/bdw2292/.poltype.bashrc;mkdir /scratch/bdw2292/Gau-ModifiedRes"
mkdir: cannot create directory `/scratch/bdw2292/Gau-ModifiedRes': File exists
mkdir: cannot create directory `/scratch/bdw2292/Gau-ModifiedRes': File exists
Mon Dec 30 09:40:00 2019 Calling: ssh node46 "cd /home/bdw2292/poltype/Examples/ModifiedAminoAcid/qm-torsion;source /home/bdw2292/.poltype.bashrc;GAUSS_SCRDIR=/scratch/bdw2292/Gau-ModifiedRes g09 ModifiedRes-opt-3-1-13-14-223.com"
Mon Dec 30 09:40:00 2019 Calling: ssh node47 "cd /home/bdw2292/poltype/Examples/ModifiedAminoAcid/qm-torsion;source /home/bdw2292/.poltype.bashrc;mkdir /scratch/bdw2292/Gau-ModifiedRes"
mkdir: cannot create directory `/scratch/bdw2292/Gau-ModifiedRes': File exists
Mon Dec 30 09:40:02 2019 Calling: ssh node47 "cd /home/bdw2292/poltype/Examples/ModifiedAminoAcid/qm-torsion;source /home/bdw2292/.poltype.bashrc;GAUSS_SCRDIR=/scratch/bdw2292/Gau-ModifiedRes g09 ModifiedRes-opt-3-1-13-14-195.com"
Mon Dec 30 09:40:03 2019 Calling: ssh node48 "cd /home/bdw2292/poltype/Examples/ModifiedAminoAcid/qm-torsion;source /home/bdw2292/.poltype.bashrc;mkdir /scratch/bdw2292/Gau-ModifiedRes"
mkdir: cannot create directory `/scratch/bdw2292/Gau-ModifiedRes': File exists
Mon Dec 30 09:40:05 2019 Calling: ssh node48 "cd /home/bdw2292/poltype/Examples/ModifiedAminoAcid/qm-torsion;source /home/bdw2292/.poltype.bashrc;GAUSS_SCRDIR=/scratch/bdw2292/Gau-ModifiedRes g09 ModifiedRes-opt-3-1-13-14-167.com"
Mon Dec 30 09:40:10 2019 Sleeping for 5 seconds
Mon Dec 30 09:40:10 2019 GAUSS_SCRDIR=/scratch/bdw2292/Gau-ModifiedRes g09 ModifiedRes-opt-3-1-13-14-027.com has not terminated on node node35
Mon Dec 30 09:40:10 2019 GAUSS_SCRDIR=/scratch/bdw2292/Gau-ModifiedRes g09 ModifiedRes-opt-3-1-13-14-055.com has not terminated on node node36
Mon Dec 30 09:40:10 2019 GAUSS_SCRDIR=/scratch/bdw2292/Gau-ModifiedRes g09 ModifiedRes-opt-3-1-13-14-083.com has not terminated on node node37
Mon Dec 30 09:40:10 2019 GAUSS_SCRDIR=/scratch/bdw2292/Gau-ModifiedRes g09 ModifiedRes-opt-3-1-13-14-111.com has not terminated on node node38
Mon Dec 30 09:40:10 2019 GAUSS_SCRDIR=/scratch/bdw2292/Gau-ModifiedRes g09 ModifiedRes-opt-3-1-13-14-139.com has not terminated on node node40
Mon Dec 30 09:40:10 2019 GAUSS_SCRDIR=/scratch/bdw2292/Gau-ModifiedRes g09 ModifiedRes-opt-3-1-13-14-335.com has not terminated on node node42
Mon Dec 30 09:40:10 2019 GAUSS_SCRDIR=/scratch/bdw2292/Gau-ModifiedRes g09 ModifiedRes-opt-3-1-13-14-307.com has not terminated on node node43
Mon Dec 30 09:40:10 2019 GAUSS_SCRDIR=/scratch/bdw2292/Gau-ModifiedRes g09 ModifiedRes-opt-3-1-13-14-279.com has not terminated on node node44
Mon Dec 30 09:40:10 2019 GAUSS_SCRDIR=/scratch/bdw2292/Gau-ModifiedRes g09 ModifiedRes-opt-3-1-13-14-251.com has not terminated on node node45
Mon Dec 30 09:40:10 2019 GAUSS_SCRDIR=/scratch/bdw2292/Gau-ModifiedRes g09 ModifiedRes-opt-3-1-13-14-223.com has not terminated on node node46
Mon Dec 30 09:40:10 2019 GAUSS_SCRDIR=/scratch/bdw2292/Gau-ModifiedRes g09 ModifiedRes-opt-3-1-13-14-195.com has not terminated on node node47
Mon Dec 30 09:40:10 2019 GAUSS_SCRDIR=/scratch/bdw2292/Gau-ModifiedRes g09 ModifiedRes-opt-3-1-13-14-167.com has not terminated on node node48
Mon Dec 30 09:40:15 2019 Sleeping for 5 seconds
Mon Dec 30 09:40:15 2019 GAUSS_SCRDIR=/scratch/bdw2292/Gau-ModifiedRes g09 ModifiedRes-opt-3-1-13-14-027.com has not terminated on node node35
Mon Dec 30 09:40:15 2019 GAUSS_SCRDIR=/scratch/bdw2292/Gau-ModifiedRes g09 ModifiedRes-opt-3-1-13-14-055.com has not terminated on node node36
Mon Dec 30 09:40:15 2019 GAUSS_SCRDIR=/scratch/bdw2292/Gau-ModifiedRes g09 ModifiedRes-opt-3-1-13-14-083.com has not terminated on node node37
Mon Dec 30 09:40:15 2019 GAUSS_SCRDIR=/scratch/bdw2292/Gau-ModifiedRes g09 ModifiedRes-opt-3-1-13-14-111.com has not terminated on node node38
Mon Dec 30 09:40:15 2019 GAUSS_SCRDIR=/scratch/bdw2292/Gau-ModifiedRes g09 ModifiedRes-opt-3-1-13-14-139.com has not terminated on node node40
Mon Dec 30 09:40:15 2019 GAUSS_SCRDIR=/scratch/bdw2292/Gau-ModifiedRes g09 ModifiedRes-opt-3-1-13-14-335.com has not terminated on node node42
Mon Dec 30 09:40:15 2019 GAUSS_SCRDIR=/scratch/bdw2292/Gau-ModifiedRes g09 ModifiedRes-opt-3-1-13-14-307.com has not terminated on node node43
Mon Dec 30 09:40:15 2019 GAUSS_SCRDIR=/scratch/bdw2292/Gau-ModifiedRes g09 ModifiedRes-opt-3-1-13-14-279.com has not terminated on node node44
Mon Dec 30 09:40:15 2019 GAUSS_SCRDIR=/scratch/bdw2292/Gau-ModifiedRes g09 ModifiedRes-opt-3-1-13-14-251.com has not terminated on node node45
Mon Dec 30 09:40:15 2019 GAUSS_SCRDIR=/scratch/bdw2292/Gau-ModifiedRes g09 ModifiedRes-opt-3-1-13-14-223.com has not terminated on node node46
Mon Dec 30 09:40:15 2019 GAUSS_SCRDIR=/scratch/bdw2292/Gau-ModifiedRes g09 ModifiedRes-opt-3-1-13-14-195.com has not terminated on node node47
Mon Dec 30 09:40:15 2019 GAUSS_SCRDIR=/scratch/bdw2292/Gau-ModifiedRes g09 ModifiedRes-opt-3-1-13-14-167.com has not terminated on node node48
Mon Dec 30 09:40:20 2019 Sleeping for 5 seconds
Mon Dec 30 09:40:20 2019 GAUSS_SCRDIR=/scratch/bdw2292/Gau-ModifiedRes g09 ModifiedRes-opt-3-1-13-14-027.com has not terminated on node node35
Mon Dec 30 09:40:20 2019 GAUSS_SCRDIR=/scratch/bdw2292/Gau-ModifiedRes g09 ModifiedRes-opt-3-1-13-14-055.com has not terminated on node node36
Mon Dec 30 09:40:20 2019 GAUSS_SCRDIR=/scratch/bdw2292/Gau-ModifiedRes g09 ModifiedRes-opt-3-1-13-14-083.com has not terminated on node node37
Mon Dec 30 09:40:20 2019 GAUSS_SCRDIR=/scratch/bdw2292/Gau-ModifiedRes g09 ModifiedRes-opt-3-1-13-14-111.com has not terminated on node node38
Mon Dec 30 09:40:20 2019 GAUSS_SCRDIR=/scratch/bdw2292/Gau-ModifiedRes g09 ModifiedRes-opt-3-1-13-14-139.com has not terminated on node node40
Mon Dec 30 09:40:20 2019 GAUSS_SCRDIR=/scratch/bdw2292/Gau-ModifiedRes g09 ModifiedRes-opt-3-1-13-14-335.com has not terminated on node node42
Mon Dec 30 09:40:20 2019 GAUSS_SCRDIR=/scratch/bdw2292/Gau-ModifiedRes g09 ModifiedRes-opt-3-1-13-14-307.com has not terminated on node node43
Mon Dec 30 09:40:20 2019 GAUSS_SCRDIR=/scratch/bdw2292/Gau-ModifiedRes g09 ModifiedRes-opt-3-1-13-14-279.com has not terminated on node node44
Mon Dec 30 09:40:20 2019 GAUSS_SCRDIR=/scratch/bdw2292/Gau-ModifiedRes g09 ModifiedRes-opt-3-1-13-14-251.com has not terminated on node node45
Mon Dec 30 09:40:20 2019 GAUSS_SCRDIR=/scratch/bdw2292/Gau-ModifiedRes g09 ModifiedRes-opt-3-1-13-14-223.com has not terminated on node node46
Mon Dec 30 09:40:20 2019 GAUSS_SCRDIR=/scratch/bdw2292/Gau-ModifiedRes g09 ModifiedRes-opt-3-1-13-14-195.com has not terminated on node node47
Mon Dec 30 09:40:20 2019 GAUSS_SCRDIR=/scratch/bdw2292/Gau-ModifiedRes g09 ModifiedRes-opt-3-1-13-14-167.com has not terminated on node node48
Mon Dec 30 09:40:25 2019 Sleeping for 5 seconds
Mon Dec 30 09:40:25 2019 GAUSS_SCRDIR=/scratch/bdw2292/Gau-ModifiedRes g09 ModifiedRes-opt-3-1-13-14-027.com has not terminated on node node35
Mon Dec 30 09:40:25 2019 GAUSS_SCRDIR=/scratch/bdw2292/Gau-ModifiedRes g09 ModifiedRes-opt-3-1-13-14-055.com has not terminated on node node36
Mon Dec 30 09:40:25 2019 GAUSS_SCRDIR=/scratch/bdw2292/Gau-ModifiedRes g09 ModifiedRes-opt-3-1-13-14-083.com has not terminated on node node37
Mon Dec 30 09:40:25 2019 GAUSS_SCRDIR=/scratch/bdw2292/Gau-ModifiedRes g09 ModifiedRes-opt-3-1-13-14-111.com has not terminated on node node38
Mon Dec 30 09:40:25 2019 GAUSS_SCRDIR=/scratch/bdw2292/Gau-ModifiedRes g09 ModifiedRes-opt-3-1-13-14-139.com has not terminated on node node40
Mon Dec 30 09:40:25 2019 GAUSS_SCRDIR=/scratch/bdw2292/Gau-ModifiedRes g09 ModifiedRes-opt-3-1-13-14-335.com has not terminated on node node42
Mon Dec 30 09:40:25 2019 GAUSS_SCRDIR=/scratch/bdw2292/Gau-ModifiedRes g09 ModifiedRes-opt-3-1-13-14-307.com has not terminated on node node43
Mon Dec 30 09:40:25 2019 GAUSS_SCRDIR=/scratch/bdw2292/Gau-ModifiedRes g09 ModifiedRes-opt-3-1-13-14-279.com has not terminated on node node44
Mon Dec 30 09:40:25 2019 GAUSS_SCRDIR=/scratch/bdw2292/Gau-ModifiedRes g09 ModifiedRes-opt-3-1-13-14-251.com has not terminated on node node45
Mon Dec 30 09:40:25 2019 GAUSS_SCRDIR=/scratch/bdw2292/Gau-ModifiedRes g09 ModifiedRes-opt-3-1-13-14-223.com has not terminated on node node46
Mon Dec 30 09:40:25 2019 GAUSS_SCRDIR=/scratch/bdw2292/Gau-ModifiedRes g09 ModifiedRes-opt-3-1-13-14-195.com has not terminated on node node47
Mon Dec 30 09:40:25 2019 GAUSS_SCRDIR=/scratch/bdw2292/Gau-ModifiedRes g09 ModifiedRes-opt-3-1-13-14-167.com has not terminated on node node48
Mon Dec 30 09:40:30 2019 Sleeping for 5 seconds
Mon Dec 30 09:40:30 2019 GAUSS_SCRDIR=/scratch/bdw2292/Gau-ModifiedRes g09 ModifiedRes-opt-3-1-13-14-027.com has not terminated on node node35
Mon Dec 30 09:40:30 2019 GAUSS_SCRDIR=/scratch/bdw2292/Gau-ModifiedRes g09 ModifiedRes-opt-3-1-13-14-055.com has not terminated on node node36
Mon Dec 30 09:40:30 2019 GAUSS_SCRDIR=/scratch/bdw2292/Gau-ModifiedRes g09 ModifiedRes-opt-3-1-13-14-083.com has not terminated on node node37
Mon Dec 30 09:40:30 2019 GAUSS_SCRDIR=/scratch/bdw2292/Gau-ModifiedRes g09 ModifiedRes-opt-3-1-13-14-111.com has not terminated on node node38
Mon Dec 30 09:40:30 2019 GAUSS_SCRDIR=/scratch/bdw2292/Gau-ModifiedRes g09 ModifiedRes-opt-3-1-13-14-139.com has not terminated on node node40
Mon Dec 30 09:40:30 2019 GAUSS_SCRDIR=/scratch/bdw2292/Gau-ModifiedRes g09 ModifiedRes-opt-3-1-13-14-335.com has not terminated on node node42
Mon Dec 30 09:40:30 2019 GAUSS_SCRDIR=/scratch/bdw2292/Gau-ModifiedRes g09 ModifiedRes-opt-3-1-13-14-307.com has not terminated on node node43
Mon Dec 30 09:40:30 2019 GAUSS_SCRDIR=/scratch/bdw2292/Gau-ModifiedRes g09 ModifiedRes-opt-3-1-13-14-279.com has not terminated on node node44
Mon Dec 30 09:40:30 2019 GAUSS_SCRDIR=/scratch/bdw2292/Gau-ModifiedRes g09 ModifiedRes-opt-3-1-13-14-251.com has not terminated on node node45
Mon Dec 30 09:40:30 2019 GAUSS_SCRDIR=/scratch/bdw2292/Gau-ModifiedRes g09 ModifiedRes-opt-3-1-13-14-223.com has not terminated on node node46
Mon Dec 30 09:40:30 2019 GAUSS_SCRDIR=/scratch/bdw2292/Gau-ModifiedRes g09 ModifiedRes-opt-3-1-13-14-195.com has not terminated on node node47
Mon Dec 30 09:40:30 2019 GAUSS_SCRDIR=/scratch/bdw2292/Gau-ModifiedRes g09 ModifiedRes-opt-3-1-13-14-167.com has not terminated on node node48
Mon Dec 30 09:40:35 2019 Sleeping for 5 seconds
Mon Dec 30 09:40:35 2019 GAUSS_SCRDIR=/scratch/bdw2292/Gau-ModifiedRes g09 ModifiedRes-opt-3-1-13-14-027.com has not terminated on node node35
Mon Dec 30 09:40:35 2019 GAUSS_SCRDIR=/scratch/bdw2292/Gau-ModifiedRes g09 ModifiedRes-opt-3-1-13-14-055.com has not terminated on node node36
Mon Dec 30 09:40:35 2019 GAUSS_SCRDIR=/scratch/bdw2292/Gau-ModifiedRes g09 ModifiedRes-opt-3-1-13-14-083.com has not terminated on node node37
Mon Dec 30 09:40:35 2019 GAUSS_SCRDIR=/scratch/bdw2292/Gau-ModifiedRes g09 ModifiedRes-opt-3-1-13-14-111.com has not terminated on node node38
Mon Dec 30 09:40:35 2019 GAUSS_SCRDIR=/scratch/bdw2292/Gau-ModifiedRes g09 ModifiedRes-opt-3-1-13-14-139.com has not terminated on node node40
Mon Dec 30 09:40:35 2019 GAUSS_SCRDIR=/scratch/bdw2292/Gau-ModifiedRes g09 ModifiedRes-opt-3-1-13-14-335.com has not terminated on node node42
Mon Dec 30 09:40:35 2019 GAUSS_SCRDIR=/scratch/bdw2292/Gau-ModifiedRes g09 ModifiedRes-opt-3-1-13-14-307.com has not terminated on node node43
Mon Dec 30 09:40:35 2019 GAUSS_SCRDIR=/scratch/bdw2292/Gau-ModifiedRes g09 ModifiedRes-opt-3-1-13-14-279.com has not terminated on node node44
Mon Dec 30 09:40:35 2019 GAUSS_SCRDIR=/scratch/bdw2292/Gau-ModifiedRes g09 ModifiedRes-opt-3-1-13-14-251.com has not terminated on node node45
Mon Dec 30 09:40:35 2019 GAUSS_SCRDIR=/scratch/bdw2292/Gau-ModifiedRes g09 ModifiedRes-opt-3-1-13-14-223.com has not terminated on node node46
Mon Dec 30 09:40:35 2019 GAUSS_SCRDIR=/scratch/bdw2292/Gau-ModifiedRes g09 ModifiedRes-opt-3-1-13-14-195.com has not terminated on node node47
Mon Dec 30 09:40:35 2019 GAUSS_SCRDIR=/scratch/bdw2292/Gau-ModifiedRes g09 ModifiedRes-opt-3-1-13-14-167.com has not terminated on node node48
Mon Dec 30 09:40:40 2019 Sleeping for 5 seconds
Mon Dec 30 09:40:40 2019 GAUSS_SCRDIR=/scratch/bdw2292/Gau-ModifiedRes g09 ModifiedRes-opt-3-1-13-14-027.com has not terminated on node node35
Mon Dec 30 09:40:40 2019 GAUSS_SCRDIR=/scratch/bdw2292/Gau-ModifiedRes g09 ModifiedRes-opt-3-1-13-14-055.com has not terminated on node node36
Mon Dec 30 09:40:40 2019 GAUSS_SCRDIR=/scratch/bdw2292/Gau-ModifiedRes g09 ModifiedRes-opt-3-1-13-14-083.com has not terminated on node node37
Mon Dec 30 09:40:40 2019 GAUSS_SCRDIR=/scratch/bdw2292/Gau-ModifiedRes g09 ModifiedRes-opt-3-1-13-14-111.com has not terminated on node node38
Mon Dec 30 09:40:40 2019 GAUSS_SCRDIR=/scratch/bdw2292/Gau-ModifiedRes g09 ModifiedRes-opt-3-1-13-14-139.com has not terminated on node node40
Mon Dec 30 09:40:40 2019 GAUSS_SCRDIR=/scratch/bdw2292/Gau-ModifiedRes g09 ModifiedRes-opt-3-1-13-14-335.com has not terminated on node node42
Mon Dec 30 09:40:40 2019 GAUSS_SCRDIR=/scratch/bdw2292/Gau-ModifiedRes g09 ModifiedRes-opt-3-1-13-14-307.com has not terminated on node node43
Mon Dec 30 09:40:40 2019 GAUSS_SCRDIR=/scratch/bdw2292/Gau-ModifiedRes g09 ModifiedRes-opt-3-1-13-14-279.com has not terminated on node node44
Mon Dec 30 09:40:40 2019 GAUSS_SCRDIR=/scratch/bdw2292/Gau-ModifiedRes g09 ModifiedRes-opt-3-1-13-14-251.com has not terminated on node node45
Mon Dec 30 09:40:40 2019 GAUSS_SCRDIR=/scratch/bdw2292/Gau-ModifiedRes g09 ModifiedRes-opt-3-1-13-14-223.com has not terminated on node node46
Mon Dec 30 09:40:40 2019 GAUSS_SCRDIR=/scratch/bdw2292/Gau-ModifiedRes g09 ModifiedRes-opt-3-1-13-14-195.com has not terminated on node node47
Mon Dec 30 09:40:40 2019 GAUSS_SCRDIR=/scratch/bdw2292/Gau-ModifiedRes g09 ModifiedRes-opt-3-1-13-14-167.com has not terminated on node node48
Mon Dec 30 09:40:45 2019 Sleeping for 5 seconds
Mon Dec 30 09:40:45 2019 GAUSS_SCRDIR=/scratch/bdw2292/Gau-ModifiedRes g09 ModifiedRes-opt-3-1-13-14-027.com has not terminated on node node35
Mon Dec 30 09:40:45 2019 GAUSS_SCRDIR=/scratch/bdw2292/Gau-ModifiedRes g09 ModifiedRes-opt-3-1-13-14-055.com has not terminated on node node36
Mon Dec 30 09:40:45 2019 GAUSS_SCRDIR=/scratch/bdw2292/Gau-ModifiedRes g09 ModifiedRes-opt-3-1-13-14-083.com has not terminated on node node37
Mon Dec 30 09:40:45 2019 GAUSS_SCRDIR=/scratch/bdw2292/Gau-ModifiedRes g09 ModifiedRes-opt-3-1-13-14-111.com has not terminated on node node38
Mon Dec 30 09:40:45 2019 GAUSS_SCRDIR=/scratch/bdw2292/Gau-ModifiedRes g09 ModifiedRes-opt-3-1-13-14-139.com has not terminated on node node40
Mon Dec 30 09:40:45 2019 GAUSS_SCRDIR=/scratch/bdw2292/Gau-ModifiedRes g09 ModifiedRes-opt-3-1-13-14-335.com has not terminated on node node42
Mon Dec 30 09:40:45 2019 GAUSS_SCRDIR=/scratch/bdw2292/Gau-ModifiedRes g09 ModifiedRes-opt-3-1-13-14-307.com has not terminated on node node43
Mon Dec 30 09:40:45 2019 GAUSS_SCRDIR=/scratch/bdw2292/Gau-ModifiedRes g09 ModifiedRes-opt-3-1-13-14-279.com has not terminated on node node44
Mon Dec 30 09:40:45 2019 GAUSS_SCRDIR=/scratch/bdw2292/Gau-ModifiedRes g09 ModifiedRes-opt-3-1-13-14-251.com has not terminated on node node45
Mon Dec 30 09:40:45 2019 GAUSS_SCRDIR=/scratch/bdw2292/Gau-ModifiedRes g09 ModifiedRes-opt-3-1-13-14-223.com has not terminated on node node46
Mon Dec 30 09:40:45 2019 GAUSS_SCRDIR=/scratch/bdw2292/Gau-ModifiedRes g09 ModifiedRes-opt-3-1-13-14-195.com has not terminated on node node47
Mon Dec 30 09:40:45 2019 GAUSS_SCRDIR=/scratch/bdw2292/Gau-ModifiedRes g09 ModifiedRes-opt-3-1-13-14-167.com has not terminated on node node48
Mon Dec 30 09:40:50 2019 Sleeping for 5 seconds
Mon Dec 30 09:40:50 2019 GAUSS_SCRDIR=/scratch/bdw2292/Gau-ModifiedRes g09 ModifiedRes-opt-3-1-13-14-027.com has not terminated on node node35
Mon Dec 30 09:40:50 2019 GAUSS_SCRDIR=/scratch/bdw2292/Gau-ModifiedRes g09 ModifiedRes-opt-3-1-13-14-055.com has not terminated on node node36
Mon Dec 30 09:40:50 2019 GAUSS_SCRDIR=/scratch/bdw2292/Gau-ModifiedRes g09 ModifiedRes-opt-3-1-13-14-083.com has not terminated on node node37
Mon Dec 30 09:40:50 2019 GAUSS_SCRDIR=/scratch/bdw2292/Gau-ModifiedRes g09 ModifiedRes-opt-3-1-13-14-111.com has not terminated on node node38
Mon Dec 30 09:40:50 2019 GAUSS_SCRDIR=/scratch/bdw2292/Gau-ModifiedRes g09 ModifiedRes-opt-3-1-13-14-139.com has not terminated on node node40
Mon Dec 30 09:40:50 2019 GAUSS_SCRDIR=/scratch/bdw2292/Gau-ModifiedRes g09 ModifiedRes-opt-3-1-13-14-335.com has not terminated on node node42
Mon Dec 30 09:40:50 2019 GAUSS_SCRDIR=/scratch/bdw2292/Gau-ModifiedRes g09 ModifiedRes-opt-3-1-13-14-307.com has not terminated on node node43
Mon Dec 30 09:40:50 2019 GAUSS_SCRDIR=/scratch/bdw2292/Gau-ModifiedRes g09 ModifiedRes-opt-3-1-13-14-279.com has not terminated on node node44
Mon Dec 30 09:40:50 2019 GAUSS_SCRDIR=/scratch/bdw2292/Gau-ModifiedRes g09 ModifiedRes-opt-3-1-13-14-251.com has not terminated on node node45
Mon Dec 30 09:40:50 2019 GAUSS_SCRDIR=/scratch/bdw2292/Gau-ModifiedRes g09 ModifiedRes-opt-3-1-13-14-223.com has not terminated on node node46
Mon Dec 30 09:40:50 2019 GAUSS_SCRDIR=/scratch/bdw2292/Gau-ModifiedRes g09 ModifiedRes-opt-3-1-13-14-195.com has not terminated on node node47
Mon Dec 30 09:40:50 2019 GAUSS_SCRDIR=/scratch/bdw2292/Gau-ModifiedRes g09 ModifiedRes-opt-3-1-13-14-167.com has not terminated on node node48
Mon Dec 30 09:40:55 2019 Sleeping for 5 seconds
Mon Dec 30 09:40:55 2019 GAUSS_SCRDIR=/scratch/bdw2292/Gau-ModifiedRes g09 ModifiedRes-opt-3-1-13-14-027.com has not terminated on node node35
Mon Dec 30 09:40:55 2019 GAUSS_SCRDIR=/scratch/bdw2292/Gau-ModifiedRes g09 ModifiedRes-opt-3-1-13-14-055.com has not terminated on node node36
Mon Dec 30 09:40:55 2019 GAUSS_SCRDIR=/scratch/bdw2292/Gau-ModifiedRes g09 ModifiedRes-opt-3-1-13-14-083.com has not terminated on node node37
Mon Dec 30 09:40:55 2019 GAUSS_SCRDIR=/scratch/bdw2292/Gau-ModifiedRes g09 ModifiedRes-opt-3-1-13-14-111.com has not terminated on node node38
Mon Dec 30 09:40:55 2019 GAUSS_SCRDIR=/scratch/bdw2292/Gau-ModifiedRes g09 ModifiedRes-opt-3-1-13-14-139.com has not terminated on node node40
Mon Dec 30 09:40:55 2019 GAUSS_SCRDIR=/scratch/bdw2292/Gau-ModifiedRes g09 ModifiedRes-opt-3-1-13-14-335.com has not terminated on node node42
Mon Dec 30 09:40:55 2019 GAUSS_SCRDIR=/scratch/bdw2292/Gau-ModifiedRes g09 ModifiedRes-opt-3-1-13-14-307.com has not terminated on node node43
Mon Dec 30 09:40:55 2019 GAUSS_SCRDIR=/scratch/bdw2292/Gau-ModifiedRes g09 ModifiedRes-opt-3-1-13-14-279.com has not terminated on node node44
Mon Dec 30 09:40:55 2019 GAUSS_SCRDIR=/scratch/bdw2292/Gau-ModifiedRes g09 ModifiedRes-opt-3-1-13-14-251.com has not terminated on node node45
Mon Dec 30 09:40:55 2019 GAUSS_SCRDIR=/scratch/bdw2292/Gau-ModifiedRes g09 ModifiedRes-opt-3-1-13-14-223.com has not terminated on node node46
Mon Dec 30 09:40:55 2019 GAUSS_SCRDIR=/scratch/bdw2292/Gau-ModifiedRes g09 ModifiedRes-opt-3-1-13-14-195.com has not terminated on node node47
Mon Dec 30 09:40:55 2019 GAUSS_SCRDIR=/scratch/bdw2292/Gau-ModifiedRes g09 ModifiedRes-opt-3-1-13-14-167.com has not terminated on node node48
Mon Dec 30 09:41:00 2019 Sleeping for 5 seconds
Mon Dec 30 09:41:00 2019 GAUSS_SCRDIR=/scratch/bdw2292/Gau-ModifiedRes g09 ModifiedRes-opt-3-1-13-14-027.com has not terminated on node node35
Mon Dec 30 09:41:00 2019 GAUSS_SCRDIR=/scratch/bdw2292/Gau-ModifiedRes g09 ModifiedRes-opt-3-1-13-14-055.com has not terminated on node node36
Mon Dec 30 09:41:00 2019 GAUSS_SCRDIR=/scratch/bdw2292/Gau-ModifiedRes g09 ModifiedRes-opt-3-1-13-14-083.com has not terminated on node node37
Mon Dec 30 09:41:00 2019 GAUSS_SCRDIR=/scratch/bdw2292/Gau-ModifiedRes g09 ModifiedRes-opt-3-1-13-14-111.com has not terminated on node node38
Mon Dec 30 09:41:00 2019 GAUSS_SCRDIR=/scratch/bdw2292/Gau-ModifiedRes g09 ModifiedRes-opt-3-1-13-14-139.com has not terminated on node node40
Mon Dec 30 09:41:00 2019 GAUSS_SCRDIR=/scratch/bdw2292/Gau-ModifiedRes g09 ModifiedRes-opt-3-1-13-14-335.com has not terminated on node node42
Mon Dec 30 09:41:00 2019 GAUSS_SCRDIR=/scratch/bdw2292/Gau-ModifiedRes g09 ModifiedRes-opt-3-1-13-14-307.com has not terminated on node node43
Mon Dec 30 09:41:00 2019 GAUSS_SCRDIR=/scratch/bdw2292/Gau-ModifiedRes g09 ModifiedRes-opt-3-1-13-14-279.com has not terminated on node node44
Mon Dec 30 09:41:00 2019 GAUSS_SCRDIR=/scratch/bdw2292/Gau-ModifiedRes g09 ModifiedRes-opt-3-1-13-14-251.com has not terminated on node node45
Mon Dec 30 09:41:00 2019 GAUSS_SCRDIR=/scratch/bdw2292/Gau-ModifiedRes g09 ModifiedRes-opt-3-1-13-14-223.com has not terminated on node node46
Mon Dec 30 09:41:00 2019 GAUSS_SCRDIR=/scratch/bdw2292/Gau-ModifiedRes g09 ModifiedRes-opt-3-1-13-14-195.com has not terminated on node node47
Mon Dec 30 09:41:00 2019 GAUSS_SCRDIR=/scratch/bdw2292/Gau-ModifiedRes g09 ModifiedRes-opt-3-1-13-14-167.com has not terminated on node node48
Mon Dec 30 09:41:05 2019 Sleeping for 5 seconds
Mon Dec 30 09:41:05 2019 GAUSS_SCRDIR=/scratch/bdw2292/Gau-ModifiedRes g09 ModifiedRes-opt-3-1-13-14-027.com has not terminated on node node35
Mon Dec 30 09:41:05 2019 GAUSS_SCRDIR=/scratch/bdw2292/Gau-ModifiedRes g09 ModifiedRes-opt-3-1-13-14-055.com has not terminated on node node36
Mon Dec 30 09:41:05 2019 GAUSS_SCRDIR=/scratch/bdw2292/Gau-ModifiedRes g09 ModifiedRes-opt-3-1-13-14-083.com has not terminated on node node37
Mon Dec 30 09:41:05 2019 GAUSS_SCRDIR=/scratch/bdw2292/Gau-ModifiedRes g09 ModifiedRes-opt-3-1-13-14-111.com has not terminated on node node38
Mon Dec 30 09:41:05 2019 GAUSS_SCRDIR=/scratch/bdw2292/Gau-ModifiedRes g09 ModifiedRes-opt-3-1-13-14-139.com has not terminated on node node40
Mon Dec 30 09:41:05 2019 GAUSS_SCRDIR=/scratch/bdw2292/Gau-ModifiedRes g09 ModifiedRes-opt-3-1-13-14-335.com has not terminated on node node42
Mon Dec 30 09:41:05 2019 GAUSS_SCRDIR=/scratch/bdw2292/Gau-ModifiedRes g09 ModifiedRes-opt-3-1-13-14-307.com has not terminated on node node43
Mon Dec 30 09:41:05 2019 GAUSS_SCRDIR=/scratch/bdw2292/Gau-ModifiedRes g09 ModifiedRes-opt-3-1-13-14-279.com has not terminated on node node44
Mon Dec 30 09:41:05 2019 GAUSS_SCRDIR=/scratch/bdw2292/Gau-ModifiedRes g09 ModifiedRes-opt-3-1-13-14-251.com has not terminated on node node45
Mon Dec 30 09:41:05 2019 GAUSS_SCRDIR=/scratch/bdw2292/Gau-ModifiedRes g09 ModifiedRes-opt-3-1-13-14-223.com has not terminated on node node46
Mon Dec 30 09:41:05 2019 GAUSS_SCRDIR=/scratch/bdw2292/Gau-ModifiedRes g09 ModifiedRes-opt-3-1-13-14-195.com has not terminated on node node47
Mon Dec 30 09:41:05 2019 GAUSS_SCRDIR=/scratch/bdw2292/Gau-ModifiedRes g09 ModifiedRes-opt-3-1-13-14-167.com has not terminated on node node48
Mon Dec 30 09:41:10 2019 Sleeping for 5 seconds
Mon Dec 30 09:41:10 2019 GAUSS_SCRDIR=/scratch/bdw2292/Gau-ModifiedRes g09 ModifiedRes-opt-3-1-13-14-027.com has not terminated on node node35
Mon Dec 30 09:41:10 2019 GAUSS_SCRDIR=/scratch/bdw2292/Gau-ModifiedRes g09 ModifiedRes-opt-3-1-13-14-055.com has not terminated on node node36
Mon Dec 30 09:41:10 2019 GAUSS_SCRDIR=/scratch/bdw2292/Gau-ModifiedRes g09 ModifiedRes-opt-3-1-13-14-083.com has not terminated on node node37
Mon Dec 30 09:41:10 2019 GAUSS_SCRDIR=/scratch/bdw2292/Gau-ModifiedRes g09 ModifiedRes-opt-3-1-13-14-111.com has not terminated on node node38
Mon Dec 30 09:41:10 2019 GAUSS_SCRDIR=/scratch/bdw2292/Gau-ModifiedRes g09 ModifiedRes-opt-3-1-13-14-139.com has not terminated on node node40
Mon Dec 30 09:41:10 2019 GAUSS_SCRDIR=/scratch/bdw2292/Gau-ModifiedRes g09 ModifiedRes-opt-3-1-13-14-335.com has not terminated on node node42
Mon Dec 30 09:41:10 2019 GAUSS_SCRDIR=/scratch/bdw2292/Gau-ModifiedRes g09 ModifiedRes-opt-3-1-13-14-307.com has not terminated on node node43
Mon Dec 30 09:41:10 2019 GAUSS_SCRDIR=/scratch/bdw2292/Gau-ModifiedRes g09 ModifiedRes-opt-3-1-13-14-279.com has not terminated on node node44
Mon Dec 30 09:41:10 2019 GAUSS_SCRDIR=/scratch/bdw2292/Gau-ModifiedRes g09 ModifiedRes-opt-3-1-13-14-251.com has not terminated on node node45
Mon Dec 30 09:41:10 2019 GAUSS_SCRDIR=/scratch/bdw2292/Gau-ModifiedRes g09 ModifiedRes-opt-3-1-13-14-223.com has not terminated on node node46
Mon Dec 30 09:41:10 2019 GAUSS_SCRDIR=/scratch/bdw2292/Gau-ModifiedRes g09 ModifiedRes-opt-3-1-13-14-195.com has not terminated on node node47
Mon Dec 30 09:41:10 2019 GAUSS_SCRDIR=/scratch/bdw2292/Gau-ModifiedRes g09 ModifiedRes-opt-3-1-13-14-167.com has not terminated on node node48
Mon Dec 30 09:41:15 2019 Sleeping for 5 seconds
Mon Dec 30 09:41:15 2019 GAUSS_SCRDIR=/scratch/bdw2292/Gau-ModifiedRes g09 ModifiedRes-opt-3-1-13-14-027.com has not terminated on node node35
Mon Dec 30 09:41:15 2019 GAUSS_SCRDIR=/scratch/bdw2292/Gau-ModifiedRes g09 ModifiedRes-opt-3-1-13-14-055.com has not terminated on node node36
Mon Dec 30 09:41:15 2019 GAUSS_SCRDIR=/scratch/bdw2292/Gau-ModifiedRes g09 ModifiedRes-opt-3-1-13-14-083.com has not terminated on node node37
Mon Dec 30 09:41:15 2019 GAUSS_SCRDIR=/scratch/bdw2292/Gau-ModifiedRes g09 ModifiedRes-opt-3-1-13-14-111.com has not terminated on node node38
Mon Dec 30 09:41:15 2019 GAUSS_SCRDIR=/scratch/bdw2292/Gau-ModifiedRes g09 ModifiedRes-opt-3-1-13-14-139.com has not terminated on node node40
Mon Dec 30 09:41:15 2019 GAUSS_SCRDIR=/scratch/bdw2292/Gau-ModifiedRes g09 ModifiedRes-opt-3-1-13-14-335.com has not terminated on node node42
Mon Dec 30 09:41:15 2019 GAUSS_SCRDIR=/scratch/bdw2292/Gau-ModifiedRes g09 ModifiedRes-opt-3-1-13-14-307.com has not terminated on node node43
Mon Dec 30 09:41:15 2019 GAUSS_SCRDIR=/scratch/bdw2292/Gau-ModifiedRes g09 ModifiedRes-opt-3-1-13-14-279.com has not terminated on node node44
Mon Dec 30 09:41:15 2019 GAUSS_SCRDIR=/scratch/bdw2292/Gau-ModifiedRes g09 ModifiedRes-opt-3-1-13-14-251.com has not terminated on node node45
Mon Dec 30 09:41:15 2019 GAUSS_SCRDIR=/scratch/bdw2292/Gau-ModifiedRes g09 ModifiedRes-opt-3-1-13-14-223.com has not terminated on node node46
Mon Dec 30 09:41:15 2019 GAUSS_SCRDIR=/scratch/bdw2292/Gau-ModifiedRes g09 ModifiedRes-opt-3-1-13-14-195.com has not terminated on node node47
Mon Dec 30 09:41:15 2019 GAUSS_SCRDIR=/scratch/bdw2292/Gau-ModifiedRes g09 ModifiedRes-opt-3-1-13-14-167.com has not terminated on node node48
Mon Dec 30 09:41:20 2019 Sleeping for 5 seconds
Mon Dec 30 09:41:20 2019 GAUSS_SCRDIR=/scratch/bdw2292/Gau-ModifiedRes g09 ModifiedRes-opt-3-1-13-14-027.com has not terminated on node node35
Mon Dec 30 09:41:20 2019 GAUSS_SCRDIR=/scratch/bdw2292/Gau-ModifiedRes g09 ModifiedRes-opt-3-1-13-14-055.com has not terminated on node node36
Mon Dec 30 09:41:20 2019 GAUSS_SCRDIR=/scratch/bdw2292/Gau-ModifiedRes g09 ModifiedRes-opt-3-1-13-14-083.com has not terminated on node node37
Mon Dec 30 09:41:20 2019 GAUSS_SCRDIR=/scratch/bdw2292/Gau-ModifiedRes g09 ModifiedRes-opt-3-1-13-14-111.com has not terminated on node node38
Mon Dec 30 09:41:20 2019 GAUSS_SCRDIR=/scratch/bdw2292/Gau-ModifiedRes g09 ModifiedRes-opt-3-1-13-14-139.com has not terminated on node node40
Mon Dec 30 09:41:20 2019 GAUSS_SCRDIR=/scratch/bdw2292/Gau-ModifiedRes g09 ModifiedRes-opt-3-1-13-14-335.com has not terminated on node node42
Mon Dec 30 09:41:20 2019 GAUSS_SCRDIR=/scratch/bdw2292/Gau-ModifiedRes g09 ModifiedRes-opt-3-1-13-14-307.com has not terminated on node node43
Mon Dec 30 09:41:20 2019 GAUSS_SCRDIR=/scratch/bdw2292/Gau-ModifiedRes g09 ModifiedRes-opt-3-1-13-14-279.com has not terminated on node node44
Mon Dec 30 09:41:20 2019 GAUSS_SCRDIR=/scratch/bdw2292/Gau-ModifiedRes g09 ModifiedRes-opt-3-1-13-14-251.com has not terminated on node node45
Mon Dec 30 09:41:20 2019 GAUSS_SCRDIR=/scratch/bdw2292/Gau-ModifiedRes g09 ModifiedRes-opt-3-1-13-14-223.com has not terminated on node node46
Mon Dec 30 09:41:20 2019 GAUSS_SCRDIR=/scratch/bdw2292/Gau-ModifiedRes g09 ModifiedRes-opt-3-1-13-14-195.com has not terminated on node node47
Mon Dec 30 09:41:20 2019 GAUSS_SCRDIR=/scratch/bdw2292/Gau-ModifiedRes g09 ModifiedRes-opt-3-1-13-14-167.com has not terminated on node node48
Mon Dec 30 09:41:25 2019 Sleeping for 5 seconds
Mon Dec 30 09:41:25 2019 GAUSS_SCRDIR=/scratch/bdw2292/Gau-ModifiedRes g09 ModifiedRes-opt-3-1-13-14-027.com has not terminated on node node35
Mon Dec 30 09:41:25 2019 GAUSS_SCRDIR=/scratch/bdw2292/Gau-ModifiedRes g09 ModifiedRes-opt-3-1-13-14-055.com has not terminated on node node36
Mon Dec 30 09:41:25 2019 GAUSS_SCRDIR=/scratch/bdw2292/Gau-ModifiedRes g09 ModifiedRes-opt-3-1-13-14-083.com has not terminated on node node37
Mon Dec 30 09:41:25 2019 GAUSS_SCRDIR=/scratch/bdw2292/Gau-ModifiedRes g09 ModifiedRes-opt-3-1-13-14-111.com has not terminated on node node38
Mon Dec 30 09:41:25 2019 GAUSS_SCRDIR=/scratch/bdw2292/Gau-ModifiedRes g09 ModifiedRes-opt-3-1-13-14-139.com has not terminated on node node40
Mon Dec 30 09:41:25 2019 GAUSS_SCRDIR=/scratch/bdw2292/Gau-ModifiedRes g09 ModifiedRes-opt-3-1-13-14-335.com has not terminated on node node42
Mon Dec 30 09:41:25 2019 GAUSS_SCRDIR=/scratch/bdw2292/Gau-ModifiedRes g09 ModifiedRes-opt-3-1-13-14-307.com has not terminated on node node43
Mon Dec 30 09:41:25 2019 GAUSS_SCRDIR=/scratch/bdw2292/Gau-ModifiedRes g09 ModifiedRes-opt-3-1-13-14-279.com has not terminated on node node44
Mon Dec 30 09:41:25 2019 GAUSS_SCRDIR=/scratch/bdw2292/Gau-ModifiedRes g09 ModifiedRes-opt-3-1-13-14-251.com has not terminated on node node45
Mon Dec 30 09:41:25 2019 GAUSS_SCRDIR=/scratch/bdw2292/Gau-ModifiedRes g09 ModifiedRes-opt-3-1-13-14-223.com has not terminated on node node46
Mon Dec 30 09:41:25 2019 GAUSS_SCRDIR=/scratch/bdw2292/Gau-ModifiedRes g09 ModifiedRes-opt-3-1-13-14-195.com has not terminated on node node47
Mon Dec 30 09:41:25 2019 GAUSS_SCRDIR=/scratch/bdw2292/Gau-ModifiedRes g09 ModifiedRes-opt-3-1-13-14-167.com has not terminated on node node48
Mon Dec 30 09:41:30 2019 Sleeping for 5 seconds
Mon Dec 30 09:41:30 2019 GAUSS_SCRDIR=/scratch/bdw2292/Gau-ModifiedRes g09 ModifiedRes-opt-3-1-13-14-027.com has not terminated on node node35
Mon Dec 30 09:41:30 2019 GAUSS_SCRDIR=/scratch/bdw2292/Gau-ModifiedRes g09 ModifiedRes-opt-3-1-13-14-055.com has not terminated on node node36
Mon Dec 30 09:41:30 2019 GAUSS_SCRDIR=/scratch/bdw2292/Gau-ModifiedRes g09 ModifiedRes-opt-3-1-13-14-083.com has not terminated on node node37
Mon Dec 30 09:41:30 2019 GAUSS_SCRDIR=/scratch/bdw2292/Gau-ModifiedRes g09 ModifiedRes-opt-3-1-13-14-111.com has not terminated on node node38
Mon Dec 30 09:41:30 2019 GAUSS_SCRDIR=/scratch/bdw2292/Gau-ModifiedRes g09 ModifiedRes-opt-3-1-13-14-139.com has not terminated on node node40
Mon Dec 30 09:41:30 2019 GAUSS_SCRDIR=/scratch/bdw2292/Gau-ModifiedRes g09 ModifiedRes-opt-3-1-13-14-335.com has not terminated on node node42
Mon Dec 30 09:41:30 2019 GAUSS_SCRDIR=/scratch/bdw2292/Gau-ModifiedRes g09 ModifiedRes-opt-3-1-13-14-307.com has not terminated on node node43
Mon Dec 30 09:41:30 2019 GAUSS_SCRDIR=/scratch/bdw2292/Gau-ModifiedRes g09 ModifiedRes-opt-3-1-13-14-279.com has not terminated on node node44
Mon Dec 30 09:41:30 2019 GAUSS_SCRDIR=/scratch/bdw2292/Gau-ModifiedRes g09 ModifiedRes-opt-3-1-13-14-251.com has not terminated on node node45
Mon Dec 30 09:41:30 2019 GAUSS_SCRDIR=/scratch/bdw2292/Gau-ModifiedRes g09 ModifiedRes-opt-3-1-13-14-223.com has not terminated on node node46
Mon Dec 30 09:41:30 2019 GAUSS_SCRDIR=/scratch/bdw2292/Gau-ModifiedRes g09 ModifiedRes-opt-3-1-13-14-195.com has not terminated on node node47
Mon Dec 30 09:41:30 2019 GAUSS_SCRDIR=/scratch/bdw2292/Gau-ModifiedRes g09 ModifiedRes-opt-3-1-13-14-167.com has not terminated on node node48
Mon Dec 30 09:41:35 2019 Sleeping for 5 seconds
Mon Dec 30 09:41:35 2019 GAUSS_SCRDIR=/scratch/bdw2292/Gau-ModifiedRes g09 ModifiedRes-opt-3-1-13-14-027.com has not terminated on node node35
Mon Dec 30 09:41:35 2019 GAUSS_SCRDIR=/scratch/bdw2292/Gau-ModifiedRes g09 ModifiedRes-opt-3-1-13-14-055.com has not terminated on node node36
Mon Dec 30 09:41:35 2019 GAUSS_SCRDIR=/scratch/bdw2292/Gau-ModifiedRes g09 ModifiedRes-opt-3-1-13-14-083.com has not terminated on node node37
Mon Dec 30 09:41:35 2019 GAUSS_SCRDIR=/scratch/bdw2292/Gau-ModifiedRes g09 ModifiedRes-opt-3-1-13-14-111.com has not terminated on node node38
Mon Dec 30 09:41:35 2019 GAUSS_SCRDIR=/scratch/bdw2292/Gau-ModifiedRes g09 ModifiedRes-opt-3-1-13-14-139.com has not terminated on node node40
Mon Dec 30 09:41:35 2019 GAUSS_SCRDIR=/scratch/bdw2292/Gau-ModifiedRes g09 ModifiedRes-opt-3-1-13-14-335.com has not terminated on node node42
Mon Dec 30 09:41:35 2019 GAUSS_SCRDIR=/scratch/bdw2292/Gau-ModifiedRes g09 ModifiedRes-opt-3-1-13-14-307.com has not terminated on node node43
Mon Dec 30 09:41:35 2019 GAUSS_SCRDIR=/scratch/bdw2292/Gau-ModifiedRes g09 ModifiedRes-opt-3-1-13-14-279.com has not terminated on node node44
Mon Dec 30 09:41:35 2019 GAUSS_SCRDIR=/scratch/bdw2292/Gau-ModifiedRes g09 ModifiedRes-opt-3-1-13-14-251.com has not terminated on node node45
Mon Dec 30 09:41:35 2019 GAUSS_SCRDIR=/scratch/bdw2292/Gau-ModifiedRes g09 ModifiedRes-opt-3-1-13-14-223.com has not terminated on node node46
Mon Dec 30 09:41:35 2019 GAUSS_SCRDIR=/scratch/bdw2292/Gau-ModifiedRes g09 ModifiedRes-opt-3-1-13-14-195.com has not terminated on node node47
Mon Dec 30 09:41:35 2019 GAUSS_SCRDIR=/scratch/bdw2292/Gau-ModifiedRes g09 ModifiedRes-opt-3-1-13-14-167.com has not terminated on node node48
Mon Dec 30 09:41:40 2019 Sleeping for 5 seconds
Mon Dec 30 09:41:40 2019 GAUSS_SCRDIR=/scratch/bdw2292/Gau-ModifiedRes g09 ModifiedRes-opt-3-1-13-14-027.com has not terminated on node node35
Mon Dec 30 09:41:40 2019 GAUSS_SCRDIR=/scratch/bdw2292/Gau-ModifiedRes g09 ModifiedRes-opt-3-1-13-14-055.com has not terminated on node node36
Mon Dec 30 09:41:40 2019 GAUSS_SCRDIR=/scratch/bdw2292/Gau-ModifiedRes g09 ModifiedRes-opt-3-1-13-14-083.com has not terminated on node node37
Mon Dec 30 09:41:40 2019 GAUSS_SCRDIR=/scratch/bdw2292/Gau-ModifiedRes g09 ModifiedRes-opt-3-1-13-14-111.com has not terminated on node node38
Mon Dec 30 09:41:40 2019 GAUSS_SCRDIR=/scratch/bdw2292/Gau-ModifiedRes g09 ModifiedRes-opt-3-1-13-14-139.com has not terminated on node node40
Mon Dec 30 09:41:40 2019 GAUSS_SCRDIR=/scratch/bdw2292/Gau-ModifiedRes g09 ModifiedRes-opt-3-1-13-14-335.com has terminated on node node42
Mon Dec 30 09:41:40 2019 GAUSS_SCRDIR=/scratch/bdw2292/Gau-ModifiedRes g09 ModifiedRes-opt-3-1-13-14-307.com has not terminated on node node43
Mon Dec 30 09:41:40 2019 GAUSS_SCRDIR=/scratch/bdw2292/Gau-ModifiedRes g09 ModifiedRes-opt-3-1-13-14-279.com has not terminated on node node44
Mon Dec 30 09:41:40 2019 GAUSS_SCRDIR=/scratch/bdw2292/Gau-ModifiedRes g09 ModifiedRes-opt-3-1-13-14-251.com has not terminated on node node45
Mon Dec 30 09:41:40 2019 GAUSS_SCRDIR=/scratch/bdw2292/Gau-ModifiedRes g09 ModifiedRes-opt-3-1-13-14-223.com has not terminated on node node46
Mon Dec 30 09:41:40 2019 GAUSS_SCRDIR=/scratch/bdw2292/Gau-ModifiedRes g09 ModifiedRes-opt-3-1-13-14-195.com has not terminated on node node47
Mon Dec 30 09:41:40 2019 GAUSS_SCRDIR=/scratch/bdw2292/Gau-ModifiedRes g09 ModifiedRes-opt-3-1-13-14-167.com has not terminated on node node48
Mon Dec 30 09:41:45 2019 Sleeping for 5 seconds
Mon Dec 30 09:41:45 2019 GAUSS_SCRDIR=/scratch/bdw2292/Gau-ModifiedRes g09 ModifiedRes-opt-3-1-13-14-027.com has not terminated on node node35
Mon Dec 30 09:41:45 2019 GAUSS_SCRDIR=/scratch/bdw2292/Gau-ModifiedRes g09 ModifiedRes-opt-3-1-13-14-055.com has not terminated on node node36
Mon Dec 30 09:41:45 2019 GAUSS_SCRDIR=/scratch/bdw2292/Gau-ModifiedRes g09 ModifiedRes-opt-3-1-13-14-083.com has not terminated on node node37
Mon Dec 30 09:41:45 2019 GAUSS_SCRDIR=/scratch/bdw2292/Gau-ModifiedRes g09 ModifiedRes-opt-3-1-13-14-111.com has not terminated on node node38
Mon Dec 30 09:41:45 2019 GAUSS_SCRDIR=/scratch/bdw2292/Gau-ModifiedRes g09 ModifiedRes-opt-3-1-13-14-139.com has not terminated on node node40
Mon Dec 30 09:41:45 2019 GAUSS_SCRDIR=/scratch/bdw2292/Gau-ModifiedRes g09 ModifiedRes-opt-3-1-13-14-307.com has not terminated on node node43
Mon Dec 30 09:41:45 2019 GAUSS_SCRDIR=/scratch/bdw2292/Gau-ModifiedRes g09 ModifiedRes-opt-3-1-13-14-279.com has not terminated on node node44
Mon Dec 30 09:41:45 2019 GAUSS_SCRDIR=/scratch/bdw2292/Gau-ModifiedRes g09 ModifiedRes-opt-3-1-13-14-251.com has not terminated on node node45
Mon Dec 30 09:41:45 2019 GAUSS_SCRDIR=/scratch/bdw2292/Gau-ModifiedRes g09 ModifiedRes-opt-3-1-13-14-223.com has not terminated on node node46
Mon Dec 30 09:41:45 2019 GAUSS_SCRDIR=/scratch/bdw2292/Gau-ModifiedRes g09 ModifiedRes-opt-3-1-13-14-195.com has not terminated on node node47
Mon Dec 30 09:41:45 2019 GAUSS_SCRDIR=/scratch/bdw2292/Gau-ModifiedRes g09 ModifiedRes-opt-3-1-13-14-167.com has not terminated on node node48
Mon Dec 30 09:41:50 2019 Sleeping for 5 seconds
Mon Dec 30 09:41:50 2019 GAUSS_SCRDIR=/scratch/bdw2292/Gau-ModifiedRes g09 ModifiedRes-opt-3-1-13-14-027.com has not terminated on node node35
Mon Dec 30 09:41:50 2019 GAUSS_SCRDIR=/scratch/bdw2292/Gau-ModifiedRes g09 ModifiedRes-opt-3-1-13-14-055.com has not terminated on node node36
Mon Dec 30 09:41:50 2019 GAUSS_SCRDIR=/scratch/bdw2292/Gau-ModifiedRes g09 ModifiedRes-opt-3-1-13-14-083.com has not terminated on node node37
Mon Dec 30 09:41:50 2019 GAUSS_SCRDIR=/scratch/bdw2292/Gau-ModifiedRes g09 ModifiedRes-opt-3-1-13-14-111.com has not terminated on node node38
Mon Dec 30 09:41:50 2019 GAUSS_SCRDIR=/scratch/bdw2292/Gau-ModifiedRes g09 ModifiedRes-opt-3-1-13-14-139.com has not terminated on node node40
Mon Dec 30 09:41:50 2019 GAUSS_SCRDIR=/scratch/bdw2292/Gau-ModifiedRes g09 ModifiedRes-opt-3-1-13-14-307.com has not terminated on node node43
Mon Dec 30 09:41:50 2019 GAUSS_SCRDIR=/scratch/bdw2292/Gau-ModifiedRes g09 ModifiedRes-opt-3-1-13-14-279.com has not terminated on node node44
Mon Dec 30 09:41:50 2019 GAUSS_SCRDIR=/scratch/bdw2292/Gau-ModifiedRes g09 ModifiedRes-opt-3-1-13-14-251.com has not terminated on node node45
Mon Dec 30 09:41:50 2019 GAUSS_SCRDIR=/scratch/bdw2292/Gau-ModifiedRes g09 ModifiedRes-opt-3-1-13-14-223.com has not terminated on node node46
Mon Dec 30 09:41:50 2019 GAUSS_SCRDIR=/scratch/bdw2292/Gau-ModifiedRes g09 ModifiedRes-opt-3-1-13-14-195.com has not terminated on node node47
Mon Dec 30 09:41:50 2019 GAUSS_SCRDIR=/scratch/bdw2292/Gau-ModifiedRes g09 ModifiedRes-opt-3-1-13-14-167.com has not terminated on node node48
Mon Dec 30 09:41:55 2019 Sleeping for 5 seconds
Mon Dec 30 09:41:55 2019 GAUSS_SCRDIR=/scratch/bdw2292/Gau-ModifiedRes g09 ModifiedRes-opt-3-1-13-14-027.com has not terminated on node node35
Mon Dec 30 09:41:55 2019 GAUSS_SCRDIR=/scratch/bdw2292/Gau-ModifiedRes g09 ModifiedRes-opt-3-1-13-14-055.com has not terminated on node node36
Mon Dec 30 09:41:55 2019 GAUSS_SCRDIR=/scratch/bdw2292/Gau-ModifiedRes g09 ModifiedRes-opt-3-1-13-14-083.com has not terminated on node node37
Mon Dec 30 09:41:55 2019 GAUSS_SCRDIR=/scratch/bdw2292/Gau-ModifiedRes g09 ModifiedRes-opt-3-1-13-14-111.com has not terminated on node node38
Mon Dec 30 09:41:55 2019 GAUSS_SCRDIR=/scratch/bdw2292/Gau-ModifiedRes g09 ModifiedRes-opt-3-1-13-14-139.com has not terminated on node node40
Mon Dec 30 09:41:55 2019 GAUSS_SCRDIR=/scratch/bdw2292/Gau-ModifiedRes g09 ModifiedRes-opt-3-1-13-14-307.com has not terminated on node node43
Mon Dec 30 09:41:55 2019 GAUSS_SCRDIR=/scratch/bdw2292/Gau-ModifiedRes g09 ModifiedRes-opt-3-1-13-14-279.com has not terminated on node node44
Mon Dec 30 09:41:55 2019 GAUSS_SCRDIR=/scratch/bdw2292/Gau-ModifiedRes g09 ModifiedRes-opt-3-1-13-14-251.com has not terminated on node node45
Mon Dec 30 09:41:55 2019 GAUSS_SCRDIR=/scratch/bdw2292/Gau-ModifiedRes g09 ModifiedRes-opt-3-1-13-14-223.com has not terminated on node node46
Mon Dec 30 09:41:55 2019 GAUSS_SCRDIR=/scratch/bdw2292/Gau-ModifiedRes g09 ModifiedRes-opt-3-1-13-14-195.com has not terminated on node node47
Mon Dec 30 09:41:55 2019 GAUSS_SCRDIR=/scratch/bdw2292/Gau-ModifiedRes g09 ModifiedRes-opt-3-1-13-14-167.com has not terminated on node node48
Mon Dec 30 09:42:00 2019 Sleeping for 5 seconds
Mon Dec 30 09:42:00 2019 GAUSS_SCRDIR=/scratch/bdw2292/Gau-ModifiedRes g09 ModifiedRes-opt-3-1-13-14-027.com has not terminated on node node35
Mon Dec 30 09:42:00 2019 GAUSS_SCRDIR=/scratch/bdw2292/Gau-ModifiedRes g09 ModifiedRes-opt-3-1-13-14-055.com has not terminated on node node36
Mon Dec 30 09:42:00 2019 GAUSS_SCRDIR=/scratch/bdw2292/Gau-ModifiedRes g09 ModifiedRes-opt-3-1-13-14-083.com has not terminated on node node37
Mon Dec 30 09:42:00 2019 GAUSS_SCRDIR=/scratch/bdw2292/Gau-ModifiedRes g09 ModifiedRes-opt-3-1-13-14-111.com has not terminated on node node38
Mon Dec 30 09:42:00 2019 GAUSS_SCRDIR=/scratch/bdw2292/Gau-ModifiedRes g09 ModifiedRes-opt-3-1-13-14-139.com has not terminated on node node40
Mon Dec 30 09:42:00 2019 GAUSS_SCRDIR=/scratch/bdw2292/Gau-ModifiedRes g09 ModifiedRes-opt-3-1-13-14-307.com has terminated on node node43
Mon Dec 30 09:42:00 2019 GAUSS_SCRDIR=/scratch/bdw2292/Gau-ModifiedRes g09 ModifiedRes-opt-3-1-13-14-279.com has not terminated on node node44
Mon Dec 30 09:42:00 2019 GAUSS_SCRDIR=/scratch/bdw2292/Gau-ModifiedRes g09 ModifiedRes-opt-3-1-13-14-251.com has not terminated on node node45
Mon Dec 30 09:42:00 2019 GAUSS_SCRDIR=/scratch/bdw2292/Gau-ModifiedRes g09 ModifiedRes-opt-3-1-13-14-223.com has not terminated on node node46
Mon Dec 30 09:42:00 2019 GAUSS_SCRDIR=/scratch/bdw2292/Gau-ModifiedRes g09 ModifiedRes-opt-3-1-13-14-195.com has not terminated on node node47
Mon Dec 30 09:42:00 2019 GAUSS_SCRDIR=/scratch/bdw2292/Gau-ModifiedRes g09 ModifiedRes-opt-3-1-13-14-167.com has not terminated on node node48
Mon Dec 30 09:42:05 2019 Sleeping for 5 seconds
Mon Dec 30 09:42:05 2019 GAUSS_SCRDIR=/scratch/bdw2292/Gau-ModifiedRes g09 ModifiedRes-opt-3-1-13-14-027.com has not terminated on node node35
Mon Dec 30 09:42:05 2019 GAUSS_SCRDIR=/scratch/bdw2292/Gau-ModifiedRes g09 ModifiedRes-opt-3-1-13-14-055.com has not terminated on node node36
Mon Dec 30 09:42:05 2019 GAUSS_SCRDIR=/scratch/bdw2292/Gau-ModifiedRes g09 ModifiedRes-opt-3-1-13-14-083.com has not terminated on node node37
Mon Dec 30 09:42:05 2019 GAUSS_SCRDIR=/scratch/bdw2292/Gau-ModifiedRes g09 ModifiedRes-opt-3-1-13-14-111.com has not terminated on node node38
Mon Dec 30 09:42:05 2019 GAUSS_SCRDIR=/scratch/bdw2292/Gau-ModifiedRes g09 ModifiedRes-opt-3-1-13-14-139.com has not terminated on node node40
Mon Dec 30 09:42:05 2019 GAUSS_SCRDIR=/scratch/bdw2292/Gau-ModifiedRes g09 ModifiedRes-opt-3-1-13-14-279.com has not terminated on node node44
Mon Dec 30 09:42:05 2019 GAUSS_SCRDIR=/scratch/bdw2292/Gau-ModifiedRes g09 ModifiedRes-opt-3-1-13-14-251.com has not terminated on node node45
Mon Dec 30 09:42:05 2019 GAUSS_SCRDIR=/scratch/bdw2292/Gau-ModifiedRes g09 ModifiedRes-opt-3-1-13-14-223.com has not terminated on node node46
Mon Dec 30 09:42:05 2019 GAUSS_SCRDIR=/scratch/bdw2292/Gau-ModifiedRes g09 ModifiedRes-opt-3-1-13-14-195.com has not terminated on node node47
Mon Dec 30 09:42:05 2019 GAUSS_SCRDIR=/scratch/bdw2292/Gau-ModifiedRes g09 ModifiedRes-opt-3-1-13-14-167.com has not terminated on node node48
Mon Dec 30 09:42:10 2019 Sleeping for 5 seconds
Mon Dec 30 09:42:10 2019 GAUSS_SCRDIR=/scratch/bdw2292/Gau-ModifiedRes g09 ModifiedRes-opt-3-1-13-14-027.com has not terminated on node node35
Mon Dec 30 09:42:10 2019 GAUSS_SCRDIR=/scratch/bdw2292/Gau-ModifiedRes g09 ModifiedRes-opt-3-1-13-14-055.com has not terminated on node node36
Mon Dec 30 09:42:10 2019 GAUSS_SCRDIR=/scratch/bdw2292/Gau-ModifiedRes g09 ModifiedRes-opt-3-1-13-14-083.com has not terminated on node node37
Mon Dec 30 09:42:10 2019 GAUSS_SCRDIR=/scratch/bdw2292/Gau-ModifiedRes g09 ModifiedRes-opt-3-1-13-14-111.com has not terminated on node node38
Mon Dec 30 09:42:10 2019 GAUSS_SCRDIR=/scratch/bdw2292/Gau-ModifiedRes g09 ModifiedRes-opt-3-1-13-14-139.com has not terminated on node node40
Mon Dec 30 09:42:10 2019 GAUSS_SCRDIR=/scratch/bdw2292/Gau-ModifiedRes g09 ModifiedRes-opt-3-1-13-14-279.com has not terminated on node node44
Mon Dec 30 09:42:10 2019 GAUSS_SCRDIR=/scratch/bdw2292/Gau-ModifiedRes g09 ModifiedRes-opt-3-1-13-14-251.com has not terminated on node node45
Mon Dec 30 09:42:10 2019 GAUSS_SCRDIR=/scratch/bdw2292/Gau-ModifiedRes g09 ModifiedRes-opt-3-1-13-14-223.com has not terminated on node node46
Mon Dec 30 09:42:10 2019 GAUSS_SCRDIR=/scratch/bdw2292/Gau-ModifiedRes g09 ModifiedRes-opt-3-1-13-14-195.com has not terminated on node node47
Mon Dec 30 09:42:10 2019 GAUSS_SCRDIR=/scratch/bdw2292/Gau-ModifiedRes g09 ModifiedRes-opt-3-1-13-14-167.com has not terminated on node node48
Mon Dec 30 09:42:15 2019 Sleeping for 5 seconds
Mon Dec 30 09:42:15 2019 GAUSS_SCRDIR=/scratch/bdw2292/Gau-ModifiedRes g09 ModifiedRes-opt-3-1-13-14-027.com has not terminated on node node35
Mon Dec 30 09:42:15 2019 GAUSS_SCRDIR=/scratch/bdw2292/Gau-ModifiedRes g09 ModifiedRes-opt-3-1-13-14-055.com has not terminated on node node36
Mon Dec 30 09:42:15 2019 GAUSS_SCRDIR=/scratch/bdw2292/Gau-ModifiedRes g09 ModifiedRes-opt-3-1-13-14-083.com has not terminated on node node37
Mon Dec 30 09:42:15 2019 GAUSS_SCRDIR=/scratch/bdw2292/Gau-ModifiedRes g09 ModifiedRes-opt-3-1-13-14-111.com has not terminated on node node38
Mon Dec 30 09:42:15 2019 GAUSS_SCRDIR=/scratch/bdw2292/Gau-ModifiedRes g09 ModifiedRes-opt-3-1-13-14-139.com has not terminated on node node40
Mon Dec 30 09:42:15 2019 GAUSS_SCRDIR=/scratch/bdw2292/Gau-ModifiedRes g09 ModifiedRes-opt-3-1-13-14-279.com has terminated on node node44
Mon Dec 30 09:42:15 2019 GAUSS_SCRDIR=/scratch/bdw2292/Gau-ModifiedRes g09 ModifiedRes-opt-3-1-13-14-251.com has not terminated on node node45
Mon Dec 30 09:42:15 2019 GAUSS_SCRDIR=/scratch/bdw2292/Gau-ModifiedRes g09 ModifiedRes-opt-3-1-13-14-223.com has not terminated on node node46
Mon Dec 30 09:42:15 2019 GAUSS_SCRDIR=/scratch/bdw2292/Gau-ModifiedRes g09 ModifiedRes-opt-3-1-13-14-195.com has not terminated on node node47
Mon Dec 30 09:42:15 2019 GAUSS_SCRDIR=/scratch/bdw2292/Gau-ModifiedRes g09 ModifiedRes-opt-3-1-13-14-167.com has not terminated on node node48
Mon Dec 30 09:42:20 2019 Sleeping for 5 seconds
Mon Dec 30 09:42:20 2019 GAUSS_SCRDIR=/scratch/bdw2292/Gau-ModifiedRes g09 ModifiedRes-opt-3-1-13-14-027.com has not terminated on node node35
Mon Dec 30 09:42:20 2019 GAUSS_SCRDIR=/scratch/bdw2292/Gau-ModifiedRes g09 ModifiedRes-opt-3-1-13-14-055.com has not terminated on node node36
Mon Dec 30 09:42:20 2019 GAUSS_SCRDIR=/scratch/bdw2292/Gau-ModifiedRes g09 ModifiedRes-opt-3-1-13-14-083.com has not terminated on node node37
Mon Dec 30 09:42:20 2019 GAUSS_SCRDIR=/scratch/bdw2292/Gau-ModifiedRes g09 ModifiedRes-opt-3-1-13-14-111.com has not terminated on node node38
Mon Dec 30 09:42:20 2019 GAUSS_SCRDIR=/scratch/bdw2292/Gau-ModifiedRes g09 ModifiedRes-opt-3-1-13-14-139.com has not terminated on node node40
Mon Dec 30 09:42:20 2019 GAUSS_SCRDIR=/scratch/bdw2292/Gau-ModifiedRes g09 ModifiedRes-opt-3-1-13-14-251.com has not terminated on node node45
Mon Dec 30 09:42:20 2019 GAUSS_SCRDIR=/scratch/bdw2292/Gau-ModifiedRes g09 ModifiedRes-opt-3-1-13-14-223.com has not terminated on node node46
Mon Dec 30 09:42:20 2019 GAUSS_SCRDIR=/scratch/bdw2292/Gau-ModifiedRes g09 ModifiedRes-opt-3-1-13-14-195.com has not terminated on node node47
Mon Dec 30 09:42:20 2019 GAUSS_SCRDIR=/scratch/bdw2292/Gau-ModifiedRes g09 ModifiedRes-opt-3-1-13-14-167.com has not terminated on node node48
Mon Dec 30 09:42:25 2019 Sleeping for 5 seconds
Mon Dec 30 09:42:25 2019 GAUSS_SCRDIR=/scratch/bdw2292/Gau-ModifiedRes g09 ModifiedRes-opt-3-1-13-14-027.com has not terminated on node node35
Mon Dec 30 09:42:25 2019 GAUSS_SCRDIR=/scratch/bdw2292/Gau-ModifiedRes g09 ModifiedRes-opt-3-1-13-14-055.com has not terminated on node node36
Mon Dec 30 09:42:25 2019 GAUSS_SCRDIR=/scratch/bdw2292/Gau-ModifiedRes g09 ModifiedRes-opt-3-1-13-14-083.com has not terminated on node node37
Mon Dec 30 09:42:25 2019 GAUSS_SCRDIR=/scratch/bdw2292/Gau-ModifiedRes g09 ModifiedRes-opt-3-1-13-14-111.com has not terminated on node node38
Mon Dec 30 09:42:25 2019 GAUSS_SCRDIR=/scratch/bdw2292/Gau-ModifiedRes g09 ModifiedRes-opt-3-1-13-14-139.com has not terminated on node node40
Mon Dec 30 09:42:25 2019 GAUSS_SCRDIR=/scratch/bdw2292/Gau-ModifiedRes g09 ModifiedRes-opt-3-1-13-14-251.com has not terminated on node node45
Mon Dec 30 09:42:25 2019 GAUSS_SCRDIR=/scratch/bdw2292/Gau-ModifiedRes g09 ModifiedRes-opt-3-1-13-14-223.com has not terminated on node node46
Mon Dec 30 09:42:25 2019 GAUSS_SCRDIR=/scratch/bdw2292/Gau-ModifiedRes g09 ModifiedRes-opt-3-1-13-14-195.com has not terminated on node node47
Mon Dec 30 09:42:25 2019 GAUSS_SCRDIR=/scratch/bdw2292/Gau-ModifiedRes g09 ModifiedRes-opt-3-1-13-14-167.com has not terminated on node node48
Mon Dec 30 09:42:30 2019 Sleeping for 5 seconds
Mon Dec 30 09:42:30 2019 GAUSS_SCRDIR=/scratch/bdw2292/Gau-ModifiedRes g09 ModifiedRes-opt-3-1-13-14-027.com has not terminated on node node35
Mon Dec 30 09:42:30 2019 GAUSS_SCRDIR=/scratch/bdw2292/Gau-ModifiedRes g09 ModifiedRes-opt-3-1-13-14-055.com has not terminated on node node36
Mon Dec 30 09:42:30 2019 GAUSS_SCRDIR=/scratch/bdw2292/Gau-ModifiedRes g09 ModifiedRes-opt-3-1-13-14-083.com has not terminated on node node37
Mon Dec 30 09:42:30 2019 GAUSS_SCRDIR=/scratch/bdw2292/Gau-ModifiedRes g09 ModifiedRes-opt-3-1-13-14-111.com has not terminated on node node38
Mon Dec 30 09:42:30 2019 GAUSS_SCRDIR=/scratch/bdw2292/Gau-ModifiedRes g09 ModifiedRes-opt-3-1-13-14-139.com has not terminated on node node40
Mon Dec 30 09:42:30 2019 GAUSS_SCRDIR=/scratch/bdw2292/Gau-ModifiedRes g09 ModifiedRes-opt-3-1-13-14-251.com has not terminated on node node45
Mon Dec 30 09:42:30 2019 GAUSS_SCRDIR=/scratch/bdw2292/Gau-ModifiedRes g09 ModifiedRes-opt-3-1-13-14-223.com has not terminated on node node46
Mon Dec 30 09:42:30 2019 GAUSS_SCRDIR=/scratch/bdw2292/Gau-ModifiedRes g09 ModifiedRes-opt-3-1-13-14-195.com has terminated on node node47
Mon Dec 30 09:42:30 2019 GAUSS_SCRDIR=/scratch/bdw2292/Gau-ModifiedRes g09 ModifiedRes-opt-3-1-13-14-167.com has not terminated on node node48
Mon Dec 30 09:42:35 2019 Sleeping for 5 seconds
Mon Dec 30 09:42:35 2019 GAUSS_SCRDIR=/scratch/bdw2292/Gau-ModifiedRes g09 ModifiedRes-opt-3-1-13-14-027.com has not terminated on node node35
Mon Dec 30 09:42:35 2019 GAUSS_SCRDIR=/scratch/bdw2292/Gau-ModifiedRes g09 ModifiedRes-opt-3-1-13-14-055.com has not terminated on node node36
Mon Dec 30 09:42:35 2019 GAUSS_SCRDIR=/scratch/bdw2292/Gau-ModifiedRes g09 ModifiedRes-opt-3-1-13-14-083.com has not terminated on node node37
Mon Dec 30 09:42:35 2019 GAUSS_SCRDIR=/scratch/bdw2292/Gau-ModifiedRes g09 ModifiedRes-opt-3-1-13-14-111.com has not terminated on node node38
Mon Dec 30 09:42:35 2019 GAUSS_SCRDIR=/scratch/bdw2292/Gau-ModifiedRes g09 ModifiedRes-opt-3-1-13-14-139.com has not terminated on node node40
Mon Dec 30 09:42:35 2019 GAUSS_SCRDIR=/scratch/bdw2292/Gau-ModifiedRes g09 ModifiedRes-opt-3-1-13-14-251.com has not terminated on node node45
Mon Dec 30 09:42:35 2019 GAUSS_SCRDIR=/scratch/bdw2292/Gau-ModifiedRes g09 ModifiedRes-opt-3-1-13-14-223.com has terminated on node node46
Mon Dec 30 09:42:35 2019 GAUSS_SCRDIR=/scratch/bdw2292/Gau-ModifiedRes g09 ModifiedRes-opt-3-1-13-14-167.com has terminated on node node48
Mon Dec 30 09:42:40 2019 Sleeping for 5 seconds
Mon Dec 30 09:42:40 2019 GAUSS_SCRDIR=/scratch/bdw2292/Gau-ModifiedRes g09 ModifiedRes-opt-3-1-13-14-027.com has not terminated on node node35
Mon Dec 30 09:42:40 2019 GAUSS_SCRDIR=/scratch/bdw2292/Gau-ModifiedRes g09 ModifiedRes-opt-3-1-13-14-055.com has not terminated on node node36
Mon Dec 30 09:42:40 2019 GAUSS_SCRDIR=/scratch/bdw2292/Gau-ModifiedRes g09 ModifiedRes-opt-3-1-13-14-083.com has not terminated on node node37
Mon Dec 30 09:42:40 2019 GAUSS_SCRDIR=/scratch/bdw2292/Gau-ModifiedRes g09 ModifiedRes-opt-3-1-13-14-111.com has not terminated on node node38
Mon Dec 30 09:42:40 2019 GAUSS_SCRDIR=/scratch/bdw2292/Gau-ModifiedRes g09 ModifiedRes-opt-3-1-13-14-139.com has not terminated on node node40
Mon Dec 30 09:42:40 2019 GAUSS_SCRDIR=/scratch/bdw2292/Gau-ModifiedRes g09 ModifiedRes-opt-3-1-13-14-251.com has not terminated on node node45
Mon Dec 30 09:42:45 2019 Sleeping for 5 seconds
Mon Dec 30 09:42:45 2019 GAUSS_SCRDIR=/scratch/bdw2292/Gau-ModifiedRes g09 ModifiedRes-opt-3-1-13-14-027.com has not terminated on node node35
Mon Dec 30 09:42:45 2019 GAUSS_SCRDIR=/scratch/bdw2292/Gau-ModifiedRes g09 ModifiedRes-opt-3-1-13-14-055.com has not terminated on node node36
Mon Dec 30 09:42:45 2019 GAUSS_SCRDIR=/scratch/bdw2292/Gau-ModifiedRes g09 ModifiedRes-opt-3-1-13-14-083.com has not terminated on node node37
Mon Dec 30 09:42:45 2019 GAUSS_SCRDIR=/scratch/bdw2292/Gau-ModifiedRes g09 ModifiedRes-opt-3-1-13-14-111.com has not terminated on node node38
Mon Dec 30 09:42:45 2019 GAUSS_SCRDIR=/scratch/bdw2292/Gau-ModifiedRes g09 ModifiedRes-opt-3-1-13-14-139.com has not terminated on node node40
Mon Dec 30 09:42:45 2019 GAUSS_SCRDIR=/scratch/bdw2292/Gau-ModifiedRes g09 ModifiedRes-opt-3-1-13-14-251.com has not terminated on node node45
Mon Dec 30 09:42:50 2019 Sleeping for 5 seconds
Mon Dec 30 09:42:50 2019 GAUSS_SCRDIR=/scratch/bdw2292/Gau-ModifiedRes g09 ModifiedRes-opt-3-1-13-14-027.com has terminated on node node35
Mon Dec 30 09:42:50 2019 GAUSS_SCRDIR=/scratch/bdw2292/Gau-ModifiedRes g09 ModifiedRes-opt-3-1-13-14-055.com has not terminated on node node36
Mon Dec 30 09:42:50 2019 GAUSS_SCRDIR=/scratch/bdw2292/Gau-ModifiedRes g09 ModifiedRes-opt-3-1-13-14-083.com has not terminated on node node37
Mon Dec 30 09:42:50 2019 GAUSS_SCRDIR=/scratch/bdw2292/Gau-ModifiedRes g09 ModifiedRes-opt-3-1-13-14-111.com has not terminated on node node38
Mon Dec 30 09:42:50 2019 GAUSS_SCRDIR=/scratch/bdw2292/Gau-ModifiedRes g09 ModifiedRes-opt-3-1-13-14-139.com has not terminated on node node40
Mon Dec 30 09:42:50 2019 GAUSS_SCRDIR=/scratch/bdw2292/Gau-ModifiedRes g09 ModifiedRes-opt-3-1-13-14-251.com has not terminated on node node45
Mon Dec 30 09:42:55 2019 Sleeping for 5 seconds
Mon Dec 30 09:42:55 2019 GAUSS_SCRDIR=/scratch/bdw2292/Gau-ModifiedRes g09 ModifiedRes-opt-3-1-13-14-055.com has not terminated on node node36
Mon Dec 30 09:42:55 2019 GAUSS_SCRDIR=/scratch/bdw2292/Gau-ModifiedRes g09 ModifiedRes-opt-3-1-13-14-083.com has terminated on node node37
Mon Dec 30 09:42:55 2019 GAUSS_SCRDIR=/scratch/bdw2292/Gau-ModifiedRes g09 ModifiedRes-opt-3-1-13-14-111.com has not terminated on node node38
Mon Dec 30 09:42:55 2019 GAUSS_SCRDIR=/scratch/bdw2292/Gau-ModifiedRes g09 ModifiedRes-opt-3-1-13-14-139.com has not terminated on node node40
Mon Dec 30 09:42:55 2019 GAUSS_SCRDIR=/scratch/bdw2292/Gau-ModifiedRes g09 ModifiedRes-opt-3-1-13-14-251.com has not terminated on node node45
Mon Dec 30 09:43:00 2019 Sleeping for 5 seconds
Mon Dec 30 09:43:00 2019 GAUSS_SCRDIR=/scratch/bdw2292/Gau-ModifiedRes g09 ModifiedRes-opt-3-1-13-14-055.com has terminated on node node36
Mon Dec 30 09:43:00 2019 GAUSS_SCRDIR=/scratch/bdw2292/Gau-ModifiedRes g09 ModifiedRes-opt-3-1-13-14-111.com has not terminated on node node38
Mon Dec 30 09:43:00 2019 GAUSS_SCRDIR=/scratch/bdw2292/Gau-ModifiedRes g09 ModifiedRes-opt-3-1-13-14-139.com has not terminated on node node40
Mon Dec 30 09:43:00 2019 GAUSS_SCRDIR=/scratch/bdw2292/Gau-ModifiedRes g09 ModifiedRes-opt-3-1-13-14-251.com has not terminated on node node45
Mon Dec 30 09:43:05 2019 Sleeping for 5 seconds
Mon Dec 30 09:43:05 2019 GAUSS_SCRDIR=/scratch/bdw2292/Gau-ModifiedRes g09 ModifiedRes-opt-3-1-13-14-111.com has not terminated on node node38
Mon Dec 30 09:43:05 2019 GAUSS_SCRDIR=/scratch/bdw2292/Gau-ModifiedRes g09 ModifiedRes-opt-3-1-13-14-139.com has not terminated on node node40
Mon Dec 30 09:43:06 2019 GAUSS_SCRDIR=/scratch/bdw2292/Gau-ModifiedRes g09 ModifiedRes-opt-3-1-13-14-251.com has terminated on node node45
Mon Dec 30 09:43:11 2019 Sleeping for 5 seconds
Mon Dec 30 09:43:11 2019 GAUSS_SCRDIR=/scratch/bdw2292/Gau-ModifiedRes g09 ModifiedRes-opt-3-1-13-14-111.com has not terminated on node node38
Mon Dec 30 09:43:11 2019 GAUSS_SCRDIR=/scratch/bdw2292/Gau-ModifiedRes g09 ModifiedRes-opt-3-1-13-14-139.com has not terminated on node node40
Mon Dec 30 09:43:16 2019 Sleeping for 5 seconds
Mon Dec 30 09:43:16 2019 GAUSS_SCRDIR=/scratch/bdw2292/Gau-ModifiedRes g09 ModifiedRes-opt-3-1-13-14-111.com has not terminated on node node38
Mon Dec 30 09:43:16 2019 GAUSS_SCRDIR=/scratch/bdw2292/Gau-ModifiedRes g09 ModifiedRes-opt-3-1-13-14-139.com has not terminated on node node40
Mon Dec 30 09:43:21 2019 Sleeping for 5 seconds
Mon Dec 30 09:43:21 2019 GAUSS_SCRDIR=/scratch/bdw2292/Gau-ModifiedRes g09 ModifiedRes-opt-3-1-13-14-111.com has not terminated on node node38
Mon Dec 30 09:43:21 2019 GAUSS_SCRDIR=/scratch/bdw2292/Gau-ModifiedRes g09 ModifiedRes-opt-3-1-13-14-139.com has not terminated on node node40
Mon Dec 30 09:43:26 2019 Sleeping for 5 seconds
Mon Dec 30 09:43:26 2019 GAUSS_SCRDIR=/scratch/bdw2292/Gau-ModifiedRes g09 ModifiedRes-opt-3-1-13-14-111.com has not terminated on node node38
Mon Dec 30 09:43:26 2019 GAUSS_SCRDIR=/scratch/bdw2292/Gau-ModifiedRes g09 ModifiedRes-opt-3-1-13-14-139.com has not terminated on node node40
Mon Dec 30 09:43:31 2019 Sleeping for 5 seconds
Mon Dec 30 09:43:31 2019 GAUSS_SCRDIR=/scratch/bdw2292/Gau-ModifiedRes g09 ModifiedRes-opt-3-1-13-14-111.com has not terminated on node node38
Mon Dec 30 09:43:31 2019 GAUSS_SCRDIR=/scratch/bdw2292/Gau-ModifiedRes g09 ModifiedRes-opt-3-1-13-14-139.com has terminated on node node40
Mon Dec 30 09:43:36 2019 Sleeping for 5 seconds
Mon Dec 30 09:43:36 2019 GAUSS_SCRDIR=/scratch/bdw2292/Gau-ModifiedRes g09 ModifiedRes-opt-3-1-13-14-111.com has not terminated on node node38
Mon Dec 30 09:43:41 2019 Sleeping for 5 seconds
Mon Dec 30 09:43:41 2019 GAUSS_SCRDIR=/scratch/bdw2292/Gau-ModifiedRes g09 ModifiedRes-opt-3-1-13-14-111.com has not terminated on node node38
Mon Dec 30 09:43:46 2019 Sleeping for 5 seconds
Mon Dec 30 09:43:46 2019 GAUSS_SCRDIR=/scratch/bdw2292/Gau-ModifiedRes g09 ModifiedRes-opt-3-1-13-14-111.com has not terminated on node node38
Mon Dec 30 09:43:51 2019 Sleeping for 5 seconds
Mon Dec 30 09:43:51 2019 GAUSS_SCRDIR=/scratch/bdw2292/Gau-ModifiedRes g09 ModifiedRes-opt-3-1-13-14-111.com has not terminated on node node38
Mon Dec 30 09:43:56 2019 Sleeping for 5 seconds
Mon Dec 30 09:43:56 2019 GAUSS_SCRDIR=/scratch/bdw2292/Gau-ModifiedRes g09 ModifiedRes-opt-3-1-13-14-111.com has not terminated on node node38
Mon Dec 30 09:44:01 2019 Sleeping for 5 seconds
Mon Dec 30 09:44:01 2019 GAUSS_SCRDIR=/scratch/bdw2292/Gau-ModifiedRes g09 ModifiedRes-opt-3-1-13-14-111.com has not terminated on node node38
Mon Dec 30 09:44:06 2019 Sleeping for 5 seconds
Mon Dec 30 09:44:06 2019 GAUSS_SCRDIR=/scratch/bdw2292/Gau-ModifiedRes g09 ModifiedRes-opt-3-1-13-14-111.com has terminated on node node38
Mon Dec 30 09:44:11 2019 Sleeping for 5 seconds
Mon Dec 30 09:44:11 2019 All jobs have finished 
