Tue Dec 31 09:09:04 2019 Calling: ssh node35 "cd /home/bdw2292/poltype/Examples/ModifiedAminoAcid/qm-torsion;source /home/bdw2292/.poltype.bashrc;mkdir /scratch/bdw2292/Gau-ModifiedRes"
Tue Dec 31 09:09:06 2019 Calling: ssh node35 "cd /home/bdw2292/poltype/Examples/ModifiedAminoAcid/qm-torsion;source /home/bdw2292/.poltype.bashrc;GAUSS_SCRDIR=/scratch/bdw2292/Gau-ModifiedRes g09 ModifiedRes-sp-3-7-8-9-191.com"
Tue Dec 31 09:09:06 2019 Calling: ssh node36 "cd /home/bdw2292/poltype/Examples/ModifiedAminoAcid/qm-torsion;source /home/bdw2292/.poltype.bashrc;mkdir /scratch/bdw2292/Gau-ModifiedRes"
mkdir: cannot create directory ‘/scratch/bdw2292/Gau-ModifiedRes’: File exists
mkdir: cannot create directory ‘/scratch/bdw2292/Gau-ModifiedRes’: File exists
Tue Dec 31 09:09:08 2019 Calling: ssh node36 "cd /home/bdw2292/poltype/Examples/ModifiedAminoAcid/qm-torsion;source /home/bdw2292/.poltype.bashrc;GAUSS_SCRDIR=/scratch/bdw2292/Gau-ModifiedRes g09 ModifiedRes-sp-3-7-8-9-221.com"
Tue Dec 31 09:09:08 2019 Calling: ssh node37 "cd /home/bdw2292/poltype/Examples/ModifiedAminoAcid/qm-torsion;source /home/bdw2292/.poltype.bashrc;mkdir /scratch/bdw2292/Gau-ModifiedRes"
mkdir: cannot create directory ‘/scratch/bdw2292/Gau-ModifiedRes’: File exists
Tue Dec 31 09:09:10 2019 Calling: ssh node37 "cd /home/bdw2292/poltype/Examples/ModifiedAminoAcid/qm-torsion;source /home/bdw2292/.poltype.bashrc;GAUSS_SCRDIR=/scratch/bdw2292/Gau-ModifiedRes g09 ModifiedRes-sp-3-7-8-9-251.com"
Tue Dec 31 09:09:10 2019 Calling: ssh node38 "cd /home/bdw2292/poltype/Examples/ModifiedAminoAcid/qm-torsion;source /home/bdw2292/.poltype.bashrc;mkdir /scratch/bdw2292/Gau-ModifiedRes"
Tue Dec 31 09:09:12 2019 Calling: ssh node38 "cd /home/bdw2292/poltype/Examples/ModifiedAminoAcid/qm-torsion;source /home/bdw2292/.poltype.bashrc;GAUSS_SCRDIR=/scratch/bdw2292/Gau-ModifiedRes g09 ModifiedRes-sp-3-7-8-9-281.com"
Tue Dec 31 09:09:12 2019 Calling: ssh node40 "cd /home/bdw2292/poltype/Examples/ModifiedAminoAcid/qm-torsion;source /home/bdw2292/.poltype.bashrc;mkdir /scratch/bdw2292/Gau-ModifiedRes"
mkdir: cannot create directory `/scratch/bdw2292/Gau-ModifiedRes': File exists
mkdir: cannot create directory `/scratch/bdw2292/Gau-ModifiedRes': File exists
Tue Dec 31 09:09:14 2019 Calling: ssh node40 "cd /home/bdw2292/poltype/Examples/ModifiedAminoAcid/qm-torsion;source /home/bdw2292/.poltype.bashrc;GAUSS_SCRDIR=/scratch/bdw2292/Gau-ModifiedRes g09 ModifiedRes-sp-3-7-8-9-311.com"
Tue Dec 31 09:09:14 2019 Calling: ssh node42 "cd /home/bdw2292/poltype/Examples/ModifiedAminoAcid/qm-torsion;source /home/bdw2292/.poltype.bashrc;mkdir /scratch/bdw2292/Gau-ModifiedRes"
mkdir: cannot create directory `/scratch/bdw2292/Gau-ModifiedRes': File exists
Tue Dec 31 09:09:16 2019 Calling: ssh node42 "cd /home/bdw2292/poltype/Examples/ModifiedAminoAcid/qm-torsion;source /home/bdw2292/.poltype.bashrc;GAUSS_SCRDIR=/scratch/bdw2292/Gau-ModifiedRes g09 ModifiedRes-sp-3-7-8-9-341.com"
Tue Dec 31 09:09:16 2019 Calling: ssh node43 "cd /home/bdw2292/poltype/Examples/ModifiedAminoAcid/qm-torsion;source /home/bdw2292/.poltype.bashrc;mkdir /scratch/bdw2292/Gau-ModifiedRes"
Tue Dec 31 09:09:18 2019 Calling: ssh node43 "cd /home/bdw2292/poltype/Examples/ModifiedAminoAcid/qm-torsion;source /home/bdw2292/.poltype.bashrc;GAUSS_SCRDIR=/scratch/bdw2292/Gau-ModifiedRes g09 ModifiedRes-sp-3-7-8-9-161.com"
Tue Dec 31 09:09:18 2019 Calling: ssh node44 "cd /home/bdw2292/poltype/Examples/ModifiedAminoAcid/qm-torsion;source /home/bdw2292/.poltype.bashrc;mkdir /scratch/bdw2292/Gau-ModifiedRes"
mkdir: cannot create directory ‘/scratch/bdw2292/Gau-ModifiedRes’: File exists
Tue Dec 31 09:09:20 2019 Calling: ssh node44 "cd /home/bdw2292/poltype/Examples/ModifiedAminoAcid/qm-torsion;source /home/bdw2292/.poltype.bashrc;GAUSS_SCRDIR=/scratch/bdw2292/Gau-ModifiedRes g09 ModifiedRes-sp-3-7-8-9-131.com"
Tue Dec 31 09:09:20 2019 Calling: ssh node45 "cd /home/bdw2292/poltype/Examples/ModifiedAminoAcid/qm-torsion;source /home/bdw2292/.poltype.bashrc;mkdir /scratch/bdw2292/Gau-ModifiedRes"
mkdir: cannot create directory `/scratch/bdw2292/Gau-ModifiedRes': File exists
Tue Dec 31 09:09:22 2019 Calling: ssh node45 "cd /home/bdw2292/poltype/Examples/ModifiedAminoAcid/qm-torsion;source /home/bdw2292/.poltype.bashrc;GAUSS_SCRDIR=/scratch/bdw2292/Gau-ModifiedRes g09 ModifiedRes-sp-3-7-8-9-101.com"
Tue Dec 31 09:09:22 2019 Calling: ssh node46 "cd /home/bdw2292/poltype/Examples/ModifiedAminoAcid/qm-torsion;source /home/bdw2292/.poltype.bashrc;mkdir /scratch/bdw2292/Gau-ModifiedRes"
mkdir: cannot create directory `/scratch/bdw2292/Gau-ModifiedRes': File exists
mkdir: cannot create directory `/scratch/bdw2292/Gau-ModifiedRes': File exists
Tue Dec 31 09:09:24 2019 Calling: ssh node46 "cd /home/bdw2292/poltype/Examples/ModifiedAminoAcid/qm-torsion;source /home/bdw2292/.poltype.bashrc;GAUSS_SCRDIR=/scratch/bdw2292/Gau-ModifiedRes g09 ModifiedRes-sp-3-7-8-9-071.com"
Tue Dec 31 09:09:24 2019 Calling: ssh node47 "cd /home/bdw2292/poltype/Examples/ModifiedAminoAcid/qm-torsion;source /home/bdw2292/.poltype.bashrc;mkdir /scratch/bdw2292/Gau-ModifiedRes"
Tue Dec 31 09:09:26 2019 Calling: ssh node47 "cd /home/bdw2292/poltype/Examples/ModifiedAminoAcid/qm-torsion;source /home/bdw2292/.poltype.bashrc;GAUSS_SCRDIR=/scratch/bdw2292/Gau-ModifiedRes g09 ModifiedRes-sp-3-7-8-9-041.com"
mkdir: cannot create directory `/scratch/bdw2292/Gau-ModifiedRes': File exists
Tue Dec 31 09:09:31 2019 Sleeping for 5 seconds
Tue Dec 31 09:09:31 2019 GAUSS_SCRDIR=/scratch/bdw2292/Gau-ModifiedRes g09 ModifiedRes-sp-3-7-8-9-191.com has not terminated on node node35
Tue Dec 31 09:09:31 2019 GAUSS_SCRDIR=/scratch/bdw2292/Gau-ModifiedRes g09 ModifiedRes-sp-3-7-8-9-221.com has not terminated on node node36
Tue Dec 31 09:09:31 2019 GAUSS_SCRDIR=/scratch/bdw2292/Gau-ModifiedRes g09 ModifiedRes-sp-3-7-8-9-251.com has not terminated on node node37
Tue Dec 31 09:09:31 2019 GAUSS_SCRDIR=/scratch/bdw2292/Gau-ModifiedRes g09 ModifiedRes-sp-3-7-8-9-281.com has not terminated on node node38
Tue Dec 31 09:09:31 2019 GAUSS_SCRDIR=/scratch/bdw2292/Gau-ModifiedRes g09 ModifiedRes-sp-3-7-8-9-311.com has not terminated on node node40
Tue Dec 31 09:09:31 2019 GAUSS_SCRDIR=/scratch/bdw2292/Gau-ModifiedRes g09 ModifiedRes-sp-3-7-8-9-341.com has not terminated on node node42
Tue Dec 31 09:09:31 2019 GAUSS_SCRDIR=/scratch/bdw2292/Gau-ModifiedRes g09 ModifiedRes-sp-3-7-8-9-161.com has not terminated on node node43
Tue Dec 31 09:09:31 2019 GAUSS_SCRDIR=/scratch/bdw2292/Gau-ModifiedRes g09 ModifiedRes-sp-3-7-8-9-131.com has not terminated on node node44
Tue Dec 31 09:09:31 2019 GAUSS_SCRDIR=/scratch/bdw2292/Gau-ModifiedRes g09 ModifiedRes-sp-3-7-8-9-101.com has not terminated on node node45
Tue Dec 31 09:09:31 2019 GAUSS_SCRDIR=/scratch/bdw2292/Gau-ModifiedRes g09 ModifiedRes-sp-3-7-8-9-071.com has not terminated on node node46
Tue Dec 31 09:09:31 2019 GAUSS_SCRDIR=/scratch/bdw2292/Gau-ModifiedRes g09 ModifiedRes-sp-3-7-8-9-041.com has not terminated on node node47
Tue Dec 31 09:09:36 2019 Sleeping for 5 seconds
Tue Dec 31 09:09:36 2019 GAUSS_SCRDIR=/scratch/bdw2292/Gau-ModifiedRes g09 ModifiedRes-sp-3-7-8-9-191.com has not terminated on node node35
Tue Dec 31 09:09:36 2019 GAUSS_SCRDIR=/scratch/bdw2292/Gau-ModifiedRes g09 ModifiedRes-sp-3-7-8-9-221.com has not terminated on node node36
Tue Dec 31 09:09:36 2019 GAUSS_SCRDIR=/scratch/bdw2292/Gau-ModifiedRes g09 ModifiedRes-sp-3-7-8-9-251.com has not terminated on node node37
Tue Dec 31 09:09:36 2019 GAUSS_SCRDIR=/scratch/bdw2292/Gau-ModifiedRes g09 ModifiedRes-sp-3-7-8-9-281.com has not terminated on node node38
Tue Dec 31 09:09:36 2019 GAUSS_SCRDIR=/scratch/bdw2292/Gau-ModifiedRes g09 ModifiedRes-sp-3-7-8-9-311.com has not terminated on node node40
Tue Dec 31 09:09:36 2019 GAUSS_SCRDIR=/scratch/bdw2292/Gau-ModifiedRes g09 ModifiedRes-sp-3-7-8-9-341.com has not terminated on node node42
Tue Dec 31 09:09:36 2019 GAUSS_SCRDIR=/scratch/bdw2292/Gau-ModifiedRes g09 ModifiedRes-sp-3-7-8-9-161.com has not terminated on node node43
Tue Dec 31 09:09:36 2019 GAUSS_SCRDIR=/scratch/bdw2292/Gau-ModifiedRes g09 ModifiedRes-sp-3-7-8-9-131.com has not terminated on node node44
Tue Dec 31 09:09:36 2019 GAUSS_SCRDIR=/scratch/bdw2292/Gau-ModifiedRes g09 ModifiedRes-sp-3-7-8-9-101.com has not terminated on node node45
Tue Dec 31 09:09:36 2019 GAUSS_SCRDIR=/scratch/bdw2292/Gau-ModifiedRes g09 ModifiedRes-sp-3-7-8-9-071.com has not terminated on node node46
Tue Dec 31 09:09:36 2019 GAUSS_SCRDIR=/scratch/bdw2292/Gau-ModifiedRes g09 ModifiedRes-sp-3-7-8-9-041.com has not terminated on node node47
Tue Dec 31 09:09:41 2019 Sleeping for 5 seconds
Tue Dec 31 09:09:41 2019 GAUSS_SCRDIR=/scratch/bdw2292/Gau-ModifiedRes g09 ModifiedRes-sp-3-7-8-9-191.com has not terminated on node node35
Tue Dec 31 09:09:41 2019 GAUSS_SCRDIR=/scratch/bdw2292/Gau-ModifiedRes g09 ModifiedRes-sp-3-7-8-9-221.com has not terminated on node node36
Tue Dec 31 09:09:41 2019 GAUSS_SCRDIR=/scratch/bdw2292/Gau-ModifiedRes g09 ModifiedRes-sp-3-7-8-9-251.com has not terminated on node node37
Tue Dec 31 09:09:41 2019 GAUSS_SCRDIR=/scratch/bdw2292/Gau-ModifiedRes g09 ModifiedRes-sp-3-7-8-9-281.com has not terminated on node node38
Tue Dec 31 09:09:41 2019 GAUSS_SCRDIR=/scratch/bdw2292/Gau-ModifiedRes g09 ModifiedRes-sp-3-7-8-9-311.com has not terminated on node node40
Tue Dec 31 09:09:41 2019 GAUSS_SCRDIR=/scratch/bdw2292/Gau-ModifiedRes g09 ModifiedRes-sp-3-7-8-9-341.com has not terminated on node node42
Tue Dec 31 09:09:41 2019 GAUSS_SCRDIR=/scratch/bdw2292/Gau-ModifiedRes g09 ModifiedRes-sp-3-7-8-9-161.com has not terminated on node node43
Tue Dec 31 09:09:41 2019 GAUSS_SCRDIR=/scratch/bdw2292/Gau-ModifiedRes g09 ModifiedRes-sp-3-7-8-9-131.com has not terminated on node node44
Tue Dec 31 09:09:41 2019 GAUSS_SCRDIR=/scratch/bdw2292/Gau-ModifiedRes g09 ModifiedRes-sp-3-7-8-9-101.com has not terminated on node node45
Tue Dec 31 09:09:41 2019 GAUSS_SCRDIR=/scratch/bdw2292/Gau-ModifiedRes g09 ModifiedRes-sp-3-7-8-9-071.com has not terminated on node node46
Tue Dec 31 09:09:41 2019 GAUSS_SCRDIR=/scratch/bdw2292/Gau-ModifiedRes g09 ModifiedRes-sp-3-7-8-9-041.com has not terminated on node node47
Tue Dec 31 09:09:46 2019 Sleeping for 5 seconds
Tue Dec 31 09:09:46 2019 GAUSS_SCRDIR=/scratch/bdw2292/Gau-ModifiedRes g09 ModifiedRes-sp-3-7-8-9-191.com has not terminated on node node35
Tue Dec 31 09:09:46 2019 GAUSS_SCRDIR=/scratch/bdw2292/Gau-ModifiedRes g09 ModifiedRes-sp-3-7-8-9-221.com has not terminated on node node36
Tue Dec 31 09:09:46 2019 GAUSS_SCRDIR=/scratch/bdw2292/Gau-ModifiedRes g09 ModifiedRes-sp-3-7-8-9-251.com has not terminated on node node37
Tue Dec 31 09:09:46 2019 GAUSS_SCRDIR=/scratch/bdw2292/Gau-ModifiedRes g09 ModifiedRes-sp-3-7-8-9-281.com has not terminated on node node38
Tue Dec 31 09:09:46 2019 GAUSS_SCRDIR=/scratch/bdw2292/Gau-ModifiedRes g09 ModifiedRes-sp-3-7-8-9-311.com has not terminated on node node40
Tue Dec 31 09:09:46 2019 GAUSS_SCRDIR=/scratch/bdw2292/Gau-ModifiedRes g09 ModifiedRes-sp-3-7-8-9-341.com has not terminated on node node42
Tue Dec 31 09:09:46 2019 GAUSS_SCRDIR=/scratch/bdw2292/Gau-ModifiedRes g09 ModifiedRes-sp-3-7-8-9-161.com has not terminated on node node43
Tue Dec 31 09:09:46 2019 GAUSS_SCRDIR=/scratch/bdw2292/Gau-ModifiedRes g09 ModifiedRes-sp-3-7-8-9-131.com has not terminated on node node44
Tue Dec 31 09:09:46 2019 GAUSS_SCRDIR=/scratch/bdw2292/Gau-ModifiedRes g09 ModifiedRes-sp-3-7-8-9-101.com has not terminated on node node45
Tue Dec 31 09:09:46 2019 GAUSS_SCRDIR=/scratch/bdw2292/Gau-ModifiedRes g09 ModifiedRes-sp-3-7-8-9-071.com has not terminated on node node46
Tue Dec 31 09:09:46 2019 GAUSS_SCRDIR=/scratch/bdw2292/Gau-ModifiedRes g09 ModifiedRes-sp-3-7-8-9-041.com has not terminated on node node47
Tue Dec 31 09:09:51 2019 Sleeping for 5 seconds
Tue Dec 31 09:09:51 2019 GAUSS_SCRDIR=/scratch/bdw2292/Gau-ModifiedRes g09 ModifiedRes-sp-3-7-8-9-191.com has not terminated on node node35
Tue Dec 31 09:09:51 2019 GAUSS_SCRDIR=/scratch/bdw2292/Gau-ModifiedRes g09 ModifiedRes-sp-3-7-8-9-221.com has not terminated on node node36
Tue Dec 31 09:09:51 2019 GAUSS_SCRDIR=/scratch/bdw2292/Gau-ModifiedRes g09 ModifiedRes-sp-3-7-8-9-251.com has not terminated on node node37
Tue Dec 31 09:09:51 2019 GAUSS_SCRDIR=/scratch/bdw2292/Gau-ModifiedRes g09 ModifiedRes-sp-3-7-8-9-281.com has not terminated on node node38
Tue Dec 31 09:09:51 2019 GAUSS_SCRDIR=/scratch/bdw2292/Gau-ModifiedRes g09 ModifiedRes-sp-3-7-8-9-311.com has not terminated on node node40
Tue Dec 31 09:09:51 2019 GAUSS_SCRDIR=/scratch/bdw2292/Gau-ModifiedRes g09 ModifiedRes-sp-3-7-8-9-341.com has not terminated on node node42
Tue Dec 31 09:09:51 2019 GAUSS_SCRDIR=/scratch/bdw2292/Gau-ModifiedRes g09 ModifiedRes-sp-3-7-8-9-161.com has not terminated on node node43
Tue Dec 31 09:09:51 2019 GAUSS_SCRDIR=/scratch/bdw2292/Gau-ModifiedRes g09 ModifiedRes-sp-3-7-8-9-131.com has not terminated on node node44
Tue Dec 31 09:09:51 2019 GAUSS_SCRDIR=/scratch/bdw2292/Gau-ModifiedRes g09 ModifiedRes-sp-3-7-8-9-101.com has not terminated on node node45
Tue Dec 31 09:09:51 2019 GAUSS_SCRDIR=/scratch/bdw2292/Gau-ModifiedRes g09 ModifiedRes-sp-3-7-8-9-071.com has not terminated on node node46
Tue Dec 31 09:09:51 2019 GAUSS_SCRDIR=/scratch/bdw2292/Gau-ModifiedRes g09 ModifiedRes-sp-3-7-8-9-041.com has not terminated on node node47
Tue Dec 31 09:09:56 2019 Sleeping for 5 seconds
Tue Dec 31 09:09:56 2019 GAUSS_SCRDIR=/scratch/bdw2292/Gau-ModifiedRes g09 ModifiedRes-sp-3-7-8-9-191.com has not terminated on node node35
Tue Dec 31 09:09:56 2019 GAUSS_SCRDIR=/scratch/bdw2292/Gau-ModifiedRes g09 ModifiedRes-sp-3-7-8-9-221.com has not terminated on node node36
Tue Dec 31 09:09:56 2019 GAUSS_SCRDIR=/scratch/bdw2292/Gau-ModifiedRes g09 ModifiedRes-sp-3-7-8-9-251.com has not terminated on node node37
Tue Dec 31 09:09:56 2019 GAUSS_SCRDIR=/scratch/bdw2292/Gau-ModifiedRes g09 ModifiedRes-sp-3-7-8-9-281.com has not terminated on node node38
Tue Dec 31 09:09:56 2019 GAUSS_SCRDIR=/scratch/bdw2292/Gau-ModifiedRes g09 ModifiedRes-sp-3-7-8-9-311.com has not terminated on node node40
Tue Dec 31 09:09:56 2019 GAUSS_SCRDIR=/scratch/bdw2292/Gau-ModifiedRes g09 ModifiedRes-sp-3-7-8-9-341.com has not terminated on node node42
Tue Dec 31 09:09:56 2019 GAUSS_SCRDIR=/scratch/bdw2292/Gau-ModifiedRes g09 ModifiedRes-sp-3-7-8-9-161.com has not terminated on node node43
Tue Dec 31 09:09:56 2019 GAUSS_SCRDIR=/scratch/bdw2292/Gau-ModifiedRes g09 ModifiedRes-sp-3-7-8-9-131.com has not terminated on node node44
Tue Dec 31 09:09:56 2019 GAUSS_SCRDIR=/scratch/bdw2292/Gau-ModifiedRes g09 ModifiedRes-sp-3-7-8-9-101.com has not terminated on node node45
Tue Dec 31 09:09:56 2019 GAUSS_SCRDIR=/scratch/bdw2292/Gau-ModifiedRes g09 ModifiedRes-sp-3-7-8-9-071.com has not terminated on node node46
Tue Dec 31 09:09:56 2019 GAUSS_SCRDIR=/scratch/bdw2292/Gau-ModifiedRes g09 ModifiedRes-sp-3-7-8-9-041.com has not terminated on node node47
Tue Dec 31 09:10:01 2019 Sleeping for 5 seconds
Tue Dec 31 09:10:01 2019 GAUSS_SCRDIR=/scratch/bdw2292/Gau-ModifiedRes g09 ModifiedRes-sp-3-7-8-9-191.com has not terminated on node node35
Tue Dec 31 09:10:01 2019 GAUSS_SCRDIR=/scratch/bdw2292/Gau-ModifiedRes g09 ModifiedRes-sp-3-7-8-9-221.com has not terminated on node node36
Tue Dec 31 09:10:01 2019 GAUSS_SCRDIR=/scratch/bdw2292/Gau-ModifiedRes g09 ModifiedRes-sp-3-7-8-9-251.com has not terminated on node node37
Tue Dec 31 09:10:01 2019 GAUSS_SCRDIR=/scratch/bdw2292/Gau-ModifiedRes g09 ModifiedRes-sp-3-7-8-9-281.com has not terminated on node node38
Tue Dec 31 09:10:01 2019 GAUSS_SCRDIR=/scratch/bdw2292/Gau-ModifiedRes g09 ModifiedRes-sp-3-7-8-9-311.com has not terminated on node node40
Tue Dec 31 09:10:01 2019 GAUSS_SCRDIR=/scratch/bdw2292/Gau-ModifiedRes g09 ModifiedRes-sp-3-7-8-9-341.com has not terminated on node node42
Tue Dec 31 09:10:01 2019 GAUSS_SCRDIR=/scratch/bdw2292/Gau-ModifiedRes g09 ModifiedRes-sp-3-7-8-9-161.com has not terminated on node node43
Tue Dec 31 09:10:01 2019 GAUSS_SCRDIR=/scratch/bdw2292/Gau-ModifiedRes g09 ModifiedRes-sp-3-7-8-9-131.com has not terminated on node node44
Tue Dec 31 09:10:01 2019 GAUSS_SCRDIR=/scratch/bdw2292/Gau-ModifiedRes g09 ModifiedRes-sp-3-7-8-9-101.com has not terminated on node node45
Tue Dec 31 09:10:01 2019 GAUSS_SCRDIR=/scratch/bdw2292/Gau-ModifiedRes g09 ModifiedRes-sp-3-7-8-9-071.com has not terminated on node node46
Tue Dec 31 09:10:01 2019 GAUSS_SCRDIR=/scratch/bdw2292/Gau-ModifiedRes g09 ModifiedRes-sp-3-7-8-9-041.com has not terminated on node node47
Tue Dec 31 09:10:06 2019 Sleeping for 5 seconds
Tue Dec 31 09:10:06 2019 GAUSS_SCRDIR=/scratch/bdw2292/Gau-ModifiedRes g09 ModifiedRes-sp-3-7-8-9-191.com has not terminated on node node35
Tue Dec 31 09:10:06 2019 GAUSS_SCRDIR=/scratch/bdw2292/Gau-ModifiedRes g09 ModifiedRes-sp-3-7-8-9-221.com has not terminated on node node36
Tue Dec 31 09:10:06 2019 GAUSS_SCRDIR=/scratch/bdw2292/Gau-ModifiedRes g09 ModifiedRes-sp-3-7-8-9-251.com has not terminated on node node37
Tue Dec 31 09:10:06 2019 GAUSS_SCRDIR=/scratch/bdw2292/Gau-ModifiedRes g09 ModifiedRes-sp-3-7-8-9-281.com has not terminated on node node38
Tue Dec 31 09:10:06 2019 GAUSS_SCRDIR=/scratch/bdw2292/Gau-ModifiedRes g09 ModifiedRes-sp-3-7-8-9-311.com has not terminated on node node40
Tue Dec 31 09:10:06 2019 GAUSS_SCRDIR=/scratch/bdw2292/Gau-ModifiedRes g09 ModifiedRes-sp-3-7-8-9-341.com has not terminated on node node42
Tue Dec 31 09:10:06 2019 GAUSS_SCRDIR=/scratch/bdw2292/Gau-ModifiedRes g09 ModifiedRes-sp-3-7-8-9-161.com has not terminated on node node43
Tue Dec 31 09:10:06 2019 GAUSS_SCRDIR=/scratch/bdw2292/Gau-ModifiedRes g09 ModifiedRes-sp-3-7-8-9-131.com has not terminated on node node44
Tue Dec 31 09:10:06 2019 GAUSS_SCRDIR=/scratch/bdw2292/Gau-ModifiedRes g09 ModifiedRes-sp-3-7-8-9-101.com has not terminated on node node45
Tue Dec 31 09:10:06 2019 GAUSS_SCRDIR=/scratch/bdw2292/Gau-ModifiedRes g09 ModifiedRes-sp-3-7-8-9-071.com has not terminated on node node46
Tue Dec 31 09:10:06 2019 GAUSS_SCRDIR=/scratch/bdw2292/Gau-ModifiedRes g09 ModifiedRes-sp-3-7-8-9-041.com has not terminated on node node47
Tue Dec 31 09:10:11 2019 Sleeping for 5 seconds
Tue Dec 31 09:10:11 2019 GAUSS_SCRDIR=/scratch/bdw2292/Gau-ModifiedRes g09 ModifiedRes-sp-3-7-8-9-191.com has not terminated on node node35
Tue Dec 31 09:10:11 2019 GAUSS_SCRDIR=/scratch/bdw2292/Gau-ModifiedRes g09 ModifiedRes-sp-3-7-8-9-221.com has not terminated on node node36
Tue Dec 31 09:10:11 2019 GAUSS_SCRDIR=/scratch/bdw2292/Gau-ModifiedRes g09 ModifiedRes-sp-3-7-8-9-251.com has not terminated on node node37
Tue Dec 31 09:10:11 2019 GAUSS_SCRDIR=/scratch/bdw2292/Gau-ModifiedRes g09 ModifiedRes-sp-3-7-8-9-281.com has not terminated on node node38
Tue Dec 31 09:10:11 2019 GAUSS_SCRDIR=/scratch/bdw2292/Gau-ModifiedRes g09 ModifiedRes-sp-3-7-8-9-311.com has not terminated on node node40
Tue Dec 31 09:10:11 2019 GAUSS_SCRDIR=/scratch/bdw2292/Gau-ModifiedRes g09 ModifiedRes-sp-3-7-8-9-341.com has not terminated on node node42
Tue Dec 31 09:10:11 2019 GAUSS_SCRDIR=/scratch/bdw2292/Gau-ModifiedRes g09 ModifiedRes-sp-3-7-8-9-161.com has not terminated on node node43
Tue Dec 31 09:10:11 2019 GAUSS_SCRDIR=/scratch/bdw2292/Gau-ModifiedRes g09 ModifiedRes-sp-3-7-8-9-131.com has not terminated on node node44
Tue Dec 31 09:10:11 2019 GAUSS_SCRDIR=/scratch/bdw2292/Gau-ModifiedRes g09 ModifiedRes-sp-3-7-8-9-101.com has not terminated on node node45
Tue Dec 31 09:10:11 2019 GAUSS_SCRDIR=/scratch/bdw2292/Gau-ModifiedRes g09 ModifiedRes-sp-3-7-8-9-071.com has not terminated on node node46
Tue Dec 31 09:10:11 2019 GAUSS_SCRDIR=/scratch/bdw2292/Gau-ModifiedRes g09 ModifiedRes-sp-3-7-8-9-041.com has not terminated on node node47
Tue Dec 31 09:10:16 2019 Sleeping for 5 seconds
Tue Dec 31 09:10:16 2019 GAUSS_SCRDIR=/scratch/bdw2292/Gau-ModifiedRes g09 ModifiedRes-sp-3-7-8-9-191.com has not terminated on node node35
Tue Dec 31 09:10:16 2019 GAUSS_SCRDIR=/scratch/bdw2292/Gau-ModifiedRes g09 ModifiedRes-sp-3-7-8-9-221.com has not terminated on node node36
Tue Dec 31 09:10:16 2019 GAUSS_SCRDIR=/scratch/bdw2292/Gau-ModifiedRes g09 ModifiedRes-sp-3-7-8-9-251.com has not terminated on node node37
Tue Dec 31 09:10:16 2019 GAUSS_SCRDIR=/scratch/bdw2292/Gau-ModifiedRes g09 ModifiedRes-sp-3-7-8-9-281.com has not terminated on node node38
Tue Dec 31 09:10:16 2019 GAUSS_SCRDIR=/scratch/bdw2292/Gau-ModifiedRes g09 ModifiedRes-sp-3-7-8-9-311.com has not terminated on node node40
Tue Dec 31 09:10:16 2019 GAUSS_SCRDIR=/scratch/bdw2292/Gau-ModifiedRes g09 ModifiedRes-sp-3-7-8-9-341.com has not terminated on node node42
Tue Dec 31 09:10:16 2019 GAUSS_SCRDIR=/scratch/bdw2292/Gau-ModifiedRes g09 ModifiedRes-sp-3-7-8-9-161.com has not terminated on node node43
Tue Dec 31 09:10:16 2019 GAUSS_SCRDIR=/scratch/bdw2292/Gau-ModifiedRes g09 ModifiedRes-sp-3-7-8-9-131.com has not terminated on node node44
Tue Dec 31 09:10:16 2019 GAUSS_SCRDIR=/scratch/bdw2292/Gau-ModifiedRes g09 ModifiedRes-sp-3-7-8-9-101.com has not terminated on node node45
Tue Dec 31 09:10:16 2019 GAUSS_SCRDIR=/scratch/bdw2292/Gau-ModifiedRes g09 ModifiedRes-sp-3-7-8-9-071.com has not terminated on node node46
Tue Dec 31 09:10:16 2019 GAUSS_SCRDIR=/scratch/bdw2292/Gau-ModifiedRes g09 ModifiedRes-sp-3-7-8-9-041.com has not terminated on node node47
Tue Dec 31 09:10:21 2019 Sleeping for 5 seconds
Tue Dec 31 09:10:21 2019 GAUSS_SCRDIR=/scratch/bdw2292/Gau-ModifiedRes g09 ModifiedRes-sp-3-7-8-9-191.com has not terminated on node node35
Tue Dec 31 09:10:21 2019 GAUSS_SCRDIR=/scratch/bdw2292/Gau-ModifiedRes g09 ModifiedRes-sp-3-7-8-9-221.com has not terminated on node node36
Tue Dec 31 09:10:21 2019 GAUSS_SCRDIR=/scratch/bdw2292/Gau-ModifiedRes g09 ModifiedRes-sp-3-7-8-9-251.com has not terminated on node node37
Tue Dec 31 09:10:21 2019 GAUSS_SCRDIR=/scratch/bdw2292/Gau-ModifiedRes g09 ModifiedRes-sp-3-7-8-9-281.com has not terminated on node node38
Tue Dec 31 09:10:21 2019 GAUSS_SCRDIR=/scratch/bdw2292/Gau-ModifiedRes g09 ModifiedRes-sp-3-7-8-9-311.com has not terminated on node node40
Tue Dec 31 09:10:21 2019 GAUSS_SCRDIR=/scratch/bdw2292/Gau-ModifiedRes g09 ModifiedRes-sp-3-7-8-9-341.com has not terminated on node node42
Tue Dec 31 09:10:21 2019 GAUSS_SCRDIR=/scratch/bdw2292/Gau-ModifiedRes g09 ModifiedRes-sp-3-7-8-9-161.com has not terminated on node node43
Tue Dec 31 09:10:21 2019 GAUSS_SCRDIR=/scratch/bdw2292/Gau-ModifiedRes g09 ModifiedRes-sp-3-7-8-9-131.com has not terminated on node node44
Tue Dec 31 09:10:21 2019 GAUSS_SCRDIR=/scratch/bdw2292/Gau-ModifiedRes g09 ModifiedRes-sp-3-7-8-9-101.com has not terminated on node node45
Tue Dec 31 09:10:21 2019 GAUSS_SCRDIR=/scratch/bdw2292/Gau-ModifiedRes g09 ModifiedRes-sp-3-7-8-9-071.com has not terminated on node node46
Tue Dec 31 09:10:21 2019 GAUSS_SCRDIR=/scratch/bdw2292/Gau-ModifiedRes g09 ModifiedRes-sp-3-7-8-9-041.com has not terminated on node node47
Tue Dec 31 09:10:26 2019 Sleeping for 5 seconds
Tue Dec 31 09:10:26 2019 GAUSS_SCRDIR=/scratch/bdw2292/Gau-ModifiedRes g09 ModifiedRes-sp-3-7-8-9-191.com has not terminated on node node35
Tue Dec 31 09:10:26 2019 GAUSS_SCRDIR=/scratch/bdw2292/Gau-ModifiedRes g09 ModifiedRes-sp-3-7-8-9-221.com has not terminated on node node36
Tue Dec 31 09:10:26 2019 GAUSS_SCRDIR=/scratch/bdw2292/Gau-ModifiedRes g09 ModifiedRes-sp-3-7-8-9-251.com has not terminated on node node37
Tue Dec 31 09:10:26 2019 GAUSS_SCRDIR=/scratch/bdw2292/Gau-ModifiedRes g09 ModifiedRes-sp-3-7-8-9-281.com has not terminated on node node38
Tue Dec 31 09:10:26 2019 GAUSS_SCRDIR=/scratch/bdw2292/Gau-ModifiedRes g09 ModifiedRes-sp-3-7-8-9-311.com has not terminated on node node40
Tue Dec 31 09:10:26 2019 GAUSS_SCRDIR=/scratch/bdw2292/Gau-ModifiedRes g09 ModifiedRes-sp-3-7-8-9-341.com has not terminated on node node42
Tue Dec 31 09:10:26 2019 GAUSS_SCRDIR=/scratch/bdw2292/Gau-ModifiedRes g09 ModifiedRes-sp-3-7-8-9-161.com has not terminated on node node43
Tue Dec 31 09:10:26 2019 GAUSS_SCRDIR=/scratch/bdw2292/Gau-ModifiedRes g09 ModifiedRes-sp-3-7-8-9-131.com has not terminated on node node44
Tue Dec 31 09:10:26 2019 GAUSS_SCRDIR=/scratch/bdw2292/Gau-ModifiedRes g09 ModifiedRes-sp-3-7-8-9-101.com has not terminated on node node45
Tue Dec 31 09:10:26 2019 GAUSS_SCRDIR=/scratch/bdw2292/Gau-ModifiedRes g09 ModifiedRes-sp-3-7-8-9-071.com has not terminated on node node46
Tue Dec 31 09:10:26 2019 GAUSS_SCRDIR=/scratch/bdw2292/Gau-ModifiedRes g09 ModifiedRes-sp-3-7-8-9-041.com has not terminated on node node47
Tue Dec 31 09:10:31 2019 Sleeping for 5 seconds
Tue Dec 31 09:10:31 2019 GAUSS_SCRDIR=/scratch/bdw2292/Gau-ModifiedRes g09 ModifiedRes-sp-3-7-8-9-191.com has not terminated on node node35
Tue Dec 31 09:10:31 2019 GAUSS_SCRDIR=/scratch/bdw2292/Gau-ModifiedRes g09 ModifiedRes-sp-3-7-8-9-221.com has not terminated on node node36
Tue Dec 31 09:10:31 2019 GAUSS_SCRDIR=/scratch/bdw2292/Gau-ModifiedRes g09 ModifiedRes-sp-3-7-8-9-251.com has not terminated on node node37
Tue Dec 31 09:10:31 2019 GAUSS_SCRDIR=/scratch/bdw2292/Gau-ModifiedRes g09 ModifiedRes-sp-3-7-8-9-281.com has not terminated on node node38
Tue Dec 31 09:10:31 2019 GAUSS_SCRDIR=/scratch/bdw2292/Gau-ModifiedRes g09 ModifiedRes-sp-3-7-8-9-311.com has not terminated on node node40
Tue Dec 31 09:10:31 2019 GAUSS_SCRDIR=/scratch/bdw2292/Gau-ModifiedRes g09 ModifiedRes-sp-3-7-8-9-341.com has not terminated on node node42
Tue Dec 31 09:10:31 2019 GAUSS_SCRDIR=/scratch/bdw2292/Gau-ModifiedRes g09 ModifiedRes-sp-3-7-8-9-161.com has not terminated on node node43
Tue Dec 31 09:10:31 2019 GAUSS_SCRDIR=/scratch/bdw2292/Gau-ModifiedRes g09 ModifiedRes-sp-3-7-8-9-131.com has not terminated on node node44
Tue Dec 31 09:10:31 2019 GAUSS_SCRDIR=/scratch/bdw2292/Gau-ModifiedRes g09 ModifiedRes-sp-3-7-8-9-101.com has not terminated on node node45
Tue Dec 31 09:10:31 2019 GAUSS_SCRDIR=/scratch/bdw2292/Gau-ModifiedRes g09 ModifiedRes-sp-3-7-8-9-071.com has not terminated on node node46
Tue Dec 31 09:10:31 2019 GAUSS_SCRDIR=/scratch/bdw2292/Gau-ModifiedRes g09 ModifiedRes-sp-3-7-8-9-041.com has not terminated on node node47
Tue Dec 31 09:10:36 2019 Sleeping for 5 seconds
Tue Dec 31 09:10:36 2019 GAUSS_SCRDIR=/scratch/bdw2292/Gau-ModifiedRes g09 ModifiedRes-sp-3-7-8-9-191.com has not terminated on node node35
Tue Dec 31 09:10:36 2019 GAUSS_SCRDIR=/scratch/bdw2292/Gau-ModifiedRes g09 ModifiedRes-sp-3-7-8-9-221.com has not terminated on node node36
Tue Dec 31 09:10:36 2019 GAUSS_SCRDIR=/scratch/bdw2292/Gau-ModifiedRes g09 ModifiedRes-sp-3-7-8-9-251.com has not terminated on node node37
Tue Dec 31 09:10:36 2019 GAUSS_SCRDIR=/scratch/bdw2292/Gau-ModifiedRes g09 ModifiedRes-sp-3-7-8-9-281.com has not terminated on node node38
Tue Dec 31 09:10:36 2019 GAUSS_SCRDIR=/scratch/bdw2292/Gau-ModifiedRes g09 ModifiedRes-sp-3-7-8-9-311.com has not terminated on node node40
Tue Dec 31 09:10:36 2019 GAUSS_SCRDIR=/scratch/bdw2292/Gau-ModifiedRes g09 ModifiedRes-sp-3-7-8-9-341.com has not terminated on node node42
Tue Dec 31 09:10:36 2019 GAUSS_SCRDIR=/scratch/bdw2292/Gau-ModifiedRes g09 ModifiedRes-sp-3-7-8-9-161.com has not terminated on node node43
Tue Dec 31 09:10:36 2019 GAUSS_SCRDIR=/scratch/bdw2292/Gau-ModifiedRes g09 ModifiedRes-sp-3-7-8-9-131.com has not terminated on node node44
Tue Dec 31 09:10:36 2019 GAUSS_SCRDIR=/scratch/bdw2292/Gau-ModifiedRes g09 ModifiedRes-sp-3-7-8-9-101.com has not terminated on node node45
Tue Dec 31 09:10:36 2019 GAUSS_SCRDIR=/scratch/bdw2292/Gau-ModifiedRes g09 ModifiedRes-sp-3-7-8-9-071.com has not terminated on node node46
Tue Dec 31 09:10:36 2019 GAUSS_SCRDIR=/scratch/bdw2292/Gau-ModifiedRes g09 ModifiedRes-sp-3-7-8-9-041.com has not terminated on node node47
Tue Dec 31 09:10:41 2019 Sleeping for 5 seconds
Tue Dec 31 09:10:41 2019 GAUSS_SCRDIR=/scratch/bdw2292/Gau-ModifiedRes g09 ModifiedRes-sp-3-7-8-9-191.com has not terminated on node node35
Tue Dec 31 09:10:41 2019 GAUSS_SCRDIR=/scratch/bdw2292/Gau-ModifiedRes g09 ModifiedRes-sp-3-7-8-9-221.com has not terminated on node node36
Tue Dec 31 09:10:41 2019 GAUSS_SCRDIR=/scratch/bdw2292/Gau-ModifiedRes g09 ModifiedRes-sp-3-7-8-9-251.com has not terminated on node node37
Tue Dec 31 09:10:41 2019 GAUSS_SCRDIR=/scratch/bdw2292/Gau-ModifiedRes g09 ModifiedRes-sp-3-7-8-9-281.com has not terminated on node node38
Tue Dec 31 09:10:41 2019 GAUSS_SCRDIR=/scratch/bdw2292/Gau-ModifiedRes g09 ModifiedRes-sp-3-7-8-9-311.com has not terminated on node node40
Tue Dec 31 09:10:41 2019 GAUSS_SCRDIR=/scratch/bdw2292/Gau-ModifiedRes g09 ModifiedRes-sp-3-7-8-9-341.com has not terminated on node node42
Tue Dec 31 09:10:41 2019 GAUSS_SCRDIR=/scratch/bdw2292/Gau-ModifiedRes g09 ModifiedRes-sp-3-7-8-9-161.com has not terminated on node node43
Tue Dec 31 09:10:41 2019 GAUSS_SCRDIR=/scratch/bdw2292/Gau-ModifiedRes g09 ModifiedRes-sp-3-7-8-9-131.com has not terminated on node node44
Tue Dec 31 09:10:41 2019 GAUSS_SCRDIR=/scratch/bdw2292/Gau-ModifiedRes g09 ModifiedRes-sp-3-7-8-9-101.com has not terminated on node node45
Tue Dec 31 09:10:41 2019 GAUSS_SCRDIR=/scratch/bdw2292/Gau-ModifiedRes g09 ModifiedRes-sp-3-7-8-9-071.com has not terminated on node node46
Tue Dec 31 09:10:41 2019 GAUSS_SCRDIR=/scratch/bdw2292/Gau-ModifiedRes g09 ModifiedRes-sp-3-7-8-9-041.com has not terminated on node node47
Tue Dec 31 09:10:46 2019 Sleeping for 5 seconds
Tue Dec 31 09:10:46 2019 GAUSS_SCRDIR=/scratch/bdw2292/Gau-ModifiedRes g09 ModifiedRes-sp-3-7-8-9-191.com has not terminated on node node35
Tue Dec 31 09:10:46 2019 GAUSS_SCRDIR=/scratch/bdw2292/Gau-ModifiedRes g09 ModifiedRes-sp-3-7-8-9-221.com has not terminated on node node36
Tue Dec 31 09:10:46 2019 GAUSS_SCRDIR=/scratch/bdw2292/Gau-ModifiedRes g09 ModifiedRes-sp-3-7-8-9-251.com has not terminated on node node37
Tue Dec 31 09:10:46 2019 GAUSS_SCRDIR=/scratch/bdw2292/Gau-ModifiedRes g09 ModifiedRes-sp-3-7-8-9-281.com has not terminated on node node38
Tue Dec 31 09:10:46 2019 GAUSS_SCRDIR=/scratch/bdw2292/Gau-ModifiedRes g09 ModifiedRes-sp-3-7-8-9-311.com has not terminated on node node40
Tue Dec 31 09:10:46 2019 GAUSS_SCRDIR=/scratch/bdw2292/Gau-ModifiedRes g09 ModifiedRes-sp-3-7-8-9-341.com has not terminated on node node42
Tue Dec 31 09:10:46 2019 GAUSS_SCRDIR=/scratch/bdw2292/Gau-ModifiedRes g09 ModifiedRes-sp-3-7-8-9-161.com has not terminated on node node43
Tue Dec 31 09:10:46 2019 GAUSS_SCRDIR=/scratch/bdw2292/Gau-ModifiedRes g09 ModifiedRes-sp-3-7-8-9-131.com has not terminated on node node44
Tue Dec 31 09:10:46 2019 GAUSS_SCRDIR=/scratch/bdw2292/Gau-ModifiedRes g09 ModifiedRes-sp-3-7-8-9-101.com has not terminated on node node45
Tue Dec 31 09:10:46 2019 GAUSS_SCRDIR=/scratch/bdw2292/Gau-ModifiedRes g09 ModifiedRes-sp-3-7-8-9-071.com has not terminated on node node46
Tue Dec 31 09:10:46 2019 GAUSS_SCRDIR=/scratch/bdw2292/Gau-ModifiedRes g09 ModifiedRes-sp-3-7-8-9-041.com has not terminated on node node47
Tue Dec 31 09:10:51 2019 Sleeping for 5 seconds
Tue Dec 31 09:10:51 2019 GAUSS_SCRDIR=/scratch/bdw2292/Gau-ModifiedRes g09 ModifiedRes-sp-3-7-8-9-191.com has not terminated on node node35
Tue Dec 31 09:10:51 2019 GAUSS_SCRDIR=/scratch/bdw2292/Gau-ModifiedRes g09 ModifiedRes-sp-3-7-8-9-221.com has not terminated on node node36
Tue Dec 31 09:10:51 2019 GAUSS_SCRDIR=/scratch/bdw2292/Gau-ModifiedRes g09 ModifiedRes-sp-3-7-8-9-251.com has not terminated on node node37
Tue Dec 31 09:10:51 2019 GAUSS_SCRDIR=/scratch/bdw2292/Gau-ModifiedRes g09 ModifiedRes-sp-3-7-8-9-281.com has not terminated on node node38
Tue Dec 31 09:10:51 2019 GAUSS_SCRDIR=/scratch/bdw2292/Gau-ModifiedRes g09 ModifiedRes-sp-3-7-8-9-311.com has not terminated on node node40
Tue Dec 31 09:10:51 2019 GAUSS_SCRDIR=/scratch/bdw2292/Gau-ModifiedRes g09 ModifiedRes-sp-3-7-8-9-341.com has not terminated on node node42
Tue Dec 31 09:10:51 2019 GAUSS_SCRDIR=/scratch/bdw2292/Gau-ModifiedRes g09 ModifiedRes-sp-3-7-8-9-161.com has not terminated on node node43
Tue Dec 31 09:10:51 2019 GAUSS_SCRDIR=/scratch/bdw2292/Gau-ModifiedRes g09 ModifiedRes-sp-3-7-8-9-131.com has not terminated on node node44
Tue Dec 31 09:10:51 2019 GAUSS_SCRDIR=/scratch/bdw2292/Gau-ModifiedRes g09 ModifiedRes-sp-3-7-8-9-101.com has not terminated on node node45
Tue Dec 31 09:10:51 2019 GAUSS_SCRDIR=/scratch/bdw2292/Gau-ModifiedRes g09 ModifiedRes-sp-3-7-8-9-071.com has not terminated on node node46
Tue Dec 31 09:10:51 2019 GAUSS_SCRDIR=/scratch/bdw2292/Gau-ModifiedRes g09 ModifiedRes-sp-3-7-8-9-041.com has not terminated on node node47
Tue Dec 31 09:10:56 2019 Sleeping for 5 seconds
Tue Dec 31 09:10:56 2019 GAUSS_SCRDIR=/scratch/bdw2292/Gau-ModifiedRes g09 ModifiedRes-sp-3-7-8-9-191.com has not terminated on node node35
Tue Dec 31 09:10:56 2019 GAUSS_SCRDIR=/scratch/bdw2292/Gau-ModifiedRes g09 ModifiedRes-sp-3-7-8-9-221.com has not terminated on node node36
Tue Dec 31 09:10:56 2019 GAUSS_SCRDIR=/scratch/bdw2292/Gau-ModifiedRes g09 ModifiedRes-sp-3-7-8-9-251.com has not terminated on node node37
Tue Dec 31 09:10:56 2019 GAUSS_SCRDIR=/scratch/bdw2292/Gau-ModifiedRes g09 ModifiedRes-sp-3-7-8-9-281.com has not terminated on node node38
Tue Dec 31 09:10:56 2019 GAUSS_SCRDIR=/scratch/bdw2292/Gau-ModifiedRes g09 ModifiedRes-sp-3-7-8-9-311.com has not terminated on node node40
Tue Dec 31 09:10:56 2019 GAUSS_SCRDIR=/scratch/bdw2292/Gau-ModifiedRes g09 ModifiedRes-sp-3-7-8-9-341.com has not terminated on node node42
Tue Dec 31 09:10:56 2019 GAUSS_SCRDIR=/scratch/bdw2292/Gau-ModifiedRes g09 ModifiedRes-sp-3-7-8-9-161.com has not terminated on node node43
Tue Dec 31 09:10:56 2019 GAUSS_SCRDIR=/scratch/bdw2292/Gau-ModifiedRes g09 ModifiedRes-sp-3-7-8-9-131.com has not terminated on node node44
Tue Dec 31 09:10:56 2019 GAUSS_SCRDIR=/scratch/bdw2292/Gau-ModifiedRes g09 ModifiedRes-sp-3-7-8-9-101.com has not terminated on node node45
Tue Dec 31 09:10:56 2019 GAUSS_SCRDIR=/scratch/bdw2292/Gau-ModifiedRes g09 ModifiedRes-sp-3-7-8-9-071.com has not terminated on node node46
Tue Dec 31 09:10:56 2019 GAUSS_SCRDIR=/scratch/bdw2292/Gau-ModifiedRes g09 ModifiedRes-sp-3-7-8-9-041.com has not terminated on node node47
Tue Dec 31 09:11:01 2019 Sleeping for 5 seconds
Tue Dec 31 09:11:01 2019 GAUSS_SCRDIR=/scratch/bdw2292/Gau-ModifiedRes g09 ModifiedRes-sp-3-7-8-9-191.com has not terminated on node node35
Tue Dec 31 09:11:01 2019 GAUSS_SCRDIR=/scratch/bdw2292/Gau-ModifiedRes g09 ModifiedRes-sp-3-7-8-9-221.com has not terminated on node node36
Tue Dec 31 09:11:01 2019 GAUSS_SCRDIR=/scratch/bdw2292/Gau-ModifiedRes g09 ModifiedRes-sp-3-7-8-9-251.com has not terminated on node node37
Tue Dec 31 09:11:01 2019 GAUSS_SCRDIR=/scratch/bdw2292/Gau-ModifiedRes g09 ModifiedRes-sp-3-7-8-9-281.com has not terminated on node node38
Tue Dec 31 09:11:01 2019 GAUSS_SCRDIR=/scratch/bdw2292/Gau-ModifiedRes g09 ModifiedRes-sp-3-7-8-9-311.com has not terminated on node node40
Tue Dec 31 09:11:01 2019 GAUSS_SCRDIR=/scratch/bdw2292/Gau-ModifiedRes g09 ModifiedRes-sp-3-7-8-9-341.com has not terminated on node node42
Tue Dec 31 09:11:01 2019 GAUSS_SCRDIR=/scratch/bdw2292/Gau-ModifiedRes g09 ModifiedRes-sp-3-7-8-9-161.com has not terminated on node node43
Tue Dec 31 09:11:01 2019 GAUSS_SCRDIR=/scratch/bdw2292/Gau-ModifiedRes g09 ModifiedRes-sp-3-7-8-9-131.com has not terminated on node node44
Tue Dec 31 09:11:01 2019 GAUSS_SCRDIR=/scratch/bdw2292/Gau-ModifiedRes g09 ModifiedRes-sp-3-7-8-9-101.com has not terminated on node node45
Tue Dec 31 09:11:01 2019 GAUSS_SCRDIR=/scratch/bdw2292/Gau-ModifiedRes g09 ModifiedRes-sp-3-7-8-9-071.com has not terminated on node node46
Tue Dec 31 09:11:01 2019 GAUSS_SCRDIR=/scratch/bdw2292/Gau-ModifiedRes g09 ModifiedRes-sp-3-7-8-9-041.com has not terminated on node node47
Tue Dec 31 09:11:06 2019 Sleeping for 5 seconds
Tue Dec 31 09:11:06 2019 GAUSS_SCRDIR=/scratch/bdw2292/Gau-ModifiedRes g09 ModifiedRes-sp-3-7-8-9-191.com has not terminated on node node35
Tue Dec 31 09:11:06 2019 GAUSS_SCRDIR=/scratch/bdw2292/Gau-ModifiedRes g09 ModifiedRes-sp-3-7-8-9-221.com has not terminated on node node36
Tue Dec 31 09:11:06 2019 GAUSS_SCRDIR=/scratch/bdw2292/Gau-ModifiedRes g09 ModifiedRes-sp-3-7-8-9-251.com has not terminated on node node37
Tue Dec 31 09:11:06 2019 GAUSS_SCRDIR=/scratch/bdw2292/Gau-ModifiedRes g09 ModifiedRes-sp-3-7-8-9-281.com has not terminated on node node38
Tue Dec 31 09:11:06 2019 GAUSS_SCRDIR=/scratch/bdw2292/Gau-ModifiedRes g09 ModifiedRes-sp-3-7-8-9-311.com has not terminated on node node40
Tue Dec 31 09:11:06 2019 GAUSS_SCRDIR=/scratch/bdw2292/Gau-ModifiedRes g09 ModifiedRes-sp-3-7-8-9-341.com has not terminated on node node42
Tue Dec 31 09:11:06 2019 GAUSS_SCRDIR=/scratch/bdw2292/Gau-ModifiedRes g09 ModifiedRes-sp-3-7-8-9-161.com has not terminated on node node43
Tue Dec 31 09:11:06 2019 GAUSS_SCRDIR=/scratch/bdw2292/Gau-ModifiedRes g09 ModifiedRes-sp-3-7-8-9-131.com has not terminated on node node44
Tue Dec 31 09:11:06 2019 GAUSS_SCRDIR=/scratch/bdw2292/Gau-ModifiedRes g09 ModifiedRes-sp-3-7-8-9-101.com has not terminated on node node45
Tue Dec 31 09:11:06 2019 GAUSS_SCRDIR=/scratch/bdw2292/Gau-ModifiedRes g09 ModifiedRes-sp-3-7-8-9-071.com has not terminated on node node46
Tue Dec 31 09:11:06 2019 GAUSS_SCRDIR=/scratch/bdw2292/Gau-ModifiedRes g09 ModifiedRes-sp-3-7-8-9-041.com has not terminated on node node47
Tue Dec 31 09:11:11 2019 Sleeping for 5 seconds
Tue Dec 31 09:11:11 2019 GAUSS_SCRDIR=/scratch/bdw2292/Gau-ModifiedRes g09 ModifiedRes-sp-3-7-8-9-191.com has not terminated on node node35
Tue Dec 31 09:11:11 2019 GAUSS_SCRDIR=/scratch/bdw2292/Gau-ModifiedRes g09 ModifiedRes-sp-3-7-8-9-221.com has not terminated on node node36
Tue Dec 31 09:11:11 2019 GAUSS_SCRDIR=/scratch/bdw2292/Gau-ModifiedRes g09 ModifiedRes-sp-3-7-8-9-251.com has not terminated on node node37
Tue Dec 31 09:11:11 2019 GAUSS_SCRDIR=/scratch/bdw2292/Gau-ModifiedRes g09 ModifiedRes-sp-3-7-8-9-281.com has not terminated on node node38
Tue Dec 31 09:11:11 2019 GAUSS_SCRDIR=/scratch/bdw2292/Gau-ModifiedRes g09 ModifiedRes-sp-3-7-8-9-311.com has not terminated on node node40
Tue Dec 31 09:11:11 2019 GAUSS_SCRDIR=/scratch/bdw2292/Gau-ModifiedRes g09 ModifiedRes-sp-3-7-8-9-341.com has not terminated on node node42
Tue Dec 31 09:11:11 2019 GAUSS_SCRDIR=/scratch/bdw2292/Gau-ModifiedRes g09 ModifiedRes-sp-3-7-8-9-161.com has not terminated on node node43
Tue Dec 31 09:11:11 2019 GAUSS_SCRDIR=/scratch/bdw2292/Gau-ModifiedRes g09 ModifiedRes-sp-3-7-8-9-131.com has not terminated on node node44
Tue Dec 31 09:11:11 2019 GAUSS_SCRDIR=/scratch/bdw2292/Gau-ModifiedRes g09 ModifiedRes-sp-3-7-8-9-101.com has not terminated on node node45
Tue Dec 31 09:11:11 2019 GAUSS_SCRDIR=/scratch/bdw2292/Gau-ModifiedRes g09 ModifiedRes-sp-3-7-8-9-071.com has not terminated on node node46
Tue Dec 31 09:11:11 2019 GAUSS_SCRDIR=/scratch/bdw2292/Gau-ModifiedRes g09 ModifiedRes-sp-3-7-8-9-041.com has not terminated on node node47
Tue Dec 31 09:11:16 2019 Sleeping for 5 seconds
Tue Dec 31 09:11:16 2019 GAUSS_SCRDIR=/scratch/bdw2292/Gau-ModifiedRes g09 ModifiedRes-sp-3-7-8-9-191.com has not terminated on node node35
Tue Dec 31 09:11:16 2019 GAUSS_SCRDIR=/scratch/bdw2292/Gau-ModifiedRes g09 ModifiedRes-sp-3-7-8-9-221.com has not terminated on node node36
Tue Dec 31 09:11:16 2019 GAUSS_SCRDIR=/scratch/bdw2292/Gau-ModifiedRes g09 ModifiedRes-sp-3-7-8-9-251.com has not terminated on node node37
Tue Dec 31 09:11:16 2019 GAUSS_SCRDIR=/scratch/bdw2292/Gau-ModifiedRes g09 ModifiedRes-sp-3-7-8-9-281.com has not terminated on node node38
Tue Dec 31 09:11:16 2019 GAUSS_SCRDIR=/scratch/bdw2292/Gau-ModifiedRes g09 ModifiedRes-sp-3-7-8-9-311.com has not terminated on node node40
Tue Dec 31 09:11:16 2019 GAUSS_SCRDIR=/scratch/bdw2292/Gau-ModifiedRes g09 ModifiedRes-sp-3-7-8-9-341.com has not terminated on node node42
Tue Dec 31 09:11:16 2019 GAUSS_SCRDIR=/scratch/bdw2292/Gau-ModifiedRes g09 ModifiedRes-sp-3-7-8-9-161.com has not terminated on node node43
Tue Dec 31 09:11:16 2019 GAUSS_SCRDIR=/scratch/bdw2292/Gau-ModifiedRes g09 ModifiedRes-sp-3-7-8-9-131.com has not terminated on node node44
Tue Dec 31 09:11:16 2019 GAUSS_SCRDIR=/scratch/bdw2292/Gau-ModifiedRes g09 ModifiedRes-sp-3-7-8-9-101.com has not terminated on node node45
Tue Dec 31 09:11:16 2019 GAUSS_SCRDIR=/scratch/bdw2292/Gau-ModifiedRes g09 ModifiedRes-sp-3-7-8-9-071.com has not terminated on node node46
Tue Dec 31 09:11:16 2019 GAUSS_SCRDIR=/scratch/bdw2292/Gau-ModifiedRes g09 ModifiedRes-sp-3-7-8-9-041.com has not terminated on node node47
Tue Dec 31 09:11:21 2019 Sleeping for 5 seconds
Tue Dec 31 09:11:21 2019 GAUSS_SCRDIR=/scratch/bdw2292/Gau-ModifiedRes g09 ModifiedRes-sp-3-7-8-9-191.com has not terminated on node node35
Tue Dec 31 09:11:21 2019 GAUSS_SCRDIR=/scratch/bdw2292/Gau-ModifiedRes g09 ModifiedRes-sp-3-7-8-9-221.com has not terminated on node node36
Tue Dec 31 09:11:21 2019 GAUSS_SCRDIR=/scratch/bdw2292/Gau-ModifiedRes g09 ModifiedRes-sp-3-7-8-9-251.com has not terminated on node node37
Tue Dec 31 09:11:21 2019 GAUSS_SCRDIR=/scratch/bdw2292/Gau-ModifiedRes g09 ModifiedRes-sp-3-7-8-9-281.com has not terminated on node node38
Tue Dec 31 09:11:21 2019 GAUSS_SCRDIR=/scratch/bdw2292/Gau-ModifiedRes g09 ModifiedRes-sp-3-7-8-9-311.com has not terminated on node node40
Tue Dec 31 09:11:21 2019 GAUSS_SCRDIR=/scratch/bdw2292/Gau-ModifiedRes g09 ModifiedRes-sp-3-7-8-9-341.com has not terminated on node node42
Tue Dec 31 09:11:21 2019 GAUSS_SCRDIR=/scratch/bdw2292/Gau-ModifiedRes g09 ModifiedRes-sp-3-7-8-9-161.com has terminated on node node43
Tue Dec 31 09:11:21 2019 GAUSS_SCRDIR=/scratch/bdw2292/Gau-ModifiedRes g09 ModifiedRes-sp-3-7-8-9-131.com has terminated on node node44
Tue Dec 31 09:11:21 2019 GAUSS_SCRDIR=/scratch/bdw2292/Gau-ModifiedRes g09 ModifiedRes-sp-3-7-8-9-101.com has not terminated on node node45
Tue Dec 31 09:11:21 2019 GAUSS_SCRDIR=/scratch/bdw2292/Gau-ModifiedRes g09 ModifiedRes-sp-3-7-8-9-071.com has terminated on node node46
Tue Dec 31 09:11:21 2019 GAUSS_SCRDIR=/scratch/bdw2292/Gau-ModifiedRes g09 ModifiedRes-sp-3-7-8-9-041.com has not terminated on node node47
Tue Dec 31 09:11:26 2019 Sleeping for 5 seconds
Tue Dec 31 09:11:26 2019 GAUSS_SCRDIR=/scratch/bdw2292/Gau-ModifiedRes g09 ModifiedRes-sp-3-7-8-9-191.com has not terminated on node node35
Tue Dec 31 09:11:26 2019 GAUSS_SCRDIR=/scratch/bdw2292/Gau-ModifiedRes g09 ModifiedRes-sp-3-7-8-9-221.com has not terminated on node node36
Tue Dec 31 09:11:26 2019 GAUSS_SCRDIR=/scratch/bdw2292/Gau-ModifiedRes g09 ModifiedRes-sp-3-7-8-9-251.com has terminated on node node37
Tue Dec 31 09:11:26 2019 GAUSS_SCRDIR=/scratch/bdw2292/Gau-ModifiedRes g09 ModifiedRes-sp-3-7-8-9-281.com has not terminated on node node38
Tue Dec 31 09:11:26 2019 GAUSS_SCRDIR=/scratch/bdw2292/Gau-ModifiedRes g09 ModifiedRes-sp-3-7-8-9-311.com has not terminated on node node40
Tue Dec 31 09:11:26 2019 GAUSS_SCRDIR=/scratch/bdw2292/Gau-ModifiedRes g09 ModifiedRes-sp-3-7-8-9-341.com has not terminated on node node42
Tue Dec 31 09:11:26 2019 GAUSS_SCRDIR=/scratch/bdw2292/Gau-ModifiedRes g09 ModifiedRes-sp-3-7-8-9-101.com has terminated on node node45
Tue Dec 31 09:11:26 2019 GAUSS_SCRDIR=/scratch/bdw2292/Gau-ModifiedRes g09 ModifiedRes-sp-3-7-8-9-041.com has terminated on node node47
Tue Dec 31 09:11:31 2019 Sleeping for 5 seconds
Tue Dec 31 09:11:31 2019 GAUSS_SCRDIR=/scratch/bdw2292/Gau-ModifiedRes g09 ModifiedRes-sp-3-7-8-9-191.com has not terminated on node node35
Tue Dec 31 09:11:31 2019 GAUSS_SCRDIR=/scratch/bdw2292/Gau-ModifiedRes g09 ModifiedRes-sp-3-7-8-9-221.com has not terminated on node node36
Tue Dec 31 09:11:31 2019 GAUSS_SCRDIR=/scratch/bdw2292/Gau-ModifiedRes g09 ModifiedRes-sp-3-7-8-9-281.com has not terminated on node node38
Tue Dec 31 09:11:31 2019 GAUSS_SCRDIR=/scratch/bdw2292/Gau-ModifiedRes g09 ModifiedRes-sp-3-7-8-9-311.com has terminated on node node40
Tue Dec 31 09:11:31 2019 GAUSS_SCRDIR=/scratch/bdw2292/Gau-ModifiedRes g09 ModifiedRes-sp-3-7-8-9-341.com has terminated on node node42
Tue Dec 31 09:11:36 2019 Sleeping for 5 seconds
Tue Dec 31 09:11:36 2019 GAUSS_SCRDIR=/scratch/bdw2292/Gau-ModifiedRes g09 ModifiedRes-sp-3-7-8-9-191.com has not terminated on node node35
Tue Dec 31 09:11:36 2019 GAUSS_SCRDIR=/scratch/bdw2292/Gau-ModifiedRes g09 ModifiedRes-sp-3-7-8-9-221.com has not terminated on node node36
Tue Dec 31 09:11:36 2019 GAUSS_SCRDIR=/scratch/bdw2292/Gau-ModifiedRes g09 ModifiedRes-sp-3-7-8-9-281.com has not terminated on node node38
Tue Dec 31 09:11:41 2019 Sleeping for 5 seconds
Tue Dec 31 09:11:41 2019 GAUSS_SCRDIR=/scratch/bdw2292/Gau-ModifiedRes g09 ModifiedRes-sp-3-7-8-9-191.com has not terminated on node node35
Tue Dec 31 09:11:41 2019 GAUSS_SCRDIR=/scratch/bdw2292/Gau-ModifiedRes g09 ModifiedRes-sp-3-7-8-9-221.com has not terminated on node node36
Tue Dec 31 09:11:41 2019 GAUSS_SCRDIR=/scratch/bdw2292/Gau-ModifiedRes g09 ModifiedRes-sp-3-7-8-9-281.com has not terminated on node node38
Tue Dec 31 09:11:46 2019 Sleeping for 5 seconds
Tue Dec 31 09:11:46 2019 GAUSS_SCRDIR=/scratch/bdw2292/Gau-ModifiedRes g09 ModifiedRes-sp-3-7-8-9-191.com has not terminated on node node35
Tue Dec 31 09:11:46 2019 GAUSS_SCRDIR=/scratch/bdw2292/Gau-ModifiedRes g09 ModifiedRes-sp-3-7-8-9-221.com has not terminated on node node36
Tue Dec 31 09:11:46 2019 GAUSS_SCRDIR=/scratch/bdw2292/Gau-ModifiedRes g09 ModifiedRes-sp-3-7-8-9-281.com has not terminated on node node38
Tue Dec 31 09:11:51 2019 Sleeping for 5 seconds
Tue Dec 31 09:11:51 2019 GAUSS_SCRDIR=/scratch/bdw2292/Gau-ModifiedRes g09 ModifiedRes-sp-3-7-8-9-191.com has not terminated on node node35
Tue Dec 31 09:11:51 2019 GAUSS_SCRDIR=/scratch/bdw2292/Gau-ModifiedRes g09 ModifiedRes-sp-3-7-8-9-221.com has not terminated on node node36
Tue Dec 31 09:11:51 2019 GAUSS_SCRDIR=/scratch/bdw2292/Gau-ModifiedRes g09 ModifiedRes-sp-3-7-8-9-281.com has not terminated on node node38
Tue Dec 31 09:11:56 2019 Sleeping for 5 seconds
Tue Dec 31 09:11:56 2019 GAUSS_SCRDIR=/scratch/bdw2292/Gau-ModifiedRes g09 ModifiedRes-sp-3-7-8-9-191.com has not terminated on node node35
Tue Dec 31 09:11:56 2019 GAUSS_SCRDIR=/scratch/bdw2292/Gau-ModifiedRes g09 ModifiedRes-sp-3-7-8-9-221.com has not terminated on node node36
Tue Dec 31 09:11:56 2019 GAUSS_SCRDIR=/scratch/bdw2292/Gau-ModifiedRes g09 ModifiedRes-sp-3-7-8-9-281.com has not terminated on node node38
Tue Dec 31 09:12:01 2019 Sleeping for 5 seconds
Tue Dec 31 09:12:01 2019 GAUSS_SCRDIR=/scratch/bdw2292/Gau-ModifiedRes g09 ModifiedRes-sp-3-7-8-9-191.com has not terminated on node node35
Tue Dec 31 09:12:01 2019 GAUSS_SCRDIR=/scratch/bdw2292/Gau-ModifiedRes g09 ModifiedRes-sp-3-7-8-9-221.com has terminated on node node36
Tue Dec 31 09:12:01 2019 GAUSS_SCRDIR=/scratch/bdw2292/Gau-ModifiedRes g09 ModifiedRes-sp-3-7-8-9-281.com has terminated on node node38
Tue Dec 31 09:12:06 2019 Sleeping for 5 seconds
Tue Dec 31 09:12:06 2019 GAUSS_SCRDIR=/scratch/bdw2292/Gau-ModifiedRes g09 ModifiedRes-sp-3-7-8-9-191.com has not terminated on node node35
Tue Dec 31 09:12:11 2019 Sleeping for 5 seconds
Tue Dec 31 09:12:11 2019 GAUSS_SCRDIR=/scratch/bdw2292/Gau-ModifiedRes g09 ModifiedRes-sp-3-7-8-9-191.com has terminated on node node35
Tue Dec 31 09:12:16 2019 Sleeping for 5 seconds
Tue Dec 31 09:12:16 2019 All jobs have finished 
