Mon Dec 30 09:45:08 2019 Calling: ssh node35 "cd /home/bdw2292/poltype/Examples/ModifiedAminoAcid/qm-torsion;source /home/bdw2292/.poltype.bashrc;mkdir /scratch/bdw2292/Gau-ModifiedRes"
mkdir: cannot create directory ‘/scratch/bdw2292/Gau-ModifiedRes’: File exists
Mon Dec 30 09:45:10 2019 Calling: ssh node35 "cd /home/bdw2292/poltype/Examples/ModifiedAminoAcid/qm-torsion;source /home/bdw2292/.poltype.bashrc;GAUSS_SCRDIR=/scratch/bdw2292/Gau-ModifiedRes g09 ModifiedRes-sp-3-1-13-14-359.com"
Mon Dec 30 09:45:10 2019 Calling: ssh node36 "cd /home/bdw2292/poltype/Examples/ModifiedAminoAcid/qm-torsion;source /home/bdw2292/.poltype.bashrc;mkdir /scratch/bdw2292/Gau-ModifiedRes"
mkdir: cannot create directory ‘/scratch/bdw2292/Gau-ModifiedRes’: File exists
Mon Dec 30 09:45:12 2019 Calling: ssh node36 "cd /home/bdw2292/poltype/Examples/ModifiedAminoAcid/qm-torsion;source /home/bdw2292/.poltype.bashrc;GAUSS_SCRDIR=/scratch/bdw2292/Gau-ModifiedRes g09 ModifiedRes-sp-3-1-13-14-027.com"
Mon Dec 30 09:45:12 2019 Calling: ssh node37 "cd /home/bdw2292/poltype/Examples/ModifiedAminoAcid/qm-torsion;source /home/bdw2292/.poltype.bashrc;mkdir /scratch/bdw2292/Gau-ModifiedRes"
mkdir: cannot create directory ‘/scratch/bdw2292/Gau-ModifiedRes’: File exists
Mon Dec 30 09:45:14 2019 Calling: ssh node37 "cd /home/bdw2292/poltype/Examples/ModifiedAminoAcid/qm-torsion;source /home/bdw2292/.poltype.bashrc;GAUSS_SCRDIR=/scratch/bdw2292/Gau-ModifiedRes g09 ModifiedRes-sp-3-1-13-14-055.com"
Mon Dec 30 09:45:14 2019 Calling: ssh node38 "cd /home/bdw2292/poltype/Examples/ModifiedAminoAcid/qm-torsion;source /home/bdw2292/.poltype.bashrc;mkdir /scratch/bdw2292/Gau-ModifiedRes"
Mon Dec 30 09:45:16 2019 Calling: ssh node38 "cd /home/bdw2292/poltype/Examples/ModifiedAminoAcid/qm-torsion;source /home/bdw2292/.poltype.bashrc;GAUSS_SCRDIR=/scratch/bdw2292/Gau-ModifiedRes g09 ModifiedRes-sp-3-1-13-14-083.com"
Mon Dec 30 09:45:16 2019 Calling: ssh node40 "cd /home/bdw2292/poltype/Examples/ModifiedAminoAcid/qm-torsion;source /home/bdw2292/.poltype.bashrc;mkdir /scratch/bdw2292/Gau-ModifiedRes"
mkdir: cannot create directory `/scratch/bdw2292/Gau-ModifiedRes': File exists
mkdir: cannot create directory `/scratch/bdw2292/Gau-ModifiedRes': File exists
Mon Dec 30 09:45:18 2019 Calling: ssh node40 "cd /home/bdw2292/poltype/Examples/ModifiedAminoAcid/qm-torsion;source /home/bdw2292/.poltype.bashrc;GAUSS_SCRDIR=/scratch/bdw2292/Gau-ModifiedRes g09 ModifiedRes-sp-3-1-13-14-111.com"
Mon Dec 30 09:45:18 2019 Calling: ssh node42 "cd /home/bdw2292/poltype/Examples/ModifiedAminoAcid/qm-torsion;source /home/bdw2292/.poltype.bashrc;mkdir /scratch/bdw2292/Gau-ModifiedRes"
Mon Dec 30 09:45:20 2019 Calling: ssh node42 "cd /home/bdw2292/poltype/Examples/ModifiedAminoAcid/qm-torsion;source /home/bdw2292/.poltype.bashrc;GAUSS_SCRDIR=/scratch/bdw2292/Gau-ModifiedRes g09 ModifiedRes-sp-3-1-13-14-139.com"
Mon Dec 30 09:45:20 2019 Calling: ssh node43 "cd /home/bdw2292/poltype/Examples/ModifiedAminoAcid/qm-torsion;source /home/bdw2292/.poltype.bashrc;mkdir /scratch/bdw2292/Gau-ModifiedRes"
mkdir: cannot create directory `/scratch/bdw2292/Gau-ModifiedRes': File exists
Mon Dec 30 09:45:22 2019 Calling: ssh node43 "cd /home/bdw2292/poltype/Examples/ModifiedAminoAcid/qm-torsion;source /home/bdw2292/.poltype.bashrc;GAUSS_SCRDIR=/scratch/bdw2292/Gau-ModifiedRes g09 ModifiedRes-sp-3-1-13-14-335.com"
Mon Dec 30 09:45:22 2019 Calling: ssh node44 "cd /home/bdw2292/poltype/Examples/ModifiedAminoAcid/qm-torsion;source /home/bdw2292/.poltype.bashrc;mkdir /scratch/bdw2292/Gau-ModifiedRes"
mkdir: cannot create directory ‘/scratch/bdw2292/Gau-ModifiedRes’: File exists
Mon Dec 30 09:45:24 2019 Calling: ssh node44 "cd /home/bdw2292/poltype/Examples/ModifiedAminoAcid/qm-torsion;source /home/bdw2292/.poltype.bashrc;GAUSS_SCRDIR=/scratch/bdw2292/Gau-ModifiedRes g09 ModifiedRes-sp-3-1-13-14-307.com"
Mon Dec 30 09:45:24 2019 Calling: ssh node45 "cd /home/bdw2292/poltype/Examples/ModifiedAminoAcid/qm-torsion;source /home/bdw2292/.poltype.bashrc;mkdir /scratch/bdw2292/Gau-ModifiedRes"
mkdir: cannot create directory `/scratch/bdw2292/Gau-ModifiedRes': File exists
mkdir: cannot create directory `/scratch/bdw2292/Gau-ModifiedRes': File exists
Mon Dec 30 09:45:26 2019 Calling: ssh node45 "cd /home/bdw2292/poltype/Examples/ModifiedAminoAcid/qm-torsion;source /home/bdw2292/.poltype.bashrc;GAUSS_SCRDIR=/scratch/bdw2292/Gau-ModifiedRes g09 ModifiedRes-sp-3-1-13-14-279.com"
Mon Dec 30 09:45:26 2019 Calling: ssh node46 "cd /home/bdw2292/poltype/Examples/ModifiedAminoAcid/qm-torsion;source /home/bdw2292/.poltype.bashrc;mkdir /scratch/bdw2292/Gau-ModifiedRes"
mkdir: cannot create directory `/scratch/bdw2292/Gau-ModifiedRes': File exists
Mon Dec 30 09:45:28 2019 Calling: ssh node46 "cd /home/bdw2292/poltype/Examples/ModifiedAminoAcid/qm-torsion;source /home/bdw2292/.poltype.bashrc;GAUSS_SCRDIR=/scratch/bdw2292/Gau-ModifiedRes g09 ModifiedRes-sp-3-1-13-14-251.com"
Mon Dec 30 09:45:28 2019 Calling: ssh node47 "cd /home/bdw2292/poltype/Examples/ModifiedAminoAcid/qm-torsion;source /home/bdw2292/.poltype.bashrc;mkdir /scratch/bdw2292/Gau-ModifiedRes"
mkdir: cannot create directory `/scratch/bdw2292/Gau-ModifiedRes': File exists
Mon Dec 30 09:45:30 2019 Calling: ssh node47 "cd /home/bdw2292/poltype/Examples/ModifiedAminoAcid/qm-torsion;source /home/bdw2292/.poltype.bashrc;GAUSS_SCRDIR=/scratch/bdw2292/Gau-ModifiedRes g09 ModifiedRes-sp-3-1-13-14-223.com"
Mon Dec 30 09:45:30 2019 Calling: ssh node48 "cd /home/bdw2292/poltype/Examples/ModifiedAminoAcid/qm-torsion;source /home/bdw2292/.poltype.bashrc;mkdir /scratch/bdw2292/Gau-ModifiedRes"
mkdir: cannot create directory `/scratch/bdw2292/Gau-ModifiedRes': File exists
Mon Dec 30 09:45:32 2019 Calling: ssh node48 "cd /home/bdw2292/poltype/Examples/ModifiedAminoAcid/qm-torsion;source /home/bdw2292/.poltype.bashrc;GAUSS_SCRDIR=/scratch/bdw2292/Gau-ModifiedRes g09 ModifiedRes-sp-3-1-13-14-195.com"
Mon Dec 30 09:45:37 2019 Sleeping for 5 seconds
Mon Dec 30 09:45:37 2019 GAUSS_SCRDIR=/scratch/bdw2292/Gau-ModifiedRes g09 ModifiedRes-sp-3-1-13-14-359.com has not terminated on node node35
Mon Dec 30 09:45:37 2019 GAUSS_SCRDIR=/scratch/bdw2292/Gau-ModifiedRes g09 ModifiedRes-sp-3-1-13-14-027.com has not terminated on node node36
Mon Dec 30 09:45:37 2019 GAUSS_SCRDIR=/scratch/bdw2292/Gau-ModifiedRes g09 ModifiedRes-sp-3-1-13-14-055.com has not terminated on node node37
Mon Dec 30 09:45:37 2019 GAUSS_SCRDIR=/scratch/bdw2292/Gau-ModifiedRes g09 ModifiedRes-sp-3-1-13-14-083.com has not terminated on node node38
Mon Dec 30 09:45:37 2019 GAUSS_SCRDIR=/scratch/bdw2292/Gau-ModifiedRes g09 ModifiedRes-sp-3-1-13-14-111.com has not terminated on node node40
Mon Dec 30 09:45:37 2019 GAUSS_SCRDIR=/scratch/bdw2292/Gau-ModifiedRes g09 ModifiedRes-sp-3-1-13-14-139.com has not terminated on node node42
Mon Dec 30 09:45:37 2019 GAUSS_SCRDIR=/scratch/bdw2292/Gau-ModifiedRes g09 ModifiedRes-sp-3-1-13-14-335.com has not terminated on node node43
Mon Dec 30 09:45:37 2019 GAUSS_SCRDIR=/scratch/bdw2292/Gau-ModifiedRes g09 ModifiedRes-sp-3-1-13-14-307.com has not terminated on node node44
Mon Dec 30 09:45:37 2019 GAUSS_SCRDIR=/scratch/bdw2292/Gau-ModifiedRes g09 ModifiedRes-sp-3-1-13-14-279.com has not terminated on node node45
Mon Dec 30 09:45:37 2019 GAUSS_SCRDIR=/scratch/bdw2292/Gau-ModifiedRes g09 ModifiedRes-sp-3-1-13-14-251.com has not terminated on node node46
Mon Dec 30 09:45:37 2019 GAUSS_SCRDIR=/scratch/bdw2292/Gau-ModifiedRes g09 ModifiedRes-sp-3-1-13-14-223.com has not terminated on node node47
Mon Dec 30 09:45:37 2019 GAUSS_SCRDIR=/scratch/bdw2292/Gau-ModifiedRes g09 ModifiedRes-sp-3-1-13-14-195.com has not terminated on node node48
Mon Dec 30 09:45:42 2019 Sleeping for 5 seconds
Mon Dec 30 09:45:42 2019 GAUSS_SCRDIR=/scratch/bdw2292/Gau-ModifiedRes g09 ModifiedRes-sp-3-1-13-14-359.com has not terminated on node node35
Mon Dec 30 09:45:42 2019 GAUSS_SCRDIR=/scratch/bdw2292/Gau-ModifiedRes g09 ModifiedRes-sp-3-1-13-14-027.com has not terminated on node node36
Mon Dec 30 09:45:42 2019 GAUSS_SCRDIR=/scratch/bdw2292/Gau-ModifiedRes g09 ModifiedRes-sp-3-1-13-14-055.com has not terminated on node node37
Mon Dec 30 09:45:42 2019 GAUSS_SCRDIR=/scratch/bdw2292/Gau-ModifiedRes g09 ModifiedRes-sp-3-1-13-14-083.com has not terminated on node node38
Mon Dec 30 09:45:42 2019 GAUSS_SCRDIR=/scratch/bdw2292/Gau-ModifiedRes g09 ModifiedRes-sp-3-1-13-14-111.com has not terminated on node node40
Mon Dec 30 09:45:42 2019 GAUSS_SCRDIR=/scratch/bdw2292/Gau-ModifiedRes g09 ModifiedRes-sp-3-1-13-14-139.com has not terminated on node node42
Mon Dec 30 09:45:42 2019 GAUSS_SCRDIR=/scratch/bdw2292/Gau-ModifiedRes g09 ModifiedRes-sp-3-1-13-14-335.com has not terminated on node node43
Mon Dec 30 09:45:42 2019 GAUSS_SCRDIR=/scratch/bdw2292/Gau-ModifiedRes g09 ModifiedRes-sp-3-1-13-14-307.com has not terminated on node node44
Mon Dec 30 09:45:42 2019 GAUSS_SCRDIR=/scratch/bdw2292/Gau-ModifiedRes g09 ModifiedRes-sp-3-1-13-14-279.com has not terminated on node node45
Mon Dec 30 09:45:42 2019 GAUSS_SCRDIR=/scratch/bdw2292/Gau-ModifiedRes g09 ModifiedRes-sp-3-1-13-14-251.com has not terminated on node node46
Mon Dec 30 09:45:42 2019 GAUSS_SCRDIR=/scratch/bdw2292/Gau-ModifiedRes g09 ModifiedRes-sp-3-1-13-14-223.com has not terminated on node node47
Mon Dec 30 09:45:42 2019 GAUSS_SCRDIR=/scratch/bdw2292/Gau-ModifiedRes g09 ModifiedRes-sp-3-1-13-14-195.com has not terminated on node node48
Mon Dec 30 09:45:47 2019 Sleeping for 5 seconds
Mon Dec 30 09:45:47 2019 GAUSS_SCRDIR=/scratch/bdw2292/Gau-ModifiedRes g09 ModifiedRes-sp-3-1-13-14-359.com has not terminated on node node35
Mon Dec 30 09:45:47 2019 GAUSS_SCRDIR=/scratch/bdw2292/Gau-ModifiedRes g09 ModifiedRes-sp-3-1-13-14-027.com has not terminated on node node36
Mon Dec 30 09:45:47 2019 GAUSS_SCRDIR=/scratch/bdw2292/Gau-ModifiedRes g09 ModifiedRes-sp-3-1-13-14-055.com has not terminated on node node37
Mon Dec 30 09:45:47 2019 GAUSS_SCRDIR=/scratch/bdw2292/Gau-ModifiedRes g09 ModifiedRes-sp-3-1-13-14-083.com has not terminated on node node38
Mon Dec 30 09:45:47 2019 GAUSS_SCRDIR=/scratch/bdw2292/Gau-ModifiedRes g09 ModifiedRes-sp-3-1-13-14-111.com has not terminated on node node40
Mon Dec 30 09:45:47 2019 GAUSS_SCRDIR=/scratch/bdw2292/Gau-ModifiedRes g09 ModifiedRes-sp-3-1-13-14-139.com has not terminated on node node42
Mon Dec 30 09:45:47 2019 GAUSS_SCRDIR=/scratch/bdw2292/Gau-ModifiedRes g09 ModifiedRes-sp-3-1-13-14-335.com has not terminated on node node43
Mon Dec 30 09:45:47 2019 GAUSS_SCRDIR=/scratch/bdw2292/Gau-ModifiedRes g09 ModifiedRes-sp-3-1-13-14-307.com has not terminated on node node44
Mon Dec 30 09:45:47 2019 GAUSS_SCRDIR=/scratch/bdw2292/Gau-ModifiedRes g09 ModifiedRes-sp-3-1-13-14-279.com has not terminated on node node45
Mon Dec 30 09:45:47 2019 GAUSS_SCRDIR=/scratch/bdw2292/Gau-ModifiedRes g09 ModifiedRes-sp-3-1-13-14-251.com has not terminated on node node46
Mon Dec 30 09:45:47 2019 GAUSS_SCRDIR=/scratch/bdw2292/Gau-ModifiedRes g09 ModifiedRes-sp-3-1-13-14-223.com has not terminated on node node47
Mon Dec 30 09:45:47 2019 GAUSS_SCRDIR=/scratch/bdw2292/Gau-ModifiedRes g09 ModifiedRes-sp-3-1-13-14-195.com has not terminated on node node48
Mon Dec 30 09:45:52 2019 Sleeping for 5 seconds
Mon Dec 30 09:45:52 2019 GAUSS_SCRDIR=/scratch/bdw2292/Gau-ModifiedRes g09 ModifiedRes-sp-3-1-13-14-359.com has not terminated on node node35
Mon Dec 30 09:45:52 2019 GAUSS_SCRDIR=/scratch/bdw2292/Gau-ModifiedRes g09 ModifiedRes-sp-3-1-13-14-027.com has not terminated on node node36
Mon Dec 30 09:45:52 2019 GAUSS_SCRDIR=/scratch/bdw2292/Gau-ModifiedRes g09 ModifiedRes-sp-3-1-13-14-055.com has not terminated on node node37
Mon Dec 30 09:45:52 2019 GAUSS_SCRDIR=/scratch/bdw2292/Gau-ModifiedRes g09 ModifiedRes-sp-3-1-13-14-083.com has not terminated on node node38
Mon Dec 30 09:45:52 2019 GAUSS_SCRDIR=/scratch/bdw2292/Gau-ModifiedRes g09 ModifiedRes-sp-3-1-13-14-111.com has not terminated on node node40
Mon Dec 30 09:45:52 2019 GAUSS_SCRDIR=/scratch/bdw2292/Gau-ModifiedRes g09 ModifiedRes-sp-3-1-13-14-139.com has not terminated on node node42
Mon Dec 30 09:45:52 2019 GAUSS_SCRDIR=/scratch/bdw2292/Gau-ModifiedRes g09 ModifiedRes-sp-3-1-13-14-335.com has not terminated on node node43
Mon Dec 30 09:45:52 2019 GAUSS_SCRDIR=/scratch/bdw2292/Gau-ModifiedRes g09 ModifiedRes-sp-3-1-13-14-307.com has not terminated on node node44
Mon Dec 30 09:45:52 2019 GAUSS_SCRDIR=/scratch/bdw2292/Gau-ModifiedRes g09 ModifiedRes-sp-3-1-13-14-279.com has not terminated on node node45
Mon Dec 30 09:45:52 2019 GAUSS_SCRDIR=/scratch/bdw2292/Gau-ModifiedRes g09 ModifiedRes-sp-3-1-13-14-251.com has not terminated on node node46
Mon Dec 30 09:45:52 2019 GAUSS_SCRDIR=/scratch/bdw2292/Gau-ModifiedRes g09 ModifiedRes-sp-3-1-13-14-223.com has not terminated on node node47
Mon Dec 30 09:45:52 2019 GAUSS_SCRDIR=/scratch/bdw2292/Gau-ModifiedRes g09 ModifiedRes-sp-3-1-13-14-195.com has not terminated on node node48
Mon Dec 30 09:45:57 2019 Sleeping for 5 seconds
Mon Dec 30 09:45:57 2019 GAUSS_SCRDIR=/scratch/bdw2292/Gau-ModifiedRes g09 ModifiedRes-sp-3-1-13-14-359.com has not terminated on node node35
Mon Dec 30 09:45:57 2019 GAUSS_SCRDIR=/scratch/bdw2292/Gau-ModifiedRes g09 ModifiedRes-sp-3-1-13-14-027.com has not terminated on node node36
Mon Dec 30 09:45:57 2019 GAUSS_SCRDIR=/scratch/bdw2292/Gau-ModifiedRes g09 ModifiedRes-sp-3-1-13-14-055.com has not terminated on node node37
Mon Dec 30 09:45:57 2019 GAUSS_SCRDIR=/scratch/bdw2292/Gau-ModifiedRes g09 ModifiedRes-sp-3-1-13-14-083.com has not terminated on node node38
Mon Dec 30 09:45:57 2019 GAUSS_SCRDIR=/scratch/bdw2292/Gau-ModifiedRes g09 ModifiedRes-sp-3-1-13-14-111.com has not terminated on node node40
Mon Dec 30 09:45:57 2019 GAUSS_SCRDIR=/scratch/bdw2292/Gau-ModifiedRes g09 ModifiedRes-sp-3-1-13-14-139.com has not terminated on node node42
Mon Dec 30 09:45:57 2019 GAUSS_SCRDIR=/scratch/bdw2292/Gau-ModifiedRes g09 ModifiedRes-sp-3-1-13-14-335.com has not terminated on node node43
Mon Dec 30 09:45:57 2019 GAUSS_SCRDIR=/scratch/bdw2292/Gau-ModifiedRes g09 ModifiedRes-sp-3-1-13-14-307.com has not terminated on node node44
Mon Dec 30 09:45:57 2019 GAUSS_SCRDIR=/scratch/bdw2292/Gau-ModifiedRes g09 ModifiedRes-sp-3-1-13-14-279.com has not terminated on node node45
Mon Dec 30 09:45:57 2019 GAUSS_SCRDIR=/scratch/bdw2292/Gau-ModifiedRes g09 ModifiedRes-sp-3-1-13-14-251.com has not terminated on node node46
Mon Dec 30 09:45:57 2019 GAUSS_SCRDIR=/scratch/bdw2292/Gau-ModifiedRes g09 ModifiedRes-sp-3-1-13-14-223.com has not terminated on node node47
Mon Dec 30 09:45:57 2019 GAUSS_SCRDIR=/scratch/bdw2292/Gau-ModifiedRes g09 ModifiedRes-sp-3-1-13-14-195.com has not terminated on node node48
Mon Dec 30 09:46:02 2019 Sleeping for 5 seconds
Mon Dec 30 09:46:02 2019 GAUSS_SCRDIR=/scratch/bdw2292/Gau-ModifiedRes g09 ModifiedRes-sp-3-1-13-14-359.com has not terminated on node node35
Mon Dec 30 09:46:02 2019 GAUSS_SCRDIR=/scratch/bdw2292/Gau-ModifiedRes g09 ModifiedRes-sp-3-1-13-14-027.com has not terminated on node node36
Mon Dec 30 09:46:02 2019 GAUSS_SCRDIR=/scratch/bdw2292/Gau-ModifiedRes g09 ModifiedRes-sp-3-1-13-14-055.com has not terminated on node node37
Mon Dec 30 09:46:02 2019 GAUSS_SCRDIR=/scratch/bdw2292/Gau-ModifiedRes g09 ModifiedRes-sp-3-1-13-14-083.com has not terminated on node node38
Mon Dec 30 09:46:02 2019 GAUSS_SCRDIR=/scratch/bdw2292/Gau-ModifiedRes g09 ModifiedRes-sp-3-1-13-14-111.com has not terminated on node node40
Mon Dec 30 09:46:02 2019 GAUSS_SCRDIR=/scratch/bdw2292/Gau-ModifiedRes g09 ModifiedRes-sp-3-1-13-14-139.com has not terminated on node node42
Mon Dec 30 09:46:02 2019 GAUSS_SCRDIR=/scratch/bdw2292/Gau-ModifiedRes g09 ModifiedRes-sp-3-1-13-14-335.com has not terminated on node node43
Mon Dec 30 09:46:02 2019 GAUSS_SCRDIR=/scratch/bdw2292/Gau-ModifiedRes g09 ModifiedRes-sp-3-1-13-14-307.com has not terminated on node node44
Mon Dec 30 09:46:02 2019 GAUSS_SCRDIR=/scratch/bdw2292/Gau-ModifiedRes g09 ModifiedRes-sp-3-1-13-14-279.com has not terminated on node node45
Mon Dec 30 09:46:02 2019 GAUSS_SCRDIR=/scratch/bdw2292/Gau-ModifiedRes g09 ModifiedRes-sp-3-1-13-14-251.com has not terminated on node node46
Mon Dec 30 09:46:02 2019 GAUSS_SCRDIR=/scratch/bdw2292/Gau-ModifiedRes g09 ModifiedRes-sp-3-1-13-14-223.com has not terminated on node node47
Mon Dec 30 09:46:02 2019 GAUSS_SCRDIR=/scratch/bdw2292/Gau-ModifiedRes g09 ModifiedRes-sp-3-1-13-14-195.com has not terminated on node node48
Mon Dec 30 09:46:07 2019 Sleeping for 5 seconds
Mon Dec 30 09:46:07 2019 GAUSS_SCRDIR=/scratch/bdw2292/Gau-ModifiedRes g09 ModifiedRes-sp-3-1-13-14-359.com has not terminated on node node35
Mon Dec 30 09:46:07 2019 GAUSS_SCRDIR=/scratch/bdw2292/Gau-ModifiedRes g09 ModifiedRes-sp-3-1-13-14-027.com has not terminated on node node36
Mon Dec 30 09:46:07 2019 GAUSS_SCRDIR=/scratch/bdw2292/Gau-ModifiedRes g09 ModifiedRes-sp-3-1-13-14-055.com has not terminated on node node37
Mon Dec 30 09:46:07 2019 GAUSS_SCRDIR=/scratch/bdw2292/Gau-ModifiedRes g09 ModifiedRes-sp-3-1-13-14-083.com has not terminated on node node38
Mon Dec 30 09:46:07 2019 GAUSS_SCRDIR=/scratch/bdw2292/Gau-ModifiedRes g09 ModifiedRes-sp-3-1-13-14-111.com has not terminated on node node40
Mon Dec 30 09:46:07 2019 GAUSS_SCRDIR=/scratch/bdw2292/Gau-ModifiedRes g09 ModifiedRes-sp-3-1-13-14-139.com has not terminated on node node42
Mon Dec 30 09:46:07 2019 GAUSS_SCRDIR=/scratch/bdw2292/Gau-ModifiedRes g09 ModifiedRes-sp-3-1-13-14-335.com has not terminated on node node43
Mon Dec 30 09:46:07 2019 GAUSS_SCRDIR=/scratch/bdw2292/Gau-ModifiedRes g09 ModifiedRes-sp-3-1-13-14-307.com has not terminated on node node44
Mon Dec 30 09:46:07 2019 GAUSS_SCRDIR=/scratch/bdw2292/Gau-ModifiedRes g09 ModifiedRes-sp-3-1-13-14-279.com has not terminated on node node45
Mon Dec 30 09:46:07 2019 GAUSS_SCRDIR=/scratch/bdw2292/Gau-ModifiedRes g09 ModifiedRes-sp-3-1-13-14-251.com has not terminated on node node46
Mon Dec 30 09:46:07 2019 GAUSS_SCRDIR=/scratch/bdw2292/Gau-ModifiedRes g09 ModifiedRes-sp-3-1-13-14-223.com has not terminated on node node47
Mon Dec 30 09:46:07 2019 GAUSS_SCRDIR=/scratch/bdw2292/Gau-ModifiedRes g09 ModifiedRes-sp-3-1-13-14-195.com has not terminated on node node48
Mon Dec 30 09:46:12 2019 Sleeping for 5 seconds
Mon Dec 30 09:46:12 2019 GAUSS_SCRDIR=/scratch/bdw2292/Gau-ModifiedRes g09 ModifiedRes-sp-3-1-13-14-359.com has not terminated on node node35
Mon Dec 30 09:46:12 2019 GAUSS_SCRDIR=/scratch/bdw2292/Gau-ModifiedRes g09 ModifiedRes-sp-3-1-13-14-027.com has not terminated on node node36
Mon Dec 30 09:46:12 2019 GAUSS_SCRDIR=/scratch/bdw2292/Gau-ModifiedRes g09 ModifiedRes-sp-3-1-13-14-055.com has not terminated on node node37
Mon Dec 30 09:46:12 2019 GAUSS_SCRDIR=/scratch/bdw2292/Gau-ModifiedRes g09 ModifiedRes-sp-3-1-13-14-083.com has not terminated on node node38
Mon Dec 30 09:46:12 2019 GAUSS_SCRDIR=/scratch/bdw2292/Gau-ModifiedRes g09 ModifiedRes-sp-3-1-13-14-111.com has not terminated on node node40
Mon Dec 30 09:46:12 2019 GAUSS_SCRDIR=/scratch/bdw2292/Gau-ModifiedRes g09 ModifiedRes-sp-3-1-13-14-139.com has not terminated on node node42
Mon Dec 30 09:46:12 2019 GAUSS_SCRDIR=/scratch/bdw2292/Gau-ModifiedRes g09 ModifiedRes-sp-3-1-13-14-335.com has not terminated on node node43
Mon Dec 30 09:46:12 2019 GAUSS_SCRDIR=/scratch/bdw2292/Gau-ModifiedRes g09 ModifiedRes-sp-3-1-13-14-307.com has not terminated on node node44
Mon Dec 30 09:46:12 2019 GAUSS_SCRDIR=/scratch/bdw2292/Gau-ModifiedRes g09 ModifiedRes-sp-3-1-13-14-279.com has not terminated on node node45
Mon Dec 30 09:46:12 2019 GAUSS_SCRDIR=/scratch/bdw2292/Gau-ModifiedRes g09 ModifiedRes-sp-3-1-13-14-251.com has not terminated on node node46
Mon Dec 30 09:46:12 2019 GAUSS_SCRDIR=/scratch/bdw2292/Gau-ModifiedRes g09 ModifiedRes-sp-3-1-13-14-223.com has not terminated on node node47
Mon Dec 30 09:46:12 2019 GAUSS_SCRDIR=/scratch/bdw2292/Gau-ModifiedRes g09 ModifiedRes-sp-3-1-13-14-195.com has not terminated on node node48
Mon Dec 30 09:46:17 2019 Sleeping for 5 seconds
Mon Dec 30 09:46:17 2019 GAUSS_SCRDIR=/scratch/bdw2292/Gau-ModifiedRes g09 ModifiedRes-sp-3-1-13-14-359.com has not terminated on node node35
Mon Dec 30 09:46:17 2019 GAUSS_SCRDIR=/scratch/bdw2292/Gau-ModifiedRes g09 ModifiedRes-sp-3-1-13-14-027.com has not terminated on node node36
Mon Dec 30 09:46:17 2019 GAUSS_SCRDIR=/scratch/bdw2292/Gau-ModifiedRes g09 ModifiedRes-sp-3-1-13-14-055.com has not terminated on node node37
Mon Dec 30 09:46:17 2019 GAUSS_SCRDIR=/scratch/bdw2292/Gau-ModifiedRes g09 ModifiedRes-sp-3-1-13-14-083.com has not terminated on node node38
Mon Dec 30 09:46:17 2019 GAUSS_SCRDIR=/scratch/bdw2292/Gau-ModifiedRes g09 ModifiedRes-sp-3-1-13-14-111.com has not terminated on node node40
Mon Dec 30 09:46:17 2019 GAUSS_SCRDIR=/scratch/bdw2292/Gau-ModifiedRes g09 ModifiedRes-sp-3-1-13-14-139.com has not terminated on node node42
Mon Dec 30 09:46:17 2019 GAUSS_SCRDIR=/scratch/bdw2292/Gau-ModifiedRes g09 ModifiedRes-sp-3-1-13-14-335.com has not terminated on node node43
Mon Dec 30 09:46:17 2019 GAUSS_SCRDIR=/scratch/bdw2292/Gau-ModifiedRes g09 ModifiedRes-sp-3-1-13-14-307.com has not terminated on node node44
Mon Dec 30 09:46:17 2019 GAUSS_SCRDIR=/scratch/bdw2292/Gau-ModifiedRes g09 ModifiedRes-sp-3-1-13-14-279.com has not terminated on node node45
Mon Dec 30 09:46:17 2019 GAUSS_SCRDIR=/scratch/bdw2292/Gau-ModifiedRes g09 ModifiedRes-sp-3-1-13-14-251.com has not terminated on node node46
Mon Dec 30 09:46:17 2019 GAUSS_SCRDIR=/scratch/bdw2292/Gau-ModifiedRes g09 ModifiedRes-sp-3-1-13-14-223.com has not terminated on node node47
Mon Dec 30 09:46:17 2019 GAUSS_SCRDIR=/scratch/bdw2292/Gau-ModifiedRes g09 ModifiedRes-sp-3-1-13-14-195.com has not terminated on node node48
Mon Dec 30 09:46:22 2019 Sleeping for 5 seconds
Mon Dec 30 09:46:22 2019 GAUSS_SCRDIR=/scratch/bdw2292/Gau-ModifiedRes g09 ModifiedRes-sp-3-1-13-14-359.com has not terminated on node node35
Mon Dec 30 09:46:22 2019 GAUSS_SCRDIR=/scratch/bdw2292/Gau-ModifiedRes g09 ModifiedRes-sp-3-1-13-14-027.com has not terminated on node node36
Mon Dec 30 09:46:22 2019 GAUSS_SCRDIR=/scratch/bdw2292/Gau-ModifiedRes g09 ModifiedRes-sp-3-1-13-14-055.com has not terminated on node node37
Mon Dec 30 09:46:22 2019 GAUSS_SCRDIR=/scratch/bdw2292/Gau-ModifiedRes g09 ModifiedRes-sp-3-1-13-14-083.com has not terminated on node node38
Mon Dec 30 09:46:22 2019 GAUSS_SCRDIR=/scratch/bdw2292/Gau-ModifiedRes g09 ModifiedRes-sp-3-1-13-14-111.com has not terminated on node node40
Mon Dec 30 09:46:22 2019 GAUSS_SCRDIR=/scratch/bdw2292/Gau-ModifiedRes g09 ModifiedRes-sp-3-1-13-14-139.com has not terminated on node node42
Mon Dec 30 09:46:22 2019 GAUSS_SCRDIR=/scratch/bdw2292/Gau-ModifiedRes g09 ModifiedRes-sp-3-1-13-14-335.com has not terminated on node node43
Mon Dec 30 09:46:22 2019 GAUSS_SCRDIR=/scratch/bdw2292/Gau-ModifiedRes g09 ModifiedRes-sp-3-1-13-14-307.com has not terminated on node node44
Mon Dec 30 09:46:22 2019 GAUSS_SCRDIR=/scratch/bdw2292/Gau-ModifiedRes g09 ModifiedRes-sp-3-1-13-14-279.com has not terminated on node node45
Mon Dec 30 09:46:22 2019 GAUSS_SCRDIR=/scratch/bdw2292/Gau-ModifiedRes g09 ModifiedRes-sp-3-1-13-14-251.com has not terminated on node node46
Mon Dec 30 09:46:22 2019 GAUSS_SCRDIR=/scratch/bdw2292/Gau-ModifiedRes g09 ModifiedRes-sp-3-1-13-14-223.com has not terminated on node node47
Mon Dec 30 09:46:22 2019 GAUSS_SCRDIR=/scratch/bdw2292/Gau-ModifiedRes g09 ModifiedRes-sp-3-1-13-14-195.com has not terminated on node node48
Mon Dec 30 09:46:27 2019 Sleeping for 5 seconds
Mon Dec 30 09:46:27 2019 GAUSS_SCRDIR=/scratch/bdw2292/Gau-ModifiedRes g09 ModifiedRes-sp-3-1-13-14-359.com has not terminated on node node35
Mon Dec 30 09:46:27 2019 GAUSS_SCRDIR=/scratch/bdw2292/Gau-ModifiedRes g09 ModifiedRes-sp-3-1-13-14-027.com has not terminated on node node36
Mon Dec 30 09:46:27 2019 GAUSS_SCRDIR=/scratch/bdw2292/Gau-ModifiedRes g09 ModifiedRes-sp-3-1-13-14-055.com has not terminated on node node37
Mon Dec 30 09:46:27 2019 GAUSS_SCRDIR=/scratch/bdw2292/Gau-ModifiedRes g09 ModifiedRes-sp-3-1-13-14-083.com has not terminated on node node38
Mon Dec 30 09:46:27 2019 GAUSS_SCRDIR=/scratch/bdw2292/Gau-ModifiedRes g09 ModifiedRes-sp-3-1-13-14-111.com has not terminated on node node40
Mon Dec 30 09:46:27 2019 GAUSS_SCRDIR=/scratch/bdw2292/Gau-ModifiedRes g09 ModifiedRes-sp-3-1-13-14-139.com has not terminated on node node42
Mon Dec 30 09:46:27 2019 GAUSS_SCRDIR=/scratch/bdw2292/Gau-ModifiedRes g09 ModifiedRes-sp-3-1-13-14-335.com has not terminated on node node43
Mon Dec 30 09:46:27 2019 GAUSS_SCRDIR=/scratch/bdw2292/Gau-ModifiedRes g09 ModifiedRes-sp-3-1-13-14-307.com has not terminated on node node44
Mon Dec 30 09:46:27 2019 GAUSS_SCRDIR=/scratch/bdw2292/Gau-ModifiedRes g09 ModifiedRes-sp-3-1-13-14-279.com has not terminated on node node45
Mon Dec 30 09:46:27 2019 GAUSS_SCRDIR=/scratch/bdw2292/Gau-ModifiedRes g09 ModifiedRes-sp-3-1-13-14-251.com has not terminated on node node46
Mon Dec 30 09:46:27 2019 GAUSS_SCRDIR=/scratch/bdw2292/Gau-ModifiedRes g09 ModifiedRes-sp-3-1-13-14-223.com has not terminated on node node47
Mon Dec 30 09:46:27 2019 GAUSS_SCRDIR=/scratch/bdw2292/Gau-ModifiedRes g09 ModifiedRes-sp-3-1-13-14-195.com has not terminated on node node48
Mon Dec 30 09:46:32 2019 Sleeping for 5 seconds
Mon Dec 30 09:46:32 2019 GAUSS_SCRDIR=/scratch/bdw2292/Gau-ModifiedRes g09 ModifiedRes-sp-3-1-13-14-359.com has not terminated on node node35
Mon Dec 30 09:46:32 2019 GAUSS_SCRDIR=/scratch/bdw2292/Gau-ModifiedRes g09 ModifiedRes-sp-3-1-13-14-027.com has not terminated on node node36
Mon Dec 30 09:46:32 2019 GAUSS_SCRDIR=/scratch/bdw2292/Gau-ModifiedRes g09 ModifiedRes-sp-3-1-13-14-055.com has not terminated on node node37
Mon Dec 30 09:46:32 2019 GAUSS_SCRDIR=/scratch/bdw2292/Gau-ModifiedRes g09 ModifiedRes-sp-3-1-13-14-083.com has not terminated on node node38
Mon Dec 30 09:46:32 2019 GAUSS_SCRDIR=/scratch/bdw2292/Gau-ModifiedRes g09 ModifiedRes-sp-3-1-13-14-111.com has not terminated on node node40
Mon Dec 30 09:46:32 2019 GAUSS_SCRDIR=/scratch/bdw2292/Gau-ModifiedRes g09 ModifiedRes-sp-3-1-13-14-139.com has not terminated on node node42
Mon Dec 30 09:46:32 2019 GAUSS_SCRDIR=/scratch/bdw2292/Gau-ModifiedRes g09 ModifiedRes-sp-3-1-13-14-335.com has not terminated on node node43
Mon Dec 30 09:46:32 2019 GAUSS_SCRDIR=/scratch/bdw2292/Gau-ModifiedRes g09 ModifiedRes-sp-3-1-13-14-307.com has not terminated on node node44
Mon Dec 30 09:46:32 2019 GAUSS_SCRDIR=/scratch/bdw2292/Gau-ModifiedRes g09 ModifiedRes-sp-3-1-13-14-279.com has not terminated on node node45
Mon Dec 30 09:46:32 2019 GAUSS_SCRDIR=/scratch/bdw2292/Gau-ModifiedRes g09 ModifiedRes-sp-3-1-13-14-251.com has not terminated on node node46
Mon Dec 30 09:46:32 2019 GAUSS_SCRDIR=/scratch/bdw2292/Gau-ModifiedRes g09 ModifiedRes-sp-3-1-13-14-223.com has not terminated on node node47
Mon Dec 30 09:46:32 2019 GAUSS_SCRDIR=/scratch/bdw2292/Gau-ModifiedRes g09 ModifiedRes-sp-3-1-13-14-195.com has not terminated on node node48
Mon Dec 30 09:46:37 2019 Sleeping for 5 seconds
Mon Dec 30 09:46:37 2019 GAUSS_SCRDIR=/scratch/bdw2292/Gau-ModifiedRes g09 ModifiedRes-sp-3-1-13-14-359.com has not terminated on node node35
Mon Dec 30 09:46:37 2019 GAUSS_SCRDIR=/scratch/bdw2292/Gau-ModifiedRes g09 ModifiedRes-sp-3-1-13-14-027.com has not terminated on node node36
Mon Dec 30 09:46:37 2019 GAUSS_SCRDIR=/scratch/bdw2292/Gau-ModifiedRes g09 ModifiedRes-sp-3-1-13-14-055.com has not terminated on node node37
Mon Dec 30 09:46:37 2019 GAUSS_SCRDIR=/scratch/bdw2292/Gau-ModifiedRes g09 ModifiedRes-sp-3-1-13-14-083.com has not terminated on node node38
Mon Dec 30 09:46:37 2019 GAUSS_SCRDIR=/scratch/bdw2292/Gau-ModifiedRes g09 ModifiedRes-sp-3-1-13-14-111.com has not terminated on node node40
Mon Dec 30 09:46:37 2019 GAUSS_SCRDIR=/scratch/bdw2292/Gau-ModifiedRes g09 ModifiedRes-sp-3-1-13-14-139.com has not terminated on node node42
Mon Dec 30 09:46:37 2019 GAUSS_SCRDIR=/scratch/bdw2292/Gau-ModifiedRes g09 ModifiedRes-sp-3-1-13-14-335.com has not terminated on node node43
Mon Dec 30 09:46:37 2019 GAUSS_SCRDIR=/scratch/bdw2292/Gau-ModifiedRes g09 ModifiedRes-sp-3-1-13-14-307.com has not terminated on node node44
Mon Dec 30 09:46:37 2019 GAUSS_SCRDIR=/scratch/bdw2292/Gau-ModifiedRes g09 ModifiedRes-sp-3-1-13-14-279.com has not terminated on node node45
Mon Dec 30 09:46:37 2019 GAUSS_SCRDIR=/scratch/bdw2292/Gau-ModifiedRes g09 ModifiedRes-sp-3-1-13-14-251.com has not terminated on node node46
Mon Dec 30 09:46:37 2019 GAUSS_SCRDIR=/scratch/bdw2292/Gau-ModifiedRes g09 ModifiedRes-sp-3-1-13-14-223.com has not terminated on node node47
Mon Dec 30 09:46:37 2019 GAUSS_SCRDIR=/scratch/bdw2292/Gau-ModifiedRes g09 ModifiedRes-sp-3-1-13-14-195.com has not terminated on node node48
Mon Dec 30 09:46:42 2019 Sleeping for 5 seconds
Mon Dec 30 09:46:42 2019 GAUSS_SCRDIR=/scratch/bdw2292/Gau-ModifiedRes g09 ModifiedRes-sp-3-1-13-14-359.com has not terminated on node node35
Mon Dec 30 09:46:42 2019 GAUSS_SCRDIR=/scratch/bdw2292/Gau-ModifiedRes g09 ModifiedRes-sp-3-1-13-14-027.com has not terminated on node node36
Mon Dec 30 09:46:42 2019 GAUSS_SCRDIR=/scratch/bdw2292/Gau-ModifiedRes g09 ModifiedRes-sp-3-1-13-14-055.com has not terminated on node node37
Mon Dec 30 09:46:42 2019 GAUSS_SCRDIR=/scratch/bdw2292/Gau-ModifiedRes g09 ModifiedRes-sp-3-1-13-14-083.com has not terminated on node node38
Mon Dec 30 09:46:42 2019 GAUSS_SCRDIR=/scratch/bdw2292/Gau-ModifiedRes g09 ModifiedRes-sp-3-1-13-14-111.com has not terminated on node node40
Mon Dec 30 09:46:42 2019 GAUSS_SCRDIR=/scratch/bdw2292/Gau-ModifiedRes g09 ModifiedRes-sp-3-1-13-14-139.com has not terminated on node node42
Mon Dec 30 09:46:42 2019 GAUSS_SCRDIR=/scratch/bdw2292/Gau-ModifiedRes g09 ModifiedRes-sp-3-1-13-14-335.com has not terminated on node node43
Mon Dec 30 09:46:42 2019 GAUSS_SCRDIR=/scratch/bdw2292/Gau-ModifiedRes g09 ModifiedRes-sp-3-1-13-14-307.com has not terminated on node node44
Mon Dec 30 09:46:42 2019 GAUSS_SCRDIR=/scratch/bdw2292/Gau-ModifiedRes g09 ModifiedRes-sp-3-1-13-14-279.com has not terminated on node node45
Mon Dec 30 09:46:42 2019 GAUSS_SCRDIR=/scratch/bdw2292/Gau-ModifiedRes g09 ModifiedRes-sp-3-1-13-14-251.com has not terminated on node node46
Mon Dec 30 09:46:42 2019 GAUSS_SCRDIR=/scratch/bdw2292/Gau-ModifiedRes g09 ModifiedRes-sp-3-1-13-14-223.com has not terminated on node node47
Mon Dec 30 09:46:42 2019 GAUSS_SCRDIR=/scratch/bdw2292/Gau-ModifiedRes g09 ModifiedRes-sp-3-1-13-14-195.com has not terminated on node node48
Mon Dec 30 09:46:47 2019 Sleeping for 5 seconds
Mon Dec 30 09:46:47 2019 GAUSS_SCRDIR=/scratch/bdw2292/Gau-ModifiedRes g09 ModifiedRes-sp-3-1-13-14-359.com has not terminated on node node35
Mon Dec 30 09:46:47 2019 GAUSS_SCRDIR=/scratch/bdw2292/Gau-ModifiedRes g09 ModifiedRes-sp-3-1-13-14-027.com has not terminated on node node36
Mon Dec 30 09:46:47 2019 GAUSS_SCRDIR=/scratch/bdw2292/Gau-ModifiedRes g09 ModifiedRes-sp-3-1-13-14-055.com has not terminated on node node37
Mon Dec 30 09:46:47 2019 GAUSS_SCRDIR=/scratch/bdw2292/Gau-ModifiedRes g09 ModifiedRes-sp-3-1-13-14-083.com has not terminated on node node38
Mon Dec 30 09:46:47 2019 GAUSS_SCRDIR=/scratch/bdw2292/Gau-ModifiedRes g09 ModifiedRes-sp-3-1-13-14-111.com has not terminated on node node40
Mon Dec 30 09:46:47 2019 GAUSS_SCRDIR=/scratch/bdw2292/Gau-ModifiedRes g09 ModifiedRes-sp-3-1-13-14-139.com has not terminated on node node42
Mon Dec 30 09:46:47 2019 GAUSS_SCRDIR=/scratch/bdw2292/Gau-ModifiedRes g09 ModifiedRes-sp-3-1-13-14-335.com has not terminated on node node43
Mon Dec 30 09:46:47 2019 GAUSS_SCRDIR=/scratch/bdw2292/Gau-ModifiedRes g09 ModifiedRes-sp-3-1-13-14-307.com has not terminated on node node44
Mon Dec 30 09:46:47 2019 GAUSS_SCRDIR=/scratch/bdw2292/Gau-ModifiedRes g09 ModifiedRes-sp-3-1-13-14-279.com has not terminated on node node45
Mon Dec 30 09:46:47 2019 GAUSS_SCRDIR=/scratch/bdw2292/Gau-ModifiedRes g09 ModifiedRes-sp-3-1-13-14-251.com has not terminated on node node46
Mon Dec 30 09:46:47 2019 GAUSS_SCRDIR=/scratch/bdw2292/Gau-ModifiedRes g09 ModifiedRes-sp-3-1-13-14-223.com has not terminated on node node47
Mon Dec 30 09:46:47 2019 GAUSS_SCRDIR=/scratch/bdw2292/Gau-ModifiedRes g09 ModifiedRes-sp-3-1-13-14-195.com has not terminated on node node48
Mon Dec 30 09:46:52 2019 Sleeping for 5 seconds
Mon Dec 30 09:46:52 2019 GAUSS_SCRDIR=/scratch/bdw2292/Gau-ModifiedRes g09 ModifiedRes-sp-3-1-13-14-359.com has not terminated on node node35
Mon Dec 30 09:46:52 2019 GAUSS_SCRDIR=/scratch/bdw2292/Gau-ModifiedRes g09 ModifiedRes-sp-3-1-13-14-027.com has not terminated on node node36
Mon Dec 30 09:46:52 2019 GAUSS_SCRDIR=/scratch/bdw2292/Gau-ModifiedRes g09 ModifiedRes-sp-3-1-13-14-055.com has not terminated on node node37
Mon Dec 30 09:46:52 2019 GAUSS_SCRDIR=/scratch/bdw2292/Gau-ModifiedRes g09 ModifiedRes-sp-3-1-13-14-083.com has not terminated on node node38
Mon Dec 30 09:46:52 2019 GAUSS_SCRDIR=/scratch/bdw2292/Gau-ModifiedRes g09 ModifiedRes-sp-3-1-13-14-111.com has not terminated on node node40
Mon Dec 30 09:46:52 2019 GAUSS_SCRDIR=/scratch/bdw2292/Gau-ModifiedRes g09 ModifiedRes-sp-3-1-13-14-139.com has not terminated on node node42
Mon Dec 30 09:46:52 2019 GAUSS_SCRDIR=/scratch/bdw2292/Gau-ModifiedRes g09 ModifiedRes-sp-3-1-13-14-335.com has not terminated on node node43
Mon Dec 30 09:46:52 2019 GAUSS_SCRDIR=/scratch/bdw2292/Gau-ModifiedRes g09 ModifiedRes-sp-3-1-13-14-307.com has not terminated on node node44
Mon Dec 30 09:46:52 2019 GAUSS_SCRDIR=/scratch/bdw2292/Gau-ModifiedRes g09 ModifiedRes-sp-3-1-13-14-279.com has not terminated on node node45
Mon Dec 30 09:46:52 2019 GAUSS_SCRDIR=/scratch/bdw2292/Gau-ModifiedRes g09 ModifiedRes-sp-3-1-13-14-251.com has not terminated on node node46
Mon Dec 30 09:46:52 2019 GAUSS_SCRDIR=/scratch/bdw2292/Gau-ModifiedRes g09 ModifiedRes-sp-3-1-13-14-223.com has not terminated on node node47
Mon Dec 30 09:46:52 2019 GAUSS_SCRDIR=/scratch/bdw2292/Gau-ModifiedRes g09 ModifiedRes-sp-3-1-13-14-195.com has not terminated on node node48
Mon Dec 30 09:46:57 2019 Sleeping for 5 seconds
Mon Dec 30 09:46:57 2019 GAUSS_SCRDIR=/scratch/bdw2292/Gau-ModifiedRes g09 ModifiedRes-sp-3-1-13-14-359.com has not terminated on node node35
Mon Dec 30 09:46:57 2019 GAUSS_SCRDIR=/scratch/bdw2292/Gau-ModifiedRes g09 ModifiedRes-sp-3-1-13-14-027.com has not terminated on node node36
Mon Dec 30 09:46:57 2019 GAUSS_SCRDIR=/scratch/bdw2292/Gau-ModifiedRes g09 ModifiedRes-sp-3-1-13-14-055.com has not terminated on node node37
Mon Dec 30 09:46:57 2019 GAUSS_SCRDIR=/scratch/bdw2292/Gau-ModifiedRes g09 ModifiedRes-sp-3-1-13-14-083.com has not terminated on node node38
Mon Dec 30 09:46:57 2019 GAUSS_SCRDIR=/scratch/bdw2292/Gau-ModifiedRes g09 ModifiedRes-sp-3-1-13-14-111.com has not terminated on node node40
Mon Dec 30 09:46:57 2019 GAUSS_SCRDIR=/scratch/bdw2292/Gau-ModifiedRes g09 ModifiedRes-sp-3-1-13-14-139.com has not terminated on node node42
Mon Dec 30 09:46:57 2019 GAUSS_SCRDIR=/scratch/bdw2292/Gau-ModifiedRes g09 ModifiedRes-sp-3-1-13-14-335.com has not terminated on node node43
Mon Dec 30 09:46:57 2019 GAUSS_SCRDIR=/scratch/bdw2292/Gau-ModifiedRes g09 ModifiedRes-sp-3-1-13-14-307.com has not terminated on node node44
Mon Dec 30 09:46:57 2019 GAUSS_SCRDIR=/scratch/bdw2292/Gau-ModifiedRes g09 ModifiedRes-sp-3-1-13-14-279.com has not terminated on node node45
Mon Dec 30 09:46:57 2019 GAUSS_SCRDIR=/scratch/bdw2292/Gau-ModifiedRes g09 ModifiedRes-sp-3-1-13-14-251.com has not terminated on node node46
Mon Dec 30 09:46:57 2019 GAUSS_SCRDIR=/scratch/bdw2292/Gau-ModifiedRes g09 ModifiedRes-sp-3-1-13-14-223.com has not terminated on node node47
Mon Dec 30 09:46:57 2019 GAUSS_SCRDIR=/scratch/bdw2292/Gau-ModifiedRes g09 ModifiedRes-sp-3-1-13-14-195.com has not terminated on node node48
Mon Dec 30 09:47:02 2019 Sleeping for 5 seconds
Mon Dec 30 09:47:02 2019 GAUSS_SCRDIR=/scratch/bdw2292/Gau-ModifiedRes g09 ModifiedRes-sp-3-1-13-14-359.com has not terminated on node node35
Mon Dec 30 09:47:02 2019 GAUSS_SCRDIR=/scratch/bdw2292/Gau-ModifiedRes g09 ModifiedRes-sp-3-1-13-14-027.com has not terminated on node node36
Mon Dec 30 09:47:02 2019 GAUSS_SCRDIR=/scratch/bdw2292/Gau-ModifiedRes g09 ModifiedRes-sp-3-1-13-14-055.com has not terminated on node node37
Mon Dec 30 09:47:02 2019 GAUSS_SCRDIR=/scratch/bdw2292/Gau-ModifiedRes g09 ModifiedRes-sp-3-1-13-14-083.com has not terminated on node node38
Mon Dec 30 09:47:02 2019 GAUSS_SCRDIR=/scratch/bdw2292/Gau-ModifiedRes g09 ModifiedRes-sp-3-1-13-14-111.com has not terminated on node node40
Mon Dec 30 09:47:02 2019 GAUSS_SCRDIR=/scratch/bdw2292/Gau-ModifiedRes g09 ModifiedRes-sp-3-1-13-14-139.com has not terminated on node node42
Mon Dec 30 09:47:02 2019 GAUSS_SCRDIR=/scratch/bdw2292/Gau-ModifiedRes g09 ModifiedRes-sp-3-1-13-14-335.com has not terminated on node node43
Mon Dec 30 09:47:02 2019 GAUSS_SCRDIR=/scratch/bdw2292/Gau-ModifiedRes g09 ModifiedRes-sp-3-1-13-14-307.com has not terminated on node node44
Mon Dec 30 09:47:02 2019 GAUSS_SCRDIR=/scratch/bdw2292/Gau-ModifiedRes g09 ModifiedRes-sp-3-1-13-14-279.com has not terminated on node node45
Mon Dec 30 09:47:02 2019 GAUSS_SCRDIR=/scratch/bdw2292/Gau-ModifiedRes g09 ModifiedRes-sp-3-1-13-14-251.com has not terminated on node node46
Mon Dec 30 09:47:02 2019 GAUSS_SCRDIR=/scratch/bdw2292/Gau-ModifiedRes g09 ModifiedRes-sp-3-1-13-14-223.com has not terminated on node node47
Mon Dec 30 09:47:02 2019 GAUSS_SCRDIR=/scratch/bdw2292/Gau-ModifiedRes g09 ModifiedRes-sp-3-1-13-14-195.com has not terminated on node node48
Mon Dec 30 09:47:07 2019 Sleeping for 5 seconds
Mon Dec 30 09:47:07 2019 GAUSS_SCRDIR=/scratch/bdw2292/Gau-ModifiedRes g09 ModifiedRes-sp-3-1-13-14-359.com has not terminated on node node35
Mon Dec 30 09:47:07 2019 GAUSS_SCRDIR=/scratch/bdw2292/Gau-ModifiedRes g09 ModifiedRes-sp-3-1-13-14-027.com has not terminated on node node36
Mon Dec 30 09:47:07 2019 GAUSS_SCRDIR=/scratch/bdw2292/Gau-ModifiedRes g09 ModifiedRes-sp-3-1-13-14-055.com has not terminated on node node37
Mon Dec 30 09:47:07 2019 GAUSS_SCRDIR=/scratch/bdw2292/Gau-ModifiedRes g09 ModifiedRes-sp-3-1-13-14-083.com has not terminated on node node38
Mon Dec 30 09:47:07 2019 GAUSS_SCRDIR=/scratch/bdw2292/Gau-ModifiedRes g09 ModifiedRes-sp-3-1-13-14-111.com has not terminated on node node40
Mon Dec 30 09:47:07 2019 GAUSS_SCRDIR=/scratch/bdw2292/Gau-ModifiedRes g09 ModifiedRes-sp-3-1-13-14-139.com has not terminated on node node42
Mon Dec 30 09:47:07 2019 GAUSS_SCRDIR=/scratch/bdw2292/Gau-ModifiedRes g09 ModifiedRes-sp-3-1-13-14-335.com has not terminated on node node43
Mon Dec 30 09:47:07 2019 GAUSS_SCRDIR=/scratch/bdw2292/Gau-ModifiedRes g09 ModifiedRes-sp-3-1-13-14-307.com has not terminated on node node44
Mon Dec 30 09:47:07 2019 GAUSS_SCRDIR=/scratch/bdw2292/Gau-ModifiedRes g09 ModifiedRes-sp-3-1-13-14-279.com has not terminated on node node45
Mon Dec 30 09:47:07 2019 GAUSS_SCRDIR=/scratch/bdw2292/Gau-ModifiedRes g09 ModifiedRes-sp-3-1-13-14-251.com has not terminated on node node46
Mon Dec 30 09:47:07 2019 GAUSS_SCRDIR=/scratch/bdw2292/Gau-ModifiedRes g09 ModifiedRes-sp-3-1-13-14-223.com has not terminated on node node47
Mon Dec 30 09:47:07 2019 GAUSS_SCRDIR=/scratch/bdw2292/Gau-ModifiedRes g09 ModifiedRes-sp-3-1-13-14-195.com has not terminated on node node48
Mon Dec 30 09:47:12 2019 Sleeping for 5 seconds
Mon Dec 30 09:47:12 2019 GAUSS_SCRDIR=/scratch/bdw2292/Gau-ModifiedRes g09 ModifiedRes-sp-3-1-13-14-359.com has not terminated on node node35
Mon Dec 30 09:47:12 2019 GAUSS_SCRDIR=/scratch/bdw2292/Gau-ModifiedRes g09 ModifiedRes-sp-3-1-13-14-027.com has not terminated on node node36
Mon Dec 30 09:47:12 2019 GAUSS_SCRDIR=/scratch/bdw2292/Gau-ModifiedRes g09 ModifiedRes-sp-3-1-13-14-055.com has not terminated on node node37
Mon Dec 30 09:47:12 2019 GAUSS_SCRDIR=/scratch/bdw2292/Gau-ModifiedRes g09 ModifiedRes-sp-3-1-13-14-083.com has not terminated on node node38
Mon Dec 30 09:47:12 2019 GAUSS_SCRDIR=/scratch/bdw2292/Gau-ModifiedRes g09 ModifiedRes-sp-3-1-13-14-111.com has not terminated on node node40
Mon Dec 30 09:47:12 2019 GAUSS_SCRDIR=/scratch/bdw2292/Gau-ModifiedRes g09 ModifiedRes-sp-3-1-13-14-139.com has not terminated on node node42
Mon Dec 30 09:47:12 2019 GAUSS_SCRDIR=/scratch/bdw2292/Gau-ModifiedRes g09 ModifiedRes-sp-3-1-13-14-335.com has not terminated on node node43
Mon Dec 30 09:47:12 2019 GAUSS_SCRDIR=/scratch/bdw2292/Gau-ModifiedRes g09 ModifiedRes-sp-3-1-13-14-307.com has not terminated on node node44
Mon Dec 30 09:47:12 2019 GAUSS_SCRDIR=/scratch/bdw2292/Gau-ModifiedRes g09 ModifiedRes-sp-3-1-13-14-279.com has not terminated on node node45
Mon Dec 30 09:47:12 2019 GAUSS_SCRDIR=/scratch/bdw2292/Gau-ModifiedRes g09 ModifiedRes-sp-3-1-13-14-251.com has not terminated on node node46
Mon Dec 30 09:47:12 2019 GAUSS_SCRDIR=/scratch/bdw2292/Gau-ModifiedRes g09 ModifiedRes-sp-3-1-13-14-223.com has not terminated on node node47
Mon Dec 30 09:47:12 2019 GAUSS_SCRDIR=/scratch/bdw2292/Gau-ModifiedRes g09 ModifiedRes-sp-3-1-13-14-195.com has not terminated on node node48
Mon Dec 30 09:47:17 2019 Sleeping for 5 seconds
Mon Dec 30 09:47:17 2019 GAUSS_SCRDIR=/scratch/bdw2292/Gau-ModifiedRes g09 ModifiedRes-sp-3-1-13-14-359.com has not terminated on node node35
Mon Dec 30 09:47:17 2019 GAUSS_SCRDIR=/scratch/bdw2292/Gau-ModifiedRes g09 ModifiedRes-sp-3-1-13-14-027.com has not terminated on node node36
Mon Dec 30 09:47:17 2019 GAUSS_SCRDIR=/scratch/bdw2292/Gau-ModifiedRes g09 ModifiedRes-sp-3-1-13-14-055.com has not terminated on node node37
Mon Dec 30 09:47:17 2019 GAUSS_SCRDIR=/scratch/bdw2292/Gau-ModifiedRes g09 ModifiedRes-sp-3-1-13-14-083.com has not terminated on node node38
Mon Dec 30 09:47:17 2019 GAUSS_SCRDIR=/scratch/bdw2292/Gau-ModifiedRes g09 ModifiedRes-sp-3-1-13-14-111.com has not terminated on node node40
Mon Dec 30 09:47:17 2019 GAUSS_SCRDIR=/scratch/bdw2292/Gau-ModifiedRes g09 ModifiedRes-sp-3-1-13-14-139.com has not terminated on node node42
Mon Dec 30 09:47:17 2019 GAUSS_SCRDIR=/scratch/bdw2292/Gau-ModifiedRes g09 ModifiedRes-sp-3-1-13-14-335.com has not terminated on node node43
Mon Dec 30 09:47:17 2019 GAUSS_SCRDIR=/scratch/bdw2292/Gau-ModifiedRes g09 ModifiedRes-sp-3-1-13-14-307.com has not terminated on node node44
Mon Dec 30 09:47:17 2019 GAUSS_SCRDIR=/scratch/bdw2292/Gau-ModifiedRes g09 ModifiedRes-sp-3-1-13-14-279.com has not terminated on node node45
Mon Dec 30 09:47:17 2019 GAUSS_SCRDIR=/scratch/bdw2292/Gau-ModifiedRes g09 ModifiedRes-sp-3-1-13-14-251.com has not terminated on node node46
Mon Dec 30 09:47:17 2019 GAUSS_SCRDIR=/scratch/bdw2292/Gau-ModifiedRes g09 ModifiedRes-sp-3-1-13-14-223.com has not terminated on node node47
Mon Dec 30 09:47:17 2019 GAUSS_SCRDIR=/scratch/bdw2292/Gau-ModifiedRes g09 ModifiedRes-sp-3-1-13-14-195.com has not terminated on node node48
Mon Dec 30 09:47:22 2019 Sleeping for 5 seconds
Mon Dec 30 09:47:22 2019 GAUSS_SCRDIR=/scratch/bdw2292/Gau-ModifiedRes g09 ModifiedRes-sp-3-1-13-14-359.com has not terminated on node node35
Mon Dec 30 09:47:22 2019 GAUSS_SCRDIR=/scratch/bdw2292/Gau-ModifiedRes g09 ModifiedRes-sp-3-1-13-14-027.com has not terminated on node node36
Mon Dec 30 09:47:22 2019 GAUSS_SCRDIR=/scratch/bdw2292/Gau-ModifiedRes g09 ModifiedRes-sp-3-1-13-14-055.com has not terminated on node node37
Mon Dec 30 09:47:22 2019 GAUSS_SCRDIR=/scratch/bdw2292/Gau-ModifiedRes g09 ModifiedRes-sp-3-1-13-14-083.com has not terminated on node node38
Mon Dec 30 09:47:22 2019 GAUSS_SCRDIR=/scratch/bdw2292/Gau-ModifiedRes g09 ModifiedRes-sp-3-1-13-14-111.com has not terminated on node node40
Mon Dec 30 09:47:22 2019 GAUSS_SCRDIR=/scratch/bdw2292/Gau-ModifiedRes g09 ModifiedRes-sp-3-1-13-14-139.com has not terminated on node node42
Mon Dec 30 09:47:22 2019 GAUSS_SCRDIR=/scratch/bdw2292/Gau-ModifiedRes g09 ModifiedRes-sp-3-1-13-14-335.com has terminated on node node43
Mon Dec 30 09:47:22 2019 GAUSS_SCRDIR=/scratch/bdw2292/Gau-ModifiedRes g09 ModifiedRes-sp-3-1-13-14-307.com has terminated on node node44
Mon Dec 30 09:47:22 2019 GAUSS_SCRDIR=/scratch/bdw2292/Gau-ModifiedRes g09 ModifiedRes-sp-3-1-13-14-279.com has terminated on node node45
Mon Dec 30 09:47:22 2019 GAUSS_SCRDIR=/scratch/bdw2292/Gau-ModifiedRes g09 ModifiedRes-sp-3-1-13-14-251.com has not terminated on node node46
Mon Dec 30 09:47:22 2019 GAUSS_SCRDIR=/scratch/bdw2292/Gau-ModifiedRes g09 ModifiedRes-sp-3-1-13-14-223.com has not terminated on node node47
Mon Dec 30 09:47:22 2019 GAUSS_SCRDIR=/scratch/bdw2292/Gau-ModifiedRes g09 ModifiedRes-sp-3-1-13-14-195.com has not terminated on node node48
Mon Dec 30 09:47:27 2019 Sleeping for 5 seconds
Mon Dec 30 09:47:27 2019 GAUSS_SCRDIR=/scratch/bdw2292/Gau-ModifiedRes g09 ModifiedRes-sp-3-1-13-14-359.com has not terminated on node node35
Mon Dec 30 09:47:27 2019 GAUSS_SCRDIR=/scratch/bdw2292/Gau-ModifiedRes g09 ModifiedRes-sp-3-1-13-14-027.com has not terminated on node node36
Mon Dec 30 09:47:27 2019 GAUSS_SCRDIR=/scratch/bdw2292/Gau-ModifiedRes g09 ModifiedRes-sp-3-1-13-14-055.com has not terminated on node node37
Mon Dec 30 09:47:27 2019 GAUSS_SCRDIR=/scratch/bdw2292/Gau-ModifiedRes g09 ModifiedRes-sp-3-1-13-14-083.com has not terminated on node node38
Mon Dec 30 09:47:27 2019 GAUSS_SCRDIR=/scratch/bdw2292/Gau-ModifiedRes g09 ModifiedRes-sp-3-1-13-14-111.com has not terminated on node node40
Mon Dec 30 09:47:27 2019 GAUSS_SCRDIR=/scratch/bdw2292/Gau-ModifiedRes g09 ModifiedRes-sp-3-1-13-14-139.com has terminated on node node42
Mon Dec 30 09:47:27 2019 GAUSS_SCRDIR=/scratch/bdw2292/Gau-ModifiedRes g09 ModifiedRes-sp-3-1-13-14-251.com has terminated on node node46
Mon Dec 30 09:47:27 2019 GAUSS_SCRDIR=/scratch/bdw2292/Gau-ModifiedRes g09 ModifiedRes-sp-3-1-13-14-223.com has not terminated on node node47
Mon Dec 30 09:47:27 2019 GAUSS_SCRDIR=/scratch/bdw2292/Gau-ModifiedRes g09 ModifiedRes-sp-3-1-13-14-195.com has not terminated on node node48
Mon Dec 30 09:47:32 2019 Sleeping for 5 seconds
Mon Dec 30 09:47:32 2019 GAUSS_SCRDIR=/scratch/bdw2292/Gau-ModifiedRes g09 ModifiedRes-sp-3-1-13-14-359.com has not terminated on node node35
Mon Dec 30 09:47:32 2019 GAUSS_SCRDIR=/scratch/bdw2292/Gau-ModifiedRes g09 ModifiedRes-sp-3-1-13-14-027.com has not terminated on node node36
Mon Dec 30 09:47:32 2019 GAUSS_SCRDIR=/scratch/bdw2292/Gau-ModifiedRes g09 ModifiedRes-sp-3-1-13-14-055.com has not terminated on node node37
Mon Dec 30 09:47:32 2019 GAUSS_SCRDIR=/scratch/bdw2292/Gau-ModifiedRes g09 ModifiedRes-sp-3-1-13-14-083.com has not terminated on node node38
Mon Dec 30 09:47:32 2019 GAUSS_SCRDIR=/scratch/bdw2292/Gau-ModifiedRes g09 ModifiedRes-sp-3-1-13-14-111.com has not terminated on node node40
Mon Dec 30 09:47:32 2019 GAUSS_SCRDIR=/scratch/bdw2292/Gau-ModifiedRes g09 ModifiedRes-sp-3-1-13-14-223.com has terminated on node node47
Mon Dec 30 09:47:32 2019 GAUSS_SCRDIR=/scratch/bdw2292/Gau-ModifiedRes g09 ModifiedRes-sp-3-1-13-14-195.com has not terminated on node node48
Mon Dec 30 09:47:37 2019 Sleeping for 5 seconds
Mon Dec 30 09:47:37 2019 GAUSS_SCRDIR=/scratch/bdw2292/Gau-ModifiedRes g09 ModifiedRes-sp-3-1-13-14-359.com has not terminated on node node35
Mon Dec 30 09:47:37 2019 GAUSS_SCRDIR=/scratch/bdw2292/Gau-ModifiedRes g09 ModifiedRes-sp-3-1-13-14-027.com has not terminated on node node36
Mon Dec 30 09:47:37 2019 GAUSS_SCRDIR=/scratch/bdw2292/Gau-ModifiedRes g09 ModifiedRes-sp-3-1-13-14-055.com has not terminated on node node37
Mon Dec 30 09:47:37 2019 GAUSS_SCRDIR=/scratch/bdw2292/Gau-ModifiedRes g09 ModifiedRes-sp-3-1-13-14-083.com has not terminated on node node38
Mon Dec 30 09:47:37 2019 GAUSS_SCRDIR=/scratch/bdw2292/Gau-ModifiedRes g09 ModifiedRes-sp-3-1-13-14-111.com has terminated on node node40
Mon Dec 30 09:47:37 2019 GAUSS_SCRDIR=/scratch/bdw2292/Gau-ModifiedRes g09 ModifiedRes-sp-3-1-13-14-195.com has terminated on node node48
Mon Dec 30 09:47:42 2019 Sleeping for 5 seconds
Mon Dec 30 09:47:42 2019 GAUSS_SCRDIR=/scratch/bdw2292/Gau-ModifiedRes g09 ModifiedRes-sp-3-1-13-14-359.com has not terminated on node node35
Mon Dec 30 09:47:42 2019 GAUSS_SCRDIR=/scratch/bdw2292/Gau-ModifiedRes g09 ModifiedRes-sp-3-1-13-14-027.com has not terminated on node node36
Mon Dec 30 09:47:42 2019 GAUSS_SCRDIR=/scratch/bdw2292/Gau-ModifiedRes g09 ModifiedRes-sp-3-1-13-14-055.com has not terminated on node node37
Mon Dec 30 09:47:42 2019 GAUSS_SCRDIR=/scratch/bdw2292/Gau-ModifiedRes g09 ModifiedRes-sp-3-1-13-14-083.com has not terminated on node node38
Mon Dec 30 09:47:47 2019 Sleeping for 5 seconds
Mon Dec 30 09:47:47 2019 GAUSS_SCRDIR=/scratch/bdw2292/Gau-ModifiedRes g09 ModifiedRes-sp-3-1-13-14-359.com has not terminated on node node35
Mon Dec 30 09:47:47 2019 GAUSS_SCRDIR=/scratch/bdw2292/Gau-ModifiedRes g09 ModifiedRes-sp-3-1-13-14-027.com has not terminated on node node36
Mon Dec 30 09:47:47 2019 GAUSS_SCRDIR=/scratch/bdw2292/Gau-ModifiedRes g09 ModifiedRes-sp-3-1-13-14-055.com has not terminated on node node37
Mon Dec 30 09:47:47 2019 GAUSS_SCRDIR=/scratch/bdw2292/Gau-ModifiedRes g09 ModifiedRes-sp-3-1-13-14-083.com has not terminated on node node38
Mon Dec 30 09:47:52 2019 Sleeping for 5 seconds
Mon Dec 30 09:47:52 2019 GAUSS_SCRDIR=/scratch/bdw2292/Gau-ModifiedRes g09 ModifiedRes-sp-3-1-13-14-359.com has not terminated on node node35
Mon Dec 30 09:47:52 2019 GAUSS_SCRDIR=/scratch/bdw2292/Gau-ModifiedRes g09 ModifiedRes-sp-3-1-13-14-027.com has not terminated on node node36
Mon Dec 30 09:47:52 2019 GAUSS_SCRDIR=/scratch/bdw2292/Gau-ModifiedRes g09 ModifiedRes-sp-3-1-13-14-055.com has terminated on node node37
Mon Dec 30 09:47:52 2019 GAUSS_SCRDIR=/scratch/bdw2292/Gau-ModifiedRes g09 ModifiedRes-sp-3-1-13-14-083.com has not terminated on node node38
Mon Dec 30 09:47:57 2019 Sleeping for 5 seconds
Mon Dec 30 09:47:57 2019 GAUSS_SCRDIR=/scratch/bdw2292/Gau-ModifiedRes g09 ModifiedRes-sp-3-1-13-14-359.com has terminated on node node35
Mon Dec 30 09:47:57 2019 GAUSS_SCRDIR=/scratch/bdw2292/Gau-ModifiedRes g09 ModifiedRes-sp-3-1-13-14-027.com has terminated on node node36
Mon Dec 30 09:47:57 2019 GAUSS_SCRDIR=/scratch/bdw2292/Gau-ModifiedRes g09 ModifiedRes-sp-3-1-13-14-083.com has terminated on node node38
Mon Dec 30 09:48:02 2019 Sleeping for 5 seconds
Mon Dec 30 09:48:02 2019 All jobs have finished 
