Mon Dec 30 09:56:12 2019 Calling: ssh node35 "cd /home/bdw2292/poltype/Examples/ModifiedAminoAcid/qm-torsion;source /home/bdw2292/.poltype.bashrc;mkdir /scratch/bdw2292/Gau-ModifiedRes"
mkdir: cannot create directory ‘/scratch/bdw2292/Gau-ModifiedRes’: File exists
Mon Dec 30 09:56:14 2019 Calling: ssh node35 "cd /home/bdw2292/poltype/Examples/ModifiedAminoAcid/qm-torsion;source /home/bdw2292/.poltype.bashrc;GAUSS_SCRDIR=/scratch/bdw2292/Gau-ModifiedRes g09 ModifiedRes-sp-13-1-3-7-156.com"
Mon Dec 30 09:56:14 2019 Calling: ssh node36 "cd /home/bdw2292/poltype/Examples/ModifiedAminoAcid/qm-torsion;source /home/bdw2292/.poltype.bashrc;mkdir /scratch/bdw2292/Gau-ModifiedRes"
mkdir: cannot create directory ‘/scratch/bdw2292/Gau-ModifiedRes’: File exists
Mon Dec 30 09:56:16 2019 Calling: ssh node36 "cd /home/bdw2292/poltype/Examples/ModifiedAminoAcid/qm-torsion;source /home/bdw2292/.poltype.bashrc;GAUSS_SCRDIR=/scratch/bdw2292/Gau-ModifiedRes g09 ModifiedRes-sp-13-1-3-7-175.com"
Mon Dec 30 09:56:16 2019 Calling: ssh node37 "cd /home/bdw2292/poltype/Examples/ModifiedAminoAcid/qm-torsion;source /home/bdw2292/.poltype.bashrc;mkdir /scratch/bdw2292/Gau-ModifiedRes"
mkdir: cannot create directory ‘/scratch/bdw2292/Gau-ModifiedRes’: File exists
Mon Dec 30 09:56:18 2019 Calling: ssh node37 "cd /home/bdw2292/poltype/Examples/ModifiedAminoAcid/qm-torsion;source /home/bdw2292/.poltype.bashrc;GAUSS_SCRDIR=/scratch/bdw2292/Gau-ModifiedRes g09 ModifiedRes-sp-13-1-3-7-194.com"
Mon Dec 30 09:56:18 2019 Calling: ssh node38 "cd /home/bdw2292/poltype/Examples/ModifiedAminoAcid/qm-torsion;source /home/bdw2292/.poltype.bashrc;mkdir /scratch/bdw2292/Gau-ModifiedRes"
mkdir: cannot create directory `/scratch/bdw2292/Gau-ModifiedRes': File exists
Mon Dec 30 09:56:20 2019 Calling: ssh node38 "cd /home/bdw2292/poltype/Examples/ModifiedAminoAcid/qm-torsion;source /home/bdw2292/.poltype.bashrc;GAUSS_SCRDIR=/scratch/bdw2292/Gau-ModifiedRes g09 ModifiedRes-sp-13-1-3-7-213.com"
Mon Dec 30 09:56:20 2019 Calling: ssh node40 "cd /home/bdw2292/poltype/Examples/ModifiedAminoAcid/qm-torsion;source /home/bdw2292/.poltype.bashrc;mkdir /scratch/bdw2292/Gau-ModifiedRes"
mkdir: cannot create directory `/scratch/bdw2292/Gau-ModifiedRes': File exists
Mon Dec 30 09:56:22 2019 Calling: ssh node40 "cd /home/bdw2292/poltype/Examples/ModifiedAminoAcid/qm-torsion;source /home/bdw2292/.poltype.bashrc;GAUSS_SCRDIR=/scratch/bdw2292/Gau-ModifiedRes g09 ModifiedRes-sp-13-1-3-7-232.com"
Mon Dec 30 09:56:22 2019 Calling: ssh node42 "cd /home/bdw2292/poltype/Examples/ModifiedAminoAcid/qm-torsion;source /home/bdw2292/.poltype.bashrc;mkdir /scratch/bdw2292/Gau-ModifiedRes"
Mon Dec 30 09:56:24 2019 Calling: ssh node42 "cd /home/bdw2292/poltype/Examples/ModifiedAminoAcid/qm-torsion;source /home/bdw2292/.poltype.bashrc;GAUSS_SCRDIR=/scratch/bdw2292/Gau-ModifiedRes g09 ModifiedRes-sp-13-1-3-7-251.com"
Mon Dec 30 09:56:24 2019 Calling: ssh node43 "cd /home/bdw2292/poltype/Examples/ModifiedAminoAcid/qm-torsion;source /home/bdw2292/.poltype.bashrc;mkdir /scratch/bdw2292/Gau-ModifiedRes"
mkdir: cannot create directory `/scratch/bdw2292/Gau-ModifiedRes': File exists
Mon Dec 30 09:56:26 2019 Calling: ssh node43 "cd /home/bdw2292/poltype/Examples/ModifiedAminoAcid/qm-torsion;source /home/bdw2292/.poltype.bashrc;GAUSS_SCRDIR=/scratch/bdw2292/Gau-ModifiedRes g09 ModifiedRes-sp-13-1-3-7-270.com"
Mon Dec 30 09:56:26 2019 Calling: ssh node44 "cd /home/bdw2292/poltype/Examples/ModifiedAminoAcid/qm-torsion;source /home/bdw2292/.poltype.bashrc;mkdir /scratch/bdw2292/Gau-ModifiedRes"
mkdir: cannot create directory ‘/scratch/bdw2292/Gau-ModifiedRes’: File exists
Mon Dec 30 09:56:28 2019 Calling: ssh node44 "cd /home/bdw2292/poltype/Examples/ModifiedAminoAcid/qm-torsion;source /home/bdw2292/.poltype.bashrc;GAUSS_SCRDIR=/scratch/bdw2292/Gau-ModifiedRes g09 ModifiedRes-sp-13-1-3-7-289.com"
Mon Dec 30 09:56:28 2019 Calling: ssh node45 "cd /home/bdw2292/poltype/Examples/ModifiedAminoAcid/qm-torsion;source /home/bdw2292/.poltype.bashrc;mkdir /scratch/bdw2292/Gau-ModifiedRes"
mkdir: cannot create directory `/scratch/bdw2292/Gau-ModifiedRes': File exists
Mon Dec 30 09:56:30 2019 Calling: ssh node45 "cd /home/bdw2292/poltype/Examples/ModifiedAminoAcid/qm-torsion;source /home/bdw2292/.poltype.bashrc;GAUSS_SCRDIR=/scratch/bdw2292/Gau-ModifiedRes g09 ModifiedRes-sp-13-1-3-7-308.com"
Mon Dec 30 09:56:30 2019 Calling: ssh node46 "cd /home/bdw2292/poltype/Examples/ModifiedAminoAcid/qm-torsion;source /home/bdw2292/.poltype.bashrc;mkdir /scratch/bdw2292/Gau-ModifiedRes"
mkdir: cannot create directory `/scratch/bdw2292/Gau-ModifiedRes': File exists
mkdir: cannot create directory `/scratch/bdw2292/Gau-ModifiedRes': File exists
Mon Dec 30 09:56:32 2019 Calling: ssh node46 "cd /home/bdw2292/poltype/Examples/ModifiedAminoAcid/qm-torsion;source /home/bdw2292/.poltype.bashrc;GAUSS_SCRDIR=/scratch/bdw2292/Gau-ModifiedRes g09 ModifiedRes-sp-13-1-3-7-138.com"
Mon Dec 30 09:56:32 2019 Calling: ssh node47 "cd /home/bdw2292/poltype/Examples/ModifiedAminoAcid/qm-torsion;source /home/bdw2292/.poltype.bashrc;mkdir /scratch/bdw2292/Gau-ModifiedRes"
mkdir: cannot create directory `/scratch/bdw2292/Gau-ModifiedRes': File exists
Mon Dec 30 09:56:34 2019 Calling: ssh node47 "cd /home/bdw2292/poltype/Examples/ModifiedAminoAcid/qm-torsion;source /home/bdw2292/.poltype.bashrc;GAUSS_SCRDIR=/scratch/bdw2292/Gau-ModifiedRes g09 ModifiedRes-sp-13-1-3-7-119.com"
Mon Dec 30 09:56:34 2019 Calling: ssh node48 "cd /home/bdw2292/poltype/Examples/ModifiedAminoAcid/qm-torsion;source /home/bdw2292/.poltype.bashrc;mkdir /scratch/bdw2292/Gau-ModifiedRes"
mkdir: cannot create directory `/scratch/bdw2292/Gau-ModifiedRes': File exists
Mon Dec 30 09:56:36 2019 Calling: ssh node48 "cd /home/bdw2292/poltype/Examples/ModifiedAminoAcid/qm-torsion;source /home/bdw2292/.poltype.bashrc;GAUSS_SCRDIR=/scratch/bdw2292/Gau-ModifiedRes g09 ModifiedRes-sp-13-1-3-7-100.com"
Mon Dec 30 09:56:36 2019 Calling: ssh node49 "cd /home/bdw2292/poltype/Examples/ModifiedAminoAcid/qm-torsion;source /home/bdw2292/.poltype.bashrc;mkdir /scratch/bdw2292/Gau-ModifiedRes"
mkdir: cannot create directory `/scratch/bdw2292/Gau-ModifiedRes': File exists
Mon Dec 30 09:56:38 2019 Calling: ssh node49 "cd /home/bdw2292/poltype/Examples/ModifiedAminoAcid/qm-torsion;source /home/bdw2292/.poltype.bashrc;GAUSS_SCRDIR=/scratch/bdw2292/Gau-ModifiedRes g09 ModifiedRes-sp-13-1-3-7-081.com"
Mon Dec 30 09:56:38 2019 Calling: ssh node50 "cd /home/bdw2292/poltype/Examples/ModifiedAminoAcid/qm-torsion;source /home/bdw2292/.poltype.bashrc;mkdir /scratch/bdw2292/Gau-ModifiedRes"
mkdir: cannot create directory `/scratch/bdw2292/Gau-ModifiedRes': File exists
Mon Dec 30 09:56:40 2019 Calling: ssh node50 "cd /home/bdw2292/poltype/Examples/ModifiedAminoAcid/qm-torsion;source /home/bdw2292/.poltype.bashrc;GAUSS_SCRDIR=/scratch/bdw2292/Gau-ModifiedRes g09 ModifiedRes-sp-13-1-3-7-062.com"
Mon Dec 30 09:56:40 2019 Calling: ssh node51 "cd /home/bdw2292/poltype/Examples/ModifiedAminoAcid/qm-torsion;source /home/bdw2292/.poltype.bashrc;mkdir /scratch/bdw2292/Gau-ModifiedRes"
mkdir: cannot create directory `/scratch/bdw2292/Gau-ModifiedRes': File exists
Mon Dec 30 09:56:42 2019 Calling: ssh node51 "cd /home/bdw2292/poltype/Examples/ModifiedAminoAcid/qm-torsion;source /home/bdw2292/.poltype.bashrc;GAUSS_SCRDIR=/scratch/bdw2292/Gau-ModifiedRes g09 ModifiedRes-sp-13-1-3-7-043.com"
Mon Dec 30 09:56:42 2019 Calling: ssh node52 "cd /home/bdw2292/poltype/Examples/ModifiedAminoAcid/qm-torsion;source /home/bdw2292/.poltype.bashrc;mkdir /scratch/bdw2292/Gau-ModifiedRes"
mkdir: cannot create directory `/scratch/bdw2292/Gau-ModifiedRes': File exists
Mon Dec 30 09:56:44 2019 Calling: ssh node52 "cd /home/bdw2292/poltype/Examples/ModifiedAminoAcid/qm-torsion;source /home/bdw2292/.poltype.bashrc;GAUSS_SCRDIR=/scratch/bdw2292/Gau-ModifiedRes g09 ModifiedRes-sp-13-1-3-7-024.com"
Mon Dec 30 09:56:44 2019 Calling: ssh node53 "cd /home/bdw2292/poltype/Examples/ModifiedAminoAcid/qm-torsion;source /home/bdw2292/.poltype.bashrc;mkdir /scratch/bdw2292/Gau-ModifiedRes"
mkdir: cannot create directory `/scratch/bdw2292/Gau-ModifiedRes': File exists
Mon Dec 30 09:56:46 2019 Calling: ssh node53 "cd /home/bdw2292/poltype/Examples/ModifiedAminoAcid/qm-torsion;source /home/bdw2292/.poltype.bashrc;GAUSS_SCRDIR=/scratch/bdw2292/Gau-ModifiedRes g09 ModifiedRes-sp-13-1-3-7-005.com"
Mon Dec 30 09:56:46 2019 Calling: ssh node54 "cd /home/bdw2292/poltype/Examples/ModifiedAminoAcid/qm-torsion;source /home/bdw2292/.poltype.bashrc;mkdir /scratch/bdw2292/Gau-ModifiedRes"
mkdir: cannot create directory `/scratch/bdw2292/Gau-ModifiedRes': File exists
Mon Dec 30 09:56:48 2019 Calling: ssh node54 "cd /home/bdw2292/poltype/Examples/ModifiedAminoAcid/qm-torsion;source /home/bdw2292/.poltype.bashrc;GAUSS_SCRDIR=/scratch/bdw2292/Gau-ModifiedRes g09 ModifiedRes-sp-13-1-3-7-346.com"
Mon Dec 30 09:56:53 2019 Sleeping for 5 seconds
Mon Dec 30 09:56:53 2019 GAUSS_SCRDIR=/scratch/bdw2292/Gau-ModifiedRes g09 ModifiedRes-sp-13-1-3-7-156.com has not terminated on node node35
Mon Dec 30 09:56:53 2019 GAUSS_SCRDIR=/scratch/bdw2292/Gau-ModifiedRes g09 ModifiedRes-sp-13-1-3-7-175.com has not terminated on node node36
Mon Dec 30 09:56:53 2019 GAUSS_SCRDIR=/scratch/bdw2292/Gau-ModifiedRes g09 ModifiedRes-sp-13-1-3-7-194.com has not terminated on node node37
Mon Dec 30 09:56:53 2019 GAUSS_SCRDIR=/scratch/bdw2292/Gau-ModifiedRes g09 ModifiedRes-sp-13-1-3-7-213.com has not terminated on node node38
Mon Dec 30 09:56:53 2019 GAUSS_SCRDIR=/scratch/bdw2292/Gau-ModifiedRes g09 ModifiedRes-sp-13-1-3-7-232.com has not terminated on node node40
Mon Dec 30 09:56:53 2019 GAUSS_SCRDIR=/scratch/bdw2292/Gau-ModifiedRes g09 ModifiedRes-sp-13-1-3-7-251.com has not terminated on node node42
Mon Dec 30 09:56:53 2019 GAUSS_SCRDIR=/scratch/bdw2292/Gau-ModifiedRes g09 ModifiedRes-sp-13-1-3-7-270.com has not terminated on node node43
Mon Dec 30 09:56:53 2019 GAUSS_SCRDIR=/scratch/bdw2292/Gau-ModifiedRes g09 ModifiedRes-sp-13-1-3-7-289.com has not terminated on node node44
Mon Dec 30 09:56:53 2019 GAUSS_SCRDIR=/scratch/bdw2292/Gau-ModifiedRes g09 ModifiedRes-sp-13-1-3-7-308.com has not terminated on node node45
Mon Dec 30 09:56:53 2019 GAUSS_SCRDIR=/scratch/bdw2292/Gau-ModifiedRes g09 ModifiedRes-sp-13-1-3-7-138.com has not terminated on node node46
Mon Dec 30 09:56:53 2019 GAUSS_SCRDIR=/scratch/bdw2292/Gau-ModifiedRes g09 ModifiedRes-sp-13-1-3-7-119.com has not terminated on node node47
Mon Dec 30 09:56:53 2019 GAUSS_SCRDIR=/scratch/bdw2292/Gau-ModifiedRes g09 ModifiedRes-sp-13-1-3-7-100.com has not terminated on node node48
Mon Dec 30 09:56:53 2019 GAUSS_SCRDIR=/scratch/bdw2292/Gau-ModifiedRes g09 ModifiedRes-sp-13-1-3-7-081.com has not terminated on node node49
Mon Dec 30 09:56:53 2019 GAUSS_SCRDIR=/scratch/bdw2292/Gau-ModifiedRes g09 ModifiedRes-sp-13-1-3-7-062.com has not terminated on node node50
Mon Dec 30 09:56:53 2019 GAUSS_SCRDIR=/scratch/bdw2292/Gau-ModifiedRes g09 ModifiedRes-sp-13-1-3-7-043.com has not terminated on node node51
Mon Dec 30 09:56:53 2019 GAUSS_SCRDIR=/scratch/bdw2292/Gau-ModifiedRes g09 ModifiedRes-sp-13-1-3-7-024.com has not terminated on node node52
Mon Dec 30 09:56:53 2019 GAUSS_SCRDIR=/scratch/bdw2292/Gau-ModifiedRes g09 ModifiedRes-sp-13-1-3-7-005.com has not terminated on node node53
Mon Dec 30 09:56:53 2019 GAUSS_SCRDIR=/scratch/bdw2292/Gau-ModifiedRes g09 ModifiedRes-sp-13-1-3-7-346.com has not terminated on node node54
Mon Dec 30 09:56:58 2019 Sleeping for 5 seconds
Mon Dec 30 09:56:58 2019 GAUSS_SCRDIR=/scratch/bdw2292/Gau-ModifiedRes g09 ModifiedRes-sp-13-1-3-7-156.com has not terminated on node node35
Mon Dec 30 09:56:58 2019 GAUSS_SCRDIR=/scratch/bdw2292/Gau-ModifiedRes g09 ModifiedRes-sp-13-1-3-7-175.com has not terminated on node node36
Mon Dec 30 09:56:58 2019 GAUSS_SCRDIR=/scratch/bdw2292/Gau-ModifiedRes g09 ModifiedRes-sp-13-1-3-7-194.com has not terminated on node node37
Mon Dec 30 09:56:58 2019 GAUSS_SCRDIR=/scratch/bdw2292/Gau-ModifiedRes g09 ModifiedRes-sp-13-1-3-7-213.com has not terminated on node node38
Mon Dec 30 09:56:58 2019 GAUSS_SCRDIR=/scratch/bdw2292/Gau-ModifiedRes g09 ModifiedRes-sp-13-1-3-7-232.com has not terminated on node node40
Mon Dec 30 09:56:58 2019 GAUSS_SCRDIR=/scratch/bdw2292/Gau-ModifiedRes g09 ModifiedRes-sp-13-1-3-7-251.com has not terminated on node node42
Mon Dec 30 09:56:58 2019 GAUSS_SCRDIR=/scratch/bdw2292/Gau-ModifiedRes g09 ModifiedRes-sp-13-1-3-7-270.com has not terminated on node node43
Mon Dec 30 09:56:58 2019 GAUSS_SCRDIR=/scratch/bdw2292/Gau-ModifiedRes g09 ModifiedRes-sp-13-1-3-7-289.com has not terminated on node node44
Mon Dec 30 09:56:58 2019 GAUSS_SCRDIR=/scratch/bdw2292/Gau-ModifiedRes g09 ModifiedRes-sp-13-1-3-7-308.com has not terminated on node node45
Mon Dec 30 09:56:58 2019 GAUSS_SCRDIR=/scratch/bdw2292/Gau-ModifiedRes g09 ModifiedRes-sp-13-1-3-7-138.com has not terminated on node node46
Mon Dec 30 09:56:58 2019 GAUSS_SCRDIR=/scratch/bdw2292/Gau-ModifiedRes g09 ModifiedRes-sp-13-1-3-7-119.com has not terminated on node node47
Mon Dec 30 09:56:58 2019 GAUSS_SCRDIR=/scratch/bdw2292/Gau-ModifiedRes g09 ModifiedRes-sp-13-1-3-7-100.com has not terminated on node node48
Mon Dec 30 09:56:58 2019 GAUSS_SCRDIR=/scratch/bdw2292/Gau-ModifiedRes g09 ModifiedRes-sp-13-1-3-7-081.com has not terminated on node node49
Mon Dec 30 09:56:58 2019 GAUSS_SCRDIR=/scratch/bdw2292/Gau-ModifiedRes g09 ModifiedRes-sp-13-1-3-7-062.com has not terminated on node node50
Mon Dec 30 09:56:58 2019 GAUSS_SCRDIR=/scratch/bdw2292/Gau-ModifiedRes g09 ModifiedRes-sp-13-1-3-7-043.com has not terminated on node node51
Mon Dec 30 09:56:58 2019 GAUSS_SCRDIR=/scratch/bdw2292/Gau-ModifiedRes g09 ModifiedRes-sp-13-1-3-7-024.com has not terminated on node node52
Mon Dec 30 09:56:58 2019 GAUSS_SCRDIR=/scratch/bdw2292/Gau-ModifiedRes g09 ModifiedRes-sp-13-1-3-7-005.com has not terminated on node node53
Mon Dec 30 09:56:58 2019 GAUSS_SCRDIR=/scratch/bdw2292/Gau-ModifiedRes g09 ModifiedRes-sp-13-1-3-7-346.com has not terminated on node node54
Mon Dec 30 09:57:03 2019 Sleeping for 5 seconds
Mon Dec 30 09:57:03 2019 GAUSS_SCRDIR=/scratch/bdw2292/Gau-ModifiedRes g09 ModifiedRes-sp-13-1-3-7-156.com has not terminated on node node35
Mon Dec 30 09:57:03 2019 GAUSS_SCRDIR=/scratch/bdw2292/Gau-ModifiedRes g09 ModifiedRes-sp-13-1-3-7-175.com has not terminated on node node36
Mon Dec 30 09:57:03 2019 GAUSS_SCRDIR=/scratch/bdw2292/Gau-ModifiedRes g09 ModifiedRes-sp-13-1-3-7-194.com has not terminated on node node37
Mon Dec 30 09:57:03 2019 GAUSS_SCRDIR=/scratch/bdw2292/Gau-ModifiedRes g09 ModifiedRes-sp-13-1-3-7-213.com has not terminated on node node38
Mon Dec 30 09:57:03 2019 GAUSS_SCRDIR=/scratch/bdw2292/Gau-ModifiedRes g09 ModifiedRes-sp-13-1-3-7-232.com has not terminated on node node40
Mon Dec 30 09:57:03 2019 GAUSS_SCRDIR=/scratch/bdw2292/Gau-ModifiedRes g09 ModifiedRes-sp-13-1-3-7-251.com has not terminated on node node42
Mon Dec 30 09:57:03 2019 GAUSS_SCRDIR=/scratch/bdw2292/Gau-ModifiedRes g09 ModifiedRes-sp-13-1-3-7-270.com has not terminated on node node43
Mon Dec 30 09:57:03 2019 GAUSS_SCRDIR=/scratch/bdw2292/Gau-ModifiedRes g09 ModifiedRes-sp-13-1-3-7-289.com has not terminated on node node44
Mon Dec 30 09:57:03 2019 GAUSS_SCRDIR=/scratch/bdw2292/Gau-ModifiedRes g09 ModifiedRes-sp-13-1-3-7-308.com has not terminated on node node45
Mon Dec 30 09:57:03 2019 GAUSS_SCRDIR=/scratch/bdw2292/Gau-ModifiedRes g09 ModifiedRes-sp-13-1-3-7-138.com has not terminated on node node46
Mon Dec 30 09:57:03 2019 GAUSS_SCRDIR=/scratch/bdw2292/Gau-ModifiedRes g09 ModifiedRes-sp-13-1-3-7-119.com has not terminated on node node47
Mon Dec 30 09:57:03 2019 GAUSS_SCRDIR=/scratch/bdw2292/Gau-ModifiedRes g09 ModifiedRes-sp-13-1-3-7-100.com has not terminated on node node48
Mon Dec 30 09:57:03 2019 GAUSS_SCRDIR=/scratch/bdw2292/Gau-ModifiedRes g09 ModifiedRes-sp-13-1-3-7-081.com has not terminated on node node49
Mon Dec 30 09:57:03 2019 GAUSS_SCRDIR=/scratch/bdw2292/Gau-ModifiedRes g09 ModifiedRes-sp-13-1-3-7-062.com has not terminated on node node50
Mon Dec 30 09:57:03 2019 GAUSS_SCRDIR=/scratch/bdw2292/Gau-ModifiedRes g09 ModifiedRes-sp-13-1-3-7-043.com has not terminated on node node51
Mon Dec 30 09:57:03 2019 GAUSS_SCRDIR=/scratch/bdw2292/Gau-ModifiedRes g09 ModifiedRes-sp-13-1-3-7-024.com has not terminated on node node52
Mon Dec 30 09:57:03 2019 GAUSS_SCRDIR=/scratch/bdw2292/Gau-ModifiedRes g09 ModifiedRes-sp-13-1-3-7-005.com has not terminated on node node53
Mon Dec 30 09:57:03 2019 GAUSS_SCRDIR=/scratch/bdw2292/Gau-ModifiedRes g09 ModifiedRes-sp-13-1-3-7-346.com has not terminated on node node54
Mon Dec 30 09:57:08 2019 Sleeping for 5 seconds
Mon Dec 30 09:57:08 2019 GAUSS_SCRDIR=/scratch/bdw2292/Gau-ModifiedRes g09 ModifiedRes-sp-13-1-3-7-156.com has not terminated on node node35
Mon Dec 30 09:57:08 2019 GAUSS_SCRDIR=/scratch/bdw2292/Gau-ModifiedRes g09 ModifiedRes-sp-13-1-3-7-175.com has not terminated on node node36
Mon Dec 30 09:57:08 2019 GAUSS_SCRDIR=/scratch/bdw2292/Gau-ModifiedRes g09 ModifiedRes-sp-13-1-3-7-194.com has not terminated on node node37
Mon Dec 30 09:57:08 2019 GAUSS_SCRDIR=/scratch/bdw2292/Gau-ModifiedRes g09 ModifiedRes-sp-13-1-3-7-213.com has not terminated on node node38
Mon Dec 30 09:57:08 2019 GAUSS_SCRDIR=/scratch/bdw2292/Gau-ModifiedRes g09 ModifiedRes-sp-13-1-3-7-232.com has not terminated on node node40
Mon Dec 30 09:57:08 2019 GAUSS_SCRDIR=/scratch/bdw2292/Gau-ModifiedRes g09 ModifiedRes-sp-13-1-3-7-251.com has not terminated on node node42
Mon Dec 30 09:57:08 2019 GAUSS_SCRDIR=/scratch/bdw2292/Gau-ModifiedRes g09 ModifiedRes-sp-13-1-3-7-270.com has not terminated on node node43
Mon Dec 30 09:57:08 2019 GAUSS_SCRDIR=/scratch/bdw2292/Gau-ModifiedRes g09 ModifiedRes-sp-13-1-3-7-289.com has not terminated on node node44
Mon Dec 30 09:57:08 2019 GAUSS_SCRDIR=/scratch/bdw2292/Gau-ModifiedRes g09 ModifiedRes-sp-13-1-3-7-308.com has not terminated on node node45
Mon Dec 30 09:57:08 2019 GAUSS_SCRDIR=/scratch/bdw2292/Gau-ModifiedRes g09 ModifiedRes-sp-13-1-3-7-138.com has not terminated on node node46
Mon Dec 30 09:57:08 2019 GAUSS_SCRDIR=/scratch/bdw2292/Gau-ModifiedRes g09 ModifiedRes-sp-13-1-3-7-119.com has not terminated on node node47
Mon Dec 30 09:57:08 2019 GAUSS_SCRDIR=/scratch/bdw2292/Gau-ModifiedRes g09 ModifiedRes-sp-13-1-3-7-100.com has not terminated on node node48
Mon Dec 30 09:57:08 2019 GAUSS_SCRDIR=/scratch/bdw2292/Gau-ModifiedRes g09 ModifiedRes-sp-13-1-3-7-081.com has not terminated on node node49
Mon Dec 30 09:57:08 2019 GAUSS_SCRDIR=/scratch/bdw2292/Gau-ModifiedRes g09 ModifiedRes-sp-13-1-3-7-062.com has not terminated on node node50
Mon Dec 30 09:57:08 2019 GAUSS_SCRDIR=/scratch/bdw2292/Gau-ModifiedRes g09 ModifiedRes-sp-13-1-3-7-043.com has not terminated on node node51
Mon Dec 30 09:57:08 2019 GAUSS_SCRDIR=/scratch/bdw2292/Gau-ModifiedRes g09 ModifiedRes-sp-13-1-3-7-024.com has not terminated on node node52
Mon Dec 30 09:57:08 2019 GAUSS_SCRDIR=/scratch/bdw2292/Gau-ModifiedRes g09 ModifiedRes-sp-13-1-3-7-005.com has not terminated on node node53
Mon Dec 30 09:57:08 2019 GAUSS_SCRDIR=/scratch/bdw2292/Gau-ModifiedRes g09 ModifiedRes-sp-13-1-3-7-346.com has not terminated on node node54
Mon Dec 30 09:57:13 2019 Sleeping for 5 seconds
Mon Dec 30 09:57:13 2019 GAUSS_SCRDIR=/scratch/bdw2292/Gau-ModifiedRes g09 ModifiedRes-sp-13-1-3-7-156.com has not terminated on node node35
Mon Dec 30 09:57:13 2019 GAUSS_SCRDIR=/scratch/bdw2292/Gau-ModifiedRes g09 ModifiedRes-sp-13-1-3-7-175.com has not terminated on node node36
Mon Dec 30 09:57:13 2019 GAUSS_SCRDIR=/scratch/bdw2292/Gau-ModifiedRes g09 ModifiedRes-sp-13-1-3-7-194.com has not terminated on node node37
Mon Dec 30 09:57:13 2019 GAUSS_SCRDIR=/scratch/bdw2292/Gau-ModifiedRes g09 ModifiedRes-sp-13-1-3-7-213.com has not terminated on node node38
Mon Dec 30 09:57:13 2019 GAUSS_SCRDIR=/scratch/bdw2292/Gau-ModifiedRes g09 ModifiedRes-sp-13-1-3-7-232.com has not terminated on node node40
Mon Dec 30 09:57:13 2019 GAUSS_SCRDIR=/scratch/bdw2292/Gau-ModifiedRes g09 ModifiedRes-sp-13-1-3-7-251.com has not terminated on node node42
Mon Dec 30 09:57:13 2019 GAUSS_SCRDIR=/scratch/bdw2292/Gau-ModifiedRes g09 ModifiedRes-sp-13-1-3-7-270.com has not terminated on node node43
Mon Dec 30 09:57:13 2019 GAUSS_SCRDIR=/scratch/bdw2292/Gau-ModifiedRes g09 ModifiedRes-sp-13-1-3-7-289.com has not terminated on node node44
Mon Dec 30 09:57:13 2019 GAUSS_SCRDIR=/scratch/bdw2292/Gau-ModifiedRes g09 ModifiedRes-sp-13-1-3-7-308.com has not terminated on node node45
Mon Dec 30 09:57:13 2019 GAUSS_SCRDIR=/scratch/bdw2292/Gau-ModifiedRes g09 ModifiedRes-sp-13-1-3-7-138.com has not terminated on node node46
Mon Dec 30 09:57:13 2019 GAUSS_SCRDIR=/scratch/bdw2292/Gau-ModifiedRes g09 ModifiedRes-sp-13-1-3-7-119.com has not terminated on node node47
Mon Dec 30 09:57:13 2019 GAUSS_SCRDIR=/scratch/bdw2292/Gau-ModifiedRes g09 ModifiedRes-sp-13-1-3-7-100.com has not terminated on node node48
Mon Dec 30 09:57:13 2019 GAUSS_SCRDIR=/scratch/bdw2292/Gau-ModifiedRes g09 ModifiedRes-sp-13-1-3-7-081.com has not terminated on node node49
Mon Dec 30 09:57:13 2019 GAUSS_SCRDIR=/scratch/bdw2292/Gau-ModifiedRes g09 ModifiedRes-sp-13-1-3-7-062.com has not terminated on node node50
Mon Dec 30 09:57:13 2019 GAUSS_SCRDIR=/scratch/bdw2292/Gau-ModifiedRes g09 ModifiedRes-sp-13-1-3-7-043.com has not terminated on node node51
Mon Dec 30 09:57:13 2019 GAUSS_SCRDIR=/scratch/bdw2292/Gau-ModifiedRes g09 ModifiedRes-sp-13-1-3-7-024.com has not terminated on node node52
Mon Dec 30 09:57:13 2019 GAUSS_SCRDIR=/scratch/bdw2292/Gau-ModifiedRes g09 ModifiedRes-sp-13-1-3-7-005.com has not terminated on node node53
Mon Dec 30 09:57:13 2019 GAUSS_SCRDIR=/scratch/bdw2292/Gau-ModifiedRes g09 ModifiedRes-sp-13-1-3-7-346.com has not terminated on node node54
Mon Dec 30 09:57:18 2019 Sleeping for 5 seconds
Mon Dec 30 09:57:18 2019 GAUSS_SCRDIR=/scratch/bdw2292/Gau-ModifiedRes g09 ModifiedRes-sp-13-1-3-7-156.com has not terminated on node node35
Mon Dec 30 09:57:18 2019 GAUSS_SCRDIR=/scratch/bdw2292/Gau-ModifiedRes g09 ModifiedRes-sp-13-1-3-7-175.com has not terminated on node node36
Mon Dec 30 09:57:18 2019 GAUSS_SCRDIR=/scratch/bdw2292/Gau-ModifiedRes g09 ModifiedRes-sp-13-1-3-7-194.com has not terminated on node node37
Mon Dec 30 09:57:18 2019 GAUSS_SCRDIR=/scratch/bdw2292/Gau-ModifiedRes g09 ModifiedRes-sp-13-1-3-7-213.com has not terminated on node node38
Mon Dec 30 09:57:18 2019 GAUSS_SCRDIR=/scratch/bdw2292/Gau-ModifiedRes g09 ModifiedRes-sp-13-1-3-7-232.com has not terminated on node node40
Mon Dec 30 09:57:18 2019 GAUSS_SCRDIR=/scratch/bdw2292/Gau-ModifiedRes g09 ModifiedRes-sp-13-1-3-7-251.com has not terminated on node node42
Mon Dec 30 09:57:18 2019 GAUSS_SCRDIR=/scratch/bdw2292/Gau-ModifiedRes g09 ModifiedRes-sp-13-1-3-7-270.com has not terminated on node node43
Mon Dec 30 09:57:18 2019 GAUSS_SCRDIR=/scratch/bdw2292/Gau-ModifiedRes g09 ModifiedRes-sp-13-1-3-7-289.com has not terminated on node node44
Mon Dec 30 09:57:18 2019 GAUSS_SCRDIR=/scratch/bdw2292/Gau-ModifiedRes g09 ModifiedRes-sp-13-1-3-7-308.com has not terminated on node node45
Mon Dec 30 09:57:18 2019 GAUSS_SCRDIR=/scratch/bdw2292/Gau-ModifiedRes g09 ModifiedRes-sp-13-1-3-7-138.com has not terminated on node node46
Mon Dec 30 09:57:18 2019 GAUSS_SCRDIR=/scratch/bdw2292/Gau-ModifiedRes g09 ModifiedRes-sp-13-1-3-7-119.com has not terminated on node node47
Mon Dec 30 09:57:18 2019 GAUSS_SCRDIR=/scratch/bdw2292/Gau-ModifiedRes g09 ModifiedRes-sp-13-1-3-7-100.com has not terminated on node node48
Mon Dec 30 09:57:18 2019 GAUSS_SCRDIR=/scratch/bdw2292/Gau-ModifiedRes g09 ModifiedRes-sp-13-1-3-7-081.com has not terminated on node node49
Mon Dec 30 09:57:18 2019 GAUSS_SCRDIR=/scratch/bdw2292/Gau-ModifiedRes g09 ModifiedRes-sp-13-1-3-7-062.com has not terminated on node node50
Mon Dec 30 09:57:18 2019 GAUSS_SCRDIR=/scratch/bdw2292/Gau-ModifiedRes g09 ModifiedRes-sp-13-1-3-7-043.com has not terminated on node node51
Mon Dec 30 09:57:18 2019 GAUSS_SCRDIR=/scratch/bdw2292/Gau-ModifiedRes g09 ModifiedRes-sp-13-1-3-7-024.com has not terminated on node node52
Mon Dec 30 09:57:18 2019 GAUSS_SCRDIR=/scratch/bdw2292/Gau-ModifiedRes g09 ModifiedRes-sp-13-1-3-7-005.com has not terminated on node node53
Mon Dec 30 09:57:18 2019 GAUSS_SCRDIR=/scratch/bdw2292/Gau-ModifiedRes g09 ModifiedRes-sp-13-1-3-7-346.com has not terminated on node node54
Mon Dec 30 09:57:23 2019 Sleeping for 5 seconds
Mon Dec 30 09:57:23 2019 GAUSS_SCRDIR=/scratch/bdw2292/Gau-ModifiedRes g09 ModifiedRes-sp-13-1-3-7-156.com has not terminated on node node35
Mon Dec 30 09:57:23 2019 GAUSS_SCRDIR=/scratch/bdw2292/Gau-ModifiedRes g09 ModifiedRes-sp-13-1-3-7-175.com has not terminated on node node36
Mon Dec 30 09:57:23 2019 GAUSS_SCRDIR=/scratch/bdw2292/Gau-ModifiedRes g09 ModifiedRes-sp-13-1-3-7-194.com has not terminated on node node37
Mon Dec 30 09:57:23 2019 GAUSS_SCRDIR=/scratch/bdw2292/Gau-ModifiedRes g09 ModifiedRes-sp-13-1-3-7-213.com has not terminated on node node38
Mon Dec 30 09:57:23 2019 GAUSS_SCRDIR=/scratch/bdw2292/Gau-ModifiedRes g09 ModifiedRes-sp-13-1-3-7-232.com has not terminated on node node40
Mon Dec 30 09:57:23 2019 GAUSS_SCRDIR=/scratch/bdw2292/Gau-ModifiedRes g09 ModifiedRes-sp-13-1-3-7-251.com has not terminated on node node42
Mon Dec 30 09:57:23 2019 GAUSS_SCRDIR=/scratch/bdw2292/Gau-ModifiedRes g09 ModifiedRes-sp-13-1-3-7-270.com has not terminated on node node43
Mon Dec 30 09:57:23 2019 GAUSS_SCRDIR=/scratch/bdw2292/Gau-ModifiedRes g09 ModifiedRes-sp-13-1-3-7-289.com has not terminated on node node44
Mon Dec 30 09:57:23 2019 GAUSS_SCRDIR=/scratch/bdw2292/Gau-ModifiedRes g09 ModifiedRes-sp-13-1-3-7-308.com has not terminated on node node45
Mon Dec 30 09:57:23 2019 GAUSS_SCRDIR=/scratch/bdw2292/Gau-ModifiedRes g09 ModifiedRes-sp-13-1-3-7-138.com has not terminated on node node46
Mon Dec 30 09:57:23 2019 GAUSS_SCRDIR=/scratch/bdw2292/Gau-ModifiedRes g09 ModifiedRes-sp-13-1-3-7-119.com has not terminated on node node47
Mon Dec 30 09:57:23 2019 GAUSS_SCRDIR=/scratch/bdw2292/Gau-ModifiedRes g09 ModifiedRes-sp-13-1-3-7-100.com has not terminated on node node48
Mon Dec 30 09:57:23 2019 GAUSS_SCRDIR=/scratch/bdw2292/Gau-ModifiedRes g09 ModifiedRes-sp-13-1-3-7-081.com has not terminated on node node49
Mon Dec 30 09:57:23 2019 GAUSS_SCRDIR=/scratch/bdw2292/Gau-ModifiedRes g09 ModifiedRes-sp-13-1-3-7-062.com has not terminated on node node50
Mon Dec 30 09:57:23 2019 GAUSS_SCRDIR=/scratch/bdw2292/Gau-ModifiedRes g09 ModifiedRes-sp-13-1-3-7-043.com has not terminated on node node51
Mon Dec 30 09:57:23 2019 GAUSS_SCRDIR=/scratch/bdw2292/Gau-ModifiedRes g09 ModifiedRes-sp-13-1-3-7-024.com has not terminated on node node52
Mon Dec 30 09:57:23 2019 GAUSS_SCRDIR=/scratch/bdw2292/Gau-ModifiedRes g09 ModifiedRes-sp-13-1-3-7-005.com has not terminated on node node53
Mon Dec 30 09:57:23 2019 GAUSS_SCRDIR=/scratch/bdw2292/Gau-ModifiedRes g09 ModifiedRes-sp-13-1-3-7-346.com has not terminated on node node54
Mon Dec 30 09:57:28 2019 Sleeping for 5 seconds
Mon Dec 30 09:57:28 2019 GAUSS_SCRDIR=/scratch/bdw2292/Gau-ModifiedRes g09 ModifiedRes-sp-13-1-3-7-156.com has not terminated on node node35
Mon Dec 30 09:57:28 2019 GAUSS_SCRDIR=/scratch/bdw2292/Gau-ModifiedRes g09 ModifiedRes-sp-13-1-3-7-175.com has not terminated on node node36
Mon Dec 30 09:57:28 2019 GAUSS_SCRDIR=/scratch/bdw2292/Gau-ModifiedRes g09 ModifiedRes-sp-13-1-3-7-194.com has not terminated on node node37
Mon Dec 30 09:57:28 2019 GAUSS_SCRDIR=/scratch/bdw2292/Gau-ModifiedRes g09 ModifiedRes-sp-13-1-3-7-213.com has not terminated on node node38
Mon Dec 30 09:57:28 2019 GAUSS_SCRDIR=/scratch/bdw2292/Gau-ModifiedRes g09 ModifiedRes-sp-13-1-3-7-232.com has not terminated on node node40
Mon Dec 30 09:57:28 2019 GAUSS_SCRDIR=/scratch/bdw2292/Gau-ModifiedRes g09 ModifiedRes-sp-13-1-3-7-251.com has not terminated on node node42
Mon Dec 30 09:57:28 2019 GAUSS_SCRDIR=/scratch/bdw2292/Gau-ModifiedRes g09 ModifiedRes-sp-13-1-3-7-270.com has not terminated on node node43
Mon Dec 30 09:57:28 2019 GAUSS_SCRDIR=/scratch/bdw2292/Gau-ModifiedRes g09 ModifiedRes-sp-13-1-3-7-289.com has not terminated on node node44
Mon Dec 30 09:57:28 2019 GAUSS_SCRDIR=/scratch/bdw2292/Gau-ModifiedRes g09 ModifiedRes-sp-13-1-3-7-308.com has not terminated on node node45
Mon Dec 30 09:57:28 2019 GAUSS_SCRDIR=/scratch/bdw2292/Gau-ModifiedRes g09 ModifiedRes-sp-13-1-3-7-138.com has not terminated on node node46
Mon Dec 30 09:57:28 2019 GAUSS_SCRDIR=/scratch/bdw2292/Gau-ModifiedRes g09 ModifiedRes-sp-13-1-3-7-119.com has not terminated on node node47
Mon Dec 30 09:57:28 2019 GAUSS_SCRDIR=/scratch/bdw2292/Gau-ModifiedRes g09 ModifiedRes-sp-13-1-3-7-100.com has not terminated on node node48
Mon Dec 30 09:57:28 2019 GAUSS_SCRDIR=/scratch/bdw2292/Gau-ModifiedRes g09 ModifiedRes-sp-13-1-3-7-081.com has not terminated on node node49
Mon Dec 30 09:57:28 2019 GAUSS_SCRDIR=/scratch/bdw2292/Gau-ModifiedRes g09 ModifiedRes-sp-13-1-3-7-062.com has not terminated on node node50
Mon Dec 30 09:57:28 2019 GAUSS_SCRDIR=/scratch/bdw2292/Gau-ModifiedRes g09 ModifiedRes-sp-13-1-3-7-043.com has not terminated on node node51
Mon Dec 30 09:57:28 2019 GAUSS_SCRDIR=/scratch/bdw2292/Gau-ModifiedRes g09 ModifiedRes-sp-13-1-3-7-024.com has not terminated on node node52
Mon Dec 30 09:57:28 2019 GAUSS_SCRDIR=/scratch/bdw2292/Gau-ModifiedRes g09 ModifiedRes-sp-13-1-3-7-005.com has not terminated on node node53
Mon Dec 30 09:57:28 2019 GAUSS_SCRDIR=/scratch/bdw2292/Gau-ModifiedRes g09 ModifiedRes-sp-13-1-3-7-346.com has not terminated on node node54
Mon Dec 30 09:57:33 2019 Sleeping for 5 seconds
Mon Dec 30 09:57:33 2019 GAUSS_SCRDIR=/scratch/bdw2292/Gau-ModifiedRes g09 ModifiedRes-sp-13-1-3-7-156.com has not terminated on node node35
Mon Dec 30 09:57:33 2019 GAUSS_SCRDIR=/scratch/bdw2292/Gau-ModifiedRes g09 ModifiedRes-sp-13-1-3-7-175.com has not terminated on node node36
Mon Dec 30 09:57:33 2019 GAUSS_SCRDIR=/scratch/bdw2292/Gau-ModifiedRes g09 ModifiedRes-sp-13-1-3-7-194.com has not terminated on node node37
Mon Dec 30 09:57:33 2019 GAUSS_SCRDIR=/scratch/bdw2292/Gau-ModifiedRes g09 ModifiedRes-sp-13-1-3-7-213.com has not terminated on node node38
Mon Dec 30 09:57:33 2019 GAUSS_SCRDIR=/scratch/bdw2292/Gau-ModifiedRes g09 ModifiedRes-sp-13-1-3-7-232.com has not terminated on node node40
Mon Dec 30 09:57:33 2019 GAUSS_SCRDIR=/scratch/bdw2292/Gau-ModifiedRes g09 ModifiedRes-sp-13-1-3-7-251.com has not terminated on node node42
Mon Dec 30 09:57:33 2019 GAUSS_SCRDIR=/scratch/bdw2292/Gau-ModifiedRes g09 ModifiedRes-sp-13-1-3-7-270.com has not terminated on node node43
Mon Dec 30 09:57:33 2019 GAUSS_SCRDIR=/scratch/bdw2292/Gau-ModifiedRes g09 ModifiedRes-sp-13-1-3-7-289.com has not terminated on node node44
Mon Dec 30 09:57:33 2019 GAUSS_SCRDIR=/scratch/bdw2292/Gau-ModifiedRes g09 ModifiedRes-sp-13-1-3-7-308.com has not terminated on node node45
Mon Dec 30 09:57:33 2019 GAUSS_SCRDIR=/scratch/bdw2292/Gau-ModifiedRes g09 ModifiedRes-sp-13-1-3-7-138.com has not terminated on node node46
Mon Dec 30 09:57:33 2019 GAUSS_SCRDIR=/scratch/bdw2292/Gau-ModifiedRes g09 ModifiedRes-sp-13-1-3-7-119.com has not terminated on node node47
Mon Dec 30 09:57:33 2019 GAUSS_SCRDIR=/scratch/bdw2292/Gau-ModifiedRes g09 ModifiedRes-sp-13-1-3-7-100.com has not terminated on node node48
Mon Dec 30 09:57:33 2019 GAUSS_SCRDIR=/scratch/bdw2292/Gau-ModifiedRes g09 ModifiedRes-sp-13-1-3-7-081.com has not terminated on node node49
Mon Dec 30 09:57:33 2019 GAUSS_SCRDIR=/scratch/bdw2292/Gau-ModifiedRes g09 ModifiedRes-sp-13-1-3-7-062.com has not terminated on node node50
Mon Dec 30 09:57:33 2019 GAUSS_SCRDIR=/scratch/bdw2292/Gau-ModifiedRes g09 ModifiedRes-sp-13-1-3-7-043.com has not terminated on node node51
Mon Dec 30 09:57:33 2019 GAUSS_SCRDIR=/scratch/bdw2292/Gau-ModifiedRes g09 ModifiedRes-sp-13-1-3-7-024.com has not terminated on node node52
Mon Dec 30 09:57:33 2019 GAUSS_SCRDIR=/scratch/bdw2292/Gau-ModifiedRes g09 ModifiedRes-sp-13-1-3-7-005.com has not terminated on node node53
Mon Dec 30 09:57:33 2019 GAUSS_SCRDIR=/scratch/bdw2292/Gau-ModifiedRes g09 ModifiedRes-sp-13-1-3-7-346.com has not terminated on node node54
Mon Dec 30 09:57:38 2019 Sleeping for 5 seconds
Mon Dec 30 09:57:38 2019 GAUSS_SCRDIR=/scratch/bdw2292/Gau-ModifiedRes g09 ModifiedRes-sp-13-1-3-7-156.com has not terminated on node node35
Mon Dec 30 09:57:38 2019 GAUSS_SCRDIR=/scratch/bdw2292/Gau-ModifiedRes g09 ModifiedRes-sp-13-1-3-7-175.com has not terminated on node node36
Mon Dec 30 09:57:38 2019 GAUSS_SCRDIR=/scratch/bdw2292/Gau-ModifiedRes g09 ModifiedRes-sp-13-1-3-7-194.com has not terminated on node node37
Mon Dec 30 09:57:38 2019 GAUSS_SCRDIR=/scratch/bdw2292/Gau-ModifiedRes g09 ModifiedRes-sp-13-1-3-7-213.com has not terminated on node node38
Mon Dec 30 09:57:38 2019 GAUSS_SCRDIR=/scratch/bdw2292/Gau-ModifiedRes g09 ModifiedRes-sp-13-1-3-7-232.com has not terminated on node node40
Mon Dec 30 09:57:38 2019 GAUSS_SCRDIR=/scratch/bdw2292/Gau-ModifiedRes g09 ModifiedRes-sp-13-1-3-7-251.com has not terminated on node node42
Mon Dec 30 09:57:38 2019 GAUSS_SCRDIR=/scratch/bdw2292/Gau-ModifiedRes g09 ModifiedRes-sp-13-1-3-7-270.com has not terminated on node node43
Mon Dec 30 09:57:38 2019 GAUSS_SCRDIR=/scratch/bdw2292/Gau-ModifiedRes g09 ModifiedRes-sp-13-1-3-7-289.com has not terminated on node node44
Mon Dec 30 09:57:38 2019 GAUSS_SCRDIR=/scratch/bdw2292/Gau-ModifiedRes g09 ModifiedRes-sp-13-1-3-7-308.com has not terminated on node node45
Mon Dec 30 09:57:38 2019 GAUSS_SCRDIR=/scratch/bdw2292/Gau-ModifiedRes g09 ModifiedRes-sp-13-1-3-7-138.com has not terminated on node node46
Mon Dec 30 09:57:38 2019 GAUSS_SCRDIR=/scratch/bdw2292/Gau-ModifiedRes g09 ModifiedRes-sp-13-1-3-7-119.com has not terminated on node node47
Mon Dec 30 09:57:38 2019 GAUSS_SCRDIR=/scratch/bdw2292/Gau-ModifiedRes g09 ModifiedRes-sp-13-1-3-7-100.com has not terminated on node node48
Mon Dec 30 09:57:38 2019 GAUSS_SCRDIR=/scratch/bdw2292/Gau-ModifiedRes g09 ModifiedRes-sp-13-1-3-7-081.com has not terminated on node node49
Mon Dec 30 09:57:38 2019 GAUSS_SCRDIR=/scratch/bdw2292/Gau-ModifiedRes g09 ModifiedRes-sp-13-1-3-7-062.com has not terminated on node node50
Mon Dec 30 09:57:38 2019 GAUSS_SCRDIR=/scratch/bdw2292/Gau-ModifiedRes g09 ModifiedRes-sp-13-1-3-7-043.com has not terminated on node node51
Mon Dec 30 09:57:38 2019 GAUSS_SCRDIR=/scratch/bdw2292/Gau-ModifiedRes g09 ModifiedRes-sp-13-1-3-7-024.com has not terminated on node node52
Mon Dec 30 09:57:38 2019 GAUSS_SCRDIR=/scratch/bdw2292/Gau-ModifiedRes g09 ModifiedRes-sp-13-1-3-7-005.com has not terminated on node node53
Mon Dec 30 09:57:38 2019 GAUSS_SCRDIR=/scratch/bdw2292/Gau-ModifiedRes g09 ModifiedRes-sp-13-1-3-7-346.com has not terminated on node node54
Mon Dec 30 09:57:43 2019 Sleeping for 5 seconds
Mon Dec 30 09:57:43 2019 GAUSS_SCRDIR=/scratch/bdw2292/Gau-ModifiedRes g09 ModifiedRes-sp-13-1-3-7-156.com has not terminated on node node35
Mon Dec 30 09:57:43 2019 GAUSS_SCRDIR=/scratch/bdw2292/Gau-ModifiedRes g09 ModifiedRes-sp-13-1-3-7-175.com has not terminated on node node36
Mon Dec 30 09:57:43 2019 GAUSS_SCRDIR=/scratch/bdw2292/Gau-ModifiedRes g09 ModifiedRes-sp-13-1-3-7-194.com has not terminated on node node37
Mon Dec 30 09:57:43 2019 GAUSS_SCRDIR=/scratch/bdw2292/Gau-ModifiedRes g09 ModifiedRes-sp-13-1-3-7-213.com has not terminated on node node38
Mon Dec 30 09:57:43 2019 GAUSS_SCRDIR=/scratch/bdw2292/Gau-ModifiedRes g09 ModifiedRes-sp-13-1-3-7-232.com has not terminated on node node40
Mon Dec 30 09:57:43 2019 GAUSS_SCRDIR=/scratch/bdw2292/Gau-ModifiedRes g09 ModifiedRes-sp-13-1-3-7-251.com has not terminated on node node42
Mon Dec 30 09:57:43 2019 GAUSS_SCRDIR=/scratch/bdw2292/Gau-ModifiedRes g09 ModifiedRes-sp-13-1-3-7-270.com has not terminated on node node43
Mon Dec 30 09:57:43 2019 GAUSS_SCRDIR=/scratch/bdw2292/Gau-ModifiedRes g09 ModifiedRes-sp-13-1-3-7-289.com has not terminated on node node44
Mon Dec 30 09:57:43 2019 GAUSS_SCRDIR=/scratch/bdw2292/Gau-ModifiedRes g09 ModifiedRes-sp-13-1-3-7-308.com has not terminated on node node45
Mon Dec 30 09:57:43 2019 GAUSS_SCRDIR=/scratch/bdw2292/Gau-ModifiedRes g09 ModifiedRes-sp-13-1-3-7-138.com has not terminated on node node46
Mon Dec 30 09:57:43 2019 GAUSS_SCRDIR=/scratch/bdw2292/Gau-ModifiedRes g09 ModifiedRes-sp-13-1-3-7-119.com has not terminated on node node47
Mon Dec 30 09:57:43 2019 GAUSS_SCRDIR=/scratch/bdw2292/Gau-ModifiedRes g09 ModifiedRes-sp-13-1-3-7-100.com has not terminated on node node48
Mon Dec 30 09:57:43 2019 GAUSS_SCRDIR=/scratch/bdw2292/Gau-ModifiedRes g09 ModifiedRes-sp-13-1-3-7-081.com has not terminated on node node49
Mon Dec 30 09:57:43 2019 GAUSS_SCRDIR=/scratch/bdw2292/Gau-ModifiedRes g09 ModifiedRes-sp-13-1-3-7-062.com has not terminated on node node50
Mon Dec 30 09:57:43 2019 GAUSS_SCRDIR=/scratch/bdw2292/Gau-ModifiedRes g09 ModifiedRes-sp-13-1-3-7-043.com has not terminated on node node51
Mon Dec 30 09:57:43 2019 GAUSS_SCRDIR=/scratch/bdw2292/Gau-ModifiedRes g09 ModifiedRes-sp-13-1-3-7-024.com has not terminated on node node52
Mon Dec 30 09:57:43 2019 GAUSS_SCRDIR=/scratch/bdw2292/Gau-ModifiedRes g09 ModifiedRes-sp-13-1-3-7-005.com has not terminated on node node53
Mon Dec 30 09:57:43 2019 GAUSS_SCRDIR=/scratch/bdw2292/Gau-ModifiedRes g09 ModifiedRes-sp-13-1-3-7-346.com has not terminated on node node54
Mon Dec 30 09:57:48 2019 Sleeping for 5 seconds
Mon Dec 30 09:57:48 2019 GAUSS_SCRDIR=/scratch/bdw2292/Gau-ModifiedRes g09 ModifiedRes-sp-13-1-3-7-156.com has not terminated on node node35
Mon Dec 30 09:57:48 2019 GAUSS_SCRDIR=/scratch/bdw2292/Gau-ModifiedRes g09 ModifiedRes-sp-13-1-3-7-175.com has not terminated on node node36
Mon Dec 30 09:57:48 2019 GAUSS_SCRDIR=/scratch/bdw2292/Gau-ModifiedRes g09 ModifiedRes-sp-13-1-3-7-194.com has not terminated on node node37
Mon Dec 30 09:57:48 2019 GAUSS_SCRDIR=/scratch/bdw2292/Gau-ModifiedRes g09 ModifiedRes-sp-13-1-3-7-213.com has not terminated on node node38
Mon Dec 30 09:57:48 2019 GAUSS_SCRDIR=/scratch/bdw2292/Gau-ModifiedRes g09 ModifiedRes-sp-13-1-3-7-232.com has not terminated on node node40
Mon Dec 30 09:57:48 2019 GAUSS_SCRDIR=/scratch/bdw2292/Gau-ModifiedRes g09 ModifiedRes-sp-13-1-3-7-251.com has not terminated on node node42
Mon Dec 30 09:57:48 2019 GAUSS_SCRDIR=/scratch/bdw2292/Gau-ModifiedRes g09 ModifiedRes-sp-13-1-3-7-270.com has not terminated on node node43
Mon Dec 30 09:57:48 2019 GAUSS_SCRDIR=/scratch/bdw2292/Gau-ModifiedRes g09 ModifiedRes-sp-13-1-3-7-289.com has not terminated on node node44
Mon Dec 30 09:57:48 2019 GAUSS_SCRDIR=/scratch/bdw2292/Gau-ModifiedRes g09 ModifiedRes-sp-13-1-3-7-308.com has not terminated on node node45
Mon Dec 30 09:57:48 2019 GAUSS_SCRDIR=/scratch/bdw2292/Gau-ModifiedRes g09 ModifiedRes-sp-13-1-3-7-138.com has not terminated on node node46
Mon Dec 30 09:57:48 2019 GAUSS_SCRDIR=/scratch/bdw2292/Gau-ModifiedRes g09 ModifiedRes-sp-13-1-3-7-119.com has not terminated on node node47
Mon Dec 30 09:57:48 2019 GAUSS_SCRDIR=/scratch/bdw2292/Gau-ModifiedRes g09 ModifiedRes-sp-13-1-3-7-100.com has not terminated on node node48
Mon Dec 30 09:57:48 2019 GAUSS_SCRDIR=/scratch/bdw2292/Gau-ModifiedRes g09 ModifiedRes-sp-13-1-3-7-081.com has not terminated on node node49
Mon Dec 30 09:57:48 2019 GAUSS_SCRDIR=/scratch/bdw2292/Gau-ModifiedRes g09 ModifiedRes-sp-13-1-3-7-062.com has not terminated on node node50
Mon Dec 30 09:57:48 2019 GAUSS_SCRDIR=/scratch/bdw2292/Gau-ModifiedRes g09 ModifiedRes-sp-13-1-3-7-043.com has not terminated on node node51
Mon Dec 30 09:57:48 2019 GAUSS_SCRDIR=/scratch/bdw2292/Gau-ModifiedRes g09 ModifiedRes-sp-13-1-3-7-024.com has not terminated on node node52
Mon Dec 30 09:57:48 2019 GAUSS_SCRDIR=/scratch/bdw2292/Gau-ModifiedRes g09 ModifiedRes-sp-13-1-3-7-005.com has not terminated on node node53
Mon Dec 30 09:57:48 2019 GAUSS_SCRDIR=/scratch/bdw2292/Gau-ModifiedRes g09 ModifiedRes-sp-13-1-3-7-346.com has not terminated on node node54
Mon Dec 30 09:57:53 2019 Sleeping for 5 seconds
Mon Dec 30 09:57:53 2019 GAUSS_SCRDIR=/scratch/bdw2292/Gau-ModifiedRes g09 ModifiedRes-sp-13-1-3-7-156.com has not terminated on node node35
Mon Dec 30 09:57:53 2019 GAUSS_SCRDIR=/scratch/bdw2292/Gau-ModifiedRes g09 ModifiedRes-sp-13-1-3-7-175.com has not terminated on node node36
Mon Dec 30 09:57:53 2019 GAUSS_SCRDIR=/scratch/bdw2292/Gau-ModifiedRes g09 ModifiedRes-sp-13-1-3-7-194.com has not terminated on node node37
Mon Dec 30 09:57:53 2019 GAUSS_SCRDIR=/scratch/bdw2292/Gau-ModifiedRes g09 ModifiedRes-sp-13-1-3-7-213.com has not terminated on node node38
Mon Dec 30 09:57:53 2019 GAUSS_SCRDIR=/scratch/bdw2292/Gau-ModifiedRes g09 ModifiedRes-sp-13-1-3-7-232.com has not terminated on node node40
Mon Dec 30 09:57:53 2019 GAUSS_SCRDIR=/scratch/bdw2292/Gau-ModifiedRes g09 ModifiedRes-sp-13-1-3-7-251.com has not terminated on node node42
Mon Dec 30 09:57:53 2019 GAUSS_SCRDIR=/scratch/bdw2292/Gau-ModifiedRes g09 ModifiedRes-sp-13-1-3-7-270.com has not terminated on node node43
Mon Dec 30 09:57:53 2019 GAUSS_SCRDIR=/scratch/bdw2292/Gau-ModifiedRes g09 ModifiedRes-sp-13-1-3-7-289.com has not terminated on node node44
Mon Dec 30 09:57:53 2019 GAUSS_SCRDIR=/scratch/bdw2292/Gau-ModifiedRes g09 ModifiedRes-sp-13-1-3-7-308.com has not terminated on node node45
Mon Dec 30 09:57:53 2019 GAUSS_SCRDIR=/scratch/bdw2292/Gau-ModifiedRes g09 ModifiedRes-sp-13-1-3-7-138.com has not terminated on node node46
Mon Dec 30 09:57:53 2019 GAUSS_SCRDIR=/scratch/bdw2292/Gau-ModifiedRes g09 ModifiedRes-sp-13-1-3-7-119.com has not terminated on node node47
Mon Dec 30 09:57:53 2019 GAUSS_SCRDIR=/scratch/bdw2292/Gau-ModifiedRes g09 ModifiedRes-sp-13-1-3-7-100.com has not terminated on node node48
Mon Dec 30 09:57:53 2019 GAUSS_SCRDIR=/scratch/bdw2292/Gau-ModifiedRes g09 ModifiedRes-sp-13-1-3-7-081.com has not terminated on node node49
Mon Dec 30 09:57:53 2019 GAUSS_SCRDIR=/scratch/bdw2292/Gau-ModifiedRes g09 ModifiedRes-sp-13-1-3-7-062.com has not terminated on node node50
Mon Dec 30 09:57:53 2019 GAUSS_SCRDIR=/scratch/bdw2292/Gau-ModifiedRes g09 ModifiedRes-sp-13-1-3-7-043.com has not terminated on node node51
Mon Dec 30 09:57:53 2019 GAUSS_SCRDIR=/scratch/bdw2292/Gau-ModifiedRes g09 ModifiedRes-sp-13-1-3-7-024.com has not terminated on node node52
Mon Dec 30 09:57:53 2019 GAUSS_SCRDIR=/scratch/bdw2292/Gau-ModifiedRes g09 ModifiedRes-sp-13-1-3-7-005.com has not terminated on node node53
Mon Dec 30 09:57:53 2019 GAUSS_SCRDIR=/scratch/bdw2292/Gau-ModifiedRes g09 ModifiedRes-sp-13-1-3-7-346.com has not terminated on node node54
Mon Dec 30 09:57:58 2019 Sleeping for 5 seconds
Mon Dec 30 09:57:58 2019 GAUSS_SCRDIR=/scratch/bdw2292/Gau-ModifiedRes g09 ModifiedRes-sp-13-1-3-7-156.com has not terminated on node node35
Mon Dec 30 09:57:58 2019 GAUSS_SCRDIR=/scratch/bdw2292/Gau-ModifiedRes g09 ModifiedRes-sp-13-1-3-7-175.com has not terminated on node node36
Mon Dec 30 09:57:58 2019 GAUSS_SCRDIR=/scratch/bdw2292/Gau-ModifiedRes g09 ModifiedRes-sp-13-1-3-7-194.com has not terminated on node node37
Mon Dec 30 09:57:58 2019 GAUSS_SCRDIR=/scratch/bdw2292/Gau-ModifiedRes g09 ModifiedRes-sp-13-1-3-7-213.com has not terminated on node node38
Mon Dec 30 09:57:58 2019 GAUSS_SCRDIR=/scratch/bdw2292/Gau-ModifiedRes g09 ModifiedRes-sp-13-1-3-7-232.com has not terminated on node node40
Mon Dec 30 09:57:58 2019 GAUSS_SCRDIR=/scratch/bdw2292/Gau-ModifiedRes g09 ModifiedRes-sp-13-1-3-7-251.com has not terminated on node node42
Mon Dec 30 09:57:58 2019 GAUSS_SCRDIR=/scratch/bdw2292/Gau-ModifiedRes g09 ModifiedRes-sp-13-1-3-7-270.com has not terminated on node node43
Mon Dec 30 09:57:58 2019 GAUSS_SCRDIR=/scratch/bdw2292/Gau-ModifiedRes g09 ModifiedRes-sp-13-1-3-7-289.com has not terminated on node node44
Mon Dec 30 09:57:58 2019 GAUSS_SCRDIR=/scratch/bdw2292/Gau-ModifiedRes g09 ModifiedRes-sp-13-1-3-7-308.com has not terminated on node node45
Mon Dec 30 09:57:58 2019 GAUSS_SCRDIR=/scratch/bdw2292/Gau-ModifiedRes g09 ModifiedRes-sp-13-1-3-7-138.com has not terminated on node node46
Mon Dec 30 09:57:58 2019 GAUSS_SCRDIR=/scratch/bdw2292/Gau-ModifiedRes g09 ModifiedRes-sp-13-1-3-7-119.com has not terminated on node node47
Mon Dec 30 09:57:58 2019 GAUSS_SCRDIR=/scratch/bdw2292/Gau-ModifiedRes g09 ModifiedRes-sp-13-1-3-7-100.com has not terminated on node node48
Mon Dec 30 09:57:58 2019 GAUSS_SCRDIR=/scratch/bdw2292/Gau-ModifiedRes g09 ModifiedRes-sp-13-1-3-7-081.com has not terminated on node node49
Mon Dec 30 09:57:58 2019 GAUSS_SCRDIR=/scratch/bdw2292/Gau-ModifiedRes g09 ModifiedRes-sp-13-1-3-7-062.com has not terminated on node node50
Mon Dec 30 09:57:58 2019 GAUSS_SCRDIR=/scratch/bdw2292/Gau-ModifiedRes g09 ModifiedRes-sp-13-1-3-7-043.com has not terminated on node node51
Mon Dec 30 09:57:58 2019 GAUSS_SCRDIR=/scratch/bdw2292/Gau-ModifiedRes g09 ModifiedRes-sp-13-1-3-7-024.com has not terminated on node node52
Mon Dec 30 09:57:58 2019 GAUSS_SCRDIR=/scratch/bdw2292/Gau-ModifiedRes g09 ModifiedRes-sp-13-1-3-7-005.com has not terminated on node node53
Mon Dec 30 09:57:58 2019 GAUSS_SCRDIR=/scratch/bdw2292/Gau-ModifiedRes g09 ModifiedRes-sp-13-1-3-7-346.com has not terminated on node node54
Mon Dec 30 09:58:03 2019 Sleeping for 5 seconds
Mon Dec 30 09:58:03 2019 GAUSS_SCRDIR=/scratch/bdw2292/Gau-ModifiedRes g09 ModifiedRes-sp-13-1-3-7-156.com has not terminated on node node35
Mon Dec 30 09:58:03 2019 GAUSS_SCRDIR=/scratch/bdw2292/Gau-ModifiedRes g09 ModifiedRes-sp-13-1-3-7-175.com has not terminated on node node36
Mon Dec 30 09:58:03 2019 GAUSS_SCRDIR=/scratch/bdw2292/Gau-ModifiedRes g09 ModifiedRes-sp-13-1-3-7-194.com has not terminated on node node37
Mon Dec 30 09:58:03 2019 GAUSS_SCRDIR=/scratch/bdw2292/Gau-ModifiedRes g09 ModifiedRes-sp-13-1-3-7-213.com has not terminated on node node38
Mon Dec 30 09:58:03 2019 GAUSS_SCRDIR=/scratch/bdw2292/Gau-ModifiedRes g09 ModifiedRes-sp-13-1-3-7-232.com has not terminated on node node40
Mon Dec 30 09:58:03 2019 GAUSS_SCRDIR=/scratch/bdw2292/Gau-ModifiedRes g09 ModifiedRes-sp-13-1-3-7-251.com has not terminated on node node42
Mon Dec 30 09:58:03 2019 GAUSS_SCRDIR=/scratch/bdw2292/Gau-ModifiedRes g09 ModifiedRes-sp-13-1-3-7-270.com has not terminated on node node43
Mon Dec 30 09:58:03 2019 GAUSS_SCRDIR=/scratch/bdw2292/Gau-ModifiedRes g09 ModifiedRes-sp-13-1-3-7-289.com has not terminated on node node44
Mon Dec 30 09:58:03 2019 GAUSS_SCRDIR=/scratch/bdw2292/Gau-ModifiedRes g09 ModifiedRes-sp-13-1-3-7-308.com has not terminated on node node45
Mon Dec 30 09:58:03 2019 GAUSS_SCRDIR=/scratch/bdw2292/Gau-ModifiedRes g09 ModifiedRes-sp-13-1-3-7-138.com has not terminated on node node46
Mon Dec 30 09:58:03 2019 GAUSS_SCRDIR=/scratch/bdw2292/Gau-ModifiedRes g09 ModifiedRes-sp-13-1-3-7-119.com has not terminated on node node47
Mon Dec 30 09:58:03 2019 GAUSS_SCRDIR=/scratch/bdw2292/Gau-ModifiedRes g09 ModifiedRes-sp-13-1-3-7-100.com has not terminated on node node48
Mon Dec 30 09:58:03 2019 GAUSS_SCRDIR=/scratch/bdw2292/Gau-ModifiedRes g09 ModifiedRes-sp-13-1-3-7-081.com has not terminated on node node49
Mon Dec 30 09:58:03 2019 GAUSS_SCRDIR=/scratch/bdw2292/Gau-ModifiedRes g09 ModifiedRes-sp-13-1-3-7-062.com has not terminated on node node50
Mon Dec 30 09:58:03 2019 GAUSS_SCRDIR=/scratch/bdw2292/Gau-ModifiedRes g09 ModifiedRes-sp-13-1-3-7-043.com has not terminated on node node51
Mon Dec 30 09:58:03 2019 GAUSS_SCRDIR=/scratch/bdw2292/Gau-ModifiedRes g09 ModifiedRes-sp-13-1-3-7-024.com has not terminated on node node52
Mon Dec 30 09:58:03 2019 GAUSS_SCRDIR=/scratch/bdw2292/Gau-ModifiedRes g09 ModifiedRes-sp-13-1-3-7-005.com has not terminated on node node53
Mon Dec 30 09:58:03 2019 GAUSS_SCRDIR=/scratch/bdw2292/Gau-ModifiedRes g09 ModifiedRes-sp-13-1-3-7-346.com has not terminated on node node54
Mon Dec 30 09:58:08 2019 Sleeping for 5 seconds
Mon Dec 30 09:58:08 2019 GAUSS_SCRDIR=/scratch/bdw2292/Gau-ModifiedRes g09 ModifiedRes-sp-13-1-3-7-156.com has not terminated on node node35
Mon Dec 30 09:58:08 2019 GAUSS_SCRDIR=/scratch/bdw2292/Gau-ModifiedRes g09 ModifiedRes-sp-13-1-3-7-175.com has not terminated on node node36
Mon Dec 30 09:58:08 2019 GAUSS_SCRDIR=/scratch/bdw2292/Gau-ModifiedRes g09 ModifiedRes-sp-13-1-3-7-194.com has not terminated on node node37
Mon Dec 30 09:58:08 2019 GAUSS_SCRDIR=/scratch/bdw2292/Gau-ModifiedRes g09 ModifiedRes-sp-13-1-3-7-213.com has not terminated on node node38
Mon Dec 30 09:58:08 2019 GAUSS_SCRDIR=/scratch/bdw2292/Gau-ModifiedRes g09 ModifiedRes-sp-13-1-3-7-232.com has not terminated on node node40
Mon Dec 30 09:58:08 2019 GAUSS_SCRDIR=/scratch/bdw2292/Gau-ModifiedRes g09 ModifiedRes-sp-13-1-3-7-251.com has not terminated on node node42
Mon Dec 30 09:58:08 2019 GAUSS_SCRDIR=/scratch/bdw2292/Gau-ModifiedRes g09 ModifiedRes-sp-13-1-3-7-270.com has not terminated on node node43
Mon Dec 30 09:58:08 2019 GAUSS_SCRDIR=/scratch/bdw2292/Gau-ModifiedRes g09 ModifiedRes-sp-13-1-3-7-289.com has not terminated on node node44
Mon Dec 30 09:58:08 2019 GAUSS_SCRDIR=/scratch/bdw2292/Gau-ModifiedRes g09 ModifiedRes-sp-13-1-3-7-308.com has not terminated on node node45
Mon Dec 30 09:58:08 2019 GAUSS_SCRDIR=/scratch/bdw2292/Gau-ModifiedRes g09 ModifiedRes-sp-13-1-3-7-138.com has not terminated on node node46
Mon Dec 30 09:58:08 2019 GAUSS_SCRDIR=/scratch/bdw2292/Gau-ModifiedRes g09 ModifiedRes-sp-13-1-3-7-119.com has not terminated on node node47
Mon Dec 30 09:58:08 2019 GAUSS_SCRDIR=/scratch/bdw2292/Gau-ModifiedRes g09 ModifiedRes-sp-13-1-3-7-100.com has not terminated on node node48
Mon Dec 30 09:58:08 2019 GAUSS_SCRDIR=/scratch/bdw2292/Gau-ModifiedRes g09 ModifiedRes-sp-13-1-3-7-081.com has not terminated on node node49
Mon Dec 30 09:58:08 2019 GAUSS_SCRDIR=/scratch/bdw2292/Gau-ModifiedRes g09 ModifiedRes-sp-13-1-3-7-062.com has not terminated on node node50
Mon Dec 30 09:58:08 2019 GAUSS_SCRDIR=/scratch/bdw2292/Gau-ModifiedRes g09 ModifiedRes-sp-13-1-3-7-043.com has not terminated on node node51
Mon Dec 30 09:58:08 2019 GAUSS_SCRDIR=/scratch/bdw2292/Gau-ModifiedRes g09 ModifiedRes-sp-13-1-3-7-024.com has not terminated on node node52
Mon Dec 30 09:58:08 2019 GAUSS_SCRDIR=/scratch/bdw2292/Gau-ModifiedRes g09 ModifiedRes-sp-13-1-3-7-005.com has not terminated on node node53
Mon Dec 30 09:58:08 2019 GAUSS_SCRDIR=/scratch/bdw2292/Gau-ModifiedRes g09 ModifiedRes-sp-13-1-3-7-346.com has not terminated on node node54
Mon Dec 30 09:58:13 2019 Sleeping for 5 seconds
Mon Dec 30 09:58:13 2019 GAUSS_SCRDIR=/scratch/bdw2292/Gau-ModifiedRes g09 ModifiedRes-sp-13-1-3-7-156.com has not terminated on node node35
Mon Dec 30 09:58:13 2019 GAUSS_SCRDIR=/scratch/bdw2292/Gau-ModifiedRes g09 ModifiedRes-sp-13-1-3-7-175.com has not terminated on node node36
Mon Dec 30 09:58:13 2019 GAUSS_SCRDIR=/scratch/bdw2292/Gau-ModifiedRes g09 ModifiedRes-sp-13-1-3-7-194.com has not terminated on node node37
Mon Dec 30 09:58:13 2019 GAUSS_SCRDIR=/scratch/bdw2292/Gau-ModifiedRes g09 ModifiedRes-sp-13-1-3-7-213.com has not terminated on node node38
Mon Dec 30 09:58:13 2019 GAUSS_SCRDIR=/scratch/bdw2292/Gau-ModifiedRes g09 ModifiedRes-sp-13-1-3-7-232.com has not terminated on node node40
Mon Dec 30 09:58:13 2019 GAUSS_SCRDIR=/scratch/bdw2292/Gau-ModifiedRes g09 ModifiedRes-sp-13-1-3-7-251.com has not terminated on node node42
Mon Dec 30 09:58:13 2019 GAUSS_SCRDIR=/scratch/bdw2292/Gau-ModifiedRes g09 ModifiedRes-sp-13-1-3-7-270.com has not terminated on node node43
Mon Dec 30 09:58:13 2019 GAUSS_SCRDIR=/scratch/bdw2292/Gau-ModifiedRes g09 ModifiedRes-sp-13-1-3-7-289.com has not terminated on node node44
Mon Dec 30 09:58:13 2019 GAUSS_SCRDIR=/scratch/bdw2292/Gau-ModifiedRes g09 ModifiedRes-sp-13-1-3-7-308.com has not terminated on node node45
Mon Dec 30 09:58:13 2019 GAUSS_SCRDIR=/scratch/bdw2292/Gau-ModifiedRes g09 ModifiedRes-sp-13-1-3-7-138.com has not terminated on node node46
Mon Dec 30 09:58:13 2019 GAUSS_SCRDIR=/scratch/bdw2292/Gau-ModifiedRes g09 ModifiedRes-sp-13-1-3-7-119.com has not terminated on node node47
Mon Dec 30 09:58:13 2019 GAUSS_SCRDIR=/scratch/bdw2292/Gau-ModifiedRes g09 ModifiedRes-sp-13-1-3-7-100.com has not terminated on node node48
Mon Dec 30 09:58:13 2019 GAUSS_SCRDIR=/scratch/bdw2292/Gau-ModifiedRes g09 ModifiedRes-sp-13-1-3-7-081.com has not terminated on node node49
Mon Dec 30 09:58:13 2019 GAUSS_SCRDIR=/scratch/bdw2292/Gau-ModifiedRes g09 ModifiedRes-sp-13-1-3-7-062.com has not terminated on node node50
Mon Dec 30 09:58:13 2019 GAUSS_SCRDIR=/scratch/bdw2292/Gau-ModifiedRes g09 ModifiedRes-sp-13-1-3-7-043.com has not terminated on node node51
Mon Dec 30 09:58:13 2019 GAUSS_SCRDIR=/scratch/bdw2292/Gau-ModifiedRes g09 ModifiedRes-sp-13-1-3-7-024.com has not terminated on node node52
Mon Dec 30 09:58:13 2019 GAUSS_SCRDIR=/scratch/bdw2292/Gau-ModifiedRes g09 ModifiedRes-sp-13-1-3-7-005.com has not terminated on node node53
Mon Dec 30 09:58:13 2019 GAUSS_SCRDIR=/scratch/bdw2292/Gau-ModifiedRes g09 ModifiedRes-sp-13-1-3-7-346.com has not terminated on node node54
Mon Dec 30 09:58:18 2019 Sleeping for 5 seconds
Mon Dec 30 09:58:18 2019 GAUSS_SCRDIR=/scratch/bdw2292/Gau-ModifiedRes g09 ModifiedRes-sp-13-1-3-7-156.com has not terminated on node node35
Mon Dec 30 09:58:18 2019 GAUSS_SCRDIR=/scratch/bdw2292/Gau-ModifiedRes g09 ModifiedRes-sp-13-1-3-7-175.com has not terminated on node node36
Mon Dec 30 09:58:18 2019 GAUSS_SCRDIR=/scratch/bdw2292/Gau-ModifiedRes g09 ModifiedRes-sp-13-1-3-7-194.com has not terminated on node node37
Mon Dec 30 09:58:18 2019 GAUSS_SCRDIR=/scratch/bdw2292/Gau-ModifiedRes g09 ModifiedRes-sp-13-1-3-7-213.com has not terminated on node node38
Mon Dec 30 09:58:18 2019 GAUSS_SCRDIR=/scratch/bdw2292/Gau-ModifiedRes g09 ModifiedRes-sp-13-1-3-7-232.com has not terminated on node node40
Mon Dec 30 09:58:18 2019 GAUSS_SCRDIR=/scratch/bdw2292/Gau-ModifiedRes g09 ModifiedRes-sp-13-1-3-7-251.com has not terminated on node node42
Mon Dec 30 09:58:18 2019 GAUSS_SCRDIR=/scratch/bdw2292/Gau-ModifiedRes g09 ModifiedRes-sp-13-1-3-7-270.com has not terminated on node node43
Mon Dec 30 09:58:18 2019 GAUSS_SCRDIR=/scratch/bdw2292/Gau-ModifiedRes g09 ModifiedRes-sp-13-1-3-7-289.com has not terminated on node node44
Mon Dec 30 09:58:18 2019 GAUSS_SCRDIR=/scratch/bdw2292/Gau-ModifiedRes g09 ModifiedRes-sp-13-1-3-7-308.com has not terminated on node node45
Mon Dec 30 09:58:18 2019 GAUSS_SCRDIR=/scratch/bdw2292/Gau-ModifiedRes g09 ModifiedRes-sp-13-1-3-7-138.com has not terminated on node node46
Mon Dec 30 09:58:18 2019 GAUSS_SCRDIR=/scratch/bdw2292/Gau-ModifiedRes g09 ModifiedRes-sp-13-1-3-7-119.com has not terminated on node node47
Mon Dec 30 09:58:18 2019 GAUSS_SCRDIR=/scratch/bdw2292/Gau-ModifiedRes g09 ModifiedRes-sp-13-1-3-7-100.com has not terminated on node node48
Mon Dec 30 09:58:18 2019 GAUSS_SCRDIR=/scratch/bdw2292/Gau-ModifiedRes g09 ModifiedRes-sp-13-1-3-7-081.com has not terminated on node node49
Mon Dec 30 09:58:18 2019 GAUSS_SCRDIR=/scratch/bdw2292/Gau-ModifiedRes g09 ModifiedRes-sp-13-1-3-7-062.com has not terminated on node node50
Mon Dec 30 09:58:18 2019 GAUSS_SCRDIR=/scratch/bdw2292/Gau-ModifiedRes g09 ModifiedRes-sp-13-1-3-7-043.com has not terminated on node node51
Mon Dec 30 09:58:18 2019 GAUSS_SCRDIR=/scratch/bdw2292/Gau-ModifiedRes g09 ModifiedRes-sp-13-1-3-7-024.com has not terminated on node node52
Mon Dec 30 09:58:18 2019 GAUSS_SCRDIR=/scratch/bdw2292/Gau-ModifiedRes g09 ModifiedRes-sp-13-1-3-7-005.com has not terminated on node node53
Mon Dec 30 09:58:18 2019 GAUSS_SCRDIR=/scratch/bdw2292/Gau-ModifiedRes g09 ModifiedRes-sp-13-1-3-7-346.com has not terminated on node node54
Mon Dec 30 09:58:23 2019 Sleeping for 5 seconds
Mon Dec 30 09:58:23 2019 GAUSS_SCRDIR=/scratch/bdw2292/Gau-ModifiedRes g09 ModifiedRes-sp-13-1-3-7-156.com has not terminated on node node35
Mon Dec 30 09:58:23 2019 GAUSS_SCRDIR=/scratch/bdw2292/Gau-ModifiedRes g09 ModifiedRes-sp-13-1-3-7-175.com has not terminated on node node36
Mon Dec 30 09:58:23 2019 GAUSS_SCRDIR=/scratch/bdw2292/Gau-ModifiedRes g09 ModifiedRes-sp-13-1-3-7-194.com has not terminated on node node37
Mon Dec 30 09:58:23 2019 GAUSS_SCRDIR=/scratch/bdw2292/Gau-ModifiedRes g09 ModifiedRes-sp-13-1-3-7-213.com has not terminated on node node38
Mon Dec 30 09:58:23 2019 GAUSS_SCRDIR=/scratch/bdw2292/Gau-ModifiedRes g09 ModifiedRes-sp-13-1-3-7-232.com has not terminated on node node40
Mon Dec 30 09:58:23 2019 GAUSS_SCRDIR=/scratch/bdw2292/Gau-ModifiedRes g09 ModifiedRes-sp-13-1-3-7-251.com has not terminated on node node42
Mon Dec 30 09:58:23 2019 GAUSS_SCRDIR=/scratch/bdw2292/Gau-ModifiedRes g09 ModifiedRes-sp-13-1-3-7-270.com has not terminated on node node43
Mon Dec 30 09:58:23 2019 GAUSS_SCRDIR=/scratch/bdw2292/Gau-ModifiedRes g09 ModifiedRes-sp-13-1-3-7-289.com has not terminated on node node44
Mon Dec 30 09:58:23 2019 GAUSS_SCRDIR=/scratch/bdw2292/Gau-ModifiedRes g09 ModifiedRes-sp-13-1-3-7-308.com has not terminated on node node45
Mon Dec 30 09:58:23 2019 GAUSS_SCRDIR=/scratch/bdw2292/Gau-ModifiedRes g09 ModifiedRes-sp-13-1-3-7-138.com has not terminated on node node46
Mon Dec 30 09:58:23 2019 GAUSS_SCRDIR=/scratch/bdw2292/Gau-ModifiedRes g09 ModifiedRes-sp-13-1-3-7-119.com has not terminated on node node47
Mon Dec 30 09:58:23 2019 GAUSS_SCRDIR=/scratch/bdw2292/Gau-ModifiedRes g09 ModifiedRes-sp-13-1-3-7-100.com has not terminated on node node48
Mon Dec 30 09:58:23 2019 GAUSS_SCRDIR=/scratch/bdw2292/Gau-ModifiedRes g09 ModifiedRes-sp-13-1-3-7-081.com has not terminated on node node49
Mon Dec 30 09:58:23 2019 GAUSS_SCRDIR=/scratch/bdw2292/Gau-ModifiedRes g09 ModifiedRes-sp-13-1-3-7-062.com has not terminated on node node50
Mon Dec 30 09:58:23 2019 GAUSS_SCRDIR=/scratch/bdw2292/Gau-ModifiedRes g09 ModifiedRes-sp-13-1-3-7-043.com has not terminated on node node51
Mon Dec 30 09:58:23 2019 GAUSS_SCRDIR=/scratch/bdw2292/Gau-ModifiedRes g09 ModifiedRes-sp-13-1-3-7-024.com has not terminated on node node52
Mon Dec 30 09:58:23 2019 GAUSS_SCRDIR=/scratch/bdw2292/Gau-ModifiedRes g09 ModifiedRes-sp-13-1-3-7-005.com has not terminated on node node53
Mon Dec 30 09:58:23 2019 GAUSS_SCRDIR=/scratch/bdw2292/Gau-ModifiedRes g09 ModifiedRes-sp-13-1-3-7-346.com has not terminated on node node54
Mon Dec 30 09:58:28 2019 Sleeping for 5 seconds
Mon Dec 30 09:58:28 2019 GAUSS_SCRDIR=/scratch/bdw2292/Gau-ModifiedRes g09 ModifiedRes-sp-13-1-3-7-156.com has not terminated on node node35
Mon Dec 30 09:58:28 2019 GAUSS_SCRDIR=/scratch/bdw2292/Gau-ModifiedRes g09 ModifiedRes-sp-13-1-3-7-175.com has not terminated on node node36
Mon Dec 30 09:58:28 2019 GAUSS_SCRDIR=/scratch/bdw2292/Gau-ModifiedRes g09 ModifiedRes-sp-13-1-3-7-194.com has not terminated on node node37
Mon Dec 30 09:58:28 2019 GAUSS_SCRDIR=/scratch/bdw2292/Gau-ModifiedRes g09 ModifiedRes-sp-13-1-3-7-213.com has not terminated on node node38
Mon Dec 30 09:58:28 2019 GAUSS_SCRDIR=/scratch/bdw2292/Gau-ModifiedRes g09 ModifiedRes-sp-13-1-3-7-232.com has not terminated on node node40
Mon Dec 30 09:58:28 2019 GAUSS_SCRDIR=/scratch/bdw2292/Gau-ModifiedRes g09 ModifiedRes-sp-13-1-3-7-251.com has terminated on node node42
Mon Dec 30 09:58:28 2019 GAUSS_SCRDIR=/scratch/bdw2292/Gau-ModifiedRes g09 ModifiedRes-sp-13-1-3-7-270.com has terminated on node node43
Mon Dec 30 09:58:28 2019 GAUSS_SCRDIR=/scratch/bdw2292/Gau-ModifiedRes g09 ModifiedRes-sp-13-1-3-7-289.com has terminated on node node44
Mon Dec 30 09:58:28 2019 GAUSS_SCRDIR=/scratch/bdw2292/Gau-ModifiedRes g09 ModifiedRes-sp-13-1-3-7-308.com has not terminated on node node45
Mon Dec 30 09:58:28 2019 GAUSS_SCRDIR=/scratch/bdw2292/Gau-ModifiedRes g09 ModifiedRes-sp-13-1-3-7-138.com has terminated on node node46
Mon Dec 30 09:58:28 2019 GAUSS_SCRDIR=/scratch/bdw2292/Gau-ModifiedRes g09 ModifiedRes-sp-13-1-3-7-119.com has not terminated on node node47
Mon Dec 30 09:58:28 2019 GAUSS_SCRDIR=/scratch/bdw2292/Gau-ModifiedRes g09 ModifiedRes-sp-13-1-3-7-100.com has not terminated on node node48
Mon Dec 30 09:58:28 2019 GAUSS_SCRDIR=/scratch/bdw2292/Gau-ModifiedRes g09 ModifiedRes-sp-13-1-3-7-081.com has not terminated on node node49
Mon Dec 30 09:58:28 2019 GAUSS_SCRDIR=/scratch/bdw2292/Gau-ModifiedRes g09 ModifiedRes-sp-13-1-3-7-062.com has not terminated on node node50
Mon Dec 30 09:58:28 2019 GAUSS_SCRDIR=/scratch/bdw2292/Gau-ModifiedRes g09 ModifiedRes-sp-13-1-3-7-043.com has not terminated on node node51
Mon Dec 30 09:58:28 2019 GAUSS_SCRDIR=/scratch/bdw2292/Gau-ModifiedRes g09 ModifiedRes-sp-13-1-3-7-024.com has not terminated on node node52
Mon Dec 30 09:58:28 2019 GAUSS_SCRDIR=/scratch/bdw2292/Gau-ModifiedRes g09 ModifiedRes-sp-13-1-3-7-005.com has not terminated on node node53
Mon Dec 30 09:58:28 2019 GAUSS_SCRDIR=/scratch/bdw2292/Gau-ModifiedRes g09 ModifiedRes-sp-13-1-3-7-346.com has not terminated on node node54
Mon Dec 30 09:58:33 2019 Sleeping for 5 seconds
Mon Dec 30 09:58:33 2019 GAUSS_SCRDIR=/scratch/bdw2292/Gau-ModifiedRes g09 ModifiedRes-sp-13-1-3-7-156.com has not terminated on node node35
Mon Dec 30 09:58:33 2019 GAUSS_SCRDIR=/scratch/bdw2292/Gau-ModifiedRes g09 ModifiedRes-sp-13-1-3-7-175.com has not terminated on node node36
Mon Dec 30 09:58:33 2019 GAUSS_SCRDIR=/scratch/bdw2292/Gau-ModifiedRes g09 ModifiedRes-sp-13-1-3-7-194.com has not terminated on node node37
Mon Dec 30 09:58:33 2019 GAUSS_SCRDIR=/scratch/bdw2292/Gau-ModifiedRes g09 ModifiedRes-sp-13-1-3-7-213.com has not terminated on node node38
Mon Dec 30 09:58:33 2019 GAUSS_SCRDIR=/scratch/bdw2292/Gau-ModifiedRes g09 ModifiedRes-sp-13-1-3-7-232.com has not terminated on node node40
Mon Dec 30 09:58:33 2019 GAUSS_SCRDIR=/scratch/bdw2292/Gau-ModifiedRes g09 ModifiedRes-sp-13-1-3-7-308.com has terminated on node node45
Mon Dec 30 09:58:33 2019 GAUSS_SCRDIR=/scratch/bdw2292/Gau-ModifiedRes g09 ModifiedRes-sp-13-1-3-7-119.com has terminated on node node47
Mon Dec 30 09:58:33 2019 GAUSS_SCRDIR=/scratch/bdw2292/Gau-ModifiedRes g09 ModifiedRes-sp-13-1-3-7-100.com has not terminated on node node48
Mon Dec 30 09:58:33 2019 GAUSS_SCRDIR=/scratch/bdw2292/Gau-ModifiedRes g09 ModifiedRes-sp-13-1-3-7-081.com has not terminated on node node49
Mon Dec 30 09:58:33 2019 GAUSS_SCRDIR=/scratch/bdw2292/Gau-ModifiedRes g09 ModifiedRes-sp-13-1-3-7-062.com has not terminated on node node50
Mon Dec 30 09:58:33 2019 GAUSS_SCRDIR=/scratch/bdw2292/Gau-ModifiedRes g09 ModifiedRes-sp-13-1-3-7-043.com has not terminated on node node51
Mon Dec 30 09:58:33 2019 GAUSS_SCRDIR=/scratch/bdw2292/Gau-ModifiedRes g09 ModifiedRes-sp-13-1-3-7-024.com has not terminated on node node52
Mon Dec 30 09:58:33 2019 GAUSS_SCRDIR=/scratch/bdw2292/Gau-ModifiedRes g09 ModifiedRes-sp-13-1-3-7-005.com has not terminated on node node53
Mon Dec 30 09:58:33 2019 GAUSS_SCRDIR=/scratch/bdw2292/Gau-ModifiedRes g09 ModifiedRes-sp-13-1-3-7-346.com has not terminated on node node54
Mon Dec 30 09:58:38 2019 Sleeping for 5 seconds
Mon Dec 30 09:58:38 2019 GAUSS_SCRDIR=/scratch/bdw2292/Gau-ModifiedRes g09 ModifiedRes-sp-13-1-3-7-156.com has not terminated on node node35
Mon Dec 30 09:58:38 2019 GAUSS_SCRDIR=/scratch/bdw2292/Gau-ModifiedRes g09 ModifiedRes-sp-13-1-3-7-175.com has not terminated on node node36
Mon Dec 30 09:58:38 2019 GAUSS_SCRDIR=/scratch/bdw2292/Gau-ModifiedRes g09 ModifiedRes-sp-13-1-3-7-194.com has not terminated on node node37
Mon Dec 30 09:58:38 2019 GAUSS_SCRDIR=/scratch/bdw2292/Gau-ModifiedRes g09 ModifiedRes-sp-13-1-3-7-213.com has not terminated on node node38
Mon Dec 30 09:58:38 2019 GAUSS_SCRDIR=/scratch/bdw2292/Gau-ModifiedRes g09 ModifiedRes-sp-13-1-3-7-232.com has not terminated on node node40
Mon Dec 30 09:58:38 2019 GAUSS_SCRDIR=/scratch/bdw2292/Gau-ModifiedRes g09 ModifiedRes-sp-13-1-3-7-100.com has terminated on node node48
Mon Dec 30 09:58:38 2019 GAUSS_SCRDIR=/scratch/bdw2292/Gau-ModifiedRes g09 ModifiedRes-sp-13-1-3-7-081.com has not terminated on node node49
Mon Dec 30 09:58:38 2019 GAUSS_SCRDIR=/scratch/bdw2292/Gau-ModifiedRes g09 ModifiedRes-sp-13-1-3-7-062.com has not terminated on node node50
Mon Dec 30 09:58:38 2019 GAUSS_SCRDIR=/scratch/bdw2292/Gau-ModifiedRes g09 ModifiedRes-sp-13-1-3-7-043.com has not terminated on node node51
Mon Dec 30 09:58:38 2019 GAUSS_SCRDIR=/scratch/bdw2292/Gau-ModifiedRes g09 ModifiedRes-sp-13-1-3-7-024.com has not terminated on node node52
Mon Dec 30 09:58:38 2019 GAUSS_SCRDIR=/scratch/bdw2292/Gau-ModifiedRes g09 ModifiedRes-sp-13-1-3-7-005.com has not terminated on node node53
Mon Dec 30 09:58:38 2019 GAUSS_SCRDIR=/scratch/bdw2292/Gau-ModifiedRes g09 ModifiedRes-sp-13-1-3-7-346.com has not terminated on node node54
Mon Dec 30 09:58:43 2019 Sleeping for 5 seconds
Mon Dec 30 09:58:43 2019 GAUSS_SCRDIR=/scratch/bdw2292/Gau-ModifiedRes g09 ModifiedRes-sp-13-1-3-7-156.com has not terminated on node node35
Mon Dec 30 09:58:43 2019 GAUSS_SCRDIR=/scratch/bdw2292/Gau-ModifiedRes g09 ModifiedRes-sp-13-1-3-7-175.com has not terminated on node node36
Mon Dec 30 09:58:43 2019 GAUSS_SCRDIR=/scratch/bdw2292/Gau-ModifiedRes g09 ModifiedRes-sp-13-1-3-7-194.com has not terminated on node node37
Mon Dec 30 09:58:43 2019 GAUSS_SCRDIR=/scratch/bdw2292/Gau-ModifiedRes g09 ModifiedRes-sp-13-1-3-7-213.com has not terminated on node node38
Mon Dec 30 09:58:43 2019 GAUSS_SCRDIR=/scratch/bdw2292/Gau-ModifiedRes g09 ModifiedRes-sp-13-1-3-7-232.com has terminated on node node40
Mon Dec 30 09:58:43 2019 GAUSS_SCRDIR=/scratch/bdw2292/Gau-ModifiedRes g09 ModifiedRes-sp-13-1-3-7-081.com has not terminated on node node49
Mon Dec 30 09:58:43 2019 GAUSS_SCRDIR=/scratch/bdw2292/Gau-ModifiedRes g09 ModifiedRes-sp-13-1-3-7-062.com has not terminated on node node50
Mon Dec 30 09:58:43 2019 GAUSS_SCRDIR=/scratch/bdw2292/Gau-ModifiedRes g09 ModifiedRes-sp-13-1-3-7-043.com has not terminated on node node51
Mon Dec 30 09:58:43 2019 GAUSS_SCRDIR=/scratch/bdw2292/Gau-ModifiedRes g09 ModifiedRes-sp-13-1-3-7-024.com has not terminated on node node52
Mon Dec 30 09:58:43 2019 GAUSS_SCRDIR=/scratch/bdw2292/Gau-ModifiedRes g09 ModifiedRes-sp-13-1-3-7-005.com has not terminated on node node53
Mon Dec 30 09:58:43 2019 GAUSS_SCRDIR=/scratch/bdw2292/Gau-ModifiedRes g09 ModifiedRes-sp-13-1-3-7-346.com has not terminated on node node54
Mon Dec 30 09:58:48 2019 Sleeping for 5 seconds
Mon Dec 30 09:58:48 2019 GAUSS_SCRDIR=/scratch/bdw2292/Gau-ModifiedRes g09 ModifiedRes-sp-13-1-3-7-156.com has not terminated on node node35
Mon Dec 30 09:58:48 2019 GAUSS_SCRDIR=/scratch/bdw2292/Gau-ModifiedRes g09 ModifiedRes-sp-13-1-3-7-175.com has not terminated on node node36
Mon Dec 30 09:58:48 2019 GAUSS_SCRDIR=/scratch/bdw2292/Gau-ModifiedRes g09 ModifiedRes-sp-13-1-3-7-194.com has terminated on node node37
Mon Dec 30 09:58:48 2019 GAUSS_SCRDIR=/scratch/bdw2292/Gau-ModifiedRes g09 ModifiedRes-sp-13-1-3-7-213.com has not terminated on node node38
Mon Dec 30 09:58:48 2019 GAUSS_SCRDIR=/scratch/bdw2292/Gau-ModifiedRes g09 ModifiedRes-sp-13-1-3-7-081.com has terminated on node node49
Mon Dec 30 09:58:48 2019 GAUSS_SCRDIR=/scratch/bdw2292/Gau-ModifiedRes g09 ModifiedRes-sp-13-1-3-7-062.com has terminated on node node50
Mon Dec 30 09:58:48 2019 GAUSS_SCRDIR=/scratch/bdw2292/Gau-ModifiedRes g09 ModifiedRes-sp-13-1-3-7-043.com has not terminated on node node51
Mon Dec 30 09:58:48 2019 GAUSS_SCRDIR=/scratch/bdw2292/Gau-ModifiedRes g09 ModifiedRes-sp-13-1-3-7-024.com has not terminated on node node52
Mon Dec 30 09:58:48 2019 GAUSS_SCRDIR=/scratch/bdw2292/Gau-ModifiedRes g09 ModifiedRes-sp-13-1-3-7-005.com has not terminated on node node53
Mon Dec 30 09:58:48 2019 GAUSS_SCRDIR=/scratch/bdw2292/Gau-ModifiedRes g09 ModifiedRes-sp-13-1-3-7-346.com has not terminated on node node54
Mon Dec 30 09:58:53 2019 Sleeping for 5 seconds
Mon Dec 30 09:58:53 2019 GAUSS_SCRDIR=/scratch/bdw2292/Gau-ModifiedRes g09 ModifiedRes-sp-13-1-3-7-156.com has terminated on node node35
Mon Dec 30 09:58:53 2019 GAUSS_SCRDIR=/scratch/bdw2292/Gau-ModifiedRes g09 ModifiedRes-sp-13-1-3-7-175.com has not terminated on node node36
Mon Dec 30 09:58:53 2019 GAUSS_SCRDIR=/scratch/bdw2292/Gau-ModifiedRes g09 ModifiedRes-sp-13-1-3-7-213.com has not terminated on node node38
Mon Dec 30 09:58:53 2019 GAUSS_SCRDIR=/scratch/bdw2292/Gau-ModifiedRes g09 ModifiedRes-sp-13-1-3-7-043.com has not terminated on node node51
Mon Dec 30 09:58:53 2019 GAUSS_SCRDIR=/scratch/bdw2292/Gau-ModifiedRes g09 ModifiedRes-sp-13-1-3-7-024.com has not terminated on node node52
Mon Dec 30 09:58:53 2019 GAUSS_SCRDIR=/scratch/bdw2292/Gau-ModifiedRes g09 ModifiedRes-sp-13-1-3-7-005.com has not terminated on node node53
Mon Dec 30 09:58:53 2019 GAUSS_SCRDIR=/scratch/bdw2292/Gau-ModifiedRes g09 ModifiedRes-sp-13-1-3-7-346.com has not terminated on node node54
Mon Dec 30 09:58:58 2019 Sleeping for 5 seconds
Mon Dec 30 09:58:58 2019 GAUSS_SCRDIR=/scratch/bdw2292/Gau-ModifiedRes g09 ModifiedRes-sp-13-1-3-7-175.com has not terminated on node node36
Mon Dec 30 09:58:58 2019 GAUSS_SCRDIR=/scratch/bdw2292/Gau-ModifiedRes g09 ModifiedRes-sp-13-1-3-7-213.com has not terminated on node node38
Mon Dec 30 09:58:58 2019 GAUSS_SCRDIR=/scratch/bdw2292/Gau-ModifiedRes g09 ModifiedRes-sp-13-1-3-7-043.com has not terminated on node node51
Mon Dec 30 09:58:58 2019 GAUSS_SCRDIR=/scratch/bdw2292/Gau-ModifiedRes g09 ModifiedRes-sp-13-1-3-7-024.com has not terminated on node node52
Mon Dec 30 09:58:58 2019 GAUSS_SCRDIR=/scratch/bdw2292/Gau-ModifiedRes g09 ModifiedRes-sp-13-1-3-7-005.com has terminated on node node53
Mon Dec 30 09:58:58 2019 GAUSS_SCRDIR=/scratch/bdw2292/Gau-ModifiedRes g09 ModifiedRes-sp-13-1-3-7-346.com has not terminated on node node54
Mon Dec 30 09:59:03 2019 Sleeping for 5 seconds
Mon Dec 30 09:59:03 2019 GAUSS_SCRDIR=/scratch/bdw2292/Gau-ModifiedRes g09 ModifiedRes-sp-13-1-3-7-175.com has not terminated on node node36
Mon Dec 30 09:59:03 2019 GAUSS_SCRDIR=/scratch/bdw2292/Gau-ModifiedRes g09 ModifiedRes-sp-13-1-3-7-213.com has terminated on node node38
Mon Dec 30 09:59:03 2019 GAUSS_SCRDIR=/scratch/bdw2292/Gau-ModifiedRes g09 ModifiedRes-sp-13-1-3-7-043.com has not terminated on node node51
Mon Dec 30 09:59:03 2019 GAUSS_SCRDIR=/scratch/bdw2292/Gau-ModifiedRes g09 ModifiedRes-sp-13-1-3-7-024.com has terminated on node node52
Mon Dec 30 09:59:03 2019 GAUSS_SCRDIR=/scratch/bdw2292/Gau-ModifiedRes g09 ModifiedRes-sp-13-1-3-7-346.com has not terminated on node node54
Mon Dec 30 09:59:08 2019 Sleeping for 5 seconds
Mon Dec 30 09:59:08 2019 GAUSS_SCRDIR=/scratch/bdw2292/Gau-ModifiedRes g09 ModifiedRes-sp-13-1-3-7-175.com has terminated on node node36
Mon Dec 30 09:59:08 2019 GAUSS_SCRDIR=/scratch/bdw2292/Gau-ModifiedRes g09 ModifiedRes-sp-13-1-3-7-043.com has terminated on node node51
Mon Dec 30 09:59:08 2019 GAUSS_SCRDIR=/scratch/bdw2292/Gau-ModifiedRes g09 ModifiedRes-sp-13-1-3-7-346.com has terminated on node node54
Mon Dec 30 09:59:13 2019 Sleeping for 5 seconds
Mon Dec 30 09:59:13 2019 All jobs have finished 
