Tue Dec 31 08:52:44 2019 Calling: ssh node35 "cd /home/bdw2292/poltype/Examples/ModifiedAminoAcid/qm-torsion;source /home/bdw2292/.poltype.bashrc;mkdir /scratch/bdw2292/Gau-ModifiedRes"
Tue Dec 31 08:52:46 2019 Calling: ssh node35 "cd /home/bdw2292/poltype/Examples/ModifiedAminoAcid/qm-torsion;source /home/bdw2292/.poltype.bashrc;GAUSS_SCRDIR=/scratch/bdw2292/Gau-ModifiedRes g09 ModifiedRes-sp-7-3-5-15-200.com"
mkdir: cannot create directory ‘/scratch/bdw2292/Gau-ModifiedRes’: File exists
Tue Dec 31 08:52:51 2019 Sleeping for 5 seconds
Tue Dec 31 08:52:51 2019 GAUSS_SCRDIR=/scratch/bdw2292/Gau-ModifiedRes g09 ModifiedRes-sp-7-3-5-15-200.com has not terminated on node node35
Tue Dec 31 08:52:56 2019 Sleeping for 5 seconds
Tue Dec 31 08:52:56 2019 GAUSS_SCRDIR=/scratch/bdw2292/Gau-ModifiedRes g09 ModifiedRes-sp-7-3-5-15-200.com has not terminated on node node35
Tue Dec 31 08:53:01 2019 Sleeping for 5 seconds
Tue Dec 31 08:53:01 2019 GAUSS_SCRDIR=/scratch/bdw2292/Gau-ModifiedRes g09 ModifiedRes-sp-7-3-5-15-200.com has not terminated on node node35
Tue Dec 31 08:53:06 2019 Sleeping for 5 seconds
Tue Dec 31 08:53:06 2019 GAUSS_SCRDIR=/scratch/bdw2292/Gau-ModifiedRes g09 ModifiedRes-sp-7-3-5-15-200.com has not terminated on node node35
Tue Dec 31 08:53:11 2019 Sleeping for 5 seconds
Tue Dec 31 08:53:11 2019 GAUSS_SCRDIR=/scratch/bdw2292/Gau-ModifiedRes g09 ModifiedRes-sp-7-3-5-15-200.com has not terminated on node node35
Tue Dec 31 08:53:16 2019 Sleeping for 5 seconds
Tue Dec 31 08:53:16 2019 GAUSS_SCRDIR=/scratch/bdw2292/Gau-ModifiedRes g09 ModifiedRes-sp-7-3-5-15-200.com has not terminated on node node35
Tue Dec 31 08:53:21 2019 Sleeping for 5 seconds
Tue Dec 31 08:53:21 2019 GAUSS_SCRDIR=/scratch/bdw2292/Gau-ModifiedRes g09 ModifiedRes-sp-7-3-5-15-200.com has not terminated on node node35
Tue Dec 31 08:53:26 2019 Sleeping for 5 seconds
Tue Dec 31 08:53:26 2019 GAUSS_SCRDIR=/scratch/bdw2292/Gau-ModifiedRes g09 ModifiedRes-sp-7-3-5-15-200.com has not terminated on node node35
Tue Dec 31 08:53:31 2019 Sleeping for 5 seconds
Tue Dec 31 08:53:31 2019 GAUSS_SCRDIR=/scratch/bdw2292/Gau-ModifiedRes g09 ModifiedRes-sp-7-3-5-15-200.com has not terminated on node node35
Tue Dec 31 08:53:36 2019 Sleeping for 5 seconds
Tue Dec 31 08:53:36 2019 GAUSS_SCRDIR=/scratch/bdw2292/Gau-ModifiedRes g09 ModifiedRes-sp-7-3-5-15-200.com has not terminated on node node35
Tue Dec 31 08:53:41 2019 Sleeping for 5 seconds
Tue Dec 31 08:53:41 2019 GAUSS_SCRDIR=/scratch/bdw2292/Gau-ModifiedRes g09 ModifiedRes-sp-7-3-5-15-200.com has not terminated on node node35
Tue Dec 31 08:53:46 2019 Sleeping for 5 seconds
Tue Dec 31 08:53:46 2019 GAUSS_SCRDIR=/scratch/bdw2292/Gau-ModifiedRes g09 ModifiedRes-sp-7-3-5-15-200.com has not terminated on node node35
Tue Dec 31 08:53:51 2019 Sleeping for 5 seconds
Tue Dec 31 08:53:51 2019 GAUSS_SCRDIR=/scratch/bdw2292/Gau-ModifiedRes g09 ModifiedRes-sp-7-3-5-15-200.com has not terminated on node node35
Tue Dec 31 08:53:56 2019 Sleeping for 5 seconds
Tue Dec 31 08:53:56 2019 GAUSS_SCRDIR=/scratch/bdw2292/Gau-ModifiedRes g09 ModifiedRes-sp-7-3-5-15-200.com has not terminated on node node35
Tue Dec 31 08:54:01 2019 Sleeping for 5 seconds
Tue Dec 31 08:54:01 2019 GAUSS_SCRDIR=/scratch/bdw2292/Gau-ModifiedRes g09 ModifiedRes-sp-7-3-5-15-200.com has not terminated on node node35
Tue Dec 31 08:54:06 2019 Sleeping for 5 seconds
Tue Dec 31 08:54:06 2019 GAUSS_SCRDIR=/scratch/bdw2292/Gau-ModifiedRes g09 ModifiedRes-sp-7-3-5-15-200.com has not terminated on node node35
Tue Dec 31 08:54:11 2019 Sleeping for 5 seconds
Tue Dec 31 08:54:11 2019 GAUSS_SCRDIR=/scratch/bdw2292/Gau-ModifiedRes g09 ModifiedRes-sp-7-3-5-15-200.com has not terminated on node node35
Tue Dec 31 08:54:16 2019 Sleeping for 5 seconds
Tue Dec 31 08:54:16 2019 GAUSS_SCRDIR=/scratch/bdw2292/Gau-ModifiedRes g09 ModifiedRes-sp-7-3-5-15-200.com has not terminated on node node35
Tue Dec 31 08:54:21 2019 Sleeping for 5 seconds
Tue Dec 31 08:54:21 2019 GAUSS_SCRDIR=/scratch/bdw2292/Gau-ModifiedRes g09 ModifiedRes-sp-7-3-5-15-200.com has not terminated on node node35
Tue Dec 31 08:54:26 2019 Sleeping for 5 seconds
Tue Dec 31 08:54:26 2019 GAUSS_SCRDIR=/scratch/bdw2292/Gau-ModifiedRes g09 ModifiedRes-sp-7-3-5-15-200.com has not terminated on node node35
Tue Dec 31 08:54:31 2019 Sleeping for 5 seconds
Tue Dec 31 08:54:31 2019 GAUSS_SCRDIR=/scratch/bdw2292/Gau-ModifiedRes g09 ModifiedRes-sp-7-3-5-15-200.com has not terminated on node node35
Tue Dec 31 08:54:36 2019 Sleeping for 5 seconds
Tue Dec 31 08:54:36 2019 GAUSS_SCRDIR=/scratch/bdw2292/Gau-ModifiedRes g09 ModifiedRes-sp-7-3-5-15-200.com has not terminated on node node35
Tue Dec 31 08:54:41 2019 Sleeping for 5 seconds
Tue Dec 31 08:54:41 2019 GAUSS_SCRDIR=/scratch/bdw2292/Gau-ModifiedRes g09 ModifiedRes-sp-7-3-5-15-200.com has not terminated on node node35
Tue Dec 31 08:54:46 2019 Sleeping for 5 seconds
Tue Dec 31 08:54:46 2019 GAUSS_SCRDIR=/scratch/bdw2292/Gau-ModifiedRes g09 ModifiedRes-sp-7-3-5-15-200.com has not terminated on node node35
Tue Dec 31 08:54:51 2019 Sleeping for 5 seconds
Tue Dec 31 08:54:51 2019 GAUSS_SCRDIR=/scratch/bdw2292/Gau-ModifiedRes g09 ModifiedRes-sp-7-3-5-15-200.com has not terminated on node node35
Tue Dec 31 08:54:56 2019 Sleeping for 5 seconds
Tue Dec 31 08:54:56 2019 GAUSS_SCRDIR=/scratch/bdw2292/Gau-ModifiedRes g09 ModifiedRes-sp-7-3-5-15-200.com has not terminated on node node35
Tue Dec 31 08:55:01 2019 Sleeping for 5 seconds
Tue Dec 31 08:55:01 2019 GAUSS_SCRDIR=/scratch/bdw2292/Gau-ModifiedRes g09 ModifiedRes-sp-7-3-5-15-200.com has not terminated on node node35
Tue Dec 31 08:55:06 2019 Sleeping for 5 seconds
Tue Dec 31 08:55:06 2019 GAUSS_SCRDIR=/scratch/bdw2292/Gau-ModifiedRes g09 ModifiedRes-sp-7-3-5-15-200.com has not terminated on node node35
Tue Dec 31 08:55:11 2019 Sleeping for 5 seconds
Tue Dec 31 08:55:11 2019 GAUSS_SCRDIR=/scratch/bdw2292/Gau-ModifiedRes g09 ModifiedRes-sp-7-3-5-15-200.com has not terminated on node node35
Tue Dec 31 08:55:16 2019 Sleeping for 5 seconds
Tue Dec 31 08:55:16 2019 GAUSS_SCRDIR=/scratch/bdw2292/Gau-ModifiedRes g09 ModifiedRes-sp-7-3-5-15-200.com has terminated on node node35
Tue Dec 31 08:55:21 2019 Sleeping for 5 seconds
Tue Dec 31 08:55:21 2019 All jobs have finished 
