Tue Dec 31 09:01:13 2019 Calling: ssh node35 "cd /home/bdw2292/poltype/Examples/ModifiedAminoAcid/qm-torsion;source /home/bdw2292/.poltype.bashrc;mkdir /scratch/bdw2292/Gau-ModifiedRes"
Tue Dec 31 09:01:15 2019 Calling: ssh node35 "cd /home/bdw2292/poltype/Examples/ModifiedAminoAcid/qm-torsion;source /home/bdw2292/.poltype.bashrc;GAUSS_SCRDIR=/scratch/bdw2292/Gau-ModifiedRes g09 ModifiedRes-sp-1-3-7-8-305.com"
Tue Dec 31 09:01:15 2019 Calling: ssh node36 "cd /home/bdw2292/poltype/Examples/ModifiedAminoAcid/qm-torsion;source /home/bdw2292/.poltype.bashrc;mkdir /scratch/bdw2292/Gau-ModifiedRes"
mkdir: cannot create directory ‘/scratch/bdw2292/Gau-ModifiedRes’: File exists
mkdir: cannot create directory ‘/scratch/bdw2292/Gau-ModifiedRes’: File exists
Tue Dec 31 09:01:17 2019 Calling: ssh node36 "cd /home/bdw2292/poltype/Examples/ModifiedAminoAcid/qm-torsion;source /home/bdw2292/.poltype.bashrc;GAUSS_SCRDIR=/scratch/bdw2292/Gau-ModifiedRes g09 ModifiedRes-sp-1-3-7-8-324.com"
Tue Dec 31 09:01:17 2019 Calling: ssh node37 "cd /home/bdw2292/poltype/Examples/ModifiedAminoAcid/qm-torsion;source /home/bdw2292/.poltype.bashrc;mkdir /scratch/bdw2292/Gau-ModifiedRes"
mkdir: cannot create directory ‘/scratch/bdw2292/Gau-ModifiedRes’: File exists
Tue Dec 31 09:01:19 2019 Calling: ssh node37 "cd /home/bdw2292/poltype/Examples/ModifiedAminoAcid/qm-torsion;source /home/bdw2292/.poltype.bashrc;GAUSS_SCRDIR=/scratch/bdw2292/Gau-ModifiedRes g09 ModifiedRes-sp-1-3-7-8-343.com"
Tue Dec 31 09:01:19 2019 Calling: ssh node38 "cd /home/bdw2292/poltype/Examples/ModifiedAminoAcid/qm-torsion;source /home/bdw2292/.poltype.bashrc;mkdir /scratch/bdw2292/Gau-ModifiedRes"
Tue Dec 31 09:01:21 2019 Calling: ssh node38 "cd /home/bdw2292/poltype/Examples/ModifiedAminoAcid/qm-torsion;source /home/bdw2292/.poltype.bashrc;GAUSS_SCRDIR=/scratch/bdw2292/Gau-ModifiedRes g09 ModifiedRes-sp-1-3-7-8-002.com"
Tue Dec 31 09:01:21 2019 Calling: ssh node40 "cd /home/bdw2292/poltype/Examples/ModifiedAminoAcid/qm-torsion;source /home/bdw2292/.poltype.bashrc;mkdir /scratch/bdw2292/Gau-ModifiedRes"
mkdir: cannot create directory `/scratch/bdw2292/Gau-ModifiedRes': File exists
mkdir: cannot create directory `/scratch/bdw2292/Gau-ModifiedRes': File exists
Tue Dec 31 09:01:23 2019 Calling: ssh node40 "cd /home/bdw2292/poltype/Examples/ModifiedAminoAcid/qm-torsion;source /home/bdw2292/.poltype.bashrc;GAUSS_SCRDIR=/scratch/bdw2292/Gau-ModifiedRes g09 ModifiedRes-sp-1-3-7-8-021.com"
Tue Dec 31 09:01:23 2019 Calling: ssh node42 "cd /home/bdw2292/poltype/Examples/ModifiedAminoAcid/qm-torsion;source /home/bdw2292/.poltype.bashrc;mkdir /scratch/bdw2292/Gau-ModifiedRes"
mkdir: cannot create directory `/scratch/bdw2292/Gau-ModifiedRes': File exists
Tue Dec 31 09:01:25 2019 Calling: ssh node42 "cd /home/bdw2292/poltype/Examples/ModifiedAminoAcid/qm-torsion;source /home/bdw2292/.poltype.bashrc;GAUSS_SCRDIR=/scratch/bdw2292/Gau-ModifiedRes g09 ModifiedRes-sp-1-3-7-8-040.com"
Tue Dec 31 09:01:25 2019 Calling: ssh node43 "cd /home/bdw2292/poltype/Examples/ModifiedAminoAcid/qm-torsion;source /home/bdw2292/.poltype.bashrc;mkdir /scratch/bdw2292/Gau-ModifiedRes"
Tue Dec 31 09:01:27 2019 Calling: ssh node43 "cd /home/bdw2292/poltype/Examples/ModifiedAminoAcid/qm-torsion;source /home/bdw2292/.poltype.bashrc;GAUSS_SCRDIR=/scratch/bdw2292/Gau-ModifiedRes g09 ModifiedRes-sp-1-3-7-8-059.com"
Tue Dec 31 09:01:27 2019 Calling: ssh node44 "cd /home/bdw2292/poltype/Examples/ModifiedAminoAcid/qm-torsion;source /home/bdw2292/.poltype.bashrc;mkdir /scratch/bdw2292/Gau-ModifiedRes"
mkdir: cannot create directory ‘/scratch/bdw2292/Gau-ModifiedRes’: File exists
Tue Dec 31 09:01:29 2019 Calling: ssh node44 "cd /home/bdw2292/poltype/Examples/ModifiedAminoAcid/qm-torsion;source /home/bdw2292/.poltype.bashrc;GAUSS_SCRDIR=/scratch/bdw2292/Gau-ModifiedRes g09 ModifiedRes-sp-1-3-7-8-078.com"
Tue Dec 31 09:01:29 2019 Calling: ssh node45 "cd /home/bdw2292/poltype/Examples/ModifiedAminoAcid/qm-torsion;source /home/bdw2292/.poltype.bashrc;mkdir /scratch/bdw2292/Gau-ModifiedRes"
mkdir: cannot create directory `/scratch/bdw2292/Gau-ModifiedRes': File exists
mkdir: cannot create directory `/scratch/bdw2292/Gau-ModifiedRes': File exists
Tue Dec 31 09:01:31 2019 Calling: ssh node45 "cd /home/bdw2292/poltype/Examples/ModifiedAminoAcid/qm-torsion;source /home/bdw2292/.poltype.bashrc;GAUSS_SCRDIR=/scratch/bdw2292/Gau-ModifiedRes g09 ModifiedRes-sp-1-3-7-8-097.com"
Tue Dec 31 09:01:31 2019 Calling: ssh node46 "cd /home/bdw2292/poltype/Examples/ModifiedAminoAcid/qm-torsion;source /home/bdw2292/.poltype.bashrc;mkdir /scratch/bdw2292/Gau-ModifiedRes"
mkdir: cannot create directory `/scratch/bdw2292/Gau-ModifiedRes': File exists
Tue Dec 31 09:01:33 2019 Calling: ssh node46 "cd /home/bdw2292/poltype/Examples/ModifiedAminoAcid/qm-torsion;source /home/bdw2292/.poltype.bashrc;GAUSS_SCRDIR=/scratch/bdw2292/Gau-ModifiedRes g09 ModifiedRes-sp-1-3-7-8-287.com"
Tue Dec 31 09:01:33 2019 Calling: ssh node47 "cd /home/bdw2292/poltype/Examples/ModifiedAminoAcid/qm-torsion;source /home/bdw2292/.poltype.bashrc;mkdir /scratch/bdw2292/Gau-ModifiedRes"
Tue Dec 31 09:01:35 2019 Calling: ssh node47 "cd /home/bdw2292/poltype/Examples/ModifiedAminoAcid/qm-torsion;source /home/bdw2292/.poltype.bashrc;GAUSS_SCRDIR=/scratch/bdw2292/Gau-ModifiedRes g09 ModifiedRes-sp-1-3-7-8-268.com"
mkdir: cannot create directory `/scratch/bdw2292/Gau-ModifiedRes': File exists
Tue Dec 31 09:01:35 2019 Calling: ssh node48 "cd /home/bdw2292/poltype/Examples/ModifiedAminoAcid/qm-torsion;source /home/bdw2292/.poltype.bashrc;mkdir /scratch/bdw2292/Gau-ModifiedRes"
mkdir: cannot create directory `/scratch/bdw2292/Gau-ModifiedRes': File exists
Tue Dec 31 09:01:37 2019 Calling: ssh node48 "cd /home/bdw2292/poltype/Examples/ModifiedAminoAcid/qm-torsion;source /home/bdw2292/.poltype.bashrc;GAUSS_SCRDIR=/scratch/bdw2292/Gau-ModifiedRes g09 ModifiedRes-sp-1-3-7-8-249.com"
Tue Dec 31 09:01:37 2019 Calling: ssh node49 "cd /home/bdw2292/poltype/Examples/ModifiedAminoAcid/qm-torsion;source /home/bdw2292/.poltype.bashrc;mkdir /scratch/bdw2292/Gau-ModifiedRes"
mkdir: cannot create directory `/scratch/bdw2292/Gau-ModifiedRes': File exists
Tue Dec 31 09:01:39 2019 Calling: ssh node49 "cd /home/bdw2292/poltype/Examples/ModifiedAminoAcid/qm-torsion;source /home/bdw2292/.poltype.bashrc;GAUSS_SCRDIR=/scratch/bdw2292/Gau-ModifiedRes g09 ModifiedRes-sp-1-3-7-8-230.com"
Tue Dec 31 09:01:39 2019 Calling: ssh node50 "cd /home/bdw2292/poltype/Examples/ModifiedAminoAcid/qm-torsion;source /home/bdw2292/.poltype.bashrc;mkdir /scratch/bdw2292/Gau-ModifiedRes"
Tue Dec 31 09:01:41 2019 Calling: ssh node50 "cd /home/bdw2292/poltype/Examples/ModifiedAminoAcid/qm-torsion;source /home/bdw2292/.poltype.bashrc;GAUSS_SCRDIR=/scratch/bdw2292/Gau-ModifiedRes g09 ModifiedRes-sp-1-3-7-8-211.com"
Tue Dec 31 09:01:41 2019 Calling: ssh node51 "cd /home/bdw2292/poltype/Examples/ModifiedAminoAcid/qm-torsion;source /home/bdw2292/.poltype.bashrc;mkdir /scratch/bdw2292/Gau-ModifiedRes"
mkdir: cannot create directory `/scratch/bdw2292/Gau-ModifiedRes': File exists
mkdir: cannot create directory `/scratch/bdw2292/Gau-ModifiedRes': File exists
Tue Dec 31 09:01:43 2019 Calling: ssh node51 "cd /home/bdw2292/poltype/Examples/ModifiedAminoAcid/qm-torsion;source /home/bdw2292/.poltype.bashrc;GAUSS_SCRDIR=/scratch/bdw2292/Gau-ModifiedRes g09 ModifiedRes-sp-1-3-7-8-192.com"
Tue Dec 31 09:01:43 2019 Calling: ssh node52 "cd /home/bdw2292/poltype/Examples/ModifiedAminoAcid/qm-torsion;source /home/bdw2292/.poltype.bashrc;mkdir /scratch/bdw2292/Gau-ModifiedRes"
mkdir: cannot create directory `/scratch/bdw2292/Gau-ModifiedRes': File exists
Tue Dec 31 09:01:45 2019 Calling: ssh node52 "cd /home/bdw2292/poltype/Examples/ModifiedAminoAcid/qm-torsion;source /home/bdw2292/.poltype.bashrc;GAUSS_SCRDIR=/scratch/bdw2292/Gau-ModifiedRes g09 ModifiedRes-sp-1-3-7-8-173.com"
Tue Dec 31 09:01:45 2019 Calling: ssh node53 "cd /home/bdw2292/poltype/Examples/ModifiedAminoAcid/qm-torsion;source /home/bdw2292/.poltype.bashrc;mkdir /scratch/bdw2292/Gau-ModifiedRes"
Tue Dec 31 09:01:47 2019 Calling: ssh node53 "cd /home/bdw2292/poltype/Examples/ModifiedAminoAcid/qm-torsion;source /home/bdw2292/.poltype.bashrc;GAUSS_SCRDIR=/scratch/bdw2292/Gau-ModifiedRes g09 ModifiedRes-sp-1-3-7-8-154.com"
Tue Dec 31 09:01:47 2019 Calling: ssh node54 "cd /home/bdw2292/poltype/Examples/ModifiedAminoAcid/qm-torsion;source /home/bdw2292/.poltype.bashrc;mkdir /scratch/bdw2292/Gau-ModifiedRes"
mkdir: cannot create directory `/scratch/bdw2292/Gau-ModifiedRes': File exists
mkdir: cannot create directory `/scratch/bdw2292/Gau-ModifiedRes': File exists
Tue Dec 31 09:01:49 2019 Calling: ssh node54 "cd /home/bdw2292/poltype/Examples/ModifiedAminoAcid/qm-torsion;source /home/bdw2292/.poltype.bashrc;GAUSS_SCRDIR=/scratch/bdw2292/Gau-ModifiedRes g09 ModifiedRes-sp-1-3-7-8-135.com"
Tue Dec 31 09:01:54 2019 Sleeping for 5 seconds
Tue Dec 31 09:01:54 2019 GAUSS_SCRDIR=/scratch/bdw2292/Gau-ModifiedRes g09 ModifiedRes-sp-1-3-7-8-305.com has not terminated on node node35
Tue Dec 31 09:01:54 2019 GAUSS_SCRDIR=/scratch/bdw2292/Gau-ModifiedRes g09 ModifiedRes-sp-1-3-7-8-324.com has not terminated on node node36
Tue Dec 31 09:01:54 2019 GAUSS_SCRDIR=/scratch/bdw2292/Gau-ModifiedRes g09 ModifiedRes-sp-1-3-7-8-343.com has not terminated on node node37
Tue Dec 31 09:01:54 2019 GAUSS_SCRDIR=/scratch/bdw2292/Gau-ModifiedRes g09 ModifiedRes-sp-1-3-7-8-002.com has not terminated on node node38
Tue Dec 31 09:01:54 2019 GAUSS_SCRDIR=/scratch/bdw2292/Gau-ModifiedRes g09 ModifiedRes-sp-1-3-7-8-021.com has not terminated on node node40
Tue Dec 31 09:01:54 2019 GAUSS_SCRDIR=/scratch/bdw2292/Gau-ModifiedRes g09 ModifiedRes-sp-1-3-7-8-040.com has not terminated on node node42
Tue Dec 31 09:01:54 2019 GAUSS_SCRDIR=/scratch/bdw2292/Gau-ModifiedRes g09 ModifiedRes-sp-1-3-7-8-059.com has not terminated on node node43
Tue Dec 31 09:01:54 2019 GAUSS_SCRDIR=/scratch/bdw2292/Gau-ModifiedRes g09 ModifiedRes-sp-1-3-7-8-078.com has not terminated on node node44
Tue Dec 31 09:01:54 2019 GAUSS_SCRDIR=/scratch/bdw2292/Gau-ModifiedRes g09 ModifiedRes-sp-1-3-7-8-097.com has not terminated on node node45
Tue Dec 31 09:01:54 2019 GAUSS_SCRDIR=/scratch/bdw2292/Gau-ModifiedRes g09 ModifiedRes-sp-1-3-7-8-287.com has not terminated on node node46
Tue Dec 31 09:01:54 2019 GAUSS_SCRDIR=/scratch/bdw2292/Gau-ModifiedRes g09 ModifiedRes-sp-1-3-7-8-268.com has not terminated on node node47
Tue Dec 31 09:01:54 2019 GAUSS_SCRDIR=/scratch/bdw2292/Gau-ModifiedRes g09 ModifiedRes-sp-1-3-7-8-249.com has not terminated on node node48
Tue Dec 31 09:01:54 2019 GAUSS_SCRDIR=/scratch/bdw2292/Gau-ModifiedRes g09 ModifiedRes-sp-1-3-7-8-230.com has not terminated on node node49
Tue Dec 31 09:01:54 2019 GAUSS_SCRDIR=/scratch/bdw2292/Gau-ModifiedRes g09 ModifiedRes-sp-1-3-7-8-211.com has not terminated on node node50
Tue Dec 31 09:01:54 2019 GAUSS_SCRDIR=/scratch/bdw2292/Gau-ModifiedRes g09 ModifiedRes-sp-1-3-7-8-192.com has not terminated on node node51
Tue Dec 31 09:01:54 2019 GAUSS_SCRDIR=/scratch/bdw2292/Gau-ModifiedRes g09 ModifiedRes-sp-1-3-7-8-173.com has not terminated on node node52
Tue Dec 31 09:01:54 2019 GAUSS_SCRDIR=/scratch/bdw2292/Gau-ModifiedRes g09 ModifiedRes-sp-1-3-7-8-154.com has not terminated on node node53
Tue Dec 31 09:01:54 2019 GAUSS_SCRDIR=/scratch/bdw2292/Gau-ModifiedRes g09 ModifiedRes-sp-1-3-7-8-135.com has not terminated on node node54
Tue Dec 31 09:01:59 2019 Sleeping for 5 seconds
Tue Dec 31 09:01:59 2019 GAUSS_SCRDIR=/scratch/bdw2292/Gau-ModifiedRes g09 ModifiedRes-sp-1-3-7-8-305.com has not terminated on node node35
Tue Dec 31 09:01:59 2019 GAUSS_SCRDIR=/scratch/bdw2292/Gau-ModifiedRes g09 ModifiedRes-sp-1-3-7-8-324.com has not terminated on node node36
Tue Dec 31 09:01:59 2019 GAUSS_SCRDIR=/scratch/bdw2292/Gau-ModifiedRes g09 ModifiedRes-sp-1-3-7-8-343.com has not terminated on node node37
Tue Dec 31 09:01:59 2019 GAUSS_SCRDIR=/scratch/bdw2292/Gau-ModifiedRes g09 ModifiedRes-sp-1-3-7-8-002.com has not terminated on node node38
Tue Dec 31 09:01:59 2019 GAUSS_SCRDIR=/scratch/bdw2292/Gau-ModifiedRes g09 ModifiedRes-sp-1-3-7-8-021.com has not terminated on node node40
Tue Dec 31 09:01:59 2019 GAUSS_SCRDIR=/scratch/bdw2292/Gau-ModifiedRes g09 ModifiedRes-sp-1-3-7-8-040.com has not terminated on node node42
Tue Dec 31 09:01:59 2019 GAUSS_SCRDIR=/scratch/bdw2292/Gau-ModifiedRes g09 ModifiedRes-sp-1-3-7-8-059.com has not terminated on node node43
Tue Dec 31 09:01:59 2019 GAUSS_SCRDIR=/scratch/bdw2292/Gau-ModifiedRes g09 ModifiedRes-sp-1-3-7-8-078.com has not terminated on node node44
Tue Dec 31 09:01:59 2019 GAUSS_SCRDIR=/scratch/bdw2292/Gau-ModifiedRes g09 ModifiedRes-sp-1-3-7-8-097.com has not terminated on node node45
Tue Dec 31 09:01:59 2019 GAUSS_SCRDIR=/scratch/bdw2292/Gau-ModifiedRes g09 ModifiedRes-sp-1-3-7-8-287.com has not terminated on node node46
Tue Dec 31 09:01:59 2019 GAUSS_SCRDIR=/scratch/bdw2292/Gau-ModifiedRes g09 ModifiedRes-sp-1-3-7-8-268.com has not terminated on node node47
Tue Dec 31 09:01:59 2019 GAUSS_SCRDIR=/scratch/bdw2292/Gau-ModifiedRes g09 ModifiedRes-sp-1-3-7-8-249.com has not terminated on node node48
Tue Dec 31 09:01:59 2019 GAUSS_SCRDIR=/scratch/bdw2292/Gau-ModifiedRes g09 ModifiedRes-sp-1-3-7-8-230.com has not terminated on node node49
Tue Dec 31 09:01:59 2019 GAUSS_SCRDIR=/scratch/bdw2292/Gau-ModifiedRes g09 ModifiedRes-sp-1-3-7-8-211.com has not terminated on node node50
Tue Dec 31 09:01:59 2019 GAUSS_SCRDIR=/scratch/bdw2292/Gau-ModifiedRes g09 ModifiedRes-sp-1-3-7-8-192.com has not terminated on node node51
Tue Dec 31 09:01:59 2019 GAUSS_SCRDIR=/scratch/bdw2292/Gau-ModifiedRes g09 ModifiedRes-sp-1-3-7-8-173.com has not terminated on node node52
Tue Dec 31 09:01:59 2019 GAUSS_SCRDIR=/scratch/bdw2292/Gau-ModifiedRes g09 ModifiedRes-sp-1-3-7-8-154.com has not terminated on node node53
Tue Dec 31 09:01:59 2019 GAUSS_SCRDIR=/scratch/bdw2292/Gau-ModifiedRes g09 ModifiedRes-sp-1-3-7-8-135.com has not terminated on node node54
Tue Dec 31 09:02:04 2019 Sleeping for 5 seconds
Tue Dec 31 09:02:04 2019 GAUSS_SCRDIR=/scratch/bdw2292/Gau-ModifiedRes g09 ModifiedRes-sp-1-3-7-8-305.com has not terminated on node node35
Tue Dec 31 09:02:04 2019 GAUSS_SCRDIR=/scratch/bdw2292/Gau-ModifiedRes g09 ModifiedRes-sp-1-3-7-8-324.com has not terminated on node node36
Tue Dec 31 09:02:04 2019 GAUSS_SCRDIR=/scratch/bdw2292/Gau-ModifiedRes g09 ModifiedRes-sp-1-3-7-8-343.com has not terminated on node node37
Tue Dec 31 09:02:04 2019 GAUSS_SCRDIR=/scratch/bdw2292/Gau-ModifiedRes g09 ModifiedRes-sp-1-3-7-8-002.com has not terminated on node node38
Tue Dec 31 09:02:04 2019 GAUSS_SCRDIR=/scratch/bdw2292/Gau-ModifiedRes g09 ModifiedRes-sp-1-3-7-8-021.com has not terminated on node node40
Tue Dec 31 09:02:04 2019 GAUSS_SCRDIR=/scratch/bdw2292/Gau-ModifiedRes g09 ModifiedRes-sp-1-3-7-8-040.com has not terminated on node node42
Tue Dec 31 09:02:04 2019 GAUSS_SCRDIR=/scratch/bdw2292/Gau-ModifiedRes g09 ModifiedRes-sp-1-3-7-8-059.com has not terminated on node node43
Tue Dec 31 09:02:04 2019 GAUSS_SCRDIR=/scratch/bdw2292/Gau-ModifiedRes g09 ModifiedRes-sp-1-3-7-8-078.com has not terminated on node node44
Tue Dec 31 09:02:04 2019 GAUSS_SCRDIR=/scratch/bdw2292/Gau-ModifiedRes g09 ModifiedRes-sp-1-3-7-8-097.com has not terminated on node node45
Tue Dec 31 09:02:04 2019 GAUSS_SCRDIR=/scratch/bdw2292/Gau-ModifiedRes g09 ModifiedRes-sp-1-3-7-8-287.com has not terminated on node node46
Tue Dec 31 09:02:04 2019 GAUSS_SCRDIR=/scratch/bdw2292/Gau-ModifiedRes g09 ModifiedRes-sp-1-3-7-8-268.com has not terminated on node node47
Tue Dec 31 09:02:04 2019 GAUSS_SCRDIR=/scratch/bdw2292/Gau-ModifiedRes g09 ModifiedRes-sp-1-3-7-8-249.com has not terminated on node node48
Tue Dec 31 09:02:04 2019 GAUSS_SCRDIR=/scratch/bdw2292/Gau-ModifiedRes g09 ModifiedRes-sp-1-3-7-8-230.com has not terminated on node node49
Tue Dec 31 09:02:04 2019 GAUSS_SCRDIR=/scratch/bdw2292/Gau-ModifiedRes g09 ModifiedRes-sp-1-3-7-8-211.com has not terminated on node node50
Tue Dec 31 09:02:04 2019 GAUSS_SCRDIR=/scratch/bdw2292/Gau-ModifiedRes g09 ModifiedRes-sp-1-3-7-8-192.com has not terminated on node node51
Tue Dec 31 09:02:04 2019 GAUSS_SCRDIR=/scratch/bdw2292/Gau-ModifiedRes g09 ModifiedRes-sp-1-3-7-8-173.com has not terminated on node node52
Tue Dec 31 09:02:04 2019 GAUSS_SCRDIR=/scratch/bdw2292/Gau-ModifiedRes g09 ModifiedRes-sp-1-3-7-8-154.com has not terminated on node node53
Tue Dec 31 09:02:04 2019 GAUSS_SCRDIR=/scratch/bdw2292/Gau-ModifiedRes g09 ModifiedRes-sp-1-3-7-8-135.com has not terminated on node node54
Tue Dec 31 09:02:09 2019 Sleeping for 5 seconds
Tue Dec 31 09:02:09 2019 GAUSS_SCRDIR=/scratch/bdw2292/Gau-ModifiedRes g09 ModifiedRes-sp-1-3-7-8-305.com has not terminated on node node35
Tue Dec 31 09:02:09 2019 GAUSS_SCRDIR=/scratch/bdw2292/Gau-ModifiedRes g09 ModifiedRes-sp-1-3-7-8-324.com has not terminated on node node36
Tue Dec 31 09:02:09 2019 GAUSS_SCRDIR=/scratch/bdw2292/Gau-ModifiedRes g09 ModifiedRes-sp-1-3-7-8-343.com has not terminated on node node37
Tue Dec 31 09:02:09 2019 GAUSS_SCRDIR=/scratch/bdw2292/Gau-ModifiedRes g09 ModifiedRes-sp-1-3-7-8-002.com has not terminated on node node38
Tue Dec 31 09:02:09 2019 GAUSS_SCRDIR=/scratch/bdw2292/Gau-ModifiedRes g09 ModifiedRes-sp-1-3-7-8-021.com has not terminated on node node40
Tue Dec 31 09:02:09 2019 GAUSS_SCRDIR=/scratch/bdw2292/Gau-ModifiedRes g09 ModifiedRes-sp-1-3-7-8-040.com has not terminated on node node42
Tue Dec 31 09:02:09 2019 GAUSS_SCRDIR=/scratch/bdw2292/Gau-ModifiedRes g09 ModifiedRes-sp-1-3-7-8-059.com has not terminated on node node43
Tue Dec 31 09:02:09 2019 GAUSS_SCRDIR=/scratch/bdw2292/Gau-ModifiedRes g09 ModifiedRes-sp-1-3-7-8-078.com has not terminated on node node44
Tue Dec 31 09:02:09 2019 GAUSS_SCRDIR=/scratch/bdw2292/Gau-ModifiedRes g09 ModifiedRes-sp-1-3-7-8-097.com has not terminated on node node45
Tue Dec 31 09:02:09 2019 GAUSS_SCRDIR=/scratch/bdw2292/Gau-ModifiedRes g09 ModifiedRes-sp-1-3-7-8-287.com has not terminated on node node46
Tue Dec 31 09:02:09 2019 GAUSS_SCRDIR=/scratch/bdw2292/Gau-ModifiedRes g09 ModifiedRes-sp-1-3-7-8-268.com has not terminated on node node47
Tue Dec 31 09:02:09 2019 GAUSS_SCRDIR=/scratch/bdw2292/Gau-ModifiedRes g09 ModifiedRes-sp-1-3-7-8-249.com has not terminated on node node48
Tue Dec 31 09:02:09 2019 GAUSS_SCRDIR=/scratch/bdw2292/Gau-ModifiedRes g09 ModifiedRes-sp-1-3-7-8-230.com has not terminated on node node49
Tue Dec 31 09:02:09 2019 GAUSS_SCRDIR=/scratch/bdw2292/Gau-ModifiedRes g09 ModifiedRes-sp-1-3-7-8-211.com has not terminated on node node50
Tue Dec 31 09:02:09 2019 GAUSS_SCRDIR=/scratch/bdw2292/Gau-ModifiedRes g09 ModifiedRes-sp-1-3-7-8-192.com has not terminated on node node51
Tue Dec 31 09:02:09 2019 GAUSS_SCRDIR=/scratch/bdw2292/Gau-ModifiedRes g09 ModifiedRes-sp-1-3-7-8-173.com has not terminated on node node52
Tue Dec 31 09:02:09 2019 GAUSS_SCRDIR=/scratch/bdw2292/Gau-ModifiedRes g09 ModifiedRes-sp-1-3-7-8-154.com has not terminated on node node53
Tue Dec 31 09:02:09 2019 GAUSS_SCRDIR=/scratch/bdw2292/Gau-ModifiedRes g09 ModifiedRes-sp-1-3-7-8-135.com has not terminated on node node54
Tue Dec 31 09:02:14 2019 Sleeping for 5 seconds
Tue Dec 31 09:02:14 2019 GAUSS_SCRDIR=/scratch/bdw2292/Gau-ModifiedRes g09 ModifiedRes-sp-1-3-7-8-305.com has not terminated on node node35
Tue Dec 31 09:02:14 2019 GAUSS_SCRDIR=/scratch/bdw2292/Gau-ModifiedRes g09 ModifiedRes-sp-1-3-7-8-324.com has not terminated on node node36
Tue Dec 31 09:02:14 2019 GAUSS_SCRDIR=/scratch/bdw2292/Gau-ModifiedRes g09 ModifiedRes-sp-1-3-7-8-343.com has not terminated on node node37
Tue Dec 31 09:02:14 2019 GAUSS_SCRDIR=/scratch/bdw2292/Gau-ModifiedRes g09 ModifiedRes-sp-1-3-7-8-002.com has not terminated on node node38
Tue Dec 31 09:02:14 2019 GAUSS_SCRDIR=/scratch/bdw2292/Gau-ModifiedRes g09 ModifiedRes-sp-1-3-7-8-021.com has not terminated on node node40
Tue Dec 31 09:02:14 2019 GAUSS_SCRDIR=/scratch/bdw2292/Gau-ModifiedRes g09 ModifiedRes-sp-1-3-7-8-040.com has not terminated on node node42
Tue Dec 31 09:02:14 2019 GAUSS_SCRDIR=/scratch/bdw2292/Gau-ModifiedRes g09 ModifiedRes-sp-1-3-7-8-059.com has not terminated on node node43
Tue Dec 31 09:02:14 2019 GAUSS_SCRDIR=/scratch/bdw2292/Gau-ModifiedRes g09 ModifiedRes-sp-1-3-7-8-078.com has not terminated on node node44
Tue Dec 31 09:02:14 2019 GAUSS_SCRDIR=/scratch/bdw2292/Gau-ModifiedRes g09 ModifiedRes-sp-1-3-7-8-097.com has not terminated on node node45
Tue Dec 31 09:02:14 2019 GAUSS_SCRDIR=/scratch/bdw2292/Gau-ModifiedRes g09 ModifiedRes-sp-1-3-7-8-287.com has not terminated on node node46
Tue Dec 31 09:02:14 2019 GAUSS_SCRDIR=/scratch/bdw2292/Gau-ModifiedRes g09 ModifiedRes-sp-1-3-7-8-268.com has not terminated on node node47
Tue Dec 31 09:02:14 2019 GAUSS_SCRDIR=/scratch/bdw2292/Gau-ModifiedRes g09 ModifiedRes-sp-1-3-7-8-249.com has not terminated on node node48
Tue Dec 31 09:02:14 2019 GAUSS_SCRDIR=/scratch/bdw2292/Gau-ModifiedRes g09 ModifiedRes-sp-1-3-7-8-230.com has not terminated on node node49
Tue Dec 31 09:02:14 2019 GAUSS_SCRDIR=/scratch/bdw2292/Gau-ModifiedRes g09 ModifiedRes-sp-1-3-7-8-211.com has not terminated on node node50
Tue Dec 31 09:02:14 2019 GAUSS_SCRDIR=/scratch/bdw2292/Gau-ModifiedRes g09 ModifiedRes-sp-1-3-7-8-192.com has not terminated on node node51
Tue Dec 31 09:02:14 2019 GAUSS_SCRDIR=/scratch/bdw2292/Gau-ModifiedRes g09 ModifiedRes-sp-1-3-7-8-173.com has not terminated on node node52
Tue Dec 31 09:02:14 2019 GAUSS_SCRDIR=/scratch/bdw2292/Gau-ModifiedRes g09 ModifiedRes-sp-1-3-7-8-154.com has not terminated on node node53
Tue Dec 31 09:02:14 2019 GAUSS_SCRDIR=/scratch/bdw2292/Gau-ModifiedRes g09 ModifiedRes-sp-1-3-7-8-135.com has not terminated on node node54
Tue Dec 31 09:02:19 2019 Sleeping for 5 seconds
Tue Dec 31 09:02:19 2019 GAUSS_SCRDIR=/scratch/bdw2292/Gau-ModifiedRes g09 ModifiedRes-sp-1-3-7-8-305.com has not terminated on node node35
Tue Dec 31 09:02:19 2019 GAUSS_SCRDIR=/scratch/bdw2292/Gau-ModifiedRes g09 ModifiedRes-sp-1-3-7-8-324.com has not terminated on node node36
Tue Dec 31 09:02:19 2019 GAUSS_SCRDIR=/scratch/bdw2292/Gau-ModifiedRes g09 ModifiedRes-sp-1-3-7-8-343.com has not terminated on node node37
Tue Dec 31 09:02:19 2019 GAUSS_SCRDIR=/scratch/bdw2292/Gau-ModifiedRes g09 ModifiedRes-sp-1-3-7-8-002.com has not terminated on node node38
Tue Dec 31 09:02:19 2019 GAUSS_SCRDIR=/scratch/bdw2292/Gau-ModifiedRes g09 ModifiedRes-sp-1-3-7-8-021.com has not terminated on node node40
Tue Dec 31 09:02:19 2019 GAUSS_SCRDIR=/scratch/bdw2292/Gau-ModifiedRes g09 ModifiedRes-sp-1-3-7-8-040.com has not terminated on node node42
Tue Dec 31 09:02:19 2019 GAUSS_SCRDIR=/scratch/bdw2292/Gau-ModifiedRes g09 ModifiedRes-sp-1-3-7-8-059.com has not terminated on node node43
Tue Dec 31 09:02:19 2019 GAUSS_SCRDIR=/scratch/bdw2292/Gau-ModifiedRes g09 ModifiedRes-sp-1-3-7-8-078.com has not terminated on node node44
Tue Dec 31 09:02:19 2019 GAUSS_SCRDIR=/scratch/bdw2292/Gau-ModifiedRes g09 ModifiedRes-sp-1-3-7-8-097.com has not terminated on node node45
Tue Dec 31 09:02:19 2019 GAUSS_SCRDIR=/scratch/bdw2292/Gau-ModifiedRes g09 ModifiedRes-sp-1-3-7-8-287.com has not terminated on node node46
Tue Dec 31 09:02:19 2019 GAUSS_SCRDIR=/scratch/bdw2292/Gau-ModifiedRes g09 ModifiedRes-sp-1-3-7-8-268.com has not terminated on node node47
Tue Dec 31 09:02:19 2019 GAUSS_SCRDIR=/scratch/bdw2292/Gau-ModifiedRes g09 ModifiedRes-sp-1-3-7-8-249.com has not terminated on node node48
Tue Dec 31 09:02:19 2019 GAUSS_SCRDIR=/scratch/bdw2292/Gau-ModifiedRes g09 ModifiedRes-sp-1-3-7-8-230.com has not terminated on node node49
Tue Dec 31 09:02:19 2019 GAUSS_SCRDIR=/scratch/bdw2292/Gau-ModifiedRes g09 ModifiedRes-sp-1-3-7-8-211.com has not terminated on node node50
Tue Dec 31 09:02:19 2019 GAUSS_SCRDIR=/scratch/bdw2292/Gau-ModifiedRes g09 ModifiedRes-sp-1-3-7-8-192.com has not terminated on node node51
Tue Dec 31 09:02:19 2019 GAUSS_SCRDIR=/scratch/bdw2292/Gau-ModifiedRes g09 ModifiedRes-sp-1-3-7-8-173.com has not terminated on node node52
Tue Dec 31 09:02:19 2019 GAUSS_SCRDIR=/scratch/bdw2292/Gau-ModifiedRes g09 ModifiedRes-sp-1-3-7-8-154.com has not terminated on node node53
Tue Dec 31 09:02:19 2019 GAUSS_SCRDIR=/scratch/bdw2292/Gau-ModifiedRes g09 ModifiedRes-sp-1-3-7-8-135.com has not terminated on node node54
Tue Dec 31 09:02:24 2019 Sleeping for 5 seconds
Tue Dec 31 09:02:24 2019 GAUSS_SCRDIR=/scratch/bdw2292/Gau-ModifiedRes g09 ModifiedRes-sp-1-3-7-8-305.com has not terminated on node node35
Tue Dec 31 09:02:24 2019 GAUSS_SCRDIR=/scratch/bdw2292/Gau-ModifiedRes g09 ModifiedRes-sp-1-3-7-8-324.com has not terminated on node node36
Tue Dec 31 09:02:24 2019 GAUSS_SCRDIR=/scratch/bdw2292/Gau-ModifiedRes g09 ModifiedRes-sp-1-3-7-8-343.com has not terminated on node node37
Tue Dec 31 09:02:24 2019 GAUSS_SCRDIR=/scratch/bdw2292/Gau-ModifiedRes g09 ModifiedRes-sp-1-3-7-8-002.com has not terminated on node node38
Tue Dec 31 09:02:24 2019 GAUSS_SCRDIR=/scratch/bdw2292/Gau-ModifiedRes g09 ModifiedRes-sp-1-3-7-8-021.com has not terminated on node node40
Tue Dec 31 09:02:24 2019 GAUSS_SCRDIR=/scratch/bdw2292/Gau-ModifiedRes g09 ModifiedRes-sp-1-3-7-8-040.com has not terminated on node node42
Tue Dec 31 09:02:24 2019 GAUSS_SCRDIR=/scratch/bdw2292/Gau-ModifiedRes g09 ModifiedRes-sp-1-3-7-8-059.com has not terminated on node node43
Tue Dec 31 09:02:24 2019 GAUSS_SCRDIR=/scratch/bdw2292/Gau-ModifiedRes g09 ModifiedRes-sp-1-3-7-8-078.com has not terminated on node node44
Tue Dec 31 09:02:24 2019 GAUSS_SCRDIR=/scratch/bdw2292/Gau-ModifiedRes g09 ModifiedRes-sp-1-3-7-8-097.com has not terminated on node node45
Tue Dec 31 09:02:24 2019 GAUSS_SCRDIR=/scratch/bdw2292/Gau-ModifiedRes g09 ModifiedRes-sp-1-3-7-8-287.com has not terminated on node node46
Tue Dec 31 09:02:24 2019 GAUSS_SCRDIR=/scratch/bdw2292/Gau-ModifiedRes g09 ModifiedRes-sp-1-3-7-8-268.com has not terminated on node node47
Tue Dec 31 09:02:24 2019 GAUSS_SCRDIR=/scratch/bdw2292/Gau-ModifiedRes g09 ModifiedRes-sp-1-3-7-8-249.com has not terminated on node node48
Tue Dec 31 09:02:24 2019 GAUSS_SCRDIR=/scratch/bdw2292/Gau-ModifiedRes g09 ModifiedRes-sp-1-3-7-8-230.com has not terminated on node node49
Tue Dec 31 09:02:24 2019 GAUSS_SCRDIR=/scratch/bdw2292/Gau-ModifiedRes g09 ModifiedRes-sp-1-3-7-8-211.com has not terminated on node node50
Tue Dec 31 09:02:24 2019 GAUSS_SCRDIR=/scratch/bdw2292/Gau-ModifiedRes g09 ModifiedRes-sp-1-3-7-8-192.com has not terminated on node node51
Tue Dec 31 09:02:24 2019 GAUSS_SCRDIR=/scratch/bdw2292/Gau-ModifiedRes g09 ModifiedRes-sp-1-3-7-8-173.com has not terminated on node node52
Tue Dec 31 09:02:24 2019 GAUSS_SCRDIR=/scratch/bdw2292/Gau-ModifiedRes g09 ModifiedRes-sp-1-3-7-8-154.com has not terminated on node node53
Tue Dec 31 09:02:24 2019 GAUSS_SCRDIR=/scratch/bdw2292/Gau-ModifiedRes g09 ModifiedRes-sp-1-3-7-8-135.com has not terminated on node node54
Tue Dec 31 09:02:29 2019 Sleeping for 5 seconds
Tue Dec 31 09:02:29 2019 GAUSS_SCRDIR=/scratch/bdw2292/Gau-ModifiedRes g09 ModifiedRes-sp-1-3-7-8-305.com has not terminated on node node35
Tue Dec 31 09:02:29 2019 GAUSS_SCRDIR=/scratch/bdw2292/Gau-ModifiedRes g09 ModifiedRes-sp-1-3-7-8-324.com has not terminated on node node36
Tue Dec 31 09:02:29 2019 GAUSS_SCRDIR=/scratch/bdw2292/Gau-ModifiedRes g09 ModifiedRes-sp-1-3-7-8-343.com has not terminated on node node37
Tue Dec 31 09:02:29 2019 GAUSS_SCRDIR=/scratch/bdw2292/Gau-ModifiedRes g09 ModifiedRes-sp-1-3-7-8-002.com has not terminated on node node38
Tue Dec 31 09:02:29 2019 GAUSS_SCRDIR=/scratch/bdw2292/Gau-ModifiedRes g09 ModifiedRes-sp-1-3-7-8-021.com has not terminated on node node40
Tue Dec 31 09:02:29 2019 GAUSS_SCRDIR=/scratch/bdw2292/Gau-ModifiedRes g09 ModifiedRes-sp-1-3-7-8-040.com has not terminated on node node42
Tue Dec 31 09:02:29 2019 GAUSS_SCRDIR=/scratch/bdw2292/Gau-ModifiedRes g09 ModifiedRes-sp-1-3-7-8-059.com has not terminated on node node43
Tue Dec 31 09:02:29 2019 GAUSS_SCRDIR=/scratch/bdw2292/Gau-ModifiedRes g09 ModifiedRes-sp-1-3-7-8-078.com has not terminated on node node44
Tue Dec 31 09:02:29 2019 GAUSS_SCRDIR=/scratch/bdw2292/Gau-ModifiedRes g09 ModifiedRes-sp-1-3-7-8-097.com has not terminated on node node45
Tue Dec 31 09:02:29 2019 GAUSS_SCRDIR=/scratch/bdw2292/Gau-ModifiedRes g09 ModifiedRes-sp-1-3-7-8-287.com has not terminated on node node46
Tue Dec 31 09:02:29 2019 GAUSS_SCRDIR=/scratch/bdw2292/Gau-ModifiedRes g09 ModifiedRes-sp-1-3-7-8-268.com has not terminated on node node47
Tue Dec 31 09:02:29 2019 GAUSS_SCRDIR=/scratch/bdw2292/Gau-ModifiedRes g09 ModifiedRes-sp-1-3-7-8-249.com has not terminated on node node48
Tue Dec 31 09:02:29 2019 GAUSS_SCRDIR=/scratch/bdw2292/Gau-ModifiedRes g09 ModifiedRes-sp-1-3-7-8-230.com has not terminated on node node49
Tue Dec 31 09:02:29 2019 GAUSS_SCRDIR=/scratch/bdw2292/Gau-ModifiedRes g09 ModifiedRes-sp-1-3-7-8-211.com has not terminated on node node50
Tue Dec 31 09:02:29 2019 GAUSS_SCRDIR=/scratch/bdw2292/Gau-ModifiedRes g09 ModifiedRes-sp-1-3-7-8-192.com has not terminated on node node51
Tue Dec 31 09:02:29 2019 GAUSS_SCRDIR=/scratch/bdw2292/Gau-ModifiedRes g09 ModifiedRes-sp-1-3-7-8-173.com has not terminated on node node52
Tue Dec 31 09:02:29 2019 GAUSS_SCRDIR=/scratch/bdw2292/Gau-ModifiedRes g09 ModifiedRes-sp-1-3-7-8-154.com has not terminated on node node53
Tue Dec 31 09:02:29 2019 GAUSS_SCRDIR=/scratch/bdw2292/Gau-ModifiedRes g09 ModifiedRes-sp-1-3-7-8-135.com has not terminated on node node54
Tue Dec 31 09:02:34 2019 Sleeping for 5 seconds
Tue Dec 31 09:02:34 2019 GAUSS_SCRDIR=/scratch/bdw2292/Gau-ModifiedRes g09 ModifiedRes-sp-1-3-7-8-305.com has not terminated on node node35
Tue Dec 31 09:02:34 2019 GAUSS_SCRDIR=/scratch/bdw2292/Gau-ModifiedRes g09 ModifiedRes-sp-1-3-7-8-324.com has not terminated on node node36
Tue Dec 31 09:02:34 2019 GAUSS_SCRDIR=/scratch/bdw2292/Gau-ModifiedRes g09 ModifiedRes-sp-1-3-7-8-343.com has not terminated on node node37
Tue Dec 31 09:02:34 2019 GAUSS_SCRDIR=/scratch/bdw2292/Gau-ModifiedRes g09 ModifiedRes-sp-1-3-7-8-002.com has not terminated on node node38
Tue Dec 31 09:02:34 2019 GAUSS_SCRDIR=/scratch/bdw2292/Gau-ModifiedRes g09 ModifiedRes-sp-1-3-7-8-021.com has not terminated on node node40
Tue Dec 31 09:02:34 2019 GAUSS_SCRDIR=/scratch/bdw2292/Gau-ModifiedRes g09 ModifiedRes-sp-1-3-7-8-040.com has not terminated on node node42
Tue Dec 31 09:02:34 2019 GAUSS_SCRDIR=/scratch/bdw2292/Gau-ModifiedRes g09 ModifiedRes-sp-1-3-7-8-059.com has not terminated on node node43
Tue Dec 31 09:02:34 2019 GAUSS_SCRDIR=/scratch/bdw2292/Gau-ModifiedRes g09 ModifiedRes-sp-1-3-7-8-078.com has not terminated on node node44
Tue Dec 31 09:02:34 2019 GAUSS_SCRDIR=/scratch/bdw2292/Gau-ModifiedRes g09 ModifiedRes-sp-1-3-7-8-097.com has not terminated on node node45
Tue Dec 31 09:02:34 2019 GAUSS_SCRDIR=/scratch/bdw2292/Gau-ModifiedRes g09 ModifiedRes-sp-1-3-7-8-287.com has not terminated on node node46
Tue Dec 31 09:02:34 2019 GAUSS_SCRDIR=/scratch/bdw2292/Gau-ModifiedRes g09 ModifiedRes-sp-1-3-7-8-268.com has not terminated on node node47
Tue Dec 31 09:02:34 2019 GAUSS_SCRDIR=/scratch/bdw2292/Gau-ModifiedRes g09 ModifiedRes-sp-1-3-7-8-249.com has not terminated on node node48
Tue Dec 31 09:02:34 2019 GAUSS_SCRDIR=/scratch/bdw2292/Gau-ModifiedRes g09 ModifiedRes-sp-1-3-7-8-230.com has not terminated on node node49
Tue Dec 31 09:02:34 2019 GAUSS_SCRDIR=/scratch/bdw2292/Gau-ModifiedRes g09 ModifiedRes-sp-1-3-7-8-211.com has not terminated on node node50
Tue Dec 31 09:02:34 2019 GAUSS_SCRDIR=/scratch/bdw2292/Gau-ModifiedRes g09 ModifiedRes-sp-1-3-7-8-192.com has not terminated on node node51
Tue Dec 31 09:02:34 2019 GAUSS_SCRDIR=/scratch/bdw2292/Gau-ModifiedRes g09 ModifiedRes-sp-1-3-7-8-173.com has not terminated on node node52
Tue Dec 31 09:02:34 2019 GAUSS_SCRDIR=/scratch/bdw2292/Gau-ModifiedRes g09 ModifiedRes-sp-1-3-7-8-154.com has not terminated on node node53
Tue Dec 31 09:02:34 2019 GAUSS_SCRDIR=/scratch/bdw2292/Gau-ModifiedRes g09 ModifiedRes-sp-1-3-7-8-135.com has not terminated on node node54
Tue Dec 31 09:02:39 2019 Sleeping for 5 seconds
Tue Dec 31 09:02:39 2019 GAUSS_SCRDIR=/scratch/bdw2292/Gau-ModifiedRes g09 ModifiedRes-sp-1-3-7-8-305.com has not terminated on node node35
Tue Dec 31 09:02:39 2019 GAUSS_SCRDIR=/scratch/bdw2292/Gau-ModifiedRes g09 ModifiedRes-sp-1-3-7-8-324.com has not terminated on node node36
Tue Dec 31 09:02:39 2019 GAUSS_SCRDIR=/scratch/bdw2292/Gau-ModifiedRes g09 ModifiedRes-sp-1-3-7-8-343.com has not terminated on node node37
Tue Dec 31 09:02:39 2019 GAUSS_SCRDIR=/scratch/bdw2292/Gau-ModifiedRes g09 ModifiedRes-sp-1-3-7-8-002.com has not terminated on node node38
Tue Dec 31 09:02:39 2019 GAUSS_SCRDIR=/scratch/bdw2292/Gau-ModifiedRes g09 ModifiedRes-sp-1-3-7-8-021.com has not terminated on node node40
Tue Dec 31 09:02:39 2019 GAUSS_SCRDIR=/scratch/bdw2292/Gau-ModifiedRes g09 ModifiedRes-sp-1-3-7-8-040.com has not terminated on node node42
Tue Dec 31 09:02:39 2019 GAUSS_SCRDIR=/scratch/bdw2292/Gau-ModifiedRes g09 ModifiedRes-sp-1-3-7-8-059.com has not terminated on node node43
Tue Dec 31 09:02:39 2019 GAUSS_SCRDIR=/scratch/bdw2292/Gau-ModifiedRes g09 ModifiedRes-sp-1-3-7-8-078.com has not terminated on node node44
Tue Dec 31 09:02:39 2019 GAUSS_SCRDIR=/scratch/bdw2292/Gau-ModifiedRes g09 ModifiedRes-sp-1-3-7-8-097.com has not terminated on node node45
Tue Dec 31 09:02:39 2019 GAUSS_SCRDIR=/scratch/bdw2292/Gau-ModifiedRes g09 ModifiedRes-sp-1-3-7-8-287.com has not terminated on node node46
Tue Dec 31 09:02:39 2019 GAUSS_SCRDIR=/scratch/bdw2292/Gau-ModifiedRes g09 ModifiedRes-sp-1-3-7-8-268.com has not terminated on node node47
Tue Dec 31 09:02:39 2019 GAUSS_SCRDIR=/scratch/bdw2292/Gau-ModifiedRes g09 ModifiedRes-sp-1-3-7-8-249.com has not terminated on node node48
Tue Dec 31 09:02:39 2019 GAUSS_SCRDIR=/scratch/bdw2292/Gau-ModifiedRes g09 ModifiedRes-sp-1-3-7-8-230.com has not terminated on node node49
Tue Dec 31 09:02:39 2019 GAUSS_SCRDIR=/scratch/bdw2292/Gau-ModifiedRes g09 ModifiedRes-sp-1-3-7-8-211.com has not terminated on node node50
Tue Dec 31 09:02:39 2019 GAUSS_SCRDIR=/scratch/bdw2292/Gau-ModifiedRes g09 ModifiedRes-sp-1-3-7-8-192.com has not terminated on node node51
Tue Dec 31 09:02:39 2019 GAUSS_SCRDIR=/scratch/bdw2292/Gau-ModifiedRes g09 ModifiedRes-sp-1-3-7-8-173.com has not terminated on node node52
Tue Dec 31 09:02:39 2019 GAUSS_SCRDIR=/scratch/bdw2292/Gau-ModifiedRes g09 ModifiedRes-sp-1-3-7-8-154.com has not terminated on node node53
Tue Dec 31 09:02:39 2019 GAUSS_SCRDIR=/scratch/bdw2292/Gau-ModifiedRes g09 ModifiedRes-sp-1-3-7-8-135.com has not terminated on node node54
Tue Dec 31 09:02:44 2019 Sleeping for 5 seconds
Tue Dec 31 09:02:44 2019 GAUSS_SCRDIR=/scratch/bdw2292/Gau-ModifiedRes g09 ModifiedRes-sp-1-3-7-8-305.com has not terminated on node node35
Tue Dec 31 09:02:44 2019 GAUSS_SCRDIR=/scratch/bdw2292/Gau-ModifiedRes g09 ModifiedRes-sp-1-3-7-8-324.com has not terminated on node node36
Tue Dec 31 09:02:44 2019 GAUSS_SCRDIR=/scratch/bdw2292/Gau-ModifiedRes g09 ModifiedRes-sp-1-3-7-8-343.com has not terminated on node node37
Tue Dec 31 09:02:44 2019 GAUSS_SCRDIR=/scratch/bdw2292/Gau-ModifiedRes g09 ModifiedRes-sp-1-3-7-8-002.com has not terminated on node node38
Tue Dec 31 09:02:44 2019 GAUSS_SCRDIR=/scratch/bdw2292/Gau-ModifiedRes g09 ModifiedRes-sp-1-3-7-8-021.com has not terminated on node node40
Tue Dec 31 09:02:44 2019 GAUSS_SCRDIR=/scratch/bdw2292/Gau-ModifiedRes g09 ModifiedRes-sp-1-3-7-8-040.com has not terminated on node node42
Tue Dec 31 09:02:44 2019 GAUSS_SCRDIR=/scratch/bdw2292/Gau-ModifiedRes g09 ModifiedRes-sp-1-3-7-8-059.com has not terminated on node node43
Tue Dec 31 09:02:44 2019 GAUSS_SCRDIR=/scratch/bdw2292/Gau-ModifiedRes g09 ModifiedRes-sp-1-3-7-8-078.com has not terminated on node node44
Tue Dec 31 09:02:44 2019 GAUSS_SCRDIR=/scratch/bdw2292/Gau-ModifiedRes g09 ModifiedRes-sp-1-3-7-8-097.com has not terminated on node node45
Tue Dec 31 09:02:44 2019 GAUSS_SCRDIR=/scratch/bdw2292/Gau-ModifiedRes g09 ModifiedRes-sp-1-3-7-8-287.com has not terminated on node node46
Tue Dec 31 09:02:44 2019 GAUSS_SCRDIR=/scratch/bdw2292/Gau-ModifiedRes g09 ModifiedRes-sp-1-3-7-8-268.com has not terminated on node node47
Tue Dec 31 09:02:44 2019 GAUSS_SCRDIR=/scratch/bdw2292/Gau-ModifiedRes g09 ModifiedRes-sp-1-3-7-8-249.com has not terminated on node node48
Tue Dec 31 09:02:44 2019 GAUSS_SCRDIR=/scratch/bdw2292/Gau-ModifiedRes g09 ModifiedRes-sp-1-3-7-8-230.com has not terminated on node node49
Tue Dec 31 09:02:44 2019 GAUSS_SCRDIR=/scratch/bdw2292/Gau-ModifiedRes g09 ModifiedRes-sp-1-3-7-8-211.com has not terminated on node node50
Tue Dec 31 09:02:44 2019 GAUSS_SCRDIR=/scratch/bdw2292/Gau-ModifiedRes g09 ModifiedRes-sp-1-3-7-8-192.com has not terminated on node node51
Tue Dec 31 09:02:44 2019 GAUSS_SCRDIR=/scratch/bdw2292/Gau-ModifiedRes g09 ModifiedRes-sp-1-3-7-8-173.com has not terminated on node node52
Tue Dec 31 09:02:44 2019 GAUSS_SCRDIR=/scratch/bdw2292/Gau-ModifiedRes g09 ModifiedRes-sp-1-3-7-8-154.com has not terminated on node node53
Tue Dec 31 09:02:44 2019 GAUSS_SCRDIR=/scratch/bdw2292/Gau-ModifiedRes g09 ModifiedRes-sp-1-3-7-8-135.com has not terminated on node node54
Tue Dec 31 09:02:49 2019 Sleeping for 5 seconds
Tue Dec 31 09:02:49 2019 GAUSS_SCRDIR=/scratch/bdw2292/Gau-ModifiedRes g09 ModifiedRes-sp-1-3-7-8-305.com has not terminated on node node35
Tue Dec 31 09:02:49 2019 GAUSS_SCRDIR=/scratch/bdw2292/Gau-ModifiedRes g09 ModifiedRes-sp-1-3-7-8-324.com has not terminated on node node36
Tue Dec 31 09:02:49 2019 GAUSS_SCRDIR=/scratch/bdw2292/Gau-ModifiedRes g09 ModifiedRes-sp-1-3-7-8-343.com has not terminated on node node37
Tue Dec 31 09:02:49 2019 GAUSS_SCRDIR=/scratch/bdw2292/Gau-ModifiedRes g09 ModifiedRes-sp-1-3-7-8-002.com has not terminated on node node38
Tue Dec 31 09:02:49 2019 GAUSS_SCRDIR=/scratch/bdw2292/Gau-ModifiedRes g09 ModifiedRes-sp-1-3-7-8-021.com has not terminated on node node40
Tue Dec 31 09:02:49 2019 GAUSS_SCRDIR=/scratch/bdw2292/Gau-ModifiedRes g09 ModifiedRes-sp-1-3-7-8-040.com has not terminated on node node42
Tue Dec 31 09:02:49 2019 GAUSS_SCRDIR=/scratch/bdw2292/Gau-ModifiedRes g09 ModifiedRes-sp-1-3-7-8-059.com has not terminated on node node43
Tue Dec 31 09:02:49 2019 GAUSS_SCRDIR=/scratch/bdw2292/Gau-ModifiedRes g09 ModifiedRes-sp-1-3-7-8-078.com has not terminated on node node44
Tue Dec 31 09:02:49 2019 GAUSS_SCRDIR=/scratch/bdw2292/Gau-ModifiedRes g09 ModifiedRes-sp-1-3-7-8-097.com has not terminated on node node45
Tue Dec 31 09:02:49 2019 GAUSS_SCRDIR=/scratch/bdw2292/Gau-ModifiedRes g09 ModifiedRes-sp-1-3-7-8-287.com has not terminated on node node46
Tue Dec 31 09:02:49 2019 GAUSS_SCRDIR=/scratch/bdw2292/Gau-ModifiedRes g09 ModifiedRes-sp-1-3-7-8-268.com has not terminated on node node47
Tue Dec 31 09:02:49 2019 GAUSS_SCRDIR=/scratch/bdw2292/Gau-ModifiedRes g09 ModifiedRes-sp-1-3-7-8-249.com has not terminated on node node48
Tue Dec 31 09:02:49 2019 GAUSS_SCRDIR=/scratch/bdw2292/Gau-ModifiedRes g09 ModifiedRes-sp-1-3-7-8-230.com has not terminated on node node49
Tue Dec 31 09:02:49 2019 GAUSS_SCRDIR=/scratch/bdw2292/Gau-ModifiedRes g09 ModifiedRes-sp-1-3-7-8-211.com has not terminated on node node50
Tue Dec 31 09:02:49 2019 GAUSS_SCRDIR=/scratch/bdw2292/Gau-ModifiedRes g09 ModifiedRes-sp-1-3-7-8-192.com has not terminated on node node51
Tue Dec 31 09:02:49 2019 GAUSS_SCRDIR=/scratch/bdw2292/Gau-ModifiedRes g09 ModifiedRes-sp-1-3-7-8-173.com has not terminated on node node52
Tue Dec 31 09:02:49 2019 GAUSS_SCRDIR=/scratch/bdw2292/Gau-ModifiedRes g09 ModifiedRes-sp-1-3-7-8-154.com has not terminated on node node53
Tue Dec 31 09:02:49 2019 GAUSS_SCRDIR=/scratch/bdw2292/Gau-ModifiedRes g09 ModifiedRes-sp-1-3-7-8-135.com has not terminated on node node54
Tue Dec 31 09:02:54 2019 Sleeping for 5 seconds
Tue Dec 31 09:02:54 2019 GAUSS_SCRDIR=/scratch/bdw2292/Gau-ModifiedRes g09 ModifiedRes-sp-1-3-7-8-305.com has not terminated on node node35
Tue Dec 31 09:02:54 2019 GAUSS_SCRDIR=/scratch/bdw2292/Gau-ModifiedRes g09 ModifiedRes-sp-1-3-7-8-324.com has not terminated on node node36
Tue Dec 31 09:02:54 2019 GAUSS_SCRDIR=/scratch/bdw2292/Gau-ModifiedRes g09 ModifiedRes-sp-1-3-7-8-343.com has not terminated on node node37
Tue Dec 31 09:02:54 2019 GAUSS_SCRDIR=/scratch/bdw2292/Gau-ModifiedRes g09 ModifiedRes-sp-1-3-7-8-002.com has not terminated on node node38
Tue Dec 31 09:02:54 2019 GAUSS_SCRDIR=/scratch/bdw2292/Gau-ModifiedRes g09 ModifiedRes-sp-1-3-7-8-021.com has not terminated on node node40
Tue Dec 31 09:02:54 2019 GAUSS_SCRDIR=/scratch/bdw2292/Gau-ModifiedRes g09 ModifiedRes-sp-1-3-7-8-040.com has not terminated on node node42
Tue Dec 31 09:02:54 2019 GAUSS_SCRDIR=/scratch/bdw2292/Gau-ModifiedRes g09 ModifiedRes-sp-1-3-7-8-059.com has not terminated on node node43
Tue Dec 31 09:02:54 2019 GAUSS_SCRDIR=/scratch/bdw2292/Gau-ModifiedRes g09 ModifiedRes-sp-1-3-7-8-078.com has not terminated on node node44
Tue Dec 31 09:02:54 2019 GAUSS_SCRDIR=/scratch/bdw2292/Gau-ModifiedRes g09 ModifiedRes-sp-1-3-7-8-097.com has not terminated on node node45
Tue Dec 31 09:02:54 2019 GAUSS_SCRDIR=/scratch/bdw2292/Gau-ModifiedRes g09 ModifiedRes-sp-1-3-7-8-287.com has not terminated on node node46
Tue Dec 31 09:02:54 2019 GAUSS_SCRDIR=/scratch/bdw2292/Gau-ModifiedRes g09 ModifiedRes-sp-1-3-7-8-268.com has not terminated on node node47
Tue Dec 31 09:02:54 2019 GAUSS_SCRDIR=/scratch/bdw2292/Gau-ModifiedRes g09 ModifiedRes-sp-1-3-7-8-249.com has not terminated on node node48
Tue Dec 31 09:02:54 2019 GAUSS_SCRDIR=/scratch/bdw2292/Gau-ModifiedRes g09 ModifiedRes-sp-1-3-7-8-230.com has not terminated on node node49
Tue Dec 31 09:02:54 2019 GAUSS_SCRDIR=/scratch/bdw2292/Gau-ModifiedRes g09 ModifiedRes-sp-1-3-7-8-211.com has not terminated on node node50
Tue Dec 31 09:02:54 2019 GAUSS_SCRDIR=/scratch/bdw2292/Gau-ModifiedRes g09 ModifiedRes-sp-1-3-7-8-192.com has not terminated on node node51
Tue Dec 31 09:02:54 2019 GAUSS_SCRDIR=/scratch/bdw2292/Gau-ModifiedRes g09 ModifiedRes-sp-1-3-7-8-173.com has not terminated on node node52
Tue Dec 31 09:02:54 2019 GAUSS_SCRDIR=/scratch/bdw2292/Gau-ModifiedRes g09 ModifiedRes-sp-1-3-7-8-154.com has not terminated on node node53
Tue Dec 31 09:02:54 2019 GAUSS_SCRDIR=/scratch/bdw2292/Gau-ModifiedRes g09 ModifiedRes-sp-1-3-7-8-135.com has not terminated on node node54
Tue Dec 31 09:02:59 2019 Sleeping for 5 seconds
Tue Dec 31 09:02:59 2019 GAUSS_SCRDIR=/scratch/bdw2292/Gau-ModifiedRes g09 ModifiedRes-sp-1-3-7-8-305.com has not terminated on node node35
Tue Dec 31 09:02:59 2019 GAUSS_SCRDIR=/scratch/bdw2292/Gau-ModifiedRes g09 ModifiedRes-sp-1-3-7-8-324.com has not terminated on node node36
Tue Dec 31 09:02:59 2019 GAUSS_SCRDIR=/scratch/bdw2292/Gau-ModifiedRes g09 ModifiedRes-sp-1-3-7-8-343.com has not terminated on node node37
Tue Dec 31 09:02:59 2019 GAUSS_SCRDIR=/scratch/bdw2292/Gau-ModifiedRes g09 ModifiedRes-sp-1-3-7-8-002.com has not terminated on node node38
Tue Dec 31 09:02:59 2019 GAUSS_SCRDIR=/scratch/bdw2292/Gau-ModifiedRes g09 ModifiedRes-sp-1-3-7-8-021.com has not terminated on node node40
Tue Dec 31 09:02:59 2019 GAUSS_SCRDIR=/scratch/bdw2292/Gau-ModifiedRes g09 ModifiedRes-sp-1-3-7-8-040.com has not terminated on node node42
Tue Dec 31 09:02:59 2019 GAUSS_SCRDIR=/scratch/bdw2292/Gau-ModifiedRes g09 ModifiedRes-sp-1-3-7-8-059.com has not terminated on node node43
Tue Dec 31 09:02:59 2019 GAUSS_SCRDIR=/scratch/bdw2292/Gau-ModifiedRes g09 ModifiedRes-sp-1-3-7-8-078.com has not terminated on node node44
Tue Dec 31 09:02:59 2019 GAUSS_SCRDIR=/scratch/bdw2292/Gau-ModifiedRes g09 ModifiedRes-sp-1-3-7-8-097.com has not terminated on node node45
Tue Dec 31 09:02:59 2019 GAUSS_SCRDIR=/scratch/bdw2292/Gau-ModifiedRes g09 ModifiedRes-sp-1-3-7-8-287.com has not terminated on node node46
Tue Dec 31 09:02:59 2019 GAUSS_SCRDIR=/scratch/bdw2292/Gau-ModifiedRes g09 ModifiedRes-sp-1-3-7-8-268.com has not terminated on node node47
Tue Dec 31 09:02:59 2019 GAUSS_SCRDIR=/scratch/bdw2292/Gau-ModifiedRes g09 ModifiedRes-sp-1-3-7-8-249.com has not terminated on node node48
Tue Dec 31 09:02:59 2019 GAUSS_SCRDIR=/scratch/bdw2292/Gau-ModifiedRes g09 ModifiedRes-sp-1-3-7-8-230.com has not terminated on node node49
Tue Dec 31 09:02:59 2019 GAUSS_SCRDIR=/scratch/bdw2292/Gau-ModifiedRes g09 ModifiedRes-sp-1-3-7-8-211.com has not terminated on node node50
Tue Dec 31 09:02:59 2019 GAUSS_SCRDIR=/scratch/bdw2292/Gau-ModifiedRes g09 ModifiedRes-sp-1-3-7-8-192.com has not terminated on node node51
Tue Dec 31 09:02:59 2019 GAUSS_SCRDIR=/scratch/bdw2292/Gau-ModifiedRes g09 ModifiedRes-sp-1-3-7-8-173.com has not terminated on node node52
Tue Dec 31 09:02:59 2019 GAUSS_SCRDIR=/scratch/bdw2292/Gau-ModifiedRes g09 ModifiedRes-sp-1-3-7-8-154.com has not terminated on node node53
Tue Dec 31 09:02:59 2019 GAUSS_SCRDIR=/scratch/bdw2292/Gau-ModifiedRes g09 ModifiedRes-sp-1-3-7-8-135.com has not terminated on node node54
Tue Dec 31 09:03:04 2019 Sleeping for 5 seconds
Tue Dec 31 09:03:04 2019 GAUSS_SCRDIR=/scratch/bdw2292/Gau-ModifiedRes g09 ModifiedRes-sp-1-3-7-8-305.com has not terminated on node node35
Tue Dec 31 09:03:04 2019 GAUSS_SCRDIR=/scratch/bdw2292/Gau-ModifiedRes g09 ModifiedRes-sp-1-3-7-8-324.com has not terminated on node node36
Tue Dec 31 09:03:04 2019 GAUSS_SCRDIR=/scratch/bdw2292/Gau-ModifiedRes g09 ModifiedRes-sp-1-3-7-8-343.com has not terminated on node node37
Tue Dec 31 09:03:04 2019 GAUSS_SCRDIR=/scratch/bdw2292/Gau-ModifiedRes g09 ModifiedRes-sp-1-3-7-8-002.com has not terminated on node node38
Tue Dec 31 09:03:04 2019 GAUSS_SCRDIR=/scratch/bdw2292/Gau-ModifiedRes g09 ModifiedRes-sp-1-3-7-8-021.com has not terminated on node node40
Tue Dec 31 09:03:04 2019 GAUSS_SCRDIR=/scratch/bdw2292/Gau-ModifiedRes g09 ModifiedRes-sp-1-3-7-8-040.com has not terminated on node node42
Tue Dec 31 09:03:04 2019 GAUSS_SCRDIR=/scratch/bdw2292/Gau-ModifiedRes g09 ModifiedRes-sp-1-3-7-8-059.com has not terminated on node node43
Tue Dec 31 09:03:04 2019 GAUSS_SCRDIR=/scratch/bdw2292/Gau-ModifiedRes g09 ModifiedRes-sp-1-3-7-8-078.com has not terminated on node node44
Tue Dec 31 09:03:04 2019 GAUSS_SCRDIR=/scratch/bdw2292/Gau-ModifiedRes g09 ModifiedRes-sp-1-3-7-8-097.com has not terminated on node node45
Tue Dec 31 09:03:04 2019 GAUSS_SCRDIR=/scratch/bdw2292/Gau-ModifiedRes g09 ModifiedRes-sp-1-3-7-8-287.com has not terminated on node node46
Tue Dec 31 09:03:04 2019 GAUSS_SCRDIR=/scratch/bdw2292/Gau-ModifiedRes g09 ModifiedRes-sp-1-3-7-8-268.com has not terminated on node node47
Tue Dec 31 09:03:04 2019 GAUSS_SCRDIR=/scratch/bdw2292/Gau-ModifiedRes g09 ModifiedRes-sp-1-3-7-8-249.com has not terminated on node node48
Tue Dec 31 09:03:04 2019 GAUSS_SCRDIR=/scratch/bdw2292/Gau-ModifiedRes g09 ModifiedRes-sp-1-3-7-8-230.com has not terminated on node node49
Tue Dec 31 09:03:04 2019 GAUSS_SCRDIR=/scratch/bdw2292/Gau-ModifiedRes g09 ModifiedRes-sp-1-3-7-8-211.com has not terminated on node node50
Tue Dec 31 09:03:04 2019 GAUSS_SCRDIR=/scratch/bdw2292/Gau-ModifiedRes g09 ModifiedRes-sp-1-3-7-8-192.com has not terminated on node node51
Tue Dec 31 09:03:04 2019 GAUSS_SCRDIR=/scratch/bdw2292/Gau-ModifiedRes g09 ModifiedRes-sp-1-3-7-8-173.com has not terminated on node node52
Tue Dec 31 09:03:04 2019 GAUSS_SCRDIR=/scratch/bdw2292/Gau-ModifiedRes g09 ModifiedRes-sp-1-3-7-8-154.com has not terminated on node node53
Tue Dec 31 09:03:04 2019 GAUSS_SCRDIR=/scratch/bdw2292/Gau-ModifiedRes g09 ModifiedRes-sp-1-3-7-8-135.com has not terminated on node node54
Tue Dec 31 09:03:09 2019 Sleeping for 5 seconds
Tue Dec 31 09:03:09 2019 GAUSS_SCRDIR=/scratch/bdw2292/Gau-ModifiedRes g09 ModifiedRes-sp-1-3-7-8-305.com has not terminated on node node35
Tue Dec 31 09:03:09 2019 GAUSS_SCRDIR=/scratch/bdw2292/Gau-ModifiedRes g09 ModifiedRes-sp-1-3-7-8-324.com has not terminated on node node36
Tue Dec 31 09:03:09 2019 GAUSS_SCRDIR=/scratch/bdw2292/Gau-ModifiedRes g09 ModifiedRes-sp-1-3-7-8-343.com has not terminated on node node37
Tue Dec 31 09:03:09 2019 GAUSS_SCRDIR=/scratch/bdw2292/Gau-ModifiedRes g09 ModifiedRes-sp-1-3-7-8-002.com has not terminated on node node38
Tue Dec 31 09:03:09 2019 GAUSS_SCRDIR=/scratch/bdw2292/Gau-ModifiedRes g09 ModifiedRes-sp-1-3-7-8-021.com has not terminated on node node40
Tue Dec 31 09:03:09 2019 GAUSS_SCRDIR=/scratch/bdw2292/Gau-ModifiedRes g09 ModifiedRes-sp-1-3-7-8-040.com has not terminated on node node42
Tue Dec 31 09:03:09 2019 GAUSS_SCRDIR=/scratch/bdw2292/Gau-ModifiedRes g09 ModifiedRes-sp-1-3-7-8-059.com has not terminated on node node43
Tue Dec 31 09:03:09 2019 GAUSS_SCRDIR=/scratch/bdw2292/Gau-ModifiedRes g09 ModifiedRes-sp-1-3-7-8-078.com has not terminated on node node44
Tue Dec 31 09:03:09 2019 GAUSS_SCRDIR=/scratch/bdw2292/Gau-ModifiedRes g09 ModifiedRes-sp-1-3-7-8-097.com has not terminated on node node45
Tue Dec 31 09:03:09 2019 GAUSS_SCRDIR=/scratch/bdw2292/Gau-ModifiedRes g09 ModifiedRes-sp-1-3-7-8-287.com has not terminated on node node46
Tue Dec 31 09:03:09 2019 GAUSS_SCRDIR=/scratch/bdw2292/Gau-ModifiedRes g09 ModifiedRes-sp-1-3-7-8-268.com has not terminated on node node47
Tue Dec 31 09:03:09 2019 GAUSS_SCRDIR=/scratch/bdw2292/Gau-ModifiedRes g09 ModifiedRes-sp-1-3-7-8-249.com has not terminated on node node48
Tue Dec 31 09:03:09 2019 GAUSS_SCRDIR=/scratch/bdw2292/Gau-ModifiedRes g09 ModifiedRes-sp-1-3-7-8-230.com has not terminated on node node49
Tue Dec 31 09:03:09 2019 GAUSS_SCRDIR=/scratch/bdw2292/Gau-ModifiedRes g09 ModifiedRes-sp-1-3-7-8-211.com has not terminated on node node50
Tue Dec 31 09:03:09 2019 GAUSS_SCRDIR=/scratch/bdw2292/Gau-ModifiedRes g09 ModifiedRes-sp-1-3-7-8-192.com has not terminated on node node51
Tue Dec 31 09:03:09 2019 GAUSS_SCRDIR=/scratch/bdw2292/Gau-ModifiedRes g09 ModifiedRes-sp-1-3-7-8-173.com has not terminated on node node52
Tue Dec 31 09:03:09 2019 GAUSS_SCRDIR=/scratch/bdw2292/Gau-ModifiedRes g09 ModifiedRes-sp-1-3-7-8-154.com has not terminated on node node53
Tue Dec 31 09:03:09 2019 GAUSS_SCRDIR=/scratch/bdw2292/Gau-ModifiedRes g09 ModifiedRes-sp-1-3-7-8-135.com has not terminated on node node54
Tue Dec 31 09:03:14 2019 Sleeping for 5 seconds
Tue Dec 31 09:03:14 2019 GAUSS_SCRDIR=/scratch/bdw2292/Gau-ModifiedRes g09 ModifiedRes-sp-1-3-7-8-305.com has not terminated on node node35
Tue Dec 31 09:03:14 2019 GAUSS_SCRDIR=/scratch/bdw2292/Gau-ModifiedRes g09 ModifiedRes-sp-1-3-7-8-324.com has not terminated on node node36
Tue Dec 31 09:03:14 2019 GAUSS_SCRDIR=/scratch/bdw2292/Gau-ModifiedRes g09 ModifiedRes-sp-1-3-7-8-343.com has not terminated on node node37
Tue Dec 31 09:03:14 2019 GAUSS_SCRDIR=/scratch/bdw2292/Gau-ModifiedRes g09 ModifiedRes-sp-1-3-7-8-002.com has not terminated on node node38
Tue Dec 31 09:03:14 2019 GAUSS_SCRDIR=/scratch/bdw2292/Gau-ModifiedRes g09 ModifiedRes-sp-1-3-7-8-021.com has not terminated on node node40
Tue Dec 31 09:03:14 2019 GAUSS_SCRDIR=/scratch/bdw2292/Gau-ModifiedRes g09 ModifiedRes-sp-1-3-7-8-040.com has not terminated on node node42
Tue Dec 31 09:03:14 2019 GAUSS_SCRDIR=/scratch/bdw2292/Gau-ModifiedRes g09 ModifiedRes-sp-1-3-7-8-059.com has not terminated on node node43
Tue Dec 31 09:03:14 2019 GAUSS_SCRDIR=/scratch/bdw2292/Gau-ModifiedRes g09 ModifiedRes-sp-1-3-7-8-078.com has not terminated on node node44
Tue Dec 31 09:03:14 2019 GAUSS_SCRDIR=/scratch/bdw2292/Gau-ModifiedRes g09 ModifiedRes-sp-1-3-7-8-097.com has not terminated on node node45
Tue Dec 31 09:03:14 2019 GAUSS_SCRDIR=/scratch/bdw2292/Gau-ModifiedRes g09 ModifiedRes-sp-1-3-7-8-287.com has not terminated on node node46
Tue Dec 31 09:03:14 2019 GAUSS_SCRDIR=/scratch/bdw2292/Gau-ModifiedRes g09 ModifiedRes-sp-1-3-7-8-268.com has not terminated on node node47
Tue Dec 31 09:03:14 2019 GAUSS_SCRDIR=/scratch/bdw2292/Gau-ModifiedRes g09 ModifiedRes-sp-1-3-7-8-249.com has not terminated on node node48
Tue Dec 31 09:03:14 2019 GAUSS_SCRDIR=/scratch/bdw2292/Gau-ModifiedRes g09 ModifiedRes-sp-1-3-7-8-230.com has not terminated on node node49
Tue Dec 31 09:03:14 2019 GAUSS_SCRDIR=/scratch/bdw2292/Gau-ModifiedRes g09 ModifiedRes-sp-1-3-7-8-211.com has not terminated on node node50
Tue Dec 31 09:03:14 2019 GAUSS_SCRDIR=/scratch/bdw2292/Gau-ModifiedRes g09 ModifiedRes-sp-1-3-7-8-192.com has not terminated on node node51
Tue Dec 31 09:03:14 2019 GAUSS_SCRDIR=/scratch/bdw2292/Gau-ModifiedRes g09 ModifiedRes-sp-1-3-7-8-173.com has not terminated on node node52
Tue Dec 31 09:03:14 2019 GAUSS_SCRDIR=/scratch/bdw2292/Gau-ModifiedRes g09 ModifiedRes-sp-1-3-7-8-154.com has not terminated on node node53
Tue Dec 31 09:03:14 2019 GAUSS_SCRDIR=/scratch/bdw2292/Gau-ModifiedRes g09 ModifiedRes-sp-1-3-7-8-135.com has not terminated on node node54
Tue Dec 31 09:03:19 2019 Sleeping for 5 seconds
Tue Dec 31 09:03:19 2019 GAUSS_SCRDIR=/scratch/bdw2292/Gau-ModifiedRes g09 ModifiedRes-sp-1-3-7-8-305.com has not terminated on node node35
Tue Dec 31 09:03:19 2019 GAUSS_SCRDIR=/scratch/bdw2292/Gau-ModifiedRes g09 ModifiedRes-sp-1-3-7-8-324.com has not terminated on node node36
Tue Dec 31 09:03:19 2019 GAUSS_SCRDIR=/scratch/bdw2292/Gau-ModifiedRes g09 ModifiedRes-sp-1-3-7-8-343.com has not terminated on node node37
Tue Dec 31 09:03:19 2019 GAUSS_SCRDIR=/scratch/bdw2292/Gau-ModifiedRes g09 ModifiedRes-sp-1-3-7-8-002.com has not terminated on node node38
Tue Dec 31 09:03:19 2019 GAUSS_SCRDIR=/scratch/bdw2292/Gau-ModifiedRes g09 ModifiedRes-sp-1-3-7-8-021.com has not terminated on node node40
Tue Dec 31 09:03:19 2019 GAUSS_SCRDIR=/scratch/bdw2292/Gau-ModifiedRes g09 ModifiedRes-sp-1-3-7-8-040.com has not terminated on node node42
Tue Dec 31 09:03:19 2019 GAUSS_SCRDIR=/scratch/bdw2292/Gau-ModifiedRes g09 ModifiedRes-sp-1-3-7-8-059.com has not terminated on node node43
Tue Dec 31 09:03:19 2019 GAUSS_SCRDIR=/scratch/bdw2292/Gau-ModifiedRes g09 ModifiedRes-sp-1-3-7-8-078.com has not terminated on node node44
Tue Dec 31 09:03:19 2019 GAUSS_SCRDIR=/scratch/bdw2292/Gau-ModifiedRes g09 ModifiedRes-sp-1-3-7-8-097.com has not terminated on node node45
Tue Dec 31 09:03:19 2019 GAUSS_SCRDIR=/scratch/bdw2292/Gau-ModifiedRes g09 ModifiedRes-sp-1-3-7-8-287.com has not terminated on node node46
Tue Dec 31 09:03:19 2019 GAUSS_SCRDIR=/scratch/bdw2292/Gau-ModifiedRes g09 ModifiedRes-sp-1-3-7-8-268.com has not terminated on node node47
Tue Dec 31 09:03:19 2019 GAUSS_SCRDIR=/scratch/bdw2292/Gau-ModifiedRes g09 ModifiedRes-sp-1-3-7-8-249.com has not terminated on node node48
Tue Dec 31 09:03:19 2019 GAUSS_SCRDIR=/scratch/bdw2292/Gau-ModifiedRes g09 ModifiedRes-sp-1-3-7-8-230.com has not terminated on node node49
Tue Dec 31 09:03:19 2019 GAUSS_SCRDIR=/scratch/bdw2292/Gau-ModifiedRes g09 ModifiedRes-sp-1-3-7-8-211.com has not terminated on node node50
Tue Dec 31 09:03:19 2019 GAUSS_SCRDIR=/scratch/bdw2292/Gau-ModifiedRes g09 ModifiedRes-sp-1-3-7-8-192.com has not terminated on node node51
Tue Dec 31 09:03:19 2019 GAUSS_SCRDIR=/scratch/bdw2292/Gau-ModifiedRes g09 ModifiedRes-sp-1-3-7-8-173.com has not terminated on node node52
Tue Dec 31 09:03:19 2019 GAUSS_SCRDIR=/scratch/bdw2292/Gau-ModifiedRes g09 ModifiedRes-sp-1-3-7-8-154.com has not terminated on node node53
Tue Dec 31 09:03:19 2019 GAUSS_SCRDIR=/scratch/bdw2292/Gau-ModifiedRes g09 ModifiedRes-sp-1-3-7-8-135.com has not terminated on node node54
Tue Dec 31 09:03:24 2019 Sleeping for 5 seconds
Tue Dec 31 09:03:24 2019 GAUSS_SCRDIR=/scratch/bdw2292/Gau-ModifiedRes g09 ModifiedRes-sp-1-3-7-8-305.com has not terminated on node node35
Tue Dec 31 09:03:24 2019 GAUSS_SCRDIR=/scratch/bdw2292/Gau-ModifiedRes g09 ModifiedRes-sp-1-3-7-8-324.com has not terminated on node node36
Tue Dec 31 09:03:24 2019 GAUSS_SCRDIR=/scratch/bdw2292/Gau-ModifiedRes g09 ModifiedRes-sp-1-3-7-8-343.com has terminated on node node37
Tue Dec 31 09:03:24 2019 GAUSS_SCRDIR=/scratch/bdw2292/Gau-ModifiedRes g09 ModifiedRes-sp-1-3-7-8-002.com has not terminated on node node38
Tue Dec 31 09:03:24 2019 GAUSS_SCRDIR=/scratch/bdw2292/Gau-ModifiedRes g09 ModifiedRes-sp-1-3-7-8-021.com has not terminated on node node40
Tue Dec 31 09:03:24 2019 GAUSS_SCRDIR=/scratch/bdw2292/Gau-ModifiedRes g09 ModifiedRes-sp-1-3-7-8-040.com has not terminated on node node42
Tue Dec 31 09:03:24 2019 GAUSS_SCRDIR=/scratch/bdw2292/Gau-ModifiedRes g09 ModifiedRes-sp-1-3-7-8-059.com has not terminated on node node43
Tue Dec 31 09:03:24 2019 GAUSS_SCRDIR=/scratch/bdw2292/Gau-ModifiedRes g09 ModifiedRes-sp-1-3-7-8-078.com has not terminated on node node44
Tue Dec 31 09:03:24 2019 GAUSS_SCRDIR=/scratch/bdw2292/Gau-ModifiedRes g09 ModifiedRes-sp-1-3-7-8-097.com has not terminated on node node45
Tue Dec 31 09:03:24 2019 GAUSS_SCRDIR=/scratch/bdw2292/Gau-ModifiedRes g09 ModifiedRes-sp-1-3-7-8-287.com has not terminated on node node46
Tue Dec 31 09:03:24 2019 GAUSS_SCRDIR=/scratch/bdw2292/Gau-ModifiedRes g09 ModifiedRes-sp-1-3-7-8-268.com has not terminated on node node47
Tue Dec 31 09:03:24 2019 GAUSS_SCRDIR=/scratch/bdw2292/Gau-ModifiedRes g09 ModifiedRes-sp-1-3-7-8-249.com has not terminated on node node48
Tue Dec 31 09:03:24 2019 GAUSS_SCRDIR=/scratch/bdw2292/Gau-ModifiedRes g09 ModifiedRes-sp-1-3-7-8-230.com has not terminated on node node49
Tue Dec 31 09:03:24 2019 GAUSS_SCRDIR=/scratch/bdw2292/Gau-ModifiedRes g09 ModifiedRes-sp-1-3-7-8-211.com has not terminated on node node50
Tue Dec 31 09:03:24 2019 GAUSS_SCRDIR=/scratch/bdw2292/Gau-ModifiedRes g09 ModifiedRes-sp-1-3-7-8-192.com has not terminated on node node51
Tue Dec 31 09:03:24 2019 GAUSS_SCRDIR=/scratch/bdw2292/Gau-ModifiedRes g09 ModifiedRes-sp-1-3-7-8-173.com has not terminated on node node52
Tue Dec 31 09:03:24 2019 GAUSS_SCRDIR=/scratch/bdw2292/Gau-ModifiedRes g09 ModifiedRes-sp-1-3-7-8-154.com has not terminated on node node53
Tue Dec 31 09:03:24 2019 GAUSS_SCRDIR=/scratch/bdw2292/Gau-ModifiedRes g09 ModifiedRes-sp-1-3-7-8-135.com has not terminated on node node54
Tue Dec 31 09:03:29 2019 Sleeping for 5 seconds
Tue Dec 31 09:03:29 2019 GAUSS_SCRDIR=/scratch/bdw2292/Gau-ModifiedRes g09 ModifiedRes-sp-1-3-7-8-305.com has not terminated on node node35
Tue Dec 31 09:03:29 2019 GAUSS_SCRDIR=/scratch/bdw2292/Gau-ModifiedRes g09 ModifiedRes-sp-1-3-7-8-324.com has not terminated on node node36
Tue Dec 31 09:03:29 2019 GAUSS_SCRDIR=/scratch/bdw2292/Gau-ModifiedRes g09 ModifiedRes-sp-1-3-7-8-002.com has not terminated on node node38
Tue Dec 31 09:03:29 2019 GAUSS_SCRDIR=/scratch/bdw2292/Gau-ModifiedRes g09 ModifiedRes-sp-1-3-7-8-021.com has not terminated on node node40
Tue Dec 31 09:03:29 2019 GAUSS_SCRDIR=/scratch/bdw2292/Gau-ModifiedRes g09 ModifiedRes-sp-1-3-7-8-040.com has not terminated on node node42
Tue Dec 31 09:03:29 2019 GAUSS_SCRDIR=/scratch/bdw2292/Gau-ModifiedRes g09 ModifiedRes-sp-1-3-7-8-059.com has terminated on node node43
Tue Dec 31 09:03:29 2019 GAUSS_SCRDIR=/scratch/bdw2292/Gau-ModifiedRes g09 ModifiedRes-sp-1-3-7-8-078.com has terminated on node node44
Tue Dec 31 09:03:29 2019 GAUSS_SCRDIR=/scratch/bdw2292/Gau-ModifiedRes g09 ModifiedRes-sp-1-3-7-8-097.com has terminated on node node45
Tue Dec 31 09:03:29 2019 GAUSS_SCRDIR=/scratch/bdw2292/Gau-ModifiedRes g09 ModifiedRes-sp-1-3-7-8-287.com has terminated on node node46
Tue Dec 31 09:03:29 2019 GAUSS_SCRDIR=/scratch/bdw2292/Gau-ModifiedRes g09 ModifiedRes-sp-1-3-7-8-268.com has not terminated on node node47
Tue Dec 31 09:03:29 2019 GAUSS_SCRDIR=/scratch/bdw2292/Gau-ModifiedRes g09 ModifiedRes-sp-1-3-7-8-249.com has not terminated on node node48
Tue Dec 31 09:03:29 2019 GAUSS_SCRDIR=/scratch/bdw2292/Gau-ModifiedRes g09 ModifiedRes-sp-1-3-7-8-230.com has not terminated on node node49
Tue Dec 31 09:03:29 2019 GAUSS_SCRDIR=/scratch/bdw2292/Gau-ModifiedRes g09 ModifiedRes-sp-1-3-7-8-211.com has not terminated on node node50
Tue Dec 31 09:03:29 2019 GAUSS_SCRDIR=/scratch/bdw2292/Gau-ModifiedRes g09 ModifiedRes-sp-1-3-7-8-192.com has not terminated on node node51
Tue Dec 31 09:03:29 2019 GAUSS_SCRDIR=/scratch/bdw2292/Gau-ModifiedRes g09 ModifiedRes-sp-1-3-7-8-173.com has not terminated on node node52
Tue Dec 31 09:03:29 2019 GAUSS_SCRDIR=/scratch/bdw2292/Gau-ModifiedRes g09 ModifiedRes-sp-1-3-7-8-154.com has not terminated on node node53
Tue Dec 31 09:03:29 2019 GAUSS_SCRDIR=/scratch/bdw2292/Gau-ModifiedRes g09 ModifiedRes-sp-1-3-7-8-135.com has not terminated on node node54
Tue Dec 31 09:03:34 2019 Sleeping for 5 seconds
Tue Dec 31 09:03:34 2019 GAUSS_SCRDIR=/scratch/bdw2292/Gau-ModifiedRes g09 ModifiedRes-sp-1-3-7-8-305.com has not terminated on node node35
Tue Dec 31 09:03:34 2019 GAUSS_SCRDIR=/scratch/bdw2292/Gau-ModifiedRes g09 ModifiedRes-sp-1-3-7-8-324.com has not terminated on node node36
Tue Dec 31 09:03:34 2019 GAUSS_SCRDIR=/scratch/bdw2292/Gau-ModifiedRes g09 ModifiedRes-sp-1-3-7-8-002.com has not terminated on node node38
Tue Dec 31 09:03:34 2019 GAUSS_SCRDIR=/scratch/bdw2292/Gau-ModifiedRes g09 ModifiedRes-sp-1-3-7-8-021.com has not terminated on node node40
Tue Dec 31 09:03:34 2019 GAUSS_SCRDIR=/scratch/bdw2292/Gau-ModifiedRes g09 ModifiedRes-sp-1-3-7-8-040.com has terminated on node node42
Tue Dec 31 09:03:34 2019 GAUSS_SCRDIR=/scratch/bdw2292/Gau-ModifiedRes g09 ModifiedRes-sp-1-3-7-8-268.com has terminated on node node47
Tue Dec 31 09:03:34 2019 GAUSS_SCRDIR=/scratch/bdw2292/Gau-ModifiedRes g09 ModifiedRes-sp-1-3-7-8-249.com has not terminated on node node48
Tue Dec 31 09:03:34 2019 GAUSS_SCRDIR=/scratch/bdw2292/Gau-ModifiedRes g09 ModifiedRes-sp-1-3-7-8-230.com has not terminated on node node49
Tue Dec 31 09:03:34 2019 GAUSS_SCRDIR=/scratch/bdw2292/Gau-ModifiedRes g09 ModifiedRes-sp-1-3-7-8-211.com has not terminated on node node50
Tue Dec 31 09:03:34 2019 GAUSS_SCRDIR=/scratch/bdw2292/Gau-ModifiedRes g09 ModifiedRes-sp-1-3-7-8-192.com has not terminated on node node51
Tue Dec 31 09:03:34 2019 GAUSS_SCRDIR=/scratch/bdw2292/Gau-ModifiedRes g09 ModifiedRes-sp-1-3-7-8-173.com has not terminated on node node52
Tue Dec 31 09:03:34 2019 GAUSS_SCRDIR=/scratch/bdw2292/Gau-ModifiedRes g09 ModifiedRes-sp-1-3-7-8-154.com has not terminated on node node53
Tue Dec 31 09:03:34 2019 GAUSS_SCRDIR=/scratch/bdw2292/Gau-ModifiedRes g09 ModifiedRes-sp-1-3-7-8-135.com has not terminated on node node54
Tue Dec 31 09:03:39 2019 Sleeping for 5 seconds
Tue Dec 31 09:03:39 2019 GAUSS_SCRDIR=/scratch/bdw2292/Gau-ModifiedRes g09 ModifiedRes-sp-1-3-7-8-305.com has not terminated on node node35
Tue Dec 31 09:03:39 2019 GAUSS_SCRDIR=/scratch/bdw2292/Gau-ModifiedRes g09 ModifiedRes-sp-1-3-7-8-324.com has not terminated on node node36
Tue Dec 31 09:03:39 2019 GAUSS_SCRDIR=/scratch/bdw2292/Gau-ModifiedRes g09 ModifiedRes-sp-1-3-7-8-002.com has not terminated on node node38
Tue Dec 31 09:03:39 2019 GAUSS_SCRDIR=/scratch/bdw2292/Gau-ModifiedRes g09 ModifiedRes-sp-1-3-7-8-021.com has terminated on node node40
Tue Dec 31 09:03:39 2019 GAUSS_SCRDIR=/scratch/bdw2292/Gau-ModifiedRes g09 ModifiedRes-sp-1-3-7-8-249.com has terminated on node node48
Tue Dec 31 09:03:39 2019 GAUSS_SCRDIR=/scratch/bdw2292/Gau-ModifiedRes g09 ModifiedRes-sp-1-3-7-8-230.com has not terminated on node node49
Tue Dec 31 09:03:39 2019 GAUSS_SCRDIR=/scratch/bdw2292/Gau-ModifiedRes g09 ModifiedRes-sp-1-3-7-8-211.com has not terminated on node node50
Tue Dec 31 09:03:39 2019 GAUSS_SCRDIR=/scratch/bdw2292/Gau-ModifiedRes g09 ModifiedRes-sp-1-3-7-8-192.com has not terminated on node node51
Tue Dec 31 09:03:39 2019 GAUSS_SCRDIR=/scratch/bdw2292/Gau-ModifiedRes g09 ModifiedRes-sp-1-3-7-8-173.com has not terminated on node node52
Tue Dec 31 09:03:39 2019 GAUSS_SCRDIR=/scratch/bdw2292/Gau-ModifiedRes g09 ModifiedRes-sp-1-3-7-8-154.com has not terminated on node node53
Tue Dec 31 09:03:39 2019 GAUSS_SCRDIR=/scratch/bdw2292/Gau-ModifiedRes g09 ModifiedRes-sp-1-3-7-8-135.com has not terminated on node node54
Tue Dec 31 09:03:44 2019 Sleeping for 5 seconds
Tue Dec 31 09:03:44 2019 GAUSS_SCRDIR=/scratch/bdw2292/Gau-ModifiedRes g09 ModifiedRes-sp-1-3-7-8-305.com has not terminated on node node35
Tue Dec 31 09:03:44 2019 GAUSS_SCRDIR=/scratch/bdw2292/Gau-ModifiedRes g09 ModifiedRes-sp-1-3-7-8-324.com has not terminated on node node36
Tue Dec 31 09:03:44 2019 GAUSS_SCRDIR=/scratch/bdw2292/Gau-ModifiedRes g09 ModifiedRes-sp-1-3-7-8-002.com has not terminated on node node38
Tue Dec 31 09:03:44 2019 GAUSS_SCRDIR=/scratch/bdw2292/Gau-ModifiedRes g09 ModifiedRes-sp-1-3-7-8-230.com has terminated on node node49
Tue Dec 31 09:03:44 2019 GAUSS_SCRDIR=/scratch/bdw2292/Gau-ModifiedRes g09 ModifiedRes-sp-1-3-7-8-211.com has not terminated on node node50
Tue Dec 31 09:03:44 2019 GAUSS_SCRDIR=/scratch/bdw2292/Gau-ModifiedRes g09 ModifiedRes-sp-1-3-7-8-192.com has not terminated on node node51
Tue Dec 31 09:03:44 2019 GAUSS_SCRDIR=/scratch/bdw2292/Gau-ModifiedRes g09 ModifiedRes-sp-1-3-7-8-173.com has not terminated on node node52
Tue Dec 31 09:03:44 2019 GAUSS_SCRDIR=/scratch/bdw2292/Gau-ModifiedRes g09 ModifiedRes-sp-1-3-7-8-154.com has not terminated on node node53
Tue Dec 31 09:03:44 2019 GAUSS_SCRDIR=/scratch/bdw2292/Gau-ModifiedRes g09 ModifiedRes-sp-1-3-7-8-135.com has not terminated on node node54
Tue Dec 31 09:03:49 2019 Sleeping for 5 seconds
Tue Dec 31 09:03:49 2019 GAUSS_SCRDIR=/scratch/bdw2292/Gau-ModifiedRes g09 ModifiedRes-sp-1-3-7-8-305.com has not terminated on node node35
Tue Dec 31 09:03:49 2019 GAUSS_SCRDIR=/scratch/bdw2292/Gau-ModifiedRes g09 ModifiedRes-sp-1-3-7-8-324.com has not terminated on node node36
Tue Dec 31 09:03:49 2019 GAUSS_SCRDIR=/scratch/bdw2292/Gau-ModifiedRes g09 ModifiedRes-sp-1-3-7-8-002.com has not terminated on node node38
Tue Dec 31 09:03:49 2019 GAUSS_SCRDIR=/scratch/bdw2292/Gau-ModifiedRes g09 ModifiedRes-sp-1-3-7-8-211.com has not terminated on node node50
Tue Dec 31 09:03:49 2019 GAUSS_SCRDIR=/scratch/bdw2292/Gau-ModifiedRes g09 ModifiedRes-sp-1-3-7-8-192.com has not terminated on node node51
Tue Dec 31 09:03:49 2019 GAUSS_SCRDIR=/scratch/bdw2292/Gau-ModifiedRes g09 ModifiedRes-sp-1-3-7-8-173.com has not terminated on node node52
Tue Dec 31 09:03:49 2019 GAUSS_SCRDIR=/scratch/bdw2292/Gau-ModifiedRes g09 ModifiedRes-sp-1-3-7-8-154.com has not terminated on node node53
Tue Dec 31 09:03:49 2019 GAUSS_SCRDIR=/scratch/bdw2292/Gau-ModifiedRes g09 ModifiedRes-sp-1-3-7-8-135.com has not terminated on node node54
Tue Dec 31 09:03:54 2019 Sleeping for 5 seconds
Tue Dec 31 09:03:54 2019 GAUSS_SCRDIR=/scratch/bdw2292/Gau-ModifiedRes g09 ModifiedRes-sp-1-3-7-8-305.com has not terminated on node node35
Tue Dec 31 09:03:54 2019 GAUSS_SCRDIR=/scratch/bdw2292/Gau-ModifiedRes g09 ModifiedRes-sp-1-3-7-8-324.com has not terminated on node node36
Tue Dec 31 09:03:54 2019 GAUSS_SCRDIR=/scratch/bdw2292/Gau-ModifiedRes g09 ModifiedRes-sp-1-3-7-8-002.com has not terminated on node node38
Tue Dec 31 09:03:54 2019 GAUSS_SCRDIR=/scratch/bdw2292/Gau-ModifiedRes g09 ModifiedRes-sp-1-3-7-8-211.com has terminated on node node50
Tue Dec 31 09:03:54 2019 GAUSS_SCRDIR=/scratch/bdw2292/Gau-ModifiedRes g09 ModifiedRes-sp-1-3-7-8-192.com has not terminated on node node51
Tue Dec 31 09:03:54 2019 GAUSS_SCRDIR=/scratch/bdw2292/Gau-ModifiedRes g09 ModifiedRes-sp-1-3-7-8-173.com has not terminated on node node52
Tue Dec 31 09:03:54 2019 GAUSS_SCRDIR=/scratch/bdw2292/Gau-ModifiedRes g09 ModifiedRes-sp-1-3-7-8-154.com has terminated on node node53
Tue Dec 31 09:03:54 2019 GAUSS_SCRDIR=/scratch/bdw2292/Gau-ModifiedRes g09 ModifiedRes-sp-1-3-7-8-135.com has not terminated on node node54
Tue Dec 31 09:03:59 2019 Sleeping for 5 seconds
Tue Dec 31 09:03:59 2019 GAUSS_SCRDIR=/scratch/bdw2292/Gau-ModifiedRes g09 ModifiedRes-sp-1-3-7-8-305.com has not terminated on node node35
Tue Dec 31 09:03:59 2019 GAUSS_SCRDIR=/scratch/bdw2292/Gau-ModifiedRes g09 ModifiedRes-sp-1-3-7-8-324.com has not terminated on node node36
Tue Dec 31 09:03:59 2019 GAUSS_SCRDIR=/scratch/bdw2292/Gau-ModifiedRes g09 ModifiedRes-sp-1-3-7-8-002.com has not terminated on node node38
Tue Dec 31 09:03:59 2019 GAUSS_SCRDIR=/scratch/bdw2292/Gau-ModifiedRes g09 ModifiedRes-sp-1-3-7-8-192.com has not terminated on node node51
Tue Dec 31 09:03:59 2019 GAUSS_SCRDIR=/scratch/bdw2292/Gau-ModifiedRes g09 ModifiedRes-sp-1-3-7-8-173.com has not terminated on node node52
Tue Dec 31 09:03:59 2019 GAUSS_SCRDIR=/scratch/bdw2292/Gau-ModifiedRes g09 ModifiedRes-sp-1-3-7-8-135.com has not terminated on node node54
Tue Dec 31 09:04:04 2019 Sleeping for 5 seconds
Tue Dec 31 09:04:04 2019 GAUSS_SCRDIR=/scratch/bdw2292/Gau-ModifiedRes g09 ModifiedRes-sp-1-3-7-8-305.com has not terminated on node node35
Tue Dec 31 09:04:04 2019 GAUSS_SCRDIR=/scratch/bdw2292/Gau-ModifiedRes g09 ModifiedRes-sp-1-3-7-8-324.com has not terminated on node node36
Tue Dec 31 09:04:04 2019 GAUSS_SCRDIR=/scratch/bdw2292/Gau-ModifiedRes g09 ModifiedRes-sp-1-3-7-8-002.com has not terminated on node node38
Tue Dec 31 09:04:04 2019 GAUSS_SCRDIR=/scratch/bdw2292/Gau-ModifiedRes g09 ModifiedRes-sp-1-3-7-8-192.com has terminated on node node51
Tue Dec 31 09:04:04 2019 GAUSS_SCRDIR=/scratch/bdw2292/Gau-ModifiedRes g09 ModifiedRes-sp-1-3-7-8-173.com has terminated on node node52
Tue Dec 31 09:04:04 2019 GAUSS_SCRDIR=/scratch/bdw2292/Gau-ModifiedRes g09 ModifiedRes-sp-1-3-7-8-135.com has not terminated on node node54
Tue Dec 31 09:04:09 2019 Sleeping for 5 seconds
Tue Dec 31 09:04:09 2019 GAUSS_SCRDIR=/scratch/bdw2292/Gau-ModifiedRes g09 ModifiedRes-sp-1-3-7-8-305.com has not terminated on node node35
Tue Dec 31 09:04:09 2019 GAUSS_SCRDIR=/scratch/bdw2292/Gau-ModifiedRes g09 ModifiedRes-sp-1-3-7-8-324.com has terminated on node node36
Tue Dec 31 09:04:09 2019 GAUSS_SCRDIR=/scratch/bdw2292/Gau-ModifiedRes g09 ModifiedRes-sp-1-3-7-8-002.com has terminated on node node38
Tue Dec 31 09:04:09 2019 GAUSS_SCRDIR=/scratch/bdw2292/Gau-ModifiedRes g09 ModifiedRes-sp-1-3-7-8-135.com has terminated on node node54
Tue Dec 31 09:04:14 2019 Sleeping for 5 seconds
Tue Dec 31 09:04:14 2019 GAUSS_SCRDIR=/scratch/bdw2292/Gau-ModifiedRes g09 ModifiedRes-sp-1-3-7-8-305.com has not terminated on node node35
Tue Dec 31 09:04:19 2019 Sleeping for 5 seconds
Tue Dec 31 09:04:19 2019 GAUSS_SCRDIR=/scratch/bdw2292/Gau-ModifiedRes g09 ModifiedRes-sp-1-3-7-8-305.com has terminated on node node35
Tue Dec 31 09:04:24 2019 Sleeping for 5 seconds
Tue Dec 31 09:04:24 2019 All jobs have finished 
