
     ######################################################################
   ##########################################################################
  ###                                                                      ###
 ###            Tinker  ---  Software Tools for Molecular Design            ###
 ##                                                                          ##
 ##                          Version 8.7  June 2019                          ##
 ##                                                                          ##
 ##               Copyright (c)  Jay William Ponder  1990-2019               ##
 ###                           All Rights Reserved                          ###
  ###                                                                      ###
   ##########################################################################
     ######################################################################


 Additional Atom Definition Parameters :

     Type  Class  Symbol  Description               Atomic    Mass   Valence

     402    402     O     methanol                     8     15.999     2
     401    401     C     methanol                     6     12.011     4
     403    403     H     methanol                     1      1.008     1
     404    404     H     methanol                     1      1.008     1

 Additional Bond Stretching Parameters :

     Atom Classes             K(S)         Length

       402 404             615.900         0.9718
       401 402             500.100         1.4296
       401 403             385.000         1.0949

 Additional Angle Bending Parameters :

     Atom Classes             K(B)          Angle

     403 401 403            40.570        108.780
     402 401 403            60.990        106.603
     401 402 404            64.960        106.839

 Additional Stretch-Bend Parameters :

     Atom Classes          K(SB)-1        K(SB)-2

     402 401 403            -4.500         38.000
     401 402 404            -4.500         38.000

 Additional Torsional Parameters :

     Atom Classes     1-Fold    2-Fold    3-Fold    4-Fold    5-Fold    6-Fold

   403 401 402 404   0.00   0  0.00 180  0.00   0  0.00   0  0.00   0  0.00   0

 Additional van der Waals Parameters :

     Atom Class               Size        Epsilon        Reduction

         402                3.4050         0.1100          0.000
         401                3.7600         0.1010          0.000
         403                2.8700         0.0240          0.910
         404                2.6550         0.0135          0.910

 Additional Atomic Multipole Parameters :

     Atom Type     Coordinate Frame Definition         Multipole Moments

         401      402    404      0   Z-then-X     0.18955
                                                  -0.02252  0.00000  0.42645
                                                  -0.41284
                                                   0.00000 -0.43694
                                                   0.02985  0.00000  0.84978

         402      401    404      0   Z-then-X    -0.48914
                                                   0.22408  0.00000  0.31143
                                                   0.10695
                                                   0.00000 -0.41288
                                                  -0.16858  0.00000  0.30593

         403      401    402      0   Z-then-X     0.02217
                                                  -0.00630  0.00000 -0.11126
                                                   0.02086
                                                   0.00000  0.00951
                                                  -0.02744  0.00000 -0.03037

         404      402    401      0   Z-then-X     0.23308
                                                  -0.01611  0.00000 -0.13526
                                                   0.03633
                                                   0.00000 -0.08198
                                                  -0.01604  0.00000  0.04565

 Additional Atomic Dipole Polarizability Parameters :

     Atom Type           Alpha       Thole     Group Atom Types

         402             0.837       0.390         401  404
         401             1.334       0.390         402  403
         403             0.496       0.390         401
         404             0.496       0.390         402

 Limited Memory BFGS Quasi-Newton Optimization :

 QN Iter     F Value      G RMS      F Move   X Move   Angle  FG Call  Comment

     0       85.0615   655.9905                                   1
     1       -2.7471    51.1767     87.8086   0.0444    0.00      3    Success 
     2       -3.6897    36.8493      0.9426   0.0036    3.98      4    Success 
     3       -4.8866    13.4638      1.1969   0.0087   11.55      5    Success 
     4       -5.2064    10.3064      0.3199   0.0058   11.85      6    Success 
     5       -5.4518     8.0462      0.2454   0.0074   35.40      7    Success 
     6       -5.5102    15.7964      0.0584   0.0100   44.36      8    Success 
     7       -5.6050     9.8543      0.0948   0.0013   14.75      9    Success 
     8       -5.7093     4.7543      0.1043   0.0035   34.85     10    Success 
     9       -5.7586     5.8641      0.0493   0.0032   50.11     11    Success 
    10       -5.8401     6.1244      0.0815   0.0058   61.07     12    Success 
    11       -5.9368     3.9359      0.0967   0.0106   65.27     13    Success 
    12       -5.9462     2.2917      0.0094   0.0024   70.96     15    Success 
    13       -5.9507     0.8011      0.0045   0.0012   62.40     16    Success 
    14       -5.9518     0.5860      0.0010   0.0004   36.14     17    Success 
    15       -5.9527     0.7314      0.0009   0.0005   46.78     18    Success 
    16       -5.9535     0.5766      0.0008   0.0006   65.25     19    Success 
    17       -5.9541     0.1946      0.0006   0.0006   65.97     20    Success 
    18       -5.9542     0.1465      0.0002   0.0004   50.84     21    Success 
    19       -5.9543     0.1382      0.0000   0.0001   63.69     22    Success 
    20       -5.9543     0.1431      0.0000   0.0001   67.26     24    Success 
    21       -5.9543     0.0567      0.0000   0.0000   67.35     25    Success 
    22       -5.9543     0.0129      0.0000   0.0000   52.62     26    Success 
    23       -5.9543     0.0087      0.0000   0.0000   28.32     27    Success 
    24       -5.9543     0.0087     -0.0000   0.0000   31.50     34   BadIntpln
    25       -5.9543     0.0135      0.0000   0.0000   23.60     35    Success 
    26       -5.9543     0.0115      0.0000   0.0000   69.03     36    Success 
    27       -5.9543     0.0115     -0.0000   0.0000   67.68     41   BadIntpln
    28       -5.9543     0.0030      0.0000   0.0000   68.23     42    Success 
    29       -5.9543     0.0030     -0.0000   0.0000   30.40     47   BadIntpln
    30       -5.9543     0.0030      0.0000   0.0000   66.39     59   BadIntpln

 LBFGS  --  Incomplete Convergence due to BadIntpln

 Final Function Value :           -5.9543
 Final RMS Gradient :              0.0030
 Final Gradient Norm :             0.0073
