
     ######################################################################
   ##########################################################################
  ###                                                                      ###
 ###            Tinker  ---  Software Tools for Molecular Design            ###
 ##                                                                          ##
 ##                          Version 8.7  June 2019                          ##
 ##                                                                          ##
 ##               Copyright (c)  Jay William Ponder  1990-2019               ##
 ###                           All Rights Reserved                          ###
  ###                                                                      ###
   ##########################################################################
     ######################################################################


 Additional Atom Definition Parameters :

     Type  Class  Symbol  Description               Atomic    Mass   Valence

     402    402     O     methanol                     8     15.999     2
     401    401     C     methanol                     6     12.011     4
     403    403     H     methanol                     1      1.008     1
     404    404     H     methanol                     1      1.008     1

 Additional Bond Stretching Parameters :

     Atom Classes             K(S)         Length

       402 404             615.900         0.9718
       401 402             500.100         1.4296
       401 403             385.000         1.0949

 Additional Angle Bending Parameters :

     Atom Classes             K(B)          Angle

     403 401 403            40.570        108.780
     402 401 403            60.990        106.603
     401 402 404            64.960        106.839

 Additional Stretch-Bend Parameters :

     Atom Classes          K(SB)-1        K(SB)-2

     402 401 403            -4.500         38.000
     401 402 404            -4.500         38.000

 Additional Torsional Parameters :

     Atom Classes     1-Fold    2-Fold    3-Fold    4-Fold    5-Fold    6-Fold

   403 401 402 404   0.00   0  0.00 180  0.00   0  0.00   0  0.00   0  0.00   0

 Additional van der Waals Parameters :

     Atom Class               Size        Epsilon        Reduction

         402                3.4050         0.1100          0.000
         401                3.7600         0.1010          0.000
         403                2.8700         0.0240          0.910
         404                2.6550         0.0135          0.910

 Additional Atomic Multipole Parameters :

     Atom Type     Coordinate Frame Definition         Multipole Moments

         401      402    404      0   Z-then-X     0.18955
                                                  -0.02252  0.00000  0.42645
                                                  -0.41284
                                                   0.00000 -0.43694
                                                   0.02985  0.00000  0.84978

         402      401    404      0   Z-then-X    -0.48914
                                                   0.22408  0.00000  0.31143
                                                   0.10695
                                                   0.00000 -0.41288
                                                  -0.16858  0.00000  0.30593

         403      401    402      0   Z-then-X     0.02217
                                                  -0.00630  0.00000 -0.11126
                                                   0.02086
                                                   0.00000  0.00951
                                                  -0.02744  0.00000 -0.03037

         404      402    401      0   Z-then-X     0.23308
                                                  -0.01611  0.00000 -0.13526
                                                   0.03633
                                                   0.00000 -0.08198
                                                  -0.01604  0.00000  0.04565

 Additional Atomic Dipole Polarizability Parameters :

     Atom Type           Alpha       Thole     Group Atom Types

         402             0.837       0.390         401  404
         401             1.334       0.390         402  403
         403             0.496       0.390         401
         404             0.496       0.390         402

 Limited Memory BFGS Quasi-Newton Optimization :

 QN Iter     F Value      G RMS      F Move   X Move   Angle  FG Call  Comment

     0       -5.8923     4.6547                                   1
     1       -5.8976     0.5406      0.0053   0.0004    0.00      3    Success 
     2       -5.8977     0.4639      0.0001   0.0000    6.58      4    Success 
     3       -5.8980     0.4062      0.0002   0.0001   10.38      5    Success 
     4       -5.8984     0.3990      0.0004   0.0002   12.56      6    Success 
     5       -5.8992     0.4627      0.0008   0.0004   30.86      7    Success 
     6       -5.9003     0.4951      0.0011   0.0009   53.24      8    Success 
     7       -5.9007     0.4142      0.0004   0.0010   67.79      9    Success 
     8       -5.9008     0.2409      0.0001   0.0001   51.29     11    Success 
     9       -5.9008     0.0842      0.0000   0.0001   65.66     12    Success 
    10       -5.9008     0.0602      0.0000   0.0000   42.10     13    Success 
    11       -5.9008     0.0377      0.0000   0.0000   39.80     14    Success 
    12       -5.9008     0.0426      0.0000   0.0000   53.56     15    Success 
    13       -5.9008     0.0446      0.0000   0.0000   61.78     16    Success 
    14       -5.9008     0.0369      0.0000   0.0001   64.18     17    Success 
    15       -5.9008     0.0395      0.0000   0.0001   69.60     18    Success 
    16       -5.9008     0.0083      0.0000   0.0000   61.81     19    Success 
    17       -5.9008     0.0036      0.0000   0.0000   45.00     20    Success 
    18       -5.9008     0.0014      0.0000   0.0000   54.71     21    Success 
    19       -5.9008     0.0016      0.0000   0.0000   51.25     22    Success 
    20       -5.9008     0.0016     -0.0000   0.0000   56.23     29   BadIntpln
    21       -5.9008     0.0069      0.0000   0.0000   57.92     32    Success 
    22       -5.9008     0.0068     -0.0000   0.0000   75.67     37   IntplnErr
    23       -5.9008     0.0012      0.0000   0.0000   72.44     38    Success 
    24       -5.9008     0.0012      0.0000   0.0000   57.80     46   BadIntpln
    25       -5.9008     0.0012     -0.0000   0.0000   55.97     53   BadIntpln

 LBFGS  --  Incomplete Convergence due to BadIntpln

 Final Function Value :           -5.9008
 Final RMS Gradient :              0.0012
 Final Gradient Norm :             0.0030
