
     ######################################################################
   ##########################################################################
  ###                                                                      ###
 ###            Tinker  ---  Software Tools for Molecular Design            ###
 ##                                                                          ##
 ##                          Version 8.7  June 2019                          ##
 ##                                                                          ##
 ##               Copyright (c)  Jay William Ponder  1990-2019               ##
 ###                           All Rights Reserved                          ###
  ###                                                                      ###
   ##########################################################################
     ######################################################################


 Additional Atom Definition Parameters :

     Type  Class  Symbol  Description               Atomic    Mass   Valence

     402    402     O     methanol                     8     15.999     2
     401    401     C     methanol                     6     12.011     4
     403    403     H     methanol                     1      1.008     1
     404    404     H     methanol                     1      1.008     1

 Additional Bond Stretching Parameters :

     Atom Classes             K(S)         Length

       402 404             615.900         0.9718
       401 402             500.100         1.4296
       401 403             385.000         1.0949

 Additional Angle Bending Parameters :

     Atom Classes             K(B)          Angle

     403 401 403            40.570        108.780
     402 401 403            60.990        106.603
     401 402 404            64.960        106.839

 Additional Stretch-Bend Parameters :

     Atom Classes          K(SB)-1        K(SB)-2

     402 401 403            -4.500         38.000
     401 402 404            -4.500         38.000

 Additional Torsional Parameters :

     Atom Classes     1-Fold    2-Fold    3-Fold    4-Fold    5-Fold    6-Fold

   403 401 402 404   0.74   0 -0.74 180  0.22   0  0.00   0  0.00   0  0.00   0

 Additional van der Waals Parameters :

     Atom Class               Size        Epsilon        Reduction

         402                3.4050         0.1100          0.000
         401                3.7600         0.1010          0.000
         403                2.8700         0.0240          0.910
         404                2.6550         0.0135          0.910

 Additional Atomic Multipole Parameters :

     Atom Type     Coordinate Frame Definition         Multipole Moments

         401      402    404      0   Z-then-X     0.18955
                                                  -0.02252  0.00000  0.42645
                                                  -0.41284
                                                   0.00000 -0.43694
                                                   0.02985  0.00000  0.84978

         402      401    404      0   Z-then-X    -0.48914
                                                   0.22408  0.00000  0.31143
                                                   0.10695
                                                   0.00000 -0.41288
                                                  -0.16858  0.00000  0.30593

         403      401    402      0   Z-then-X     0.02217
                                                  -0.00630  0.00000 -0.11126
                                                   0.02086
                                                   0.00000  0.00951
                                                  -0.02744  0.00000 -0.03037

         404      402    401      0   Z-then-X     0.23308
                                                  -0.01611  0.00000 -0.13526
                                                   0.03633
                                                   0.00000 -0.08198
                                                  -0.01604  0.00000  0.04565

 Additional Atomic Dipole Polarizability Parameters :

     Atom Type           Alpha       Thole     Group Atom Types

         402             0.837       0.390         401  404
         401             1.334       0.390         402  403
         403             0.496       0.390         401
         404             0.496       0.390         402

 Limited Memory BFGS Quasi-Newton Optimization :

 QN Iter     F Value      G RMS      F Move   X Move   Angle  FG Call  Comment

     0      150.6486   855.3325                                   1
     1        0.6005    87.5287    150.0481   0.0594    0.00      3    Success 
     2       -2.0911    59.4495      2.6916   0.0062    5.83      4    Success 
     3       -4.6434    14.2349      2.5522   0.0140   11.62      5    Success 
     4       -4.8692    11.9204      0.2258   0.0033   24.30      6    Success 
     5       -5.1922    10.1741      0.3230   0.0072   28.53      7    Success 
     6       -5.4038    10.6401      0.2116   0.0128   41.50      8    Success 
     7       -5.5017     5.4643      0.0979   0.0024   27.94      9    Success 
     8       -5.5891     6.3900      0.0874   0.0042   33.24     10    Success 
     9       -5.7097     7.8740      0.1206   0.0089   60.01     11    Success 
    10       -5.7931     5.2604      0.0834   0.0091   71.56     12    Success 
    11       -5.8083     3.6349      0.0152   0.0042   68.56     13    Success 
    12       -5.8171     1.1128      0.0088   0.0012   54.69     14    Success 
    13       -5.8187     1.1290      0.0017   0.0005   45.35     15    Success 
    14       -5.8214     1.1100      0.0026   0.0008   49.23     16    Success 
    15       -5.8247     0.7455      0.0033   0.0016   59.16     17    Success 
    16       -5.8254     0.5337      0.0007   0.0009   67.18     18    Success 
    17       -5.8257     0.2271      0.0003   0.0002   46.72     19    Success 
    18       -5.8259     0.2144      0.0001   0.0002   49.37     20    Success 
    19       -5.8260     0.1603      0.0001   0.0002   65.16     21    Success 
    20       -5.8260     0.1671      0.0000   0.0002   67.31     22    Success 
    21       -5.8260     0.0238      0.0000   0.0001   67.46     23    Success 
    22       -5.8260     0.0181     -0.0000   0.0000   69.32     25    Success 
    23       -5.8260     0.0017      0.0000   0.0000   67.88     26    Success 
    24       -5.8260     0.0014      0.0000   0.0000   30.31     27    Success 
    25       -5.8260     0.0014     -0.0000   0.0000   14.36     36   BadIntpln
    26       -5.8260     0.0026      0.0000   0.0000   17.60     37    Success 
    27       -5.8260     0.0021      0.0000   0.0000   48.11     39    Success 
    28       -5.8260     0.0009      0.0000   0.0000   44.80     40   SmallGrad

 LBFGS  --  Normal Termination due to SmallGrad

 Final Function Value :           -5.8260
 Final RMS Gradient :              0.0009
 Final Gradient Norm :             0.0023
