
     ######################################################################
   ##########################################################################
  ###                                                                      ###
 ###            Tinker  ---  Software Tools for Molecular Design            ###
 ##                                                                          ##
 ##                          Version 8.7  June 2019                          ##
 ##                                                                          ##
 ##               Copyright (c)  Jay William Ponder  1990-2019               ##
 ###                           All Rights Reserved                          ###
  ###                                                                      ###
   ##########################################################################
     ######################################################################


 Additional Atom Definition Parameters :

     Type  Class  Symbol  Description               Atomic    Mass   Valence

     402    402     O     methanol                     8     15.999     2
     401    401     C     methanol                     6     12.011     4
     403    403     H     methanol                     1      1.008     1
     404    404     H     methanol                     1      1.008     1

 Additional Bond Stretching Parameters :

     Atom Classes             K(S)         Length

       402 404             615.900         0.9718
       401 402             500.100         1.4296
       401 403             385.000         1.0949

 Additional Angle Bending Parameters :

     Atom Classes             K(B)          Angle

     403 401 403            40.570        108.780
     402 401 403            60.990        106.603
     401 402 404            64.960        106.839

 Additional Stretch-Bend Parameters :

     Atom Classes          K(SB)-1        K(SB)-2

     402 401 403            -4.500         38.000
     401 402 404            -4.500         38.000

 Additional Torsional Parameters :

     Atom Classes     1-Fold    2-Fold    3-Fold    4-Fold    5-Fold    6-Fold

   403 401 402 404   0.00   0  0.00 180  0.00   0  0.00   0  0.00   0  0.00   0

 Additional van der Waals Parameters :

     Atom Class               Size        Epsilon        Reduction

         402                3.4050         0.1100          0.000
         401                3.7600         0.1010          0.000
         403                2.8700         0.0240          0.910
         404                2.6550         0.0135          0.910

 Additional Atomic Multipole Parameters :

     Atom Type     Coordinate Frame Definition         Multipole Moments

         401      402    404      0   Z-then-X     0.18955
                                                  -0.02252  0.00000  0.42645
                                                  -0.41284
                                                   0.00000 -0.43694
                                                   0.02985  0.00000  0.84978

         402      401    404      0   Z-then-X    -0.48914
                                                   0.22408  0.00000  0.31143
                                                   0.10695
                                                   0.00000 -0.41288
                                                  -0.16858  0.00000  0.30593

         403      401    402      0   Z-then-X     0.02217
                                                  -0.00630  0.00000 -0.11126
                                                   0.02086
                                                   0.00000  0.00951
                                                  -0.02744  0.00000 -0.03037

         404      402    401      0   Z-then-X     0.23308
                                                  -0.01611  0.00000 -0.13526
                                                   0.03633
                                                   0.00000 -0.08198
                                                  -0.01604  0.00000  0.04565

 Additional Atomic Dipole Polarizability Parameters :

     Atom Type           Alpha       Thole     Group Atom Types

         402             0.837       0.390         401  404
         401             1.334       0.390         402  403
         403             0.496       0.390         401
         404             0.496       0.390         402

 Limited Memory BFGS Quasi-Newton Optimization :

 QN Iter     F Value      G RMS      F Move   X Move   Angle  FG Call  Comment

     0     1382.0683  2581.5020                                   1
     1       78.5171   405.9081   1303.5512   0.1701    0.00      2    Success 
     2       23.5010   195.8484     55.0161   0.0327    4.23      3    Success 
     3        4.3747    77.0705     19.1263   0.0303   11.57      4    Success 
     4        1.5430    54.1965      2.8317   0.0086   28.39      5    Success 
     5       -2.2271    33.7128      3.7701   0.0194   26.01      6    Success 
     6       -3.5976    23.2388      1.3705   0.0158   38.47      7    Success 
     7       -4.2013    15.0035      0.6037   0.0081   41.20      8    Success 
     8       -4.7066    16.5680      0.5052   0.0116   42.01      9    Success 
     9       -5.1257    16.5693      0.4191   0.0122   63.25     10    Success 
    10       -5.5810    16.4709      0.4553   0.0198   64.75     11    Success 
    11       -5.7038     4.0568      0.1228   0.0059   65.45     12    Success 
    12       -5.7215     3.8039      0.0177   0.0011   39.01     13    Success 
    13       -5.7500     3.3986      0.0285   0.0021   40.91     14    Success 
    14       -5.7903     2.3261      0.0403   0.0042   48.41     15    Success 
    15       -5.8123     1.4360      0.0220   0.0046   54.49     16    Success 
    16       -5.8146     2.1230      0.0023   0.0019   54.34     17    Success 
    17       -5.8171     0.5771      0.0026   0.0004   39.25     18    Success 
    18       -5.8177     0.4090      0.0006   0.0003   46.18     19    Success 
    19       -5.8186     0.4061      0.0009   0.0007   42.60     20    Success 
    20       -5.8194     0.2799      0.0008   0.0010   56.87     21    Success 
    21       -5.8195     0.2174      0.0001   0.0002   60.43     23    Success 
    22       -5.8196     0.0385      0.0001   0.0002   61.44     24    Success 
    23       -5.8196     0.0061      0.0000   0.0000   49.05     25    Success 
    24       -5.8196     0.0048      0.0000   0.0000   50.59     26    Success 
    25       -5.8196     0.0048     -0.0000   0.0000   33.29     34   BadIntpln
    26       -5.8196     0.0066      0.0000   0.0000   53.72     35    Success 
    27       -5.8196     0.0066     -0.0000   0.0000   63.50     41   BadIntpln
    28       -5.8196     0.0068      0.0000   0.0000   79.14     43    Success 
    29       -5.8196     0.0068     -0.0000   0.0000   68.31     51   BadIntpln
    30       -5.8196     0.0070      0.0000   0.0000   64.36     52    Success 
    31       -5.8196     0.0070     -0.0000   0.0000   60.98     59   BadIntpln
    32       -5.8196     0.0057      0.0000   0.0000   61.89     60    Success 
    33       -5.8196     0.0057     -0.0000   0.0000   65.01     67   BadIntpln
    34       -5.8196     0.0039      0.0000   0.0000   66.54     68    Success 
    35       -5.8196     0.0039      0.0000   0.0000   67.63     74   BadIntpln
    36       -5.8196     0.0039     -0.0000   0.0000   66.54     80   BadIntpln

 LBFGS  --  Incomplete Convergence due to BadIntpln

 Final Function Value :           -5.8196
 Final RMS Gradient :              0.0039
 Final Gradient Norm :             0.0094
