
     ######################################################################
   ##########################################################################
  ###                                                                      ###
 ###            Tinker  ---  Software Tools for Molecular Design            ###
 ##                                                                          ##
 ##                          Version 8.7  June 2019                          ##
 ##                                                                          ##
 ##               Copyright (c)  Jay William Ponder  1990-2019               ##
 ###                           All Rights Reserved                          ###
  ###                                                                      ###
   ##########################################################################
     ######################################################################


 Additional Atom Definition Parameters :

     Type  Class  Symbol  Description               Atomic    Mass   Valence

     402    402     O     methanol                     8     15.999     2
     401    401     C     methanol                     6     12.011     4
     403    403     H     methanol                     1      1.008     1
     404    404     H     methanol                     1      1.008     1

 Additional Bond Stretching Parameters :

     Atom Classes             K(S)         Length

       402 404             615.900         0.9718
       401 402             500.100         1.4296
       401 403             385.000         1.0949

 Additional Angle Bending Parameters :

     Atom Classes             K(B)          Angle

     403 401 403            40.570        108.780
     402 401 403            60.990        106.603
     401 402 404            64.960        106.839

 Additional Stretch-Bend Parameters :

     Atom Classes          K(SB)-1        K(SB)-2

     402 401 403            -4.500         38.000
     401 402 404            -4.500         38.000

 Additional Torsional Parameters :

     Atom Classes     1-Fold    2-Fold    3-Fold    4-Fold    5-Fold    6-Fold

   403 401 402 404   0.00   0  0.00 180  0.00   0  0.00   0  0.00   0  0.00   0

 Additional van der Waals Parameters :

     Atom Class               Size        Epsilon        Reduction

         402                3.4050         0.1100          0.000
         401                3.7600         0.1010          0.000
         403                2.8700         0.0240          0.910
         404                2.6550         0.0135          0.910

 Additional Atomic Multipole Parameters :

     Atom Type     Coordinate Frame Definition         Multipole Moments

         401      402    404      0   Z-then-X     0.18955
                                                  -0.02252  0.00000  0.42645
                                                  -0.41284
                                                   0.00000 -0.43694
                                                   0.02985  0.00000  0.84978

         402      401    404      0   Z-then-X    -0.48914
                                                   0.22408  0.00000  0.31143
                                                   0.10695
                                                   0.00000 -0.41288
                                                  -0.16858  0.00000  0.30593

         403      401    402      0   Z-then-X     0.02217
                                                  -0.00630  0.00000 -0.11126
                                                   0.02086
                                                   0.00000  0.00951
                                                  -0.02744  0.00000 -0.03037

         404      402    401      0   Z-then-X     0.23308
                                                  -0.01611  0.00000 -0.13526
                                                   0.03633
                                                   0.00000 -0.08198
                                                  -0.01604  0.00000  0.04565

 Additional Atomic Dipole Polarizability Parameters :

     Atom Type           Alpha       Thole     Group Atom Types

         402             0.837       0.390         401  404
         401             1.334       0.390         402  403
         403             0.496       0.390         401
         404             0.496       0.390         402

 Limited Memory BFGS Quasi-Newton Optimization :

 QN Iter     F Value      G RMS      F Move   X Move   Angle  FG Call  Comment

     0       -5.3285    16.2113                                   1
     1       -5.4393    11.9433      0.1108   0.0022    0.00      3    Success 
     2       -5.5063     8.5067      0.0670   0.0014   36.90      4    Success 
     3       -5.6020     5.0338      0.0957   0.0032   35.42      5    Success 
     4       -5.6822     5.8455      0.0803   0.0043   34.11      6    Success 
     5       -5.7832     6.1982      0.1010   0.0070   55.46      7    Success 
     6       -5.8147    13.7675      0.0314   0.0119   62.74      8    Success 
     7       -5.8675     9.5336      0.0529   0.0009   34.38      9    Success 
     8       -5.9272     1.9728      0.0597   0.0022   34.05     10    Success 
     9       -5.9352     2.0886      0.0080   0.0011   41.39     11    Success 
    10       -5.9476     2.1258      0.0124   0.0021   53.35     12    Success 
    11       -5.9640     1.4451      0.0165   0.0037   57.88     13    Success 
    12       -5.9652     1.2787      0.0012   0.0007   66.71     15    Success 
    13       -5.9670     0.6637      0.0018   0.0007   64.54     16    Success 
    14       -5.9676     0.0550      0.0006   0.0006   58.23     17    Success 
    15       -5.9676     0.0364      0.0000   0.0001   41.22     18    Success 
    16       -5.9676     0.0236      0.0000   0.0001   31.75     19    Success 
    17       -5.9677     0.0145      0.0000   0.0001   29.45     20    Success 
    18       -5.9677     0.0218      0.0000   0.0000   47.19     22    Success 
    19       -5.9677     0.0175     -0.0000   0.0000   50.03     24    Success 
    20       -5.9677     0.0016      0.0000   0.0000   48.48     25    Success 
    21       -5.9677     0.0016     -0.0000   0.0000   33.11     30   BadIntpln
    22       -5.9677     0.0028      0.0000   0.0000   62.11     31    Success 
    23       -5.9677     0.0028     -0.0000   0.0000   68.68     39   BadIntpln
    24       -5.9677     0.0020      0.0000   0.0000   65.28     40    Success 
    25       -5.9677     0.0028      0.0000   0.0000   60.93     41    Success 
    26       -5.9677     0.0028     -0.0000   0.0000   60.28     47   BadIntpln
    27       -5.9677     0.0283     -0.0000   0.0000   83.89     52   BadIntpln

 LBFGS  --  Incomplete Convergence due to BadIntpln

 Final Function Value :           -5.9677
 Final RMS Gradient :              0.0283
 Final Gradient Norm :             0.0693
