
     ######################################################################
   ##########################################################################
  ###                                                                      ###
 ###            Tinker  ---  Software Tools for Molecular Design            ###
 ##                                                                          ##
 ##                          Version 8.7  June 2019                          ##
 ##                                                                          ##
 ##               Copyright (c)  Jay William Ponder  1990-2019               ##
 ###                           All Rights Reserved                          ###
  ###                                                                      ###
   ##########################################################################
     ######################################################################


 Additional Atom Definition Parameters :

     Type  Class  Symbol  Description               Atomic    Mass   Valence

     402    402     O     methanol                     8     15.999     2
     401    401     C     methanol                     6     12.011     4
     403    403     H     methanol                     1      1.008     1
     404    404     H     methanol                     1      1.008     1

 Additional Bond Stretching Parameters :

     Atom Classes             K(S)         Length

       402 404             615.900         0.9718
       401 402             500.100         1.4296
       401 403             385.000         1.0949

 Additional Angle Bending Parameters :

     Atom Classes             K(B)          Angle

     403 401 403            40.570        108.780
     402 401 403            60.990        106.603
     401 402 404            64.960        106.839

 Additional Stretch-Bend Parameters :

     Atom Classes          K(SB)-1        K(SB)-2

     402 401 403            -4.500         38.000
     401 402 404            -4.500         38.000

 Additional Torsional Parameters :

     Atom Classes     1-Fold    2-Fold    3-Fold    4-Fold    5-Fold    6-Fold

   403 401 402 404   0.74   0 -0.74 180  0.22   0  0.00   0  0.00   0  0.00   0

 Additional van der Waals Parameters :

     Atom Class               Size        Epsilon        Reduction

         402                3.4050         0.1100          0.000
         401                3.7600         0.1010          0.000
         403                2.8700         0.0240          0.910
         404                2.6550         0.0135          0.910

 Additional Atomic Multipole Parameters :

     Atom Type     Coordinate Frame Definition         Multipole Moments

         401      402    404      0   Z-then-X     0.18955
                                                  -0.02252  0.00000  0.42645
                                                  -0.41284
                                                   0.00000 -0.43694
                                                   0.02985  0.00000  0.84978

         402      401    404      0   Z-then-X    -0.48914
                                                   0.22408  0.00000  0.31143
                                                   0.10695
                                                   0.00000 -0.41288
                                                  -0.16858  0.00000  0.30593

         403      401    402      0   Z-then-X     0.02217
                                                  -0.00630  0.00000 -0.11126
                                                   0.02086
                                                   0.00000  0.00951
                                                  -0.02744  0.00000 -0.03037

         404      402    401      0   Z-then-X     0.23308
                                                  -0.01611  0.00000 -0.13526
                                                   0.03633
                                                   0.00000 -0.08198
                                                  -0.01604  0.00000  0.04565

 Additional Atomic Dipole Polarizability Parameters :

     Atom Type           Alpha       Thole     Group Atom Types

         402             0.837       0.390         401  404
         401             1.334       0.390         402  403
         403             0.496       0.390         401
         404             0.496       0.390         402

 Limited Memory BFGS Quasi-Newton Optimization :

 QN Iter     F Value      G RMS      F Move   X Move   Angle  FG Call  Comment

     0      333.7829  1277.1834                                   1
     1      173.3447   776.5252    160.4383   0.1701    0.00      2    Success 
     2       13.7447   192.3514    159.5999   0.0560    8.60      3    Success 
     3        0.0587    69.2668     13.6860   0.0234   11.19      4    Success 
     4       -1.9588    48.1970      2.0175   0.0064   23.99      5    Success 
     5       -4.3610    18.0628      2.4022   0.0156   26.47      6    Success 
     6       -4.7283    10.9534      0.3673   0.0064   33.25      7    Success 
     7       -4.9677     8.7197      0.2394   0.0056   32.95      8    Success 
     8       -5.2857    10.1609      0.3180   0.0119   40.87      9    Success 
     9       -5.4999     9.8826      0.2142   0.0135   62.01     10    Success 
    10       -5.5986     6.1641      0.0988   0.0094   62.72     11    Success 
    11       -5.6400     2.9775      0.0414   0.0026   51.57     12    Success 
    12       -5.6647     2.4781      0.0247   0.0024   33.18     13    Success 
    13       -5.6872     2.1010      0.0225   0.0031   48.56     14    Success 
    14       -5.7069     1.1859      0.0197   0.0046   53.11     15    Success 
    15       -5.7086     0.8429      0.0017   0.0010   59.87     17    Success 
    16       -5.7098     0.3859      0.0011   0.0006   52.03     18    Success 
    17       -5.7103     0.4155      0.0005   0.0004   41.58     19    Success 
    18       -5.7110     0.4695      0.0007   0.0007   56.25     20    Success 
    19       -5.7115     0.2263      0.0005   0.0008   66.93     21    Success 
    20       -5.7116     0.0506      0.0000   0.0002   65.29     22    Success 
    21       -5.7116     0.0125      0.0000   0.0000   61.15     23    Success 
    22       -5.7116     0.0125      0.0000   0.0000   70.01     31   BadIntpln
    23       -5.7116     0.0125     -0.0000   0.0000   67.67     37   BadIntpln

 LBFGS  --  Incomplete Convergence due to BadIntpln

 Final Function Value :           -5.7116
 Final RMS Gradient :              0.0125
 Final Gradient Norm :             0.0307
