
     ######################################################################
   ##########################################################################
  ###                                                                      ###
 ###            Tinker  ---  Software Tools for Molecular Design            ###
 ##                                                                          ##
 ##                          Version 8.7  June 2019                          ##
 ##                                                                          ##
 ##               Copyright (c)  Jay William Ponder  1990-2019               ##
 ###                           All Rights Reserved                          ###
  ###                                                                      ###
   ##########################################################################
     ######################################################################


 Additional Atom Definition Parameters :

     Type  Class  Symbol  Description               Atomic    Mass   Valence

     402    402     O     methanol                     8     15.999     2
     401    401     C     methanol                     6     12.011     4
     403    403     H     methanol                     1      1.008     1
     404    404     H     methanol                     1      1.008     1

 Additional Bond Stretching Parameters :

     Atom Classes             K(S)         Length

       402 404             615.900         0.9718
       401 402             500.100         1.4296
       401 403             385.000         1.0949

 Additional Angle Bending Parameters :

     Atom Classes             K(B)          Angle

     403 401 403            40.570        108.780
     402 401 403            60.990        106.603
     401 402 404            64.960        106.839

 Additional Stretch-Bend Parameters :

     Atom Classes          K(SB)-1        K(SB)-2

     402 401 403            -4.500         38.000
     401 402 404            -4.500         38.000

 Additional Torsional Parameters :

     Atom Classes     1-Fold    2-Fold    3-Fold    4-Fold    5-Fold    6-Fold

   403 401 402 404   0.00   0  0.00 180  0.00   0  0.00   0  0.00   0  0.00   0

 Additional van der Waals Parameters :

     Atom Class               Size        Epsilon        Reduction

         402                3.4050         0.1100          0.000
         401                3.7600         0.1010          0.000
         403                2.8700         0.0240          0.910
         404                2.6550         0.0135          0.910

 Additional Atomic Multipole Parameters :

     Atom Type     Coordinate Frame Definition         Multipole Moments

         401      402    404      0   Z-then-X     0.18955
                                                  -0.02252  0.00000  0.42645
                                                  -0.41284
                                                   0.00000 -0.43694
                                                   0.02985  0.00000  0.84978

         402      401    404      0   Z-then-X    -0.48914
                                                   0.22408  0.00000  0.31143
                                                   0.10695
                                                   0.00000 -0.41288
                                                  -0.16858  0.00000  0.30593

         403      401    402      0   Z-then-X     0.02217
                                                  -0.00630  0.00000 -0.11126
                                                   0.02086
                                                   0.00000  0.00951
                                                  -0.02744  0.00000 -0.03037

         404      402    401      0   Z-then-X     0.23308
                                                  -0.01611  0.00000 -0.13526
                                                   0.03633
                                                   0.00000 -0.08198
                                                  -0.01604  0.00000  0.04565

 Additional Atomic Dipole Polarizability Parameters :

     Atom Type           Alpha       Thole     Group Atom Types

         402             0.837       0.390         401  404
         401             1.334       0.390         402  403
         403             0.496       0.390         401
         404             0.496       0.390         402

 Limited Memory BFGS Quasi-Newton Optimization :

 QN Iter     F Value      G RMS      F Move   X Move   Angle  FG Call  Comment

     0       -5.8136     4.5029                                   1
     1       -5.8185     0.5382      0.0050   0.0004    0.00      3    Success 
     2       -5.8186     0.4413      0.0001   0.0000    6.77      4    Success 
     3       -5.8189     0.3701      0.0002   0.0001   10.89      5    Success 
     4       -5.8193     0.3991      0.0004   0.0002   14.13      6    Success 
     5       -5.8199     0.5538      0.0007   0.0004   41.02      7    Success 
     6       -5.8209     0.6753      0.0009   0.0009   63.83      8    Success 
     7       -5.8215     0.4113      0.0006   0.0009   72.42      9    Success 
     8       -5.8216     0.1365      0.0001   0.0001   67.88     10    Success 
     9       -5.8216     0.0506      0.0000   0.0000   50.13     11    Success 
    10       -5.8216     0.0262      0.0000   0.0000   52.93     12    Success 
    11       -5.8216     0.0246     -0.0000   0.0000   41.83     14    Success 
    12       -5.8216     0.0170      0.0000   0.0000   39.66     15    Success 
    13       -5.8216     0.0155      0.0000   0.0000   57.41     18    Success 
    14       -5.8216     0.0137     -0.0000   0.0000   54.17     21    Success 
    15       -5.8216     0.0043      0.0000   0.0000   53.87     22    Success 
    16       -5.8216     0.0038     -0.0000   0.0000   34.24     26    Success 
    17       -5.8216     0.0030      0.0000   0.0000   36.96     27    Success 
    18       -5.8216     0.0030     -0.0000   0.0000   34.59     34   BadIntpln
    19       -5.8216     0.0033      0.0000   0.0000   40.38     35    Success 
    20       -5.8216     0.0041      0.0000   0.0000   61.34     36    Success 
    21       -5.8216     0.0055      0.0000   0.0000   70.88     37    Success 
    22       -5.8216     0.0051     -0.0000   0.0000   76.32     42    Success 
    23       -5.8216     0.0051      0.0000   0.0000   74.70     47   BadIntpln
    24       -5.8216     0.0041     -0.0000   0.0000   69.85     50    Success 
    25       -5.8216     0.0140      0.0000   0.0001   69.23     51    Success 
    26       -5.8216     0.0142      0.0000   0.0000   82.78     57   BadIntpln
    27       -5.8216     0.0142     -0.0000   0.0000   82.88     65   BadIntpln

 LBFGS  --  Incomplete Convergence due to BadIntpln

 Final Function Value :           -5.8216
 Final RMS Gradient :              0.0142
 Final Gradient Norm :             0.0347
