
     ######################################################################
   ##########################################################################
  ###                                                                      ###
 ###            Tinker  ---  Software Tools for Molecular Design            ###
 ##                                                                          ##
 ##                          Version 8.7  June 2019                          ##
 ##                                                                          ##
 ##               Copyright (c)  Jay William Ponder  1990-2019               ##
 ###                           All Rights Reserved                          ###
  ###                                                                      ###
   ##########################################################################
     ######################################################################


 Additional Atom Definition Parameters :

     Type  Class  Symbol  Description               Atomic    Mass   Valence

     402    402     O     methanol                     8     15.999     2
     401    401     C     methanol                     6     12.011     4
     403    403     H     methanol                     1      1.008     1
     404    404     H     methanol                     1      1.008     1

 Additional Bond Stretching Parameters :

     Atom Classes             K(S)         Length

       402 404             615.900         0.9718
       401 402             500.100         1.4296
       401 403             385.000         1.0949

 Additional Angle Bending Parameters :

     Atom Classes             K(B)          Angle

     403 401 403            40.570        108.780
     402 401 403            60.990        106.603
     401 402 404            64.960        106.839

 Additional Stretch-Bend Parameters :

     Atom Classes          K(SB)-1        K(SB)-2

     402 401 403            -4.500         38.000
     401 402 404            -4.500         38.000

 Additional Torsional Parameters :

     Atom Classes     1-Fold    2-Fold    3-Fold    4-Fold    5-Fold    6-Fold

   403 401 402 404   0.74   0 -0.74 180  0.22   0  0.00   0  0.00   0  0.00   0

 Additional van der Waals Parameters :

     Atom Class               Size        Epsilon        Reduction

         402                3.4050         0.1100          0.000
         401                3.7600         0.1010          0.000
         403                2.8700         0.0240          0.910
         404                2.6550         0.0135          0.910

 Additional Atomic Multipole Parameters :

     Atom Type     Coordinate Frame Definition         Multipole Moments

         401      402    404      0   Z-then-X     0.18955
                                                  -0.02252  0.00000  0.42645
                                                  -0.41284
                                                   0.00000 -0.43694
                                                   0.02985  0.00000  0.84978

         402      401    404      0   Z-then-X    -0.48914
                                                   0.22408  0.00000  0.31143
                                                   0.10695
                                                   0.00000 -0.41288
                                                  -0.16858  0.00000  0.30593

         403      401    402      0   Z-then-X     0.02217
                                                  -0.00630  0.00000 -0.11126
                                                   0.02086
                                                   0.00000  0.00951
                                                  -0.02744  0.00000 -0.03037

         404      402    401      0   Z-then-X     0.23308
                                                  -0.01611  0.00000 -0.13526
                                                   0.03633
                                                   0.00000 -0.08198
                                                  -0.01604  0.00000  0.04565

 Additional Atomic Dipole Polarizability Parameters :

     Atom Type           Alpha       Thole     Group Atom Types

         402             0.837       0.390         401  404
         401             1.334       0.390         402  403
         403             0.496       0.390         401
         404             0.496       0.390         402

 Limited Memory BFGS Quasi-Newton Optimization :

 QN Iter     F Value      G RMS      F Move   X Move   Angle  FG Call  Comment

     0       36.3470   439.1191                                   1
     1       -3.1479    42.5997     39.4949   0.0293    0.00      3    Success 
     2       -3.8176    32.1871      0.6697   0.0031    4.43      4    Success 
     3       -4.7816    16.3062      0.9641   0.0070   10.29      5    Success 
     4       -5.2899     9.3338      0.5083   0.0086   14.17      6    Success 
     5       -5.4959     6.7432      0.2059   0.0064   36.04      7    Success 
     6       -5.6260    10.1966      0.1301   0.0093   42.82      8    Success 
     7       -5.7370     5.5055      0.1110   0.0067   61.01      9    Success 
     8       -5.7981     4.7703      0.0612   0.0038   55.18     10    Success 
     9       -5.8829     3.6790      0.0848   0.0078   56.61     11    Success 
    10       -5.9011     2.8912      0.0182   0.0033   60.44     13    Success 
    11       -5.9109     0.8876      0.0098   0.0027   67.54     14    Success 
    12       -5.9126     0.6610      0.0017   0.0005   42.40     15    Success 
    13       -5.9150     0.3320      0.0024   0.0010   32.37     16    Success 
    14       -5.9157     0.2380      0.0007   0.0008   37.72     17    Success 
    15       -5.9157     0.1321      0.0001   0.0002   48.96     19    Success 
    16       -5.9158     0.0985      0.0000   0.0001   46.36     20    Success 
    17       -5.9159     0.0552      0.0001   0.0002   39.90     21    Success 
    18       -5.9159     0.0136      0.0000   0.0001   49.97     22    Success 
    19       -5.9159     0.0085     -0.0000   0.0000   47.48     24    Success 
    20       -5.9159     0.0067      0.0000   0.0000   40.54     25    Success 
    21       -5.9159     0.0067     -0.0000   0.0000   46.39     34   BadIntpln
    22       -5.9159     0.0062      0.0000   0.0000   49.31     43   BadIntpln

 LBFGS  --  Incomplete Convergence due to BadIntpln

 Final Function Value :           -5.9159
 Final RMS Gradient :              0.0062
 Final Gradient Norm :             0.0151
