
     ######################################################################
   ##########################################################################
  ###                                                                      ###
 ###            Tinker  ---  Software Tools for Molecular Design            ###
 ##                                                                          ##
 ##                          Version 8.7  June 2019                          ##
 ##                                                                          ##
 ##               Copyright (c)  Jay William Ponder  1990-2019               ##
 ###                           All Rights Reserved                          ###
  ###                                                                      ###
   ##########################################################################
     ######################################################################


 Additional Atom Definition Parameters :

     Type  Class  Symbol  Description               Atomic    Mass   Valence

     402    402     O     methanol                     8     15.999     2
     401    401     C     methanol                     6     12.011     4
     403    403     H     methanol                     1      1.008     1
     404    404     H     methanol                     1      1.008     1

 Additional Bond Stretching Parameters :

     Atom Classes             K(S)         Length

       402 404             615.900         0.9718
       401 402             500.100         1.4296
       401 403             385.000         1.0949

 Additional Angle Bending Parameters :

     Atom Classes             K(B)          Angle

     403 401 403            40.570        108.780
     402 401 403            60.990        106.603
     401 402 404            64.960        106.839

 Additional Stretch-Bend Parameters :

     Atom Classes          K(SB)-1        K(SB)-2

     402 401 403            -4.500         38.000
     401 402 404            -4.500         38.000

 Additional Torsional Parameters :

     Atom Classes     1-Fold    2-Fold    3-Fold    4-Fold    5-Fold    6-Fold

   403 401 402 404   0.74   0 -0.74 180  0.22   0  0.00   0  0.00   0  0.00   0

 Additional van der Waals Parameters :

     Atom Class               Size        Epsilon        Reduction

         402                3.4050         0.1100          0.000
         401                3.7600         0.1010          0.000
         403                2.8700         0.0240          0.910
         404                2.6550         0.0135          0.910

 Additional Atomic Multipole Parameters :

     Atom Type     Coordinate Frame Definition         Multipole Moments

         401      402    404      0   Z-then-X     0.18955
                                                  -0.02252  0.00000  0.42645
                                                  -0.41284
                                                   0.00000 -0.43694
                                                   0.02985  0.00000  0.84978

         402      401    404      0   Z-then-X    -0.48914
                                                   0.22408  0.00000  0.31143
                                                   0.10695
                                                   0.00000 -0.41288
                                                  -0.16858  0.00000  0.30593

         403      401    402      0   Z-then-X     0.02217
                                                  -0.00630  0.00000 -0.11126
                                                   0.02086
                                                   0.00000  0.00951
                                                  -0.02744  0.00000 -0.03037

         404      402    401      0   Z-then-X     0.23308
                                                  -0.01611  0.00000 -0.13526
                                                   0.03633
                                                   0.00000 -0.08198
                                                  -0.01604  0.00000  0.04565

 Additional Atomic Dipole Polarizability Parameters :

     Atom Type           Alpha       Thole     Group Atom Types

         402             0.837       0.390         401  404
         401             1.334       0.390         402  403
         403             0.496       0.390         401
         404             0.496       0.390         402

 Limited Memory BFGS Quasi-Newton Optimization :

 QN Iter     F Value      G RMS      F Move   X Move   Angle  FG Call  Comment

     0      776.0724  1944.7990                                   1
     1       34.9678   300.4211    741.1045   0.1701    0.00      2    Success 
     2        9.6032   121.6400     25.3646   0.0214    0.31      3    Success 
     3        1.4069    63.6118      8.1963   0.0171    0.91      4    Success 
     4       -1.7107    38.9363      3.1176   0.0139   23.41      5    Success 
     5       -3.2397    25.8353      1.5290   0.0116   35.21      6    Success 
     6       -4.0233    12.2266      0.7835   0.0104   38.96      7    Success 
     7       -4.3519    11.6458      0.3286   0.0070   34.55      8    Success 
     8       -4.7916    14.3289      0.4397   0.0143   51.00      9    Success 
     9       -5.1172    18.4248      0.3256   0.0172   66.14     10    Success 
    10       -5.2719     7.0165      0.1547   0.0102   71.69     11    Success 
    11       -5.3160     3.4880      0.0441   0.0029   58.26     12    Success 
    12       -5.3411     3.2709      0.0251   0.0019   32.66     13    Success 
    13       -5.3738     2.9844      0.0327   0.0032   44.83     14    Success 
    14       -5.4031     2.6977      0.0293   0.0051   56.46     15    Success 
    15       -5.4093     2.5860      0.0062   0.0030   62.43     16    Success 
    16       -5.4129     0.6004      0.0036   0.0008   58.60     17    Success 
    17       -5.4134     0.5182      0.0005   0.0003   42.92     18    Success 
    18       -5.4142     0.5387      0.0008   0.0004   37.50     19    Success 
    19       -5.4156     0.5279      0.0014   0.0008   46.53     20    Success 
    20       -5.4172     0.3386      0.0016   0.0015   54.04     21    Success 
    21       -5.4173     0.1649      0.0001   0.0003   67.68     23    Success 
    22       -5.4174     0.0482      0.0000   0.0002   60.41     24    Success 
    23       -5.4174     0.0242      0.0000   0.0000   46.05     25    Success 
    24       -5.4174     0.0124      0.0000   0.0000   54.52     26    Success 
    25       -5.4174     0.0124     -0.0000   0.0000   55.18     32   BadIntpln
    26       -5.4174     0.0196      0.0000   0.0000   71.95     35    Success 
    27       -5.4174     0.0181     -0.0000   0.0000   57.66     37    Success 
    28       -5.4174     0.0165     -0.0000   0.0000   59.37     39    Success 
    29       -5.4174     0.0140      0.0000   0.0000   64.16     40    Success 
    30       -5.4174     0.0052      0.0000   0.0000   66.29     41    Success 
    31       -5.4174     0.0052     -0.0000   0.0000   44.98     46   BadIntpln
    32       -5.4174     0.0047      0.0000   0.0000   55.31     47    Success 
    33       -5.4174     0.0038      0.0000   0.0000   72.04     48    Success 
    34       -5.4174     0.0038     -0.0000   0.0000   63.17     56   BadIntpln
    35       -5.4174     0.0035      0.0000   0.0000   64.30     65   BadIntpln

 LBFGS  --  Incomplete Convergence due to BadIntpln

 Final Function Value :           -5.4174
 Final RMS Gradient :              0.0035
 Final Gradient Norm :             0.0085
