
     ######################################################################
   ##########################################################################
  ###                                                                      ###
 ###            Tinker  ---  Software Tools for Molecular Design            ###
 ##                                                                          ##
 ##                          Version 8.7  June 2019                          ##
 ##                                                                          ##
 ##               Copyright (c)  Jay William Ponder  1990-2019               ##
 ###                           All Rights Reserved                          ###
  ###                                                                      ###
   ##########################################################################
     ######################################################################


 Additional Atom Definition Parameters :

     Type  Class  Symbol  Description               Atomic    Mass   Valence

     402    402     O     methanol                     8     15.999     2
     401    401     C     methanol                     6     12.011     4
     403    403     H     methanol                     1      1.008     1
     404    404     H     methanol                     1      1.008     1

 Additional Bond Stretching Parameters :

     Atom Classes             K(S)         Length

       402 404             615.900         0.9718
       401 402             500.100         1.4296
       401 403             385.000         1.0949

 Additional Angle Bending Parameters :

     Atom Classes             K(B)          Angle

     403 401 403            40.570        108.780
     402 401 403            60.990        106.603
     401 402 404            64.960        106.839

 Additional Stretch-Bend Parameters :

     Atom Classes          K(SB)-1        K(SB)-2

     402 401 403            -4.500         38.000
     401 402 404            -4.500         38.000

 Additional Torsional Parameters :

     Atom Classes     1-Fold    2-Fold    3-Fold    4-Fold    5-Fold    6-Fold

   403 401 402 404   0.00   0  0.00 180  0.00   0  0.00   0  0.00   0  0.00   0

 Additional van der Waals Parameters :

     Atom Class               Size        Epsilon        Reduction

         402                3.4050         0.1100          0.000
         401                3.7600         0.1010          0.000
         403                2.8700         0.0240          0.910
         404                2.6550         0.0135          0.910

 Additional Atomic Multipole Parameters :

     Atom Type     Coordinate Frame Definition         Multipole Moments

         401      402    404      0   Z-then-X     0.18955
                                                  -0.02252  0.00000  0.42645
                                                  -0.41284
                                                   0.00000 -0.43694
                                                   0.02985  0.00000  0.84978

         402      401    404      0   Z-then-X    -0.48914
                                                   0.22408  0.00000  0.31143
                                                   0.10695
                                                   0.00000 -0.41288
                                                  -0.16858  0.00000  0.30593

         403      401    402      0   Z-then-X     0.02217
                                                  -0.00630  0.00000 -0.11126
                                                   0.02086
                                                   0.00000  0.00951
                                                  -0.02744  0.00000 -0.03037

         404      402    401      0   Z-then-X     0.23308
                                                  -0.01611  0.00000 -0.13526
                                                   0.03633
                                                   0.00000 -0.08198
                                                  -0.01604  0.00000  0.04565

 Additional Atomic Dipole Polarizability Parameters :

     Atom Type           Alpha       Thole     Group Atom Types

         402             0.837       0.390         401  404
         401             1.334       0.390         402  403
         403             0.496       0.390         401
         404             0.496       0.390         402

 Limited Memory BFGS Quasi-Newton Optimization :

 QN Iter     F Value      G RMS      F Move   X Move   Angle  FG Call  Comment

     0      466.4600  1507.1881                                   1
     1      105.9523   603.1712    360.5078   0.1701    0.00      2    Success 
     2       10.5133   154.0450     95.4390   0.0434    5.39      3    Success 
     3        0.9113    67.9749      9.6020   0.0177    7.20      4    Success 
     4       -1.7176    51.5352      2.6289   0.0095   25.41      5    Success 
     5       -4.0866    27.8093      2.3691   0.0155   35.38      6    Success 
     6       -4.6833    14.5184      0.5967   0.0079   43.90      7    Success 
     7       -4.9612    11.3103      0.2779   0.0055   32.13      8    Success 
     8       -5.1818    13.5013      0.2206   0.0069   51.49      9    Success 
     9       -5.5015    14.2460      0.3197   0.0123   63.68     10    Success 
    10       -5.6402    17.9922      0.1387   0.0196   69.82     11    Success 
    11       -5.8074     4.6185      0.1671   0.0030   30.58     12    Success 
    12       -5.8332     2.4723      0.0258   0.0019   41.79     13    Success 
    13       -5.8503     2.7170      0.0171   0.0018   32.84     14    Success 
    14       -5.8752     2.4833      0.0249   0.0034   51.34     15    Success 
    15       -5.8938     2.3675      0.0186   0.0048   56.95     16    Success 
    16       -5.8967     1.5625      0.0029   0.0014   55.38     17    Success 
    17       -5.8982     0.4500      0.0015   0.0006   62.83     18    Success 
    18       -5.8985     0.3762      0.0003   0.0001   31.46     19    Success 
    19       -5.8990     0.3966      0.0005   0.0003   23.53     20    Success 
    20       -5.8998     0.4913      0.0008   0.0006   43.54     21    Success 
    21       -5.9007     0.4121      0.0009   0.0012   63.82     22    Success 
    22       -5.9008     0.1032      0.0001   0.0004   71.46     23    Success 
    23       -5.9008     0.0212      0.0000   0.0002   64.66     24    Success 
    24       -5.9008     0.0173     -0.0000   0.0000   56.84     26    Success 
    25       -5.9008     0.0061      0.0000   0.0000   55.67     27    Success 
    26       -5.9008     0.0033     -0.0000   0.0000   63.66     30    Success 
    27       -5.9008     0.0031     -0.0000   0.0000   56.08     37   BadIntpln
    28       -5.9008     0.0029      0.0000   0.0000   50.25     38    Success 
    29       -5.9008     0.0035      0.0000   0.0000   64.16     39    Success 
    30       -5.9008     0.0035      0.0000   0.0000   68.64     45   BadIntpln
    31       -5.9008     0.0035     -0.0000   0.0000   65.87     53   BadIntpln

 LBFGS  --  Incomplete Convergence due to BadIntpln

 Final Function Value :           -5.9008
 Final RMS Gradient :              0.0035
 Final Gradient Norm :             0.0085
