
     ######################################################################
   ##########################################################################
  ###                                                                      ###
 ###            Tinker  ---  Software Tools for Molecular Design            ###
 ##                                                                          ##
 ##                          Version 8.7  June 2019                          ##
 ##                                                                          ##
 ##               Copyright (c)  Jay William Ponder  1990-2019               ##
 ###                           All Rights Reserved                          ###
  ###                                                                      ###
   ##########################################################################
     ######################################################################


 Additional Atom Definition Parameters :

     Type  Class  Symbol  Description               Atomic    Mass   Valence

     402    402     O     methanol                     8     15.999     2
     401    401     C     methanol                     6     12.011     4
     403    403     H     methanol                     1      1.008     1
     404    404     H     methanol                     1      1.008     1

 Additional Bond Stretching Parameters :

     Atom Classes             K(S)         Length

       402 404             615.900         0.9718
       401 402             500.100         1.4296
       401 403             385.000         1.0949

 Additional Angle Bending Parameters :

     Atom Classes             K(B)          Angle

     403 401 403            40.570        108.780
     402 401 403            60.990        106.603
     401 402 404            64.960        106.839

 Additional Stretch-Bend Parameters :

     Atom Classes          K(SB)-1        K(SB)-2

     402 401 403            -4.500         38.000
     401 402 404            -4.500         38.000

 Additional Torsional Parameters :

     Atom Classes     1-Fold    2-Fold    3-Fold    4-Fold    5-Fold    6-Fold

   403 401 402 404   0.00   0  0.00 180  0.00   0  0.00   0  0.00   0  0.00   0

 Additional van der Waals Parameters :

     Atom Class               Size        Epsilon        Reduction

         402                3.4050         0.1100          0.000
         401                3.7600         0.1010          0.000
         403                2.8700         0.0240          0.910
         404                2.6550         0.0135          0.910

 Additional Atomic Multipole Parameters :

     Atom Type     Coordinate Frame Definition         Multipole Moments

         401      402    404      0   Z-then-X     0.18955
                                                  -0.02252  0.00000  0.42645
                                                  -0.41284
                                                   0.00000 -0.43694
                                                   0.02985  0.00000  0.84978

         402      401    404      0   Z-then-X    -0.48914
                                                   0.22408  0.00000  0.31143
                                                   0.10695
                                                   0.00000 -0.41288
                                                  -0.16858  0.00000  0.30593

         403      401    402      0   Z-then-X     0.02217
                                                  -0.00630  0.00000 -0.11126
                                                   0.02086
                                                   0.00000  0.00951
                                                  -0.02744  0.00000 -0.03037

         404      402    401      0   Z-then-X     0.23308
                                                  -0.01611  0.00000 -0.13526
                                                   0.03633
                                                   0.00000 -0.08198
                                                  -0.01604  0.00000  0.04565

 Additional Atomic Dipole Polarizability Parameters :

     Atom Type           Alpha       Thole     Group Atom Types

         402             0.837       0.390         401  404
         401             1.334       0.390         402  403
         403             0.496       0.390         401
         404             0.496       0.390         402

 Limited Memory BFGS Quasi-Newton Optimization :

 QN Iter     F Value      G RMS      F Move   X Move   Angle  FG Call  Comment

     0     1878.2017  3015.7450                                   1
     1      197.5917   718.4078   1680.6101   0.1701    0.00      2    Success 
     2       40.6662   267.8081    156.9255   0.0580    2.48      3    Success 
     3        9.2693   102.8341     31.3969   0.0341   12.36      4    Success 
     4        4.5012    62.2600      4.7681   0.0123   25.18      5    Success 
     5        0.7362    49.4858      3.7650   0.0150   26.87      6    Success 
     6       -2.5972    35.1323      3.3334   0.0244   37.35      7    Success 
     7       -3.8177    19.0545      1.2206   0.0110   46.77      8    Success 
     8       -4.7191    16.3195      0.9013   0.0173   39.81      9    Success 
     9       -5.0495    17.0752      0.3304   0.0094   63.65     10    Success 
    10       -5.4877    13.6111      0.4382   0.0158   65.88     11    Success 
    11       -5.6544    11.6198      0.1667   0.0125   64.88     12    Success 
    12       -5.7094     3.9471      0.0550   0.0018   44.61     13    Success 
    13       -5.7267     4.0288      0.0173   0.0013   45.09     14    Success 
    14       -5.7527     4.4014      0.0260   0.0022   49.67     15    Success 
    15       -5.7864     3.1904      0.0337   0.0039   61.88     16    Success 
    16       -5.8064     1.5869      0.0200   0.0040   65.35     17    Success 
    17       -5.8104     1.8443      0.0040   0.0020   53.22     18    Success 
    18       -5.8126     0.6452      0.0022   0.0005   44.79     19    Success 
    19       -5.8131     0.5836      0.0005   0.0003   53.60     20    Success 
    20       -5.8140     0.5058      0.0008   0.0004   47.83     21    Success 
    21       -5.8153     0.4213      0.0013   0.0008   48.28     22    Success 
    22       -5.8160     0.5212      0.0007   0.0013   53.70     23    Success 
    23       -5.8163     0.1118      0.0002   0.0003   58.73     25    Success 
    24       -5.8163     0.0436      0.0000   0.0002   60.77     26    Success 
    25       -5.8163     0.0146      0.0000   0.0000   51.45     27    Success 
    26       -5.8163     0.0128      0.0000   0.0000   39.32     28    Success 
    27       -5.8163     0.0121      0.0000   0.0000   49.98     29    Success 
    28       -5.8163     0.0290     -0.0000   0.0000   60.52     31    Success 
    29       -5.8163     0.0051      0.0000   0.0000   63.83     32    Success 
    30       -5.8163     0.0051     -0.0000   0.0000   59.03     38   BadIntpln
    31       -5.8163     0.0044     -0.0000   0.0000   58.70     40    Success 
    32       -5.8163     0.0042     -0.0000   0.0000   62.77     50   BadIntpln
    33       -5.8163     0.0020      0.0000   0.0000   57.66     51    Success 
    34       -5.8163     0.0020     -0.0000   0.0000   65.14     55   IntplnErr
    35       -5.8163     0.0019      0.0000   0.0000   60.25     64   BadIntpln

 LBFGS  --  Incomplete Convergence due to BadIntpln

 Final Function Value :           -5.8163
 Final RMS Gradient :              0.0019
 Final Gradient Norm :             0.0048
