
     ######################################################################
   ##########################################################################
  ###                                                                      ###
 ###            Tinker  ---  Software Tools for Molecular Design            ###
 ##                                                                          ##
 ##                          Version 8.7  June 2019                          ##
 ##                                                                          ##
 ##               Copyright (c)  Jay William Ponder  1990-2019               ##
 ###                           All Rights Reserved                          ###
  ###                                                                      ###
   ##########################################################################
     ######################################################################


 Additional Atom Definition Parameters :

     Type  Class  Symbol  Description               Atomic    Mass   Valence

     402    402     O     methanol                     8     15.999     2
     401    401     C     methanol                     6     12.011     4
     403    403     H     methanol                     1      1.008     1
     404    404     H     methanol                     1      1.008     1

 Additional Bond Stretching Parameters :

     Atom Classes             K(S)         Length

       402 404             615.900         0.9718
       401 402             500.100         1.4296
       401 403             385.000         1.0949

 Additional Angle Bending Parameters :

     Atom Classes             K(B)          Angle

     403 401 403            40.570        108.780
     402 401 403            60.990        106.603
     401 402 404            64.960        106.839

 Additional Stretch-Bend Parameters :

     Atom Classes          K(SB)-1        K(SB)-2

     402 401 403            -4.500         38.000
     401 402 404            -4.500         38.000

 Additional Torsional Parameters :

     Atom Classes     1-Fold    2-Fold    3-Fold    4-Fold    5-Fold    6-Fold

   403 401 402 404   0.74   0 -0.74 180  0.22   0  0.00   0  0.00   0  0.00   0

 Additional van der Waals Parameters :

     Atom Class               Size        Epsilon        Reduction

         402                3.4050         0.1100          0.000
         401                3.7600         0.1010          0.000
         403                2.8700         0.0240          0.910
         404                2.6550         0.0135          0.910

 Additional Atomic Multipole Parameters :

     Atom Type     Coordinate Frame Definition         Multipole Moments

         401      402    404      0   Z-then-X     0.18955
                                                  -0.02252  0.00000  0.42645
                                                  -0.41284
                                                   0.00000 -0.43694
                                                   0.02985  0.00000  0.84978

         402      401    404      0   Z-then-X    -0.48914
                                                   0.22408  0.00000  0.31143
                                                   0.10695
                                                   0.00000 -0.41288
                                                  -0.16858  0.00000  0.30593

         403      401    402      0   Z-then-X     0.02217
                                                  -0.00630  0.00000 -0.11126
                                                   0.02086
                                                   0.00000  0.00951
                                                  -0.02744  0.00000 -0.03037

         404      402    401      0   Z-then-X     0.23308
                                                  -0.01611  0.00000 -0.13526
                                                   0.03633
                                                   0.00000 -0.08198
                                                  -0.01604  0.00000  0.04565

 Additional Atomic Dipole Polarizability Parameters :

     Atom Type           Alpha       Thole     Group Atom Types

         402             0.837       0.390         401  404
         401             1.334       0.390         402  403
         403             0.496       0.390         401
         404             0.496       0.390         402

 Limited Memory BFGS Quasi-Newton Optimization :

 QN Iter     F Value      G RMS      F Move   X Move   Angle  FG Call  Comment

     0       -3.4393    38.4661                                   1
     1       -4.7622    45.4410      1.3229   0.0212    0.00      3    Success 
     2       -5.2413    15.1623      0.4791   0.0037   19.11      5    Success 
     3       -5.4001     9.5562      0.1587   0.0037   42.66      6    Success 
     4       -5.5706     5.9101      0.1706   0.0040   19.22      7    Success 
     5       -5.7306     6.2019      0.1600   0.0088   13.86      8    Success 
     6       -5.7792     5.6248      0.0486   0.0040   49.52     10    Success 
     7       -5.8189     4.6897      0.0397   0.0023   56.21     11    Success 
     8       -5.8879     3.5138      0.0690   0.0044   50.22     12    Success 
     9       -5.9405     7.8929      0.0526   0.0094   45.75     13    Success 
    10       -5.9899     1.2013      0.0494   0.0059   67.98     14    Success 
    11       -5.9919     0.8786      0.0020   0.0007   61.80     15    Success 
    12       -5.9952     0.6263      0.0032   0.0008   22.30     16    Success 
    13       -5.9980     0.3392      0.0028   0.0016   30.53     17    Success 
    14       -5.9981     0.2816      0.0001   0.0002   59.73     19    Success 
    15       -5.9982     0.0877      0.0001   0.0003   68.26     20    Success 
    16       -5.9983     0.0623      0.0000   0.0001   52.20     21    Success 
    17       -5.9983     0.0616      0.0000   0.0001   42.26     22    Success 
    18       -5.9983     0.0210      0.0000   0.0001   61.23     23    Success 
    19       -5.9983     0.0024      0.0000   0.0000   69.34     24    Success 
    20       -5.9983     0.0011      0.0000   0.0000   61.91     25    Success 
    21       -5.9983     0.0011      0.0000   0.0000   41.05     33   BadIntpln
    22       -5.9983     0.0011     -0.0000   0.0000   27.35     39   BadIntpln

 LBFGS  --  Incomplete Convergence due to BadIntpln

 Final Function Value :           -5.9983
 Final RMS Gradient :              0.0011
 Final Gradient Norm :             0.0027
