
     ######################################################################
   ##########################################################################
  ###                                                                      ###
 ###            Tinker  ---  Software Tools for Molecular Design            ###
 ##                                                                          ##
 ##                          Version 8.7  June 2019                          ##
 ##                                                                          ##
 ##               Copyright (c)  Jay William Ponder  1990-2019               ##
 ###                           All Rights Reserved                          ###
  ###                                                                      ###
   ##########################################################################
     ######################################################################


 Additional Atom Definition Parameters :

     Type  Class  Symbol  Description               Atomic    Mass   Valence

     402    402     O     methanol                     8     15.999     2
     401    401     C     methanol                     6     12.011     4
     403    403     H     methanol                     1      1.008     1
     404    404     H     methanol                     1      1.008     1

 Additional Bond Stretching Parameters :

     Atom Classes             K(S)         Length

       402 404             615.900         0.9718
       401 402             500.100         1.4296
       401 403             385.000         1.0949

 Additional Angle Bending Parameters :

     Atom Classes             K(B)          Angle

     403 401 403            40.570        108.780
     402 401 403            60.990        106.603
     401 402 404            64.960        106.839

 Additional Stretch-Bend Parameters :

     Atom Classes          K(SB)-1        K(SB)-2

     402 401 403            -4.500         38.000
     401 402 404            -4.500         38.000

 Additional Torsional Parameters :

     Atom Classes     1-Fold    2-Fold    3-Fold    4-Fold    5-Fold    6-Fold

   403 401 402 404   0.00   0  0.00 180  0.00   0  0.00   0  0.00   0  0.00   0

 Additional van der Waals Parameters :

     Atom Class               Size        Epsilon        Reduction

         402                3.4050         0.1100          0.000
         401                3.7600         0.1010          0.000
         403                2.8700         0.0240          0.910
         404                2.6550         0.0135          0.910

 Additional Atomic Multipole Parameters :

     Atom Type     Coordinate Frame Definition         Multipole Moments

         401      402    404      0   Z-then-X     0.18955
                                                  -0.02252  0.00000  0.42645
                                                  -0.41284
                                                   0.00000 -0.43694
                                                   0.02985  0.00000  0.84978

         402      401    404      0   Z-then-X    -0.48914
                                                   0.22408  0.00000  0.31143
                                                   0.10695
                                                   0.00000 -0.41288
                                                  -0.16858  0.00000  0.30593

         403      401    402      0   Z-then-X     0.02217
                                                  -0.00630  0.00000 -0.11126
                                                   0.02086
                                                   0.00000  0.00951
                                                  -0.02744  0.00000 -0.03037

         404      402    401      0   Z-then-X     0.23308
                                                  -0.01611  0.00000 -0.13526
                                                   0.03633
                                                   0.00000 -0.08198
                                                  -0.01604  0.00000  0.04565

 Additional Atomic Dipole Polarizability Parameters :

     Atom Type           Alpha       Thole     Group Atom Types

         402             0.837       0.390         401  404
         401             1.334       0.390         402  403
         403             0.496       0.390         401
         404             0.496       0.390         402

 Limited Memory BFGS Quasi-Newton Optimization :

 QN Iter     F Value      G RMS      F Move   X Move   Angle  FG Call  Comment

     0       -3.4000    38.4446                                   1
     1       -4.7402    45.2428      1.3402   0.0213    0.00      3    Success 
     2       -5.2101    14.8884      0.4700   0.0037   19.63      5    Success 
     3       -5.3668     9.5566      0.1567   0.0037   42.52      6    Success 
     4       -5.5444     5.8157      0.1775   0.0042   19.03      7    Success 
     5       -5.7027     6.5071      0.1584   0.0088   13.81      8    Success 
     6       -5.7527     5.4448      0.0499   0.0041   51.19     10    Success 
     7       -5.7919     4.5934      0.0393   0.0023   55.44     11    Success 
     8       -5.8599     3.5460      0.0680   0.0044   49.58     12    Success 
     9       -5.9107     7.7726      0.0508   0.0091   45.48     13    Success 
    10       -5.9594     1.1302      0.0486   0.0057   67.51     14    Success 
    11       -5.9612     0.8780      0.0018   0.0005   54.16     15    Success 
    12       -5.9642     0.6348      0.0030   0.0007   16.21     16    Success 
    13       -5.9674     0.2950      0.0032   0.0017   24.84     17    Success 
    14       -5.9675     0.2320      0.0001   0.0001   52.23     19    Success 
    15       -5.9676     0.0996      0.0001   0.0002   69.04     20    Success 
    16       -5.9676     0.0703      0.0000   0.0001   56.27     21    Success 
    17       -5.9676     0.0739      0.0000   0.0001   46.90     22    Success 
    18       -5.9677     0.0301      0.0000   0.0001   59.86     23    Success 
    19       -5.9677     0.0035      0.0000   0.0000   69.81     24    Success 
    20       -5.9677     0.0012      0.0000   0.0000   66.14     25    Success 
    21       -5.9677     0.0012     -0.0000   0.0000   44.12     32   BadIntpln
    22       -5.9677     0.0111     -0.0000   0.0000   82.36     39   BadIntpln

 LBFGS  --  Incomplete Convergence due to BadIntpln

 Final Function Value :           -5.9677
 Final RMS Gradient :              0.0111
 Final Gradient Norm :             0.0273
