
     ######################################################################
   ##########################################################################
  ###                                                                      ###
 ###            Tinker  ---  Software Tools for Molecular Design            ###
 ##                                                                          ##
 ##                          Version 8.7  June 2019                          ##
 ##                                                                          ##
 ##               Copyright (c)  Jay William Ponder  1990-2019               ##
 ###                           All Rights Reserved                          ###
  ###                                                                      ###
   ##########################################################################
     ######################################################################


 Additional Atom Definition Parameters :

     Type  Class  Symbol  Description               Atomic    Mass   Valence

     402    402     O     methanol                     8     15.999     2
     401    401     C     methanol                     6     12.011     4
     403    403     H     methanol                     1      1.008     1
     404    404     H     methanol                     1      1.008     1

 Additional Bond Stretching Parameters :

     Atom Classes             K(S)         Length

       402 404             615.900         0.9718
       401 402             500.100         1.4296
       401 403             385.000         1.0949

 Additional Angle Bending Parameters :

     Atom Classes             K(B)          Angle

     403 401 403            40.570        108.780
     402 401 403            60.990        106.603
     401 402 404            64.960        106.839

 Additional Stretch-Bend Parameters :

     Atom Classes          K(SB)-1        K(SB)-2

     402 401 403            -4.500         38.000
     401 402 404            -4.500         38.000

 Additional Torsional Parameters :

     Atom Classes     1-Fold    2-Fold    3-Fold    4-Fold    5-Fold    6-Fold

   403 401 402 404   0.74   0 -0.74 180  0.22   0  0.00   0  0.00   0  0.00   0

 Additional van der Waals Parameters :

     Atom Class               Size        Epsilon        Reduction

         402                3.4050         0.1100          0.000
         401                3.7600         0.1010          0.000
         403                2.8700         0.0240          0.910
         404                2.6550         0.0135          0.910

 Additional Atomic Multipole Parameters :

     Atom Type     Coordinate Frame Definition         Multipole Moments

         401      402    404      0   Z-then-X     0.18955
                                                  -0.02252  0.00000  0.42645
                                                  -0.41284
                                                   0.00000 -0.43694
                                                   0.02985  0.00000  0.84978

         402      401    404      0   Z-then-X    -0.48914
                                                   0.22408  0.00000  0.31143
                                                   0.10695
                                                   0.00000 -0.41288
                                                  -0.16858  0.00000  0.30593

         403      401    402      0   Z-then-X     0.02217
                                                  -0.00630  0.00000 -0.11126
                                                   0.02086
                                                   0.00000  0.00951
                                                  -0.02744  0.00000 -0.03037

         404      402    401      0   Z-then-X     0.23308
                                                  -0.01611  0.00000 -0.13526
                                                   0.03633
                                                   0.00000 -0.08198
                                                  -0.01604  0.00000  0.04565

 Additional Atomic Dipole Polarizability Parameters :

     Atom Type           Alpha       Thole     Group Atom Types

         402             0.837       0.390         401  404
         401             1.334       0.390         402  403
         403             0.496       0.390         401
         404             0.496       0.390         402

 Limited Memory BFGS Quasi-Newton Optimization :

 QN Iter     F Value      G RMS      F Move   X Move   Angle  FG Call  Comment

     0     1158.7371  2364.0802                                   1
     1       47.0933   283.5697   1111.6439   0.1701    0.00      2    Success 
     2       18.3490   166.6649     28.7442   0.0221    6.02      3    Success 
     3        2.4943    60.7562     15.8547   0.0308   10.01      4    Success 
     4        0.4534    49.4826      2.0409   0.0074   31.26      5    Success 
     5       -2.5802    25.7426      3.0337   0.0162   31.72      6    Success 
     6       -3.6599    22.0267      1.0797   0.0190   31.08      7    Success 
     7       -3.9672    29.5817      0.3073   0.0064   31.67      8    Success 
     8       -4.2684    17.4867      0.3012   0.0034   53.79      9    Success 
     9       -4.7081     8.1664      0.4397   0.0111   58.99     10    Success 
    10       -4.9751     8.8627      0.2670   0.0136   51.57     11    Success 
    11       -5.1684     7.0702      0.1933   0.0103   55.39     12    Success 
    12       -5.2185     5.3424      0.0502   0.0083   64.77     13    Success 
    13       -5.2480     2.2257      0.0295   0.0019   39.22     14    Success 
    14       -5.2596     1.9216      0.0116   0.0014   37.24     15    Success 
    15       -5.2759     1.7246      0.0163   0.0027   41.32     16    Success 
    16       -5.2844     0.9197      0.0085   0.0028   59.31     17    Success 
    17       -5.2859     0.5997      0.0015   0.0012   63.05     18    Success 
    18       -5.2866     0.4388      0.0007   0.0003   44.74     19    Success 
    19       -5.2874     0.5022      0.0009   0.0007   50.06     20    Success 
    20       -5.2879     0.2973      0.0005   0.0006   68.51     21    Success 
    21       -5.2880     0.0441      0.0001   0.0002   67.92     22    Success 
    22       -5.2880     0.0049      0.0000   0.0000   50.23     23    Success 
    23       -5.2880     0.0033      0.0000   0.0000   61.25     24    Success 
    24       -5.2880     0.0030      0.0000   0.0000   38.72     25    Success 
    25       -5.2880     0.0030      0.0000   0.0000   30.21     30   BadIntpln
    26       -5.2880     0.0030     -0.0000   0.0000   34.15     37   BadIntpln

 LBFGS  --  Incomplete Convergence due to BadIntpln

 Final Function Value :           -5.2880
 Final RMS Gradient :              0.0030
 Final Gradient Norm :             0.0075
