
     ######################################################################
   ##########################################################################
  ###                                                                      ###
 ###            Tinker  ---  Software Tools for Molecular Design            ###
 ##                                                                          ##
 ##                          Version 8.7  June 2019                          ##
 ##                                                                          ##
 ##               Copyright (c)  Jay William Ponder  1990-2019               ##
 ###                           All Rights Reserved                          ###
  ###                                                                      ###
   ##########################################################################
     ######################################################################


 Additional Atom Definition Parameters :

     Type  Class  Symbol  Description               Atomic    Mass   Valence

     402    402     O     methanol                     8     15.999     2
     401    401     C     methanol                     6     12.011     4
     403    403     H     methanol                     1      1.008     1
     404    404     H     methanol                     1      1.008     1

 Additional Bond Stretching Parameters :

     Atom Classes             K(S)         Length

       402 404             615.900         0.9718
       401 402             500.100         1.4296
       401 403             385.000         1.0949

 Additional Angle Bending Parameters :

     Atom Classes             K(B)          Angle

     403 401 403            40.570        108.780
     402 401 403            60.990        106.603
     401 402 404            64.960        106.839

 Additional Stretch-Bend Parameters :

     Atom Classes          K(SB)-1        K(SB)-2

     402 401 403            -4.500         38.000
     401 402 404            -4.500         38.000

 Additional Torsional Parameters :

     Atom Classes     1-Fold    2-Fold    3-Fold    4-Fold    5-Fold    6-Fold

   403 401 402 404   0.00   0  0.00 180  0.00   0  0.00   0  0.00   0  0.00   0

 Additional van der Waals Parameters :

     Atom Class               Size        Epsilon        Reduction

         402                3.4050         0.1100          0.000
         401                3.7600         0.1010          0.000
         403                2.8700         0.0240          0.910
         404                2.6550         0.0135          0.910

 Additional Atomic Multipole Parameters :

     Atom Type     Coordinate Frame Definition         Multipole Moments

         401      402    404      0   Z-then-X     0.18955
                                                  -0.02252  0.00000  0.42645
                                                  -0.41284
                                                   0.00000 -0.43694
                                                   0.02985  0.00000  0.84978

         402      401    404      0   Z-then-X    -0.48914
                                                   0.22408  0.00000  0.31143
                                                   0.10695
                                                   0.00000 -0.41288
                                                  -0.16858  0.00000  0.30593

         403      401    402      0   Z-then-X     0.02217
                                                  -0.00630  0.00000 -0.11126
                                                   0.02086
                                                   0.00000  0.00951
                                                  -0.02744  0.00000 -0.03037

         404      402    401      0   Z-then-X     0.23308
                                                  -0.01611  0.00000 -0.13526
                                                   0.03633
                                                   0.00000 -0.08198
                                                  -0.01604  0.00000  0.04565

 Additional Atomic Dipole Polarizability Parameters :

     Atom Type           Alpha       Thole     Group Atom Types

         402             0.837       0.390         401  404
         401             1.334       0.390         402  403
         403             0.496       0.390         401
         404             0.496       0.390         402

 Limited Memory BFGS Quasi-Newton Optimization :

 QN Iter     F Value      G RMS      F Move   X Move   Angle  FG Call  Comment

     0       36.3865   439.2054                                   1
     1       -3.1710    42.8584     39.5575   0.0294    0.00      3    Success 
     2       -3.8490    32.3183      0.6780   0.0031    4.44      4    Success 
     3       -4.8221    16.3598      0.9732   0.0071   10.28      5    Success 
     4       -5.3318     9.4384      0.5097   0.0086   14.57      6    Success 
     5       -5.5417     6.7485      0.2099   0.0064   36.18      7    Success 
     6       -5.6853     9.0138      0.1435   0.0091   42.97      8    Success 
     7       -5.7927     6.0600      0.1075   0.0080   61.49      9    Success 
     8       -5.8559     4.7439      0.0631   0.0039   57.67     10    Success 
     9       -5.9370     3.3258      0.0812   0.0079   55.88     11    Success 
    10       -5.9529     2.2054      0.0158   0.0032   60.40     13    Success 
    11       -5.9573     0.9109      0.0045   0.0015   68.68     14    Success 
    12       -5.9590     0.7028      0.0017   0.0006   49.97     15    Success 
    13       -5.9613     0.4331      0.0023   0.0010   39.29     16    Success 
    14       -5.9620     0.1747      0.0008   0.0007   46.27     17    Success 
    15       -5.9622     0.1796      0.0001   0.0003   42.98     18    Success 
    16       -5.9623     0.0906      0.0001   0.0002   58.18     19    Success 
    17       -5.9623     0.0508      0.0000   0.0001   53.89     20    Success 
    18       -5.9623     0.0128      0.0000   0.0001   60.22     21    Success 
    19       -5.9623     0.0128     -0.0000   0.0000   61.87     28   BadIntpln
    20       -5.9623     0.0063      0.0000   0.0000   61.56     29    Success 
    21       -5.9623     0.0062      0.0000   0.0000   57.35     30    Success 
    22       -5.9623     0.0359     -0.0000   0.0000   56.38     36   BadIntpln
    23       -5.9623     0.0030      0.0000   0.0000   59.49     37    Success 
    24       -5.9623     0.0030      0.0000   0.0000   65.32     46   BadIntpln
    25       -5.9623     0.0030     -0.0000   0.0000   63.56     54   BadIntpln

 LBFGS  --  Incomplete Convergence due to BadIntpln

 Final Function Value :           -5.9623
 Final RMS Gradient :              0.0030
 Final Gradient Norm :             0.0073
