
     ######################################################################
   ##########################################################################
  ###                                                                      ###
 ###            Tinker  ---  Software Tools for Molecular Design            ###
 ##                                                                          ##
 ##                          Version 8.7  June 2019                          ##
 ##                                                                          ##
 ##               Copyright (c)  Jay William Ponder  1990-2019               ##
 ###                           All Rights Reserved                          ###
  ###                                                                      ###
   ##########################################################################
     ######################################################################


 Additional Atom Definition Parameters :

     Type  Class  Symbol  Description               Atomic    Mass   Valence

     402    402     O     methanol                     8     15.999     2
     401    401     C     methanol                     6     12.011     4
     403    403     H     methanol                     1      1.008     1
     404    404     H     methanol                     1      1.008     1

 Additional Bond Stretching Parameters :

     Atom Classes             K(S)         Length

       402 404             615.900         0.9718
       401 402             500.100         1.4296
       401 403             385.000         1.0949

 Additional Angle Bending Parameters :

     Atom Classes             K(B)          Angle

     403 401 403            40.570        108.780
     402 401 403            60.990        106.603
     401 402 404            64.960        106.839

 Additional Stretch-Bend Parameters :

     Atom Classes          K(SB)-1        K(SB)-2

     402 401 403            -4.500         38.000
     401 402 404            -4.500         38.000

 Additional Torsional Parameters :

     Atom Classes     1-Fold    2-Fold    3-Fold    4-Fold    5-Fold    6-Fold

   403 401 402 404   0.00   0  0.00 180  0.00   0  0.00   0  0.00   0  0.00   0

 Additional van der Waals Parameters :

     Atom Class               Size        Epsilon        Reduction

         402                3.4050         0.1100          0.000
         401                3.7600         0.1010          0.000
         403                2.8700         0.0240          0.910
         404                2.6550         0.0135          0.910

 Additional Atomic Multipole Parameters :

     Atom Type     Coordinate Frame Definition         Multipole Moments

         401      402    404      0   Z-then-X     0.18955
                                                  -0.02252  0.00000  0.42645
                                                  -0.41284
                                                   0.00000 -0.43694
                                                   0.02985  0.00000  0.84978

         402      401    404      0   Z-then-X    -0.48914
                                                   0.22408  0.00000  0.31143
                                                   0.10695
                                                   0.00000 -0.41288
                                                  -0.16858  0.00000  0.30593

         403      401    402      0   Z-then-X     0.02217
                                                  -0.00630  0.00000 -0.11126
                                                   0.02086
                                                   0.00000  0.00951
                                                  -0.02744  0.00000 -0.03037

         404      402    401      0   Z-then-X     0.23308
                                                  -0.01611  0.00000 -0.13526
                                                   0.03633
                                                   0.00000 -0.08198
                                                  -0.01604  0.00000  0.04565

 Additional Atomic Dipole Polarizability Parameters :

     Atom Type           Alpha       Thole     Group Atom Types

         402             0.837       0.390         401  404
         401             1.334       0.390         402  403
         403             0.496       0.390         401
         404             0.496       0.390         402

 Limited Memory BFGS Quasi-Newton Optimization :

 QN Iter     F Value      G RMS      F Move   X Move   Angle  FG Call  Comment

     0       -5.8223     4.4049                                   1
     1       -5.8271     0.5764      0.0047   0.0004    0.00      3    Success 
     2       -5.8272     0.4918      0.0002   0.0000    7.43      4    Success 
     3       -5.8275     0.4306      0.0003   0.0001   10.83      5    Success 
     4       -5.8280     0.4378      0.0005   0.0002   12.98      6    Success 
     5       -5.8289     0.5441      0.0009   0.0005   33.37      7    Success 
     6       -5.8302     0.6400      0.0013   0.0010   56.14      8    Success 
     7       -5.8311     0.4262      0.0009   0.0012   69.13      9    Success 
     8       -5.8311     0.2800      0.0000   0.0001   65.06     11    Success 
     9       -5.8311     0.0699      0.0000   0.0000   23.64     12    Success 
    10       -5.8311     0.0520      0.0000   0.0000   49.51     13    Success 
    11       -5.8311     0.0402      0.0000   0.0000   48.23     14    Success 
    12       -5.8311     0.0297      0.0000   0.0000   47.51     15    Success 
    13       -5.8311     0.0217      0.0000   0.0000   58.40     16    Success 
    14       -5.8311     0.0149      0.0000   0.0000   57.46     17    Success 
    15       -5.8311     0.0149     -0.0000   0.0000   54.29     23   BadIntpln
    16       -5.8311     0.0139      0.0000   0.0000   56.58     25    Success 
    17       -5.8311     0.0139     -0.0000   0.0000   51.72     32   BadIntpln
    18       -5.8311     0.0096      0.0000   0.0000   50.22     33    Success 
    19       -5.8311     0.0094      0.0000   0.0000   50.07     43   BadIntpln
    20       -5.8311     0.0048      0.0000   0.0000   51.76     44    Success 
    21       -5.8311     0.0066      0.0000   0.0000   57.35     50   BadIntpln
    22       -5.8311     0.0066     -0.0000   0.0000   63.28     57   BadIntpln

 LBFGS  --  Incomplete Convergence due to BadIntpln

 Final Function Value :           -5.8311
 Final RMS Gradient :              0.0066
 Final Gradient Norm :             0.0161
