
     ######################################################################
   ##########################################################################
  ###                                                                      ###
 ###            Tinker  ---  Software Tools for Molecular Design            ###
 ##                                                                          ##
 ##                          Version 8.7  June 2019                          ##
 ##                                                                          ##
 ##               Copyright (c)  Jay William Ponder  1990-2019               ##
 ###                           All Rights Reserved                          ###
  ###                                                                      ###
   ##########################################################################
     ######################################################################


 Additional Atom Definition Parameters :

     Type  Class  Symbol  Description               Atomic    Mass   Valence

     402    402     O     methanol                     8     15.999     2
     401    401     C     methanol                     6     12.011     4
     403    403     H     methanol                     1      1.008     1
     404    404     H     methanol                     1      1.008     1

 Additional Bond Stretching Parameters :

     Atom Classes             K(S)         Length

       402 404             615.900         0.9718
       401 402             500.100         1.4296
       401 403             385.000         1.0949

 Additional Angle Bending Parameters :

     Atom Classes             K(B)          Angle

     403 401 403            40.570        108.780
     402 401 403            60.990        106.603
     401 402 404            64.960        106.839

 Additional Stretch-Bend Parameters :

     Atom Classes          K(SB)-1        K(SB)-2

     402 401 403            -4.500         38.000
     401 402 404            -4.500         38.000

 Additional Torsional Parameters :

     Atom Classes     1-Fold    2-Fold    3-Fold    4-Fold    5-Fold    6-Fold

   403 401 402 404   0.74   0 -0.74 180  0.22   0  0.00   0  0.00   0  0.00   0

 Additional van der Waals Parameters :

     Atom Class               Size        Epsilon        Reduction

         402                3.4050         0.1100          0.000
         401                3.7600         0.1010          0.000
         403                2.8700         0.0240          0.910
         404                2.6550         0.0135          0.910

 Additional Atomic Multipole Parameters :

     Atom Type     Coordinate Frame Definition         Multipole Moments

         401      402    404      0   Z-then-X     0.18955
                                                  -0.02252  0.00000  0.42645
                                                  -0.41284
                                                   0.00000 -0.43694
                                                   0.02985  0.00000  0.84978

         402      401    404      0   Z-then-X    -0.48914
                                                   0.22408  0.00000  0.31143
                                                   0.10695
                                                   0.00000 -0.41288
                                                  -0.16858  0.00000  0.30593

         403      401    402      0   Z-then-X     0.02217
                                                  -0.00630  0.00000 -0.11126
                                                   0.02086
                                                   0.00000  0.00951
                                                  -0.02744  0.00000 -0.03037

         404      402    401      0   Z-then-X     0.23308
                                                  -0.01611  0.00000 -0.13526
                                                   0.03633
                                                   0.00000 -0.08198
                                                  -0.01604  0.00000  0.04565

 Additional Atomic Dipole Polarizability Parameters :

     Atom Type           Alpha       Thole     Group Atom Types

         402             0.837       0.390         401  404
         401             1.334       0.390         402  403
         403             0.496       0.390         401
         404             0.496       0.390         402

 Limited Memory BFGS Quasi-Newton Optimization :

 QN Iter     F Value      G RMS      F Move   X Move   Angle  FG Call  Comment

     0     1878.1622  3015.7452                                   1
     1      198.2129   718.0226   1679.9492   0.1701    0.00      2    Success 
     2       41.3685   267.9381    156.8444   0.0580    2.49      3    Success 
     3        9.9234   102.7676     31.4451   0.0342   12.32      4    Success 
     4        5.1616    62.3073      4.7618   0.0123   25.20      5    Success 
     5        1.3857    49.4665      3.7760   0.0150   26.86      6    Success 
     6       -1.9438    35.1011      3.3295   0.0244   37.36      7    Success 
     7       -3.1641    19.0218      1.2202   0.0110   46.75      8    Success 
     8       -4.0646    16.2907      0.9006   0.0173   39.75      9    Success 
     9       -4.3959    17.0472      0.3313   0.0095   63.62     10    Success 
    10       -4.8343    13.7650      0.4384   0.0158   65.81     11    Success 
    11       -5.0020    11.4119      0.1677   0.0125   65.17     12    Success 
    12       -5.0552     3.9232      0.0533   0.0018   45.81     13    Success 
    13       -5.0723     4.0394      0.0171   0.0014   45.30     14    Success 
    14       -5.0982     4.4247      0.0258   0.0022   49.93     15    Success 
    15       -5.1321     3.2101      0.0339   0.0039   61.99     16    Success 
    16       -5.1521     1.6172      0.0200   0.0040   65.59     17    Success 
    17       -5.1560     1.8719      0.0039   0.0020   53.50     18    Success 
    18       -5.1582     0.6254      0.0023   0.0005   44.06     19    Success 
    19       -5.1587     0.5742      0.0005   0.0003   52.13     20    Success 
    20       -5.1595     0.5097      0.0008   0.0004   47.15     21    Success 
    21       -5.1608     0.4367      0.0013   0.0008   48.43     22    Success 
    22       -5.1615     0.6090      0.0007   0.0014   53.90     23    Success 
    23       -5.1617     0.4601      0.0002   0.0006   57.27     24    Success 
    24       -5.1619     0.1154      0.0002   0.0003   68.27     25    Success 
    25       -5.1619     0.0215      0.0000   0.0001   66.09     26    Success 
    26       -5.1619     0.0148      0.0000   0.0000   49.94     27    Success 
    27       -5.1619     0.0139      0.0000   0.0000   36.13     28    Success 
    28       -5.1619     0.0136      0.0000   0.0000   51.52     29    Success 
    29       -5.1619     0.0126     -0.0000   0.0000   53.72     31    Success 
    30       -5.1619     0.0260     -0.0000   0.0000   55.55     33    Success 
    31       -5.1619     0.0205      0.0000   0.0000   66.39     38    ReSearch
    32       -5.1619     0.0185     -0.0000   0.0000   66.52     41    Success 
    33       -5.1619     0.0143      0.0000   0.0000   65.21     43    Success 
    34       -5.1619     0.0017      0.0000   0.0000   66.58     44    Success 
    35       -5.1619     0.0017     -0.0000   0.0000   58.08     49   IntplnErr
    36       -5.1619     0.0007      0.0000   0.0000   59.24     50   SmallGrad

 LBFGS  --  Normal Termination due to SmallGrad

 Final Function Value :           -5.1619
 Final RMS Gradient :              0.0007
 Final Gradient Norm :             0.0018
