
     ######################################################################
   ##########################################################################
  ###                                                                      ###
 ###            Tinker  ---  Software Tools for Molecular Design            ###
 ##                                                                          ##
 ##                          Version 8.7  June 2019                          ##
 ##                                                                          ##
 ##               Copyright (c)  Jay William Ponder  1990-2019               ##
 ###                           All Rights Reserved                          ###
  ###                                                                      ###
   ##########################################################################
     ######################################################################


 Additional Atom Definition Parameters :

     Type  Class  Symbol  Description               Atomic    Mass   Valence

     402    402     O     methanol                     8     15.999     2
     401    401     C     methanol                     6     12.011     4
     403    403     H     methanol                     1      1.008     1
     404    404     H     methanol                     1      1.008     1

 Additional Bond Stretching Parameters :

     Atom Classes             K(S)         Length

       402 404             615.900         0.9718
       401 402             500.100         1.4296
       401 403             385.000         1.0949

 Additional Angle Bending Parameters :

     Atom Classes             K(B)          Angle

     403 401 403            40.570        108.780
     402 401 403            60.990        106.603
     401 402 404            64.960        106.839

 Additional Stretch-Bend Parameters :

     Atom Classes          K(SB)-1        K(SB)-2

     402 401 403            -4.500         38.000
     401 402 404            -4.500         38.000

 Additional Torsional Parameters :

     Atom Classes     1-Fold    2-Fold    3-Fold    4-Fold    5-Fold    6-Fold

   403 401 402 404   0.74   0 -0.74 180  0.22   0  0.00   0  0.00   0  0.00   0

 Additional van der Waals Parameters :

     Atom Class               Size        Epsilon        Reduction

         402                3.4050         0.1100          0.000
         401                3.7600         0.1010          0.000
         403                2.8700         0.0240          0.910
         404                2.6550         0.0135          0.910

 Additional Atomic Multipole Parameters :

     Atom Type     Coordinate Frame Definition         Multipole Moments

         401      402    404      0   Z-then-X     0.18955
                                                  -0.02252  0.00000  0.42645
                                                  -0.41284
                                                   0.00000 -0.43694
                                                   0.02985  0.00000  0.84978

         402      401    404      0   Z-then-X    -0.48914
                                                   0.22408  0.00000  0.31143
                                                   0.10695
                                                   0.00000 -0.41288
                                                  -0.16858  0.00000  0.30593

         403      401    402      0   Z-then-X     0.02217
                                                  -0.00630  0.00000 -0.11126
                                                   0.02086
                                                   0.00000  0.00951
                                                  -0.02744  0.00000 -0.03037

         404      402    401      0   Z-then-X     0.23308
                                                  -0.01611  0.00000 -0.13526
                                                   0.03633
                                                   0.00000 -0.08198
                                                  -0.01604  0.00000  0.04565

 Additional Atomic Dipole Polarizability Parameters :

     Atom Type           Alpha       Thole     Group Atom Types

         402             0.837       0.390         401  404
         401             1.334       0.390         402  403
         403             0.496       0.390         401
         404             0.496       0.390         402

 Limited Memory BFGS Quasi-Newton Optimization :

 QN Iter     F Value      G RMS      F Move   X Move   Angle  FG Call  Comment

     0     1618.1197  2799.4219                                   1
     1      127.9804   553.5713   1490.1392   0.1701    0.00      2    Success 
     2       31.2053   228.4762     96.7751   0.0447    3.01      3    Success 
     3        7.1738    88.4869     24.0316   0.0314   11.77      4    Success 
     4        3.5890    57.8060      3.5848   0.0102   26.42      5    Success 
     5       -0.2047    43.1811      3.7937   0.0175   26.08      6    Success 
     6       -2.4211    29.7584      2.2164   0.0192   40.50      7    Success 
     7       -3.4029    16.3757      0.9818   0.0105   44.96      8    Success 
     8       -4.1221    16.2478      0.7191   0.0151   38.73      9    Success 
     9       -4.4979    16.7577      0.3759   0.0112   63.55     10    Success 
    10       -4.8943    17.7032      0.3964   0.0186   66.28     11    Success 
    11       -5.0487     6.3304      0.1543   0.0067   62.97     12    Success 
    12       -5.0739     4.2668      0.0252   0.0014   52.32     13    Success 
    13       -5.1047     4.6984      0.0308   0.0023   42.00     14    Success 
    14       -5.1324     4.4156      0.0277   0.0026   59.47     15    Success 
    15       -5.1701     2.4011      0.0377   0.0047   63.68     16    Success 
    16       -5.1845     0.9143      0.0144   0.0034   61.41     17    Success 
    17       -5.1876     0.6489      0.0032   0.0012   41.81     18    Success 
    18       -5.1893     0.5800      0.0017   0.0010   43.88     19    Success 
    19       -5.1908     0.4184      0.0014   0.0010   52.95     20    Success 
    20       -5.1917     0.1891      0.0010   0.0010   50.96     21    Success 
    21       -5.1917     0.3785      0.0000   0.0002   42.07     22    Success 
    22       -5.1917     0.3120      0.0000   0.0000   39.97     23    Success 
    23       -5.1918     0.1706      0.0000   0.0000   46.00     24    Success 
    24       -5.1918     0.0117      0.0000   0.0000   46.94     25    Success 
    25       -5.1918     0.0111      0.0000   0.0000   13.50     34   BadIntpln
    26       -5.1918     0.0102      0.0000   0.0001   13.00     35    Success 
    27       -5.1918     0.0092     -0.0000   0.0000   48.14     38    Success 
    28       -5.1918     0.0092      0.0000   0.0000   44.81     45   BadIntpln
    29       -5.1918     0.0013      0.0000   0.0000   45.32     46    Success 
    30       -5.1918     0.0013     -0.0000   0.0000   27.99     53   BadIntpln
    31       -5.1918     0.0013     -0.0000   0.0000   23.63     59   BadIntpln

 LBFGS  --  Incomplete Convergence due to BadIntpln

 Final Function Value :           -5.1918
 Final RMS Gradient :              0.0013
 Final Gradient Norm :             0.0032
