
     ######################################################################
   ##########################################################################
  ###                                                                      ###
 ###            Tinker  ---  Software Tools for Molecular Design            ###
 ##                                                                          ##
 ##                          Version 8.7  June 2019                          ##
 ##                                                                          ##
 ##               Copyright (c)  Jay William Ponder  1990-2019               ##
 ###                           All Rights Reserved                          ###
  ###                                                                      ###
   ##########################################################################
     ######################################################################


 Additional Atom Definition Parameters :

     Type  Class  Symbol  Description               Atomic    Mass   Valence

     402    402     O     methanol                     8     15.999     2
     401    401     C     methanol                     6     12.011     4
     403    403     H     methanol                     1      1.008     1
     404    404     H     methanol                     1      1.008     1

 Additional Bond Stretching Parameters :

     Atom Classes             K(S)         Length

       402 404             615.900         0.9718
       401 402             500.100         1.4296
       401 403             385.000         1.0949

 Additional Angle Bending Parameters :

     Atom Classes             K(B)          Angle

     403 401 403            40.570        108.780
     402 401 403            60.990        106.603
     401 402 404            64.960        106.839

 Additional Stretch-Bend Parameters :

     Atom Classes          K(SB)-1        K(SB)-2

     402 401 403            -4.500         38.000
     401 402 404            -4.500         38.000

 Additional Torsional Parameters :

     Atom Classes     1-Fold    2-Fold    3-Fold    4-Fold    5-Fold    6-Fold

   403 401 402 404   0.00   0  0.00 180  0.00   0  0.00   0  0.00   0  0.00   0

 Additional van der Waals Parameters :

     Atom Class               Size        Epsilon        Reduction

         402                3.4050         0.1100          0.000
         401                3.7600         0.1010          0.000
         403                2.8700         0.0240          0.910
         404                2.6550         0.0135          0.910

 Additional Atomic Multipole Parameters :

     Atom Type     Coordinate Frame Definition         Multipole Moments

         401      402    404      0   Z-then-X     0.18955
                                                  -0.02252  0.00000  0.42645
                                                  -0.41284
                                                   0.00000 -0.43694
                                                   0.02985  0.00000  0.84978

         402      401    404      0   Z-then-X    -0.48914
                                                   0.22408  0.00000  0.31143
                                                   0.10695
                                                   0.00000 -0.41288
                                                  -0.16858  0.00000  0.30593

         403      401    402      0   Z-then-X     0.02217
                                                  -0.00630  0.00000 -0.11126
                                                   0.02086
                                                   0.00000  0.00951
                                                  -0.02744  0.00000 -0.03037

         404      402    401      0   Z-then-X     0.23308
                                                  -0.01611  0.00000 -0.13526
                                                   0.03633
                                                   0.00000 -0.08198
                                                  -0.01604  0.00000  0.04565

 Additional Atomic Dipole Polarizability Parameters :

     Atom Type           Alpha       Thole     Group Atom Types

         402             0.837       0.390         401  404
         401             1.334       0.390         402  403
         403             0.496       0.390         401
         404             0.496       0.390         402

 Limited Memory BFGS Quasi-Newton Optimization :

 QN Iter     F Value      G RMS      F Move   X Move   Angle  FG Call  Comment

     0       -5.8635     3.6548                                   1
     1       -5.8668     0.5067      0.0033   0.0003    0.00      3    Success 
     2       -5.8669     0.3267      0.0001   0.0000    7.90      4    Success 
     3       -5.8670     0.1687      0.0001   0.0001   13.83      5    Success 
     4       -5.8670     0.2019      0.0000   0.0001   34.54      6    Success 
     5       -5.8671     0.2366      0.0001   0.0001   48.43      7    Success 
     6       -5.8673     0.2516      0.0001   0.0002   57.72      8    Success 
     7       -5.8674     0.1776      0.0002   0.0004   64.13      9    Success 
     8       -5.8675     0.1143      0.0000   0.0002   64.45     11    Success 
     9       -5.8675     0.0324      0.0000   0.0001   71.69     12    Success 
    10       -5.8675     0.0252     -0.0000   0.0000   36.97     14    Success 
    11       -5.8675     0.0083      0.0000   0.0000   52.32     15    Success 
    12       -5.8675     0.0086      0.0000   0.0000   58.07     16    Success 
    13       -5.8675     0.0084      0.0000   0.0000   52.44     17    Success 
    14       -5.8675     0.0077     -0.0000   0.0000   62.14     20    Success 
    15       -5.8675     0.0077     -0.0000   0.0000   62.56     25   BadIntpln
    16       -5.8675     0.0058      0.0000   0.0000   64.95     26    Success 
    17       -5.8675     0.0069      0.0000   0.0000   66.23     27    Success 
    18       -5.8675     0.0059     -0.0000   0.0000   57.62     29    Success 
    19       -5.8675     0.0020      0.0000   0.0000   59.66     30    Success 
    20       -5.8675     0.0020     -0.0000   0.0000   57.96     37   BadIntpln
    21       -5.8675     0.0048      0.0000   0.0000   55.38     38    Success 
    22       -5.8675     0.0042      0.0000   0.0000   71.72     41    ReSearch
    23       -5.8675     0.0042     -0.0000   0.0000   71.51     47   BadIntpln
    24       -5.8675     0.0042      0.0000   0.0000   74.35     55   BadIntpln

 LBFGS  --  Incomplete Convergence due to BadIntpln

 Final Function Value :           -5.8675
 Final RMS Gradient :              0.0042
 Final Gradient Norm :             0.0103
