
     ######################################################################
   ##########################################################################
  ###                                                                      ###
 ###            Tinker  ---  Software Tools for Molecular Design            ###
 ##                                                                          ##
 ##                          Version 8.7  June 2019                          ##
 ##                                                                          ##
 ##               Copyright (c)  Jay William Ponder  1990-2019               ##
 ###                           All Rights Reserved                          ###
  ###                                                                      ###
   ##########################################################################
     ######################################################################


 Additional Atom Definition Parameters :

     Type  Class  Symbol  Description               Atomic    Mass   Valence

     402    402     O     methanol                     8     15.999     2
     401    401     C     methanol                     6     12.011     4
     403    403     H     methanol                     1      1.008     1
     404    404     H     methanol                     1      1.008     1

 Additional Bond Stretching Parameters :

     Atom Classes             K(S)         Length

       402 404             615.900         0.9718
       401 402             500.100         1.4296
       401 403             385.000         1.0949

 Additional Angle Bending Parameters :

     Atom Classes             K(B)          Angle

     403 401 403            40.570        108.780
     402 401 403            60.990        106.603
     401 402 404            64.960        106.839

 Additional Stretch-Bend Parameters :

     Atom Classes          K(SB)-1        K(SB)-2

     402 401 403            -4.500         38.000
     401 402 404            -4.500         38.000

 Additional Torsional Parameters :

     Atom Classes     1-Fold    2-Fold    3-Fold    4-Fold    5-Fold    6-Fold

   403 401 402 404   0.00   0  0.00 180  0.00   0  0.00   0  0.00   0  0.00   0

 Additional van der Waals Parameters :

     Atom Class               Size        Epsilon        Reduction

         402                3.4050         0.1100          0.000
         401                3.7600         0.1010          0.000
         403                2.8700         0.0240          0.910
         404                2.6550         0.0135          0.910

 Additional Atomic Multipole Parameters :

     Atom Type     Coordinate Frame Definition         Multipole Moments

         401      402    404      0   Z-then-X     0.18955
                                                  -0.02252  0.00000  0.42645
                                                  -0.41284
                                                   0.00000 -0.43694
                                                   0.02985  0.00000  0.84978

         402      401    404      0   Z-then-X    -0.48914
                                                   0.22408  0.00000  0.31143
                                                   0.10695
                                                   0.00000 -0.41288
                                                  -0.16858  0.00000  0.30593

         403      401    402      0   Z-then-X     0.02217
                                                  -0.00630  0.00000 -0.11126
                                                   0.02086
                                                   0.00000  0.00951
                                                  -0.02744  0.00000 -0.03037

         404      402    401      0   Z-then-X     0.23308
                                                  -0.01611  0.00000 -0.13526
                                                   0.03633
                                                   0.00000 -0.08198
                                                  -0.01604  0.00000  0.04565

 Additional Atomic Dipole Polarizability Parameters :

     Atom Type           Alpha       Thole     Group Atom Types

         402             0.837       0.390         401  404
         401             1.334       0.390         402  403
         403             0.496       0.390         401
         404             0.496       0.390         402

 Limited Memory BFGS Quasi-Newton Optimization :

 QN Iter     F Value      G RMS      F Move   X Move   Angle  FG Call  Comment

     0      776.1118  1944.8178                                   1
     1       34.3951   300.0058    741.7167   0.1701    0.00      2    Success 
     2        9.1114   121.3373     25.2837   0.0213    0.31      3    Success 
     3        0.9560    63.5976      8.1553   0.0170    0.97      4    Success 
     4       -2.1636    38.9266      3.1197   0.0140   23.40      5    Success 
     5       -3.6907    25.8360      1.5271   0.0116   35.24      6    Success 
     6       -4.4740    12.2096      0.7833   0.0104   38.98      7    Success 
     7       -4.8020    11.6379      0.3281   0.0070   34.55      8    Success 
     8       -5.2422    14.3269      0.4402   0.0144   50.99      9    Success 
     9       -5.5703    18.2687      0.3281   0.0172   66.15     10    Success 
    10       -5.7217     7.3512      0.1513   0.0104   71.74     11    Success 
    11       -5.7671     3.4622      0.0455   0.0031   59.93     12    Success 
    12       -5.7908     3.2433      0.0236   0.0018   33.87     13    Success 
    13       -5.8226     3.0133      0.0319   0.0031   44.05     14    Success 
    14       -5.8535     2.3959      0.0309   0.0051   56.22     15    Success 
    15       -5.8571     3.4585      0.0036   0.0033   59.91     16    Success 
    16       -5.8622     1.3965      0.0051   0.0006   56.45     17    Success 
    17       -5.8635     0.5053      0.0013   0.0005   53.44     18    Success 
    18       -5.8639     0.5176      0.0004   0.0002   36.54     19    Success 
    19       -5.8647     0.5231      0.0007   0.0003   40.06     20    Success 
    20       -5.8659     0.4867      0.0012   0.0007   45.05     21    Success 
    21       -5.8674     0.2512      0.0015   0.0014   52.17     22    Success 
    22       -5.8674     0.2356      0.0001   0.0002   56.90     24    Success 
    23       -5.8675     0.0722      0.0001   0.0003   71.71     25    Success 
    24       -5.8675     0.0289      0.0000   0.0000   47.16     26    Success 
    25       -5.8675     0.0177      0.0000   0.0000   54.43     27    Success 
    26       -5.8675     0.0157     -0.0000   0.0000   52.96     30    Success 
    27       -5.8675     0.0067      0.0000   0.0000   48.63     31    Success 
    28       -5.8675     0.0067     -0.0000   0.0000   33.93     37   BadIntpln
    29       -5.8675     0.0082      0.0000   0.0000   41.20     38    Success 
    30       -5.8675     0.0078     -0.0000   0.0000   59.00     45   BadIntpln
    31       -5.8675     0.0123      0.0000   0.0000   57.41     46    Success 
    32       -5.8675     0.0321      0.0000   0.0000   62.79     52   BadIntpln
    33       -5.8675     0.0321      0.0000   0.0000   73.38     60   BadIntpln

 LBFGS  --  Incomplete Convergence due to BadIntpln

 Final Function Value :           -5.8675
 Final RMS Gradient :              0.0321
 Final Gradient Norm :             0.0786
