
     ######################################################################
   ##########################################################################
  ###                                                                      ###
 ###            Tinker  ---  Software Tools for Molecular Design            ###
 ##                                                                          ##
 ##                          Version 8.7  June 2019                          ##
 ##                                                                          ##
 ##               Copyright (c)  Jay William Ponder  1990-2019               ##
 ###                           All Rights Reserved                          ###
  ###                                                                      ###
   ##########################################################################
     ######################################################################


 Additional Atom Definition Parameters :

     Type  Class  Symbol  Description               Atomic    Mass   Valence

     402    402     O     methanol                     8     15.999     2
     401    401     C     methanol                     6     12.011     4
     403    403     H     methanol                     1      1.008     1
     404    404     H     methanol                     1      1.008     1

 Additional Bond Stretching Parameters :

     Atom Classes             K(S)         Length

       402 404             615.900         0.9718
       401 402             500.100         1.4296
       401 403             385.000         1.0949

 Additional Angle Bending Parameters :

     Atom Classes             K(B)          Angle

     403 401 403            40.570        108.780
     402 401 403            60.990        106.603
     401 402 404            64.960        106.839

 Additional Stretch-Bend Parameters :

     Atom Classes          K(SB)-1        K(SB)-2

     402 401 403            -4.500         38.000
     401 402 404            -4.500         38.000

 Additional Torsional Parameters :

     Atom Classes     1-Fold    2-Fold    3-Fold    4-Fold    5-Fold    6-Fold

   403 401 402 404   0.74   0 -0.74 180  0.22   0  0.00   0  0.00   0  0.00   0

 Additional van der Waals Parameters :

     Atom Class               Size        Epsilon        Reduction

         402                3.4050         0.1100          0.000
         401                3.7600         0.1010          0.000
         403                2.8700         0.0240          0.910
         404                2.6550         0.0135          0.910

 Additional Atomic Multipole Parameters :

     Atom Type     Coordinate Frame Definition         Multipole Moments

         401      402    404      0   Z-then-X     0.18955
                                                  -0.02252  0.00000  0.42645
                                                  -0.41284
                                                   0.00000 -0.43694
                                                   0.02985  0.00000  0.84978

         402      401    404      0   Z-then-X    -0.48914
                                                   0.22408  0.00000  0.31143
                                                   0.10695
                                                   0.00000 -0.41288
                                                  -0.16858  0.00000  0.30593

         403      401    402      0   Z-then-X     0.02217
                                                  -0.00630  0.00000 -0.11126
                                                   0.02086
                                                   0.00000  0.00951
                                                  -0.02744  0.00000 -0.03037

         404      402    401      0   Z-then-X     0.23308
                                                  -0.01611  0.00000 -0.13526
                                                   0.03633
                                                   0.00000 -0.08198
                                                  -0.01604  0.00000  0.04565

 Additional Atomic Dipole Polarizability Parameters :

     Atom Type           Alpha       Thole     Group Atom Types

         402             0.837       0.390         401  404
         401             1.334       0.390         402  403
         403             0.496       0.390         401
         404             0.496       0.390         402

 Limited Memory BFGS Quasi-Newton Optimization :

 QN Iter     F Value      G RMS      F Move   X Move   Angle  FG Call  Comment

     0       85.0221   655.9352                                   1
     1       -2.6796    51.0928     87.7017   0.0444    0.00      3    Success 
     2       -3.6184    36.8055      0.9388   0.0036    3.99      4    Success 
     3       -4.8111    13.3954      1.1927   0.0087   11.60      5    Success 
     4       -5.1277    10.2407      0.3166   0.0058   11.63      6    Success 
     5       -5.3698     8.0496      0.2421   0.0073   35.41      7    Success 
     6       -5.4291    15.7911      0.0593   0.0100   44.49      8    Success 
     7       -5.5250     9.7597      0.0959   0.0013   15.14      9    Success 
     8       -5.6280     4.7582      0.1030   0.0035   34.91     10    Success 
     9       -5.6773     5.8757      0.0493   0.0032   50.25     11    Success 
    10       -5.7587     6.1326      0.0814   0.0058   61.19     12    Success 
    11       -5.8551     3.9144      0.0964   0.0106   65.34     13    Success 
    12       -5.8643     2.2735      0.0092   0.0024   70.97     15    Success 
    13       -5.8687     0.8021      0.0045   0.0011   62.02     16    Success 
    14       -5.8698     0.5922      0.0010   0.0004   36.34     17    Success 
    15       -5.8707     0.7340      0.0009   0.0005   47.44     18    Success 
    16       -5.8715     0.5731      0.0008   0.0006   65.26     19    Success 
    17       -5.8720     0.1946      0.0006   0.0006   65.86     20    Success 
    18       -5.8722     0.1505      0.0002   0.0004   50.32     21    Success 
    19       -5.8722     0.1420      0.0000   0.0001   63.87     22    Success 
    20       -5.8723     0.1462      0.0000   0.0001   67.58     24    Success 
    21       -5.8723     0.0361      0.0000   0.0001   67.28     25    Success 
    22       -5.8723     0.0125      0.0000   0.0000   51.65     26    Success 
    23       -5.8723     0.0117     -0.0000   0.0000   35.32     32   BadIntpln
    24       -5.8723     0.0118      0.0000   0.0000   27.12     33    Success 
    25       -5.8723     0.0118     -0.0000   0.0000   60.17     39   BadIntpln
    26       -5.8723     0.0116      0.0000   0.0000   60.98     41    Success 
    27       -5.8723     0.0116     -0.0000   0.0000   56.79     46   BadIntpln
    28       -5.8723     0.0116     -0.0000   0.0000   60.83     54   BadIntpln

 LBFGS  --  Incomplete Convergence due to BadIntpln

 Final Function Value :           -5.8723
 Final RMS Gradient :              0.0116
 Final Gradient Norm :             0.0284
