
     ######################################################################
   ##########################################################################
  ###                                                                      ###
 ###            Tinker  ---  Software Tools for Molecular Design            ###
 ##                                                                          ##
 ##                          Version 8.7  June 2019                          ##
 ##                                                                          ##
 ##               Copyright (c)  Jay William Ponder  1990-2019               ##
 ###                           All Rights Reserved                          ###
  ###                                                                      ###
   ##########################################################################
     ######################################################################


 Additional Atom Definition Parameters :

     Type  Class  Symbol  Description               Atomic    Mass   Valence

     402    402     O     methanol                     8     15.999     2
     401    401     C     methanol                     6     12.011     4
     403    403     H     methanol                     1      1.008     1
     404    404     H     methanol                     1      1.008     1

 Additional Bond Stretching Parameters :

     Atom Classes             K(S)         Length

       402 404             615.900         0.9718
       401 402             500.100         1.4296
       401 403             385.000         1.0949

 Additional Angle Bending Parameters :

     Atom Classes             K(B)          Angle

     403 401 403            40.570        108.780
     402 401 403            60.990        106.603
     401 402 404            64.960        106.839

 Additional Stretch-Bend Parameters :

     Atom Classes          K(SB)-1        K(SB)-2

     402 401 403            -4.500         38.000
     401 402 404            -4.500         38.000

 Additional Torsional Parameters :

     Atom Classes     1-Fold    2-Fold    3-Fold    4-Fold    5-Fold    6-Fold

   403 401 402 404   0.74   0 -0.74 180  0.22   0  0.00   0  0.00   0  0.00   0

 Additional van der Waals Parameters :

     Atom Class               Size        Epsilon        Reduction

         402                3.4050         0.1100          0.000
         401                3.7600         0.1010          0.000
         403                2.8700         0.0240          0.910
         404                2.6550         0.0135          0.910

 Additional Atomic Multipole Parameters :

     Atom Type     Coordinate Frame Definition         Multipole Moments

         401      402    404      0   Z-then-X     0.18955
                                                  -0.02252  0.00000  0.42645
                                                  -0.41284
                                                   0.00000 -0.43694
                                                   0.02985  0.00000  0.84978

         402      401    404      0   Z-then-X    -0.48914
                                                   0.22408  0.00000  0.31143
                                                   0.10695
                                                   0.00000 -0.41288
                                                  -0.16858  0.00000  0.30593

         403      401    402      0   Z-then-X     0.02217
                                                  -0.00630  0.00000 -0.11126
                                                   0.02086
                                                   0.00000  0.00951
                                                  -0.02744  0.00000 -0.03037

         404      402    401      0   Z-then-X     0.23308
                                                  -0.01611  0.00000 -0.13526
                                                   0.03633
                                                   0.00000 -0.08198
                                                  -0.01604  0.00000  0.04565

 Additional Atomic Dipole Polarizability Parameters :

     Atom Type           Alpha       Thole     Group Atom Types

         402             0.837       0.390         401  404
         401             1.334       0.390         402  403
         403             0.496       0.390         401
         404             0.496       0.390         402

 Limited Memory BFGS Quasi-Newton Optimization :

 QN Iter     F Value      G RMS      F Move   X Move   Angle  FG Call  Comment

     0     1382.0286  2581.4886                                   1
     1       79.1262   405.7020   1302.9024   0.1701    0.00      2    Success 
     2       24.1425   195.9940     54.9838   0.0327    4.24      3    Success 
     3        4.9718    77.1244     19.1706   0.0304   11.56      4    Success 
     4        2.1372    54.2378      2.8347   0.0086   28.40      5    Success 
     5       -1.6378    33.7008      3.7750   0.0194   26.01      6    Success 
     6       -3.0100    23.2257      1.3722   0.0158   38.41      7    Success 
     7       -3.6133    15.0074      0.6033   0.0081   41.18      8    Success 
     8       -4.1188    16.5575      0.5055   0.0116   42.03      9    Success 
     9       -4.5380    16.5420      0.4192   0.0122   63.23     10    Success 
    10       -4.9935    16.4652      0.4555   0.0198   64.69     11    Success 
    11       -5.1161     4.0422      0.1226   0.0059   65.52     12    Success 
    12       -5.1336     3.7909      0.0175   0.0011   39.12     13    Success 
    13       -5.1619     3.3842      0.0283   0.0020   40.90     14    Success 
    14       -5.2021     2.3211      0.0402   0.0042   48.27     15    Success 
    15       -5.2241     1.4393      0.0221   0.0046   54.42     16    Success 
    16       -5.2263     2.1513      0.0021   0.0019   54.29     17    Success 
    17       -5.2288     0.6061      0.0026   0.0004   39.21     18    Success 
    18       -5.2295     0.4076      0.0006   0.0003   46.44     19    Success 
    19       -5.2304     0.4254      0.0009   0.0007   42.09     20    Success 
    20       -5.2311     0.3083      0.0008   0.0009   58.47     21    Success 
    21       -5.2312     0.2710      0.0001   0.0004   60.82     22    Success 
    22       -5.2313     0.0389      0.0001   0.0001   27.70     23    Success 
    23       -5.2313     0.0135      0.0000   0.0000   64.61     24    Success 
    24       -5.2313     0.0060      0.0000   0.0000   37.72     25    Success 
    25       -5.2313     0.0059     -0.0000   0.0000   33.63     33   BadIntpln
    26       -5.2313     0.0031      0.0000   0.0000   34.56     34    Success 
    27       -5.2313     0.0032      0.0000   0.0000   48.37     38    ReSearch
    28       -5.2313     0.0032      0.0000   0.0000   48.97     40    Success 
    29       -5.2313     0.0032      0.0000   0.0000   51.21     48   BadIntpln
    30       -5.2313     0.0033     -0.0000   0.0000   50.18     53    Success 
    31       -5.2313     0.0084     -0.0000   0.0000   53.87     55    Success 
    32       -5.2313     0.0038      0.0000   0.0000   79.41     56    Success 
    33       -5.2313     0.0040     -0.0000   0.0000   67.57     64   BadIntpln
    34       -5.2313     0.0040      0.0000   0.0000   66.00     74   BadIntpln

 LBFGS  --  Incomplete Convergence due to BadIntpln

 Final Function Value :           -5.2313
 Final RMS Gradient :              0.0040
 Final Gradient Norm :             0.0097
