
     ######################################################################
   ##########################################################################
  ###                                                                      ###
 ###            Tinker  ---  Software Tools for Molecular Design            ###
 ##                                                                          ##
 ##                          Version 8.7  June 2019                          ##
 ##                                                                          ##
 ##               Copyright (c)  Jay William Ponder  1990-2019               ##
 ###                           All Rights Reserved                          ###
  ###                                                                      ###
   ##########################################################################
     ######################################################################


 Additional Atom Definition Parameters :

     Type  Class  Symbol  Description               Atomic    Mass   Valence

     402    402     O     methanol                     8     15.999     2
     401    401     C     methanol                     6     12.011     4
     403    403     H     methanol                     1      1.008     1
     404    404     H     methanol                     1      1.008     1

 Additional Bond Stretching Parameters :

     Atom Classes             K(S)         Length

       402 404             615.900         0.9718
       401 402             500.100         1.4296
       401 403             385.000         1.0949

 Additional Angle Bending Parameters :

     Atom Classes             K(B)          Angle

     403 401 403            40.570        108.780
     402 401 403            60.990        106.603
     401 402 404            64.960        106.839

 Additional Stretch-Bend Parameters :

     Atom Classes          K(SB)-1        K(SB)-2

     402 401 403            -4.500         38.000
     401 402 404            -4.500         38.000

 Additional Torsional Parameters :

     Atom Classes     1-Fold    2-Fold    3-Fold    4-Fold    5-Fold    6-Fold

   403 401 402 404   0.00   0  0.00 180  0.00   0  0.00   0  0.00   0  0.00   0

 Additional van der Waals Parameters :

     Atom Class               Size        Epsilon        Reduction

         402                3.4050         0.1100          0.000
         401                3.7600         0.1010          0.000
         403                2.8700         0.0240          0.910
         404                2.6550         0.0135          0.910

 Additional Atomic Multipole Parameters :

     Atom Type     Coordinate Frame Definition         Multipole Moments

         401      402    404      0   Z-then-X     0.18955
                                                  -0.02252  0.00000  0.42645
                                                  -0.41284
                                                   0.00000 -0.43694
                                                   0.02985  0.00000  0.84978

         402      401    404      0   Z-then-X    -0.48914
                                                   0.22408  0.00000  0.31143
                                                   0.10695
                                                   0.00000 -0.41288
                                                  -0.16858  0.00000  0.30593

         403      401    402      0   Z-then-X     0.02217
                                                  -0.00630  0.00000 -0.11126
                                                   0.02086
                                                   0.00000  0.00951
                                                  -0.02744  0.00000 -0.03037

         404      402    401      0   Z-then-X     0.23308
                                                  -0.01611  0.00000 -0.13526
                                                   0.03633
                                                   0.00000 -0.08198
                                                  -0.01604  0.00000  0.04565

 Additional Atomic Dipole Polarizability Parameters :

     Atom Type           Alpha       Thole     Group Atom Types

         402             0.837       0.390         401  404
         401             1.334       0.390         402  403
         403             0.496       0.390         401
         404             0.496       0.390         402

 Limited Memory BFGS Quasi-Newton Optimization :

 QN Iter     F Value      G RMS      F Move   X Move   Angle  FG Call  Comment

     0      150.6880   855.3792                                   1
     1        0.4813    87.4051    150.2067   0.0595    0.00      3    Success 
     2       -2.2054    59.3780      2.6867   0.0062    5.82      4    Success 
     3       -4.7557    14.2754      2.5502   0.0140   11.64      5    Success 
     4       -4.9826    11.9449      0.2269   0.0033   24.46      6    Success 
     5       -5.3073    10.2221      0.3247   0.0072   28.62      7    Success 
     6       -5.5169    10.9482      0.2095   0.0130   41.51      8    Success 
     7       -5.6176     5.4774      0.1007   0.0024   25.66      9    Success 
     8       -5.7000     6.2724      0.0825   0.0038   32.54     10    Success 
     9       -5.8187     7.7690      0.1187   0.0085   58.83     11    Success 
    10       -5.9068     5.3465      0.0881   0.0096   71.24     12    Success 
    11       -5.9208     4.1056      0.0140   0.0045   69.45     13    Success 
    12       -5.9321     1.1774      0.0112   0.0013   51.62     14    Success 
    13       -5.9339     1.1331      0.0019   0.0005   43.53     15    Success 
    14       -5.9368     1.1034      0.0028   0.0008   48.36     16    Success 
    15       -5.9399     0.7197      0.0031   0.0015   59.64     17    Success 
    16       -5.9408     0.3524      0.0009   0.0008   64.97     18    Success 
    17       -5.9412     0.2023      0.0003   0.0004   55.52     19    Success 
    18       -5.9412     0.1972      0.0001   0.0002   59.54     20    Success 
    19       -5.9413     0.0524      0.0001   0.0003   63.89     21    Success 
    20       -5.9413     0.0362      0.0000   0.0000   61.29     23    Success 
    21       -5.9413     0.0224      0.0000   0.0000   45.80     24    Success 
    22       -5.9413     0.0183      0.0000   0.0000   36.24     26    Success 
    23       -5.9413     0.0032      0.0000   0.0000   38.71     27    Success 
    24       -5.9413     0.0026      0.0000   0.0000   29.13     31    ReSearch
    25       -5.9413     0.0019      0.0000   0.0000   28.87     32    Success 
    26       -5.9413     0.0019     -0.0000   0.0000   43.53     37   IntplnErr
    27       -5.9413     0.0019      0.0000   0.0000   42.19     46   BadIntpln

 LBFGS  --  Incomplete Convergence due to BadIntpln

 Final Function Value :           -5.9413
 Final RMS Gradient :              0.0019
 Final Gradient Norm :             0.0047
