
     ######################################################################
   ##########################################################################
  ###                                                                      ###
 ###            Tinker  ---  Software Tools for Molecular Design            ###
 ##                                                                          ##
 ##                          Version 8.7  June 2019                          ##
 ##                                                                          ##
 ##               Copyright (c)  Jay William Ponder  1990-2019               ##
 ###                           All Rights Reserved                          ###
  ###                                                                      ###
   ##########################################################################
     ######################################################################


 Additional Atom Definition Parameters :

     Type  Class  Symbol  Description               Atomic    Mass   Valence

     402    402     O     methanol                     8     15.999     2
     401    401     C     methanol                     6     12.011     4
     403    403     H     methanol                     1      1.008     1
     404    404     H     methanol                     1      1.008     1

 Additional Bond Stretching Parameters :

     Atom Classes             K(S)         Length

       402 404             615.900         0.9718
       401 402             500.100         1.4296
       401 403             385.000         1.0949

 Additional Angle Bending Parameters :

     Atom Classes             K(B)          Angle

     403 401 403            40.570        108.780
     402 401 403            60.990        106.603
     401 402 404            64.960        106.839

 Additional Stretch-Bend Parameters :

     Atom Classes          K(SB)-1        K(SB)-2

     402 401 403            -4.500         38.000
     401 402 404            -4.500         38.000

 Additional Torsional Parameters :

     Atom Classes     1-Fold    2-Fold    3-Fold    4-Fold    5-Fold    6-Fold

   403 401 402 404   0.00   0  0.00 180  0.00   0  0.00   0  0.00   0  0.00   0

 Additional van der Waals Parameters :

     Atom Class               Size        Epsilon        Reduction

         402                3.4050         0.1100          0.000
         401                3.7600         0.1010          0.000
         403                2.8700         0.0240          0.910
         404                2.6550         0.0135          0.910

 Additional Atomic Multipole Parameters :

     Atom Type     Coordinate Frame Definition         Multipole Moments

         401      402    404      0   Z-then-X     0.18955
                                                  -0.02252  0.00000  0.42645
                                                  -0.41284
                                                   0.00000 -0.43694
                                                   0.02985  0.00000  0.84978

         402      401    404      0   Z-then-X    -0.48914
                                                   0.22408  0.00000  0.31143
                                                   0.10695
                                                   0.00000 -0.41288
                                                  -0.16858  0.00000  0.30593

         403      401    402      0   Z-then-X     0.02217
                                                  -0.00630  0.00000 -0.11126
                                                   0.02086
                                                   0.00000  0.00951
                                                  -0.02744  0.00000 -0.03037

         404      402    401      0   Z-then-X     0.23308
                                                  -0.01611  0.00000 -0.13526
                                                   0.03633
                                                   0.00000 -0.08198
                                                  -0.01604  0.00000  0.04565

 Additional Atomic Dipole Polarizability Parameters :

     Atom Type           Alpha       Thole     Group Atom Types

         402             0.837       0.390         401  404
         401             1.334       0.390         402  403
         403             0.496       0.390         401
         404             0.496       0.390         402

 Limited Memory BFGS Quasi-Newton Optimization :

 QN Iter     F Value      G RMS      F Move   X Move   Angle  FG Call  Comment

     0      333.8222  1277.1977                                   1
     1      172.8951   776.2994    160.9271   0.1701    0.00      2    Success 
     2       13.4694   191.7899    159.4258   0.0560    8.60      3    Success 
     3       -0.1486    69.1677     13.6179   0.0233   11.16      4    Success 
     4       -2.1666    48.2117      2.0180   0.0065   24.08      5    Success 
     5       -4.5690    18.0429      2.4024   0.0156   26.62      6    Success 
     6       -4.9343    10.9228      0.3653   0.0064   33.38      7    Success 
     7       -5.1723     8.7448      0.2379   0.0056   32.89      8    Success 
     8       -5.4888    10.2015      0.3165   0.0119   41.14      9    Success 
     9       -5.7058     9.7668      0.2170   0.0135   62.11     10    Success 
    10       -5.8013     6.5672      0.0955   0.0096   62.78     11    Success 
    11       -5.8450     2.9655      0.0437   0.0027   52.68     12    Success 
    12       -5.8682     2.4771      0.0232   0.0022   33.51     13    Success 
    13       -5.8906     2.1557      0.0224   0.0030   47.69     14    Success 
    14       -5.9113     1.2596      0.0206   0.0047   53.32     15    Success 
    15       -5.9132     0.8698      0.0020   0.0011   61.51     17    Success 
    16       -5.9144     0.3886      0.0012   0.0006   52.21     18    Success 
    17       -5.9149     0.4106      0.0005   0.0004   41.26     19    Success 
    18       -5.9157     0.4563      0.0007   0.0007   54.84     20    Success 
    19       -5.9162     0.2311      0.0005   0.0008   65.96     21    Success 
    20       -5.9163     0.0470      0.0000   0.0002   65.95     22    Success 
    21       -5.9163     0.0152      0.0000   0.0000   57.84     23    Success 
    22       -5.9163     0.0151     -0.0000   0.0000   67.11     32   BadIntpln
    23       -5.9163     0.0083      0.0000   0.0000   57.06     33    Success 
    24       -5.9163     0.0070      0.0000   0.0000   35.99     34    Success 
    25       -5.9163     0.0070     -0.0000   0.0000   43.16     41   BadIntpln
    26       -5.9163     0.0056      0.0000   0.0000   50.38     42    Success 
    27       -5.9163     0.0056     -0.0000   0.0000   48.42     50   BadIntpln
    28       -5.9163     0.0116      0.0000   0.0000   46.88     51    Success 
    29       -5.9163     0.0092     -0.0000   0.0000   60.85     53    Success 
    30       -5.9163     0.0017      0.0000   0.0000   67.66     54    Success 
    31       -5.9163     0.0017     -0.0000   0.0000   53.51     61   BadIntpln
    32       -5.9163     0.0021      0.0000   0.0000   42.76     62    Success 
    33       -5.9163     0.0021      0.0000   0.0000   59.23     67   BadIntpln
    34       -5.9163     0.0021     -0.0000   0.0000   46.34     74   BadIntpln

 LBFGS  --  Incomplete Convergence due to BadIntpln

 Final Function Value :           -5.9163
 Final RMS Gradient :              0.0021
 Final Gradient Norm :             0.0052
