
     ######################################################################
   ##########################################################################
  ###                                                                      ###
 ###            Tinker  ---  Software Tools for Molecular Design            ###
 ##                                                                          ##
 ##                          Version 8.7  June 2019                          ##
 ##                                                                          ##
 ##               Copyright (c)  Jay William Ponder  1990-2019               ##
 ###                           All Rights Reserved                          ###
  ###                                                                      ###
   ##########################################################################
     ######################################################################


 Additional Atom Definition Parameters :

     Type  Class  Symbol  Description               Atomic    Mass   Valence

     401    401     N     ammonia                      7     14.007     3
     404    404     H     ammonia                      1      1.008     1

 Additional Bond Stretching Parameters :

     Atom Classes             K(S)         Length

       401 404             461.900         1.0168

 Additional Angle Bending Parameters :

     Atom Classes             K(B)          Angle

     404 401 404            43.520        106.353

 Additional Stretch-Bend Parameters :

     Atom Classes          K(SB)-1        K(SB)-2

     404 401 404             4.300          7.200

 Additional van der Waals Parameters :

     Atom Class               Size        Epsilon        Reduction

         401                3.7100         0.1050          0.000
         404                2.7000         0.0200          0.910

 Additional Atomic Multipole Parameters :

     Atom Type     Coordinate Frame Definition         Multipole Moments

         401      404    404    404   3-Fold      -0.18504
                                                   0.00000  0.00000  0.36447
                                                   0.46126
                                                   0.00000  0.46126
                                                   0.00000  0.00000 -0.92252

         404      401    404    404   Z-Bisect     0.06168
                                                  -0.02006  0.00000 -0.19442
                                                  -0.01586
                                                   0.00000  0.05454
                                                   0.01906  0.00000 -0.03868

 Additional Atomic Dipole Polarizability Parameters :

     Atom Type           Alpha       Thole     Group Atom Types

         401             1.073       0.390         404
         404             0.496       0.390         401

 Limited Memory BFGS Quasi-Newton Optimization :

 QN Iter     F Value      G RMS      F Move   X Move   Angle  FG Call  Comment

     0        0.0000     0.0140                                   1

 LBFGS  --  Normal Termination due to SmallGrad

 Final Function Value :            0.0000
 Final RMS Gradient :              0.0140
 Final Gradient Norm :             0.0280
