1 molecule converted
61 audit log messages 
Poltype -- Polarizable atom typer of small molecules for the AMOEBA polarizable force field



Please cite:

Wu, J.C.; Chattree, G.; Ren, P.Y.; Automation of AMOEBA polarizable force field 

parameterization for small molecules. Theor Chem Acc. 



Version 2.2.5 February 2020



Copyright (c)  Johnny Wu, Gaurav Chattree, Brandon Walker, Matthew Harger and Pengyu Ren 2019



All Rights Reserved

##############################################################################################################



idxtosymclass  {1: 401, 2: 404, 3: 404, 4: 404}
atomidx  1
uniqueneighbtypes [404]
Ammonia N
atomidx  2
highestsymneighbnorepeatidx 1
val  1 highestsymneighbnorepeatval 3
uniqueneighbtypesofhighestsymneighbnorepeat [404]
uniqueneighbtypes [401]
Ammonia H
atomidx  3
highestsymneighbnorepeatidx 1
val  1 highestsymneighbnorepeatval 3
uniqueneighbtypesofhighestsymneighbnorepeat [404]
uniqueneighbtypes [401]
Ammonia H
atomidx  4
highestsymneighbnorepeatidx 1
val  1 highestsymneighbnorepeatval 3
uniqueneighbtypesofhighestsymneighbnorepeat [404]
uniqueneighbtypes [401]
Ammonia H
trisect idxs 1
doing the idxtobisectthenzbool 2
doing the idxtobisectthenzbool 3
doing the idxtobisectthenzbool 4
