Poltype -- Polarizable atom typer of small molecules for the AMOEBA polarizable force field



Please cite:

Wu, J.C.; Chattree, G.; Ren, P.Y.; Automation of AMOEBA polarizable force field 

parameterization for small molecules. Theor Chem Acc. 



Version 2.0.0 December 2019



Copyright (c)  Johnny Wu, Gaurav Chattree, Brandon Walker, Matthew Harger and Pengyu Ren 2019



All Rights Reserved

##############################################################################################################



qme_list  [-72464.21392060655, -72464.76286348776, -72465.06687659168, -72464.67448806633, -72464.17751746609, -72464.3989131506, -72464.87659302221, -72464.71289757201, -72464.19454769479, -72464.25288148632, -72464.78087717111, -72464.8329174173, -72464.32849539032]
mme_list  [-5.8216, -5.9163, -5.9677, -5.9008, -5.8163, -5.8675, -5.9623, -5.9275, -5.8196, -5.8311, -5.9413, -5.9543, -5.8526]
Optimization terminated successfully.
         Current function value: 0.049105
         Iterations: 16
         Function evaluations: 32
Optimization terminated successfully.
         Current function value: 0.038411
         Iterations: 16
         Function evaluations: 32
{1: 0.7379591255909996, 2: -0.7379591255886928, 3: 0.22006295834252373}
second deleteion  [-72464.21392060655, -72464.76286348776, -72465.06687659168, -72464.67448806633, -72464.17751746609, -72464.3989131506, -72464.87659302221, -72464.71289757201, -72464.19454769479, -72464.25288148632, -72464.78087717111, -72464.8329174173, -72464.32849539032]
unnormed qm_energy  [-72464.21392060655, -72464.76286348776, -72465.06687659168, -72464.67448806633, -72464.17751746609, -72464.3989131506, -72464.87659302221, -72464.71289757201, -72464.19454769479, -72464.25288148632, -72464.78087717111, -72464.8329174173, -72464.32849539032]
energy list  [0.852955985130393, 0.30401310391607694, 0.0, 0.39238852534617763, 0.8893591255909996, 0.6679634410829749, 0.1902835694636451, 0.35397901966643985, 0.8723288968903944, 0.8139951053599361, 0.2859994205646217, 0.23395917438028846, 0.7383812013576971]
Optimization terminated successfully.
         Current function value: 0.047838
         Iterations: 15
         Function evaluations: 30
Optimization terminated successfully.
         Current function value: 0.039590
         Iterations: 15
         Function evaluations: 30
