
     ######################################################################
   ##########################################################################
  ###                                                                      ###
 ###            Tinker  ---  Software Tools for Molecular Design            ###
 ##                                                                          ##
 ##                          Version 8.7  June 2019                          ##
 ##                                                                          ##
 ##               Copyright (c)  Jay William Ponder  1990-2019               ##
 ###                           All Rights Reserved                          ###
  ###                                                                      ###
   ##########################################################################
     ######################################################################


 Additional Atom Definition Parameters :

     Type  Class  Symbol  Description               Atomic    Mass   Valence

     402    402     O     methanol                     8     15.999     2
     401    401     C     methanol                     6     12.011     4
     403    403     H     methanol                     1      1.008     1
     404    404     H     methanol                     1      1.008     1

 Additional Bond Stretching Parameters :

     Atom Classes             K(S)         Length

       401 402             500.100         1.4296
       402 404             615.900         0.9714
       401 403             385.000         1.0956

 Additional Angle Bending Parameters :

     Atom Classes             K(B)          Angle

     403 401 403            40.570        108.724
     402 401 403            60.990        106.530
     401 402 404            64.960        106.891

 Additional Stretch-Bend Parameters :

     Atom Classes          K(SB)-1        K(SB)-2

     402 401 403            -4.500         38.000
     401 402 404            -4.500         38.000

 Additional Torsional Parameters :

     Atom Classes     1-Fold    2-Fold    3-Fold    4-Fold    5-Fold    6-Fold

   403 401 402 404   0.72   0 -0.72 180  0.21   0  0.00   0  0.00   0  0.00   0

 Additional van der Waals Parameters :

     Atom Class               Size        Epsilon        Reduction

         402                3.4050         0.1100          0.000
         401                3.7600         0.1010          0.000
         403                2.8700         0.0240          0.910
         404                2.6550         0.0135          0.910

 Additional Atomic Multipole Parameters :

     Atom Type     Coordinate Frame Definition         Multipole Moments

         401      402    404      0   Z-then-X     0.14802
                                                  -0.08108  0.00000  0.42570
                                                  -0.39844
                                                   0.00000 -0.41757
                                                   0.02956  0.00000  0.81601

         402      401    404      0   Z-then-X    -0.43376
                                                   0.19656  0.00000  0.27529
                                                   0.13769
                                                   0.00000 -0.43975
                                                  -0.15642  0.00000  0.30205

         403      401    402      0   Z-then-X     0.02474
                                                   0.00105  0.00000 -0.10244
                                                   0.02646
                                                   0.00000  0.01500
                                                  -0.02740  0.00000 -0.04146

         404      402    401      0   Z-then-X     0.21152
                                                  -0.02854  0.00000 -0.09826
                                                   0.03555
                                                   0.00000 -0.09467
                                                  -0.02157  0.00000  0.05912

 Additional Atomic Dipole Polarizability Parameters :

     Atom Type           Alpha       Thole     Group Atom Types

         402             0.837       0.390         401  404
         401             1.334       0.390         402  403
         403             0.496       0.390         401
         404             0.496       0.390         402

 Limited Memory BFGS Quasi-Newton Optimization :

 QN Iter     F Value      G RMS      F Move   X Move   Angle  FG Call  Comment

     0      346.3786  1295.4971                                   1
     1      170.3958   763.1563    175.9827   0.1701    0.00      2    Success 
     2       16.4097   188.9850    153.9861   0.0551    8.34      3    Success 
     3        3.0690    69.5720     13.3408   0.0229   10.80      4    Success 
     4        0.9772    49.2206      2.0918   0.0067   24.80      5    Success 
     5       -1.5236    18.6321      2.5008   0.0160   27.72      6    Success 
     6       -1.9065    11.2529      0.3829   0.0066   34.65      7    Success 
     7       -2.1571     9.2613      0.2506   0.0058   33.03      8    Success 
     8       -2.4835    10.5216      0.3264   0.0119   43.02      9    Success 
     9       -2.7143     9.2682      0.2308   0.0132   62.14     10    Success 
    10       -2.7898     8.2428      0.0756   0.0100   62.25     11    Success 
    11       -2.8435     2.9869      0.0537   0.0028   52.72     12    Success 
    12       -2.8624     2.4720      0.0189   0.0018   36.77     13    Success 
    13       -2.8863     2.3554      0.0239   0.0031   43.90     14    Success 
    14       -2.9093     1.6401      0.0230   0.0046   54.60     15    Success 
    15       -2.9133     1.2652      0.0040   0.0023   65.62     16    Success 
    16       -2.9142     0.4052      0.0009   0.0003   54.37     17    Success 
    17       -2.9145     0.4404      0.0003   0.0002   49.56     18    Success 
    18       -2.9150     0.4894      0.0005   0.0004   53.74     19    Success 
    19       -2.9158     0.4549      0.0008   0.0007   60.50     20    Success 
    20       -2.9161     0.5172      0.0004   0.0011   66.47     21    Success 
    21       -2.9163     0.1171      0.0002   0.0002   40.34     22    Success 
    22       -2.9163     0.0281      0.0000   0.0001   75.51     23    Success 
    23       -2.9163     0.0117      0.0000   0.0000   63.33     24    Success 
    24       -2.9163     0.0092      0.0000   0.0000   27.36     25    Success 
    25       -2.9163     0.0092     -0.0000   0.0000   31.40     33   BadIntpln
    26       -2.9163     0.0064      0.0000   0.0000   29.57     34    Success 
    27       -2.9163     0.0056     -0.0000   0.0000   56.98     36    Success 
    28       -2.9163     0.0056     -0.0000   0.0000   54.94     44   BadIntpln
    29       -2.9163     0.0048      0.0000   0.0000   52.51     45    Success 
    30       -2.9163     0.0035     -0.0000   0.0000   64.75     47    Success 
    31       -2.9163     0.0035     -0.0000   0.0000   54.50     54   BadIntpln
    32       -2.9163     0.0115      0.0000   0.0000   53.61     60   BadIntpln

 LBFGS  --  Incomplete Convergence due to BadIntpln

 Final Function Value :           -2.9163
 Final RMS Gradient :              0.0115
 Final Gradient Norm :             0.0283
