
     ######################################################################
   ##########################################################################
  ###                                                                      ###
 ###            Tinker  ---  Software Tools for Molecular Design            ###
 ##                                                                          ##
 ##                          Version 8.7  June 2019                          ##
 ##                                                                          ##
 ##               Copyright (c)  Jay William Ponder  1990-2019               ##
 ###                           All Rights Reserved                          ###
  ###                                                                      ###
   ##########################################################################
     ######################################################################


 Additional Atom Definition Parameters :

     Type  Class  Symbol  Description               Atomic    Mass   Valence

     402    402     O     methanol                     8     15.999     2
     401    401     C     methanol                     6     12.011     4
     403    403     H     methanol                     1      1.008     1
     404    404     H     methanol                     1      1.008     1

 Additional Bond Stretching Parameters :

     Atom Classes             K(S)         Length

       401 402             500.100         1.4296
       402 404             615.900         0.9714
       401 403             385.000         1.0956

 Additional Angle Bending Parameters :

     Atom Classes             K(B)          Angle

     403 401 403            40.570        108.724
     402 401 403            60.990        106.530
     401 402 404            64.960        106.891

 Additional Stretch-Bend Parameters :

     Atom Classes          K(SB)-1        K(SB)-2

     402 401 403            -4.500         38.000
     401 402 404            -4.500         38.000

 Additional Torsional Parameters :

     Atom Classes     1-Fold    2-Fold    3-Fold    4-Fold    5-Fold    6-Fold

   403 401 402 404   0.72   0 -0.72 180  0.21   0  0.00   0  0.00   0  0.00   0

 Additional van der Waals Parameters :

     Atom Class               Size        Epsilon        Reduction

         402                3.4050         0.1100          0.000
         401                3.7600         0.1010          0.000
         403                2.8700         0.0240          0.910
         404                2.6550         0.0135          0.910

 Additional Atomic Multipole Parameters :

     Atom Type     Coordinate Frame Definition         Multipole Moments

         401      402    404      0   Z-then-X     0.14802
                                                  -0.08108  0.00000  0.42570
                                                  -0.39844
                                                   0.00000 -0.41757
                                                   0.02956  0.00000  0.81601

         402      401    404      0   Z-then-X    -0.43376
                                                   0.19656  0.00000  0.27529
                                                   0.13769
                                                   0.00000 -0.43975
                                                  -0.15642  0.00000  0.30205

         403      401    402      0   Z-then-X     0.02474
                                                   0.00105  0.00000 -0.10244
                                                   0.02646
                                                   0.00000  0.01500
                                                  -0.02740  0.00000 -0.04146

         404      402    401      0   Z-then-X     0.21152
                                                  -0.02854  0.00000 -0.09826
                                                   0.03555
                                                   0.00000 -0.09467
                                                  -0.02157  0.00000  0.05912

 Additional Atomic Dipole Polarizability Parameters :

     Atom Type           Alpha       Thole     Group Atom Types

         402             0.837       0.390         401  404
         401             1.334       0.390         402  403
         403             0.496       0.390         401
         404             0.496       0.390         402

 Limited Memory BFGS Quasi-Newton Optimization :

 QN Iter     F Value      G RMS      F Move   X Move   Angle  FG Call  Comment

     0     1376.7491  2574.3746                                   1
     1       80.5948   400.7600   1296.1543   0.1701    0.00      2    Success 
     2       26.8365   195.1737     53.7583   0.0322    4.33      3    Success 
     3        7.7885    77.0297     19.0480   0.0304   11.57      4    Success 
     4        4.9627    54.6426      2.8258   0.0086   28.44      5    Success 
     5        1.1499    33.3475      3.8128   0.0192   26.04      6    Success 
     6       -0.2408    23.3752      1.3907   0.0163   37.28      7    Success 
     7       -0.8359    15.1536      0.5951   0.0078   40.59      8    Success 
     8       -1.3515    16.5724      0.5156   0.0117   41.85      9    Success 
     9       -1.7724    16.2978      0.4209   0.0121   63.02     10    Success 
    10       -2.2091    17.9242      0.4368   0.0198   64.18     11    Success 
    11       -2.3336     3.8392      0.1245   0.0052   64.35     12    Success 
    12       -2.3491     3.7235      0.0155   0.0010   39.77     13    Success 
    13       -2.3752     3.3035      0.0261   0.0018   40.81     14    Success 
    14       -2.4151     2.3546      0.0398   0.0038   45.47     15    Success 
    15       -2.4398     2.0348      0.0247   0.0057   52.65     16    Success 
    16       -2.4419     1.8682      0.0021   0.0014   50.48     17    Success 
    17       -2.4441     0.5039      0.0022   0.0006   53.44     18    Success 
    18       -2.4446     0.3824      0.0005   0.0003   35.91     19    Success 
    19       -2.4454     0.4143      0.0008   0.0005   32.63     20    Success 
    20       -2.4465     0.3868      0.0011   0.0010   49.65     21    Success 
    21       -2.4469     0.3036      0.0004   0.0008   57.87     22    Success 
    22       -2.4470     0.0654      0.0001   0.0001   41.57     24    Success 
    23       -2.4470     0.0217      0.0000   0.0001   61.55     25    Success 
    24       -2.4470     0.0047      0.0000   0.0000   46.95     26    Success 
    25       -2.4470     0.0021      0.0000   0.0000   40.24     27    Success 
    26       -2.4470     0.0021      0.0000   0.0000   36.58     28    Success 
    27       -2.4470     0.0021     -0.0000   0.0000   37.34     34   BadIntpln
    28       -2.4470     0.0031      0.0000   0.0000   42.33     35    Success 
    29       -2.4470     0.0086      0.0000   0.0000   61.82     36    Success 
    30       -2.4470     0.0075      0.0000   0.0000   74.74     42    Success 
    31       -2.4470     0.0075      0.0000   0.0000   61.94     47   BadIntpln
    32       -2.4470     0.0075     -0.0000   0.0000   69.21     53   BadIntpln

 LBFGS  --  Incomplete Convergence due to BadIntpln

 Final Function Value :           -2.4470
 Final RMS Gradient :              0.0075
 Final Gradient Norm :             0.0183
