
     ######################################################################
   ##########################################################################
  ###                                                                      ###
 ###            Tinker  ---  Software Tools for Molecular Design            ###
 ##                                                                          ##
 ##                          Version 8.7  June 2019                          ##
 ##                                                                          ##
 ##               Copyright (c)  Jay William Ponder  1990-2019               ##
 ###                           All Rights Reserved                          ###
  ###                                                                      ###
   ##########################################################################
     ######################################################################


 Additional Atom Definition Parameters :

     Type  Class  Symbol  Description               Atomic    Mass   Valence

     402    402     O     methanol                     8     15.999     2
     401    401     C     methanol                     6     12.011     4
     403    403     H     methanol                     1      1.008     1
     404    404     H     methanol                     1      1.008     1

 Additional Bond Stretching Parameters :

     Atom Classes             K(S)         Length

       401 402             500.100         1.4296
       402 404             615.900         0.9714
       401 403             385.000         1.0956

 Additional Angle Bending Parameters :

     Atom Classes             K(B)          Angle

     403 401 403            40.570        108.724
     402 401 403            60.990        106.530
     401 402 404            64.960        106.891

 Additional Stretch-Bend Parameters :

     Atom Classes          K(SB)-1        K(SB)-2

     402 401 403            -4.500         38.000
     401 402 404            -4.500         38.000

 Additional Torsional Parameters :

     Atom Classes     1-Fold    2-Fold    3-Fold    4-Fold    5-Fold    6-Fold

   403 401 402 404   0.00   0  0.00 180  0.00   0  0.00   0  0.00   0  0.00   0

 Additional van der Waals Parameters :

     Atom Class               Size        Epsilon        Reduction

         402                3.4050         0.1100          0.000
         401                3.7600         0.1010          0.000
         403                2.8700         0.0240          0.910
         404                2.6550         0.0135          0.910

 Additional Atomic Multipole Parameters :

     Atom Type     Coordinate Frame Definition         Multipole Moments

         401      402    404      0   Z-then-X     0.14802
                                                  -0.08108  0.00000  0.42570
                                                  -0.39844
                                                   0.00000 -0.41757
                                                   0.02956  0.00000  0.81601

         402      401    404      0   Z-then-X    -0.43376
                                                   0.19656  0.00000  0.27529
                                                   0.13769
                                                   0.00000 -0.43975
                                                  -0.15642  0.00000  0.30205

         403      401    402      0   Z-then-X     0.02474
                                                   0.00105  0.00000 -0.10244
                                                   0.02646
                                                   0.00000  0.01500
                                                  -0.02740  0.00000 -0.04146

         404      402    401      0   Z-then-X     0.21152
                                                  -0.02854  0.00000 -0.09826
                                                   0.03555
                                                   0.00000 -0.09467
                                                  -0.02157  0.00000  0.05912

 Additional Atomic Dipole Polarizability Parameters :

     Atom Type           Alpha       Thole     Group Atom Types

         402             0.837       0.390         401  404
         401             1.334       0.390         402  403
         403             0.496       0.390         401
         404             0.496       0.390         402

 Limited Memory BFGS Quasi-Newton Optimization :

 QN Iter     F Value      G RMS      F Move   X Move   Angle  FG Call  Comment

     0       -2.4510    17.7092                                   1
     1       -2.5794    12.0094      0.1284   0.0023    0.00      3    Success 
     2       -2.6501     8.5549      0.0706   0.0015   34.99      4    Success 
     3       -2.7523     5.5964      0.1022   0.0033   33.73      5    Success 
     4       -2.8476     5.9732      0.0952   0.0048   36.67      6    Success 
     5       -2.9609     6.0660      0.1133   0.0078   53.82      7    Success 
     6       -3.0023     6.7604      0.0414   0.0047   61.24      9    Success 
     7       -3.0542     2.9972      0.0519   0.0048   65.97     10    Success 
     8       -3.0770     2.0405      0.0227   0.0026   47.27     11    Success 
     9       -3.0952     2.1146      0.0182   0.0029   42.32     12    Success 
    10       -3.1069     2.2044      0.0117   0.0033   58.40     13    Success 
    11       -3.1131     0.7904      0.0062   0.0017   61.23     14    Success 
    12       -3.1146     0.3565      0.0014   0.0005   31.60     15    Success 
    13       -3.1149     0.1537      0.0004   0.0003   29.04     16    Success 
    14       -3.1151     0.1122      0.0001   0.0002   31.86     17    Success 
    15       -3.1152     0.1176      0.0001   0.0004   30.67     18    Success 
    16       -3.1152     0.0751      0.0000   0.0001   56.23     20    Success 
    17       -3.1152     0.0251      0.0000   0.0001   52.69     21    Success 
    18       -3.1152     0.0031      0.0000   0.0000   36.84     22    Success 
    19       -3.1152     0.0031     -0.0000   0.0000   48.77     30   BadIntpln
    20       -3.1152     0.0020      0.0000   0.0000   44.16     31    Success 
    21       -3.1152     0.0025      0.0000   0.0000   56.77     32    Success 
    22       -3.1152     0.0025     -0.0000   0.0000   67.36     38   BadIntpln
    23       -3.1152     0.0025     -0.0000   0.0000   69.80     43   BadIntpln

 LBFGS  --  Incomplete Convergence due to BadIntpln

 Final Function Value :           -3.1152
 Final RMS Gradient :              0.0025
 Final Gradient Norm :             0.0061
