
     ######################################################################
   ##########################################################################
  ###                                                                      ###
 ###            Tinker  ---  Software Tools for Molecular Design            ###
 ##                                                                          ##
 ##                          Version 8.7  June 2019                          ##
 ##                                                                          ##
 ##               Copyright (c)  Jay William Ponder  1990-2019               ##
 ###                           All Rights Reserved                          ###
  ###                                                                      ###
   ##########################################################################
     ######################################################################


 Additional Atom Definition Parameters :

     Type  Class  Symbol  Description               Atomic    Mass   Valence

     402    402     O     methanol                     8     15.999     2
     401    401     C     methanol                     6     12.011     4
     403    403     H     methanol                     1      1.008     1
     404    404     H     methanol                     1      1.008     1

 Additional Bond Stretching Parameters :

     Atom Classes             K(S)         Length

       401 402             500.100         1.4296
       402 404             615.900         0.9714
       401 403             385.000         1.0956

 Additional Angle Bending Parameters :

     Atom Classes             K(B)          Angle

     403 401 403            40.570        108.724
     402 401 403            60.990        106.530
     401 402 404            64.960        106.891

 Additional Stretch-Bend Parameters :

     Atom Classes          K(SB)-1        K(SB)-2

     402 401 403            -4.500         38.000
     401 402 404            -4.500         38.000

 Additional Torsional Parameters :

     Atom Classes     1-Fold    2-Fold    3-Fold    4-Fold    5-Fold    6-Fold

   403 401 402 404   0.00   0  0.00 180  0.00   0  0.00   0  0.00   0  0.00   0

 Additional van der Waals Parameters :

     Atom Class               Size        Epsilon        Reduction

         402                3.4050         0.1100          0.000
         401                3.7600         0.1010          0.000
         403                2.8700         0.0240          0.910
         404                2.6550         0.0135          0.910

 Additional Atomic Multipole Parameters :

     Atom Type     Coordinate Frame Definition         Multipole Moments

         401      402    404      0   Z-then-X     0.14802
                                                  -0.08108  0.00000  0.42570
                                                  -0.39844
                                                   0.00000 -0.41757
                                                   0.02956  0.00000  0.81601

         402      401    404      0   Z-then-X    -0.43376
                                                   0.19656  0.00000  0.27529
                                                   0.13769
                                                   0.00000 -0.43975
                                                  -0.15642  0.00000  0.30205

         403      401    402      0   Z-then-X     0.02474
                                                   0.00105  0.00000 -0.10244
                                                   0.02646
                                                   0.00000  0.01500
                                                  -0.02740  0.00000 -0.04146

         404      402    401      0   Z-then-X     0.21152
                                                  -0.02854  0.00000 -0.09826
                                                   0.03555
                                                   0.00000 -0.09467
                                                  -0.02157  0.00000  0.05912

 Additional Atomic Dipole Polarizability Parameters :

     Atom Type           Alpha       Thole     Group Atom Types

         402             0.837       0.390         401  404
         401             1.334       0.390         402  403
         403             0.496       0.390         401
         404             0.496       0.390         402

 Limited Memory BFGS Quasi-Newton Optimization :

 QN Iter     F Value      G RMS      F Move   X Move   Angle  FG Call  Comment

     0      779.7896  1946.2094                                   1
     1       37.4702   300.5003    742.3194   0.1701    0.00      2    Success 
     2       12.1089   121.8634     25.3613   0.0214    0.32      3    Success 
     3        3.8701    64.1055      8.2388   0.0171    1.00      4    Success 
     4        0.6967    39.4061      3.1734   0.0141   23.52      5    Success 
     5       -0.8663    26.1780      1.5630   0.0118   35.37      6    Success 
     6       -1.6693    12.3829      0.8029   0.0105   39.10      7    Success 
     7       -2.0096    11.7732      0.3403   0.0072   34.59      8    Success 
     8       -2.4507    14.2331      0.4411   0.0143   51.23      9    Success 
     9       -2.7736    18.4235      0.3229   0.0171   65.77     10    Success 
    10       -2.9195     7.2713      0.1459   0.0099   71.40     11    Success 
    11       -2.9629     3.4811      0.0434   0.0031   61.15     12    Success 
    12       -2.9866     3.2926      0.0237   0.0018   34.74     13    Success 
    13       -3.0205     3.1197      0.0340   0.0033   44.06     14    Success 
    14       -3.0534     2.3932      0.0328   0.0053   56.75     15    Success 
    15       -3.0557     3.9361      0.0024   0.0036   59.61     16    Success 
    16       -3.0597     2.7512      0.0040   0.0004   56.68     17    Success 
    17       -3.0638     0.4978      0.0041   0.0009   55.78     18    Success 
    18       -3.0642     0.4827      0.0003   0.0001   32.06     19    Success 
    19       -3.0647     0.4530      0.0006   0.0002   29.45     20    Success 
    20       -3.0658     0.3949      0.0011   0.0005   28.77     21    Success 
    21       -3.0673     0.3703      0.0015   0.0011   35.72     22    Success 
    22       -3.0676     0.2474      0.0003   0.0004   49.44     24    Success 
    23       -3.0679     0.0245      0.0002   0.0006   61.29     25    Success 
    24       -3.0679     0.0190      0.0000   0.0000   48.83     26    Success 
    25       -3.0679     0.0116     -0.0000   0.0000   34.39     28    Success 
    26       -3.0679     0.0032      0.0000   0.0000   49.55     29    Success 
    27       -3.0679     0.0032     -0.0000   0.0000   31.22     35   BadIntpln
    28       -3.0679     0.0031      0.0000   0.0000   53.20     41   BadIntpln

 LBFGS  --  Incomplete Convergence due to BadIntpln

 Final Function Value :           -3.0679
 Final RMS Gradient :              0.0031
 Final Gradient Norm :             0.0077
