
     ######################################################################
   ##########################################################################
  ###                                                                      ###
 ###            Tinker  ---  Software Tools for Molecular Design            ###
 ##                                                                          ##
 ##                          Version 8.7  June 2019                          ##
 ##                                                                          ##
 ##               Copyright (c)  Jay William Ponder  1990-2019               ##
 ###                           All Rights Reserved                          ###
  ###                                                                      ###
   ##########################################################################
     ######################################################################


 Additional Atom Definition Parameters :

     Type  Class  Symbol  Description               Atomic    Mass   Valence

     402    402     O     methanol                     8     15.999     2
     401    401     C     methanol                     6     12.011     4
     403    403     H     methanol                     1      1.008     1
     404    404     H     methanol                     1      1.008     1

 Additional Bond Stretching Parameters :

     Atom Classes             K(S)         Length

       401 402             500.100         1.4296
       402 404             615.900         0.9714
       401 403             385.000         1.0956

 Additional Angle Bending Parameters :

     Atom Classes             K(B)          Angle

     403 401 403            40.570        108.724
     402 401 403            60.990        106.530
     401 402 404            64.960        106.891

 Additional Stretch-Bend Parameters :

     Atom Classes          K(SB)-1        K(SB)-2

     402 401 403            -4.500         38.000
     401 402 404            -4.500         38.000

 Additional Torsional Parameters :

     Atom Classes     1-Fold    2-Fold    3-Fold    4-Fold    5-Fold    6-Fold

   403 401 402 404   0.00   0  0.00 180  0.00   0  0.00   0  0.00   0  0.00   0

 Additional van der Waals Parameters :

     Atom Class               Size        Epsilon        Reduction

         402                3.4050         0.1100          0.000
         401                3.7600         0.1010          0.000
         403                2.8700         0.0240          0.910
         404                2.6550         0.0135          0.910

 Additional Atomic Multipole Parameters :

     Atom Type     Coordinate Frame Definition         Multipole Moments

         401      402    404      0   Z-then-X     0.14802
                                                  -0.08108  0.00000  0.42570
                                                  -0.39844
                                                   0.00000 -0.41757
                                                   0.02956  0.00000  0.81601

         402      401    404      0   Z-then-X    -0.43376
                                                   0.19656  0.00000  0.27529
                                                   0.13769
                                                   0.00000 -0.43975
                                                  -0.15642  0.00000  0.30205

         403      401    402      0   Z-then-X     0.02474
                                                   0.00105  0.00000 -0.10244
                                                   0.02646
                                                   0.00000  0.01500
                                                  -0.02740  0.00000 -0.04146

         404      402    401      0   Z-then-X     0.21152
                                                  -0.02854  0.00000 -0.09826
                                                   0.03555
                                                   0.00000 -0.09467
                                                  -0.02157  0.00000  0.05912

 Additional Atomic Dipole Polarizability Parameters :

     Atom Type           Alpha       Thole     Group Atom Types

         402             0.837       0.390         401  404
         401             1.334       0.390         402  403
         403             0.496       0.390         401
         404             0.496       0.390         402

 Limited Memory BFGS Quasi-Newton Optimization :

 QN Iter     F Value      G RMS      F Move   X Move   Angle  FG Call  Comment

     0      471.6487  1511.0187                                   1
     1      108.2072   601.0625    363.4415   0.1701    0.00      2    Success 
     2       13.4482   153.7227     94.7590   0.0433    5.37      3    Success 
     3        3.8533    68.5474      9.5949   0.0177    7.11      4    Success 
     4        1.1709    52.1893      2.6824   0.0097   25.54      5    Success 
     5       -1.2487    28.3189      2.4196   0.0157   35.65      6    Success 
     6       -1.8656    14.8351      0.6169   0.0081   44.07      7    Success 
     7       -2.1571    11.6231      0.2914   0.0056   32.29      8    Success 
     8       -2.3869    13.7254      0.2298   0.0071   51.88      9    Success 
     9       -2.7155    14.2509      0.3287   0.0126   63.63     10    Success 
    10       -2.8313    18.6099      0.1158   0.0189   69.68     11    Success 
    11       -2.9877     7.0086      0.1564   0.0027   39.31     12    Success 
    12       -3.0278     2.5503      0.0401   0.0022   43.46     13    Success 
    13       -3.0417     2.6857      0.0139   0.0014   34.14     14    Success 
    14       -3.0639     2.5733      0.0222   0.0026   47.31     15    Success 
    15       -3.0920     1.8048      0.0281   0.0047   52.36     16    Success 
    16       -3.0955     1.4893      0.0035   0.0014   61.87     18    Success 
    17       -3.0984     0.4204      0.0029   0.0014   65.63     19    Success 
    18       -3.0989     0.3751      0.0005   0.0003   31.35     20    Success 
    19       -3.0997     0.5206      0.0008   0.0006   40.82     21    Success 
    20       -3.1005     0.4716      0.0008   0.0009   65.48     22    Success 
    21       -3.1007     0.4788      0.0001   0.0003   69.30     24    Success 
    22       -3.1008     0.0706      0.0001   0.0003   70.98     25    Success 
    23       -3.1008     0.0331      0.0000   0.0001   54.87     26    Success 
    24       -3.1008     0.0166      0.0000   0.0000   45.08     27    Success 
    25       -3.1008     0.0106      0.0000   0.0000   47.62     28    Success 
    26       -3.1008     0.0108     -0.0000   0.0000   43.34     30    Success 
    27       -3.1008     0.0091      0.0000   0.0000   48.61     31    Success 
    28       -3.1008     0.0181     -0.0000   0.0000   53.38     33    Success 
    29       -3.1008     0.0027      0.0000   0.0000   65.51     34    Success 
    30       -3.1008     0.0027      0.0000   0.0000   58.30     43   BadIntpln
    31       -3.1008     0.0027     -0.0000   0.0000   53.20     49   BadIntpln

 LBFGS  --  Incomplete Convergence due to BadIntpln

 Final Function Value :           -3.1008
 Final RMS Gradient :              0.0027
 Final Gradient Norm :             0.0065
