
     ######################################################################
   ##########################################################################
  ###                                                                      ###
 ###            Tinker  ---  Software Tools for Molecular Design            ###
 ##                                                                          ##
 ##                          Version 8.7  June 2019                          ##
 ##                                                                          ##
 ##               Copyright (c)  Jay William Ponder  1990-2019               ##
 ###                           All Rights Reserved                          ###
  ###                                                                      ###
   ##########################################################################
     ######################################################################


 Additional Atom Definition Parameters :

     Type  Class  Symbol  Description               Atomic    Mass   Valence

     402    402     O     methanol                     8     15.999     2
     401    401     C     methanol                     6     12.011     4
     403    403     H     methanol                     1      1.008     1
     404    404     H     methanol                     1      1.008     1

 Additional Bond Stretching Parameters :

     Atom Classes             K(S)         Length

       401 402             500.100         1.4296
       402 404             615.900         0.9714
       401 403             385.000         1.0956

 Additional Angle Bending Parameters :

     Atom Classes             K(B)          Angle

     403 401 403            40.570        108.724
     402 401 403            60.990        106.530
     401 402 404            64.960        106.891

 Additional Stretch-Bend Parameters :

     Atom Classes          K(SB)-1        K(SB)-2

     402 401 403            -4.500         38.000
     401 402 404            -4.500         38.000

 Additional Torsional Parameters :

     Atom Classes     1-Fold    2-Fold    3-Fold    4-Fold    5-Fold    6-Fold

   403 401 402 404   0.00   0  0.00 180  0.00   0  0.00   0  0.00   0  0.00   0

 Additional van der Waals Parameters :

     Atom Class               Size        Epsilon        Reduction

         402                3.4050         0.1100          0.000
         401                3.7600         0.1010          0.000
         403                2.8700         0.0240          0.910
         404                2.6550         0.0135          0.910

 Additional Atomic Multipole Parameters :

     Atom Type     Coordinate Frame Definition         Multipole Moments

         401      402    404      0   Z-then-X     0.14802
                                                  -0.08108  0.00000  0.42570
                                                  -0.39844
                                                   0.00000 -0.41757
                                                   0.02956  0.00000  0.81601

         402      401    404      0   Z-then-X    -0.43376
                                                   0.19656  0.00000  0.27529
                                                   0.13769
                                                   0.00000 -0.43975
                                                  -0.15642  0.00000  0.30205

         403      401    402      0   Z-then-X     0.02474
                                                   0.00105  0.00000 -0.10244
                                                   0.02646
                                                   0.00000  0.01500
                                                  -0.02740  0.00000 -0.04146

         404      402    401      0   Z-then-X     0.21152
                                                  -0.02854  0.00000 -0.09826
                                                   0.03555
                                                   0.00000 -0.09467
                                                  -0.02157  0.00000  0.05912

 Additional Atomic Dipole Polarizability Parameters :

     Atom Type           Alpha       Thole     Group Atom Types

         402             0.837       0.390         401  404
         401             1.334       0.390         402  403
         403             0.496       0.390         401
         404             0.496       0.390         402

 Limited Memory BFGS Quasi-Newton Optimization :

 QN Iter     F Value      G RMS      F Move   X Move   Angle  FG Call  Comment

     0      155.6941   862.2860                                   1
     1        3.2882    87.9059    152.4060   0.0598    0.00      3    Success 
     2        0.5768    59.6756      2.7114   0.0062    5.80      4    Success 
     3       -1.9748    14.0734      2.5516   0.0140   11.51      5    Success 
     4       -2.1963    11.7941      0.2215   0.0033   23.75      6    Success 
     5       -2.5157    10.1712      0.3194   0.0071   27.88      7    Success 
     6       -2.7279    11.0080      0.2122   0.0133   41.14      8    Success 
     7       -2.8287     5.4147      0.1008   0.0025   25.34      9    Success 
     8       -2.9037     6.0584      0.0751   0.0035   33.10     10    Success 
     9       -3.0127     7.2793      0.1089   0.0078   58.00     11    Success 
    10       -3.0963     5.1058      0.0836   0.0092   70.32     12    Success 
    11       -3.1126     3.6154      0.0163   0.0045   69.49     13    Success 
    12       -3.1225     1.3846      0.0100   0.0010   42.94     14    Success 
    13       -3.1253     1.3817      0.0027   0.0006   43.00     15    Success 
    14       -3.1290     1.2640      0.0038   0.0011   55.23     16    Success 
    15       -3.1322     0.6792      0.0032   0.0015   63.59     17    Success 
    16       -3.1330     0.2066      0.0007   0.0006   64.68     18    Success 
    17       -3.1332     0.2954      0.0003   0.0004   38.31     19    Success 
    18       -3.1334     0.3008      0.0001   0.0003   68.59     20    Success 
    19       -3.1335     0.0791      0.0001   0.0003   68.44     21    Success 
    20       -3.1335     0.0507      0.0000   0.0000   49.22     23    Success 
    21       -3.1335     0.0314      0.0000   0.0000   63.25     24    Success 
    22       -3.1335     0.0134      0.0000   0.0000   46.55     25    Success 
    23       -3.1335     0.0107     -0.0000   0.0000   51.69     27    Success 
    24       -3.1335     0.0012      0.0000   0.0000   63.40     28    Success 
    25       -3.1335     0.0010      0.0000   0.0000   60.05     29    Success 
    26       -3.1335     0.0010     -0.0000   0.0000   34.32     36   BadIntpln
    27       -3.1335     0.0010      0.0000   0.0000   43.95     37   SmallGrad

 LBFGS  --  Normal Termination due to SmallGrad

 Final Function Value :           -3.1335
 Final RMS Gradient :              0.0010
 Final Gradient Norm :             0.0024
