
     ######################################################################
   ##########################################################################
  ###                                                                      ###
 ###            Tinker  ---  Software Tools for Molecular Design            ###
 ##                                                                          ##
 ##                          Version 8.7  June 2019                          ##
 ##                                                                          ##
 ##               Copyright (c)  Jay William Ponder  1990-2019               ##
 ###                           All Rights Reserved                          ###
  ###                                                                      ###
   ##########################################################################
     ######################################################################


 Additional Atom Definition Parameters :

     Type  Class  Symbol  Description               Atomic    Mass   Valence

     402    402     O     methanol                     8     15.999     2
     401    401     C     methanol                     6     12.011     4
     403    403     H     methanol                     1      1.008     1
     404    404     H     methanol                     1      1.008     1

 Additional Bond Stretching Parameters :

     Atom Classes             K(S)         Length

       401 402             500.100         1.4296
       402 404             615.900         0.9714
       401 403             385.000         1.0956

 Additional Angle Bending Parameters :

     Atom Classes             K(B)          Angle

     403 401 403            40.570        108.724
     402 401 403            60.990        106.530
     401 402 404            64.960        106.891

 Additional Stretch-Bend Parameters :

     Atom Classes          K(SB)-1        K(SB)-2

     402 401 403            -4.500         38.000
     401 402 404            -4.500         38.000

 Additional Torsional Parameters :

     Atom Classes     1-Fold    2-Fold    3-Fold    4-Fold    5-Fold    6-Fold

   403 401 402 404   0.72   0 -0.72 180  0.21   0  0.00   0  0.00   0  0.00   0

 Additional van der Waals Parameters :

     Atom Class               Size        Epsilon        Reduction

         402                3.4050         0.1100          0.000
         401                3.7600         0.1010          0.000
         403                2.8700         0.0240          0.910
         404                2.6550         0.0135          0.910

 Additional Atomic Multipole Parameters :

     Atom Type     Coordinate Frame Definition         Multipole Moments

         401      402    404      0   Z-then-X     0.14802
                                                  -0.08108  0.00000  0.42570
                                                  -0.39844
                                                   0.00000 -0.41757
                                                   0.02956  0.00000  0.81601

         402      401    404      0   Z-then-X    -0.43376
                                                   0.19656  0.00000  0.27529
                                                   0.13769
                                                   0.00000 -0.43975
                                                  -0.15642  0.00000  0.30205

         403      401    402      0   Z-then-X     0.02474
                                                   0.00105  0.00000 -0.10244
                                                   0.02646
                                                   0.00000  0.01500
                                                  -0.02740  0.00000 -0.04146

         404      402    401      0   Z-then-X     0.21152
                                                  -0.02854  0.00000 -0.09826
                                                   0.03555
                                                   0.00000 -0.09467
                                                  -0.02157  0.00000  0.05912

 Additional Atomic Dipole Polarizability Parameters :

     Atom Type           Alpha       Thole     Group Atom Types

         402             0.837       0.390         401  404
         401             1.334       0.390         402  403
         403             0.496       0.390         401
         404             0.496       0.390         402

 Limited Memory BFGS Quasi-Newton Optimization :

 QN Iter     F Value      G RMS      F Move   X Move   Angle  FG Call  Comment

     0     1164.9030  2367.7608                                   1
     1       50.3908   285.0430   1114.5121   0.1701    0.00      2    Success 
     2       21.3836   167.3769     29.0073   0.0222    6.02      3    Success 
     3        5.4333    61.5460     15.9503   0.0308   10.03      4    Success 
     4        3.3513    50.2235      2.0820   0.0074   31.24      5    Success 
     5        0.2535    26.0984      3.0978   0.0162   31.74      6    Success 
     6       -0.8386    23.2627      1.0921   0.0192   30.75      7    Success 
     7       -1.1498    31.7702      0.3113   0.0067   31.03      8    Success 
     8       -1.4545    17.6864      0.3047   0.0029   48.02      9    Success 
     9       -1.8924     8.0969      0.4379   0.0105   56.96     10    Success 
    10       -2.1477    10.1520      0.2553   0.0127   51.24     11    Success 
    11       -2.3657     8.6974      0.2179   0.0118   56.70     12    Success 
    12       -2.4356     3.6867      0.0699   0.0077   67.40     13    Success 
    13       -2.4562     2.2917      0.0207   0.0018   45.08     14    Success 
    14       -2.4770     2.5505      0.0208   0.0026   31.69     15    Success 
    15       -2.4909     2.1426      0.0139   0.0028   61.78     16    Success 
    16       -2.4955     2.4207      0.0045   0.0027   64.16     17    Success 
    17       -2.4989     0.4777      0.0034   0.0008   57.02     18    Success 
    18       -2.4993     0.4229      0.0004   0.0002   35.69     19    Success 
    19       -2.5000     0.5522      0.0007   0.0004   36.73     20    Success 
    20       -2.5010     0.6273      0.0010   0.0009   60.79     21    Success 
    21       -2.5016     0.3655      0.0006   0.0010   69.80     22    Success 
    22       -2.5017     0.2211      0.0001   0.0003   64.92     23    Success 
    23       -2.5018     0.0855      0.0000   0.0001   46.86     24    Success 
    24       -2.5018     0.0080      0.0000   0.0000   52.48     25    Success 
    25       -2.5018     0.0032      0.0000   0.0000   69.31     26    Success 
    26       -2.5018     0.0019      0.0000   0.0000   56.22     27    Success 
    27       -2.5018     0.0019     -0.0000   0.0000   31.31     35   BadIntpln
    28       -2.5018     0.0019      0.0000   0.0000   27.71     40   BadIntpln

 LBFGS  --  Incomplete Convergence due to BadIntpln

 Final Function Value :           -2.5018
 Final RMS Gradient :              0.0019
 Final Gradient Norm :             0.0046
