
     ######################################################################
   ##########################################################################
  ###                                                                      ###
 ###            Tinker  ---  Software Tools for Molecular Design            ###
 ##                                                                          ##
 ##                          Version 8.7  June 2019                          ##
 ##                                                                          ##
 ##               Copyright (c)  Jay William Ponder  1990-2019               ##
 ###                           All Rights Reserved                          ###
  ###                                                                      ###
   ##########################################################################
     ######################################################################


 Additional Atom Definition Parameters :

     Type  Class  Symbol  Description               Atomic    Mass   Valence

     402    402     O     methanol                     8     15.999     2
     401    401     C     methanol                     6     12.011     4
     403    403     H     methanol                     1      1.008     1
     404    404     H     methanol                     1      1.008     1

 Additional Bond Stretching Parameters :

     Atom Classes             K(S)         Length

       401 402             500.100         1.4296
       402 404             615.900         0.9714
       401 403             385.000         1.0956

 Additional Angle Bending Parameters :

     Atom Classes             K(B)          Angle

     403 401 403            40.570        108.724
     402 401 403            60.990        106.530
     401 402 404            64.960        106.891

 Additional Stretch-Bend Parameters :

     Atom Classes          K(SB)-1        K(SB)-2

     402 401 403            -4.500         38.000
     401 402 404            -4.500         38.000

 Additional Torsional Parameters :

     Atom Classes     1-Fold    2-Fold    3-Fold    4-Fold    5-Fold    6-Fold

   403 401 402 404   0.00   0  0.00 180  0.00   0  0.00   0  0.00   0  0.00   0

 Additional van der Waals Parameters :

     Atom Class               Size        Epsilon        Reduction

         402                3.4050         0.1100          0.000
         401                3.7600         0.1010          0.000
         403                2.8700         0.0240          0.910
         404                2.6550         0.0135          0.910

 Additional Atomic Multipole Parameters :

     Atom Type     Coordinate Frame Definition         Multipole Moments

         401      402    404      0   Z-then-X     0.14802
                                                  -0.08108  0.00000  0.42570
                                                  -0.39844
                                                   0.00000 -0.41757
                                                   0.02956  0.00000  0.81601

         402      401    404      0   Z-then-X    -0.43376
                                                   0.19656  0.00000  0.27529
                                                   0.13769
                                                   0.00000 -0.43975
                                                  -0.15642  0.00000  0.30205

         403      401    402      0   Z-then-X     0.02474
                                                   0.00105  0.00000 -0.10244
                                                   0.02646
                                                   0.00000  0.01500
                                                  -0.02740  0.00000 -0.04146

         404      402    401      0   Z-then-X     0.21152
                                                  -0.02854  0.00000 -0.09826
                                                   0.03555
                                                   0.00000 -0.09467
                                                  -0.02157  0.00000  0.05912

 Additional Atomic Dipole Polarizability Parameters :

     Atom Type           Alpha       Thole     Group Atom Types

         402             0.837       0.390         401  404
         401             1.334       0.390         402  403
         403             0.496       0.390         401
         404             0.496       0.390         402

 Limited Memory BFGS Quasi-Newton Optimization :

 QN Iter     F Value      G RMS      F Move   X Move   Angle  FG Call  Comment

     0       -2.4806    18.8792                                   1
     1       -2.6097    11.3447      0.1291   0.0021    0.00      3    Success 
     2       -2.6739     8.7965      0.0642   0.0013   31.82      4    Success 
     3       -2.7740     5.9449      0.1001   0.0029   32.86      5    Success 
     4       -2.8997     6.0585      0.1256   0.0062   33.55      6    Success 
     5       -2.9911     5.6110      0.0914   0.0066   56.73      7    Success 
     6       -3.0425     9.1987      0.0514   0.0109   60.38      8    Success 
     7       -3.1021     2.9891      0.0596   0.0021   29.95      9    Success 
     8       -3.1178     2.2976      0.0157   0.0014   32.02     10    Success 
     9       -3.1337     2.3627      0.0159   0.0023   45.29     11    Success 
    10       -3.1530     1.7762      0.0193   0.0037   59.04     12    Success 
    11       -3.1585     2.3252      0.0055   0.0041   62.11     13    Success 
    12       -3.1628     0.5235      0.0043   0.0008   26.72     14    Success 
    13       -3.1630     0.0884      0.0002   0.0004   69.53     15    Success 
    14       -3.1631     0.0367      0.0000   0.0000   40.80     16    Success 
    15       -3.1631     0.0338      0.0000   0.0000   25.52     17    Success 
    16       -3.1631     0.0376      0.0000   0.0000   37.99     18    Success 
    17       -3.1631     0.0325      0.0000   0.0001   50.29     19    Success 
    18       -3.1631     0.0220      0.0000   0.0000   61.42     21    Success 
    19       -3.1631     0.0081      0.0000   0.0000   60.05     22    Success 
    20       -3.1631     0.0072     -0.0000   0.0000   58.54     25    Success 
    21       -3.1631     0.0077      0.0000   0.0000   58.08     26    Success 
    22       -3.1631     0.0077     -0.0000   0.0000   67.14     33   BadIntpln
    23       -3.1631     0.0077     -0.0000   0.0000   69.85     38   BadIntpln

 LBFGS  --  Incomplete Convergence due to BadIntpln

 Final Function Value :           -3.1631
 Final RMS Gradient :              0.0077
 Final Gradient Norm :             0.0188
