
     ######################################################################
   ##########################################################################
  ###                                                                      ###
 ###            Tinker  ---  Software Tools for Molecular Design            ###
 ##                                                                          ##
 ##                          Version 8.7  June 2019                          ##
 ##                                                                          ##
 ##               Copyright (c)  Jay William Ponder  1990-2019               ##
 ###                           All Rights Reserved                          ###
  ###                                                                      ###
   ##########################################################################
     ######################################################################


 Additional Atom Definition Parameters :

     Type  Class  Symbol  Description               Atomic    Mass   Valence

     402    402     O     methanol                     8     15.999     2
     401    401     C     methanol                     6     12.011     4
     403    403     H     methanol                     1      1.008     1
     404    404     H     methanol                     1      1.008     1

 Additional Bond Stretching Parameters :

     Atom Classes             K(S)         Length

       401 402             500.100         1.4296
       402 404             615.900         0.9714
       401 403             385.000         1.0956

 Additional Angle Bending Parameters :

     Atom Classes             K(B)          Angle

     403 401 403            40.570        108.724
     402 401 403            60.990        106.530
     401 402 404            64.960        106.891

 Additional Stretch-Bend Parameters :

     Atom Classes          K(SB)-1        K(SB)-2

     402 401 403            -4.500         38.000
     401 402 404            -4.500         38.000

 Additional Torsional Parameters :

     Atom Classes     1-Fold    2-Fold    3-Fold    4-Fold    5-Fold    6-Fold

   403 401 402 404   0.00   0  0.00 180  0.00   0  0.00   0  0.00   0  0.00   0

 Additional van der Waals Parameters :

     Atom Class               Size        Epsilon        Reduction

         402                3.4050         0.1100          0.000
         401                3.7600         0.1010          0.000
         403                2.8700         0.0240          0.910
         404                2.6550         0.0135          0.910

 Additional Atomic Multipole Parameters :

     Atom Type     Coordinate Frame Definition         Multipole Moments

         401      402    404      0   Z-then-X     0.14802
                                                  -0.08108  0.00000  0.42570
                                                  -0.39844
                                                   0.00000 -0.41757
                                                   0.02956  0.00000  0.81601

         402      401    404      0   Z-then-X    -0.43376
                                                   0.19656  0.00000  0.27529
                                                   0.13769
                                                   0.00000 -0.43975
                                                  -0.15642  0.00000  0.30205

         403      401    402      0   Z-then-X     0.02474
                                                   0.00105  0.00000 -0.10244
                                                   0.02646
                                                   0.00000  0.01500
                                                  -0.02740  0.00000 -0.04146

         404      402    401      0   Z-then-X     0.21152
                                                  -0.02854  0.00000 -0.09826
                                                   0.03555
                                                   0.00000 -0.09467
                                                  -0.02157  0.00000  0.05912

 Additional Atomic Dipole Polarizability Parameters :

     Atom Type           Alpha       Thole     Group Atom Types

         402             0.837       0.390         401  404
         401             1.334       0.390         402  403
         403             0.496       0.390         401
         404             0.496       0.390         402

 Limited Memory BFGS Quasi-Newton Optimization :

 QN Iter     F Value      G RMS      F Move   X Move   Angle  FG Call  Comment

     0      962.5435  2161.3687                                   1
     1       30.7211   221.7425    931.8224   0.1701    0.00      2    Success 
     2       14.1484   132.1165     16.5727   0.0160    4.41      3    Success 
     3        2.2356    53.2776     11.9127   0.0295    9.56      4    Success 
     4        0.5978    34.7004      1.6378   0.0073   29.33      5    Success 
     5       -1.0640    24.2206      1.6618   0.0174   27.39      6    Success 
     6       -1.5048    11.6238      0.4407   0.0051   39.19      7    Success 
     7       -1.9129    17.2457      0.4081   0.0097   27.33      8    Success 
     8       -2.2648    18.2646      0.3520   0.0104   65.45      9    Success 
     9       -2.7187    16.2580      0.4539   0.0162   66.63     10    Success 
    10       -2.8179    19.9065      0.0992   0.0183   70.00     11    Success 
    11       -2.9479     7.1094      0.1300   0.0041   66.10     12    Success 
    12       -2.9736     2.9877      0.0257   0.0019   59.04     13    Success 
    13       -2.9860     2.7966      0.0123   0.0011   38.17     14    Success 
    14       -3.0064     2.8885      0.0204   0.0020   43.24     15    Success 
    15       -3.0352     2.3660      0.0288   0.0040   53.50     16    Success 
    16       -3.0428     3.1623      0.0076   0.0052   67.12     17    Success 
    17       -3.0505     0.6795      0.0077   0.0014   55.88     18    Success 
    18       -3.0515     0.4400      0.0010   0.0008   61.11     19    Success 
    19       -3.0525     0.4135      0.0010   0.0005   22.40     20    Success 
    20       -3.0539     0.4564      0.0014   0.0011   43.70     21    Success 
    21       -3.0540     0.5815      0.0001   0.0009   70.17     22    Success 
    22       -3.0542     0.1876      0.0002   0.0002   63.72     23    Success 
    23       -3.0542     0.0425      0.0000   0.0001   65.57     24    Success 
    24       -3.0542     0.0224      0.0000   0.0000   52.87     25    Success 
    25       -3.0542     0.0199      0.0000   0.0000   29.90     26    Success 
    26       -3.0542     0.0259      0.0000   0.0000   52.86     27    Success 
    27       -3.0542     0.0257      0.0000   0.0000   64.62     37   BadIntpln
    28       -3.0542     0.0302      0.0000   0.0000   62.44     38    Success 
    29       -3.0542     0.0230      0.0000   0.0000   70.98     39    Success 
    30       -3.0542     0.0041      0.0000   0.0000   69.68     40    Success 
    31       -3.0542     0.0023      0.0000   0.0000   61.50     41    Success 
    32       -3.0542     0.0023     -0.0000   0.0000   52.74     48   BadIntpln
    33       -3.0542     0.0023     -0.0000   0.0000   41.84     56   BadIntpln

 LBFGS  --  Incomplete Convergence due to BadIntpln

 Final Function Value :           -3.0542
 Final RMS Gradient :              0.0023
 Final Gradient Norm :             0.0055
