
     ######################################################################
   ##########################################################################
  ###                                                                      ###
 ###            Tinker  ---  Software Tools for Molecular Design            ###
 ##                                                                          ##
 ##                          Version 8.7  June 2019                          ##
 ##                                                                          ##
 ##               Copyright (c)  Jay William Ponder  1990-2019               ##
 ###                           All Rights Reserved                          ###
  ###                                                                      ###
   ##########################################################################
     ######################################################################


 Additional Atom Definition Parameters :

     Type  Class  Symbol  Description               Atomic    Mass   Valence

     402    402     O     methanol                     8     15.999     2
     401    401     C     methanol                     6     12.011     4
     403    403     H     methanol                     1      1.008     1
     404    404     H     methanol                     1      1.008     1

 Additional Bond Stretching Parameters :

     Atom Classes             K(S)         Length

       401 402             500.100         1.4296
       402 404             615.900         0.9714
       401 403             385.000         1.0956

 Additional Angle Bending Parameters :

     Atom Classes             K(B)          Angle

     403 401 403            40.570        108.724
     402 401 403            60.990        106.530
     401 402 404            64.960        106.891

 Additional Stretch-Bend Parameters :

     Atom Classes          K(SB)-1        K(SB)-2

     402 401 403            -4.500         38.000
     401 402 404            -4.500         38.000

 Additional Torsional Parameters :

     Atom Classes     1-Fold    2-Fold    3-Fold    4-Fold    5-Fold    6-Fold

   403 401 402 404   0.72   0 -0.72 180  0.21   0  0.00   0  0.00   0  0.00   0

 Additional van der Waals Parameters :

     Atom Class               Size        Epsilon        Reduction

         402                3.4050         0.1100          0.000
         401                3.7600         0.1010          0.000
         403                2.8700         0.0240          0.910
         404                2.6550         0.0135          0.910

 Additional Atomic Multipole Parameters :

     Atom Type     Coordinate Frame Definition         Multipole Moments

         401      402    404      0   Z-then-X     0.14802
                                                  -0.08108  0.00000  0.42570
                                                  -0.39844
                                                   0.00000 -0.41757
                                                   0.02956  0.00000  0.81601

         402      401    404      0   Z-then-X    -0.43376
                                                   0.19656  0.00000  0.27529
                                                   0.13769
                                                   0.00000 -0.43975
                                                  -0.15642  0.00000  0.30205

         403      401    402      0   Z-then-X     0.02474
                                                   0.00105  0.00000 -0.10244
                                                   0.02646
                                                   0.00000  0.01500
                                                  -0.02740  0.00000 -0.04146

         404      402    401      0   Z-then-X     0.21152
                                                  -0.02854  0.00000 -0.09826
                                                   0.03555
                                                   0.00000 -0.09467
                                                  -0.02157  0.00000  0.05912

 Additional Atomic Dipole Polarizability Parameters :

     Atom Type           Alpha       Thole     Group Atom Types

         402             0.837       0.390         401  404
         401             1.334       0.390         402  403
         403             0.496       0.390         401
         404             0.496       0.390         402

 Limited Memory BFGS Quasi-Newton Optimization :

 QN Iter     F Value      G RMS      F Move   X Move   Angle  FG Call  Comment

     0      471.6099  1511.0217                                   1
     1      108.6861   601.3881    362.9238   0.1701    0.00      2    Success 
     2       13.7740   154.2214     94.9121   0.0433    5.37      3    Success 
     3        4.1231    68.5901      9.6508   0.0178    7.13      4    Success 
     4        1.4434    52.1907      2.6797   0.0096   25.56      5    Success 
     5       -0.9832    28.2612      2.4266   0.0157   35.58      6    Success 
     6       -1.5986    14.8261      0.6154   0.0080   44.02      7    Success 
     7       -1.8910    11.6237      0.2923   0.0057   32.30      8    Success 
     8       -2.1210    13.7011      0.2300   0.0071   51.92      9    Success 
     9       -2.4496    14.2162      0.3287   0.0126   63.59     10    Success 
    10       -2.5660    18.5563      0.1164   0.0189   69.65     11    Success 
    11       -2.7221     6.8206      0.1561   0.0027   39.60     12    Success 
    12       -2.7608     2.5536      0.0387   0.0021   43.33     13    Success 
    13       -2.7749     2.6969      0.0141   0.0014   34.28     14    Success 
    14       -2.7974     2.5816      0.0224   0.0026   47.71     15    Success 
    15       -2.8253     1.8006      0.0280   0.0048   52.72     16    Success 
    16       -2.8287     1.4615      0.0034   0.0013   61.79     18    Success 
    17       -2.8314     0.4237      0.0027   0.0013   65.60     19    Success 
    18       -2.8319     0.3820      0.0005   0.0003   31.85     20    Success 
    19       -2.8327     0.5524      0.0008   0.0006   42.63     21    Success 
    20       -2.8335     0.5038      0.0008   0.0009   66.85     22    Success 
    21       -2.8337     0.5146      0.0002   0.0003   69.41     24    Success 
    22       -2.8338     0.0788      0.0001   0.0003   70.77     25    Success 
    23       -2.8338     0.0417      0.0000   0.0001   61.49     26    Success 
    24       -2.8338     0.0166      0.0000   0.0000   44.03     27    Success 
    25       -2.8338     0.0111      0.0000   0.0000   52.10     28    Success 
    26       -2.8338     0.0207      0.0000   0.0000   49.18     29    Success 
    27       -2.8338     0.0207     -0.0000   0.0000   63.32     35   BadIntpln
    28       -2.8338     0.0160      0.0000   0.0000   63.84     37    Success 
    29       -2.8338     0.0111     -0.0000   0.0000   63.20     39    Success 
    30       -2.8338     0.0014      0.0000   0.0000   62.45     40    Success 
    31       -2.8338     0.0014      0.0000   0.0000   36.52     47   BadIntpln
    32       -2.8338     0.0014     -0.0000   0.0000   30.41     52   BadIntpln

 LBFGS  --  Incomplete Convergence due to BadIntpln

 Final Function Value :           -2.8338
 Final RMS Gradient :              0.0014
 Final Gradient Norm :             0.0034
