
     ######################################################################
   ##########################################################################
  ###                                                                      ###
 ###            Tinker  ---  Software Tools for Molecular Design            ###
 ##                                                                          ##
 ##                          Version 8.7  June 2019                          ##
 ##                                                                          ##
 ##               Copyright (c)  Jay William Ponder  1990-2019               ##
 ###                           All Rights Reserved                          ###
  ###                                                                      ###
   ##########################################################################
     ######################################################################


 Additional Atom Definition Parameters :

     Type  Class  Symbol  Description               Atomic    Mass   Valence

     402    402     O     methanol                     8     15.999     2
     401    401     C     methanol                     6     12.011     4
     403    403     H     methanol                     1      1.008     1
     404    404     H     methanol                     1      1.008     1

 Additional Bond Stretching Parameters :

     Atom Classes             K(S)         Length

       401 402             500.100         1.4296
       402 404             615.900         0.9714
       401 403             385.000         1.0956

 Additional Angle Bending Parameters :

     Atom Classes             K(B)          Angle

     403 401 403            40.570        108.724
     402 401 403            60.990        106.530
     401 402 404            64.960        106.891

 Additional Stretch-Bend Parameters :

     Atom Classes          K(SB)-1        K(SB)-2

     402 401 403            -4.500         38.000
     401 402 404            -4.500         38.000

 Additional Torsional Parameters :

     Atom Classes     1-Fold    2-Fold    3-Fold    4-Fold    5-Fold    6-Fold

   403 401 402 404   0.72   0 -0.72 180  0.21   0  0.00   0  0.00   0  0.00   0

 Additional van der Waals Parameters :

     Atom Class               Size        Epsilon        Reduction

         402                3.4050         0.1100          0.000
         401                3.7600         0.1010          0.000
         403                2.8700         0.0240          0.910
         404                2.6550         0.0135          0.910

 Additional Atomic Multipole Parameters :

     Atom Type     Coordinate Frame Definition         Multipole Moments

         401      402    404      0   Z-then-X     0.14802
                                                  -0.08108  0.00000  0.42570
                                                  -0.39844
                                                   0.00000 -0.41757
                                                   0.02956  0.00000  0.81601

         402      401    404      0   Z-then-X    -0.43376
                                                   0.19656  0.00000  0.27529
                                                   0.13769
                                                   0.00000 -0.43975
                                                  -0.15642  0.00000  0.30205

         403      401    402      0   Z-then-X     0.02474
                                                   0.00105  0.00000 -0.10244
                                                   0.02646
                                                   0.00000  0.01500
                                                  -0.02740  0.00000 -0.04146

         404      402    401      0   Z-then-X     0.21152
                                                  -0.02854  0.00000 -0.09826
                                                   0.03555
                                                   0.00000 -0.09467
                                                  -0.02157  0.00000  0.05912

 Additional Atomic Dipole Polarizability Parameters :

     Atom Type           Alpha       Thole     Group Atom Types

         402             0.837       0.390         401  404
         401             1.334       0.390         402  403
         403             0.496       0.390         401
         404             0.496       0.390         402

 Limited Memory BFGS Quasi-Newton Optimization :

 QN Iter     F Value      G RMS      F Move   X Move   Angle  FG Call  Comment

     0     1618.3796  2796.9893                                   1
     1      130.3273   551.9032   1488.0524   0.1701    0.00      2    Success 
     2       34.1038   228.4312     96.2234   0.0446    3.04      3    Success 
     3       10.0948    88.9351     24.0090   0.0314   11.84      4    Success 
     4        6.4830    58.3657      3.6118   0.0102   26.45      5    Success 
     5        2.6055    43.5088      3.8775   0.0177   26.06      6    Success 
     6        0.3744    29.9458      2.2311   0.0192   40.59      7    Success 
     7       -0.6252    16.4636      0.9997   0.0106   44.78      8    Success 
     8       -1.3540    16.3158      0.7288   0.0152   38.60      9    Success 
     9       -1.7324    16.7127      0.3784   0.0113   63.47     10    Success 
    10       -2.1192    18.0658      0.3868   0.0187   66.18     11    Success 
    11       -2.2688     6.2416      0.1496   0.0059   60.90     12    Success 
    12       -2.2927     4.3209      0.0240   0.0014   53.64     13    Success 
    13       -2.3242     4.7067      0.0314   0.0024   42.27     14    Success 
    14       -2.3528     4.4537      0.0287   0.0026   59.32     15    Success 
    15       -2.3914     2.4612      0.0386   0.0048   63.84     16    Success 
    16       -2.4066     0.9289      0.0152   0.0035   61.61     17    Success 
    17       -2.4098     0.6383      0.0032   0.0012   41.34     18    Success 
    18       -2.4114     0.5520      0.0016   0.0009   43.06     19    Success 
    19       -2.4127     0.4411      0.0013   0.0009   51.84     20    Success 
    20       -2.4137     0.4196      0.0010   0.0012   52.19     21    Success 
    21       -2.4138     0.1269      0.0001   0.0002   55.82     23    Success 
    22       -2.4139     0.0364      0.0000   0.0001   49.56     24    Success 
    23       -2.4139     0.0162      0.0000   0.0000   56.17     25    Success 
    24       -2.4139     0.0154      0.0000   0.0000   34.26     26    Success 
    25       -2.4139     0.0153      0.0000   0.0000   42.30     27    Success 
    26       -2.4139     0.0128      0.0000   0.0000   48.83     28    Success 
    27       -2.4139     0.0188      0.0000   0.0000   48.99     30    Success 
    28       -2.4139     0.0082      0.0000   0.0000   56.56     31    Success 
    29       -2.4139     0.0082     -0.0000   0.0000   50.37     37   BadIntpln
    30       -2.4139     0.0183      0.0000   0.0000   67.77     43    ReSearch
    31       -2.4139     0.0168     -0.0000   0.0000   75.10     45    Success 
    32       -2.4139     0.0168      0.0000   0.0000   68.74     50   BadIntpln
    33       -2.4139     0.0163     -0.0000   0.0000   71.15     54    Success 
    34       -2.4139     0.0229     -0.0000   0.0000   66.52     59   BadIntpln
    35       -2.4139     0.0071      0.0000   0.0000   50.00     60    Success 
    36       -2.4139     0.0063      0.0000   0.0000   83.16     61    Success 
    37       -2.4139     0.0047      0.0000   0.0000   82.50     62    Success 
    38       -2.4139     0.0047     -0.0000   0.0000   81.29     68   BadIntpln
    39       -2.4139     0.0037      0.0000   0.0000   83.17     69    Success 
    40       -2.4139     0.0037      0.0000   0.0000   75.76     78   BadIntpln
    41       -2.4139     0.0037      0.0000   0.0000   74.74     83   BadIntpln

 LBFGS  --  Incomplete Convergence due to BadIntpln

 Final Function Value :           -2.4139
 Final RMS Gradient :              0.0037
 Final Gradient Norm :             0.0090
