
     ######################################################################
   ##########################################################################
  ###                                                                      ###
 ###            Tinker  ---  Software Tools for Molecular Design            ###
 ##                                                                          ##
 ##                          Version 8.7  June 2019                          ##
 ##                                                                          ##
 ##               Copyright (c)  Jay William Ponder  1990-2019               ##
 ###                           All Rights Reserved                          ###
  ###                                                                      ###
   ##########################################################################
     ######################################################################


 Additional Atom Definition Parameters :

     Type  Class  Symbol  Description               Atomic    Mass   Valence

     402    402     O     methanol                     8     15.999     2
     401    401     C     methanol                     6     12.011     4
     403    403     H     methanol                     1      1.008     1
     404    404     H     methanol                     1      1.008     1

 Additional Bond Stretching Parameters :

     Atom Classes             K(S)         Length

       401 402             500.100         1.4296
       402 404             615.900         0.9714
       401 403             385.000         1.0956

 Additional Angle Bending Parameters :

     Atom Classes             K(B)          Angle

     403 401 403            40.570        108.724
     402 401 403            60.990        106.530
     401 402 404            64.960        106.891

 Additional Stretch-Bend Parameters :

     Atom Classes          K(SB)-1        K(SB)-2

     402 401 403            -4.500         38.000
     401 402 404            -4.500         38.000

 Additional Torsional Parameters :

     Atom Classes     1-Fold    2-Fold    3-Fold    4-Fold    5-Fold    6-Fold

   403 401 402 404   0.72   0 -0.72 180  0.21   0  0.00   0  0.00   0  0.00   0

 Additional van der Waals Parameters :

     Atom Class               Size        Epsilon        Reduction

         402                3.4050         0.1100          0.000
         401                3.7600         0.1010          0.000
         403                2.8700         0.0240          0.910
         404                2.6550         0.0135          0.910

 Additional Atomic Multipole Parameters :

     Atom Type     Coordinate Frame Definition         Multipole Moments

         401      402    404      0   Z-then-X     0.14802
                                                  -0.08108  0.00000  0.42570
                                                  -0.39844
                                                   0.00000 -0.41757
                                                   0.02956  0.00000  0.81601

         402      401    404      0   Z-then-X    -0.43376
                                                   0.19656  0.00000  0.27529
                                                   0.13769
                                                   0.00000 -0.43975
                                                  -0.15642  0.00000  0.30205

         403      401    402      0   Z-then-X     0.02474
                                                   0.00105  0.00000 -0.10244
                                                   0.02646
                                                   0.00000  0.01500
                                                  -0.02740  0.00000 -0.04146

         404      402    401      0   Z-then-X     0.21152
                                                  -0.02854  0.00000 -0.09826
                                                   0.03555
                                                   0.00000 -0.09467
                                                  -0.02157  0.00000  0.05912

 Additional Atomic Dipole Polarizability Parameters :

     Atom Type           Alpha       Thole     Group Atom Types

         402             0.837       0.390         401  404
         401             1.334       0.390         402  403
         403             0.496       0.390         401
         404             0.496       0.390         402

 Limited Memory BFGS Quasi-Newton Optimization :

 QN Iter     F Value      G RMS      F Move   X Move   Angle  FG Call  Comment

     0       -0.7882    36.6266                                   1
     1       -2.1572    21.8037      1.3690   0.0241    0.00      3    Success 
     2       -2.7072    10.2964      0.5500   0.0073    5.59      4    Success 
     3       -2.8259     6.7175      0.1187   0.0047   22.94      5    Success 
     4       -2.8999     4.3979      0.0740   0.0027   33.99      6    Success 
     5       -2.9933     5.8444      0.0933   0.0064   28.79      7    Success 
     6       -3.0177     6.0543      0.0245   0.0027   59.05      9    Success 
     7       -3.0460     4.5575      0.0283   0.0029   70.58     10    Success 
     8       -3.0928     3.6323      0.0468   0.0043   60.94     11    Success 
     9       -3.1567     2.8309      0.0639   0.0072   53.65     12    Success 
    10       -3.1854     1.5280      0.0287   0.0049   57.35     13    Success 
    11       -3.1889     1.7696      0.0036   0.0014   55.03     15    Success 
    12       -3.1925     0.4181      0.0036   0.0014   61.66     16    Success 
    13       -3.1929     0.2743      0.0004   0.0004   49.57     17    Success 
    14       -3.1931     0.1643      0.0002   0.0003   47.92     18    Success 
    15       -3.1932     0.1303      0.0000   0.0002   45.62     19    Success 
    16       -3.1932     0.0741      0.0000   0.0000   37.43     20    Success 
    17       -3.1932     0.0494      0.0000   0.0001   39.89     21    Success 
    18       -3.1932     0.0294      0.0000   0.0001   56.45     22    Success 
    19       -3.1932     0.0245     -0.0000   0.0000   66.44     24    Success 
    20       -3.1932     0.0245     -0.0000   0.0000   65.59     29   BadIntpln
    21       -3.1932     0.0147     -0.0000   0.0000   64.19     31    Success 
    22       -3.1932     0.0102      0.0000   0.0000   62.04     32    Success 
    23       -3.1932     0.0095      0.0000   0.0000   79.72     36    ReSearch
    24       -3.1932     0.0095      0.0000   0.0000   73.82     43   BadIntpln
    25       -3.1932     0.0095     -0.0000   0.0000   78.34     49   BadIntpln

 LBFGS  --  Incomplete Convergence due to BadIntpln

 Final Function Value :           -3.1932
 Final RMS Gradient :              0.0095
 Final Gradient Norm :             0.0234
