
     ######################################################################
   ##########################################################################
  ###                                                                      ###
 ###            Tinker  ---  Software Tools for Molecular Design            ###
 ##                                                                          ##
 ##                          Version 8.7  June 2019                          ##
 ##                                                                          ##
 ##               Copyright (c)  Jay William Ponder  1990-2019               ##
 ###                           All Rights Reserved                          ###
  ###                                                                      ###
   ##########################################################################
     ######################################################################


 Additional Atom Definition Parameters :

     Type  Class  Symbol  Description               Atomic    Mass   Valence

     402    402     O     methanol                     8     15.999     2
     401    401     C     methanol                     6     12.011     4
     403    403     H     methanol                     1      1.008     1
     404    404     H     methanol                     1      1.008     1

 Additional Bond Stretching Parameters :

     Atom Classes             K(S)         Length

       401 402             500.100         1.4296
       402 404             615.900         0.9714
       401 403             385.000         1.0956

 Additional Angle Bending Parameters :

     Atom Classes             K(B)          Angle

     403 401 403            40.570        108.724
     402 401 403            60.990        106.530
     401 402 404            64.960        106.891

 Additional Stretch-Bend Parameters :

     Atom Classes          K(SB)-1        K(SB)-2

     402 401 403            -4.500         38.000
     401 402 404            -4.500         38.000

 Additional Torsional Parameters :

     Atom Classes     1-Fold    2-Fold    3-Fold    4-Fold    5-Fold    6-Fold

   403 401 402 404   0.72   0 -0.72 180  0.21   0  0.00   0  0.00   0  0.00   0

 Additional van der Waals Parameters :

     Atom Class               Size        Epsilon        Reduction

         402                3.4050         0.1100          0.000
         401                3.7600         0.1010          0.000
         403                2.8700         0.0240          0.910
         404                2.6550         0.0135          0.910

 Additional Atomic Multipole Parameters :

     Atom Type     Coordinate Frame Definition         Multipole Moments

         401      402    404      0   Z-then-X     0.14802
                                                  -0.08108  0.00000  0.42570
                                                  -0.39844
                                                   0.00000 -0.41757
                                                   0.02956  0.00000  0.81601

         402      401    404      0   Z-then-X    -0.43376
                                                   0.19656  0.00000  0.27529
                                                   0.13769
                                                   0.00000 -0.43975
                                                  -0.15642  0.00000  0.30205

         403      401    402      0   Z-then-X     0.02474
                                                   0.00105  0.00000 -0.10244
                                                   0.02646
                                                   0.00000  0.01500
                                                  -0.02740  0.00000 -0.04146

         404      402    401      0   Z-then-X     0.21152
                                                  -0.02854  0.00000 -0.09826
                                                   0.03555
                                                   0.00000 -0.09467
                                                  -0.02157  0.00000  0.05912

 Additional Atomic Dipole Polarizability Parameters :

     Atom Type           Alpha       Thole     Group Atom Types

         402             0.837       0.390         401  404
         401             1.334       0.390         402  403
         403             0.496       0.390         401
         404             0.496       0.390         402

 Limited Memory BFGS Quasi-Newton Optimization :

 QN Iter     F Value      G RMS      F Move   X Move   Angle  FG Call  Comment

     0       38.8238   438.0387                                   1
     1       -0.4482    42.2370     39.2720   0.0292    0.00      3    Success 
     2       -1.1028    31.6382      0.6546   0.0031    4.28      4    Success 
     3       -2.0313    15.9955      0.9285   0.0070    9.99      5    Success 
     4       -2.5044     9.5701      0.4730   0.0081   16.51      6    Success 
     5       -2.7161     6.6844      0.2118   0.0065   36.94      7    Success 
     6       -2.8837     4.9962      0.1676   0.0085   43.81      8    Success 
     7       -2.9650     8.5293      0.0813   0.0109   49.76      9    Success 
     8       -3.0359     4.2798      0.0710   0.0046   60.51     10    Success 
     9       -3.0719     3.0549      0.0360   0.0030   50.80     11    Success 
    10       -3.0958     1.4899      0.0238   0.0040   57.42     12    Success 
    11       -3.1036     0.9324      0.0079   0.0019   49.16     13    Success 
    12       -3.1079     0.6622      0.0042   0.0020   44.60     14    Success 
    13       -3.1084     0.5411      0.0006   0.0006   51.89     15    Success 
    14       -3.1087     0.1886      0.0002   0.0001   35.23     16    Success 
    15       -3.1088     0.1584      0.0001   0.0001   33.36     17    Success 
    16       -3.1089     0.1936      0.0001   0.0002   45.75     18    Success 
    17       -3.1090     0.1561      0.0001   0.0003   60.49     19    Success 
    18       -3.1090     0.0815      0.0000   0.0002   64.28     20    Success 
    19       -3.1090     0.0389      0.0000   0.0000   30.30     21    Success 
    20       -3.1090     0.0136      0.0000   0.0000   54.38     22    Success 
    21       -3.1090     0.0105      0.0000   0.0000   38.88     23    Success 
    22       -3.1090     0.0105     -0.0000   0.0000   56.71     29   BadIntpln
    23       -3.1090     0.0105     -0.0000   0.0000   70.73     35   BadIntpln

 LBFGS  --  Incomplete Convergence due to BadIntpln

 Final Function Value :           -3.1090
 Final RMS Gradient :              0.0105
 Final Gradient Norm :             0.0257
