
     ######################################################################
   ##########################################################################
  ###                                                                      ###
 ###            Tinker  ---  Software Tools for Molecular Design            ###
 ##                                                                          ##
 ##                          Version 8.7  June 2019                          ##
 ##                                                                          ##
 ##               Copyright (c)  Jay William Ponder  1990-2019               ##
 ###                           All Rights Reserved                          ###
  ###                                                                      ###
   ##########################################################################
     ######################################################################


 Additional Atom Definition Parameters :

     Type  Class  Symbol  Description               Atomic    Mass   Valence

     402    402     O     methanol                     8     15.999     2
     401    401     C     methanol                     6     12.011     4
     403    403     H     methanol                     1      1.008     1
     404    404     H     methanol                     1      1.008     1

 Additional Bond Stretching Parameters :

     Atom Classes             K(S)         Length

       401 402             500.100         1.4296
       402 404             615.900         0.9714
       401 403             385.000         1.0956

 Additional Angle Bending Parameters :

     Atom Classes             K(B)          Angle

     403 401 403            40.570        108.724
     402 401 403            60.990        106.530
     401 402 404            64.960        106.891

 Additional Stretch-Bend Parameters :

     Atom Classes          K(SB)-1        K(SB)-2

     402 401 403            -4.500         38.000
     401 402 404            -4.500         38.000

 Additional Torsional Parameters :

     Atom Classes     1-Fold    2-Fold    3-Fold    4-Fold    5-Fold    6-Fold

   403 401 402 404   0.00   0  0.00 180  0.00   0  0.00   0  0.00   0  0.00   0

 Additional van der Waals Parameters :

     Atom Class               Size        Epsilon        Reduction

         402                3.4050         0.1100          0.000
         401                3.7600         0.1010          0.000
         403                2.8700         0.0240          0.910
         404                2.6550         0.0135          0.910

 Additional Atomic Multipole Parameters :

     Atom Type     Coordinate Frame Definition         Multipole Moments

         401      402    404      0   Z-then-X     0.14802
                                                  -0.08108  0.00000  0.42570
                                                  -0.39844
                                                   0.00000 -0.41757
                                                   0.02956  0.00000  0.81601

         402      401    404      0   Z-then-X    -0.43376
                                                   0.19656  0.00000  0.27529
                                                   0.13769
                                                   0.00000 -0.43975
                                                  -0.15642  0.00000  0.30205

         403      401    402      0   Z-then-X     0.02474
                                                   0.00105  0.00000 -0.10244
                                                   0.02646
                                                   0.00000  0.01500
                                                  -0.02740  0.00000 -0.04146

         404      402    401      0   Z-then-X     0.21152
                                                  -0.02854  0.00000 -0.09826
                                                   0.03555
                                                   0.00000 -0.09467
                                                  -0.02157  0.00000  0.05912

 Additional Atomic Dipole Polarizability Parameters :

     Atom Type           Alpha       Thole     Group Atom Types

         402             0.837       0.390         401  404
         401             1.334       0.390         402  403
         403             0.496       0.390         401
         404             0.496       0.390         402

 Limited Memory BFGS Quasi-Newton Optimization :

 QN Iter     F Value      G RMS      F Move   X Move   Angle  FG Call  Comment

     0     1164.9416  2367.7741                                   1
     1       49.8094   285.0426   1115.1322   0.1701    0.00      2    Success 
     2       20.8051   167.2127     29.0043   0.0222    6.01      3    Success 
     3        4.9014    61.4810     15.9037   0.0308   10.04      4    Success 
     4        2.8211    50.2353      2.0803   0.0074   31.21      5    Success 
     5       -0.2729    26.0449      3.0940   0.0162   31.75      6    Success 
     6       -1.3438    24.2447      1.0709   0.0193   30.43      7    Success 
     7       -1.6584    32.6369      0.3145   0.0067   30.39      8    Success 
     8       -1.9606    17.5851      0.3022   0.0027   43.67      9    Success 
     9       -2.3923     8.3154      0.4317   0.0100   55.22     10    Success 
    10       -2.6511    11.0030      0.2588   0.0125   51.63     11    Success 
    11       -2.8806     9.8565      0.2295   0.0130   58.72     12    Success 
    12       -2.9624     3.5017      0.0818   0.0075   67.43     13    Success 
    13       -2.9813     2.3387      0.0189   0.0018   48.87     14    Success 
    14       -3.0033     2.8237      0.0220   0.0027   32.49     15    Success 
    15       -3.0178     2.3856      0.0146   0.0027   63.33     16    Success 
    16       -3.0234     2.7345      0.0056   0.0030   66.82     17    Success 
    17       -3.0274     0.4815      0.0040   0.0009   54.54     18    Success 
    18       -3.0278     0.4094      0.0004   0.0003   52.49     19    Success 
    19       -3.0285     0.4133      0.0007   0.0004   34.16     20    Success 
    20       -3.0296     0.3390      0.0011   0.0008   47.01     21    Success 
    21       -3.0301     0.0790      0.0005   0.0010   59.99     22    Success 
    22       -3.0301     0.0451      0.0000   0.0000   47.36     24    Success 
    23       -3.0301     0.0141      0.0000   0.0000   45.53     25    Success 
    24       -3.0301     0.0093      0.0000   0.0000   41.18     26    Success 
    25       -3.0301     0.0093     -0.0000   0.0000   42.56     33   BadIntpln
    26       -3.0301     0.0079     -0.0000   0.0000   39.81     35    Success 
    27       -3.0301     0.0079     -0.0000   0.0000   40.97     42   BadIntpln
    28       -3.0301     0.0038      0.0000   0.0000   42.62     43    Success 
    29       -3.0301     0.0035     -0.0000   0.0000   62.08     53   BadIntpln
    30       -3.0301     0.0035     -0.0000   0.0000   60.86     63   BadIntpln

 LBFGS  --  Incomplete Convergence due to BadIntpln

 Final Function Value :           -3.0301
 Final RMS Gradient :              0.0035
 Final Gradient Norm :             0.0086
