
     ######################################################################
   ##########################################################################
  ###                                                                      ###
 ###            Tinker  ---  Software Tools for Molecular Design            ###
 ##                                                                          ##
 ##                          Version 8.7  June 2019                          ##
 ##                                                                          ##
 ##               Copyright (c)  Jay William Ponder  1990-2019               ##
 ###                           All Rights Reserved                          ###
  ###                                                                      ###
   ##########################################################################
     ######################################################################


 Additional Atom Definition Parameters :

     Type  Class  Symbol  Description               Atomic    Mass   Valence

     402    402     O     methanol                     8     15.999     2
     401    401     C     methanol                     6     12.011     4
     403    403     H     methanol                     1      1.008     1
     404    404     H     methanol                     1      1.008     1

 Additional Bond Stretching Parameters :

     Atom Classes             K(S)         Length

       401 402             500.100         1.4296
       402 404             615.900         0.9714
       401 403             385.000         1.0956

 Additional Angle Bending Parameters :

     Atom Classes             K(B)          Angle

     403 401 403            40.570        108.724
     402 401 403            60.990        106.530
     401 402 404            64.960        106.891

 Additional Stretch-Bend Parameters :

     Atom Classes          K(SB)-1        K(SB)-2

     402 401 403            -4.500         38.000
     401 402 404            -4.500         38.000

 Additional Torsional Parameters :

     Atom Classes     1-Fold    2-Fold    3-Fold    4-Fold    5-Fold    6-Fold

   403 401 402 404   0.72   0 -0.72 180  0.21   0  0.00   0  0.00   0  0.00   0

 Additional van der Waals Parameters :

     Atom Class               Size        Epsilon        Reduction

         402                3.4050         0.1100          0.000
         401                3.7600         0.1010          0.000
         403                2.8700         0.0240          0.910
         404                2.6550         0.0135          0.910

 Additional Atomic Multipole Parameters :

     Atom Type     Coordinate Frame Definition         Multipole Moments

         401      402    404      0   Z-then-X     0.14802
                                                  -0.08108  0.00000  0.42570
                                                  -0.39844
                                                   0.00000 -0.41757
                                                   0.02956  0.00000  0.81601

         402      401    404      0   Z-then-X    -0.43376
                                                   0.19656  0.00000  0.27529
                                                   0.13769
                                                   0.00000 -0.43975
                                                  -0.15642  0.00000  0.30205

         403      401    402      0   Z-then-X     0.02474
                                                   0.00105  0.00000 -0.10244
                                                   0.02646
                                                   0.00000  0.01500
                                                  -0.02740  0.00000 -0.04146

         404      402    401      0   Z-then-X     0.21152
                                                  -0.02854  0.00000 -0.09826
                                                   0.03555
                                                   0.00000 -0.09467
                                                  -0.02157  0.00000  0.05912

 Additional Atomic Dipole Polarizability Parameters :

     Atom Type           Alpha       Thole     Group Atom Types

         402             0.837       0.390         401  404
         401             1.334       0.390         402  403
         403             0.496       0.390         401
         404             0.496       0.390         402

 Limited Memory BFGS Quasi-Newton Optimization :

 QN Iter     F Value      G RMS      F Move   X Move   Angle  FG Call  Comment

     0      155.6557   862.2463                                   1
     1        3.4046    88.0271    152.2510   0.0598    0.00      3    Success 
     2        0.6884    59.7465      2.7163   0.0062    5.81      4    Success 
     3       -1.8654    14.0349      2.5538   0.0139   11.50      5    Success 
     4       -2.0859    11.7703      0.2205   0.0033   23.59      6    Success 
     5       -2.4037    10.1304      0.3178   0.0071   27.78      7    Success 
     6       -2.6182    10.6799      0.2145   0.0131   41.16      8    Success 
     7       -2.7159     5.3972      0.0977   0.0025   27.59      9    Success 
     8       -2.7955     6.1732      0.0796   0.0038   33.76     10    Success 
     9       -2.9079     7.4392      0.1124   0.0084   59.24     11    Success 
    10       -2.9857     5.0254      0.0778   0.0086   70.90     12    Success 
    11       -3.0032     3.1139      0.0175   0.0042   68.71     13    Success 
    12       -3.0108     1.3302      0.0076   0.0009   46.72     14    Success 
    13       -3.0133     1.3974      0.0025   0.0006   46.30     15    Success 
    14       -3.0171     1.2786      0.0037   0.0011   56.42     16    Success 
    15       -3.0202     0.7004      0.0032   0.0016   64.27     17    Success 
    16       -3.0209     0.2188      0.0006   0.0006   67.41     18    Success 
    17       -3.0211     0.3326      0.0002   0.0004   45.19     19    Success 
    18       -3.0212     0.3476      0.0001   0.0003   70.80     20    Success 
    19       -3.0213     0.1476      0.0001   0.0003   72.85     21    Success 
    20       -3.0213     0.0557      0.0000   0.0000   44.89     22    Success 
    21       -3.0213     0.0144      0.0000   0.0000   66.71     23    Success 
    22       -3.0213     0.0067      0.0000   0.0000   38.79     24    Success 
    23       -3.0213     0.0043      0.0000   0.0000   39.51     25    Success 
    24       -3.0213     0.0042     -0.0000   0.0000   54.90     33   BadIntpln
    25       -3.0213     0.0012      0.0000   0.0000   55.44     34    Success 
    26       -3.0213     0.0013      0.0000   0.0000   41.30     35    Success 
    27       -3.0213     0.0021      0.0000   0.0000   38.78     36    Success 
    28       -3.0213     0.0021     -0.0000   0.0000   70.57     42   BadIntpln
    29       -3.0213     0.0030      0.0000   0.0000   69.06     43    Success 
    30       -3.0213     0.0030     -0.0000   0.0000   76.85     49   BadIntpln
    31       -3.0213     0.0030     -0.0000   0.0000   78.46     54   BadIntpln

 LBFGS  --  Incomplete Convergence due to BadIntpln

 Final Function Value :           -3.0213
 Final RMS Gradient :              0.0030
 Final Gradient Norm :             0.0073
