
     ######################################################################
   ##########################################################################
  ###                                                                      ###
 ###            Tinker  ---  Software Tools for Molecular Design            ###
 ##                                                                          ##
 ##                          Version 8.7  June 2019                          ##
 ##                                                                          ##
 ##               Copyright (c)  Jay William Ponder  1990-2019               ##
 ###                           All Rights Reserved                          ###
  ###                                                                      ###
   ##########################################################################
     ######################################################################


 Additional Atom Definition Parameters :

     Type  Class  Symbol  Description               Atomic    Mass   Valence

     402    402     O     methanol                     8     15.999     2
     401    401     C     methanol                     6     12.011     4
     403    403     H     methanol                     1      1.008     1
     404    404     H     methanol                     1      1.008     1

 Additional Bond Stretching Parameters :

     Atom Classes             K(S)         Length

       401 402             500.100         1.4296
       402 404             615.900         0.9714
       401 403             385.000         1.0956

 Additional Angle Bending Parameters :

     Atom Classes             K(B)          Angle

     403 401 403            40.570        108.724
     402 401 403            60.990        106.530
     401 402 404            64.960        106.891

 Additional Stretch-Bend Parameters :

     Atom Classes          K(SB)-1        K(SB)-2

     402 401 403            -4.500         38.000
     401 402 404            -4.500         38.000

 Additional Torsional Parameters :

     Atom Classes     1-Fold    2-Fold    3-Fold    4-Fold    5-Fold    6-Fold

   403 401 402 404   0.00   0  0.00 180  0.00   0  0.00   0  0.00   0  0.00   0

 Additional van der Waals Parameters :

     Atom Class               Size        Epsilon        Reduction

         402                3.4050         0.1100          0.000
         401                3.7600         0.1010          0.000
         403                2.8700         0.0240          0.910
         404                2.6550         0.0135          0.910

 Additional Atomic Multipole Parameters :

     Atom Type     Coordinate Frame Definition         Multipole Moments

         401      402    404      0   Z-then-X     0.14802
                                                  -0.08108  0.00000  0.42570
                                                  -0.39844
                                                   0.00000 -0.41757
                                                   0.02956  0.00000  0.81601

         402      401    404      0   Z-then-X    -0.43376
                                                   0.19656  0.00000  0.27529
                                                   0.13769
                                                   0.00000 -0.43975
                                                  -0.15642  0.00000  0.30205

         403      401    402      0   Z-then-X     0.02474
                                                   0.00105  0.00000 -0.10244
                                                   0.02646
                                                   0.00000  0.01500
                                                  -0.02740  0.00000 -0.04146

         404      402    401      0   Z-then-X     0.21152
                                                  -0.02854  0.00000 -0.09826
                                                   0.03555
                                                   0.00000 -0.09467
                                                  -0.02157  0.00000  0.05912

 Additional Atomic Dipole Polarizability Parameters :

     Atom Type           Alpha       Thole     Group Atom Types

         402             0.837       0.390         401  404
         401             1.334       0.390         402  403
         403             0.496       0.390         401
         404             0.496       0.390         402

 Limited Memory BFGS Quasi-Newton Optimization :

 QN Iter     F Value      G RMS      F Move   X Move   Angle  FG Call  Comment

     0       86.2360   650.4304                                   1
     1       -0.0500    50.6691     86.2860   0.0440    0.00      3    Success 
     2       -0.9709    36.3049      0.9209   0.0036    3.92      4    Success 
     3       -2.1244    13.2153      1.1535   0.0086   11.09      5    Success 
     4       -2.4261    10.2940      0.3017   0.0055   13.73      6    Success 
     5       -2.6796     7.8695      0.2536   0.0077   34.84      7    Success 
     6       -2.7237    16.0860      0.0441   0.0098   44.17      8    Success 
     7       -2.7992    11.4963      0.0755   0.0009   10.81      9    Success 
     8       -2.9038     4.5803      0.1046   0.0026   32.42     10    Success 
     9       -2.9593     5.2501      0.0555   0.0034   35.56     11    Success 
    10       -3.0259     6.9072      0.0665   0.0057   60.71     12    Success 
    11       -3.1085     5.6066      0.0826   0.0092   70.00     13    Success 
    12       -3.1200     5.4286      0.0115   0.0062   72.68     14    Success 
    13       -3.1363     2.4593      0.0163   0.0013   57.15     15    Success 
    14       -3.1419     0.8972      0.0056   0.0010   49.63     16    Success 
    15       -3.1434     0.8442      0.0015   0.0005   43.88     17    Success 
    16       -3.1456     0.6083      0.0022   0.0010   53.06     18    Success 
    17       -3.1467     0.2211      0.0011   0.0009   59.22     19    Success 
    18       -3.1469     0.1388      0.0002   0.0004   52.75     20    Success 
    19       -3.1470     0.1412      0.0001   0.0003   50.48     21    Success 
    20       -3.1470     0.1553      0.0000   0.0002   65.42     22    Success 
    21       -3.1470     0.0408      0.0000   0.0000   60.88     24    Success 
    22       -3.1470     0.0274      0.0000   0.0000   71.91     25    Success 
    23       -3.1470     0.0078      0.0000   0.0000   41.70     26    Success 
    24       -3.1470     0.0063      0.0000   0.0000   40.57     27    Success 
    25       -3.1470     0.0063      0.0000   0.0000   39.53     35   BadIntpln
    26       -3.1470     0.0085      0.0000   0.0000   29.37     36    Success 
    27       -3.1470     0.0085     -0.0000   0.0000   70.89     42   BadIntpln
    28       -3.1470     0.0076      0.0000   0.0000   70.93     44    Success 
    29       -3.1470     0.0041      0.0000   0.0000   70.09     45    Success 
    30       -3.1470     0.0030     -0.0000   0.0000   66.57     47    Success 
    31       -3.1470     0.0013      0.0000   0.0000   63.07     48    Success 
    32       -3.1470     0.0013     -0.0000   0.0000   53.72     56   BadIntpln
    33       -3.1470     0.0013      0.0000   0.0000   47.18     65   BadIntpln

 LBFGS  --  Incomplete Convergence due to BadIntpln

 Final Function Value :           -3.1470
 Final RMS Gradient :              0.0013
 Final Gradient Norm :             0.0033
