
     ######################################################################
   ##########################################################################
  ###                                                                      ###
 ###            Tinker  ---  Software Tools for Molecular Design            ###
 ##                                                                          ##
 ##                          Version 8.7  June 2019                          ##
 ##                                                                          ##
 ##               Copyright (c)  Jay William Ponder  1990-2019               ##
 ###                           All Rights Reserved                          ###
  ###                                                                      ###
   ##########################################################################
     ######################################################################


 Additional Atom Definition Parameters :

     Type  Class  Symbol  Description               Atomic    Mass   Valence

     402    402     O     methanol                     8     15.999     2
     401    401     C     methanol                     6     12.011     4
     403    403     H     methanol                     1      1.008     1
     404    404     H     methanol                     1      1.008     1

 Additional Bond Stretching Parameters :

     Atom Classes             K(S)         Length

       401 402             500.100         1.4296
       402 404             615.900         0.9714
       401 403             385.000         1.0956

 Additional Angle Bending Parameters :

     Atom Classes             K(B)          Angle

     403 401 403            40.570        108.724
     402 401 403            60.990        106.530
     401 402 404            64.960        106.891

 Additional Stretch-Bend Parameters :

     Atom Classes          K(SB)-1        K(SB)-2

     402 401 403            -4.500         38.000
     401 402 404            -4.500         38.000

 Additional Torsional Parameters :

     Atom Classes     1-Fold    2-Fold    3-Fold    4-Fold    5-Fold    6-Fold

   403 401 402 404   0.72   0 -0.72 180  0.21   0  0.00   0  0.00   0  0.00   0

 Additional van der Waals Parameters :

     Atom Class               Size        Epsilon        Reduction

         402                3.4050         0.1100          0.000
         401                3.7600         0.1010          0.000
         403                2.8700         0.0240          0.910
         404                2.6550         0.0135          0.910

 Additional Atomic Multipole Parameters :

     Atom Type     Coordinate Frame Definition         Multipole Moments

         401      402    404      0   Z-then-X     0.14802
                                                  -0.08108  0.00000  0.42570
                                                  -0.39844
                                                   0.00000 -0.41757
                                                   0.02956  0.00000  0.81601

         402      401    404      0   Z-then-X    -0.43376
                                                   0.19656  0.00000  0.27529
                                                   0.13769
                                                   0.00000 -0.43975
                                                  -0.15642  0.00000  0.30205

         403      401    402      0   Z-then-X     0.02474
                                                   0.00105  0.00000 -0.10244
                                                   0.02646
                                                   0.00000  0.01500
                                                  -0.02740  0.00000 -0.04146

         404      402    401      0   Z-then-X     0.21152
                                                  -0.02854  0.00000 -0.09826
                                                   0.03555
                                                   0.00000 -0.09467
                                                  -0.02157  0.00000  0.05912

 Additional Atomic Dipole Polarizability Parameters :

     Atom Type           Alpha       Thole     Group Atom Types

         402             0.837       0.390         401  404
         401             1.334       0.390         402  403
         403             0.496       0.390         401
         404             0.496       0.390         402

 Limited Memory BFGS Quasi-Newton Optimization :

 QN Iter     F Value      G RMS      F Move   X Move   Angle  FG Call  Comment

     0       86.1974   650.3699                                   1
     1        0.0158    50.5796     86.1817   0.0439    0.00      3    Success 
     2       -0.9013    36.2597      0.9171   0.0036    3.92      4    Success 
     3       -2.0507    13.1429      1.1494   0.0086   11.15      5    Success 
     4       -2.3494    10.2288      0.2987   0.0055   13.47      6    Success 
     5       -2.5995     7.8801      0.2501   0.0076   34.86      7    Success 
     6       -2.6446    16.0812      0.0451   0.0098   44.30      8    Success 
     7       -2.7215    11.3857      0.0769   0.0010   11.10      9    Success 
     8       -2.8266     4.4644      0.1051   0.0027   32.51     10    Success 
     9       -2.8800     5.2652      0.0534   0.0033   36.10     11    Success 
    10       -2.9496     6.9328      0.0696   0.0060   60.69     12    Success 
    11       -3.0301     5.5318      0.0805   0.0091   70.15     13    Success 
    12       -3.0409     5.2898      0.0107   0.0060   72.53     14    Success 
    13       -3.0562     2.4540      0.0153   0.0013   58.65     15    Success 
    14       -3.0617     0.9271      0.0056   0.0010   51.45     16    Success 
    15       -3.0633     0.8726      0.0016   0.0005   43.64     17    Success 
    16       -3.0656     0.6352      0.0023   0.0010   52.61     18    Success 
    17       -3.0668     0.2280      0.0012   0.0010   59.37     19    Success 
    18       -3.0670     0.1442      0.0002   0.0004   53.46     20    Success 
    19       -3.0671     0.1492      0.0001   0.0003   51.14     21    Success 
    20       -3.0672     0.2948      0.0000   0.0002   66.70     22    Success 
    21       -3.0672     0.2039      0.0000   0.0000   43.91     23    Success 
    22       -3.0672     0.0579      0.0000   0.0000   54.66     24    Success 
    23       -3.0672     0.0258      0.0000   0.0000   38.33     25    Success 
    24       -3.0672     0.0121      0.0000   0.0000   54.51     26    Success 
    25       -3.0672     0.0083      0.0000   0.0000   54.11     27    Success 
    26       -3.0672     0.0124      0.0000   0.0000   40.52     28    Success 
    27       -3.0672     0.0147      0.0000   0.0000   64.28     29    Success 
    28       -3.0672     0.0120      0.0000   0.0000   70.73     30    Success 
    29       -3.0672     0.0120     -0.0000   0.0000   69.60     36   BadIntpln
    30       -3.0672     0.0117     -0.0000   0.0000   71.26     44   BadIntpln

 LBFGS  --  Incomplete Convergence due to BadIntpln

 Final Function Value :           -3.0672
 Final RMS Gradient :              0.0117
 Final Gradient Norm :             0.0287
