
     ######################################################################
   ##########################################################################
  ###                                                                      ###
 ###            Tinker  ---  Software Tools for Molecular Design            ###
 ##                                                                          ##
 ##                          Version 8.7  June 2019                          ##
 ##                                                                          ##
 ##               Copyright (c)  Jay William Ponder  1990-2019               ##
 ###                           All Rights Reserved                          ###
  ###                                                                      ###
   ##########################################################################
     ######################################################################


 Additional Atom Definition Parameters :

     Type  Class  Symbol  Description               Atomic    Mass   Valence

     402    402     O     methanol                     8     15.999     2
     401    401     C     methanol                     6     12.011     4
     403    403     H     methanol                     1      1.008     1
     404    404     H     methanol                     1      1.008     1

 Additional Bond Stretching Parameters :

     Atom Classes             K(S)         Length

       401 402             500.100         1.4296
       402 404             615.900         0.9714
       401 403             385.000         1.0956

 Additional Angle Bending Parameters :

     Atom Classes             K(B)          Angle

     403 401 403            40.570        108.724
     402 401 403            60.990        106.530
     401 402 404            64.960        106.891

 Additional Stretch-Bend Parameters :

     Atom Classes          K(SB)-1        K(SB)-2

     402 401 403            -4.500         38.000
     401 402 404            -4.500         38.000

 Additional Torsional Parameters :

     Atom Classes     1-Fold    2-Fold    3-Fold    4-Fold    5-Fold    6-Fold

   403 401 402 404   0.72   0 -0.72 180  0.21   0  0.00   0  0.00   0  0.00   0

 Additional van der Waals Parameters :

     Atom Class               Size        Epsilon        Reduction

         402                3.4050         0.1100          0.000
         401                3.7600         0.1010          0.000
         403                2.8700         0.0240          0.910
         404                2.6550         0.0135          0.910

 Additional Atomic Multipole Parameters :

     Atom Type     Coordinate Frame Definition         Multipole Moments

         401      402    404      0   Z-then-X     0.14802
                                                  -0.08108  0.00000  0.42570
                                                  -0.39844
                                                   0.00000 -0.41757
                                                   0.02956  0.00000  0.81601

         402      401    404      0   Z-then-X    -0.43376
                                                   0.19656  0.00000  0.27529
                                                   0.13769
                                                   0.00000 -0.43975
                                                  -0.15642  0.00000  0.30205

         403      401    402      0   Z-then-X     0.02474
                                                   0.00105  0.00000 -0.10244
                                                   0.02646
                                                   0.00000  0.01500
                                                  -0.02740  0.00000 -0.04146

         404      402    401      0   Z-then-X     0.21152
                                                  -0.02854  0.00000 -0.09826
                                                   0.03555
                                                   0.00000 -0.09467
                                                  -0.02157  0.00000  0.05912

 Additional Atomic Dipole Polarizability Parameters :

     Atom Type           Alpha       Thole     Group Atom Types

         402             0.837       0.390         401  404
         401             1.334       0.390         402  403
         403             0.496       0.390         401
         404             0.496       0.390         402

 Limited Memory BFGS Quasi-Newton Optimization :

 QN Iter     F Value      G RMS      F Move   X Move   Angle  FG Call  Comment

     0      242.1361  1076.7712                                   1
     1        5.6093   106.5187    236.5269   0.0761    0.00      3    Success 
     2        1.7053    70.6156      3.9039   0.0074    5.59      4    Success 
     3       -1.6038    15.7281      3.3091   0.0157   10.39      5    Success 
     4       -1.8437    12.5624      0.2399   0.0033   16.93      6    Success 
     5       -2.1950    10.6288      0.3512   0.0073   29.63      7    Success 
     6       -2.4796     9.7635      0.2846   0.0117   44.23      8    Success 
     7       -2.6156     7.6487      0.1361   0.0073   57.97      9    Success 
     8       -2.7155     7.7017      0.0999   0.0054   61.49     10    Success 
     9       -2.8436     5.7059      0.1281   0.0087   60.15     11    Success 
    10       -2.9238     3.0476      0.0802   0.0097   58.16     12    Success 
    11       -2.9362     1.6962      0.0123   0.0015   46.01     13    Success 
    12       -2.9442     1.6401      0.0080   0.0014   44.71     14    Success 
    13       -2.9535     0.7784      0.0093   0.0027   52.71     15    Success 
    14       -2.9551     0.3618      0.0016   0.0012   65.21     16    Success 
    15       -2.9559     0.2728      0.0008   0.0009   47.51     17    Success 
    16       -2.9562     0.2628      0.0003   0.0005   54.69     18    Success 
    17       -2.9563     0.0657      0.0001   0.0003   67.52     19    Success 
    18       -2.9563     0.0124      0.0000   0.0000   74.55     20    Success 
    19       -2.9563     0.0124     -0.0000   0.0000   71.80     25   BadIntpln
    20       -2.9563     0.0121     -0.0000   0.0000   77.28     32   BadIntpln

 LBFGS  --  Incomplete Convergence due to BadIntpln

 Final Function Value :           -2.9563
 Final RMS Gradient :              0.0121
 Final Gradient Norm :             0.0297
