
     ######################################################################
   ##########################################################################
  ###                                                                      ###
 ###            Tinker  ---  Software Tools for Molecular Design            ###
 ##                                                                          ##
 ##                          Version 8.7  June 2019                          ##
 ##                                                                          ##
 ##               Copyright (c)  Jay William Ponder  1990-2019               ##
 ###                           All Rights Reserved                          ###
  ###                                                                      ###
   ##########################################################################
     ######################################################################


 Additional Atom Definition Parameters :

     Type  Class  Symbol  Description               Atomic    Mass   Valence

     402    402     O     methanol                     8     15.999     2
     401    401     C     methanol                     6     12.011     4
     403    403     H     methanol                     1      1.008     1
     404    404     H     methanol                     1      1.008     1

 Additional Bond Stretching Parameters :

     Atom Classes             K(S)         Length

       401 402             500.100         1.4296
       402 404             615.900         0.9714
       401 403             385.000         1.0956

 Additional Angle Bending Parameters :

     Atom Classes             K(B)          Angle

     403 401 403            40.570        108.724
     402 401 403            60.990        106.530
     401 402 404            64.960        106.891

 Additional Stretch-Bend Parameters :

     Atom Classes          K(SB)-1        K(SB)-2

     402 401 403            -4.500         38.000
     401 402 404            -4.500         38.000

 Additional Torsional Parameters :

     Atom Classes     1-Fold    2-Fold    3-Fold    4-Fold    5-Fold    6-Fold

   403 401 402 404   0.00   0  0.00 180  0.00   0  0.00   0  0.00   0  0.00   0

 Additional van der Waals Parameters :

     Atom Class               Size        Epsilon        Reduction

         402                3.4050         0.1100          0.000
         401                3.7600         0.1010          0.000
         403                2.8700         0.0240          0.910
         404                2.6550         0.0135          0.910

 Additional Atomic Multipole Parameters :

     Atom Type     Coordinate Frame Definition         Multipole Moments

         401      402    404      0   Z-then-X     0.14802
                                                  -0.08108  0.00000  0.42570
                                                  -0.39844
                                                   0.00000 -0.41757
                                                   0.02956  0.00000  0.81601

         402      401    404      0   Z-then-X    -0.43376
                                                   0.19656  0.00000  0.27529
                                                   0.13769
                                                   0.00000 -0.43975
                                                  -0.15642  0.00000  0.30205

         403      401    402      0   Z-then-X     0.02474
                                                   0.00105  0.00000 -0.10244
                                                   0.02646
                                                   0.00000  0.01500
                                                  -0.02740  0.00000 -0.04146

         404      402    401      0   Z-then-X     0.21152
                                                  -0.02854  0.00000 -0.09826
                                                   0.03555
                                                   0.00000 -0.09467
                                                  -0.02157  0.00000  0.05912

 Additional Atomic Dipole Polarizability Parameters :

     Atom Type           Alpha       Thole     Group Atom Types

         402             0.837       0.390         401  404
         401             1.334       0.390         402  403
         403             0.496       0.390         401
         404             0.496       0.390         402

 Limited Memory BFGS Quasi-Newton Optimization :

 QN Iter     F Value      G RMS      F Move   X Move   Angle  FG Call  Comment

     0      346.4174  1295.4944                                   1
     1      169.9580   762.9160    176.4594   0.1701    0.00      2    Success 
     2       16.1431   188.4418    153.8148   0.0551    8.33      3    Success 
     3        2.8676    69.4844     13.2755   0.0228   10.78      4    Success 
     4        0.7749    49.2341      2.0927   0.0067   24.87      5    Success 
     5       -1.7251    18.6598      2.5000   0.0160   27.85      6    Success 
     6       -2.1065    11.2334      0.3814   0.0066   34.86      7    Success 
     7       -2.3557     9.2894      0.2492   0.0058   32.96      8    Success 
     8       -2.6789    10.5788      0.3232   0.0118   43.35      9    Success 
     9       -2.9137     9.2010      0.2347   0.0132   62.23     10    Success 
    10       -2.9841     8.8235      0.0705   0.0103   62.41     11    Success 
    11       -3.0428     2.9812      0.0587   0.0029   52.06     12    Success 
    12       -3.0608     2.4520      0.0180   0.0017   37.22     13    Success 
    13       -3.0849     2.3583      0.0241   0.0031   42.59     14    Success 
    14       -3.1077     1.6978      0.0228   0.0045   54.54     15    Success 
    15       -3.1122     1.2388      0.0045   0.0024   65.81     16    Success 
    16       -3.1131     0.4040      0.0009   0.0003   54.19     17    Success 
    17       -3.1133     0.4542      0.0003   0.0002   51.32     18    Success 
    18       -3.1138     0.5007      0.0005   0.0004   54.82     19    Success 
    19       -3.1146     0.4682      0.0008   0.0006   60.31     20    Success 
    20       -3.1150     0.5384      0.0004   0.0011   65.58     21    Success 
    21       -3.1152     0.1444      0.0003   0.0002   32.49     22    Success 
    22       -3.1152     0.0273      0.0000   0.0001   71.14     23    Success 
    23       -3.1152     0.0203     -0.0000   0.0000   61.14     25    Success 
    24       -3.1152     0.0087      0.0000   0.0000   55.46     26    Success 
    25       -3.1152     0.0080      0.0000   0.0000   35.66     27    Success 
    26       -3.1152     0.0069      0.0000   0.0000   39.71     28    Success 
    27       -3.1152     0.0069     -0.0000   0.0000   57.10     34   BadIntpln
    28       -3.1152     0.0053      0.0000   0.0000   55.68     35    Success 
    29       -3.1152     0.0051      0.0000   0.0000   62.43     41   BadIntpln
    30       -3.1152     0.0048      0.0000   0.0000   52.06     45    Success 
    31       -3.1152     0.0048     -0.0000   0.0000   52.25     53   BadIntpln
    32       -3.1152     0.0047      0.0000   0.0000   49.90     54    Success 
    33       -3.1152     0.0047     -0.0000   0.0000   52.90     58   IntplnErr
    34       -3.1152     0.0024      0.0000   0.0000   47.68     59    Success 
    35       -3.1152     0.0024     -0.0000   0.0000   61.71     64   BadIntpln
    36       -3.1152     0.0027      0.0000   0.0000   62.00     65    Success 
    37       -3.1152     0.0027     -0.0000   0.0000   66.28     74   BadIntpln
    38       -3.1152     0.0142      0.0000   0.0000   64.67     75    Success 
    39       -3.1152     0.0142     -0.0000   0.0000   82.54     83   BadIntpln
    40       -3.1152     0.0127      0.0000   0.0000   82.05     84    Success 
    41       -3.1152     0.0127     -0.0000   0.0000   85.25     92   BadIntpln
    42       -3.1152     0.0274      0.0000   0.0002   84.95     93    Success 
    43       -3.1152     0.0298      0.0000   0.0001   88.24    103   BadIntpln
    44       -3.1152     0.0298     -0.0000   0.0000   88.17    111   BadIntpln

 LBFGS  --  Incomplete Convergence due to BadIntpln

 Final Function Value :           -3.1152
 Final RMS Gradient :              0.0298
 Final Gradient Norm :             0.0730
