
     ######################################################################
   ##########################################################################
  ###                                                                      ###
 ###            Tinker  ---  Software Tools for Molecular Design            ###
 ##                                                                          ##
 ##                          Version 8.7  June 2019                          ##
 ##                                                                          ##
 ##               Copyright (c)  Jay William Ponder  1990-2019               ##
 ###                           All Rights Reserved                          ###
  ###                                                                      ###
   ##########################################################################
     ######################################################################


 Additional Atom Definition Parameters :

     Type  Class  Symbol  Description               Atomic    Mass   Valence

     402    402     O     methanol                     8     15.999     2
     401    401     C     methanol                     6     12.011     4
     403    403     H     methanol                     1      1.008     1
     404    404     H     methanol                     1      1.008     1

 Additional Bond Stretching Parameters :

     Atom Classes             K(S)         Length

       401 402             500.100         1.4296
       402 404             615.900         0.9714
       401 403             385.000         1.0956

 Additional Angle Bending Parameters :

     Atom Classes             K(B)          Angle

     403 401 403            40.570        108.724
     402 401 403            60.990        106.530
     401 402 404            64.960        106.891

 Additional Stretch-Bend Parameters :

     Atom Classes          K(SB)-1        K(SB)-2

     402 401 403            -4.500         38.000
     401 402 404            -4.500         38.000

 Additional Torsional Parameters :

     Atom Classes     1-Fold    2-Fold    3-Fold    4-Fold    5-Fold    6-Fold

   403 401 402 404   0.00   0  0.00 180  0.00   0  0.00   0  0.00   0  0.00   0

 Additional van der Waals Parameters :

     Atom Class               Size        Epsilon        Reduction

         402                3.4050         0.1100          0.000
         401                3.7600         0.1010          0.000
         403                2.8700         0.0240          0.910
         404                2.6550         0.0135          0.910

 Additional Atomic Multipole Parameters :

     Atom Type     Coordinate Frame Definition         Multipole Moments

         401      402    404      0   Z-then-X     0.14802
                                                  -0.08108  0.00000  0.42570
                                                  -0.39844
                                                   0.00000 -0.41757
                                                   0.02956  0.00000  0.81601

         402      401    404      0   Z-then-X    -0.43376
                                                   0.19656  0.00000  0.27529
                                                   0.13769
                                                   0.00000 -0.43975
                                                  -0.15642  0.00000  0.30205

         403      401    402      0   Z-then-X     0.02474
                                                   0.00105  0.00000 -0.10244
                                                   0.02646
                                                   0.00000  0.01500
                                                  -0.02740  0.00000 -0.04146

         404      402    401      0   Z-then-X     0.21152
                                                  -0.02854  0.00000 -0.09826
                                                   0.03555
                                                   0.00000 -0.09467
                                                  -0.02157  0.00000  0.05912

 Additional Atomic Dipole Polarizability Parameters :

     Atom Type           Alpha       Thole     Group Atom Types

         402             0.837       0.390         401  404
         401             1.334       0.390         402  403
         403             0.496       0.390         401
         404             0.496       0.390         402

 Limited Memory BFGS Quasi-Newton Optimization :

 QN Iter     F Value      G RMS      F Move   X Move   Angle  FG Call  Comment

     0       -3.0211     4.5849                                   1
     1       -3.0262     0.5742      0.0051   0.0004    0.00      3    Success 
     2       -3.0263     0.4862      0.0001   0.0000    7.10      4    Success 
     3       -3.0266     0.4214      0.0003   0.0001   10.96      5    Success 
     4       -3.0271     0.4328      0.0005   0.0002   13.27      6    Success 
     5       -3.0279     0.5561      0.0008   0.0005   35.00      7    Success 
     6       -3.0291     0.6811      0.0012   0.0009   58.18      8    Success 
     7       -3.0300     0.4458      0.0009   0.0012   70.80      9    Success 
     8       -3.0300     0.2140      0.0000   0.0002   70.92     10    Success 
     9       -3.0301     0.0628      0.0000   0.0000   45.17     11    Success 
    10       -3.0301     0.0278      0.0000   0.0000   48.87     12    Success 
    11       -3.0301     0.0294      0.0000   0.0000   42.53     13    Success 
    12       -3.0301     0.0353      0.0000   0.0000   50.81     14    Success 
    13       -3.0301     0.0306      0.0000   0.0000   65.17     15    Success 
    14       -3.0301     0.0246      0.0000   0.0000   65.14     16    Success 
    15       -3.0301     0.0171      0.0000   0.0000   58.34     18    Success 
    16       -3.0301     0.0171     -0.0000   0.0000   48.11     24   BadIntpln
    17       -3.0301     0.0057      0.0000   0.0000   48.29     25    Success 
    18       -3.0301     0.0045      0.0000   0.0000   52.66     26    Success 
    19       -3.0301     0.0045      0.0000   0.0000   47.84     36   BadIntpln
    20       -3.0301     0.0118      0.0000   0.0000   45.80     37    Success 
    21       -3.0301     0.0118     -0.0000   0.0000   57.51     43   BadIntpln
    22       -3.0301     0.0023      0.0000   0.0000   66.41     44    Success 
    23       -3.0301     0.0017      0.0000   0.0000   54.82     45    Success 
    24       -3.0301     0.0017     -0.0000   0.0000   50.98     51   BadIntpln
    25       -3.0301     0.0034      0.0000   0.0000   46.96     52    Success 
    26       -3.0301     0.0036     -0.0000   0.0000   76.84     61   BadIntpln
    27       -3.0301     0.0040      0.0000   0.0000   74.99     69   BadIntpln

 LBFGS  --  Incomplete Convergence due to BadIntpln

 Final Function Value :           -3.0301
 Final RMS Gradient :              0.0040
 Final Gradient Norm :             0.0099
