
     ######################################################################
   ##########################################################################
  ###                                                                      ###
 ###            Tinker  ---  Software Tools for Molecular Design            ###
 ##                                                                          ##
 ##                          Version 8.7  June 2019                          ##
 ##                                                                          ##
 ##               Copyright (c)  Jay William Ponder  1990-2019               ##
 ###                           All Rights Reserved                          ###
  ###                                                                      ###
   ##########################################################################
     ######################################################################


 Additional Atom Definition Parameters :

     Type  Class  Symbol  Description               Atomic    Mass   Valence

     402    402     O     methanol                     8     15.999     2
     401    401     C     methanol                     6     12.011     4
     403    403     H     methanol                     1      1.008     1
     404    404     H     methanol                     1      1.008     1

 Additional Bond Stretching Parameters :

     Atom Classes             K(S)         Length

       401 402             500.100         1.4296
       402 404             615.900         0.9714
       401 403             385.000         1.0956

 Additional Angle Bending Parameters :

     Atom Classes             K(B)          Angle

     403 401 403            40.570        108.724
     402 401 403            60.990        106.530
     401 402 404            64.960        106.891

 Additional Stretch-Bend Parameters :

     Atom Classes          K(SB)-1        K(SB)-2

     402 401 403            -4.500         38.000
     401 402 404            -4.500         38.000

 Additional Torsional Parameters :

     Atom Classes     1-Fold    2-Fold    3-Fold    4-Fold    5-Fold    6-Fold

   403 401 402 404   0.00   0  0.00 180  0.00   0  0.00   0  0.00   0  0.00   0

 Additional van der Waals Parameters :

     Atom Class               Size        Epsilon        Reduction

         402                3.4050         0.1100          0.000
         401                3.7600         0.1010          0.000
         403                2.8700         0.0240          0.910
         404                2.6550         0.0135          0.910

 Additional Atomic Multipole Parameters :

     Atom Type     Coordinate Frame Definition         Multipole Moments

         401      402    404      0   Z-then-X     0.14802
                                                  -0.08108  0.00000  0.42570
                                                  -0.39844
                                                   0.00000 -0.41757
                                                   0.02956  0.00000  0.81601

         402      401    404      0   Z-then-X    -0.43376
                                                   0.19656  0.00000  0.27529
                                                   0.13769
                                                   0.00000 -0.43975
                                                  -0.15642  0.00000  0.30205

         403      401    402      0   Z-then-X     0.02474
                                                   0.00105  0.00000 -0.10244
                                                   0.02646
                                                   0.00000  0.01500
                                                  -0.02740  0.00000 -0.04146

         404      402    401      0   Z-then-X     0.21152
                                                  -0.02854  0.00000 -0.09826
                                                   0.03555
                                                   0.00000 -0.09467
                                                  -0.02157  0.00000  0.05912

 Additional Atomic Dipole Polarizability Parameters :

     Atom Type           Alpha       Thole     Group Atom Types

         402             0.837       0.390         401  404
         401             1.334       0.390         402  403
         403             0.496       0.390         401
         404             0.496       0.390         402

 Limited Memory BFGS Quasi-Newton Optimization :

 QN Iter     F Value      G RMS      F Move   X Move   Angle  FG Call  Comment

     0       -3.0642     3.5391                                   1
     1       -3.0671     0.3855      0.0030   0.0003    0.00      3    Success 
     2       -3.0672     0.2737      0.0001   0.0000    6.21      4    Success 
     3       -3.0673     0.1739      0.0001   0.0001   12.89      5    Success 
     4       -3.0674     0.2465      0.0001   0.0001   26.67      6    Success 
     5       -3.0675     0.3291      0.0001   0.0002   59.19      7    Success 
     6       -3.0677     0.2992      0.0002   0.0004   69.59      8    Success 
     7       -3.0678     0.2240      0.0001   0.0005   71.66      9    Success 
     8       -3.0678     0.1617      0.0000   0.0001   38.73     10    Success 
     9       -3.0679     0.0576      0.0000   0.0001   52.77     11    Success 
    10       -3.0679     0.0205      0.0000   0.0000   28.67     12    Success 
    11       -3.0679     0.0099      0.0000   0.0000   39.83     13    Success 
    12       -3.0679     0.0099     -0.0000   0.0000   25.90     23   BadIntpln
    13       -3.0679     0.0140      0.0000   0.0000   22.93     24    Success 
    14       -3.0679     0.0149      0.0000   0.0000   68.13     25    Success 
    15       -3.0679     0.0149     -0.0000   0.0000   67.87     35   BadIntpln
    16       -3.0679     0.0024      0.0000   0.0000   66.21     36    Success 
    17       -3.0679     0.0023      0.0000   0.0000   20.93     37    Success 
    18       -3.0679     0.0023     -0.0000   0.0000   44.54     43   BadIntpln
    19       -3.0679     0.0040      0.0000   0.0000   59.29     44    Success 
    20       -3.0679     0.0040      0.0000   0.0000   68.53     52   BadIntpln
    21       -3.0679     0.0057      0.0000   0.0000   68.86     53    Success 
    22       -3.0679     0.0057     -0.0000   0.0000   80.36     60   BadIntpln
    23       -3.0679     0.0063      0.0000   0.0000   79.64     61    Success 
    24       -3.0679     0.0066      0.0000   0.0000   81.96     69   BadIntpln
    25       -3.0679     0.0066      0.0000   0.0000   81.45     77   BadIntpln

 LBFGS  --  Incomplete Convergence due to BadIntpln

 Final Function Value :           -3.0679
 Final RMS Gradient :              0.0066
 Final Gradient Norm :             0.0160
