
     ######################################################################
   ##########################################################################
  ###                                                                      ###
 ###            Tinker  ---  Software Tools for Molecular Design            ###
 ##                                                                          ##
 ##                          Version 8.7  June 2019                          ##
 ##                                                                          ##
 ##               Copyright (c)  Jay William Ponder  1990-2019               ##
 ###                           All Rights Reserved                          ###
  ###                                                                      ###
   ##########################################################################
     ######################################################################


 Additional Atom Definition Parameters :

     Type  Class  Symbol  Description               Atomic    Mass   Valence

     402    402     O     methanol                     8     15.999     2
     401    401     C     methanol                     6     12.011     4
     403    403     H     methanol                     1      1.008     1
     404    404     H     methanol                     1      1.008     1

 Additional Bond Stretching Parameters :

     Atom Classes             K(S)         Length

       401 402             500.100         1.4296
       402 404             615.900         0.9714
       401 403             385.000         1.0956

 Additional Angle Bending Parameters :

     Atom Classes             K(B)          Angle

     403 401 403            40.570        108.724
     402 401 403            60.990        106.530
     401 402 404            64.960        106.891

 Additional Stretch-Bend Parameters :

     Atom Classes          K(SB)-1        K(SB)-2

     402 401 403            -4.500         38.000
     401 402 404            -4.500         38.000

 Additional Torsional Parameters :

     Atom Classes     1-Fold    2-Fold    3-Fold    4-Fold    5-Fold    6-Fold

   403 401 402 404   0.00   0  0.00 180  0.00   0  0.00   0  0.00   0  0.00   0

 Additional van der Waals Parameters :

     Atom Class               Size        Epsilon        Reduction

         402                3.4050         0.1100          0.000
         401                3.7600         0.1010          0.000
         403                2.8700         0.0240          0.910
         404                2.6550         0.0135          0.910

 Additional Atomic Multipole Parameters :

     Atom Type     Coordinate Frame Definition         Multipole Moments

         401      402    404      0   Z-then-X     0.14802
                                                  -0.08108  0.00000  0.42570
                                                  -0.39844
                                                   0.00000 -0.41757
                                                   0.02956  0.00000  0.81601

         402      401    404      0   Z-then-X    -0.43376
                                                   0.19656  0.00000  0.27529
                                                   0.13769
                                                   0.00000 -0.43975
                                                  -0.15642  0.00000  0.30205

         403      401    402      0   Z-then-X     0.02474
                                                   0.00105  0.00000 -0.10244
                                                   0.02646
                                                   0.00000  0.01500
                                                  -0.02740  0.00000 -0.04146

         404      402    401      0   Z-then-X     0.21152
                                                  -0.02854  0.00000 -0.09826
                                                   0.03555
                                                   0.00000 -0.09467
                                                  -0.02157  0.00000  0.05912

 Additional Atomic Dipole Polarizability Parameters :

     Atom Type           Alpha       Thole     Group Atom Types

         402             0.837       0.390         401  404
         401             1.334       0.390         402  403
         403             0.496       0.390         401
         404             0.496       0.390         402

 Limited Memory BFGS Quasi-Newton Optimization :

 QN Iter     F Value      G RMS      F Move   X Move   Angle  FG Call  Comment

     0     1376.7877  2574.3946                                   1
     1       80.0000   400.9505   1296.7878   0.1701    0.00      2    Success 
     2       26.2126   195.0317     53.7874   0.0322    4.32      3    Success 
     3        7.2076    76.9747     19.0050   0.0304   11.59      4    Success 
     4        4.3848    54.6028      2.8228   0.0086   28.42      5    Success 
     5        0.5768    33.3564      3.8080   0.0192   26.04      6    Success 
     6       -0.8123    23.3892      1.3891   0.0163   37.34      7    Success 
     7       -1.4077    15.1509      0.5954   0.0078   40.61      8    Success 
     8       -1.9232    16.5825      0.5154   0.0117   41.83      9    Success 
     9       -2.3439    16.3250      0.4207   0.0121   63.04     10    Success 
    10       -2.7806    17.9297      0.4367   0.0198   64.24     11    Success 
    11       -2.9053     3.8498      0.1247   0.0052   64.32     12    Success 
    12       -2.9209     3.7352      0.0157   0.0010   39.61     13    Success 
    13       -2.9472     3.3158      0.0263   0.0018   40.82     14    Success 
    14       -2.9872     2.3578      0.0400   0.0038   45.61     15    Success 
    15       -3.0120     2.0043      0.0248   0.0057   52.72     16    Success 
    16       -3.0141     1.8835      0.0021   0.0014   50.73     17    Success 
    17       -3.0163     0.5069      0.0022   0.0006   53.02     18    Success 
    18       -3.0168     0.3833      0.0005   0.0003   36.25     19    Success 
    19       -3.0175     0.4163      0.0008   0.0005   32.90     20    Success 
    20       -3.0187     0.3878      0.0011   0.0010   49.92     21    Success 
    21       -3.0191     0.2307      0.0005   0.0008   57.76     22    Success 
    22       -3.0192     0.0670      0.0000   0.0001   40.18     24    Success 
    23       -3.0192     0.0233      0.0000   0.0001   60.46     25    Success 
    24       -3.0192     0.0233     -0.0000   0.0000   47.43     30   BadIntpln
    25       -3.0192     0.0239      0.0000   0.0000   80.69     32    Success 
    26       -3.0192     0.0237     -0.0000   0.0000   66.69     34    Success 
    27       -3.0192     0.0225      0.0000   0.0000   58.60     37    Success 
    28       -3.0192     0.0165      0.0000   0.0000   57.10     38    Success 
    29       -3.0192     0.0132      0.0000   0.0000   78.36     39    Success 
    30       -3.0192     0.0132      0.0000   0.0000   80.37     47   BadIntpln
    31       -3.0192     0.0132     -0.0000   0.0000   80.84     54   BadIntpln

 LBFGS  --  Incomplete Convergence due to BadIntpln

 Final Function Value :           -3.0192
 Final RMS Gradient :              0.0132
 Final Gradient Norm :             0.0323
