
     ######################################################################
   ##########################################################################
  ###                                                                      ###
 ###            Tinker  ---  Software Tools for Molecular Design            ###
 ##                                                                          ##
 ##                          Version 8.7  June 2019                          ##
 ##                                                                          ##
 ##               Copyright (c)  Jay William Ponder  1990-2019               ##
 ###                           All Rights Reserved                          ###
  ###                                                                      ###
   ##########################################################################
     ######################################################################


 Additional Atom Definition Parameters :

     Type  Class  Symbol  Description               Atomic    Mass   Valence

     402    402     O     methanol                     8     15.999     2
     401    401     C     methanol                     6     12.011     4
     403    403     H     methanol                     1      1.008     1
     404    404     H     methanol                     1      1.008     1

 Additional Bond Stretching Parameters :

     Atom Classes             K(S)         Length

       401 402             500.100         1.4296
       402 404             615.900         0.9714
       401 403             385.000         1.0956

 Additional Angle Bending Parameters :

     Atom Classes             K(B)          Angle

     403 401 403            40.570        108.724
     402 401 403            60.990        106.530
     401 402 404            64.960        106.891

 Additional Stretch-Bend Parameters :

     Atom Classes          K(SB)-1        K(SB)-2

     402 401 403            -4.500         38.000
     401 402 404            -4.500         38.000

 Additional Torsional Parameters :

     Atom Classes     1-Fold    2-Fold    3-Fold    4-Fold    5-Fold    6-Fold

   403 401 402 404   0.00   0  0.00 180  0.00   0  0.00   0  0.00   0  0.00   0

 Additional van der Waals Parameters :

     Atom Class               Size        Epsilon        Reduction

         402                3.4050         0.1100          0.000
         401                3.7600         0.1010          0.000
         403                2.8700         0.0240          0.910
         404                2.6550         0.0135          0.910

 Additional Atomic Multipole Parameters :

     Atom Type     Coordinate Frame Definition         Multipole Moments

         401      402    404      0   Z-then-X     0.14802
                                                  -0.08108  0.00000  0.42570
                                                  -0.39844
                                                   0.00000 -0.41757
                                                   0.02956  0.00000  0.81601

         402      401    404      0   Z-then-X    -0.43376
                                                   0.19656  0.00000  0.27529
                                                   0.13769
                                                   0.00000 -0.43975
                                                  -0.15642  0.00000  0.30205

         403      401    402      0   Z-then-X     0.02474
                                                   0.00105  0.00000 -0.10244
                                                   0.02646
                                                   0.00000  0.01500
                                                  -0.02740  0.00000 -0.04146

         404      402    401      0   Z-then-X     0.21152
                                                  -0.02854  0.00000 -0.09826
                                                   0.03555
                                                   0.00000 -0.09467
                                                  -0.02157  0.00000  0.05912

 Additional Atomic Dipole Polarizability Parameters :

     Atom Type           Alpha       Thole     Group Atom Types

         402             0.837       0.390         401  404
         401             1.334       0.390         402  403
         403             0.496       0.390         401
         404             0.496       0.390         402

 Limited Memory BFGS Quasi-Newton Optimization :

 QN Iter     F Value      G RMS      F Move   X Move   Angle  FG Call  Comment

     0       -3.0494     4.3993                                   1
     1       -3.0540     0.3352      0.0046   0.0003    0.00      3    Success 
     2       -3.0540     0.2138      0.0000   0.0000    4.25      4    Success 
     3       -3.0541     0.0901      0.0000   0.0001   11.41      5    Success 
     4       -3.0541     0.1017      0.0000   0.0000   30.29      6    Success 
     5       -3.0541     0.1140      0.0000   0.0001   41.52      7    Success 
     6       -3.0541     0.1188      0.0000   0.0001   50.51      8    Success 
     7       -3.0542     0.0904      0.0001   0.0002   57.37      9    Success 
     8       -3.0542     0.0808      0.0000   0.0001   63.75     11    Success 
     9       -3.0542     0.0404      0.0000   0.0001   64.98     12    Success 
    10       -3.0542     0.0311      0.0000   0.0000   25.63     14    Success 
    11       -3.0542     0.0097      0.0000   0.0000   60.67     15    Success 
    12       -3.0542     0.0096     -0.0000   0.0000   27.55     22   BadIntpln
    13       -3.0542     0.0076      0.0000   0.0000   34.29     23    Success 
    14       -3.0542     0.0022      0.0000   0.0000   35.99     24    Success 
    15       -3.0542     0.0022     -0.0000   0.0000   27.29     32   BadIntpln
    16       -3.0542     0.0015      0.0000   0.0000   28.15     33    Success 
    17       -3.0542     0.0015     -0.0000   0.0000   53.79     40   BadIntpln
    18       -3.0542     0.0015     -0.0000   0.0000   47.76     48   BadIntpln

 LBFGS  --  Incomplete Convergence due to BadIntpln

 Final Function Value :           -3.0542
 Final RMS Gradient :              0.0015
 Final Gradient Norm :             0.0037
