
     ######################################################################
   ##########################################################################
  ###                                                                      ###
 ###            Tinker  ---  Software Tools for Molecular Design            ###
 ##                                                                          ##
 ##                          Version 8.7  June 2019                          ##
 ##                                                                          ##
 ##               Copyright (c)  Jay William Ponder  1990-2019               ##
 ###                           All Rights Reserved                          ###
  ###                                                                      ###
   ##########################################################################
     ######################################################################


 Additional Atom Definition Parameters :

     Type  Class  Symbol  Description               Atomic    Mass   Valence

     402    402     O     methanol                     8     15.999     2
     401    401     C     methanol                     6     12.011     4
     403    403     H     methanol                     1      1.008     1
     404    404     H     methanol                     1      1.008     1

 Additional Bond Stretching Parameters :

     Atom Classes             K(S)         Length

       401 402             500.100         1.4296
       402 404             615.900         0.9714
       401 403             385.000         1.0956

 Additional Angle Bending Parameters :

     Atom Classes             K(B)          Angle

     403 401 403            40.570        108.724
     402 401 403            60.990        106.530
     401 402 404            64.960        106.891

 Additional Stretch-Bend Parameters :

     Atom Classes          K(SB)-1        K(SB)-2

     402 401 403            -4.500         38.000
     401 402 404            -4.500         38.000

 Additional Torsional Parameters :

     Atom Classes     1-Fold    2-Fold    3-Fold    4-Fold    5-Fold    6-Fold

   403 401 402 404   0.72   0 -0.72 180  0.21   0  0.00   0  0.00   0  0.00   0

 Additional van der Waals Parameters :

     Atom Class               Size        Epsilon        Reduction

         402                3.4050         0.1100          0.000
         401                3.7600         0.1010          0.000
         403                2.8700         0.0240          0.910
         404                2.6550         0.0135          0.910

 Additional Atomic Multipole Parameters :

     Atom Type     Coordinate Frame Definition         Multipole Moments

         401      402    404      0   Z-then-X     0.14802
                                                  -0.08108  0.00000  0.42570
                                                  -0.39844
                                                   0.00000 -0.41757
                                                   0.02956  0.00000  0.81601

         402      401    404      0   Z-then-X    -0.43376
                                                   0.19656  0.00000  0.27529
                                                   0.13769
                                                   0.00000 -0.43975
                                                  -0.15642  0.00000  0.30205

         403      401    402      0   Z-then-X     0.02474
                                                   0.00105  0.00000 -0.10244
                                                   0.02646
                                                   0.00000  0.01500
                                                  -0.02740  0.00000 -0.04146

         404      402    401      0   Z-then-X     0.21152
                                                  -0.02854  0.00000 -0.09826
                                                   0.03555
                                                   0.00000 -0.09467
                                                  -0.02157  0.00000  0.05912

 Additional Atomic Dipole Polarizability Parameters :

     Atom Type           Alpha       Thole     Group Atom Types

         402             0.837       0.390         401  404
         401             1.334       0.390         402  403
         403             0.496       0.390         401
         404             0.496       0.390         402

 Limited Memory BFGS Quasi-Newton Optimization :

 QN Iter     F Value      G RMS      F Move   X Move   Angle  FG Call  Comment

     0     1878.4812  3013.7323                                   1
     1      200.3901   716.4311   1678.0911   0.1701    0.00      2    Success 
     2       44.2341   267.8225    156.1560   0.0578    2.52      3    Success 
     3       12.8478   103.1875     31.3864   0.0341   12.38      4    Success 
     4        8.0602    62.8461      4.7876   0.0123   25.24      5    Success 
     5        4.2172    49.8681      3.8430   0.0152   26.85      6    Success 
     6        0.8560    35.3607      3.3612   0.0245   37.42      7    Success 
     7       -0.3845    19.1834      1.2405   0.0111   46.62      8    Success 
     8       -1.3001    16.3623      0.9156   0.0175   39.73      9    Success 
     9       -1.6316    17.0747      0.3316   0.0095   63.57     10    Success 
    10       -2.0662    13.2435      0.4345   0.0158   65.90     11    Success 
    11       -2.2222    11.5772      0.1560   0.0117   64.12     12    Success 
    12       -2.2758     4.0241      0.0536   0.0017   44.40     13    Success 
    13       -2.2935     4.0732      0.0177   0.0014   44.50     14    Success 
    14       -2.3201     4.4944      0.0265   0.0023   50.17     15    Success 
    15       -2.3536     3.3290      0.0335   0.0039   62.51     16    Success 
    16       -2.3743     1.7784      0.0207   0.0042   65.95     17    Success 
    17       -2.3787     1.7995      0.0045   0.0020   53.96     18    Success 
    18       -2.3809     0.6082      0.0021   0.0005   45.80     19    Success 
    19       -2.3814     0.5805      0.0005   0.0003   48.83     20    Success 
    20       -2.3822     0.5547      0.0009   0.0005   49.13     21    Success 
    21       -2.3835     0.5221      0.0013   0.0009   53.39     22    Success 
    22       -2.3846     0.3882      0.0011   0.0013   59.60     23    Success 
    23       -2.3847     0.2051      0.0001   0.0002   59.38     25    Success 
    24       -2.3848     0.0727      0.0000   0.0001   57.76     26    Success 
    25       -2.3848     0.0183      0.0000   0.0001   57.39     27    Success 
    26       -2.3848     0.0150      0.0000   0.0000   34.09     28    Success 
    27       -2.3848     0.0134      0.0000   0.0000   26.47     29    Success 
    28       -2.3848     0.0158      0.0000   0.0001   34.26     30    Success 
    29       -2.3848     0.0140      0.0000   0.0000   66.52     32    Success 
    30       -2.3848     0.0140     -0.0000   0.0000   65.35     37   BadIntpln
    31       -2.3848     0.0107     -0.0000   0.0000   68.65     39    Success 
    32       -2.3848     0.0034      0.0000   0.0000   62.83     40    Success 
    33       -2.3848     0.0108      0.0000   0.0000   50.11     45   BadIntpln
    34       -2.3848     0.0108     -0.0000   0.0000   62.28     52   BadIntpln

 LBFGS  --  Incomplete Convergence due to BadIntpln

 Final Function Value :           -2.3848
 Final RMS Gradient :              0.0108
 Final Gradient Norm :             0.0265
