
     ######################################################################
   ##########################################################################
  ###                                                                      ###
 ###            Tinker  ---  Software Tools for Molecular Design            ###
 ##                                                                          ##
 ##                          Version 8.7  June 2019                          ##
 ##                                                                          ##
 ##               Copyright (c)  Jay William Ponder  1990-2019               ##
 ###                           All Rights Reserved                          ###
  ###                                                                      ###
   ##########################################################################
     ######################################################################


 Additional Atom Definition Parameters :

     Type  Class  Symbol  Description               Atomic    Mass   Valence

     402    402     O     methanol                     8     15.999     2
     401    401     C     methanol                     6     12.011     4
     403    403     H     methanol                     1      1.008     1
     404    404     H     methanol                     1      1.008     1

 Additional Bond Stretching Parameters :

     Atom Classes             K(S)         Length

       401 402             500.100         1.4296
       402 404             615.900         0.9714
       401 403             385.000         1.0956

 Additional Angle Bending Parameters :

     Atom Classes             K(B)          Angle

     403 401 403            40.570        108.724
     402 401 403            60.990        106.530
     401 402 404            64.960        106.891

 Additional Stretch-Bend Parameters :

     Atom Classes          K(SB)-1        K(SB)-2

     402 401 403            -4.500         38.000
     401 402 404            -4.500         38.000

 Additional Torsional Parameters :

     Atom Classes     1-Fold    2-Fold    3-Fold    4-Fold    5-Fold    6-Fold

   403 401 402 404   0.00   0  0.00 180  0.00   0  0.00   0  0.00   0  0.00   0

 Additional van der Waals Parameters :

     Atom Class               Size        Epsilon        Reduction

         402                3.4050         0.1100          0.000
         401                3.7600         0.1010          0.000
         403                2.8700         0.0240          0.910
         404                2.6550         0.0135          0.910

 Additional Atomic Multipole Parameters :

     Atom Type     Coordinate Frame Definition         Multipole Moments

         401      402    404      0   Z-then-X     0.14802
                                                  -0.08108  0.00000  0.42570
                                                  -0.39844
                                                   0.00000 -0.41757
                                                   0.02956  0.00000  0.81601

         402      401    404      0   Z-then-X    -0.43376
                                                   0.19656  0.00000  0.27529
                                                   0.13769
                                                   0.00000 -0.43975
                                                  -0.15642  0.00000  0.30205

         403      401    402      0   Z-then-X     0.02474
                                                   0.00105  0.00000 -0.10244
                                                   0.02646
                                                   0.00000  0.01500
                                                  -0.02740  0.00000 -0.04146

         404      402    401      0   Z-then-X     0.21152
                                                  -0.02854  0.00000 -0.09826
                                                   0.03555
                                                   0.00000 -0.09467
                                                  -0.02157  0.00000  0.05912

 Additional Atomic Dipole Polarizability Parameters :

     Atom Type           Alpha       Thole     Group Atom Types

         402             0.837       0.390         401  404
         401             1.334       0.390         402  403
         403             0.496       0.390         401
         404             0.496       0.390         402

 Limited Memory BFGS Quasi-Newton Optimization :

 QN Iter     F Value      G RMS      F Move   X Move   Angle  FG Call  Comment

     0     1878.5199  3013.7340                                   1
     1      199.7843   716.8029   1678.7356   0.1701    0.00      2    Success 
     2       43.5511   267.6965    156.2332   0.0579    2.51      3    Success 
     3       12.2114   103.2514     31.3396   0.0341   12.42      4    Success 
     4        7.4177    62.7997      4.7938   0.0123   25.22      5    Success 
     5        3.5855    49.8874      3.8321   0.0152   26.86      6    Success 
     6        0.2205    35.3917      3.3650   0.0245   37.41      7    Success 
     7       -1.0204    19.2163      1.2409   0.0111   46.64      8    Success 
     8       -1.9367    16.3924      0.9163   0.0175   39.78      9    Success 
     9       -2.2674    17.1040      0.3307   0.0094   63.60     10    Success 
    10       -2.7019    13.0906      0.4345   0.0158   65.96     11    Success 
    11       -2.8571    11.7739      0.1552   0.0117   63.83     12    Success 
    12       -2.9125     4.0415      0.0554   0.0017   43.07     13    Success 
    13       -2.9303     4.0568      0.0178   0.0013   44.31     14    Success 
    14       -2.9570     4.4615      0.0266   0.0023   49.94     15    Success 
    15       -2.9902     3.2973      0.0332   0.0038   62.39     16    Success 
    16       -3.0109     1.7190      0.0208   0.0041   65.68     17    Success 
    17       -3.0153     1.8274      0.0044   0.0020   53.35     18    Success 
    18       -3.0175     0.6137      0.0021   0.0005   45.55     19    Success 
    19       -3.0180     0.5832      0.0005   0.0003   49.87     20    Success 
    20       -3.0188     0.5470      0.0008   0.0004   49.12     21    Success 
    21       -3.0201     0.5138      0.0013   0.0008   52.74     22    Success 
    22       -3.0212     0.4293      0.0010   0.0013   59.09     23    Success 
    23       -3.0213     0.1909      0.0002   0.0003   60.34     25    Success 
    24       -3.0214     0.0709      0.0000   0.0001   59.57     26    Success 
    25       -3.0214     0.0180      0.0000   0.0001   56.62     27    Success 
    26       -3.0214     0.0180     -0.0000   0.0000   35.89     34   BadIntpln
    27       -3.0214     0.0172      0.0000   0.0000   73.96     36    Success 
    28       -3.0214     0.0153      0.0000   0.0000   47.63     37    Success 
    29       -3.0214     0.0172      0.0000   0.0000   39.93     38    Success 
    30       -3.0214     0.0130      0.0000   0.0000   54.92     39    Success 
    31       -3.0214     0.0200      0.0000   0.0000   60.70     41    Success 
    32       -3.0214     0.0200      0.0000   0.0000   62.06     47   BadIntpln
    33       -3.0214     0.0200     -0.0000   0.0000   55.90     53   BadIntpln

 LBFGS  --  Incomplete Convergence due to BadIntpln

 Final Function Value :           -3.0214
 Final RMS Gradient :              0.0200
 Final Gradient Norm :             0.0490
