
     ######################################################################
   ##########################################################################
  ###                                                                      ###
 ###            Tinker  ---  Software Tools for Molecular Design            ###
 ##                                                                          ##
 ##                          Version 8.7  June 2019                          ##
 ##                                                                          ##
 ##               Copyright (c)  Jay William Ponder  1990-2019               ##
 ###                           All Rights Reserved                          ###
  ###                                                                      ###
   ##########################################################################
     ######################################################################


 Additional Atom Definition Parameters :

     Type  Class  Symbol  Description               Atomic    Mass   Valence

     402    402     O     methanol                     8     15.999     2
     401    401     C     methanol                     6     12.011     4
     403    403     H     methanol                     1      1.008     1
     404    404     H     methanol                     1      1.008     1

 Additional Bond Stretching Parameters :

     Atom Classes             K(S)         Length

       401 402             500.100         1.4296
       402 404             615.900         0.9714
       401 403             385.000         1.0956

 Additional Angle Bending Parameters :

     Atom Classes             K(B)          Angle

     403 401 403            40.570        108.724
     402 401 403            60.990        106.530
     401 402 404            64.960        106.891

 Additional Stretch-Bend Parameters :

     Atom Classes          K(SB)-1        K(SB)-2

     402 401 403            -4.500         38.000
     401 402 404            -4.500         38.000

 Additional Torsional Parameters :

     Atom Classes     1-Fold    2-Fold    3-Fold    4-Fold    5-Fold    6-Fold

   403 401 402 404   0.72   0 -0.72 180  0.21   0  0.00   0  0.00   0  0.00   0

 Additional van der Waals Parameters :

     Atom Class               Size        Epsilon        Reduction

         402                3.4050         0.1100          0.000
         401                3.7600         0.1010          0.000
         403                2.8700         0.0240          0.910
         404                2.6550         0.0135          0.910

 Additional Atomic Multipole Parameters :

     Atom Type     Coordinate Frame Definition         Multipole Moments

         401      402    404      0   Z-then-X     0.14802
                                                  -0.08108  0.00000  0.42570
                                                  -0.39844
                                                   0.00000 -0.41757
                                                   0.02956  0.00000  0.81601

         402      401    404      0   Z-then-X    -0.43376
                                                   0.19656  0.00000  0.27529
                                                   0.13769
                                                   0.00000 -0.43975
                                                  -0.15642  0.00000  0.30205

         403      401    402      0   Z-then-X     0.02474
                                                   0.00105  0.00000 -0.10244
                                                   0.02646
                                                   0.00000  0.01500
                                                  -0.02740  0.00000 -0.04146

         404      402    401      0   Z-then-X     0.21152
                                                  -0.02854  0.00000 -0.09826
                                                   0.03555
                                                   0.00000 -0.09467
                                                  -0.02157  0.00000  0.05912

 Additional Atomic Dipole Polarizability Parameters :

     Atom Type           Alpha       Thole     Group Atom Types

         402             0.837       0.390         401  404
         401             1.334       0.390         402  403
         403             0.496       0.390         401
         404             0.496       0.390         402

 Limited Memory BFGS Quasi-Newton Optimization :

 QN Iter     F Value      G RMS      F Move   X Move   Angle  FG Call  Comment

     0      962.5048  2161.3532                                   1
     1       31.2957   222.0226    931.2092   0.1701    0.00      2    Success 
     2       14.6858   132.3149     16.6098   0.0160    4.41      3    Success 
     3        2.7332    53.1678     11.9526   0.0296    9.55      4    Success 
     4        1.0947    34.6821      1.6385   0.0074   29.31      5    Success 
     5       -0.5699    24.0423      1.6646   0.0175   27.34      6    Success 
     6       -1.0106    11.5945      0.4407   0.0051   38.84      7    Success 
     7       -1.4260    17.1917      0.4154   0.0099   27.16      8    Success 
     8       -1.7806    18.0314      0.3546   0.0106   65.42      9    Success 
     9       -2.2319    16.2016      0.4512   0.0164   66.45     10    Success 
    10       -2.3354    19.0734      0.1035   0.0178   70.07     11    Success 
    11       -2.4609     5.2585      0.1255   0.0046   66.61     12    Success 
    12       -2.4778     2.9304      0.0169   0.0014   56.02     13    Success 
    13       -2.4931     2.8886      0.0153   0.0014   38.61     14    Success 
    14       -2.5168     3.0764      0.0237   0.0026   48.27     15    Success 
    15       -2.5446     2.1386      0.0278   0.0048   60.25     16    Success 
    16       -2.5519     1.6619      0.0073   0.0025   62.85     17    Success 
    17       -2.5541     0.5773      0.0022   0.0013   66.43     18    Success 
    18       -2.5547     0.4666      0.0005   0.0004   60.73     19    Success 
    19       -2.5555     0.3833      0.0008   0.0005   45.24     20    Success 
    20       -2.5563     0.2236      0.0008   0.0010   52.32     21    Success 
    21       -2.5563     0.1554      0.0000   0.0002   70.99     23    Success 
    22       -2.5563     0.0472      0.0000   0.0002   72.37     24    Success 
    23       -2.5563     0.0247      0.0000   0.0000   64.59     25    Success 
    24       -2.5563     0.0262      0.0000   0.0000   47.36     26    Success 
    25       -2.5563     0.0301      0.0000   0.0000   56.61     27    Success 
    26       -2.5563     0.0170      0.0000   0.0000   66.72     28    Success 
    27       -2.5563     0.0129      0.0000   0.0000   62.15     30    Success 
    28       -2.5563     0.0129     -0.0000   0.0000   62.69     37   BadIntpln
    29       -2.5563     0.0015      0.0000   0.0000   62.42     38    Success 
    30       -2.5563     0.0015     -0.0000   0.0000   42.02     43   BadIntpln
    31       -2.5563     0.0015      0.0000   0.0000   80.68     49   BadIntpln

 LBFGS  --  Incomplete Convergence due to BadIntpln

 Final Function Value :           -2.5563
 Final RMS Gradient :              0.0015
 Final Gradient Norm :             0.0037
