
     ######################################################################
   ##########################################################################
  ###                                                                      ###
 ###            Tinker  ---  Software Tools for Molecular Design            ###
 ##                                                                          ##
 ##                          Version 8.7  June 2019                          ##
 ##                                                                          ##
 ##               Copyright (c)  Jay William Ponder  1990-2019               ##
 ###                           All Rights Reserved                          ###
  ###                                                                      ###
   ##########################################################################
     ######################################################################


 Additional Atom Definition Parameters :

     Type  Class  Symbol  Description               Atomic    Mass   Valence

     402    402     O     methanol                     8     15.999     2
     401    401     C     methanol                     6     12.011     4
     403    403     H     methanol                     1      1.008     1
     404    404     H     methanol                     1      1.008     1

 Additional Bond Stretching Parameters :

     Atom Classes             K(S)         Length

       401 402             500.100         1.4296
       402 404             615.900         0.9714
       401 403             385.000         1.0956

 Additional Angle Bending Parameters :

     Atom Classes             K(B)          Angle

     403 401 403            40.570        108.724
     402 401 403            60.990        106.530
     401 402 404            64.960        106.891

 Additional Stretch-Bend Parameters :

     Atom Classes          K(SB)-1        K(SB)-2

     402 401 403            -4.500         38.000
     401 402 404            -4.500         38.000

 Additional Torsional Parameters :

     Atom Classes     1-Fold    2-Fold    3-Fold    4-Fold    5-Fold    6-Fold

   403 401 402 404   0.00   0  0.00 180  0.00   0  0.00   0  0.00   0  0.00   0

 Additional van der Waals Parameters :

     Atom Class               Size        Epsilon        Reduction

         402                3.4050         0.1100          0.000
         401                3.7600         0.1010          0.000
         403                2.8700         0.0240          0.910
         404                2.6550         0.0135          0.910

 Additional Atomic Multipole Parameters :

     Atom Type     Coordinate Frame Definition         Multipole Moments

         401      402    404      0   Z-then-X     0.14802
                                                  -0.08108  0.00000  0.42570
                                                  -0.39844
                                                   0.00000 -0.41757
                                                   0.02956  0.00000  0.81601

         402      401    404      0   Z-then-X    -0.43376
                                                   0.19656  0.00000  0.27529
                                                   0.13769
                                                   0.00000 -0.43975
                                                  -0.15642  0.00000  0.30205

         403      401    402      0   Z-then-X     0.02474
                                                   0.00105  0.00000 -0.10244
                                                   0.02646
                                                   0.00000  0.01500
                                                  -0.02740  0.00000 -0.04146

         404      402    401      0   Z-then-X     0.21152
                                                  -0.02854  0.00000 -0.09826
                                                   0.03555
                                                   0.00000 -0.09467
                                                  -0.02157  0.00000  0.05912

 Additional Atomic Dipole Polarizability Parameters :

     Atom Type           Alpha       Thole     Group Atom Types

         402             0.837       0.390         401  404
         401             1.334       0.390         402  403
         403             0.496       0.390         401
         404             0.496       0.390         402

 Limited Memory BFGS Quasi-Newton Optimization :

 QN Iter     F Value      G RMS      F Move   X Move   Angle  FG Call  Comment

     0       38.8625   438.1255                                   1
     1       -0.4708    42.4984     39.3333   0.0292    0.00      3    Success 
     2       -1.1337    31.7696      0.6629   0.0031    4.29      4    Success 
     3       -2.0710    16.0594      0.9373   0.0071   10.00      5    Success 
     4       -2.5452     9.6768      0.4743   0.0081   16.97      6    Success 
     5       -2.7608     6.7043      0.2156   0.0066   37.07      7    Success 
     6       -2.9309     4.4142      0.1701   0.0084   43.93      8    Success 
     7       -3.0319     6.3128      0.1010   0.0104   46.31      9    Success 
     8       -3.0786     6.6036      0.0467   0.0083   65.12     10    Success 
     9       -3.1206     2.9364      0.0420   0.0019   39.10     11    Success 
    10       -3.1395     1.3656      0.0189   0.0026   44.75     12    Success 
    11       -3.1454     1.0541      0.0060   0.0014   48.96     13    Success 
    12       -3.1527     0.6022      0.0073   0.0025   41.31     14    Success 
    13       -3.1534     0.5501      0.0007   0.0005   45.90     16    Success 
    14       -3.1539     0.1931      0.0005   0.0005   56.78     17    Success 
    15       -3.1540     0.1306      0.0001   0.0002   38.66     18    Success 
    16       -3.1541     0.1418      0.0001   0.0003   32.71     19    Success 
    17       -3.1542     0.0858      0.0001   0.0002   59.48     20    Success 
    18       -3.1542     0.0790      0.0000   0.0001   61.74     21    Success 
    19       -3.1542     0.0079      0.0000   0.0000   62.12     22    Success 
    20       -3.1542     0.0066      0.0000   0.0000   60.73     27    ReSearch
    21       -3.1542     0.0066      0.0000   0.0000   39.57     33   BadIntpln
    22       -3.1542     0.0082     -0.0000   0.0000   53.19     35    Success 
    23       -3.1542     0.0201      0.0000   0.0000   57.76     36    Success 
    24       -3.1542     0.0187      0.0000   0.0000   60.53     42   BadIntpln
    25       -3.1542     0.0187     -0.0000   0.0000   67.99     47   BadIntpln

 LBFGS  --  Incomplete Convergence due to BadIntpln

 Final Function Value :           -3.1542
 Final RMS Gradient :              0.0187
 Final Gradient Norm :             0.0459
