
     ######################################################################
   ##########################################################################
  ###                                                                      ###
 ###            Tinker  ---  Software Tools for Molecular Design            ###
 ##                                                                          ##
 ##                          Version 8.7  June 2019                          ##
 ##                                                                          ##
 ##               Copyright (c)  Jay William Ponder  1990-2019               ##
 ###                           All Rights Reserved                          ###
  ###                                                                      ###
   ##########################################################################
     ######################################################################


 Additional Atom Definition Parameters :

     Type  Class  Symbol  Description               Atomic    Mass   Valence

     402    402     O     methanol                     8     15.999     2
     401    401     C     methanol                     6     12.011     4
     403    403     H     methanol                     1      1.008     1
     404    404     H     methanol                     1      1.008     1

 Additional Bond Stretching Parameters :

     Atom Classes             K(S)         Length

       401 402             500.100         1.4245
       402 404             615.900         0.9701
       401 403             385.000         1.0970

 Additional Angle Bending Parameters :

     Atom Classes             K(B)          Angle

     403 401 403            40.570        108.533
     402 401 403            60.990        106.257
     401 402 404            64.960        107.328

 Additional Stretch-Bend Parameters :

     Atom Classes          K(SB)-1        K(SB)-2

     402 401 403            -4.500         38.000
     401 402 404            -4.500         38.000

 Additional Torsional Parameters :

     Atom Classes     1-Fold    2-Fold    3-Fold    4-Fold    5-Fold    6-Fold

   403 401 402 404   0.80   0 -0.80 180  0.23   0  0.00   0  0.00   0  0.00   0

 Additional van der Waals Parameters :

     Atom Class               Size        Epsilon        Reduction

         402                3.4050         0.1100          0.000
         401                3.7600         0.1010          0.000
         403                2.8700         0.0240          0.910
         404                2.6550         0.0135          0.910

 Additional Atomic Multipole Parameters :

     Atom Type     Coordinate Frame Definition         Multipole Moments

         401      402    404      0   Z-then-X     0.14948
                                                  -0.07932  0.00000  0.42824
                                                  -0.39945
                                                   0.00000 -0.41718
                                                   0.03099  0.00000  0.81663

         402      401    404      0   Z-then-X    -0.43257
                                                   0.19658  0.00000  0.27808
                                                   0.13503
                                                   0.00000 -0.43843
                                                  -0.15929  0.00000  0.30340

         403      401    402      0   Z-then-X     0.02375
                                                   0.00073  0.00000 -0.10207
                                                   0.02679
                                                   0.00000  0.01450
                                                  -0.02766  0.00000 -0.04129

         404      402    401      0   Z-then-X     0.21184
                                                  -0.02957  0.00000 -0.09812
                                                   0.03539
                                                   0.00000 -0.09473
                                                  -0.02219  0.00000  0.05934

 Additional Atomic Dipole Polarizability Parameters :

     Atom Type           Alpha       Thole     Group Atom Types

         402             0.837       0.390         401  404
         401             1.334       0.390         402  403
         403             0.496       0.390         401
         404             0.496       0.390         402

 Limited Memory BFGS Quasi-Newton Optimization :

 QN Iter     F Value      G RMS      F Move   X Move   Angle  FG Call  Comment

     0      272.8448   795.2704                                   1
     1       53.5531   272.7404    219.2917   0.1701    0.00      2    Success 
     2       13.1409    87.0831     40.4122   0.0397    4.87      3    Success 
     3        6.1510    48.5054      6.9899   0.0218    5.31      4    Success 
     4        3.6964    29.8291      2.4546   0.0144   29.38      5    Success 
     5        2.6690    13.3612      1.0275   0.0122   36.67      6    Success 
     6        2.3281    10.8900      0.3409   0.0063   30.82      7    Success 
     7        1.9124     9.6871      0.4157   0.0135   42.40      8    Success 
     8        1.6716    10.5394      0.2408   0.0128   55.54      9    Success 
     9        1.5494     6.0265      0.1223   0.0114   64.65     10    Success 
    10        1.5084     2.8967      0.0409   0.0027   52.78     11    Success 
    11        1.4862     1.9275      0.0222   0.0024   40.43     12    Success 
    12        1.4658     1.7420      0.0204   0.0031   39.34     13    Success 
    13        1.4508     0.9896      0.0151   0.0038   50.25     14    Success 
    14        1.4496     0.8487      0.0012   0.0006   47.59     16    Success 
    15        1.4485     0.3345      0.0011   0.0006   57.91     17    Success 
    16        1.4481     0.2895      0.0004   0.0003   37.98     18    Success 
    17        1.4475     0.3437      0.0006   0.0006   42.62     19    Success 
    18        1.4471     0.2618      0.0005   0.0008   61.46     20    Success 
    19        1.4470     0.1969      0.0001   0.0002   60.74     22    Success 
    20        1.4470     0.0491      0.0000   0.0001   61.28     23    Success 
    21        1.4470     0.0036      0.0000   0.0000   54.35     24    Success 
    22        1.4470     0.0012      0.0000   0.0000   61.50     25    Success 
    23        1.4470     0.0008      0.0000   0.0000   30.95     26   SmallGrad

 LBFGS  --  Normal Termination due to SmallGrad

 Final Function Value :            1.4470
 Final RMS Gradient :              0.0008
 Final Gradient Norm :             0.0020
