
     ######################################################################
   ##########################################################################
  ###                                                                      ###
 ###            Tinker  ---  Software Tools for Molecular Design            ###
 ##                                                                          ##
 ##                          Version 8.7  June 2019                          ##
 ##                                                                          ##
 ##               Copyright (c)  Jay William Ponder  1990-2019               ##
 ###                           All Rights Reserved                          ###
  ###                                                                      ###
   ##########################################################################
     ######################################################################


 Additional Atom Definition Parameters :

     Type  Class  Symbol  Description               Atomic    Mass   Valence

     402    402     O     methanol                     8     15.999     2
     401    401     C     methanol                     6     12.011     4
     403    403     H     methanol                     1      1.008     1
     404    404     H     methanol                     1      1.008     1

 Additional Bond Stretching Parameters :

     Atom Classes             K(S)         Length

       401 402             500.100         1.4245
       402 404             615.900         0.9701
       401 403             385.000         1.0970

 Additional Angle Bending Parameters :

     Atom Classes             K(B)          Angle

     403 401 403            40.570        108.533
     402 401 403            60.990        106.257
     401 402 404            64.960        107.328

 Additional Stretch-Bend Parameters :

     Atom Classes          K(SB)-1        K(SB)-2

     402 401 403            -4.500         38.000
     401 402 404            -4.500         38.000

 Additional Torsional Parameters :

     Atom Classes     1-Fold    2-Fold    3-Fold    4-Fold    5-Fold    6-Fold

   403 401 402 404   0.00   0  0.00 180  0.00   0  0.00   0  0.00   0  0.00   0

 Additional van der Waals Parameters :

     Atom Class               Size        Epsilon        Reduction

         402                3.4050         0.1100          0.000
         401                3.7600         0.1010          0.000
         403                2.8700         0.0240          0.910
         404                2.6550         0.0135          0.910

 Additional Atomic Multipole Parameters :

     Atom Type     Coordinate Frame Definition         Multipole Moments

         401      402    404      0   Z-then-X     0.14948
                                                  -0.07932  0.00000  0.42824
                                                  -0.39945
                                                   0.00000 -0.41718
                                                   0.03099  0.00000  0.81663

         402      401    404      0   Z-then-X    -0.43257
                                                   0.19658  0.00000  0.27808
                                                   0.13503
                                                   0.00000 -0.43843
                                                  -0.15929  0.00000  0.30340

         403      401    402      0   Z-then-X     0.02375
                                                   0.00073  0.00000 -0.10207
                                                   0.02679
                                                   0.00000  0.01450
                                                  -0.02766  0.00000 -0.04129

         404      402    401      0   Z-then-X     0.21184
                                                  -0.02957  0.00000 -0.09812
                                                   0.03539
                                                   0.00000 -0.09473
                                                  -0.02219  0.00000  0.05934

 Additional Atomic Dipole Polarizability Parameters :

     Atom Type           Alpha       Thole     Group Atom Types

         402             0.837       0.390         401  404
         401             1.334       0.390         402  403
         403             0.496       0.390         401
         404             0.496       0.390         402

 Limited Memory BFGS Quasi-Newton Optimization :

 QN Iter     F Value      G RMS      F Move   X Move   Angle  FG Call  Comment

     0     1082.4138  1597.3983                                   1
     1      157.4846   455.3122    924.9292   0.1701    0.00      2    Success 
     2       35.4092   166.7742    122.0754   0.0740    4.51      3    Success 
     3       14.5579    75.6232     20.8512   0.0366   17.55      4    Success 
     4        9.4273    54.0292      5.1306   0.0162   25.79      5    Success 
     5        4.3997    30.1471      5.0276   0.0322   27.77      6    Success 
     6        3.2203    18.6537      1.1794   0.0112   35.25      7    Success 
     7        2.2999    15.6936      0.9204   0.0171   41.92      8    Success 
     8        1.7652    13.5323      0.5346   0.0145   56.80      9    Success 
     9        1.3631     8.8084      0.4022   0.0225   61.84     10    Success 
    10        1.2513     3.9431      0.1118   0.0056   30.95     11    Success 
    11        1.2266     2.4612      0.0247   0.0020   47.44     12    Success 
    12        1.2003     1.8280      0.0263   0.0030   28.01     13    Success 
    13        1.1840     1.6178      0.0163   0.0034   48.08     14    Success 
    14        1.1802     1.4500      0.0039   0.0014   56.81     16    Success 
    15        1.1768     0.4968      0.0034   0.0015   63.50     17    Success 
    16        1.1759     0.3887      0.0008   0.0004   36.58     18    Success 
    17        1.1747     0.4195      0.0012   0.0009   32.01     19    Success 
    18        1.1737     0.2983      0.0010   0.0011   54.89     20    Success 
    19        1.1737     0.5146      0.0000   0.0005   58.43     21    Success 
    20        1.1736     0.4067      0.0001   0.0000   45.71     22    Success 
    21        1.1735     0.1695      0.0001   0.0001   51.30     23    Success 
    22        1.1735     0.0224      0.0000   0.0001   52.43     24    Success 
    23        1.1735     0.0202      0.0000   0.0000   33.69     25    Success 
    24        1.1735     0.0174      0.0000   0.0000   28.04     26    Success 
    25        1.1735     0.0148      0.0000   0.0000   28.49     27    Success 
    26        1.1735     0.0197      0.0000   0.0000   35.39     29    Success 
    27        1.1735     0.0087      0.0000   0.0000   61.59     30    Success 
    28        1.1735     0.0008      0.0000   0.0000   60.89     31   SmallGrad

 LBFGS  --  Normal Termination due to SmallGrad

 Final Function Value :            1.1735
 Final RMS Gradient :              0.0008
 Final Gradient Norm :             0.0021
