
     ######################################################################
   ##########################################################################
  ###                                                                      ###
 ###            Tinker  ---  Software Tools for Molecular Design            ###
 ##                                                                          ##
 ##                          Version 8.7  June 2019                          ##
 ##                                                                          ##
 ##               Copyright (c)  Jay William Ponder  1990-2019               ##
 ###                           All Rights Reserved                          ###
  ###                                                                      ###
   ##########################################################################
     ######################################################################


 Additional Atom Definition Parameters :

     Type  Class  Symbol  Description               Atomic    Mass   Valence

     402    402     O     methanol                     8     15.999     2
     401    401     C     methanol                     6     12.011     4
     403    403     H     methanol                     1      1.008     1
     404    404     H     methanol                     1      1.008     1

 Additional Bond Stretching Parameters :

     Atom Classes             K(S)         Length

       401 402             500.100         1.4245
       402 404             615.900         0.9701
       401 403             385.000         1.0970

 Additional Angle Bending Parameters :

     Atom Classes             K(B)          Angle

     403 401 403            40.570        108.533
     402 401 403            60.990        106.257
     401 402 404            64.960        107.328

 Additional Stretch-Bend Parameters :

     Atom Classes          K(SB)-1        K(SB)-2

     402 401 403            -4.500         38.000
     401 402 404            -4.500         38.000

 Additional Torsional Parameters :

     Atom Classes     1-Fold    2-Fold    3-Fold    4-Fold    5-Fold    6-Fold

   403 401 402 404   0.00   0  0.00 180  0.00   0  0.00   0  0.00   0  0.00   0

 Additional van der Waals Parameters :

     Atom Class               Size        Epsilon        Reduction

         402                3.4050         0.1100          0.000
         401                3.7600         0.1010          0.000
         403                2.8700         0.0240          0.910
         404                2.6550         0.0135          0.910

 Additional Atomic Multipole Parameters :

     Atom Type     Coordinate Frame Definition         Multipole Moments

         401      402    404      0   Z-then-X     0.14948
                                                  -0.07932  0.00000  0.42824
                                                  -0.39945
                                                   0.00000 -0.41718
                                                   0.03099  0.00000  0.81663

         402      401    404      0   Z-then-X    -0.43257
                                                   0.19658  0.00000  0.27808
                                                   0.13503
                                                   0.00000 -0.43843
                                                  -0.15929  0.00000  0.30340

         403      401    402      0   Z-then-X     0.02375
                                                   0.00073  0.00000 -0.10207
                                                   0.02679
                                                   0.00000  0.01450
                                                  -0.02766  0.00000 -0.04129

         404      402    401      0   Z-then-X     0.21184
                                                  -0.02957  0.00000 -0.09812
                                                   0.03539
                                                   0.00000 -0.09473
                                                  -0.02219  0.00000  0.05934

 Additional Atomic Dipole Polarizability Parameters :

     Atom Type           Alpha       Thole     Group Atom Types

         402             0.837       0.390         401  404
         401             1.334       0.390         402  403
         403             0.496       0.390         401
         404             0.496       0.390         402

 Limited Memory BFGS Quasi-Newton Optimization :

 QN Iter     F Value      G RMS      F Move   X Move   Angle  FG Call  Comment

     0      273.4974   801.1560                                   1
     1       50.7978   267.8384    222.6996   0.1701    0.00      2    Success 
     2       11.8323    82.9205     38.9655   0.0393    4.87      3    Success 
     3        5.4709    46.6905      6.3614   0.0207    5.36      4    Success 
     4        3.1745    28.5944      2.2964   0.0142   29.31      5    Success 
     5        2.2858    12.5192      0.8887   0.0111   37.04      6    Success 
     6        1.9917    10.6751      0.2941   0.0057   29.80      7    Success 
     7        1.5853    10.8010      0.4064   0.0125   42.55      8    Success 
     8        1.3030    10.8889      0.2823   0.0149   58.97      9    Success 
     9        1.2396     9.9638      0.0634   0.0127   65.23     10    Success 
    10        1.1607     3.3473      0.0789   0.0043   60.08     11    Success 
    11        1.1393     2.1178      0.0214   0.0018   37.79     12    Success 
    12        1.1175     1.9024      0.0219   0.0029   34.49     13    Success 
    13        1.0968     1.3398      0.0207   0.0041   47.06     14    Success 
    14        1.0940     1.3874      0.0028   0.0012   55.28     16    Success 
    15        1.0907     0.4173      0.0033   0.0014   60.57     17    Success 
    16        1.0902     0.2888      0.0005   0.0004   37.89     18    Success 
    17        1.0895     0.3428      0.0006   0.0007   36.31     19    Success 
    18        1.0891     0.3483      0.0004   0.0008   60.38     20    Success 
    19        1.0890     0.2339      0.0001   0.0005   62.26     21    Success 
    20        1.0889     0.0327      0.0001   0.0002   63.18     22    Success 
    21        1.0889     0.0118      0.0000   0.0000   53.84     23    Success 
    22        1.0889     0.0105      0.0000   0.0000   25.82     24    Success 
    23        1.0889     0.0089      0.0000   0.0000   27.80     25    Success 
    24        1.0889     0.0133      0.0000   0.0000   42.54     26    Success 
    25        1.0889     0.0102      0.0000   0.0000   43.40     27    Success 
    26        1.0889     0.0043      0.0000   0.0000   57.96     28    Success 
    27        1.0889     0.0009      0.0000   0.0000   56.76     29   SmallGrad

 LBFGS  --  Normal Termination due to SmallGrad

 Final Function Value :            1.0889
 Final RMS Gradient :              0.0009
 Final Gradient Norm :             0.0022
