
     ######################################################################
   ##########################################################################
  ###                                                                      ###
 ###            Tinker  ---  Software Tools for Molecular Design            ###
 ##                                                                          ##
 ##                          Version 8.7  June 2019                          ##
 ##                                                                          ##
 ##               Copyright (c)  Jay William Ponder  1990-2019               ##
 ###                           All Rights Reserved                          ###
  ###                                                                      ###
   ##########################################################################
     ######################################################################


 Additional Atom Definition Parameters :

     Type  Class  Symbol  Description               Atomic    Mass   Valence

     402    402     O     methanol                     8     15.999     2
     401    401     C     methanol                     6     12.011     4
     403    403     H     methanol                     1      1.008     1
     404    404     H     methanol                     1      1.008     1

 Additional Bond Stretching Parameters :

     Atom Classes             K(S)         Length

       401 402             500.100         1.4245
       402 404             615.900         0.9701
       401 403             385.000         1.0970

 Additional Angle Bending Parameters :

     Atom Classes             K(B)          Angle

     403 401 403            40.570        108.533
     402 401 403            60.990        106.257
     401 402 404            64.960        107.328

 Additional Stretch-Bend Parameters :

     Atom Classes          K(SB)-1        K(SB)-2

     402 401 403            -4.500         38.000
     401 402 404            -4.500         38.000

 Additional Torsional Parameters :

     Atom Classes     1-Fold    2-Fold    3-Fold    4-Fold    5-Fold    6-Fold

   403 401 402 404   0.80   0 -0.80 180  0.23   0  0.00   0  0.00   0  0.00   0

 Additional van der Waals Parameters :

     Atom Class               Size        Epsilon        Reduction

         402                3.4050         0.1100          0.000
         401                3.7600         0.1010          0.000
         403                2.8700         0.0240          0.910
         404                2.6550         0.0135          0.910

 Additional Atomic Multipole Parameters :

     Atom Type     Coordinate Frame Definition         Multipole Moments

         401      402    404      0   Z-then-X     0.14948
                                                  -0.07932  0.00000  0.42824
                                                  -0.39945
                                                   0.00000 -0.41718
                                                   0.03099  0.00000  0.81663

         402      401    404      0   Z-then-X    -0.43257
                                                   0.19658  0.00000  0.27808
                                                   0.13503
                                                   0.00000 -0.43843
                                                  -0.15929  0.00000  0.30340

         403      401    402      0   Z-then-X     0.02375
                                                   0.00073  0.00000 -0.10207
                                                   0.02679
                                                   0.00000  0.01450
                                                  -0.02766  0.00000 -0.04129

         404      402    401      0   Z-then-X     0.21184
                                                  -0.02957  0.00000 -0.09812
                                                   0.03539
                                                   0.00000 -0.09473
                                                  -0.02219  0.00000  0.05934

 Additional Atomic Dipole Polarizability Parameters :

     Atom Type           Alpha       Thole     Group Atom Types

         402             0.837       0.390         401  404
         401             1.334       0.390         402  403
         403             0.496       0.390         401
         404             0.496       0.390         402

 Limited Memory BFGS Quasi-Newton Optimization :

 QN Iter     F Value      G RMS      F Move   X Move   Angle  FG Call  Comment

     0        3.6234    30.0433                                   1
     1        2.4535    14.2218      1.1699   0.0160    0.00      3    Success 
     2        2.1998     6.9324      0.2537   0.0046   13.93      4    Success 
     3        2.0598     4.2726      0.1400   0.0052   19.77      5    Success 
     4        1.9808     2.7360      0.0791   0.0054   34.13      6    Success 
     5        1.9261     2.0961      0.0547   0.0063   39.02      7    Success 
     6        1.9208     5.5028      0.0052   0.0077   42.31      8    Success 
     7        1.9113     4.5605      0.0095   0.0004   25.25      9    Success 
     8        1.8965     2.5739      0.0148   0.0007   16.27     10    Success 
     9        1.8888     0.4221      0.0077   0.0010   24.60     11    Success 
    10        1.8882     0.3689      0.0006   0.0003   37.71     12    Success 
    11        1.8873     0.2106      0.0009   0.0007   38.00     13    Success 
    12        1.8871     0.2969      0.0002   0.0004   42.38     15    Success 
    13        1.8870     0.2652      0.0001   0.0004   61.11     16    Success 
    14        1.8870     0.1684      0.0000   0.0001   24.81     17    Success 
    15        1.8869     0.0566      0.0000   0.0001   51.93     18    Success 
    16        1.8869     0.0464      0.0000   0.0000   33.05     19    Success 
    17        1.8869     0.0418      0.0000   0.0001   44.64     20    Success 
    18        1.8869     0.0071      0.0000   0.0000   68.87     21    Success 
    19        1.8869     0.0020      0.0000   0.0000   49.14     22    Success 
    20        1.8869     0.0009      0.0000   0.0000   28.04     23   SmallGrad

 LBFGS  --  Normal Termination due to SmallGrad

 Final Function Value :            1.8869
 Final RMS Gradient :              0.0009
 Final Gradient Norm :             0.0021
