Sat Dec 28 15:47:25 2019 Running on host: bme-nova.bme.utexas.edu
Sat Dec 28 15:47:25 2019 NEED QM Density Matrix: Executing Gaussian Opt and SP
Sat Dec 28 15:47:25 2019  Calling: babel --title "methylamine Gaussian Optimization on bme-nova.bme.utexas.edu" methylamine.sdf methylamine-tmp.com
1 molecule converted
15 audit log messages 
Sat Dec 28 15:47:25 2019  Calling: mkdir /scratch/bdw2292/Gau-methylamine
mkdir: cannot create directory `/scratch/bdw2292/Gau-methylamine': File exists
Sat Dec 28 15:47:25 2019  Calling: GAUSS_SCRDIR=/scratch/bdw2292/Gau-methylamine g09 methylamine-opt.com
Sat Dec 28 15:47:29 2019  Calling: formchk methylamine-opt.chk
 Read checkpoint file methylamine-opt.chk
 Write formatted file methylamine-opt.fchk
Sat Dec 28 15:47:29 2019  Calling: babel --title "methylamine Gaussian SP Calculation on bme-nova.bme.utexas.edu" -i g03 methylamine-opt.log methylamine-tmp.com
 Coordinates translated and rotated.
 Coordinates match /B/ after translation and rotation.
 Rotating derivatives, DoTrsp=T IDiff= 1 LEDeriv=   1061 LFDPrp=       0 LDFDPr=       0.
1 molecule converted
12 audit log messages 
Sat Dec 28 15:47:29 2019  Calling: GAUSS_SCRDIR=/scratch/bdw2292/Gau-methylamine g09 methylamine-dma.com
Sat Dec 28 15:47:31 2019  Calling: formchk methylamine-dma.chk
 Read checkpoint file methylamine-dma.chk
 Write formatted file methylamine-dma.fchk
 Initial coordinates match /B/.
 Rotating derivatives, DoTrsp=T IDiff= 1 LEDeriv=   1061 LFDPrp=       0 LDFDPr=       0.
Sat Dec 28 15:47:31 2019 NEED DMA: Executing GDMA
Sat Dec 28 15:47:31 2019  Calling: /opt/gdma-2.2/bin/gdma < methylamine.gdmain > methylamine.gdmaout
Sat Dec 28 15:47:31 2019  Calling: poledit.x 1 methylamine.gdmaout /home/bdw2292/poltype/amoebabio18_header.prm < methylamine-peditin.txt

     ######################################################################
   ##########################################################################
  ###                                                                      ###
 ###            Tinker  ---  Software Tools for Molecular Design            ###
 ##                                                                          ##
 ##                          Version 8.7  June 2019                          ##
 ##                                                                          ##
 ##               Copyright (c)  Jay William Ponder  1990-2019               ##
 ###                           All Rights Reserved                          ###
  ###                                                                      ###
   ##########################################################################
     ######################################################################


 Global Frame Cartesian Multipole Moments :

 Site:       1         Name:   N         Atomic Number:       7

 Coordinates:            0.751098       0.000000      -0.125814

 Charge:                 -0.28587
 Dipole:                 -0.14577       -0.00000        0.36654
 Quadrupole:              0.50044
                         -0.00000        0.33864
                          0.21009        0.00000       -0.83908

 Site:       2         Name:   C         Atomic Number:       6

 Coordinates:           -0.706357       0.000000       0.017571

 Charge:                  0.04178
 Dipole:                  0.39403       -0.00000       -0.03272
 Quadrupole:              0.67167
                         -0.00000       -0.42633
                         -0.12365       -0.00000       -0.24535

 Site:       3         Name:   H         Atomic Number:       1

 Coordinates:           -1.078685      -0.000036       1.053112

 Charge:                 -0.01162
 Dipole:                 -0.06216       -0.00000        0.12145
 Quadrupole:             -0.00780
                         -0.00000       -0.00004
                          0.01605        0.00000        0.00784

 Site:       4         Name:   H         Atomic Number:       1

 Coordinates:           -1.110710      -0.880985      -0.486208

 Charge:                  0.04533
 Dipole:                 -0.05190       -0.09349       -0.05165
 Quadrupole:             -0.00926
                          0.00024        0.00885
                          0.00105        0.01390        0.00041

 Site:       5         Name:   H         Atomic Number:       1

 Coordinates:           -1.110702       0.881025      -0.486143

 Charge:                  0.04533
 Dipole:                 -0.05190        0.09349       -0.05165
 Quadrupole:             -0.00926
                         -0.00024        0.00885
                          0.00105       -0.01389        0.00041

 Site:       6         Name:   H         Atomic Number:       1

 Coordinates:            1.140279      -0.812602       0.347256

 Charge:                  0.08253
 Dipole:                  0.04699       -0.12086        0.06488
 Quadrupole:              0.01754
                         -0.00765        0.00518
                          0.00745       -0.01153       -0.02272

 Site:       7         Name:   H         Atomic Number:       1

 Coordinates:            1.140277       0.812602       0.347256

 Charge:                  0.08253
 Dipole:                  0.04699        0.12086        0.06488
 Quadrupole:              0.01754
                          0.00765        0.00518
                          0.00745        0.01153       -0.02272

 Local Frame Definition for Multipole Sites :

     Atom     Name      Axis Type     Z Axis  X Axis  Y Axis

       1      N         Z-then-X         2       6       0
       2      C         Z-then-X         1       3       0
       3      H         Z-then-X         2       1       0
       4      H         Z-then-X         2       1       0
       5      H         Z-then-X         2       1       0
       6      H         Z-then-X         1       2       0
       7      H         Z-then-X         1       2       0

 Enter Altered Local Frame Definition [<Enter>=Exit] :  
 Enter Altered Local Frame Definition [<Enter>=Exit] :  
 Enter Altered Local Frame Definition [<Enter>=Exit] :  
 Enter Altered Local Frame Definition [<Enter>=Exit] :  
 Enter Altered Local Frame Definition [<Enter>=Exit] :  
 Enter Altered Local Frame Definition [<Enter>=Exit] :  
 Enter Altered Local Frame Definition [<Enter>=Exit] :  
 Enter Altered Local Frame Definition [<Enter>=Exit] :  
 Local Frame Definition for Multipole Sites :

     Atom     Name      Axis Type     Z Axis  X Axis  Y Axis

       1      N         Z-Bisect         2       6       7
       2      C         Z-Bisect         1       6       7
       3      H         Z-then-X         2       1       0
       4      H         Z-then-X         2       1       0
       5      H         Z-then-X         2       1       0
       6      H         Z-then-X         1       2       0
       7      H         Z-then-X         1       2       0

 Choose Either the AMOEBA or HIPPO Polarization Model [A] :  
 Polarizability Parameters for Multipole Sites :

     Atom     Name       Polarize          Thole

       1      N            1.0730         0.3900
       2      C            1.3340         0.3900
       3      H            0.4960         0.3900
       4      H            0.4960         0.3900
       5      H            0.4960         0.3900
       6      H            0.4960         0.3900
       7      H            0.4960         0.3900

 Enter Atom Number, Polarizability & Thole Values :  
 The default is to place all atoms into one polarization group;
 This can be altered by entering a series of bonded atom pairs
 that separate the molecule into distinct polarization groups

 Enter a Bond between Polarization Groups [<Enter>=Exit] :  
 Polarization Groups for Multipole Sites :

     Atom     Name       Polarization Group Definition

       1      N               2     6     7
       2      C               1     3     4     5
       3      H               2
       4      H               2
       5      H               2
       6      H               1
       7      H               1

 Electrostatic and Polarization Scale Factors :

                    1-2         1-3         1-4         1-5

 M-Scale:         0.0000      0.0000      0.4000      0.8000
 P-Inter:         0.0000      0.0000      1.0000      1.0000
 P-Intra:         0.0000      0.0000      0.5000      1.0000
 W-Scale:         1.0000      1.0000      1.0000      1.0000

                    1-1         1-2         1-3         1-4

 D-Scale:         0.0000      1.0000      1.0000      1.0000
 U-Scale:         1.0000      1.0000      1.0000      1.0000

 Use Thole Damping:           True
 Charge Penetration:          False
 Set D Equal to P:            False

 Determination of Intergroup Induced Dipoles :

    Iter        RMS Change (Debye)

       1           0.0000000000

 Local Frame Intergroup Induced Dipole Moments (Debye) :

    Atom              X           Y           Z         Total

       1           0.0000      0.0000      0.0000      0.0000
       2           0.0000      0.0000      0.0000      0.0000
       3           0.0000      0.0000      0.0000      0.0000
       4           0.0000      0.0000      0.0000      0.0000
       5           0.0000      0.0000      0.0000      0.0000
       6           0.0000      0.0000      0.0000      0.0000
       7           0.0000      0.0000      0.0000      0.0000

 Condense Symmetric Atoms to Equivalent Types [Y] :  
 Final Atomic Multipole Moments after Regularization :

 Atom:       1         Name:   N         Atomic Number:       7

 Local Frame:            Z-Bisect             2       6       7

 Charge:                 -0.28588
 Dipole:                  0.35051        0.00000        0.18096
 Quadrupole:             -0.78530
                          0.00000        0.33864
                         -0.33658        0.00000        0.44666

 Atom:       2         Name:   C         Atomic Number:       6

 Local Frame:            Z-Bisect             1       6       7

 Charge:                  0.04178
 Dipole:                  0.00602        0.00000        0.39534
 Quadrupole:             -0.26065
                          0.00000       -0.42633
                         -0.03192        0.00000        0.68698

 Atom:       3         Name:   H         Atomic Number:       1

 Local Frame:            Z-then-X             2       1       0

 Charge:                 -0.01162
 Dipole:                 -0.01741        0.00000       -0.13532
 Quadrupole:              0.00421
                          0.00000       -0.00004
                         -0.01736        0.00000       -0.00417

 Atom:       4         Name:   H         Atomic Number:       1

 Local Frame:            Z-then-X             2       1       0

 Charge:                  0.04533
 Dipole:                 -0.00879        0.00000       -0.11842
 Quadrupole:             -0.00586
                          0.00000       -0.00955
                         -0.00937        0.00000        0.01541

 Atom:       5         Name:   H         Atomic Number:       1

 Local Frame:            Z-then-X             2       1       0

 Charge:                  0.04533
 Dipole:                 -0.00879        0.00000       -0.11842
 Quadrupole:             -0.00586
                          0.00000       -0.00955
                         -0.00937        0.00000        0.01541

 Atom:       6         Name:   H         Atomic Number:       1

 Local Frame:            Z-then-X             1       2       0

 Charge:                  0.08253
 Dipole:                  0.00855        0.00000       -0.14464
 Quadrupole:              0.00770
                          0.00000       -0.02454
                          0.01105        0.00000        0.01684

 Atom:       7         Name:   H         Atomic Number:       1

 Local Frame:            Z-then-X             1       2       0

 Charge:                  0.08253
 Dipole:                  0.00855        0.00000       -0.14464
 Quadrupole:              0.00770
                          0.00000       -0.02454
                          0.01105        0.00000        0.01684
Sat Dec 28 15:47:31 2019  Calling: potential.x 1 methylamine.xyz -k methylamine.key

     ######################################################################
   ##########################################################################
  ###                                                                      ###
 ###            Tinker  ---  Software Tools for Molecular Design            ###
 ##                                                                          ##
 ##                          Version 8.7  June 2019                          ##
 ##                                                                          ##
 ##               Copyright (c)  Jay William Ponder  1990-2019               ##
 ###                           All Rights Reserved                          ###
  ###                                                                      ###
   ##########################################################################
     ######################################################################


 Additional Atom Definition Parameters :

     Type  Class  Symbol  Description               Atomic    Mass   Valence

       1      1     N     methylamine                  7     14.007     3
       2      2     C     methylamine                  6     12.011     4
       3      3     H     methylamine                  1      1.008     1
       4      4     H     methylamine                  1      1.008     1
       5      5     H     methylamine                  1      1.008     1
       6      6     H     methylamine                  1      1.008     1
       7      7     H     methylamine                  1      1.008     1

 Electrostatic Potential Grid Points :                  6117

 Gaussian CUBEGEN Input Written To :   methylamine.grid

 Next, run the Gaussian CUBEGEN program; for example:
 cubegen 0 potential=MP2 xxx.fchk xxx.cube -5 h < xxx.grid

 See the Gaussian documentation for additional details;
 After CUBEGEN, rerun Tinker POTENTIAL using Option 2
Sat Dec 28 15:47:31 2019  Calling: babel --title "methylamine Gaussian SP Calculation on bme-nova.bme.utexas.edu" -i g03 methylamine-opt.log methylamine-tmp.com
1 molecule converted
12 audit log messages 
Sat Dec 28 15:47:31 2019  Calling: GAUSS_SCRDIR=/scratch/bdw2292/Gau-methylamine g09 methylamine-esp.com
Sat Dec 28 15:47:36 2019  Calling: formchk methylamine-esp.chk
 Read checkpoint file methylamine-esp.chk
 Write formatted file methylamine-esp.fchk
 Initial coordinates match /B/.
 Rotating derivatives, DoTrsp=T IDiff= 1 LEDeriv=   1061 LFDPrp=       0 LDFDPr=       0.
Sat Dec 28 15:47:36 2019  Calling: cubegen 0 potential=MP2 methylamine-esp.fchk methylamine.cube -5 h < methylamine.grid
Sat Dec 28 15:47:36 2019  Calling: potential.x 2 methylamine.cube

     ######################################################################
   ##########################################################################
  ###                                                                      ###
 ###            Tinker  ---  Software Tools for Molecular Design            ###
 ##                                                                          ##
 ##                          Version 8.7  June 2019                          ##
 ##                                                                          ##
 ##               Copyright (c)  Jay William Ponder  1990-2019               ##
 ###                           All Rights Reserved                          ###
  ###                                                                      ###
   ##########################################################################
     ######################################################################


 Electrostatic Potential Written To :  methylamine.pot
Sat Dec 28 15:47:37 2019  Calling: /home/bdw2292/poltype/avgmpoles.pl methylamine.key methylamine.xyz methylamine-groups.txt methylamine.key_2 methylamine.xyz_2 401
line: multipole     1    2   -6   -7         -0.28588

Content temp c3: -7
line: multipole     2    1   -6   -7          0.04178

Content temp c3: -7
multipole401402-404-404multipole402401-404-404Sat Dec 28 15:47:37 2019  Calling: potential.x 6 methylamine.xyz_2 -k methylamine.key_2 methylamine.pot N 0.1

     ######################################################################
   ##########################################################################
  ###                                                                      ###
 ###            Tinker  ---  Software Tools for Molecular Design            ###
 ##                                                                          ##
 ##                          Version 8.7  June 2019                          ##
 ##                                                                          ##
 ##               Copyright (c)  Jay William Ponder  1990-2019               ##
 ###                           All Rights Reserved                          ###
  ###                                                                      ###
   ##########################################################################
     ######################################################################


 Additional Atom Definition Parameters :

     Type  Class  Symbol  Description               Atomic    Mass   Valence

     402    402     N     methylamine                  7     14.007     3
     401    401     C     methylamine                  6     12.011     4
     403    403     H     methylamine                  1      1.008     1
     404    404     H     methylamine                  1      1.008     1

 Electrostatic Potential Grid Points :                  6117

 Electrostatic Parameter Restraint Value :            1.0000

 Additional Atom Definition Parameters :

     Type  Class  Symbol  Description               Atomic    Mass   Valence

     402    402     N     methylamine                  7     14.007     3
     401    401     C     methylamine                  6     12.011     4
     403    403     H     methylamine                  1      1.008     1
     404    404     H     methylamine                  1      1.008     1

 Additional Atomic Multipole Parameters :

     Atom Type     Coordinate Frame Definition         Multipole Moments

         401      402    404    404   Z-Bisect     0.04178
                                                   0.00602  0.00000  0.39534
                                                  -0.26065
                                                   0.00000 -0.42633
                                                  -0.03192  0.00000  0.68698

         402      401    404    404   Z-Bisect    -0.28588
                                                   0.35051  0.00000  0.18096
                                                  -0.78530
                                                   0.00000  0.33864
                                                  -0.33658  0.00000  0.44666

         403      401    402      0   Z-then-X     0.02635
                                                  -0.01166  0.00000 -0.12405
                                                  -0.00250
                                                   0.00000 -0.00638
                                                  -0.01203  0.00000  0.00888

         404      402    401      0   Z-then-X     0.08253
                                                   0.00855  0.00000 -0.14464
                                                   0.00770
                                                   0.00000 -0.02454
                                                   0.01105  0.00000  0.01684

 Additional Atomic Dipole Polarizability Parameters :

     Atom Type           Alpha       Thole     Group Atom Types

         402             1.073       0.390         401  404
         401             1.334       0.390         402  403
         403             0.496       0.390         401
         404             0.496       0.390         402

 Average Electrostatic Potential over Atoms :
      (Kcal/mole per unit charge)

   Structure   Atom      Points      Potential        Target        RMS Diff

        1        1         943        -9.1003        -9.0452         0.8397
        1        2         560        -0.3673         0.3434         1.1816
        1        3         937         4.0568         2.7881         1.3928
        1        4         899        -1.0187        -0.0867         1.0604
        1        5         910        -1.0634        -0.1250         1.0725
        1        6         935         3.4332         3.1134         0.7974
        1        7         933         3.4851         3.1578         0.7995

 Electrostatic Potential over all Grid Points :

 Average Potential Value for Model :                 -0.0667
 Average Potential Magnitude for Model :              4.2478
 Average Potential Value for Target :                -0.0097
 Average Potential Magnitude for Target :             3.7948

 Average Signed Potential Difference :               -0.0570
 Average Unsigned Potential Difference :              0.8313
 Root Mean Square Potential Difference :              1.0319

 Potential Fitting of Electrostatic Parameters :

 Parameter      Atom Type         Category            Value         Fixed

    --            402             Monopole          -0.28589          X
     1            402             X-Dipole           0.35051
    --            402             Y-Dipole           0.00000          X
     2            402             Z-Dipole           0.18096
     3            402             XX-Quad           -0.78530
    --            402             XY-Quad            0.00000          X
     4            402             XZ-Quad           -0.33658
     5            402             YY-Quad            0.33864
    --            402             YZ-Quad            0.00000          X
    --            402             ZZ-Quad            0.44666
    --            401             Monopole           0.04178          X
     6            401             X-Dipole           0.00602
    --            401             Y-Dipole           0.00000          X
     7            401             Z-Dipole           0.39534
     8            401             XX-Quad           -0.26065
    --            401             XY-Quad            0.00000          X
     9            401             XZ-Quad           -0.03192
    10            401             YY-Quad           -0.42633
    --            401             YZ-Quad            0.00000          X
    --            401             ZZ-Quad            0.68698
    --            403             Monopole           0.02635          X
    11            403             X-Dipole          -0.01166
    --            403             Y-Dipole           0.00000          X
    12            403             Z-Dipole          -0.12405
    13            403             XX-Quad           -0.00250
    --            403             XY-Quad            0.00000          X
    14            403             XZ-Quad           -0.01203
    15            403             YY-Quad           -0.00638
    --            403             YZ-Quad            0.00000          X
    --            403             ZZ-Quad            0.00888
    --            404             Monopole           0.08253          X
    16            404             X-Dipole           0.00855
    --            404             Y-Dipole           0.00000          X
    17            404             Z-Dipole          -0.14464
    18            404             XX-Quad            0.00770
    --            404             XY-Quad            0.00000          X
    19            404             XZ-Quad            0.01105
    20            404             YY-Quad           -0.02454
    --            404             YZ-Quad            0.00000          X
    --            404             ZZ-Quad            0.01684

 Levenberg-Marquardt Nonlinear Least Squares :

 LS Iter     F Value      Total G     Active G    N Active   F Calls

     0     3256.5357    3106.5676    3106.5676        20        21
     1      171.1772     185.3521     185.3521        20        42
     2       91.1648      11.5738      11.5738        20        63
     3       81.1471       0.0000       0.0000        20        84

 SQUARE  --  Normal Termination of Least Squares

 Potential Fitting of Electrostatic Parameters :

 Parameter      Atom Type         Category            Value         Fixed

    --            402             Monopole          -0.28589          X
     1            402             X-Dipole           0.29470
    --            402             Y-Dipole           0.00000          X
     2            402             Z-Dipole           0.27334
     3            402             XX-Quad           -0.92213
    --            402             XY-Quad            0.00000          X
     4            402             XZ-Quad           -0.41130
     5            402             YY-Quad            0.43051
    --            402             YZ-Quad            0.00000          X
    --            402             ZZ-Quad            0.49162
    --            401             Monopole           0.04178          X
     6            401             X-Dipole          -0.11656
    --            401             Y-Dipole           0.00000          X
     7            401             Z-Dipole           0.37550
     8            401             XX-Quad           -0.33449
    --            401             XY-Quad            0.00000          X
     9            401             XZ-Quad           -0.03927
    10            401             YY-Quad           -0.32236
    --            401             YZ-Quad            0.00000          X
    --            401             ZZ-Quad            0.65685
    --            403             Monopole           0.02635          X
    11            403             X-Dipole           0.00047
    --            403             Y-Dipole           0.00000          X
    12            403             Z-Dipole          -0.09837
    13            403             XX-Quad            0.03716
    --            403             XY-Quad            0.00000          X
    14            403             XZ-Quad           -0.02894
    15            403             YY-Quad            0.01017
    --            403             YZ-Quad            0.00000          X
    --            403             ZZ-Quad           -0.04733
    --            404             Monopole           0.08253          X
    16            404             X-Dipole           0.01651
    --            404             Y-Dipole           0.00000          X
    17            404             Z-Dipole          -0.20316
    18            404             XX-Quad            0.14242
    --            404             XY-Quad            0.00000          X
    19            404             XZ-Quad            0.04076
    20            404             YY-Quad           -0.02435
    --            404             YZ-Quad            0.00000          X
    --            404             ZZ-Quad           -0.11807

 Average Electrostatic Potential over Atoms :
      (Kcal/mole per unit charge)

   Structure   Atom      Points      Potential        Target        RMS Diff

        1        1         943        -9.0661        -9.0452         0.1595
        1        2         560         0.2733         0.3434         0.1261
        1        3         937         2.7771         2.7881         0.0598
        1        4         899        -0.1372        -0.0867         0.0905
        1        5         910        -0.1763        -0.1250         0.0908
        1        6         935         3.0735         3.1134         0.0945
        1        7         933         3.1186         3.1578         0.0940

 Electrostatic Potential over all Grid Points :

 Average Potential Value for Model :                 -0.0481
 Average Potential Magnitude for Model :              3.7722
 Average Potential Value for Target :                -0.0097
 Average Potential Magnitude for Target :             3.7948

 Average Signed Potential Difference :               -0.0384
 Average Unsigned Potential Difference :              0.0717
 Root Mean Square Potential Difference :              0.1052
Sat Dec 28 15:47:37 2019  Calling: sed -e '/\(.* none$\|^#\|^fix\|^potential-offset\)/d' methylamine.key_3 > methylamine.key_3_tmp
Sat Dec 28 15:47:37 2019 
Sat Dec 28 15:47:37 2019 =========================================================
Sat Dec 28 15:47:37 2019 Electrostatic Potential Comparision

Sat Dec 28 15:47:37 2019  Calling: potential.x 5 methylamine.xyz_2 -k methylamine.key_3 methylamine.pot N > RMSPD.txt
****************************************************************************************************
Sat Dec 28 15:47:38 2019 
Sat Dec 28 15:47:38 2019 =========================================================
Sat Dec 28 15:47:38 2019 Minimizing structure

Sat Dec 28 15:47:38 2019  Calling: cp methylamine.xyz_2 ttt.xyz
Sat Dec 28 15:47:38 2019  Calling: cp methylamine.key_5 ttt.key
Sat Dec 28 15:47:38 2019  Calling: minimize.x -k ttt.key ttt.xyz 0.1

     ######################################################################
   ##########################################################################
  ###                                                                      ###
 ###            Tinker  ---  Software Tools for Molecular Design            ###
 ##                                                                          ##
 ##                          Version 8.7  June 2019                          ##
 ##                                                                          ##
 ##               Copyright (c)  Jay William Ponder  1990-2019               ##
 ###                           All Rights Reserved                          ###
  ###                                                                      ###
   ##########################################################################
     ######################################################################


 Additional Atom Definition Parameters :

     Type  Class  Symbol  Description               Atomic    Mass   Valence

     402    402     N     methylamine                  7     14.007     3
     401    401     C     methylamine                  6     12.011     4
     403    403     H     methylamine                  1      1.008     1
     404    404     H     methylamine                  1      1.008     1

 Additional Bond Stretching Parameters :

     Atom Classes             K(S)         Length

       401 402             381.300         1.4645
       402 404             515.900         1.0176
       401 403             341.000         1.1004

 Additional Angle Bending Parameters :

     Atom Classes             K(B)          Angle

     403 401 403            40.570        107.980
     402 401 403            70.990        108.857
     401 402 404            35.000        109.578
     404 402 404            34.500        105.978

 Additional Stretch-Bend Parameters :

     Atom Classes          K(SB)-1        K(SB)-2

     402 401 403            11.500         11.500
     401 402 404             4.300          7.200
     404 402 404             4.300          7.200

 Additional Torsional Parameters :

     Atom Classes     1-Fold    2-Fold    3-Fold    4-Fold    5-Fold    6-Fold

   403 401 402 404   0.00   0  0.00 180  0.00   0  0.00   0  0.00   0  0.00   0

 Additional van der Waals Parameters :

     Atom Class               Size        Epsilon        Reduction

         402                3.7100         0.1050          0.000
         401                3.8200         0.1010          0.000
         403                2.8800         0.0240          0.910
         404                2.7000         0.0200          0.910

 Additional Atomic Multipole Parameters :

     Atom Type     Coordinate Frame Definition         Multipole Moments

         401      402    404    404   Z-Bisect     0.04178
                                                  -0.11656  0.00000  0.37550
                                                  -0.33449
                                                   0.00000 -0.32236
                                                  -0.03927  0.00000  0.65685

         402      401    404    404   Z-Bisect    -0.28589
                                                   0.29470  0.00000  0.27334
                                                  -0.69160
                                                   0.00000  0.32288
                                                  -0.30847  0.00000  0.36872

         403      401    402      0   Z-then-X     0.02635
                                                   0.00047  0.00000 -0.09837
                                                   0.03716
                                                   0.00000  0.01017
                                                  -0.02894  0.00000 -0.04733

         404      402    401      0   Z-then-X     0.08253
                                                   0.01651  0.00000 -0.20316
                                                   0.14242
                                                   0.00000 -0.02435
                                                   0.04076  0.00000 -0.11807

 Additional Atomic Dipole Polarizability Parameters :

     Atom Type           Alpha       Thole     Group Atom Types

         402             1.073       0.390         401  404
         401             1.334       0.390         402  403
         403             0.496       0.390         401
         404             0.496       0.390         402

 Limited Memory BFGS Quasi-Newton Optimization :

 QN Iter     F Value      G RMS      F Move   X Move   Angle  FG Call  Comment

     0        1.5338     8.0373                                   1
     1        1.1370     9.0587      0.3968   0.0139    0.00      3    Success 
     2        0.8974     2.4644      0.2395   0.0105   48.53      4    Success 
     3        0.8778     1.5957      0.0196   0.0026   29.24      5    Success 
     4        0.8675     1.3094      0.0103   0.0013   37.61      6    Success 
     5        0.8506     0.9077      0.0169   0.0027   33.62      7    Success 
     6        0.8406     2.1485      0.0101   0.0062   31.87      8    Success 
     7        0.8332     0.9566      0.0074   0.0022   51.75      9    Success 
     8        0.8312     0.3198      0.0020   0.0011   61.69     10    Success 
     9        0.8305     0.2443      0.0007   0.0004   15.34     11    Success 
    10        0.8296     0.1856      0.0009   0.0010   34.56     12    Success 
    11        0.8294     0.1693      0.0002   0.0004   43.85     14    Success 
    12        0.8292     0.0568      0.0002   0.0006   63.90     15   SmallGrad

 LBFGS  --  Normal Termination due to SmallGrad

 Final Function Value :            0.8292
 Final RMS Gradient :              0.0568
 Final Gradient Norm :             0.1502
Sat Dec 28 15:47:38 2019 
Sat Dec 28 15:47:38 2019 =========================================================
Sat Dec 28 15:47:38 2019 QM Dipole moment

Sat Dec 28 15:47:38 2019  Calling: grep -A7 "Dipole moment" methylamine-esp.log>QMDipole.txt
Sat Dec 28 15:47:38 2019 QM Dipole moment = 1.4374
Sat Dec 28 15:47:38 2019 
Sat Dec 28 15:47:38 2019 =========================================================
Sat Dec 28 15:47:38 2019 MM Dipole moment

Sat Dec 28 15:47:38 2019  Calling: analyze.x methylamine.xyz_2 em | grep -A11 Charge>MMDipole.txt
Sat Dec 28 15:47:39 2019 MM Dipole moment = 1.433
****************************************************************************************************
Sat Dec 28 15:47:39 2019 Poltype Job Finished

