Sat Dec 21 15:12:43 2019 Running on host: bme-nova.bme.utexas.edu
Sat Dec 21 15:12:43 2019 NEED QM Density Matrix: Executing Gaussian Opt and SP
Sat Dec 21 15:12:43 2019  Calling: babel --title "methanol Gaussian Optimization on bme-nova.bme.utexas.edu" methanol.sdf methanol-tmp.com
1 molecule converted
15 audit log messages 
Sat Dec 21 15:12:43 2019  Calling: mkdir /scratch/bdw2292/Gau-methanol
mkdir: cannot create directory `/scratch/bdw2292/Gau-methanol': File exists
****************************************************************************************************
Rotatable bond found about (3, 2, 1, 6)
Sat Dec 21 15:12:43 2019  Calling: sed -e '/\(.* none$\|^#\|^fix\|^potential-offset\)/d' methanol.key_3 > methanol.key_3_tmp
Sat Dec 21 15:12:43 2019 
Sat Dec 21 15:12:43 2019 =========================================================
Sat Dec 21 15:12:43 2019 Electrostatic Potential Comparision

Sat Dec 21 15:12:43 2019  Calling: cp ../methanol-opt.log methanol-opt-6-1-2-3-061.log
Sat Dec 21 15:12:43 2019  Calling: minimize.x methanol-opt-6-1-2-3-061_preQMOPTprefit.xyz -k tmp-6-1-2-3-061_preQMOPTprefit.key 0.001 >methanol-opt-6-1-2-3-061_preQMOPTprefit.out
Sat Dec 21 15:12:45 2019  Calling: minimize.x methanol-opt-6-1-2-3-091_preQMOPTprefit.xyz -k tmp-6-1-2-3-091_preQMOPTprefit.key 0.001 >methanol-opt-6-1-2-3-091_preQMOPTprefit.out
Sat Dec 21 15:12:46 2019  Calling: minimize.x methanol-opt-6-1-2-3-121_preQMOPTprefit.xyz -k tmp-6-1-2-3-121_preQMOPTprefit.key 0.001 >methanol-opt-6-1-2-3-121_preQMOPTprefit.out
Sat Dec 21 15:12:48 2019  Calling: minimize.x methanol-opt-6-1-2-3-151_preQMOPTprefit.xyz -k tmp-6-1-2-3-151_preQMOPTprefit.key 0.001 >methanol-opt-6-1-2-3-151_preQMOPTprefit.out
Sat Dec 21 15:12:49 2019  Calling: minimize.x methanol-opt-6-1-2-3-181_preQMOPTprefit.xyz -k tmp-6-1-2-3-181_preQMOPTprefit.key 0.001 >methanol-opt-6-1-2-3-181_preQMOPTprefit.out
Sat Dec 21 15:12:50 2019  Calling: minimize.x methanol-opt-6-1-2-3-211_preQMOPTprefit.xyz -k tmp-6-1-2-3-211_preQMOPTprefit.key 0.001 >methanol-opt-6-1-2-3-211_preQMOPTprefit.out
Sat Dec 21 15:12:51 2019  Calling: minimize.x methanol-opt-6-1-2-3-031_preQMOPTprefit.xyz -k tmp-6-1-2-3-031_preQMOPTprefit.key 0.001 >methanol-opt-6-1-2-3-031_preQMOPTprefit.out
Sat Dec 21 15:12:52 2019  Calling: minimize.x methanol-opt-6-1-2-3-001_preQMOPTprefit.xyz -k tmp-6-1-2-3-001_preQMOPTprefit.key 0.001 >methanol-opt-6-1-2-3-001_preQMOPTprefit.out
Sat Dec 21 15:12:54 2019  Calling: minimize.x methanol-opt-6-1-2-3-331_preQMOPTprefit.xyz -k tmp-6-1-2-3-331_preQMOPTprefit.key 0.001 >methanol-opt-6-1-2-3-331_preQMOPTprefit.out
Sat Dec 21 15:12:55 2019  Calling: minimize.x methanol-opt-6-1-2-3-301_preQMOPTprefit.xyz -k tmp-6-1-2-3-301_preQMOPTprefit.key 0.001 >methanol-opt-6-1-2-3-301_preQMOPTprefit.out
Sat Dec 21 15:12:57 2019  Calling: minimize.x methanol-opt-6-1-2-3-271_preQMOPTprefit.xyz -k tmp-6-1-2-3-271_preQMOPTprefit.key 0.001 >methanol-opt-6-1-2-3-271_preQMOPTprefit.out
Sat Dec 21 15:12:58 2019  Calling: minimize.x methanol-opt-6-1-2-3-241_preQMOPTprefit.xyz -k tmp-6-1-2-3-241_preQMOPTprefit.key 0.001 >methanol-opt-6-1-2-3-241_preQMOPTprefit.out
Sat Dec 21 15:12:59 2019 Calling external API 
Sat Dec 21 15:13:36 2019 Normal termination: methanol-opt-6-1-2-3-091.log
Sat Dec 21 15:13:36 2019 Normal termination: methanol-opt-6-1-2-3-121.log
Sat Dec 21 15:13:36 2019 Normal termination: methanol-opt-6-1-2-3-151.log
Sat Dec 21 15:13:36 2019 Normal termination: methanol-opt-6-1-2-3-181.log
Sat Dec 21 15:13:36 2019 Normal termination: methanol-opt-6-1-2-3-211.log
Sat Dec 21 15:13:36 2019 Normal termination: methanol-opt-6-1-2-3-031.log
Sat Dec 21 15:13:36 2019 Normal termination: methanol-opt-6-1-2-3-001.log
Sat Dec 21 15:13:36 2019 Normal termination: methanol-opt-6-1-2-3-331.log
Sat Dec 21 15:13:36 2019 Normal termination: methanol-opt-6-1-2-3-301.log
Sat Dec 21 15:13:36 2019 Normal termination: methanol-opt-6-1-2-3-271.log
Sat Dec 21 15:13:36 2019 Normal termination: methanol-opt-6-1-2-3-241.log
Sat Dec 21 15:13:36 2019 Sleeping for 0  minute 
Sat Dec 21 15:13:42 2019 All jobs have terminated 
Sat Dec 21 15:13:42 2019  Calling: minimize.x methanol-opt-6-1-2-3-061_postQMOPTprefit.xyz -k tmp-6-1-2-3-061_postQMOPTprefit.key 0.001 >methanol-opt-6-1-2-3-061_postQMOPTprefit.out
Sat Dec 21 15:13:43 2019  Calling: analyze.x -k tmp-6-1-2-3-061_postQMOPTprefit.key methanol-opt-6-1-2-3-061_postQMOPTprefit.xyz_2 ed > methanol-opt-6-1-2-3-061_postQMOPTprefit.alz
Sat Dec 21 15:13:45 2019  Calling: minimize.x methanol-opt-6-1-2-3-091_postQMOPTprefit.xyz -k tmp-6-1-2-3-091_postQMOPTprefit.key 0.001 >methanol-opt-6-1-2-3-091_postQMOPTprefit.out
Sat Dec 21 15:13:46 2019  Calling: analyze.x -k tmp-6-1-2-3-091_postQMOPTprefit.key methanol-opt-6-1-2-3-091_postQMOPTprefit.xyz_2 ed > methanol-opt-6-1-2-3-091_postQMOPTprefit.alz
Sat Dec 21 15:13:47 2019  Calling: minimize.x methanol-opt-6-1-2-3-121_postQMOPTprefit.xyz -k tmp-6-1-2-3-121_postQMOPTprefit.key 0.001 >methanol-opt-6-1-2-3-121_postQMOPTprefit.out
Sat Dec 21 15:13:49 2019  Calling: analyze.x -k tmp-6-1-2-3-121_postQMOPTprefit.key methanol-opt-6-1-2-3-121_postQMOPTprefit.xyz_2 ed > methanol-opt-6-1-2-3-121_postQMOPTprefit.alz
Sat Dec 21 15:13:50 2019  Calling: minimize.x methanol-opt-6-1-2-3-151_postQMOPTprefit.xyz -k tmp-6-1-2-3-151_postQMOPTprefit.key 0.001 >methanol-opt-6-1-2-3-151_postQMOPTprefit.out
Sat Dec 21 15:13:51 2019  Calling: analyze.x -k tmp-6-1-2-3-151_postQMOPTprefit.key methanol-opt-6-1-2-3-151_postQMOPTprefit.xyz_2 ed > methanol-opt-6-1-2-3-151_postQMOPTprefit.alz
Sat Dec 21 15:13:53 2019  Calling: minimize.x methanol-opt-6-1-2-3-181_postQMOPTprefit.xyz -k tmp-6-1-2-3-181_postQMOPTprefit.key 0.001 >methanol-opt-6-1-2-3-181_postQMOPTprefit.out
Sat Dec 21 15:13:54 2019  Calling: analyze.x -k tmp-6-1-2-3-181_postQMOPTprefit.key methanol-opt-6-1-2-3-181_postQMOPTprefit.xyz_2 ed > methanol-opt-6-1-2-3-181_postQMOPTprefit.alz
Sat Dec 21 15:13:55 2019  Calling: minimize.x methanol-opt-6-1-2-3-211_postQMOPTprefit.xyz -k tmp-6-1-2-3-211_postQMOPTprefit.key 0.001 >methanol-opt-6-1-2-3-211_postQMOPTprefit.out
Sat Dec 21 15:13:57 2019  Calling: analyze.x -k tmp-6-1-2-3-211_postQMOPTprefit.key methanol-opt-6-1-2-3-211_postQMOPTprefit.xyz_2 ed > methanol-opt-6-1-2-3-211_postQMOPTprefit.alz
Sat Dec 21 15:13:58 2019  Calling: minimize.x methanol-opt-6-1-2-3-031_postQMOPTprefit.xyz -k tmp-6-1-2-3-031_postQMOPTprefit.key 0.001 >methanol-opt-6-1-2-3-031_postQMOPTprefit.out
Sat Dec 21 15:13:59 2019  Calling: analyze.x -k tmp-6-1-2-3-031_postQMOPTprefit.key methanol-opt-6-1-2-3-031_postQMOPTprefit.xyz_2 ed > methanol-opt-6-1-2-3-031_postQMOPTprefit.alz
Sat Dec 21 15:14:00 2019  Calling: minimize.x methanol-opt-6-1-2-3-001_postQMOPTprefit.xyz -k tmp-6-1-2-3-001_postQMOPTprefit.key 0.001 >methanol-opt-6-1-2-3-001_postQMOPTprefit.out
Sat Dec 21 15:14:02 2019  Calling: analyze.x -k tmp-6-1-2-3-001_postQMOPTprefit.key methanol-opt-6-1-2-3-001_postQMOPTprefit.xyz_2 ed > methanol-opt-6-1-2-3-001_postQMOPTprefit.alz
Sat Dec 21 15:14:03 2019  Calling: minimize.x methanol-opt-6-1-2-3-331_postQMOPTprefit.xyz -k tmp-6-1-2-3-331_postQMOPTprefit.key 0.001 >methanol-opt-6-1-2-3-331_postQMOPTprefit.out
Sat Dec 21 15:14:04 2019  Calling: analyze.x -k tmp-6-1-2-3-331_postQMOPTprefit.key methanol-opt-6-1-2-3-331_postQMOPTprefit.xyz_2 ed > methanol-opt-6-1-2-3-331_postQMOPTprefit.alz
Sat Dec 21 15:14:06 2019  Calling: minimize.x methanol-opt-6-1-2-3-301_postQMOPTprefit.xyz -k tmp-6-1-2-3-301_postQMOPTprefit.key 0.001 >methanol-opt-6-1-2-3-301_postQMOPTprefit.out
Sat Dec 21 15:14:07 2019  Calling: analyze.x -k tmp-6-1-2-3-301_postQMOPTprefit.key methanol-opt-6-1-2-3-301_postQMOPTprefit.xyz_2 ed > methanol-opt-6-1-2-3-301_postQMOPTprefit.alz
Sat Dec 21 15:14:08 2019  Calling: minimize.x methanol-opt-6-1-2-3-271_postQMOPTprefit.xyz -k tmp-6-1-2-3-271_postQMOPTprefit.key 0.001 >methanol-opt-6-1-2-3-271_postQMOPTprefit.out
Sat Dec 21 15:14:09 2019  Calling: analyze.x -k tmp-6-1-2-3-271_postQMOPTprefit.key methanol-opt-6-1-2-3-271_postQMOPTprefit.xyz_2 ed > methanol-opt-6-1-2-3-271_postQMOPTprefit.alz
Sat Dec 21 15:14:11 2019 Calling external API 
Sat Dec 21 15:14:43 2019 Normal termination: methanol-sp-6-1-2-3-061.log
Sat Dec 21 15:14:43 2019 Normal termination: methanol-sp-6-1-2-3-121.log
Sat Dec 21 15:14:43 2019 Normal termination: methanol-sp-6-1-2-3-151.log
Sat Dec 21 15:14:43 2019 Normal termination: methanol-sp-6-1-2-3-181.log
Sat Dec 21 15:14:43 2019 Normal termination: methanol-sp-6-1-2-3-211.log
Sat Dec 21 15:14:43 2019 Normal termination: methanol-sp-6-1-2-3-031.log
Sat Dec 21 15:14:43 2019 Normal termination: methanol-sp-6-1-2-3-001.log
Sat Dec 21 15:14:43 2019 Normal termination: methanol-sp-6-1-2-3-331.log
Sat Dec 21 15:14:43 2019 Normal termination: methanol-sp-6-1-2-3-301.log
Sat Dec 21 15:14:43 2019 Normal termination: methanol-sp-6-1-2-3-271.log
Sat Dec 21 15:14:43 2019 Sleeping for 0  minute 
Sat Dec 21 15:14:49 2019 Sleeping for 0  minute 
Sat Dec 21 15:14:55 2019 Sleeping for 0  minute 
Sat Dec 21 15:15:01 2019 Sleeping for 0  minute 
Sat Dec 21 15:15:07 2019 Sleeping for 0  minute 
Sat Dec 21 15:15:13 2019 Sleeping for 0  minute 
Sat Dec 21 15:15:19 2019 Sleeping for 0  minute 
Sat Dec 21 15:15:25 2019 Sleeping for 0  minute 
Sat Dec 21 15:15:31 2019 Sleeping for 0  minute 
Sat Dec 21 15:15:37 2019 Sleeping for 0  minute 
Sat Dec 21 15:15:43 2019 Sleeping for 0  minute 
Sat Dec 21 15:15:49 2019 Sleeping for 0  minute 
Sat Dec 21 15:15:55 2019 Sleeping for 0  minute 
Sat Dec 21 15:16:01 2019 Sleeping for 0  minute 
Sat Dec 21 15:16:07 2019 Sleeping for 0  minute 
Sat Dec 21 15:16:13 2019 Sleeping for 0  minute 
Sat Dec 21 15:16:19 2019 Sleeping for 0  minute 
Sat Dec 21 15:16:25 2019 Sleeping for 0  minute 
Sat Dec 21 15:16:31 2019 Sleeping for 0  minute 
Sat Dec 21 15:16:37 2019 Sleeping for 0  minute 
Sat Dec 21 15:16:43 2019 Sleeping for 0  minute 
Sat Dec 21 15:16:49 2019 Sleeping for 0  minute 
Sat Dec 21 15:16:55 2019 Sleeping for 0  minute 
Sat Dec 21 15:17:01 2019 Sleeping for 0  minute 
Sat Dec 21 15:17:07 2019 Sleeping for 0  minute 
Sat Dec 21 15:17:13 2019 Sleeping for 0  minute 
Sat Dec 21 15:17:19 2019 Sleeping for 0  minute 
Sat Dec 21 15:17:25 2019 Sleeping for 0  minute 
Sat Dec 21 15:17:31 2019 Sleeping for 0  minute 
Sat Dec 21 15:17:37 2019 Sleeping for 0  minute 
Sat Dec 21 15:17:43 2019 Sleeping for 0  minute 
Sat Dec 21 15:17:49 2019 Sleeping for 0  minute 
Sat Dec 21 15:17:55 2019 Sleeping for 0  minute 
Sat Dec 21 15:18:01 2019 Sleeping for 0  minute 
Sat Dec 21 15:18:07 2019 Sleeping for 0  minute 
Sat Dec 21 15:18:13 2019 Sleeping for 0  minute 
Sat Dec 21 15:18:19 2019 Sleeping for 0  minute 
Sat Dec 21 15:18:25 2019 Sleeping for 0  minute 
Sat Dec 21 15:18:31 2019 Sleeping for 0  minute 
Sat Dec 21 15:18:37 2019 Sleeping for 0  minute 
Sat Dec 21 15:18:43 2019 Sleeping for 0  minute 
Sat Dec 21 15:18:49 2019 Sleeping for 0  minute 
Sat Dec 21 15:18:55 2019 Sleeping for 0  minute 
Sat Dec 21 15:19:31 2019 Running on host: bme-nova.bme.utexas.edu
Sat Dec 21 15:19:31 2019 NEED QM Density Matrix: Executing Gaussian Opt and SP
Sat Dec 21 15:19:31 2019  Calling: babel --title "methanol Gaussian Optimization on bme-nova.bme.utexas.edu" methanol.sdf methanol-tmp.com
1 molecule converted
15 audit log messages 
Sat Dec 21 15:19:31 2019  Calling: mkdir /scratch/bdw2292/Gau-methanol
mkdir: cannot create directory `/scratch/bdw2292/Gau-methanol': File exists
****************************************************************************************************
Rotatable bond found about (3, 2, 1, 6)
Sat Dec 21 15:19:31 2019  Calling: sed -e '/\(.* none$\|^#\|^fix\|^potential-offset\)/d' methanol.key_3 > methanol.key_3_tmp
Sat Dec 21 15:19:31 2019 
Sat Dec 21 15:19:31 2019 =========================================================
Sat Dec 21 15:19:31 2019 Electrostatic Potential Comparision

Sat Dec 21 15:19:31 2019  Calling: cp ../methanol-opt.log methanol-opt-6-1-2-3-061.log
Sat Dec 21 15:19:31 2019 All jobs have terminated 
Sat Dec 21 15:19:31 2019 All jobs have terminated 
Sat Dec 21 15:19:31 2019 number of parameters to fit for 403 401 402 404 are 4
Sat Dec 21 15:19:31 2019  Calling: minimize.x methanol-opt-6-1-2-3-061_postQMOPTpostfit.xyz -k tmp-6-1-2-3-061_postQMOPTpostfit.key 0.001 >methanol-opt-6-1-2-3-061_postQMOPTpostfit.out
Sat Dec 21 15:19:36 2019  Calling: analyze.x -k tmp-6-1-2-3-061_postQMOPTpostfit.key methanol-opt-6-1-2-3-061_postQMOPTpostfit.xyz_2 ed > methanol-opt-6-1-2-3-061_postQMOPTpostfit.alz
Sat Dec 21 15:19:37 2019  Calling: minimize.x methanol-opt-6-1-2-3-091_postQMOPTpostfit.xyz -k tmp-6-1-2-3-091_postQMOPTpostfit.key 0.001 >methanol-opt-6-1-2-3-091_postQMOPTpostfit.out
Sat Dec 21 15:19:39 2019  Calling: analyze.x -k tmp-6-1-2-3-091_postQMOPTpostfit.key methanol-opt-6-1-2-3-091_postQMOPTpostfit.xyz_2 ed > methanol-opt-6-1-2-3-091_postQMOPTpostfit.alz
Sat Dec 21 15:19:40 2019  Calling: minimize.x methanol-opt-6-1-2-3-121_postQMOPTpostfit.xyz -k tmp-6-1-2-3-121_postQMOPTpostfit.key 0.001 >methanol-opt-6-1-2-3-121_postQMOPTpostfit.out
Sat Dec 21 15:19:42 2019  Calling: analyze.x -k tmp-6-1-2-3-121_postQMOPTpostfit.key methanol-opt-6-1-2-3-121_postQMOPTpostfit.xyz_2 ed > methanol-opt-6-1-2-3-121_postQMOPTpostfit.alz
Sat Dec 21 15:19:43 2019  Calling: minimize.x methanol-opt-6-1-2-3-151_postQMOPTpostfit.xyz -k tmp-6-1-2-3-151_postQMOPTpostfit.key 0.001 >methanol-opt-6-1-2-3-151_postQMOPTpostfit.out
Sat Dec 21 15:19:45 2019  Calling: analyze.x -k tmp-6-1-2-3-151_postQMOPTpostfit.key methanol-opt-6-1-2-3-151_postQMOPTpostfit.xyz_2 ed > methanol-opt-6-1-2-3-151_postQMOPTpostfit.alz
Sat Dec 21 15:19:46 2019  Calling: minimize.x methanol-opt-6-1-2-3-181_postQMOPTpostfit.xyz -k tmp-6-1-2-3-181_postQMOPTpostfit.key 0.001 >methanol-opt-6-1-2-3-181_postQMOPTpostfit.out
Sat Dec 21 15:19:48 2019  Calling: analyze.x -k tmp-6-1-2-3-181_postQMOPTpostfit.key methanol-opt-6-1-2-3-181_postQMOPTpostfit.xyz_2 ed > methanol-opt-6-1-2-3-181_postQMOPTpostfit.alz
Sat Dec 21 15:19:49 2019  Calling: minimize.x methanol-opt-6-1-2-3-211_postQMOPTpostfit.xyz -k tmp-6-1-2-3-211_postQMOPTpostfit.key 0.001 >methanol-opt-6-1-2-3-211_postQMOPTpostfit.out
Sat Dec 21 15:19:51 2019  Calling: analyze.x -k tmp-6-1-2-3-211_postQMOPTpostfit.key methanol-opt-6-1-2-3-211_postQMOPTpostfit.xyz_2 ed > methanol-opt-6-1-2-3-211_postQMOPTpostfit.alz
Sat Dec 21 15:19:52 2019  Calling: minimize.x methanol-opt-6-1-2-3-031_postQMOPTpostfit.xyz -k tmp-6-1-2-3-031_postQMOPTpostfit.key 0.001 >methanol-opt-6-1-2-3-031_postQMOPTpostfit.out
Sat Dec 21 15:19:53 2019  Calling: analyze.x -k tmp-6-1-2-3-031_postQMOPTpostfit.key methanol-opt-6-1-2-3-031_postQMOPTpostfit.xyz_2 ed > methanol-opt-6-1-2-3-031_postQMOPTpostfit.alz
Sat Dec 21 15:19:55 2019  Calling: minimize.x methanol-opt-6-1-2-3-001_postQMOPTpostfit.xyz -k tmp-6-1-2-3-001_postQMOPTpostfit.key 0.001 >methanol-opt-6-1-2-3-001_postQMOPTpostfit.out
Sat Dec 21 15:19:56 2019  Calling: analyze.x -k tmp-6-1-2-3-001_postQMOPTpostfit.key methanol-opt-6-1-2-3-001_postQMOPTpostfit.xyz_2 ed > methanol-opt-6-1-2-3-001_postQMOPTpostfit.alz
Sat Dec 21 15:19:58 2019  Calling: minimize.x methanol-opt-6-1-2-3-331_postQMOPTpostfit.xyz -k tmp-6-1-2-3-331_postQMOPTpostfit.key 0.001 >methanol-opt-6-1-2-3-331_postQMOPTpostfit.out
Sat Dec 21 15:19:59 2019  Calling: analyze.x -k tmp-6-1-2-3-331_postQMOPTpostfit.key methanol-opt-6-1-2-3-331_postQMOPTpostfit.xyz_2 ed > methanol-opt-6-1-2-3-331_postQMOPTpostfit.alz
Sat Dec 21 15:20:01 2019  Calling: minimize.x methanol-opt-6-1-2-3-301_postQMOPTpostfit.xyz -k tmp-6-1-2-3-301_postQMOPTpostfit.key 0.001 >methanol-opt-6-1-2-3-301_postQMOPTpostfit.out
Sat Dec 21 15:20:02 2019  Calling: analyze.x -k tmp-6-1-2-3-301_postQMOPTpostfit.key methanol-opt-6-1-2-3-301_postQMOPTpostfit.xyz_2 ed > methanol-opt-6-1-2-3-301_postQMOPTpostfit.alz
Sat Dec 21 15:20:05 2019  Calling: minimize.x methanol-opt-6-1-2-3-271_postQMOPTpostfit.xyz -k tmp-6-1-2-3-271_postQMOPTpostfit.key 0.001 >methanol-opt-6-1-2-3-271_postQMOPTpostfit.out
Sat Dec 21 15:20:06 2019  Calling: analyze.x -k tmp-6-1-2-3-271_postQMOPTpostfit.key methanol-opt-6-1-2-3-271_postQMOPTpostfit.xyz_2 ed > methanol-opt-6-1-2-3-271_postQMOPTpostfit.alz
Sat Dec 21 15:20:08 2019  Calling: minimize.x methanol-opt-6-1-2-3-241_postQMOPTpostfit.xyz -k tmp-6-1-2-3-241_postQMOPTpostfit.key 0.001 >methanol-opt-6-1-2-3-241_postQMOPTpostfit.out
Sat Dec 21 15:20:09 2019  Calling: analyze.x -k tmp-6-1-2-3-241_postQMOPTpostfit.key methanol-opt-6-1-2-3-241_postQMOPTpostfit.xyz_2 ed > methanol-opt-6-1-2-3-241_postQMOPTpostfit.alz
Sat Dec 21 15:20:11 2019 
Sat Dec 21 15:20:11 2019 =========================================================
Sat Dec 21 15:20:11 2019 Minimizing structure

Sat Dec 21 15:20:11 2019  Calling: cp methanol.xyz_2 ttt.xyz
Sat Dec 21 15:20:11 2019  Calling: cp methanol.key_5 ttt.key
Sat Dec 21 15:20:11 2019  Calling: minimize.x -k ttt.key ttt.xyz 0.1

     ######################################################################
   ##########################################################################
  ###                                                                      ###
 ###            Tinker  ---  Software Tools for Molecular Design            ###
 ##                                                                          ##
 ##                          Version 8.7  June 2019                          ##
 ##                                                                          ##
 ##               Copyright (c)  Jay William Ponder  1990-2019               ##
 ###                           All Rights Reserved                          ###
  ###                                                                      ###
   ##########################################################################
     ######################################################################


 Additional Atom Definition Parameters :

     Type  Class  Symbol  Description               Atomic    Mass   Valence

     402    402     O     methanol                     8     15.999     2
     401    401     C     methanol                     6     12.011     4
     403    403     H     methanol                     1      1.008     1
     404    404     H     methanol                     1      1.008     1

 Additional Bond Stretching Parameters :

     Atom Classes             K(S)         Length

       401 402             500.100         1.4245
       402 404             615.900         0.9701
       401 403             385.000         1.0970

 Additional Angle Bending Parameters :

     Atom Classes             K(B)          Angle

     403 401 403            40.570        108.533
     402 401 403            60.990        106.257
     401 402 404            64.960        107.328

 Additional Stretch-Bend Parameters :

     Atom Classes          K(SB)-1        K(SB)-2

     402 401 403            -4.500         38.000
     401 402 404            -4.500         38.000

 Additional Torsional Parameters :

     Atom Classes     1-Fold    2-Fold    3-Fold    4-Fold    5-Fold    6-Fold

   403 401 402 404   0.80   0 -0.80 180  0.23   0  0.00   0  0.00   0  0.00   0

 Additional van der Waals Parameters :

     Atom Class               Size        Epsilon        Reduction

         402                3.4050         0.1100          0.000
         401                3.7600         0.1010          0.000
         403                2.8700         0.0240          0.910
         404                2.6550         0.0135          0.910

 Additional Atomic Multipole Parameters :

     Atom Type     Coordinate Frame Definition         Multipole Moments

         401      402    404      0   Z-then-X     0.14948
                                                  -0.07932  0.00000  0.42824
                                                  -0.39945
                                                   0.00000 -0.41718
                                                   0.03099  0.00000  0.81663

         402      401    404      0   Z-then-X    -0.43257
                                                   0.19658  0.00000  0.27808
                                                   0.13503
                                                   0.00000 -0.43843
                                                  -0.15929  0.00000  0.30340

         403      401    402      0   Z-then-X     0.02375
                                                   0.00073  0.00000 -0.10207
                                                   0.02679
                                                   0.00000  0.01450
                                                  -0.02766  0.00000 -0.04129

         404      402    401      0   Z-then-X     0.21184
                                                  -0.02957  0.00000 -0.09812
                                                   0.03539
                                                   0.00000 -0.09473
                                                  -0.02219  0.00000  0.05934

 Additional Atomic Dipole Polarizability Parameters :

     Atom Type           Alpha       Thole     Group Atom Types

         402             0.837       0.390         401  404
         401             1.334       0.390         402  403
         403             0.496       0.390         401
         404             0.496       0.390         402

 Limited Memory BFGS Quasi-Newton Optimization :

 QN Iter     F Value      G RMS      F Move   X Move   Angle  FG Call  Comment

     0        1.6755    10.8868                                   1
     1        1.4368     8.7658      0.2387   0.0076    0.00      3    Success 
     2        1.2771     6.3627      0.1597   0.0045   38.15      4    Success 
     3        1.0725     3.7223      0.2047   0.0105   36.99      5    Success 
     4        1.0385     5.7740      0.0339   0.0104   39.29      6    Success 
     5        0.9946     2.2012      0.0439   0.0021   23.21      7    Success 
     6        0.9772     1.5693      0.0175   0.0018   19.68      8    Success 
     7        0.9538     1.7449      0.0234   0.0044   35.07      9    Success 
     8        0.9420     0.7653      0.0118   0.0043   62.85     10    Success 
     9        0.9410     0.2084      0.0010   0.0010   60.23     11    Success 
    10        0.9409     0.0839      0.0001   0.0002   38.06     12   SmallGrad

 LBFGS  --  Normal Termination due to SmallGrad

 Final Function Value :            0.9409
 Final RMS Gradient :              0.0839
 Final Gradient Norm :             0.2055
Sat Dec 21 15:20:12 2019 
Sat Dec 21 15:20:12 2019 =========================================================
Sat Dec 21 15:20:12 2019 QM Dipole moment

Sat Dec 21 15:20:12 2019  Calling: grep -A7 "Dipole moment" methanol-esp.log
 Dipole moment (field-independent basis, Debye):
    X=             -0.9356    Y=             -1.5277    Z=              0.0000  Tot=              1.7914
 Quadrupole moment (field-independent basis, Debye-Ang):
   XX=            -13.2931   YY=            -12.3716   ZZ=            -14.1088
   XY=             -2.2864   XZ=              0.0000   YZ=              0.0000
 Traceless Quadrupole moment (field-independent basis, Debye-Ang):
   XX=             -0.0353   YY=              0.8862   ZZ=             -0.8510
   XY=             -2.2864   XZ=              0.0000   YZ=              0.0000
Sat Dec 21 15:20:12 2019 
Sat Dec 21 15:20:12 2019 =========================================================
Sat Dec 21 15:20:12 2019 MM Dipole moment

Sat Dec 21 15:20:12 2019  Calling: analyze.x methanol.xyz_2 em | grep -A11 Charge
 Total Electric Charge :                 -0.00000 Electrons

 Dipole Moment Magnitude :                  1.791 Debye

 Dipole X,Y,Z-Components :                 -0.935       -1.528       -0.000

 Quadrupole Moment Tensor :                -0.292       -3.110       -0.000
      (Buckinghams)                        -3.110        1.236        0.000
                                           -0.000        0.000       -0.944

 Principal Axes Quadrupole :               -2.731       -0.944        3.674

Sat Dec 21 15:20:14 2019 Poltype Job Finished

