Fri Dec 20 15:00:35 2019 Running on host: bme-nova.bme.utexas.edu
Fri Dec 20 15:00:35 2019 NEED QM Density Matrix: Executing Gaussian Opt and SP
Fri Dec 20 15:00:35 2019  Calling: babel --title "methanol Gaussian Optimization on bme-nova.bme.utexas.edu" methanol.sdf methanol-tmp.com
1 molecule converted
15 audit log messages 
Fri Dec 20 15:00:35 2019  Calling: mkdir /scratch/bdw2292/Gau-methanol
mkdir: cannot create directory `/scratch/bdw2292/Gau-methanol': File exists
Fri Dec 20 15:00:35 2019  Calling: GAUSS_SCRDIR=/scratch/bdw2292/Gau-methanol g09 methanol-opt.com
Fri Dec 20 15:00:49 2019  Calling: formchk methanol-opt.chk
 Read checkpoint file methanol-opt.chk
 Write formatted file methanol-opt.fchk
Fri Dec 20 15:00:49 2019  Calling: babel --title "methanol Gaussian SP Calculation on bme-nova.bme.utexas.edu" -i g03 methanol-opt.log methanol-tmp.com
Fri Dec 20 15:00:49 2019  Calling: GAUSS_SCRDIR=/scratch/bdw2292/Gau-methanol g09 methanol-dma.com
1 molecule converted
12 audit log messages 
 Coordinates translated and rotated.
 Coordinates match /B/ after translation and rotation.
 Rotating derivatives, DoTrsp=T IDiff= 1 LEDeriv=    917 LFDPrp=       0 LDFDPr=       0.
Fri Dec 20 15:00:53 2019  Calling: formchk methanol-dma.chk
 Read checkpoint file methanol-dma.chk
 Write formatted file methanol-dma.fchk
 Initial coordinates match /B/.
 Rotating derivatives, DoTrsp=T IDiff= 1 LEDeriv=    917 LFDPrp=       0 LDFDPr=       0.
Fri Dec 20 15:00:54 2019  Calling: babel --title "methanol Gaussian SP Calculation on bme-nova.bme.utexas.edu" -i g03 methanol-opt.log methanol-tmp.com
1 molecule converted
12 audit log messages 
Fri Dec 20 15:00:54 2019  Calling: GAUSS_SCRDIR=/scratch/bdw2292/Gau-methanol g09 methanol-esp.com
Fri Dec 20 15:01:00 2019  Calling: formchk methanol-esp.chk
 Read checkpoint file methanol-esp.chk
 Write formatted file methanol-esp.fchk
 Initial coordinates match /B/.
 Rotating derivatives, DoTrsp=T IDiff= 1 LEDeriv=    917 LFDPrp=       0 LDFDPr=       0.
****************************************************************************************************
Rotatable bond found about (3, 2, 1, 6)
Fri Dec 20 15:01:00 2019 NEED DMA: Executing GDMA
Fri Dec 20 15:01:00 2019  Calling: /opt/gdma-2.2/bin/gdma < methanol.gdmain > methanol.gdmaout
Fri Dec 20 15:01:00 2019  Calling: poledit.x 1 methanol.gdmaout /home/bdw2292/poltype/amoebabio18_header.prm < methanol-peditin.txt

     ######################################################################
   ##########################################################################
  ###                                                                      ###
 ###            Tinker  ---  Software Tools for Molecular Design            ###
 ##                                                                          ##
 ##                          Version 8.7  June 2019                          ##
 ##                                                                          ##
 ##               Copyright (c)  Jay William Ponder  1990-2019               ##
 ###                           All Rights Reserved                          ###
  ###                                                                      ###
   ##########################################################################
     ######################################################################


 Global Frame Cartesian Multipole Moments :

 Site:       1         Name:   O         Atomic Number:       8

 Coordinates:            0.750867       0.122706       0.000000

 Charge:                 -0.43258
 Dipole:                 -0.17538       -0.25069        0.00000
 Quadrupole:              0.44021
                         -0.20735        0.17279
                          0.00000        0.00000       -0.61300

 Site:       2         Name:   C         Atomic Number:       6

 Coordinates:           -0.666540      -0.019469       0.000000

 Charge:                  0.14948
 Dipole:                  0.45791        0.01844        0.00000
 Quadrupole:              0.85136
                          0.09053       -0.47768
                          0.00000        0.00000       -0.37367

 Site:       3         Name:   H         Atomic Number:       1

 Coordinates:           -1.031969      -0.543037       0.892105

 Charge:                  0.00736
 Dipole:                 -0.05992       -0.06205        0.10456
 Quadrupole:             -0.00753
                         -0.00883        0.00024
                          0.01465       -0.00028        0.00729

 Site:       4         Name:   H         Atomic Number:       1

 Coordinates:           -1.031967      -0.543052      -0.892097

 Charge:                  0.00736
 Dipole:                 -0.05992       -0.06205       -0.10456
 Quadrupole:             -0.00753
                         -0.00883        0.00024
                         -0.01465        0.00028        0.00729

 Site:       5         Name:   H         Atomic Number:       1

 Coordinates:           -1.074559       0.991201      -0.000008

 Charge:                  0.05653
 Dipole:                 -0.05389        0.11147       -0.00000
 Quadrupole:             -0.00892
                          0.00386        0.01421
                          0.00000        0.00000       -0.00528

 Site:       6         Name:   H         Atomic Number:       1

 Coordinates:            1.130797      -0.769944       0.000000

 Charge:                  0.21184
 Dipole:                  0.05142       -0.03622        0.00000
 Quadrupole:             -0.05311
                         -0.05214        0.14615
                          0.00000        0.00000       -0.09304

 Local Frame Definition for Multipole Sites :

     Atom     Name      Axis Type     Z Axis  X Axis  Y Axis

       1      O         Z-then-X         2       6       0
       2      C         Z-then-X         1       3       0
       3      H         Z-then-X         2       1       0
       4      H         Z-then-X         2       1       0
       5      H         Z-then-X         2       1       0
       6      H         Z-then-X         1       2       0

 Enter Altered Local Frame Definition [<Enter>=Exit] :  
 Enter Altered Local Frame Definition [<Enter>=Exit] :  
 Enter Altered Local Frame Definition [<Enter>=Exit] :  
 Enter Altered Local Frame Definition [<Enter>=Exit] :  
 Enter Altered Local Frame Definition [<Enter>=Exit] :  
 Enter Altered Local Frame Definition [<Enter>=Exit] :  
 Enter Altered Local Frame Definition [<Enter>=Exit] :  
 Local Frame Definition for Multipole Sites :

     Atom     Name      Axis Type     Z Axis  X Axis  Y Axis

       1      O         Z-then-X         2       6       0
       2      C         Z-then-X         1       6       0
       3      H         Z-then-X         2       1       0
       4      H         Z-then-X         2       1       0
       5      H         Z-then-X         2       1       0
       6      H         Z-then-X         1       2       0

 Choose Either the AMOEBA or HIPPO Polarization Model [A] :  
 Polarizability Parameters for Multipole Sites :

     Atom     Name       Polarize          Thole

       1      O            0.8370         0.3900
       2      C            1.3340         0.3900
       3      H            0.4960         0.3900
       4      H            0.4960         0.3900
       5      H            0.4960         0.3900
       6      H            0.4960         0.3900

 Enter Atom Number, Polarizability & Thole Values :  
 The default is to place all atoms into one polarization group;
 This can be altered by entering a series of bonded atom pairs
 that separate the molecule into distinct polarization groups

 Enter a Bond between Polarization Groups [<Enter>=Exit] :  
 Polarization Groups for Multipole Sites :

     Atom     Name       Polarization Group Definition

       1      O               2     6
       2      C               1     3     4     5
       3      H               2
       4      H               2
       5      H               2
       6      H               1

 Electrostatic and Polarization Scale Factors :

                    1-2         1-3         1-4         1-5

 M-Scale:         0.0000      0.0000      0.4000      0.8000
 P-Inter:         0.0000      0.0000      1.0000      1.0000
 P-Intra:         0.0000      0.0000      0.5000      1.0000
 W-Scale:         1.0000      1.0000      1.0000      1.0000

                    1-1         1-2         1-3         1-4

 D-Scale:         0.0000      1.0000      1.0000      1.0000
 U-Scale:         1.0000      1.0000      1.0000      1.0000

 Use Thole Damping:           True
 Charge Penetration:          False
 Set D Equal to P:            False

 Determination of Intergroup Induced Dipoles :

    Iter        RMS Change (Debye)

       1           0.0000000000

 Local Frame Intergroup Induced Dipole Moments (Debye) :

    Atom              X           Y           Z         Total

       1           0.0000      0.0000      0.0000      0.0000
       2           0.0000      0.0000      0.0000      0.0000
       3           0.0000      0.0000      0.0000      0.0000
       4           0.0000      0.0000      0.0000      0.0000
       5           0.0000      0.0000      0.0000      0.0000
       6           0.0000      0.0000      0.0000      0.0000

 Condense Symmetric Atoms to Equivalent Types [Y] :  
 Final Atomic Multipole Moments after Regularization :

 Atom:       1         Name:   O         Atomic Number:       8

 Local Frame:            Z-then-X             2       6       0

 Charge:                 -0.43257
 Dipole:                  0.23193        0.00000        0.19952
 Quadrupole:              0.21663
                          0.00000       -0.61299
                         -0.22978        0.00000        0.39636

 Atom:       2         Name:   C         Atomic Number:       6

 Local Frame:            Z-then-X             1       6       0

 Charge:                  0.14948
 Dipole:                  0.02735        0.00000        0.45746
 Quadrupole:             -0.48243
                          0.00000       -0.37367
                          0.04325        0.00000        0.85610

 Atom:       3         Name:   H         Atomic Number:       1

 Local Frame:            Z-then-X             2       1       0

 Charge:                  0.00736
 Dipole:                 -0.01599        0.00000       -0.13460
 Quadrupole:              0.00480
                          0.00000        0.00168
                         -0.01766        0.00000       -0.00648

 Atom:       4         Name:   H         Atomic Number:       1

 Local Frame:            Z-then-X             2       1       0

 Charge:                  0.00736
 Dipole:                 -0.01599        0.00000       -0.13460
 Quadrupole:              0.00480
                          0.00000        0.00168
                         -0.01766        0.00000       -0.00648

 Atom:       5         Name:   H         Atomic Number:       1

 Local Frame:            Z-then-X             2       1       0

 Charge:                  0.05653
 Dipole:                 -0.00824        0.00000       -0.12354
 Quadrupole:             -0.00300
                          0.00000       -0.00528
                         -0.01081        0.00000        0.00828

 Atom:       6         Name:   H         Atomic Number:       1

 Local Frame:            Z-then-X             1       2       0

 Charge:                  0.21184
 Dipole:                 -0.03313        0.00000       -0.05347
 Quadrupole:             -0.06013
                          0.00000       -0.09304
                         -0.03566        0.00000        0.15317
Fri Dec 20 15:01:01 2019  Calling: potential.x 1 methanol.xyz -k methanol.key

     ######################################################################
   ##########################################################################
  ###                                                                      ###
 ###            Tinker  ---  Software Tools for Molecular Design            ###
 ##                                                                          ##
 ##                          Version 8.7  June 2019                          ##
 ##                                                                          ##
 ##               Copyright (c)  Jay William Ponder  1990-2019               ##
 ###                           All Rights Reserved                          ###
  ###                                                                      ###
   ##########################################################################
     ######################################################################


 Additional Atom Definition Parameters :

     Type  Class  Symbol  Description               Atomic    Mass   Valence

       1      1     O     methanol                     8     15.999     2
       2      2     C     methanol                     6     12.011     4
       3      3     H     methanol                     1      1.008     1
       4      4     H     methanol                     1      1.008     1
       5      5     H     methanol                     1      1.008     1
       6      6     H     methanol                     1      1.008     1

 Electrostatic Potential Grid Points :                  5777

 Gaussian CUBEGEN Input Written To :   methanol.grid

 Next, run the Gaussian CUBEGEN program; for example:
 cubegen 0 potential=MP2 xxx.fchk xxx.cube -5 h < xxx.grid

 See the Gaussian documentation for additional details;
 After CUBEGEN, rerun Tinker POTENTIAL using Option 2
Fri Dec 20 15:01:02 2019  Calling: cubegen 0 potential=MP2 methanol-esp.fchk methanol.cube -5 h < methanol.grid
Fri Dec 20 15:01:03 2019  Calling: potential.x 2 methanol.cube

     ######################################################################
   ##########################################################################
  ###                                                                      ###
 ###            Tinker  ---  Software Tools for Molecular Design            ###
 ##                                                                          ##
 ##                          Version 8.7  June 2019                          ##
 ##                                                                          ##
 ##               Copyright (c)  Jay William Ponder  1990-2019               ##
 ###                           All Rights Reserved                          ###
  ###                                                                      ###
   ##########################################################################
     ######################################################################


 Electrostatic Potential Written To :  methanol.pot
Fri Dec 20 15:01:03 2019  Calling: /home/bdw2292/poltype/avgmpoles.pl methanol.key methanol.xyz methanol-groups.txt methanol.key_2 methanol.xyz_2 401
Fri Dec 20 15:01:03 2019  Calling: potential.x 6 methanol.xyz_2 -k methanol.key_2 methanol.pot N 0.1

     ######################################################################
   ##########################################################################
  ###                                                                      ###
 ###            Tinker  ---  Software Tools for Molecular Design            ###
 ##                                                                          ##
 ##                          Version 8.7  June 2019                          ##
 ##                                                                          ##
 ##               Copyright (c)  Jay William Ponder  1990-2019               ##
 ###                           All Rights Reserved                          ###
  ###                                                                      ###
   ##########################################################################
     ######################################################################


 Additional Atom Definition Parameters :

     Type  Class  Symbol  Description               Atomic    Mass   Valence

     402    402     O     methanol                     8     15.999     2
     401    401     C     methanol                     6     12.011     4
     403    403     H     methanol                     1      1.008     1
     404    404     H     methanol                     1      1.008     1

 Electrostatic Potential Grid Points :                  5777

 Electrostatic Parameter Restraint Value :            1.0000

 Additional Atom Definition Parameters :

     Type  Class  Symbol  Description               Atomic    Mass   Valence

     402    402     O     methanol                     8     15.999     2
     401    401     C     methanol                     6     12.011     4
     403    403     H     methanol                     1      1.008     1
     404    404     H     methanol                     1      1.008     1

 Additional Atomic Multipole Parameters :

     Atom Type     Coordinate Frame Definition         Multipole Moments

         401      402    404      0   Z-then-X     0.14948
                                                   0.02735  0.00000  0.45746
                                                  -0.48243
                                                   0.00000 -0.37367
                                                   0.04325  0.00000  0.85610

         402      401    404      0   Z-then-X    -0.43257
                                                   0.23193  0.00000  0.19952
                                                   0.21663
                                                   0.00000 -0.61299
                                                  -0.22978  0.00000  0.39636

         403      401    402      0   Z-then-X     0.02375
                                                  -0.01341  0.00000 -0.13091
                                                   0.00220
                                                   0.00000 -0.00064
                                                  -0.01538  0.00000 -0.00156

         404      402    401      0   Z-then-X     0.21184
                                                  -0.03313  0.00000 -0.05347
                                                  -0.06013
                                                   0.00000 -0.09304
                                                  -0.03566  0.00000  0.15317

 Additional Atomic Dipole Polarizability Parameters :

     Atom Type           Alpha       Thole     Group Atom Types

         402             0.837       0.390         401  404
         401             1.334       0.390         402  403
         403             0.496       0.390         401
         404             0.496       0.390         402

 Average Electrostatic Potential over Atoms :
      (Kcal/mole per unit charge)

   Structure   Atom      Points      Potential        Target        RMS Diff

        1        1        1245        -9.1816        -9.3252         0.7537
        1        2         682         0.4031         1.0569         1.0316
        1        3         941         3.6945         3.2715         0.6233
        1        4         939         3.6689         3.2497         0.6239
        1        5         931        -2.0210        -0.6096         1.4867
        1        6        1039         5.4253         4.8952         0.5495

 Electrostatic Potential over all Grid Points :

 Average Potential Value for Model :                 -0.0830
 Average Potential Magnitude for Model :              5.2469
 Average Potential Value for Target :                -0.0416
 Average Potential Magnitude for Target :             4.9608

 Average Signed Potential Difference :               -0.0413
 Average Unsigned Potential Difference :              0.7365
 Root Mean Square Potential Difference :              0.8861

 Potential Fitting of Electrostatic Parameters :

 Parameter      Atom Type         Category            Value         Fixed

    --            402             Monopole          -0.43257          X
     1            402             X-Dipole           0.23193
    --            402             Y-Dipole           0.00000          X
     2            402             Z-Dipole           0.19952
     3            402             XX-Quad            0.21663
    --            402             XY-Quad            0.00000          X
     4            402             XZ-Quad           -0.22978
     5            402             YY-Quad           -0.61299
    --            402             YZ-Quad            0.00000          X
    --            402             ZZ-Quad            0.39636
    --            401             Monopole           0.14948          X
     6            401             X-Dipole           0.02735
    --            401             Y-Dipole           0.00000          X
     7            401             Z-Dipole           0.45746
     8            401             XX-Quad           -0.48243
    --            401             XY-Quad            0.00000          X
     9            401             XZ-Quad            0.04325
    10            401             YY-Quad           -0.37367
    --            401             YZ-Quad            0.00000          X
    --            401             ZZ-Quad            0.85610
    --            403             Monopole           0.02375          X
    11            403             X-Dipole          -0.01341
    --            403             Y-Dipole           0.00000          X
    12            403             Z-Dipole          -0.13091
    13            403             XX-Quad            0.00220
    --            403             XY-Quad            0.00000          X
    14            403             XZ-Quad           -0.01538
    15            403             YY-Quad           -0.00064
    --            403             YZ-Quad            0.00000          X
    --            403             ZZ-Quad           -0.00156
    --            404             Monopole           0.21184          X
    16            404             X-Dipole          -0.03313
    --            404             Y-Dipole           0.00000          X
    17            404             Z-Dipole          -0.05347
    18            404             XX-Quad           -0.06013
    --            404             XY-Quad            0.00000          X
    19            404             XZ-Quad           -0.03566
    20            404             YY-Quad           -0.09304
    --            404             YZ-Quad            0.00000          X
    --            404             ZZ-Quad            0.15317

 Levenberg-Marquardt Nonlinear Least Squares :

 LS Iter     F Value      Total G     Active G    N Active   F Calls

     0     2267.7944    1922.8552    1922.8552        20        21
     1      119.2497     150.2240     150.2240        20        42
     2       56.1325      11.6093      11.6093        20        63
     3       40.5534       0.0000       0.0000        20        84

 SQUARE  --  Normal Termination of Least Squares

 Potential Fitting of Electrostatic Parameters :

 Parameter      Atom Type         Category            Value         Fixed

    --            402             Monopole          -0.43257          X
     1            402             X-Dipole           0.19658
    --            402             Y-Dipole           0.00000          X
     2            402             Z-Dipole           0.27808
     3            402             XX-Quad            0.22505
    --            402             XY-Quad            0.00000          X
     4            402             XZ-Quad           -0.26549
     5            402             YY-Quad           -0.73072
    --            402             YZ-Quad            0.00000          X
    --            402             ZZ-Quad            0.50567
    --            401             Monopole           0.14948          X
     6            401             X-Dipole          -0.07932
    --            401             Y-Dipole           0.00000          X
     7            401             Z-Dipole           0.42824
     8            401             XX-Quad           -0.39945
    --            401             XY-Quad            0.00000          X
     9            401             XZ-Quad            0.03099
    10            401             YY-Quad           -0.41718
    --            401             YZ-Quad            0.00000          X
    --            401             ZZ-Quad            0.81663
    --            403             Monopole           0.02375          X
    11            403             X-Dipole           0.00073
    --            403             Y-Dipole           0.00000          X
    12            403             Z-Dipole          -0.10207
    13            403             XX-Quad            0.02679
    --            403             XY-Quad            0.00000          X
    14            403             XZ-Quad           -0.02766
    15            403             YY-Quad            0.01450
    --            403             YZ-Quad            0.00000          X
    --            403             ZZ-Quad           -0.04129
    --            404             Monopole           0.21184          X
    16            404             X-Dipole          -0.02957
    --            404             Y-Dipole           0.00000          X
    17            404             Z-Dipole          -0.09812
    18            404             XX-Quad            0.03539
    --            404             XY-Quad            0.00000          X
    19            404             XZ-Quad           -0.02219
    20            404             YY-Quad           -0.09473
    --            404             YZ-Quad            0.00000          X
    --            404             ZZ-Quad            0.05934

 Average Electrostatic Potential over Atoms :
      (Kcal/mole per unit charge)

   Structure   Atom      Points      Potential        Target        RMS Diff

        1        1        1245        -9.3252        -9.3252         0.0830
        1        2         682         0.9931         1.0569         0.1192
        1        3         941         3.2627         3.2715         0.0475
        1        4         939         3.2410         3.2497         0.0477
        1        5         931        -0.6599        -0.6096         0.0838
        1        6        1039         4.8582         4.8952         0.0650

 Electrostatic Potential over all Grid Points :

 Average Potential Value for Model :                 -0.0668
 Average Potential Magnitude for Model :              4.9549
 Average Potential Value for Target :                -0.0416
 Average Potential Magnitude for Target :             4.9608

 Average Signed Potential Difference :               -0.0251
 Average Unsigned Potential Difference :              0.0515
 Root Mean Square Potential Difference :              0.0761
Fri Dec 20 15:01:04 2019  Calling: sed -e '/\(.* none$\|^#\|^fix\|^potential-offset\)/d' methanol.key_3 > methanol.key_3_tmp
Fri Dec 20 15:01:04 2019 
Fri Dec 20 15:01:04 2019 =========================================================
Fri Dec 20 15:01:04 2019 Electrostatic Potential Comparision

Fri Dec 20 15:01:04 2019  Calling: potential.x 5 methanol.xyz_2 -k methanol.key_3 methanol.pot N > RMSPD.txt
Fri Dec 20 15:01:05 2019  Calling: cp ../methanol-opt.log methanol-opt-6-1-2-3-061.log
Fri Dec 20 15:01:05 2019  Calling: minimize.x methanol-opt-6-1-2-3-061_preQMOPTprefit.xyz -k tmp-6-1-2-3-061_preQMOPTprefit.key 0.01 >methanol-opt-6-1-2-3-061_preQMOPTprefit.out
Fri Dec 20 15:01:07 2019  Calling: minimize.x methanol-opt-6-1-2-3-091_preQMOPTprefit.xyz -k tmp-6-1-2-3-091_preQMOPTprefit.key 0.01 >methanol-opt-6-1-2-3-091_preQMOPTprefit.out
Fri Dec 20 15:01:08 2019  Calling: minimize.x methanol-opt-6-1-2-3-121_preQMOPTprefit.xyz -k tmp-6-1-2-3-121_preQMOPTprefit.key 0.01 >methanol-opt-6-1-2-3-121_preQMOPTprefit.out
Fri Dec 20 15:01:09 2019  Calling: minimize.x methanol-opt-6-1-2-3-151_preQMOPTprefit.xyz -k tmp-6-1-2-3-151_preQMOPTprefit.key 0.01 >methanol-opt-6-1-2-3-151_preQMOPTprefit.out
Fri Dec 20 15:01:11 2019  Calling: minimize.x methanol-opt-6-1-2-3-181_preQMOPTprefit.xyz -k tmp-6-1-2-3-181_preQMOPTprefit.key 0.01 >methanol-opt-6-1-2-3-181_preQMOPTprefit.out
Fri Dec 20 15:01:12 2019  Calling: minimize.x methanol-opt-6-1-2-3-211_preQMOPTprefit.xyz -k tmp-6-1-2-3-211_preQMOPTprefit.key 0.01 >methanol-opt-6-1-2-3-211_preQMOPTprefit.out
Fri Dec 20 15:01:13 2019  Calling: minimize.x methanol-opt-6-1-2-3-031_preQMOPTprefit.xyz -k tmp-6-1-2-3-031_preQMOPTprefit.key 0.01 >methanol-opt-6-1-2-3-031_preQMOPTprefit.out
Fri Dec 20 15:01:15 2019  Calling: minimize.x methanol-opt-6-1-2-3-001_preQMOPTprefit.xyz -k tmp-6-1-2-3-001_preQMOPTprefit.key 0.01 >methanol-opt-6-1-2-3-001_preQMOPTprefit.out
Fri Dec 20 15:01:16 2019  Calling: minimize.x methanol-opt-6-1-2-3-331_preQMOPTprefit.xyz -k tmp-6-1-2-3-331_preQMOPTprefit.key 0.01 >methanol-opt-6-1-2-3-331_preQMOPTprefit.out
Fri Dec 20 15:01:17 2019  Calling: minimize.x methanol-opt-6-1-2-3-301_preQMOPTprefit.xyz -k tmp-6-1-2-3-301_preQMOPTprefit.key 0.01 >methanol-opt-6-1-2-3-301_preQMOPTprefit.out
Fri Dec 20 15:01:19 2019  Calling: minimize.x methanol-opt-6-1-2-3-271_preQMOPTprefit.xyz -k tmp-6-1-2-3-271_preQMOPTprefit.key 0.01 >methanol-opt-6-1-2-3-271_preQMOPTprefit.out
Fri Dec 20 15:01:20 2019  Calling: minimize.x methanol-opt-6-1-2-3-241_preQMOPTprefit.xyz -k tmp-6-1-2-3-241_preQMOPTprefit.key 0.01 >methanol-opt-6-1-2-3-241_preQMOPTprefit.out
****************************************************************************************************
Fri Dec 20 15:02:51 2019 Running on host: bme-nova.bme.utexas.edu
Fri Dec 20 15:02:51 2019 NEED QM Density Matrix: Executing Gaussian Opt and SP
Fri Dec 20 15:02:51 2019  Calling: babel --title "methanol Gaussian Optimization on bme-nova.bme.utexas.edu" methanol.sdf methanol-tmp.com
1 molecule converted
15 audit log messages 
Fri Dec 20 15:02:51 2019  Calling: mkdir /scratch/bdw2292/Gau-methanol
mkdir: cannot create directory `/scratch/bdw2292/Gau-methanol': File exists
****************************************************************************************************
Rotatable bond found about (3, 2, 1, 6)
Fri Dec 20 15:02:51 2019  Calling: sed -e '/\(.* none$\|^#\|^fix\|^potential-offset\)/d' methanol.key_3 > methanol.key_3_tmp
Fri Dec 20 15:02:51 2019 
Fri Dec 20 15:02:51 2019 =========================================================
Fri Dec 20 15:02:51 2019 Electrostatic Potential Comparision

Fri Dec 20 15:02:51 2019  Calling: cp ../methanol-opt.log methanol-opt-6-1-2-3-061.log
Fri Dec 20 15:07:16 2019 Running on host: bme-nova.bme.utexas.edu
Fri Dec 20 15:07:16 2019 NEED QM Density Matrix: Executing Gaussian Opt and SP
Fri Dec 20 15:07:16 2019  Calling: babel --title "methanol Gaussian Optimization on bme-nova.bme.utexas.edu" methanol.sdf methanol-tmp.com
1 molecule converted
15 audit log messages 
Fri Dec 20 15:07:16 2019  Calling: mkdir /scratch/bdw2292/Gau-methanol
mkdir: cannot create directory `/scratch/bdw2292/Gau-methanol': File exists
****************************************************************************************************
Rotatable bond found about (3, 2, 1, 6)
Fri Dec 20 15:07:16 2019  Calling: sed -e '/\(.* none$\|^#\|^fix\|^potential-offset\)/d' methanol.key_3 > methanol.key_3_tmp
Fri Dec 20 15:07:16 2019 
Fri Dec 20 15:07:16 2019 =========================================================
Fri Dec 20 15:07:16 2019 Electrostatic Potential Comparision

Fri Dec 20 15:07:16 2019  Calling: cp ../methanol-opt.log methanol-opt-6-1-2-3-061.log
Fri Dec 20 15:08:52 2019 Running on host: bme-nova.bme.utexas.edu
Fri Dec 20 15:08:52 2019 NEED QM Density Matrix: Executing Gaussian Opt and SP
Fri Dec 20 15:08:52 2019  Calling: babel --title "methanol Gaussian Optimization on bme-nova.bme.utexas.edu" methanol.sdf methanol-tmp.com
1 molecule converted
15 audit log messages 
Fri Dec 20 15:08:52 2019  Calling: mkdir /scratch/bdw2292/Gau-methanol
mkdir: cannot create directory `/scratch/bdw2292/Gau-methanol': File exists
****************************************************************************************************
Rotatable bond found about (3, 2, 1, 6)
Fri Dec 20 15:08:52 2019  Calling: sed -e '/\(.* none$\|^#\|^fix\|^potential-offset\)/d' methanol.key_3 > methanol.key_3_tmp
Fri Dec 20 15:08:52 2019 
Fri Dec 20 15:08:52 2019 =========================================================
Fri Dec 20 15:08:52 2019 Electrostatic Potential Comparision

Fri Dec 20 15:08:52 2019  Calling: cp ../methanol-opt.log methanol-opt-6-1-2-3-061.log
Fri Dec 20 15:09:11 2019 Running on host: bme-nova.bme.utexas.edu
Fri Dec 20 15:09:11 2019 NEED QM Density Matrix: Executing Gaussian Opt and SP
Fri Dec 20 15:09:11 2019  Calling: babel --title "methanol Gaussian Optimization on bme-nova.bme.utexas.edu" methanol.sdf methanol-tmp.com
1 molecule converted
15 audit log messages 
Fri Dec 20 15:09:11 2019  Calling: mkdir /scratch/bdw2292/Gau-methanol
mkdir: cannot create directory `/scratch/bdw2292/Gau-methanol': File exists
****************************************************************************************************
Rotatable bond found about (3, 2, 1, 6)
Fri Dec 20 15:09:11 2019  Calling: sed -e '/\(.* none$\|^#\|^fix\|^potential-offset\)/d' methanol.key_3 > methanol.key_3_tmp
Fri Dec 20 15:09:11 2019 
Fri Dec 20 15:09:11 2019 =========================================================
Fri Dec 20 15:09:11 2019 Electrostatic Potential Comparision

Fri Dec 20 15:09:11 2019  Calling: cp ../methanol-opt.log methanol-opt-6-1-2-3-061.log
Fri Dec 20 15:09:12 2019  Calling: GAUSS_SCRDIR=/scratch/bdw2292/Gau-methanol g09 methanol-opt-6-1-2-3-091.com
Fri Dec 20 15:09:38 2019  Calling: GAUSS_SCRDIR=/scratch/bdw2292/Gau-methanol g09 methanol-opt-6-1-2-3-121.com
Fri Dec 20 15:10:04 2019  Calling: GAUSS_SCRDIR=/scratch/bdw2292/Gau-methanol g09 methanol-opt-6-1-2-3-151.com
Fri Dec 20 15:10:39 2019  Calling: GAUSS_SCRDIR=/scratch/bdw2292/Gau-methanol g09 methanol-opt-6-1-2-3-181.com
Fri Dec 20 15:11:30 2019  Calling: GAUSS_SCRDIR=/scratch/bdw2292/Gau-methanol g09 methanol-opt-6-1-2-3-211.com
Fri Dec 20 15:11:55 2019  Calling: GAUSS_SCRDIR=/scratch/bdw2292/Gau-methanol g09 methanol-opt-6-1-2-3-031.com
Fri Dec 20 15:12:18 2019  Calling: GAUSS_SCRDIR=/scratch/bdw2292/Gau-methanol g09 methanol-opt-6-1-2-3-001.com
Fri Dec 20 15:12:40 2019  Calling: GAUSS_SCRDIR=/scratch/bdw2292/Gau-methanol g09 methanol-opt-6-1-2-3-331.com
Fri Dec 20 15:13:10 2019  Calling: GAUSS_SCRDIR=/scratch/bdw2292/Gau-methanol g09 methanol-opt-6-1-2-3-301.com
Fri Dec 20 15:13:59 2019  Calling: GAUSS_SCRDIR=/scratch/bdw2292/Gau-methanol g09 methanol-opt-6-1-2-3-271.com
Fri Dec 20 15:14:21 2019  Calling: GAUSS_SCRDIR=/scratch/bdw2292/Gau-methanol g09 methanol-opt-6-1-2-3-241.com
Fri Dec 20 15:14:48 2019  Calling: minimize.x methanol-opt-6-1-2-3-061_postQMOPTprefit.xyz -k tmp-6-1-2-3-061_postQMOPTprefit.key 0.01 >methanol-opt-6-1-2-3-061_postQMOPTprefit.out
Fri Dec 20 15:14:49 2019  Calling: analyze.x -k tmp-6-1-2-3-061_postQMOPTprefit.key methanol-opt-6-1-2-3-061_postQMOPTprefit.xyz_2 ed > methanol-opt-6-1-2-3-061_postQMOPTprefit.alz
Fri Dec 20 15:14:50 2019  Calling: minimize.x methanol-opt-6-1-2-3-091_postQMOPTprefit.xyz -k tmp-6-1-2-3-091_postQMOPTprefit.key 0.01 >methanol-opt-6-1-2-3-091_postQMOPTprefit.out
Fri Dec 20 15:14:51 2019  Calling: analyze.x -k tmp-6-1-2-3-091_postQMOPTprefit.key methanol-opt-6-1-2-3-091_postQMOPTprefit.xyz_2 ed > methanol-opt-6-1-2-3-091_postQMOPTprefit.alz
Fri Dec 20 15:14:52 2019  Calling: minimize.x methanol-opt-6-1-2-3-121_postQMOPTprefit.xyz -k tmp-6-1-2-3-121_postQMOPTprefit.key 0.01 >methanol-opt-6-1-2-3-121_postQMOPTprefit.out
Fri Dec 20 15:14:54 2019  Calling: analyze.x -k tmp-6-1-2-3-121_postQMOPTprefit.key methanol-opt-6-1-2-3-121_postQMOPTprefit.xyz_2 ed > methanol-opt-6-1-2-3-121_postQMOPTprefit.alz
Fri Dec 20 15:14:55 2019  Calling: minimize.x methanol-opt-6-1-2-3-151_postQMOPTprefit.xyz -k tmp-6-1-2-3-151_postQMOPTprefit.key 0.01 >methanol-opt-6-1-2-3-151_postQMOPTprefit.out
Fri Dec 20 15:14:56 2019  Calling: analyze.x -k tmp-6-1-2-3-151_postQMOPTprefit.key methanol-opt-6-1-2-3-151_postQMOPTprefit.xyz_2 ed > methanol-opt-6-1-2-3-151_postQMOPTprefit.alz
Fri Dec 20 15:14:58 2019  Calling: minimize.x methanol-opt-6-1-2-3-181_postQMOPTprefit.xyz -k tmp-6-1-2-3-181_postQMOPTprefit.key 0.01 >methanol-opt-6-1-2-3-181_postQMOPTprefit.out
Fri Dec 20 15:14:59 2019  Calling: analyze.x -k tmp-6-1-2-3-181_postQMOPTprefit.key methanol-opt-6-1-2-3-181_postQMOPTprefit.xyz_2 ed > methanol-opt-6-1-2-3-181_postQMOPTprefit.alz
Fri Dec 20 15:15:00 2019  Calling: minimize.x methanol-opt-6-1-2-3-211_postQMOPTprefit.xyz -k tmp-6-1-2-3-211_postQMOPTprefit.key 0.01 >methanol-opt-6-1-2-3-211_postQMOPTprefit.out
Fri Dec 20 15:15:02 2019  Calling: analyze.x -k tmp-6-1-2-3-211_postQMOPTprefit.key methanol-opt-6-1-2-3-211_postQMOPTprefit.xyz_2 ed > methanol-opt-6-1-2-3-211_postQMOPTprefit.alz
Fri Dec 20 15:15:03 2019  Calling: minimize.x methanol-opt-6-1-2-3-031_postQMOPTprefit.xyz -k tmp-6-1-2-3-031_postQMOPTprefit.key 0.01 >methanol-opt-6-1-2-3-031_postQMOPTprefit.out
Fri Dec 20 15:15:04 2019  Calling: analyze.x -k tmp-6-1-2-3-031_postQMOPTprefit.key methanol-opt-6-1-2-3-031_postQMOPTprefit.xyz_2 ed > methanol-opt-6-1-2-3-031_postQMOPTprefit.alz
Fri Dec 20 15:15:06 2019  Calling: minimize.x methanol-opt-6-1-2-3-001_postQMOPTprefit.xyz -k tmp-6-1-2-3-001_postQMOPTprefit.key 0.01 >methanol-opt-6-1-2-3-001_postQMOPTprefit.out
Fri Dec 20 15:15:07 2019  Calling: analyze.x -k tmp-6-1-2-3-001_postQMOPTprefit.key methanol-opt-6-1-2-3-001_postQMOPTprefit.xyz_2 ed > methanol-opt-6-1-2-3-001_postQMOPTprefit.alz
Fri Dec 20 15:15:08 2019  Calling: minimize.x methanol-opt-6-1-2-3-331_postQMOPTprefit.xyz -k tmp-6-1-2-3-331_postQMOPTprefit.key 0.01 >methanol-opt-6-1-2-3-331_postQMOPTprefit.out
Fri Dec 20 15:15:10 2019  Calling: analyze.x -k tmp-6-1-2-3-331_postQMOPTprefit.key methanol-opt-6-1-2-3-331_postQMOPTprefit.xyz_2 ed > methanol-opt-6-1-2-3-331_postQMOPTprefit.alz
Fri Dec 20 15:15:11 2019  Calling: minimize.x methanol-opt-6-1-2-3-301_postQMOPTprefit.xyz -k tmp-6-1-2-3-301_postQMOPTprefit.key 0.01 >methanol-opt-6-1-2-3-301_postQMOPTprefit.out
Fri Dec 20 15:15:12 2019  Calling: analyze.x -k tmp-6-1-2-3-301_postQMOPTprefit.key methanol-opt-6-1-2-3-301_postQMOPTprefit.xyz_2 ed > methanol-opt-6-1-2-3-301_postQMOPTprefit.alz
Fri Dec 20 15:15:14 2019  Calling: minimize.x methanol-opt-6-1-2-3-271_postQMOPTprefit.xyz -k tmp-6-1-2-3-271_postQMOPTprefit.key 0.01 >methanol-opt-6-1-2-3-271_postQMOPTprefit.out
Fri Dec 20 15:15:15 2019  Calling: analyze.x -k tmp-6-1-2-3-271_postQMOPTprefit.key methanol-opt-6-1-2-3-271_postQMOPTprefit.xyz_2 ed > methanol-opt-6-1-2-3-271_postQMOPTprefit.alz
Fri Dec 20 15:15:16 2019  Calling: GAUSS_SCRDIR=/scratch/bdw2292/Gau-methanol g09 methanol-sp-6-1-2-3-061.com
Fri Dec 20 15:15:21 2019  Calling: GAUSS_SCRDIR=/scratch/bdw2292/Gau-methanol g09 methanol-sp-6-1-2-3-091.com
Fri Dec 20 15:15:25 2019  Calling: GAUSS_SCRDIR=/scratch/bdw2292/Gau-methanol g09 methanol-sp-6-1-2-3-121.com
Fri Dec 20 15:15:28 2019  Calling: GAUSS_SCRDIR=/scratch/bdw2292/Gau-methanol g09 methanol-sp-6-1-2-3-151.com
Fri Dec 20 15:15:32 2019  Calling: GAUSS_SCRDIR=/scratch/bdw2292/Gau-methanol g09 methanol-sp-6-1-2-3-181.com
Fri Dec 20 15:15:37 2019  Calling: GAUSS_SCRDIR=/scratch/bdw2292/Gau-methanol g09 methanol-sp-6-1-2-3-211.com
Fri Dec 20 15:15:41 2019  Calling: GAUSS_SCRDIR=/scratch/bdw2292/Gau-methanol g09 methanol-sp-6-1-2-3-031.com
Fri Dec 20 15:15:44 2019  Calling: GAUSS_SCRDIR=/scratch/bdw2292/Gau-methanol g09 methanol-sp-6-1-2-3-001.com
Fri Dec 20 15:15:48 2019  Calling: GAUSS_SCRDIR=/scratch/bdw2292/Gau-methanol g09 methanol-sp-6-1-2-3-331.com
Fri Dec 20 15:15:51 2019  Calling: GAUSS_SCRDIR=/scratch/bdw2292/Gau-methanol g09 methanol-sp-6-1-2-3-301.com
Fri Dec 20 15:15:55 2019  Calling: GAUSS_SCRDIR=/scratch/bdw2292/Gau-methanol g09 methanol-sp-6-1-2-3-271.com
Fri Dec 20 15:48:22 2019 Running on host: bme-nova.bme.utexas.edu
Fri Dec 20 15:48:22 2019 NEED QM Density Matrix: Executing Gaussian Opt and SP
Fri Dec 20 15:48:22 2019  Calling: babel --title "methanol Gaussian Optimization on bme-nova.bme.utexas.edu" methanol.sdf methanol-tmp.com
1 molecule converted
15 audit log messages 
Fri Dec 20 15:48:22 2019  Calling: mkdir /scratch/bdw2292/Gau-methanol
mkdir: cannot create directory `/scratch/bdw2292/Gau-methanol': File exists
****************************************************************************************************
Rotatable bond found about (3, 2, 1, 6)
Fri Dec 20 15:48:22 2019  Calling: sed -e '/\(.* none$\|^#\|^fix\|^potential-offset\)/d' methanol.key_3 > methanol.key_3_tmp
Fri Dec 20 15:48:22 2019 
Fri Dec 20 15:48:22 2019 =========================================================
Fri Dec 20 15:48:22 2019 Electrostatic Potential Comparision

Fri Dec 20 15:48:22 2019  Calling: cp ../methanol-opt.log methanol-opt-6-1-2-3-061.log
Fri Dec 20 15:48:22 2019 number of parameters to fit for 403 401 402 404 are 4
Fri Dec 20 15:48:23 2019 RMSPD of QM and MM torsion profiles is high, RMSPD = 22.616209897773288 Tolerance is 2 kcal/mol 
Sat Dec 21 15:25:07 2019 Running on host: bme-nova.bme.utexas.edu
Sat Dec 21 15:25:07 2019 NEED QM Density Matrix: Executing Gaussian Opt and SP
Sat Dec 21 15:25:07 2019  Calling: babel --title "methanol Gaussian Optimization on bme-nova.bme.utexas.edu" methanol.sdf methanol-tmp.com
1 molecule converted
15 audit log messages 
Sat Dec 21 15:25:07 2019  Calling: mkdir /scratch/bdw2292/Gau-methanol
mkdir: cannot create directory `/scratch/bdw2292/Gau-methanol': File exists
****************************************************************************************************
Rotatable bond found about (3, 2, 1, 6)
Sat Dec 21 15:25:07 2019  Calling: sed -e '/\(.* none$\|^#\|^fix\|^potential-offset\)/d' methanol.key_3 > methanol.key_3_tmp
Sat Dec 21 15:25:07 2019 
Sat Dec 21 15:25:07 2019 =========================================================
Sat Dec 21 15:25:07 2019 Electrostatic Potential Comparision

Sat Dec 21 15:25:07 2019  Calling: cp ../methanol-opt.log methanol-opt-6-1-2-3-061.log
Sat Dec 21 15:25:07 2019  Calling: minimize.x methanol-opt-6-1-2-3-061_preQMOPTprefit.xyz -k tmp-6-1-2-3-061_preQMOPTprefit.key 0.001 >methanol-opt-6-1-2-3-061_preQMOPTprefit.out
Sat Dec 21 15:25:09 2019  Calling: minimize.x methanol-opt-6-1-2-3-091_preQMOPTprefit.xyz -k tmp-6-1-2-3-091_preQMOPTprefit.key 0.001 >methanol-opt-6-1-2-3-091_preQMOPTprefit.out
Sat Dec 21 15:25:11 2019  Calling: minimize.x methanol-opt-6-1-2-3-121_preQMOPTprefit.xyz -k tmp-6-1-2-3-121_preQMOPTprefit.key 0.001 >methanol-opt-6-1-2-3-121_preQMOPTprefit.out
Sat Dec 21 15:25:13 2019  Calling: minimize.x methanol-opt-6-1-2-3-151_preQMOPTprefit.xyz -k tmp-6-1-2-3-151_preQMOPTprefit.key 0.001 >methanol-opt-6-1-2-3-151_preQMOPTprefit.out
Sat Dec 21 15:25:14 2019  Calling: minimize.x methanol-opt-6-1-2-3-181_preQMOPTprefit.xyz -k tmp-6-1-2-3-181_preQMOPTprefit.key 0.001 >methanol-opt-6-1-2-3-181_preQMOPTprefit.out
Sat Dec 21 15:25:16 2019  Calling: minimize.x methanol-opt-6-1-2-3-211_preQMOPTprefit.xyz -k tmp-6-1-2-3-211_preQMOPTprefit.key 0.001 >methanol-opt-6-1-2-3-211_preQMOPTprefit.out
Sat Dec 21 15:25:17 2019  Calling: minimize.x methanol-opt-6-1-2-3-031_preQMOPTprefit.xyz -k tmp-6-1-2-3-031_preQMOPTprefit.key 0.001 >methanol-opt-6-1-2-3-031_preQMOPTprefit.out
Sat Dec 21 15:25:19 2019  Calling: minimize.x methanol-opt-6-1-2-3-001_preQMOPTprefit.xyz -k tmp-6-1-2-3-001_preQMOPTprefit.key 0.001 >methanol-opt-6-1-2-3-001_preQMOPTprefit.out
Sat Dec 21 15:25:20 2019  Calling: minimize.x methanol-opt-6-1-2-3-331_preQMOPTprefit.xyz -k tmp-6-1-2-3-331_preQMOPTprefit.key 0.001 >methanol-opt-6-1-2-3-331_preQMOPTprefit.out
Sat Dec 21 15:25:22 2019  Calling: minimize.x methanol-opt-6-1-2-3-301_preQMOPTprefit.xyz -k tmp-6-1-2-3-301_preQMOPTprefit.key 0.001 >methanol-opt-6-1-2-3-301_preQMOPTprefit.out
Sat Dec 21 15:25:23 2019  Calling: minimize.x methanol-opt-6-1-2-3-271_preQMOPTprefit.xyz -k tmp-6-1-2-3-271_preQMOPTprefit.key 0.001 >methanol-opt-6-1-2-3-271_preQMOPTprefit.out
Sat Dec 21 15:25:24 2019  Calling: minimize.x methanol-opt-6-1-2-3-241_preQMOPTprefit.xyz -k tmp-6-1-2-3-241_preQMOPTprefit.key 0.001 >methanol-opt-6-1-2-3-241_preQMOPTprefit.out
Sat Dec 21 15:25:26 2019 Calling external API 
Sat Dec 21 15:26:03 2019 Normal termination: methanol-opt-6-1-2-3-091.log
Sat Dec 21 15:26:03 2019 Normal termination: methanol-opt-6-1-2-3-121.log
Sat Dec 21 15:26:03 2019 Normal termination: methanol-opt-6-1-2-3-151.log
Sat Dec 21 15:26:03 2019 Normal termination: methanol-opt-6-1-2-3-181.log
Sat Dec 21 15:26:03 2019 Normal termination: methanol-opt-6-1-2-3-211.log
Sat Dec 21 15:26:03 2019 Normal termination: methanol-opt-6-1-2-3-031.log
Sat Dec 21 15:26:03 2019 Normal termination: methanol-opt-6-1-2-3-001.log
Sat Dec 21 15:26:03 2019 Normal termination: methanol-opt-6-1-2-3-331.log
Sat Dec 21 15:26:03 2019 Normal termination: methanol-opt-6-1-2-3-301.log
Sat Dec 21 15:26:03 2019 Normal termination: methanol-opt-6-1-2-3-271.log
Sat Dec 21 15:26:03 2019 Normal termination: methanol-opt-6-1-2-3-241.log
Sat Dec 21 15:26:03 2019 Sleeping for 0  minute 
Sat Dec 21 15:26:09 2019 All jobs have terminated 
Sat Dec 21 15:26:09 2019  Calling: minimize.x methanol-opt-6-1-2-3-061_postQMOPTprefit.xyz -k tmp-6-1-2-3-061_postQMOPTprefit.key 0.001 >methanol-opt-6-1-2-3-061_postQMOPTprefit.out
Sat Dec 21 15:26:10 2019  Calling: analyze.x -k tmp-6-1-2-3-061_postQMOPTprefit.key methanol-opt-6-1-2-3-061_postQMOPTprefit.xyz_2 ed > methanol-opt-6-1-2-3-061_postQMOPTprefit.alz
Sat Dec 21 15:26:12 2019  Calling: minimize.x methanol-opt-6-1-2-3-091_postQMOPTprefit.xyz -k tmp-6-1-2-3-091_postQMOPTprefit.key 0.001 >methanol-opt-6-1-2-3-091_postQMOPTprefit.out
Sat Dec 21 15:26:13 2019  Calling: analyze.x -k tmp-6-1-2-3-091_postQMOPTprefit.key methanol-opt-6-1-2-3-091_postQMOPTprefit.xyz_2 ed > methanol-opt-6-1-2-3-091_postQMOPTprefit.alz
Sat Dec 21 15:26:15 2019  Calling: minimize.x methanol-opt-6-1-2-3-121_postQMOPTprefit.xyz -k tmp-6-1-2-3-121_postQMOPTprefit.key 0.001 >methanol-opt-6-1-2-3-121_postQMOPTprefit.out
Sat Dec 21 15:26:16 2019  Calling: analyze.x -k tmp-6-1-2-3-121_postQMOPTprefit.key methanol-opt-6-1-2-3-121_postQMOPTprefit.xyz_2 ed > methanol-opt-6-1-2-3-121_postQMOPTprefit.alz
Sat Dec 21 15:26:17 2019  Calling: minimize.x methanol-opt-6-1-2-3-151_postQMOPTprefit.xyz -k tmp-6-1-2-3-151_postQMOPTprefit.key 0.001 >methanol-opt-6-1-2-3-151_postQMOPTprefit.out
Sat Dec 21 15:26:18 2019  Calling: analyze.x -k tmp-6-1-2-3-151_postQMOPTprefit.key methanol-opt-6-1-2-3-151_postQMOPTprefit.xyz_2 ed > methanol-opt-6-1-2-3-151_postQMOPTprefit.alz
Sat Dec 21 15:26:20 2019  Calling: minimize.x methanol-opt-6-1-2-3-181_postQMOPTprefit.xyz -k tmp-6-1-2-3-181_postQMOPTprefit.key 0.001 >methanol-opt-6-1-2-3-181_postQMOPTprefit.out
Sat Dec 21 15:26:21 2019  Calling: analyze.x -k tmp-6-1-2-3-181_postQMOPTprefit.key methanol-opt-6-1-2-3-181_postQMOPTprefit.xyz_2 ed > methanol-opt-6-1-2-3-181_postQMOPTprefit.alz
Sat Dec 21 15:26:22 2019  Calling: minimize.x methanol-opt-6-1-2-3-211_postQMOPTprefit.xyz -k tmp-6-1-2-3-211_postQMOPTprefit.key 0.001 >methanol-opt-6-1-2-3-211_postQMOPTprefit.out
Sat Dec 21 15:26:24 2019  Calling: analyze.x -k tmp-6-1-2-3-211_postQMOPTprefit.key methanol-opt-6-1-2-3-211_postQMOPTprefit.xyz_2 ed > methanol-opt-6-1-2-3-211_postQMOPTprefit.alz
Sat Dec 21 15:26:25 2019  Calling: minimize.x methanol-opt-6-1-2-3-031_postQMOPTprefit.xyz -k tmp-6-1-2-3-031_postQMOPTprefit.key 0.001 >methanol-opt-6-1-2-3-031_postQMOPTprefit.out
Sat Dec 21 15:26:27 2019  Calling: analyze.x -k tmp-6-1-2-3-031_postQMOPTprefit.key methanol-opt-6-1-2-3-031_postQMOPTprefit.xyz_2 ed > methanol-opt-6-1-2-3-031_postQMOPTprefit.alz
Sat Dec 21 15:26:29 2019  Calling: minimize.x methanol-opt-6-1-2-3-001_postQMOPTprefit.xyz -k tmp-6-1-2-3-001_postQMOPTprefit.key 0.001 >methanol-opt-6-1-2-3-001_postQMOPTprefit.out
Sat Dec 21 15:26:30 2019  Calling: analyze.x -k tmp-6-1-2-3-001_postQMOPTprefit.key methanol-opt-6-1-2-3-001_postQMOPTprefit.xyz_2 ed > methanol-opt-6-1-2-3-001_postQMOPTprefit.alz
Sat Dec 21 15:26:32 2019  Calling: minimize.x methanol-opt-6-1-2-3-331_postQMOPTprefit.xyz -k tmp-6-1-2-3-331_postQMOPTprefit.key 0.001 >methanol-opt-6-1-2-3-331_postQMOPTprefit.out
Sat Dec 21 15:26:33 2019  Calling: analyze.x -k tmp-6-1-2-3-331_postQMOPTprefit.key methanol-opt-6-1-2-3-331_postQMOPTprefit.xyz_2 ed > methanol-opt-6-1-2-3-331_postQMOPTprefit.alz
Sat Dec 21 15:26:35 2019  Calling: minimize.x methanol-opt-6-1-2-3-301_postQMOPTprefit.xyz -k tmp-6-1-2-3-301_postQMOPTprefit.key 0.001 >methanol-opt-6-1-2-3-301_postQMOPTprefit.out
Sat Dec 21 15:26:36 2019  Calling: analyze.x -k tmp-6-1-2-3-301_postQMOPTprefit.key methanol-opt-6-1-2-3-301_postQMOPTprefit.xyz_2 ed > methanol-opt-6-1-2-3-301_postQMOPTprefit.alz
Sat Dec 21 15:26:37 2019  Calling: minimize.x methanol-opt-6-1-2-3-271_postQMOPTprefit.xyz -k tmp-6-1-2-3-271_postQMOPTprefit.key 0.001 >methanol-opt-6-1-2-3-271_postQMOPTprefit.out
Sat Dec 21 15:26:39 2019  Calling: analyze.x -k tmp-6-1-2-3-271_postQMOPTprefit.key methanol-opt-6-1-2-3-271_postQMOPTprefit.xyz_2 ed > methanol-opt-6-1-2-3-271_postQMOPTprefit.alz
Sat Dec 21 15:26:40 2019 Calling external API 
Sat Dec 21 15:27:13 2019 Normal termination: methanol-sp-6-1-2-3-061.log
Sat Dec 21 15:27:13 2019 Normal termination: methanol-sp-6-1-2-3-091.log
Sat Dec 21 15:27:13 2019 Normal termination: methanol-sp-6-1-2-3-121.log
Sat Dec 21 15:27:13 2019 Normal termination: methanol-sp-6-1-2-3-151.log
Sat Dec 21 15:27:13 2019 Normal termination: methanol-sp-6-1-2-3-181.log
Sat Dec 21 15:27:13 2019 Normal termination: methanol-sp-6-1-2-3-211.log
Sat Dec 21 15:27:13 2019 Normal termination: methanol-sp-6-1-2-3-031.log
Sat Dec 21 15:27:13 2019 Normal termination: methanol-sp-6-1-2-3-001.log
Sat Dec 21 15:27:13 2019 Normal termination: methanol-sp-6-1-2-3-331.log
Sat Dec 21 15:27:13 2019 Normal termination: methanol-sp-6-1-2-3-301.log
Sat Dec 21 15:27:13 2019 Normal termination: methanol-sp-6-1-2-3-271.log
Sat Dec 21 15:27:13 2019 Sleeping for 0  minute 
Sat Dec 21 15:27:19 2019 All jobs have terminated 
Sat Dec 21 15:27:19 2019 number of parameters to fit for 403 401 402 404 are 4
Sat Dec 21 15:27:19 2019  Calling: minimize.x methanol-opt-6-1-2-3-061_postQMOPTpostfit.xyz -k tmp-6-1-2-3-061_postQMOPTpostfit.key 0.001 >methanol-opt-6-1-2-3-061_postQMOPTpostfit.out
Sat Dec 21 15:27:20 2019  Calling: analyze.x -k tmp-6-1-2-3-061_postQMOPTpostfit.key methanol-opt-6-1-2-3-061_postQMOPTpostfit.xyz_2 ed > methanol-opt-6-1-2-3-061_postQMOPTpostfit.alz
Sat Dec 21 15:27:21 2019  Calling: minimize.x methanol-opt-6-1-2-3-091_postQMOPTpostfit.xyz -k tmp-6-1-2-3-091_postQMOPTpostfit.key 0.001 >methanol-opt-6-1-2-3-091_postQMOPTpostfit.out
Sat Dec 21 15:27:23 2019  Calling: analyze.x -k tmp-6-1-2-3-091_postQMOPTpostfit.key methanol-opt-6-1-2-3-091_postQMOPTpostfit.xyz_2 ed > methanol-opt-6-1-2-3-091_postQMOPTpostfit.alz
Sat Dec 21 15:27:24 2019  Calling: minimize.x methanol-opt-6-1-2-3-121_postQMOPTpostfit.xyz -k tmp-6-1-2-3-121_postQMOPTpostfit.key 0.001 >methanol-opt-6-1-2-3-121_postQMOPTpostfit.out
Sat Dec 21 15:27:26 2019  Calling: analyze.x -k tmp-6-1-2-3-121_postQMOPTpostfit.key methanol-opt-6-1-2-3-121_postQMOPTpostfit.xyz_2 ed > methanol-opt-6-1-2-3-121_postQMOPTpostfit.alz
Sat Dec 21 15:27:27 2019  Calling: minimize.x methanol-opt-6-1-2-3-151_postQMOPTpostfit.xyz -k tmp-6-1-2-3-151_postQMOPTpostfit.key 0.001 >methanol-opt-6-1-2-3-151_postQMOPTpostfit.out
Sat Dec 21 15:27:28 2019  Calling: analyze.x -k tmp-6-1-2-3-151_postQMOPTpostfit.key methanol-opt-6-1-2-3-151_postQMOPTpostfit.xyz_2 ed > methanol-opt-6-1-2-3-151_postQMOPTpostfit.alz
Sat Dec 21 15:27:30 2019  Calling: minimize.x methanol-opt-6-1-2-3-181_postQMOPTpostfit.xyz -k tmp-6-1-2-3-181_postQMOPTpostfit.key 0.001 >methanol-opt-6-1-2-3-181_postQMOPTpostfit.out
Sat Dec 21 15:27:31 2019  Calling: analyze.x -k tmp-6-1-2-3-181_postQMOPTpostfit.key methanol-opt-6-1-2-3-181_postQMOPTpostfit.xyz_2 ed > methanol-opt-6-1-2-3-181_postQMOPTpostfit.alz
Sat Dec 21 15:27:33 2019  Calling: minimize.x methanol-opt-6-1-2-3-211_postQMOPTpostfit.xyz -k tmp-6-1-2-3-211_postQMOPTpostfit.key 0.001 >methanol-opt-6-1-2-3-211_postQMOPTpostfit.out
Sat Dec 21 15:27:34 2019  Calling: analyze.x -k tmp-6-1-2-3-211_postQMOPTpostfit.key methanol-opt-6-1-2-3-211_postQMOPTpostfit.xyz_2 ed > methanol-opt-6-1-2-3-211_postQMOPTpostfit.alz
Sat Dec 21 15:27:35 2019  Calling: minimize.x methanol-opt-6-1-2-3-031_postQMOPTpostfit.xyz -k tmp-6-1-2-3-031_postQMOPTpostfit.key 0.001 >methanol-opt-6-1-2-3-031_postQMOPTpostfit.out
Sat Dec 21 15:27:37 2019  Calling: analyze.x -k tmp-6-1-2-3-031_postQMOPTpostfit.key methanol-opt-6-1-2-3-031_postQMOPTpostfit.xyz_2 ed > methanol-opt-6-1-2-3-031_postQMOPTpostfit.alz
Sat Dec 21 15:27:38 2019  Calling: minimize.x methanol-opt-6-1-2-3-001_postQMOPTpostfit.xyz -k tmp-6-1-2-3-001_postQMOPTpostfit.key 0.001 >methanol-opt-6-1-2-3-001_postQMOPTpostfit.out
Sat Dec 21 15:27:40 2019  Calling: analyze.x -k tmp-6-1-2-3-001_postQMOPTpostfit.key methanol-opt-6-1-2-3-001_postQMOPTpostfit.xyz_2 ed > methanol-opt-6-1-2-3-001_postQMOPTpostfit.alz
Sat Dec 21 15:27:41 2019  Calling: minimize.x methanol-opt-6-1-2-3-331_postQMOPTpostfit.xyz -k tmp-6-1-2-3-331_postQMOPTpostfit.key 0.001 >methanol-opt-6-1-2-3-331_postQMOPTpostfit.out
Sat Dec 21 15:27:42 2019  Calling: analyze.x -k tmp-6-1-2-3-331_postQMOPTpostfit.key methanol-opt-6-1-2-3-331_postQMOPTpostfit.xyz_2 ed > methanol-opt-6-1-2-3-331_postQMOPTpostfit.alz
Sat Dec 21 15:27:43 2019  Calling: minimize.x methanol-opt-6-1-2-3-301_postQMOPTpostfit.xyz -k tmp-6-1-2-3-301_postQMOPTpostfit.key 0.001 >methanol-opt-6-1-2-3-301_postQMOPTpostfit.out
Sat Dec 21 15:27:45 2019  Calling: analyze.x -k tmp-6-1-2-3-301_postQMOPTpostfit.key methanol-opt-6-1-2-3-301_postQMOPTpostfit.xyz_2 ed > methanol-opt-6-1-2-3-301_postQMOPTpostfit.alz
Sat Dec 21 15:27:47 2019  Calling: minimize.x methanol-opt-6-1-2-3-271_postQMOPTpostfit.xyz -k tmp-6-1-2-3-271_postQMOPTpostfit.key 0.001 >methanol-opt-6-1-2-3-271_postQMOPTpostfit.out
Sat Dec 21 15:27:48 2019  Calling: analyze.x -k tmp-6-1-2-3-271_postQMOPTpostfit.key methanol-opt-6-1-2-3-271_postQMOPTpostfit.xyz_2 ed > methanol-opt-6-1-2-3-271_postQMOPTpostfit.alz
Sat Dec 21 15:27:50 2019  Calling: minimize.x methanol-opt-6-1-2-3-241_postQMOPTpostfit.xyz -k tmp-6-1-2-3-241_postQMOPTpostfit.key 0.001 >methanol-opt-6-1-2-3-241_postQMOPTpostfit.out
Sat Dec 21 15:27:51 2019  Calling: analyze.x -k tmp-6-1-2-3-241_postQMOPTpostfit.key methanol-opt-6-1-2-3-241_postQMOPTpostfit.xyz_2 ed > methanol-opt-6-1-2-3-241_postQMOPTpostfit.alz
Sat Dec 21 15:27:52 2019 
Sat Dec 21 15:27:52 2019 =========================================================
Sat Dec 21 15:27:52 2019 Minimizing structure

Sat Dec 21 15:27:52 2019  Calling: cp methanol.xyz_2 ttt.xyz
Sat Dec 21 15:27:52 2019  Calling: cp methanol.key_5 ttt.key
Sat Dec 21 15:27:52 2019  Calling: minimize.x -k ttt.key ttt.xyz 0.1

     ######################################################################
   ##########################################################################
  ###                                                                      ###
 ###            Tinker  ---  Software Tools for Molecular Design            ###
 ##                                                                          ##
 ##                          Version 8.7  June 2019                          ##
 ##                                                                          ##
 ##               Copyright (c)  Jay William Ponder  1990-2019               ##
 ###                           All Rights Reserved                          ###
  ###                                                                      ###
   ##########################################################################
     ######################################################################


 Additional Atom Definition Parameters :

     Type  Class  Symbol  Description               Atomic    Mass   Valence

     402    402     O     methanol                     8     15.999     2
     401    401     C     methanol                     6     12.011     4
     403    403     H     methanol                     1      1.008     1
     404    404     H     methanol                     1      1.008     1

 Additional Bond Stretching Parameters :

     Atom Classes             K(S)         Length

       401 402             500.100         1.4245
       402 404             615.900         0.9701
       401 403             385.000         1.0970

 Additional Angle Bending Parameters :

     Atom Classes             K(B)          Angle

     403 401 403            40.570        108.533
     402 401 403            60.990        106.257
     401 402 404            64.960        107.328

 Additional Stretch-Bend Parameters :

     Atom Classes          K(SB)-1        K(SB)-2

     402 401 403            -4.500         38.000
     401 402 404            -4.500         38.000

 Additional Torsional Parameters :

     Atom Classes     1-Fold    2-Fold    3-Fold    4-Fold    5-Fold    6-Fold

   403 401 402 404   0.80   0 -0.80 180  0.23   0  0.00   0  0.00   0  0.00   0

 Additional van der Waals Parameters :

     Atom Class               Size        Epsilon        Reduction

         402                3.4050         0.1100          0.000
         401                3.7600         0.1010          0.000
         403                2.8700         0.0240          0.910
         404                2.6550         0.0135          0.910

 Additional Atomic Multipole Parameters :

     Atom Type     Coordinate Frame Definition         Multipole Moments

         401      402    404      0   Z-then-X     0.14948
                                                  -0.07932  0.00000  0.42824
                                                  -0.39945
                                                   0.00000 -0.41718
                                                   0.03099  0.00000  0.81663

         402      401    404      0   Z-then-X    -0.43257
                                                   0.19658  0.00000  0.27808
                                                   0.13503
                                                   0.00000 -0.43843
                                                  -0.15929  0.00000  0.30340

         403      401    402      0   Z-then-X     0.02375
                                                   0.00073  0.00000 -0.10207
                                                   0.02679
                                                   0.00000  0.01450
                                                  -0.02766  0.00000 -0.04129

         404      402    401      0   Z-then-X     0.21184
                                                  -0.02957  0.00000 -0.09812
                                                   0.03539
                                                   0.00000 -0.09473
                                                  -0.02219  0.00000  0.05934

 Additional Atomic Dipole Polarizability Parameters :

     Atom Type           Alpha       Thole     Group Atom Types

         402             0.837       0.390         401  404
         401             1.334       0.390         402  403
         403             0.496       0.390         401
         404             0.496       0.390         402

 Limited Memory BFGS Quasi-Newton Optimization :

 QN Iter     F Value      G RMS      F Move   X Move   Angle  FG Call  Comment

     0        1.6755    10.8868                                   1
     1        1.4368     8.7658      0.2387   0.0076    0.00      3    Success 
     2        1.2771     6.3627      0.1597   0.0045   38.15      4    Success 
     3        1.0725     3.7223      0.2047   0.0105   36.99      5    Success 
     4        1.0385     5.7740      0.0339   0.0104   39.29      6    Success 
     5        0.9946     2.2012      0.0439   0.0021   23.21      7    Success 
     6        0.9772     1.5693      0.0175   0.0018   19.68      8    Success 
     7        0.9538     1.7449      0.0234   0.0044   35.07      9    Success 
     8        0.9420     0.7653      0.0118   0.0043   62.85     10    Success 
     9        0.9410     0.2084      0.0010   0.0010   60.23     11    Success 
    10        0.9409     0.0839      0.0001   0.0002   38.06     12   SmallGrad

 LBFGS  --  Normal Termination due to SmallGrad

 Final Function Value :            0.9409
 Final RMS Gradient :              0.0839
 Final Gradient Norm :             0.2055
Sat Dec 21 15:27:54 2019 
Sat Dec 21 15:27:54 2019 =========================================================
Sat Dec 21 15:27:54 2019 QM Dipole moment

Sat Dec 21 15:27:54 2019  Calling: grep -A7 "Dipole moment" methanol-esp.log
 Dipole moment (field-independent basis, Debye):
    X=             -0.9356    Y=             -1.5277    Z=              0.0000  Tot=              1.7914
 Quadrupole moment (field-independent basis, Debye-Ang):
   XX=            -13.2931   YY=            -12.3716   ZZ=            -14.1088
   XY=             -2.2864   XZ=              0.0000   YZ=              0.0000
 Traceless Quadrupole moment (field-independent basis, Debye-Ang):
   XX=             -0.0353   YY=              0.8862   ZZ=             -0.8510
   XY=             -2.2864   XZ=              0.0000   YZ=              0.0000
Sat Dec 21 15:27:54 2019 
Sat Dec 21 15:27:54 2019 =========================================================
Sat Dec 21 15:27:54 2019 MM Dipole moment

Sat Dec 21 15:27:54 2019  Calling: analyze.x methanol.xyz_2 em | grep -A11 Charge
 Total Electric Charge :                 -0.00000 Electrons

 Dipole Moment Magnitude :                  1.791 Debye

 Dipole X,Y,Z-Components :                 -0.935       -1.528       -0.000

 Quadrupole Moment Tensor :                -0.292       -3.110       -0.000
      (Buckinghams)                        -3.110        1.236        0.000
                                           -0.000        0.000       -0.944

 Principal Axes Quadrupole :               -2.731       -0.944        3.674

Sat Dec 21 15:27:55 2019 Poltype Job Finished

Sat Dec 21 15:41:20 2019 Running on host: bme-nova.bme.utexas.edu
Sat Dec 21 15:41:20 2019 NEED QM Density Matrix: Executing Gaussian Opt and SP
Sat Dec 21 15:41:20 2019  Calling: babel --title "methanol Gaussian Optimization on bme-nova.bme.utexas.edu" methanol.sdf methanol-tmp.com
1 molecule converted
15 audit log messages 
Sat Dec 21 15:41:20 2019  Calling: mkdir /scratch/bdw2292/Gau-methanol
mkdir: cannot create directory `/scratch/bdw2292/Gau-methanol': File exists
****************************************************************************************************
Rotatable bond found about (3, 2, 1, 6)
Sat Dec 21 15:41:20 2019  Calling: sed -e '/\(.* none$\|^#\|^fix\|^potential-offset\)/d' methanol.key_3 > methanol.key_3_tmp
Sat Dec 21 15:41:20 2019 
Sat Dec 21 15:41:20 2019 =========================================================
Sat Dec 21 15:41:20 2019 Electrostatic Potential Comparision

Sat Dec 21 15:41:20 2019 
Sat Dec 21 15:41:20 2019 =========================================================
Sat Dec 21 15:41:20 2019 Minimizing structure

Sat Dec 21 15:41:20 2019  Calling: cp methanol.xyz_2 ttt.xyz
Sat Dec 21 15:41:20 2019  Calling: cp methanol.key_5 ttt.key
Sat Dec 21 15:41:20 2019  Calling: minimize.x -k ttt.key ttt.xyz 0.1

     ######################################################################
   ##########################################################################
  ###                                                                      ###
 ###            Tinker  ---  Software Tools for Molecular Design            ###
 ##                                                                          ##
 ##                          Version 8.7  June 2019                          ##
 ##                                                                          ##
 ##               Copyright (c)  Jay William Ponder  1990-2019               ##
 ###                           All Rights Reserved                          ###
  ###                                                                      ###
   ##########################################################################
     ######################################################################


 Additional Atom Definition Parameters :

     Type  Class  Symbol  Description               Atomic    Mass   Valence

     402    402     O     methanol                     8     15.999     2
     401    401     C     methanol                     6     12.011     4
     403    403     H     methanol                     1      1.008     1
     404    404     H     methanol                     1      1.008     1

 Additional Bond Stretching Parameters :

     Atom Classes             K(S)         Length

       401 402             500.100         1.4245
       402 404             615.900         0.9701
       401 403             385.000         1.0970

 Additional Angle Bending Parameters :

     Atom Classes             K(B)          Angle

     403 401 403            40.570        108.533
     402 401 403            60.990        106.257
     401 402 404            64.960        107.328

 Additional Stretch-Bend Parameters :

     Atom Classes          K(SB)-1        K(SB)-2

     402 401 403            -4.500         38.000
     401 402 404            -4.500         38.000

 Additional Torsional Parameters :

     Atom Classes     1-Fold    2-Fold    3-Fold    4-Fold    5-Fold    6-Fold

   403 401 402 404   0.00   0  0.00 180  0.00   0  0.00   0  0.00   0  0.00   0

 Additional van der Waals Parameters :

     Atom Class               Size        Epsilon        Reduction

         402                3.4050         0.1100          0.000
         401                3.7600         0.1010          0.000
         403                2.8700         0.0240          0.910
         404                2.6550         0.0135          0.910

 Additional Atomic Multipole Parameters :

     Atom Type     Coordinate Frame Definition         Multipole Moments

         401      402    404      0   Z-then-X     0.14948
                                                  -0.07932  0.00000  0.42824
                                                  -0.39945
                                                   0.00000 -0.41718
                                                   0.03099  0.00000  0.81663

         402      401    404      0   Z-then-X    -0.43257
                                                   0.19658  0.00000  0.27808
                                                   0.13503
                                                   0.00000 -0.43843
                                                  -0.15929  0.00000  0.30340

         403      401    402      0   Z-then-X     0.02375
                                                   0.00073  0.00000 -0.10207
                                                   0.02679
                                                   0.00000  0.01450
                                                  -0.02766  0.00000 -0.04129

         404      402    401      0   Z-then-X     0.21184
                                                  -0.02957  0.00000 -0.09812
                                                   0.03539
                                                   0.00000 -0.09473
                                                  -0.02219  0.00000  0.05934

 Additional Atomic Dipole Polarizability Parameters :

     Atom Type           Alpha       Thole     Group Atom Types

         402             0.837       0.390         401  404
         401             1.334       0.390         402  403
         403             0.496       0.390         401
         404             0.496       0.390         402

 Limited Memory BFGS Quasi-Newton Optimization :

 QN Iter     F Value      G RMS      F Move   X Move   Angle  FG Call  Comment

     0        1.7288    10.9880                                   1
     1        1.4789     9.1364      0.2499   0.0079    0.00      3    Success 
     2        1.3065     6.5289      0.1724   0.0047   38.94      4    Success 
     3        1.0918     3.6716      0.2147   0.0111   37.69      5    Success 
     4        1.0591     5.6518      0.0327   0.0097   39.30      6    Success 
     5        1.0162     2.2554      0.0428   0.0020   19.35      7    Success 
     6        0.9959     1.6323      0.0203   0.0021   22.48      8    Success 
     7        0.9695     1.7415      0.0265   0.0050   37.25      9    Success 
     8        0.9591     0.6957      0.0104   0.0043   63.05     10    Success 
     9        0.9583     0.1674      0.0008   0.0007   46.40     11    Success 
    10        0.9582     0.0522      0.0001   0.0002   46.74     12   SmallGrad

 LBFGS  --  Normal Termination due to SmallGrad

 Final Function Value :            0.9582
 Final RMS Gradient :              0.0522
 Final Gradient Norm :             0.1279
Sat Dec 21 15:41:21 2019 
Sat Dec 21 15:41:21 2019 =========================================================
Sat Dec 21 15:41:21 2019 QM Dipole moment

Sat Dec 21 15:41:21 2019  Calling: grep -A7 "Dipole moment" methanol-esp.log>QMDipole.txt
Sat Dec 21 15:42:10 2019 Running on host: bme-nova.bme.utexas.edu
Sat Dec 21 15:42:10 2019 NEED QM Density Matrix: Executing Gaussian Opt and SP
Sat Dec 21 15:42:10 2019  Calling: babel --title "methanol Gaussian Optimization on bme-nova.bme.utexas.edu" methanol.sdf methanol-tmp.com
1 molecule converted
15 audit log messages 
Sat Dec 21 15:42:10 2019  Calling: mkdir /scratch/bdw2292/Gau-methanol
mkdir: cannot create directory `/scratch/bdw2292/Gau-methanol': File exists
****************************************************************************************************
Rotatable bond found about (3, 2, 1, 6)
Sat Dec 21 15:42:10 2019  Calling: sed -e '/\(.* none$\|^#\|^fix\|^potential-offset\)/d' methanol.key_3 > methanol.key_3_tmp
Sat Dec 21 15:42:10 2019 
Sat Dec 21 15:42:10 2019 =========================================================
Sat Dec 21 15:42:10 2019 Electrostatic Potential Comparision

Sat Dec 21 15:42:10 2019 
Sat Dec 21 15:42:10 2019 =========================================================
Sat Dec 21 15:42:10 2019 Minimizing structure

Sat Dec 21 15:42:10 2019  Calling: cp methanol.xyz_2 ttt.xyz
Sat Dec 21 15:42:10 2019  Calling: cp methanol.key_5 ttt.key
Sat Dec 21 15:42:10 2019  Calling: minimize.x -k ttt.key ttt.xyz 0.1

     ######################################################################
   ##########################################################################
  ###                                                                      ###
 ###            Tinker  ---  Software Tools for Molecular Design            ###
 ##                                                                          ##
 ##                          Version 8.7  June 2019                          ##
 ##                                                                          ##
 ##               Copyright (c)  Jay William Ponder  1990-2019               ##
 ###                           All Rights Reserved                          ###
  ###                                                                      ###
   ##########################################################################
     ######################################################################


 Additional Atom Definition Parameters :

     Type  Class  Symbol  Description               Atomic    Mass   Valence

     402    402     O     methanol                     8     15.999     2
     401    401     C     methanol                     6     12.011     4
     403    403     H     methanol                     1      1.008     1
     404    404     H     methanol                     1      1.008     1

 Additional Bond Stretching Parameters :

     Atom Classes             K(S)         Length

       401 402             500.100         1.4245
       402 404             615.900         0.9701
       401 403             385.000         1.0970

 Additional Angle Bending Parameters :

     Atom Classes             K(B)          Angle

     403 401 403            40.570        108.533
     402 401 403            60.990        106.257
     401 402 404            64.960        107.328

 Additional Stretch-Bend Parameters :

     Atom Classes          K(SB)-1        K(SB)-2

     402 401 403            -4.500         38.000
     401 402 404            -4.500         38.000

 Additional Torsional Parameters :

     Atom Classes     1-Fold    2-Fold    3-Fold    4-Fold    5-Fold    6-Fold

   403 401 402 404   0.00   0  0.00 180  0.00   0  0.00   0  0.00   0  0.00   0

 Additional van der Waals Parameters :

     Atom Class               Size        Epsilon        Reduction

         402                3.4050         0.1100          0.000
         401                3.7600         0.1010          0.000
         403                2.8700         0.0240          0.910
         404                2.6550         0.0135          0.910

 Additional Atomic Multipole Parameters :

     Atom Type     Coordinate Frame Definition         Multipole Moments

         401      402    404      0   Z-then-X     0.14948
                                                  -0.07932  0.00000  0.42824
                                                  -0.39945
                                                   0.00000 -0.41718
                                                   0.03099  0.00000  0.81663

         402      401    404      0   Z-then-X    -0.43257
                                                   0.19658  0.00000  0.27808
                                                   0.13503
                                                   0.00000 -0.43843
                                                  -0.15929  0.00000  0.30340

         403      401    402      0   Z-then-X     0.02375
                                                   0.00073  0.00000 -0.10207
                                                   0.02679
                                                   0.00000  0.01450
                                                  -0.02766  0.00000 -0.04129

         404      402    401      0   Z-then-X     0.21184
                                                  -0.02957  0.00000 -0.09812
                                                   0.03539
                                                   0.00000 -0.09473
                                                  -0.02219  0.00000  0.05934

 Additional Atomic Dipole Polarizability Parameters :

     Atom Type           Alpha       Thole     Group Atom Types

         402             0.837       0.390         401  404
         401             1.334       0.390         402  403
         403             0.496       0.390         401
         404             0.496       0.390         402

 Limited Memory BFGS Quasi-Newton Optimization :

 QN Iter     F Value      G RMS      F Move   X Move   Angle  FG Call  Comment

     0        1.7288    10.9880                                   1
     1        1.4789     9.1364      0.2499   0.0079    0.00      3    Success 
     2        1.3065     6.5289      0.1724   0.0047   38.94      4    Success 
     3        1.0918     3.6716      0.2147   0.0111   37.69      5    Success 
     4        1.0591     5.6518      0.0327   0.0097   39.30      6    Success 
     5        1.0162     2.2554      0.0428   0.0020   19.35      7    Success 
     6        0.9959     1.6323      0.0203   0.0021   22.48      8    Success 
     7        0.9695     1.7415      0.0265   0.0050   37.25      9    Success 
     8        0.9591     0.6957      0.0104   0.0043   63.05     10    Success 
     9        0.9583     0.1674      0.0008   0.0007   46.40     11    Success 
    10        0.9582     0.0522      0.0001   0.0002   46.74     12   SmallGrad

 LBFGS  --  Normal Termination due to SmallGrad

 Final Function Value :            0.9582
 Final RMS Gradient :              0.0522
 Final Gradient Norm :             0.1279
Sat Dec 21 15:42:11 2019 
Sat Dec 21 15:42:11 2019 =========================================================
Sat Dec 21 15:42:11 2019 QM Dipole moment

Sat Dec 21 15:42:11 2019  Calling: grep -A7 "Dipole moment" methanol-esp.log>QMDipole.txt
Sat Dec 21 15:42:11 2019 
Sat Dec 21 15:42:11 2019 =========================================================
Sat Dec 21 15:42:11 2019 MM Dipole moment

Sat Dec 21 15:42:43 2019 Running on host: bme-nova.bme.utexas.edu
Sat Dec 21 15:42:43 2019 NEED QM Density Matrix: Executing Gaussian Opt and SP
Sat Dec 21 15:42:43 2019  Calling: babel --title "methanol Gaussian Optimization on bme-nova.bme.utexas.edu" methanol.sdf methanol-tmp.com
1 molecule converted
15 audit log messages 
Sat Dec 21 15:42:43 2019  Calling: mkdir /scratch/bdw2292/Gau-methanol
mkdir: cannot create directory `/scratch/bdw2292/Gau-methanol': File exists
****************************************************************************************************
Rotatable bond found about (3, 2, 1, 6)
Sat Dec 21 15:42:43 2019  Calling: sed -e '/\(.* none$\|^#\|^fix\|^potential-offset\)/d' methanol.key_3 > methanol.key_3_tmp
Sat Dec 21 15:42:43 2019 
Sat Dec 21 15:42:43 2019 =========================================================
Sat Dec 21 15:42:43 2019 Electrostatic Potential Comparision

Sat Dec 21 15:42:43 2019 
Sat Dec 21 15:42:43 2019 =========================================================
Sat Dec 21 15:42:43 2019 Minimizing structure

Sat Dec 21 15:42:43 2019  Calling: cp methanol.xyz_2 ttt.xyz
Sat Dec 21 15:42:43 2019  Calling: cp methanol.key_5 ttt.key
Sat Dec 21 15:42:43 2019  Calling: minimize.x -k ttt.key ttt.xyz 0.1

     ######################################################################
   ##########################################################################
  ###                                                                      ###
 ###            Tinker  ---  Software Tools for Molecular Design            ###
 ##                                                                          ##
 ##                          Version 8.7  June 2019                          ##
 ##                                                                          ##
 ##               Copyright (c)  Jay William Ponder  1990-2019               ##
 ###                           All Rights Reserved                          ###
  ###                                                                      ###
   ##########################################################################
     ######################################################################


 Additional Atom Definition Parameters :

     Type  Class  Symbol  Description               Atomic    Mass   Valence

     402    402     O     methanol                     8     15.999     2
     401    401     C     methanol                     6     12.011     4
     403    403     H     methanol                     1      1.008     1
     404    404     H     methanol                     1      1.008     1

 Additional Bond Stretching Parameters :

     Atom Classes             K(S)         Length

       401 402             500.100         1.4245
       402 404             615.900         0.9701
       401 403             385.000         1.0970

 Additional Angle Bending Parameters :

     Atom Classes             K(B)          Angle

     403 401 403            40.570        108.533
     402 401 403            60.990        106.257
     401 402 404            64.960        107.328

 Additional Stretch-Bend Parameters :

     Atom Classes          K(SB)-1        K(SB)-2

     402 401 403            -4.500         38.000
     401 402 404            -4.500         38.000

 Additional Torsional Parameters :

     Atom Classes     1-Fold    2-Fold    3-Fold    4-Fold    5-Fold    6-Fold

   403 401 402 404   0.00   0  0.00 180  0.00   0  0.00   0  0.00   0  0.00   0

 Additional van der Waals Parameters :

     Atom Class               Size        Epsilon        Reduction

         402                3.4050         0.1100          0.000
         401                3.7600         0.1010          0.000
         403                2.8700         0.0240          0.910
         404                2.6550         0.0135          0.910

 Additional Atomic Multipole Parameters :

     Atom Type     Coordinate Frame Definition         Multipole Moments

         401      402    404      0   Z-then-X     0.14948
                                                  -0.07932  0.00000  0.42824
                                                  -0.39945
                                                   0.00000 -0.41718
                                                   0.03099  0.00000  0.81663

         402      401    404      0   Z-then-X    -0.43257
                                                   0.19658  0.00000  0.27808
                                                   0.13503
                                                   0.00000 -0.43843
                                                  -0.15929  0.00000  0.30340

         403      401    402      0   Z-then-X     0.02375
                                                   0.00073  0.00000 -0.10207
                                                   0.02679
                                                   0.00000  0.01450
                                                  -0.02766  0.00000 -0.04129

         404      402    401      0   Z-then-X     0.21184
                                                  -0.02957  0.00000 -0.09812
                                                   0.03539
                                                   0.00000 -0.09473
                                                  -0.02219  0.00000  0.05934

 Additional Atomic Dipole Polarizability Parameters :

     Atom Type           Alpha       Thole     Group Atom Types

         402             0.837       0.390         401  404
         401             1.334       0.390         402  403
         403             0.496       0.390         401
         404             0.496       0.390         402

 Limited Memory BFGS Quasi-Newton Optimization :

 QN Iter     F Value      G RMS      F Move   X Move   Angle  FG Call  Comment

     0        1.7288    10.9880                                   1
     1        1.4789     9.1364      0.2499   0.0079    0.00      3    Success 
     2        1.3065     6.5289      0.1724   0.0047   38.94      4    Success 
     3        1.0918     3.6716      0.2147   0.0111   37.69      5    Success 
     4        1.0591     5.6518      0.0327   0.0097   39.30      6    Success 
     5        1.0162     2.2554      0.0428   0.0020   19.35      7    Success 
     6        0.9959     1.6323      0.0203   0.0021   22.48      8    Success 
     7        0.9695     1.7415      0.0265   0.0050   37.25      9    Success 
     8        0.9591     0.6957      0.0104   0.0043   63.05     10    Success 
     9        0.9583     0.1674      0.0008   0.0007   46.40     11    Success 
    10        0.9582     0.0522      0.0001   0.0002   46.74     12   SmallGrad

 LBFGS  --  Normal Termination due to SmallGrad

 Final Function Value :            0.9582
 Final RMS Gradient :              0.0522
 Final Gradient Norm :             0.1279
Sat Dec 21 15:42:44 2019 
Sat Dec 21 15:42:44 2019 =========================================================
Sat Dec 21 15:42:44 2019 QM Dipole moment

Sat Dec 21 15:42:44 2019  Calling: grep -A7 "Dipole moment" methanol-esp.log>QMDipole.txt
Sat Dec 21 15:42:44 2019 
Sat Dec 21 15:42:44 2019 =========================================================
Sat Dec 21 15:42:44 2019 MM Dipole moment

Sat Dec 21 15:42:44 2019  Calling: analyze.x methanol.xyz_2 em | grep -A11 Charge>MMDipole.txt
Sat Dec 21 15:43:26 2019 Running on host: bme-nova.bme.utexas.edu
Sat Dec 21 15:43:26 2019 NEED QM Density Matrix: Executing Gaussian Opt and SP
Sat Dec 21 15:43:26 2019  Calling: babel --title "methanol Gaussian Optimization on bme-nova.bme.utexas.edu" methanol.sdf methanol-tmp.com
1 molecule converted
15 audit log messages 
Sat Dec 21 15:43:26 2019  Calling: mkdir /scratch/bdw2292/Gau-methanol
mkdir: cannot create directory `/scratch/bdw2292/Gau-methanol': File exists
****************************************************************************************************
Rotatable bond found about (3, 2, 1, 6)
Sat Dec 21 15:43:26 2019  Calling: sed -e '/\(.* none$\|^#\|^fix\|^potential-offset\)/d' methanol.key_3 > methanol.key_3_tmp
Sat Dec 21 15:43:26 2019 
Sat Dec 21 15:43:26 2019 =========================================================
Sat Dec 21 15:43:26 2019 Electrostatic Potential Comparision

Sat Dec 21 15:43:26 2019 
Sat Dec 21 15:43:26 2019 =========================================================
Sat Dec 21 15:43:26 2019 Minimizing structure

Sat Dec 21 15:43:26 2019  Calling: cp methanol.xyz_2 ttt.xyz
Sat Dec 21 15:43:26 2019  Calling: cp methanol.key_5 ttt.key
Sat Dec 21 15:43:26 2019  Calling: minimize.x -k ttt.key ttt.xyz 0.1

     ######################################################################
   ##########################################################################
  ###                                                                      ###
 ###            Tinker  ---  Software Tools for Molecular Design            ###
 ##                                                                          ##
 ##                          Version 8.7  June 2019                          ##
 ##                                                                          ##
 ##               Copyright (c)  Jay William Ponder  1990-2019               ##
 ###                           All Rights Reserved                          ###
  ###                                                                      ###
   ##########################################################################
     ######################################################################


 Additional Atom Definition Parameters :

     Type  Class  Symbol  Description               Atomic    Mass   Valence

     402    402     O     methanol                     8     15.999     2
     401    401     C     methanol                     6     12.011     4
     403    403     H     methanol                     1      1.008     1
     404    404     H     methanol                     1      1.008     1

 Additional Bond Stretching Parameters :

     Atom Classes             K(S)         Length

       401 402             500.100         1.4245
       402 404             615.900         0.9701
       401 403             385.000         1.0970

 Additional Angle Bending Parameters :

     Atom Classes             K(B)          Angle

     403 401 403            40.570        108.533
     402 401 403            60.990        106.257
     401 402 404            64.960        107.328

 Additional Stretch-Bend Parameters :

     Atom Classes          K(SB)-1        K(SB)-2

     402 401 403            -4.500         38.000
     401 402 404            -4.500         38.000

 Additional Torsional Parameters :

     Atom Classes     1-Fold    2-Fold    3-Fold    4-Fold    5-Fold    6-Fold

   403 401 402 404   0.00   0  0.00 180  0.00   0  0.00   0  0.00   0  0.00   0

 Additional van der Waals Parameters :

     Atom Class               Size        Epsilon        Reduction

         402                3.4050         0.1100          0.000
         401                3.7600         0.1010          0.000
         403                2.8700         0.0240          0.910
         404                2.6550         0.0135          0.910

 Additional Atomic Multipole Parameters :

     Atom Type     Coordinate Frame Definition         Multipole Moments

         401      402    404      0   Z-then-X     0.14948
                                                  -0.07932  0.00000  0.42824
                                                  -0.39945
                                                   0.00000 -0.41718
                                                   0.03099  0.00000  0.81663

         402      401    404      0   Z-then-X    -0.43257
                                                   0.19658  0.00000  0.27808
                                                   0.13503
                                                   0.00000 -0.43843
                                                  -0.15929  0.00000  0.30340

         403      401    402      0   Z-then-X     0.02375
                                                   0.00073  0.00000 -0.10207
                                                   0.02679
                                                   0.00000  0.01450
                                                  -0.02766  0.00000 -0.04129

         404      402    401      0   Z-then-X     0.21184
                                                  -0.02957  0.00000 -0.09812
                                                   0.03539
                                                   0.00000 -0.09473
                                                  -0.02219  0.00000  0.05934

 Additional Atomic Dipole Polarizability Parameters :

     Atom Type           Alpha       Thole     Group Atom Types

         402             0.837       0.390         401  404
         401             1.334       0.390         402  403
         403             0.496       0.390         401
         404             0.496       0.390         402

 Limited Memory BFGS Quasi-Newton Optimization :

 QN Iter     F Value      G RMS      F Move   X Move   Angle  FG Call  Comment

     0        1.7288    10.9880                                   1
     1        1.4789     9.1364      0.2499   0.0079    0.00      3    Success 
     2        1.3065     6.5289      0.1724   0.0047   38.94      4    Success 
     3        1.0918     3.6716      0.2147   0.0111   37.69      5    Success 
     4        1.0591     5.6518      0.0327   0.0097   39.30      6    Success 
     5        1.0162     2.2554      0.0428   0.0020   19.35      7    Success 
     6        0.9959     1.6323      0.0203   0.0021   22.48      8    Success 
     7        0.9695     1.7415      0.0265   0.0050   37.25      9    Success 
     8        0.9591     0.6957      0.0104   0.0043   63.05     10    Success 
     9        0.9583     0.1674      0.0008   0.0007   46.40     11    Success 
    10        0.9582     0.0522      0.0001   0.0002   46.74     12   SmallGrad

 LBFGS  --  Normal Termination due to SmallGrad

 Final Function Value :            0.9582
 Final RMS Gradient :              0.0522
 Final Gradient Norm :             0.1279
Sat Dec 21 15:43:27 2019 
Sat Dec 21 15:43:27 2019 =========================================================
Sat Dec 21 15:43:27 2019 QM Dipole moment

Sat Dec 21 15:43:27 2019  Calling: grep -A7 "Dipole moment" methanol-esp.log>QMDipole.txt
Sat Dec 21 15:43:27 2019 
Sat Dec 21 15:43:27 2019 =========================================================
Sat Dec 21 15:43:27 2019 MM Dipole moment

Sat Dec 21 15:43:27 2019  Calling: analyze.x methanol.xyz_2 em | grep -A11 Charge>MMDipole.txt
Sat Dec 21 15:43:28 2019 Poltype Job Finished

