Poltype -- Polarizable atom typer of small molecules for the AMOEBA polarizable force field



Please cite:

Wu, J.C.; Chattree, G.; Ren, P.Y.; Automation of AMOEBA polarizable force field 

parameterization for small molecules. Theor Chem Acc. 



Version 2.3.0 December 2019



Copyright (c)  Johnny Wu, Gaurav Chattree, Brandon Walker, Matthew Harger and Pengyu Ren 2019



All Rights Reserved

##############################################################################################################



I AM HERE NOW
now here
about to minimize
I AM HERE NOW
now here
about to minimize
I AM HERE NOW
now here
about to minimize
I AM HERE NOW
now here
about to minimize
I AM HERE NOW
now here
about to minimize
I AM HERE NOW
now here
about to minimize
I AM HERE NOW
now here
about to minimize
I AM HERE NOW
now here
about to minimize
I AM HERE NOW
now here
about to minimize
I AM HERE NOW
now here
about to minimize
I AM HERE NOW
now here
about to minimize
I AM HERE NOW
now here
about to minimize
I AM HERE NOW
now here
about to minimize
I AM HERE NOW
now here
about to minimize
I AM HERE NOW
now here
about to minimize
I AM HERE NOW
now here
about to minimize
I AM HERE NOW
now here
about to minimize
I AM HERE NOW
now here
about to minimize
I AM HERE NOW
now here
about to minimize
I AM HERE NOW
now here
about to minimize
I AM HERE NOW
now here
about to minimize
I AM HERE NOW
now here
about to minimize
I AM HERE NOW
now here
about to minimize
Optimization terminated successfully.
         Current function value: 0.039307
         Iterations: 16
         Function evaluations: 32
Optimization terminated successfully.
         Current function value: 0.028637
         Iterations: 16
         Function evaluations: 32
{1: 0.8038358038903658, 2: -0.8038358031643918, 3: 0.23200845659763314}
I AM HERE NOW
now here
about to minimize
I AM HERE NOW
now here
about to minimize
I AM HERE NOW
now here
about to minimize
I AM HERE NOW
now here
about to minimize
I AM HERE NOW
now here
about to minimize
I AM HERE NOW
now here
about to minimize
I AM HERE NOW
now here
about to minimize
I AM HERE NOW
now here
about to minimize
I AM HERE NOW
now here
about to minimize
I AM HERE NOW
now here
about to minimize
I AM HERE NOW
now here
about to minimize
I AM HERE NOW
now here
about to minimize
qm_energylist out here  [-72441.15947800664, -72441.68476622165, -72442.16031381053, -72441.68474980598, -72441.15947800664, -72441.55010710689, -72441.98285712342, -72441.55215202228, None, -72441.55217445575, -72441.98285712342, -72441.5500983343]
qm_energy after first delete  [-72441.15947800664, -72441.68476622165, -72442.16031381053, -72441.68474980598, -72441.15947800664, -72441.55010710689, -72441.98285712342, -72441.55215202228, -72441.55217445575, -72441.98285712342, -72441.5500983343]
mm2 energy list [1.8746, 1.3988, 0.9436, 1.3988, 1.8746, 1.4553, 1.014, 1.447, 1.447, 1.014, 1.4553]
second deleteion  [-72441.15947800664, -72441.68476622165, -72442.16031381053, -72441.68474980598, -72441.15947800664, -72441.55010710689, -72441.98285712342, -72441.55215202228, -72441.55217445575, -72441.98285712342, -72441.5500983343]
unnormed qm_energy  [-72441.15947800664, -72441.68476622165, -72442.16031381053, -72441.68474980598, -72441.15947800664, -72441.55010710689, -72441.98285712342, -72441.55215202228, -72441.55217445575, -72441.98285712342, -72441.5500983343]
energy list  [1.000835803890368, 0.47554758888145443, 0.0, 0.4755640045477776, 1.000835803890368, 0.6102067036408698, 0.17745668710267637, 0.6081617882446153, 0.6081393547792686, 0.17745668710267637, 0.6102154762338614]
Optimization terminated successfully.
         Current function value: 0.058667
         Iterations: 15
         Function evaluations: 30
Optimization terminated successfully.
         Current function value: 0.038764
         Iterations: 15
         Function evaluations: 30
Poltype -- Polarizable atom typer of small molecules for the AMOEBA polarizable force field



Please cite:

Wu, J.C.; Chattree, G.; Ren, P.Y.; Automation of AMOEBA polarizable force field 

parameterization for small molecules. Theor Chem Acc. 



Version 2.3.0 December 2019



Copyright (c)  Johnny Wu, Gaurav Chattree, Brandon Walker, Matthew Harger and Pengyu Ren 2019



All Rights Reserved

##############################################################################################################



Traceback (most recent call last):
  File "/home/bdw2292/poltype/poltype.py", line 736, in <module>
    params=poltype.main()
  File "/home/bdw2292/poltype/poltype.py", line 580, in main
    params= self.GenerateParameters(self.mol)
  File "/home/bdw2292/poltype/poltype.py", line 730, in GenerateParameters
    esp.CheckDipoleMoments(self)
  File "/home/bdw2292/poltype/PoltypeModules/electrostaticpotential.py", line 362, in CheckDipoleMoments
    self.WriteToLog("")
NameError: name 'self' is not defined
Poltype -- Polarizable atom typer of small molecules for the AMOEBA polarizable force field



Please cite:

Wu, J.C.; Chattree, G.; Ren, P.Y.; Automation of AMOEBA polarizable force field 

parameterization for small molecules. Theor Chem Acc. 



Version 2.3.0 December 2019



Copyright (c)  Johnny Wu, Gaurav Chattree, Brandon Walker, Matthew Harger and Pengyu Ren 2019



All Rights Reserved

##############################################################################################################



Traceback (most recent call last):
  File "/home/bdw2292/poltype/poltype.py", line 736, in <module>
    params=poltype.main()
  File "/home/bdw2292/poltype/poltype.py", line 580, in main
    params= self.GenerateParameters(self.mol)
  File "/home/bdw2292/poltype/poltype.py", line 730, in GenerateParameters
    esp.CheckDipoleMoments(self)
  File "/home/bdw2292/poltype/PoltypeModules/electrostaticpotential.py", line 365, in CheckDipoleMoments
    cmd=self.analyzeexe + ' ' +  self.xyzoutfile + ' em | grep -A11 Charge'+'>'+'MMDipole.txt'
NameError: name 'self' is not defined
Poltype -- Polarizable atom typer of small molecules for the AMOEBA polarizable force field



Please cite:

Wu, J.C.; Chattree, G.; Ren, P.Y.; Automation of AMOEBA polarizable force field 

parameterization for small molecules. Theor Chem Acc. 



Version 2.3.0 December 2019



Copyright (c)  Johnny Wu, Gaurav Chattree, Brandon Walker, Matthew Harger and Pengyu Ren 2019



All Rights Reserved

##############################################################################################################



Traceback (most recent call last):
  File "/home/bdw2292/poltype/poltype.py", line 736, in <module>
    params=poltype.main()
  File "/home/bdw2292/poltype/poltype.py", line 580, in main
    params= self.GenerateParameters(self.mol)
  File "/home/bdw2292/poltype/poltype.py", line 730, in GenerateParameters
    esp.CheckDipoleMoments(self)
  File "/home/bdw2292/poltype/PoltypeModules/electrostaticpotential.py", line 373, in CheckDipoleMoments
    mmdipole=float(linesplit[-1])
ValueError: could not convert string to float: 'Debye'
Poltype -- Polarizable atom typer of small molecules for the AMOEBA polarizable force field



Please cite:

Wu, J.C.; Chattree, G.; Ren, P.Y.; Automation of AMOEBA polarizable force field 

parameterization for small molecules. Theor Chem Acc. 



Version 2.3.0 December 2019



Copyright (c)  Johnny Wu, Gaurav Chattree, Brandon Walker, Matthew Harger and Pengyu Ren 2019



All Rights Reserved

##############################################################################################################



