
     ######################################################################
   ##########################################################################
  ###                                                                      ###
 ###            Tinker  ---  Software Tools for Molecular Design            ###
 ##                                                                          ##
 ##                          Version 8.7  June 2019                          ##
 ##                                                                          ##
 ##               Copyright (c)  Jay William Ponder  1990-2019               ##
 ###                           All Rights Reserved                          ###
  ###                                                                      ###
   ##########################################################################
     ######################################################################


 Additional Atom Definition Parameters :

     Type  Class  Symbol  Description               Atomic    Mass   Valence

     401    401     O     methanol                     8     15.999     2
     402    402     C     methanol                     6     12.011     4
     405    405     H     methanol                     1      1.008     1
     406    406     H     methanol                     1      1.008     1

 Additional Bond Stretching Parameters :

     Atom Classes             K(S)         Length

       401 406             615.900         0.9700
       401 402             500.100         1.4232
       402 405             385.000         1.0967

 Additional Angle Bending Parameters :

     Atom Classes             K(B)          Angle

     405 402 405            40.570        108.504
     401 402 405            60.990        106.267
     402 401 406            64.960        107.391

 Additional Stretch-Bend Parameters :

     Atom Classes          K(SB)-1        K(SB)-2

     401 402 405            -4.500         38.000
     402 401 406            -4.500         38.000

 Additional Torsional Parameters :

     Atom Classes     1-Fold    2-Fold    3-Fold    4-Fold    5-Fold    6-Fold

   406 401 402 405   0.00   0  0.00 180  0.27   0  0.00   0  0.00   0  0.00   0
   405 401 402 405   0.00   0  0.00 180  0.27   0  0.00   0  0.00   0  0.00   0
   406 401 402 402   0.00   0  0.00 180  0.27   0  0.00   0  0.00   0  0.00   0

 Additional van der Waals Parameters :

     Atom Class               Size        Epsilon        Reduction

         401                3.4050         0.1100          0.000
         402                3.7600         0.1010          0.000
         405                2.8700         0.0240          0.910
         406                2.6550         0.0135          0.910

 Additional Atomic Multipole Parameters :

     Atom Type     Coordinate Frame Definition         Multipole Moments

         401      406    402      0   Z-then-X    -0.44310
                                                   0.30870  0.00000  0.12837
                                                   0.23658
                                                   0.00000 -0.68103
                                                  -0.29385  0.00000  0.44445

         402      401    406      0   Z-then-X     0.20115
                                                  -0.06764  0.00000  0.42872
                                                  -0.40749
                                                   0.00000 -0.40203
                                                   0.02870  0.00000  0.80952

         405      402    401      0   Z-then-X     0.01250
                                                  -0.00457  0.00000 -0.10640
                                                   0.01624
                                                   0.00000  0.01122
                                                  -0.02907  0.00000 -0.02746

         406      401    402      0   Z-then-X     0.20445
                                                  -0.02542  0.00000 -0.10676
                                                   0.02834
                                                   0.00000 -0.10074
                                                  -0.02968  0.00000  0.07240

 Additional Atomic Dipole Polarizability Parameters :

     Atom Type           Alpha       Thole     Group Atom Types

         401             0.837       0.390         402  406
         402             1.334       0.390         401  405
         405             0.496       0.390         402
         406             0.496       0.390         401

 Limited Memory BFGS Quasi-Newton Optimization :

 QN Iter     F Value      G RMS      F Move   X Move   Angle  FG Call  Comment

     0        1.3557    11.0495                                   1
     1        1.1032     9.2007      0.2524   0.0079    0.00      3    Success 
     2        0.9287     6.5859      0.1745   0.0047   38.96      4    Success 
     3        0.7100     3.7025      0.2188   0.0112   37.70      5    Success 
     4        0.6750     5.7216      0.0349   0.0100   39.16      6    Success 
     5        0.6303     2.2290      0.0447   0.0021   18.33      7    Success 
     6        0.6097     1.6610      0.0206   0.0021   22.79      8    Success 
     7        0.5820     1.6849      0.0277   0.0052   37.67      9    Success 
     8        0.5725     0.6844      0.0095   0.0043   62.60     10    Success 
     9        0.5716     0.1255      0.0009   0.0007   37.54     11    Success 
    10        0.5715     0.0407      0.0001   0.0002   50.44     12   SmallGrad

 LBFGS  --  Normal Termination due to SmallGrad

 Final Function Value :            0.5715
 Final RMS Gradient :              0.0407
 Final Gradient Norm :             0.0997
