Poltype -- Polarizable atom typer of small molecules for the AMOEBA polarizable force field



Please cite:

Wu, J.C.; Chattree, G.; Ren, P.Y.; Automation of AMOEBA polarizable force field 

parameterization for small molecules. Theor Chem Acc. 



Version 2.2.6 February 2020



Copyright (c)  Johnny Wu, Gaurav Chattree, Brandon Walker, Matthew Harger and Pengyu Ren 2019



All Rights Reserved

##############################################################################################################



idxtosymclass  {1: 401, 2: 412, 3: 412, 4: 412, 8: 413, 6: 413, 7: 413, 9: 416, 10: 416, 11: 416, 12: 416, 13: 416, 14: 416, 15: 416, 16: 416, 17: 416, 5: 417}
atomidx  1
highestsymneighbnorepeatidx 5
val  4 highestsymneighbnorepeatval 1
uniqueneighbtypesofhighestsymneighbnorepeat [401]
uniqueneighbtypes [417, 412]
H on bottom ring of Aniline or C connected to that H
atomidx  2
highestsymneighbnorepeatidx 6
val  2 highestsymneighbnorepeatval 4
uniqueneighbtypesofhighestsymneighbnorepeat [416, 412]
uniqueneighbtypes [401, 413]
z-then-x
atomidx  3
highestsymneighbnorepeatidx 7
val  2 highestsymneighbnorepeatval 4
uniqueneighbtypesofhighestsymneighbnorepeat [416, 412]
uniqueneighbtypes [401, 413]
z-then-x
atomidx  4
highestsymneighbnorepeatidx 8
val  2 highestsymneighbnorepeatval 4
uniqueneighbtypesofhighestsymneighbnorepeat [416, 412]
uniqueneighbtypes [401, 413]
z-then-x
atomidx  5
highestsymneighbnorepeatidx 1
val  1 highestsymneighbnorepeatval 4
uniqueneighbtypesofhighestsymneighbnorepeat [417, 412]
uniqueneighbtypes [401]
H on bottom ring of Aniline or C connected to that H
atomidx  6
highestsymneighbnorepeatidx 2
val  4 highestsymneighbnorepeatval 2
uniqueneighbtypesofhighestsymneighbnorepeat [401, 413]
uniqueneighbtypes [416, 412]
z-then-x
atomidx  7
highestsymneighbnorepeatidx 3
val  4 highestsymneighbnorepeatval 2
uniqueneighbtypesofhighestsymneighbnorepeat [401, 413]
uniqueneighbtypes [416, 412]
z-then-x
atomidx  8
highestsymneighbnorepeatidx 4
val  4 highestsymneighbnorepeatval 2
uniqueneighbtypesofhighestsymneighbnorepeat [401, 413]
uniqueneighbtypes [416, 412]
z-then-x
atomidx  9
highestsymneighbnorepeatidx 6
val  1 highestsymneighbnorepeatval 4
uniqueneighbtypesofhighestsymneighbnorepeat [416, 412]
uniqueneighbtypes [413]
z-then-x
atomidx  10
highestsymneighbnorepeatidx 6
val  1 highestsymneighbnorepeatval 4
uniqueneighbtypesofhighestsymneighbnorepeat [416, 412]
uniqueneighbtypes [413]
z-then-x
atomidx  11
highestsymneighbnorepeatidx 6
val  1 highestsymneighbnorepeatval 4
uniqueneighbtypesofhighestsymneighbnorepeat [416, 412]
uniqueneighbtypes [413]
z-then-x
atomidx  12
highestsymneighbnorepeatidx 7
val  1 highestsymneighbnorepeatval 4
uniqueneighbtypesofhighestsymneighbnorepeat [416, 412]
uniqueneighbtypes [413]
z-then-x
atomidx  13
highestsymneighbnorepeatidx 7
val  1 highestsymneighbnorepeatval 4
uniqueneighbtypesofhighestsymneighbnorepeat [416, 412]
uniqueneighbtypes [413]
z-then-x
atomidx  14
highestsymneighbnorepeatidx 7
val  1 highestsymneighbnorepeatval 4
uniqueneighbtypesofhighestsymneighbnorepeat [416, 412]
uniqueneighbtypes [413]
z-then-x
atomidx  15
highestsymneighbnorepeatidx 8
val  1 highestsymneighbnorepeatval 4
uniqueneighbtypesofhighestsymneighbnorepeat [416, 412]
uniqueneighbtypes [413]
z-then-x
atomidx  16
highestsymneighbnorepeatidx 8
val  1 highestsymneighbnorepeatval 4
uniqueneighbtypesofhighestsymneighbnorepeat [416, 412]
uniqueneighbtypes [413]
z-then-x
atomidx  17
highestsymneighbnorepeatidx 8
val  1 highestsymneighbnorepeatval 4
uniqueneighbtypesofhighestsymneighbnorepeat [416, 412]
uniqueneighbtypes [413]
z-then-x
no bisector and no trisector 1
no bisector and no trisector 2
no bisector and no trisector 3
no bisector and no trisector 4
no bisector and no trisector 5
no bisector and no trisector 6
no bisector and no trisector 7
no bisector and no trisector 8
no bisector and no trisector 9
no bisector and no trisector 10
no bisector and no trisector 11
no bisector and no trisector 12
no bisector and no trisector 13
no bisector and no trisector 14
no bisector and no trisector 15
no bisector and no trisector 16
no bisector and no trisector 17
