
     ######################################################################
   ##########################################################################
  ###                                                                      ###
 ###            Tinker  ---  Software Tools for Molecular Design            ###
 ##                                                                          ##
 ##                          Version 8.7  June 2019                          ##
 ##                                                                          ##
 ##               Copyright (c)  Jay William Ponder  1990-2019               ##
 ###                           All Rights Reserved                          ###
  ###                                                                      ###
   ##########################################################################
     ######################################################################


 Additional Atom Definition Parameters :

     Type  Class  Symbol  Description               Atomic    Mass   Valence

     401    401     N     aniline                      7     14.007     3
     402    402     C     aniline                      6     12.011     3
     407    407     C     aniline                      6     12.011     3
     406    406     C     aniline                      6     12.011     3
     405    405     C     aniline                      6     12.011     3
     412    412     H     aniline                      1      1.008     1
     411    411     H     aniline                      1      1.008     1
     410    410     H     aniline                      1      1.008     1
     414    414     H     aniline                      1      1.008     1

 Additional Bond Stretching Parameters :

     Atom Classes             K(S)         Length

       401 414             520.000         1.0151
       401 402             250.000         1.4048
       402 407             610.900         1.4008
       406 407             610.900         1.3925
       407 412             370.500         1.0885
       405 406             610.900         1.3947
       406 411             370.500         1.0873
       405 410             370.500         1.0862

 Additional Angle Bending Parameters :

     Atom Classes             K(B)          Angle

     414 401 414            35.000        109.836
     402 401 414            35.000        113.175

 Additional In-Plane Angle Bending Parameters :

     Atom Classes             K(B)          Angle

     402 407 406            64.670        120.448
     405 406 407            64.670        120.573
     407 402 407            64.670        118.818
     401 402 407            60.000        120.510
     406 405 406            64.670        119.128
     406 407 412            32.000        120.075
     402 407 412            32.000        119.475
     405 406 411            32.000        120.105
     407 406 411            32.000        119.322
     406 405 410            32.000        120.436

 Additional Stretch-Bend Parameters :

     Atom Classes          K(SB)-1        K(SB)-2

     402 407 406            18.700         18.700
     405 406 407            18.700         18.700
     407 402 407            18.700         18.700
     401 402 407            18.700         18.700
     406 405 406            18.700         18.700
     406 407 412            11.500         18.700
     402 407 412            11.500         18.700
     405 406 411            11.500         18.700
     407 406 411            11.500         18.700
     406 405 410            11.500         18.700
     402 401 414             4.300          7.200
     414 401 414             4.300          7.200

 Additional Out-of-Plane Bend Parameters :

     Atom Classes                   K(OPB)

     401 402   0   0                14.400
     402 407   0   0                14.388
     405 406   0   0                14.388
     406 405   0   0                14.388
     406 407   0   0                14.388
     407 402   0   0                14.388
     407 406   0   0                14.388
     410 405   0   0                15.107
     411 406   0   0                15.107
     412 407   0   0                15.107

 Additional Torsional Parameters :

     Atom Classes     1-Fold    2-Fold    3-Fold    4-Fold    5-Fold    6-Fold

   401 402 407 406   0.00   0 14.00 180  0.00   0  0.00   0  0.00   0  0.00   0
   401 402 407 412   0.00   0 14.00 180  0.00   0  0.00   0  0.00   0  0.00   0
   405 406 407 402  -0.67   0  4.00 180  0.00   0  0.00   0  0.00   0  0.00   0
   411 406 407 402   0.55   0  4.53 180 -0.55   0  0.00   0  0.00   0  0.00   0
   410 405 406 407   0.55   0  4.53 180 -0.55   0  0.00   0  0.00   0  0.00   0
   406 405 406 407  -0.67   0  4.00 180  0.00   0  0.00   0  0.00   0  0.00   0
   407 402 407 406  -0.67   0  4.00 180  0.00   0  0.00   0  0.00   0  0.00   0
   407 402 407 412   0.55   0  4.53 180 -0.55   0  0.00   0  0.00   0  0.00   0
   414 401 402 407   0.00   0 -0.92 180  0.00   0  0.00   0  0.00   0  0.00   0
   406 405 406 411   0.55   0  4.53 180 -0.55   0  0.00   0  0.00   0  0.00   0
   405 406 407 412   0.55   0  4.53 180 -0.55   0  0.00   0  0.00   0  0.00   0
   411 406 407 412   0.00   0  4.07 180  0.00   0  0.00   0  0.00   0  0.00   0
   410 405 406 411   0.00   0  4.07 180  0.00   0  0.00   0  0.00   0  0.00   0

 Additional van der Waals Parameters :

     Atom Class               Size        Epsilon        Reduction

         401                3.7100         0.1050          0.000
         402                3.8000         0.0910          0.000
         407                3.8000         0.0910          0.000
         406                3.8000         0.0910          0.000
         405                3.8000         0.0910          0.000
         412                2.9800         0.0260          0.920
         411                2.9800         0.0260          0.920
         410                2.9800         0.0260          0.920
         414                2.7000         0.0200          0.910

 Additional Atomic Multipole Parameters :

     Atom Type     Coordinate Frame Definition         Multipole Moments

         401      402      0      0   Z-Only      -0.30701
                                                   0.00000  0.00000  0.02924
                                                  -0.25124
                                                   0.00000 -0.25124
                                                   0.00000  0.00000  0.50248

         402      401      0      0   Z-Only       0.26119
                                                   0.00000  0.00000  0.46622
                                                  -0.14773
                                                   0.00000 -0.14773
                                                   0.00000  0.00000  0.29546

         407      412    406      0   Z-then-X    -0.04623
                                                  -0.05479  0.00000  0.03041
                                                   0.17495
                                                   0.00000 -0.35070
                                                   0.11779  0.00000  0.17575

         406      411    405      0   Z-then-X     0.04469
                                                  -0.05391  0.00000  0.00779
                                                  -0.08334
                                                   0.00000 -0.14052
                                                   0.05304  0.00000  0.22386

         405      410      0      0   Z-Only      -0.05464
                                                   0.00000  0.00000 -0.02387
                                                  -0.07872
                                                   0.00000 -0.07872
                                                   0.00000  0.00000  0.15744

         412      407    406      0   Z-then-X    -0.00883
                                                   0.02517  0.00000 -0.17668
                                                   0.05114
                                                   0.00000  0.05042
                                                   0.02358  0.00000 -0.10156

         411      406    405      0   Z-then-X     0.00306
                                                   0.04857  0.00000 -0.20786
                                                   0.19954
                                                   0.00000 -0.00026
                                                   0.04303  0.00000 -0.19928

         410      405      0      0   Z-Only      -0.00404
                                                   0.00000  0.00000 -0.20693
                                                   0.04499
                                                   0.00000  0.04499
                                                   0.00000  0.00000 -0.08998

         414      401    414      0   Z-then-X     0.05956
                                                  -0.01557  0.00000 -0.47774
                                                   0.37620
                                                   0.00000  0.05311
                                                   0.02538  0.00000 -0.42931

 Additional Atomic Dipole Polarizability Parameters :

     Atom Type           Alpha       Thole     Group Atom Types

         401             1.073       0.390         402  414
         402             1.750       0.390         401  407
         407             1.750       0.390         402  406  412
         406             1.750       0.390         407  405  411
         405             1.750       0.390         406  410
         412             0.696       0.390         407
         411             0.696       0.390         406
         410             0.696       0.390         405
         414             0.496       0.390         401

 Limited Memory BFGS Quasi-Newton Optimization :

 QN Iter     F Value      G RMS      F Move   X Move   Angle  FG Call  Comment

     0        5.0815     6.7002                                   1
     1        4.8142     5.3963      0.2673   0.0057    0.00      3    Success 
     2        4.6421     3.6630      0.1722   0.0036   38.80      4    Success 
     3        4.4793     4.0551      0.1627   0.0083   36.20      5    Success 
     4        4.4401     4.1507      0.0393   0.0049   52.37      6    Success 
     5        4.3999     1.8555      0.0402   0.0014   44.08      7    Success 
     6        4.3710     1.2196      0.0288   0.0016   25.32      8    Success 
     7        4.3395     1.4345      0.0316   0.0035   38.84      9    Success 
     8        4.3162     1.0184      0.0233   0.0036   61.07     10    Success 
     9        4.3137     1.7255      0.0025   0.0039   63.61     11    Success 
    10        4.3092     1.3511      0.0045   0.0002   32.08     12    Success 
    11        4.3024     0.7075      0.0068   0.0006   38.89     13    Success 
    12        4.2973     0.4756      0.0051   0.0011   41.98     14    Success 
    13        4.2941     0.5975      0.0032   0.0011   57.48     15    Success 
    14        4.2891     0.7253      0.0050   0.0020   67.40     16    Success 
    15        4.2849     1.0334      0.0042   0.0033   72.98     17    Success 
    16        4.2811     0.4140      0.0038   0.0015   73.90     18    Success 
    17        4.2795     0.3664      0.0017   0.0007   55.01     19    Success 
    18        4.2773     0.4552      0.0022   0.0011   56.56     20    Success 
    19        4.2751     0.5340      0.0022   0.0015   69.46     21    Success 
    20        4.2736     0.5950      0.0015   0.0021   74.32     22    Success 
    21        4.2721     0.2717      0.0015   0.0003   40.87     23    Success 
    22        4.2711     0.3349      0.0010   0.0005   43.20     24    Success 
    23        4.2699     0.3747      0.0012   0.0009   69.31     25    Success 
    24        4.2685     0.2145      0.0014   0.0017   74.96     26    Success 
    25        4.2683     0.1760      0.0002   0.0003   67.48     28    Success 
    26        4.2682     0.0917      0.0002   0.0004   72.99     29   SmallGrad

 LBFGS  --  Normal Termination due to SmallGrad

 Final Function Value :            4.2682
 Final RMS Gradient :              0.0917
 Final Gradient Norm :             0.3432
