Sun Dec 29 12:23:26 2019 Running on host: node36.bme.utexas.edu
Sun Dec 29 12:23:26 2019 NEED QM Density Matrix: Executing Gaussian Opt and SP
Sun Dec 29 12:23:26 2019  Calling: babel --title "methanol Gaussian Optimization on node36.bme.utexas.edu" methanol.sdf methanol-tmp.com
1 molecule converted
15 audit log messages 
Sun Dec 29 12:23:26 2019  Calling: mkdir /scratch/bdw2292/Gau-methanol
mkdir: cannot create directory ‘/scratch/bdw2292/Gau-methanol’: File exists
Sun Dec 29 12:23:26 2019  Calling: GAUSS_SCRDIR=/scratch/bdw2292/Gau-methanol g09 methanol-opt.com
Sun Dec 29 12:23:52 2019  Calling: formchk methanol-opt.chk
Sun Dec 29 12:23:52 2019  Calling: babel --title "methanol Gaussian SP Calculation on node36.bme.utexas.edu" -i g03 methanol-opt.log methanol-tmp.com
 Read checkpoint file methanol-opt.chk
 Write formatted file methanol-opt.fchk
 Coordinates translated and rotated.
 Coordinates match /B/ after translation and rotation.
 Rotating derivatives, DoTrsp=T IDiff= 1 LEDeriv=    917 LFDPrp=       0 LDFDPr=       0.
Sun Dec 29 12:23:52 2019  Calling: GAUSS_SCRDIR=/scratch/bdw2292/Gau-methanol g09 methanol-dma.com
1 molecule converted
12 audit log messages 
Sun Dec 29 12:23:54 2019  Calling: formchk methanol-dma.chk
 Read checkpoint file methanol-dma.chk
 Write formatted file methanol-dma.fchk
 Initial coordinates match /B/.
 Rotating derivatives, DoTrsp=T IDiff= 1 LEDeriv=    917 LFDPrp=       0 LDFDPr=       0.
Sun Dec 29 12:23:54 2019 NEED DMA: Executing GDMA
Sun Dec 29 12:23:54 2019  Calling: /opt/gdma-2.2/bin/gdma < methanol.gdmain > methanol.gdmaout
Sun Dec 29 12:23:54 2019  Calling: poledit.x 1 methanol.gdmaout /home/bdw2292/poltype/amoebabio18_header.prm < methanol-peditin.txt

     ######################################################################
   ##########################################################################
  ###                                                                      ###
 ###            Tinker  ---  Software Tools for Molecular Design            ###
 ##                                                                          ##
 ##                          Version 8.7  June 2019                          ##
 ##                                                                          ##
 ##               Copyright (c)  Jay William Ponder  1990-2019               ##
 ###                           All Rights Reserved                          ###
  ###                                                                      ###
   ##########################################################################
     ######################################################################


 Global Frame Cartesian Multipole Moments :

 Site:       1         Name:   O         Atomic Number:       8

 Coordinates:            0.753279       0.123530       0.000000

 Charge:                 -0.43374
 Dipole:                 -0.17346       -0.24978        0.00000
 Quadrupole:              0.43659
                         -0.20381        0.17823
                          0.00000        0.00000       -0.61482

 Site:       2         Name:   C         Atomic Number:       6

 Coordinates:           -0.669155      -0.018939       0.000000

 Charge:                  0.14802
 Dipole:                  0.45574        0.01964        0.00000
 Quadrupole:              0.84982
                          0.09327       -0.47774
                          0.00000        0.00000       -0.37208

 Site:       3         Name:   H         Atomic Number:       1

 Coordinates:           -1.028050      -0.545736       0.891067

 Charge:                  0.00840
 Dipole:                 -0.05849       -0.06293        0.10465
 Quadrupole:             -0.00708
                         -0.00872       -0.00013
                          0.01407       -0.00009        0.00721

 Site:       4         Name:   H         Atomic Number:       1

 Coordinates:           -1.028048      -0.545754      -0.891057

 Charge:                  0.00840
 Dipole:                 -0.05849       -0.06293       -0.10465
 Quadrupole:             -0.00708
                         -0.00872       -0.00013
                         -0.01407        0.00009        0.00721

 Site:       5         Name:   H         Atomic Number:       1

 Coordinates:           -1.081967       0.990135      -0.000011

 Charge:                  0.05741
 Dipole:                 -0.05498        0.11172       -0.00000
 Quadrupole:             -0.00915
                          0.00421        0.01417
                          0.00000        0.00000       -0.00503

 Site:       6         Name:   H         Atomic Number:       1

 Coordinates:            1.126767      -0.773249       0.000000

 Charge:                  0.21152
 Dipole:                  0.05040       -0.03663        0.00000
 Quadrupole:             -0.05366
                         -0.05168        0.14700
                          0.00000        0.00000       -0.09334

 Local Frame Definition for Multipole Sites :

     Atom     Name      Axis Type     Z Axis  X Axis  Y Axis

       1      O         Z-then-X         2       6       0
       2      C         Z-then-X         1       3       0
       3      H         Z-then-X         2       1       0
       4      H         Z-then-X         2       1       0
       5      H         Z-then-X         2       1       0
       6      H         Z-then-X         1       2       0

 Enter Altered Local Frame Definition [<Enter>=Exit] :  
 Enter Altered Local Frame Definition [<Enter>=Exit] :  
 Enter Altered Local Frame Definition [<Enter>=Exit] :  
 Enter Altered Local Frame Definition [<Enter>=Exit] :  
 Enter Altered Local Frame Definition [<Enter>=Exit] :  
 Enter Altered Local Frame Definition [<Enter>=Exit] :  
 Enter Altered Local Frame Definition [<Enter>=Exit] :  
 Local Frame Definition for Multipole Sites :

     Atom     Name      Axis Type     Z Axis  X Axis  Y Axis

       1      O         Z-then-X         2       6       0
       2      C         Z-then-X         1       6       0
       3      H         Z-then-X         2       1       0
       4      H         Z-then-X         2       1       0
       5      H         Z-then-X         2       1       0
       6      H         Z-then-X         1       2       0

 Choose Either the AMOEBA or HIPPO Polarization Model [A] :  
 Polarizability Parameters for Multipole Sites :

     Atom     Name       Polarize          Thole

       1      O            0.8370         0.3900
       2      C            1.3340         0.3900
       3      H            0.4960         0.3900
       4      H            0.4960         0.3900
       5      H            0.4960         0.3900
       6      H            0.4960         0.3900

 Enter Atom Number, Polarizability & Thole Values :  
 The default is to place all atoms into one polarization group;
 This can be altered by entering a series of bonded atom pairs
 that separate the molecule into distinct polarization groups

 Enter a Bond between Polarization Groups [<Enter>=Exit] :  
 Polarization Groups for Multipole Sites :

     Atom     Name       Polarization Group Definition

       1      O               2     6
       2      C               1     3     4     5
       3      H               2
       4      H               2
       5      H               2
       6      H               1

 Electrostatic and Polarization Scale Factors :

                    1-2         1-3         1-4         1-5

 M-Scale:         0.0000      0.0000      0.4000      0.8000
 P-Inter:         0.0000      0.0000      1.0000      1.0000
 P-Intra:         0.0000      0.0000      0.5000      1.0000
 W-Scale:         1.0000      1.0000      1.0000      1.0000

                    1-1         1-2         1-3         1-4

 D-Scale:         0.0000      1.0000      1.0000      1.0000
 U-Scale:         1.0000      1.0000      1.0000      1.0000

 Use Thole Damping:           True
 Charge Penetration:          False
 Set D Equal to P:            False

 Determination of Intergroup Induced Dipoles :

    Iter        RMS Change (Debye)

       1           0.0000000000

 Local Frame Intergroup Induced Dipole Moments (Debye) :

    Atom              X           Y           Z         Total

       1           0.0000      0.0000      0.0000      0.0000
       2           0.0000      0.0000      0.0000      0.0000
       3           0.0000      0.0000      0.0000      0.0000
       4           0.0000      0.0000      0.0000      0.0000
       5           0.0000      0.0000      0.0000      0.0000
       6           0.0000      0.0000      0.0000      0.0000

 Condense Symmetric Atoms to Equivalent Types [Y] :  
 Final Atomic Multipole Moments after Regularization :

 Atom:       1         Name:   O         Atomic Number:       8

 Local Frame:            Z-then-X             2       6       0

 Charge:                 -0.43375
 Dipole:                  0.23125        0.00000        0.19749
 Quadrupole:              0.22121
                          0.00000       -0.61481
                         -0.22538        0.00000        0.39360

 Atom:       2         Name:   C         Atomic Number:       6

 Local Frame:            Z-then-X             1       6       0

 Charge:                  0.14802
 Dipole:                  0.02587        0.00000        0.45543
 Quadrupole:             -0.48305
                          0.00000       -0.37208
                          0.04022        0.00000        0.85513

 Atom:       3         Name:   H         Atomic Number:       1

 Local Frame:            Z-then-X             2       1       0

 Charge:                  0.00840
 Dipole:                 -0.01528        0.00000       -0.13453
 Quadrupole:              0.00461
                          0.00000        0.00159
                         -0.01707        0.00000       -0.00620

 Atom:       4         Name:   H         Atomic Number:       1

 Local Frame:            Z-then-X             2       1       0

 Charge:                  0.00840
 Dipole:                 -0.01528        0.00000       -0.13453
 Quadrupole:              0.00461
                          0.00000        0.00159
                         -0.01707        0.00000       -0.00620

 Atom:       5         Name:   H         Atomic Number:       1

 Local Frame:            Z-then-X             2       1       0

 Charge:                  0.05741
 Dipole:                 -0.00858        0.00000       -0.12422
 Quadrupole:             -0.00285
                          0.00000       -0.00503
                         -0.01118        0.00000        0.00788

 Atom:       6         Name:   H         Atomic Number:       1

 Local Frame:            Z-then-X             1       2       0

 Charge:                  0.21152
 Dipole:                 -0.03244        0.00000       -0.05319
 Quadrupole:             -0.06069
                          0.00000       -0.09334
                         -0.03481        0.00000        0.15403
Sun Dec 29 12:23:55 2019  Calling: potential.x 1 methanol.xyz -k methanol.key

     ######################################################################
   ##########################################################################
  ###                                                                      ###
 ###            Tinker  ---  Software Tools for Molecular Design            ###
 ##                                                                          ##
 ##                          Version 8.7  June 2019                          ##
 ##                                                                          ##
 ##               Copyright (c)  Jay William Ponder  1990-2019               ##
 ###                           All Rights Reserved                          ###
  ###                                                                      ###
   ##########################################################################
     ######################################################################


 Additional Atom Definition Parameters :

     Type  Class  Symbol  Description               Atomic    Mass   Valence

       1      1     O     methanol                     8     15.999     2
       2      2     C     methanol                     6     12.011     4
       3      3     H     methanol                     1      1.008     1
       4      4     H     methanol                     1      1.008     1
       5      5     H     methanol                     1      1.008     1
       6      6     H     methanol                     1      1.008     1

 Electrostatic Potential Grid Points :                  5772

 Gaussian CUBEGEN Input Written To :   methanol.grid

 Next, run the Gaussian CUBEGEN program; for example:
 cubegen 0 potential=MP2 xxx.fchk xxx.cube -5 h < xxx.grid

 See the Gaussian documentation for additional details;
 After CUBEGEN, rerun Tinker POTENTIAL using Option 2
Sun Dec 29 12:23:55 2019  Calling: babel --title "methanol Gaussian SP Calculation on node36.bme.utexas.edu" -i g03 methanol-opt.log methanol-tmp.com
Sun Dec 29 12:23:55 2019  Calling: GAUSS_SCRDIR=/scratch/bdw2292/Gau-methanol g09 methanol-esp.com
1 molecule converted
12 audit log messages 
Sun Dec 29 12:24:01 2019  Calling: formchk methanol-esp.chk
 Read checkpoint file methanol-esp.chk
 Write formatted file methanol-esp.fchk
 Initial coordinates match /B/.
 Rotating derivatives, DoTrsp=T IDiff= 1 LEDeriv=    917 LFDPrp=       0 LDFDPr=       0.
Sun Dec 29 12:24:01 2019  Calling: cubegen 0 potential=MP2 methanol-esp.fchk methanol.cube -5 h < methanol.grid
Sun Dec 29 12:24:02 2019  Calling: potential.x 2 methanol.cube

     ######################################################################
   ##########################################################################
  ###                                                                      ###
 ###            Tinker  ---  Software Tools for Molecular Design            ###
 ##                                                                          ##
 ##                          Version 8.7  June 2019                          ##
 ##                                                                          ##
 ##               Copyright (c)  Jay William Ponder  1990-2019               ##
 ###                           All Rights Reserved                          ###
  ###                                                                      ###
   ##########################################################################
     ######################################################################


 Electrostatic Potential Written To :  methanol.pot
Sun Dec 29 12:24:02 2019  Calling: /home/bdw2292/poltype/avgmpoles.pl methanol.key methanol.xyz methanol-groups.txt methanol.key_2 methanol.xyz_2 401
Sun Dec 29 12:24:02 2019  Calling: potential.x 6 methanol.xyz_2 -k methanol.key_2 methanol.pot N 0.1

     ######################################################################
   ##########################################################################
  ###                                                                      ###
 ###            Tinker  ---  Software Tools for Molecular Design            ###
 ##                                                                          ##
 ##                          Version 8.7  June 2019                          ##
 ##                                                                          ##
 ##               Copyright (c)  Jay William Ponder  1990-2019               ##
 ###                           All Rights Reserved                          ###
  ###                                                                      ###
   ##########################################################################
     ######################################################################


 Additional Atom Definition Parameters :

     Type  Class  Symbol  Description               Atomic    Mass   Valence

     402    402     O     methanol                     8     15.999     2
     401    401     C     methanol                     6     12.011     4
     403    403     H     methanol                     1      1.008     1
     404    404     H     methanol                     1      1.008     1

 Electrostatic Potential Grid Points :                  5772

 Electrostatic Parameter Restraint Value :            1.0000

 Additional Atom Definition Parameters :

     Type  Class  Symbol  Description               Atomic    Mass   Valence

     402    402     O     methanol                     8     15.999     2
     401    401     C     methanol                     6     12.011     4
     403    403     H     methanol                     1      1.008     1
     404    404     H     methanol                     1      1.008     1

 Additional Atomic Multipole Parameters :

     Atom Type     Coordinate Frame Definition         Multipole Moments

         401      402    404      0   Z-then-X     0.14802
                                                   0.02587  0.00000  0.45543
                                                  -0.48305
                                                   0.00000 -0.37208
                                                   0.04022  0.00000  0.85513

         402      401    404      0   Z-then-X    -0.43375
                                                   0.23125  0.00000  0.19749
                                                   0.22121
                                                   0.00000 -0.61481
                                                  -0.22538  0.00000  0.39360

         403      401    402      0   Z-then-X     0.02474
                                                  -0.01305  0.00000 -0.13109
                                                   0.00212
                                                   0.00000 -0.00062
                                                  -0.01511  0.00000 -0.00151

         404      402    401      0   Z-then-X     0.21152
                                                  -0.03244  0.00000 -0.05319
                                                  -0.06069
                                                   0.00000 -0.09334
                                                  -0.03481  0.00000  0.15403

 Additional Atomic Dipole Polarizability Parameters :

     Atom Type           Alpha       Thole     Group Atom Types

         402             0.837       0.390         401  404
         401             1.334       0.390         402  403
         403             0.496       0.390         401
         404             0.496       0.390         402

 Average Electrostatic Potential over Atoms :
      (Kcal/mole per unit charge)

   Structure   Atom      Points      Potential        Target        RMS Diff

        1        1        1254        -9.2478        -9.4008         0.7571
        1        2         683         0.4377         1.0899         1.0252
        1        3         938         3.7655         3.3383         0.6226
        1        4         934         3.7508         3.3255         0.6218
        1        5         931        -1.9592        -0.5468         1.4869
        1        6        1032         5.4347         4.9106         0.5436

 Electrostatic Potential over all Grid Points :

 Average Potential Value for Model :                 -0.0828
 Average Potential Magnitude for Model :              5.2953
 Average Potential Value for Target :                -0.0430
 Average Potential Magnitude for Target :             5.0188

 Average Signed Potential Difference :               -0.0398
 Average Unsigned Potential Difference :              0.7361
 Root Mean Square Potential Difference :              0.8854

 Potential Fitting of Electrostatic Parameters :

 Parameter      Atom Type         Category            Value         Fixed

    --            402             Monopole          -0.43376          X
     1            402             X-Dipole           0.23125
    --            402             Y-Dipole           0.00000          X
     2            402             Z-Dipole           0.19749
     3            402             XX-Quad            0.22121
    --            402             XY-Quad            0.00000          X
     4            402             XZ-Quad           -0.22538
     5            402             YY-Quad           -0.61481
    --            402             YZ-Quad            0.00000          X
    --            402             ZZ-Quad            0.39360
    --            401             Monopole           0.14802          X
     6            401             X-Dipole           0.02587
    --            401             Y-Dipole           0.00000          X
     7            401             Z-Dipole           0.45543
     8            401             XX-Quad           -0.48305
    --            401             XY-Quad            0.00000          X
     9            401             XZ-Quad            0.04022
    10            401             YY-Quad           -0.37208
    --            401             YZ-Quad            0.00000          X
    --            401             ZZ-Quad            0.85513
    --            403             Monopole           0.02474          X
    11            403             X-Dipole          -0.01305
    --            403             Y-Dipole           0.00000          X
    12            403             Z-Dipole          -0.13109
    13            403             XX-Quad            0.00213
    --            403             XY-Quad            0.00000          X
    14            403             XZ-Quad           -0.01511
    15            403             YY-Quad           -0.00062
    --            403             YZ-Quad            0.00000          X
    --            403             ZZ-Quad           -0.00151
    --            404             Monopole           0.21152          X
    16            404             X-Dipole          -0.03244
    --            404             Y-Dipole           0.00000          X
    17            404             Z-Dipole          -0.05319
    18            404             XX-Quad           -0.06069
    --            404             XY-Quad            0.00000          X
    19            404             XZ-Quad           -0.03481
    20            404             YY-Quad           -0.09334
    --            404             YZ-Quad            0.00000          X
    --            404             ZZ-Quad            0.15403

 Levenberg-Marquardt Nonlinear Least Squares :

 LS Iter     F Value      Total G     Active G    N Active   F Calls

     0     2262.4090    1908.7172    1908.7172        20        21
     1      119.5512     150.1376     150.1376        20        42
     2       56.3905      11.5180      11.5180        20        63
     3       40.6915       0.0000       0.0000        20        84

 SQUARE  --  Normal Termination of Least Squares

 Potential Fitting of Electrostatic Parameters :

 Parameter      Atom Type         Category            Value         Fixed

    --            402             Monopole          -0.43376          X
     1            402             X-Dipole           0.19656
    --            402             Y-Dipole           0.00000          X
     2            402             Z-Dipole           0.27529
     3            402             XX-Quad            0.22949
    --            402             XY-Quad            0.00000          X
     4            402             XZ-Quad           -0.26070
     5            402             YY-Quad           -0.73291
    --            402             YZ-Quad            0.00000          X
    --            402             ZZ-Quad            0.50342
    --            401             Monopole           0.14802          X
     6            401             X-Dipole          -0.08108
    --            401             Y-Dipole           0.00000          X
     7            401             Z-Dipole           0.42570
     8            401             XX-Quad           -0.39844
    --            401             XY-Quad            0.00000          X
     9            401             XZ-Quad            0.02956
    10            401             YY-Quad           -0.41757
    --            401             YZ-Quad            0.00000          X
    --            401             ZZ-Quad            0.81601
    --            403             Monopole           0.02474          X
    11            403             X-Dipole           0.00105
    --            403             Y-Dipole           0.00000          X
    12            403             Z-Dipole          -0.10244
    13            403             XX-Quad            0.02646
    --            403             XY-Quad            0.00000          X
    14            403             XZ-Quad           -0.02740
    15            403             YY-Quad            0.01500
    --            403             YZ-Quad            0.00000          X
    --            403             ZZ-Quad           -0.04146
    --            404             Monopole           0.21152          X
    16            404             X-Dipole          -0.02854
    --            404             Y-Dipole           0.00000          X
    17            404             Z-Dipole          -0.09826
    18            404             XX-Quad            0.03555
    --            404             XY-Quad            0.00000          X
    19            404             XZ-Quad           -0.02157
    20            404             YY-Quad           -0.09467
    --            404             YZ-Quad            0.00000          X
    --            404             ZZ-Quad            0.05912

 Average Electrostatic Potential over Atoms :
      (Kcal/mole per unit charge)

   Structure   Atom      Points      Potential        Target        RMS Diff

        1        1        1254        -9.4014        -9.4008         0.0829
        1        2         683         1.0259         1.0899         0.1193
        1        3         938         3.3300         3.3383         0.0472
        1        4         934         3.3172         3.3255         0.0481
        1        5         931        -0.5976        -0.5468         0.0848
        1        6        1032         4.8739         4.9106         0.0648

 Electrostatic Potential over all Grid Points :

 Average Potential Value for Model :                 -0.0681
 Average Potential Magnitude for Model :              5.0128
 Average Potential Value for Target :                -0.0430
 Average Potential Magnitude for Target :             5.0188

 Average Signed Potential Difference :               -0.0251
 Average Unsigned Potential Difference :              0.0516
 Root Mean Square Potential Difference :              0.0763
Sun Dec 29 12:24:03 2019  Calling: sed -e '/\(.* none$\|^#\|^fix\|^potential-offset\)/d' methanol.key_3 > methanol.key_3_tmp
Sun Dec 29 12:24:03 2019 
Sun Dec 29 12:24:03 2019 =========================================================
Sun Dec 29 12:24:03 2019 Electrostatic Potential Comparision

Sun Dec 29 12:24:03 2019  Calling: potential.x 5 methanol.xyz_2 -k methanol.key_3 methanol.pot N > RMSPD.txt
****************************************************************************************************
Rotatable bond found about (3, 2, 1, 6)
Sun Dec 29 12:24:04 2019  Calling: cp ../methanol-opt.log methanol-opt-6-1-2-3-061.log
Sun Dec 29 12:24:04 2019  Calling: minimize.x methanol-opt-6-1-2-3-061_preQMOPTprefit.xyz -k tmp-6-1-2-3-061_preQMOPTprefit.key 0.001 >methanol-opt-6-1-2-3-061_preQMOPTprefit.out
Sun Dec 29 12:24:05 2019  Calling: minimize.x methanol-opt-6-1-2-3-089_preQMOPTprefit.xyz -k tmp-6-1-2-3-089_preQMOPTprefit.key 0.001 >methanol-opt-6-1-2-3-089_preQMOPTprefit.out
Sun Dec 29 12:24:06 2019  Calling: minimize.x methanol-opt-6-1-2-3-117_preQMOPTprefit.xyz -k tmp-6-1-2-3-117_preQMOPTprefit.key 0.001 >methanol-opt-6-1-2-3-117_preQMOPTprefit.out
Sun Dec 29 12:24:07 2019  Calling: minimize.x methanol-opt-6-1-2-3-145_preQMOPTprefit.xyz -k tmp-6-1-2-3-145_preQMOPTprefit.key 0.001 >methanol-opt-6-1-2-3-145_preQMOPTprefit.out
Sun Dec 29 12:24:09 2019  Calling: minimize.x methanol-opt-6-1-2-3-173_preQMOPTprefit.xyz -k tmp-6-1-2-3-173_preQMOPTprefit.key 0.001 >methanol-opt-6-1-2-3-173_preQMOPTprefit.out
Sun Dec 29 12:24:10 2019  Calling: minimize.x methanol-opt-6-1-2-3-201_preQMOPTprefit.xyz -k tmp-6-1-2-3-201_preQMOPTprefit.key 0.001 >methanol-opt-6-1-2-3-201_preQMOPTprefit.out
Sun Dec 29 12:24:11 2019  Calling: minimize.x methanol-opt-6-1-2-3-037_preQMOPTprefit.xyz -k tmp-6-1-2-3-037_preQMOPTprefit.key 0.001 >methanol-opt-6-1-2-3-037_preQMOPTprefit.out
Sun Dec 29 12:24:12 2019  Calling: minimize.x methanol-opt-6-1-2-3-009_preQMOPTprefit.xyz -k tmp-6-1-2-3-009_preQMOPTprefit.key 0.001 >methanol-opt-6-1-2-3-009_preQMOPTprefit.out
Sun Dec 29 12:24:13 2019  Calling: minimize.x methanol-opt-6-1-2-3-341_preQMOPTprefit.xyz -k tmp-6-1-2-3-341_preQMOPTprefit.key 0.001 >methanol-opt-6-1-2-3-341_preQMOPTprefit.out
Sun Dec 29 12:24:14 2019  Calling: minimize.x methanol-opt-6-1-2-3-313_preQMOPTprefit.xyz -k tmp-6-1-2-3-313_preQMOPTprefit.key 0.001 >methanol-opt-6-1-2-3-313_preQMOPTprefit.out
Sun Dec 29 12:24:15 2019  Calling: minimize.x methanol-opt-6-1-2-3-285_preQMOPTprefit.xyz -k tmp-6-1-2-3-285_preQMOPTprefit.key 0.001 >methanol-opt-6-1-2-3-285_preQMOPTprefit.out
Sun Dec 29 12:24:16 2019  Calling: minimize.x methanol-opt-6-1-2-3-257_preQMOPTprefit.xyz -k tmp-6-1-2-3-257_preQMOPTprefit.key 0.001 >methanol-opt-6-1-2-3-257_preQMOPTprefit.out
Sun Dec 29 12:24:17 2019  Calling: minimize.x methanol-opt-6-1-2-3-229_preQMOPTprefit.xyz -k tmp-6-1-2-3-229_preQMOPTprefit.key 0.001 >methanol-opt-6-1-2-3-229_preQMOPTprefit.out
Sun Dec 29 12:24:18 2019  Calling: GAUSS_SCRDIR=/scratch/bdw2292/Gau-methanol g09 methanol-opt-6-1-2-3-061.com
Sun Dec 29 12:24:25 2019  Calling: GAUSS_SCRDIR=/scratch/bdw2292/Gau-methanol g09 methanol-opt-6-1-2-3-089.com
Sun Dec 29 12:24:37 2019  Calling: GAUSS_SCRDIR=/scratch/bdw2292/Gau-methanol g09 methanol-opt-6-1-2-3-117.com
Sun Dec 29 12:24:58 2019  Calling: GAUSS_SCRDIR=/scratch/bdw2292/Gau-methanol g09 methanol-opt-6-1-2-3-145.com
Sun Dec 29 12:25:09 2019  Calling: GAUSS_SCRDIR=/scratch/bdw2292/Gau-methanol g09 methanol-opt-6-1-2-3-173.com
Sun Dec 29 12:25:20 2019  Calling: GAUSS_SCRDIR=/scratch/bdw2292/Gau-methanol g09 methanol-opt-6-1-2-3-201.com
Sun Dec 29 12:25:30 2019  Calling: GAUSS_SCRDIR=/scratch/bdw2292/Gau-methanol g09 methanol-opt-6-1-2-3-037.com
Sun Dec 29 12:25:42 2019  Calling: GAUSS_SCRDIR=/scratch/bdw2292/Gau-methanol g09 methanol-opt-6-1-2-3-009.com
Sun Dec 29 12:25:57 2019  Calling: GAUSS_SCRDIR=/scratch/bdw2292/Gau-methanol g09 methanol-opt-6-1-2-3-341.com
Sun Dec 29 12:26:10 2019  Calling: GAUSS_SCRDIR=/scratch/bdw2292/Gau-methanol g09 methanol-opt-6-1-2-3-313.com
Sun Dec 29 12:26:20 2019  Calling: GAUSS_SCRDIR=/scratch/bdw2292/Gau-methanol g09 methanol-opt-6-1-2-3-285.com
Sun Dec 29 12:26:31 2019  Calling: GAUSS_SCRDIR=/scratch/bdw2292/Gau-methanol g09 methanol-opt-6-1-2-3-257.com
Sun Dec 29 12:26:44 2019  Calling: GAUSS_SCRDIR=/scratch/bdw2292/Gau-methanol g09 methanol-opt-6-1-2-3-229.com
Sun Dec 29 12:26:57 2019  Calling: minimize.x methanol-opt-6-1-2-3-061_postQMOPTprefit.xyz -k tmp-6-1-2-3-061_postQMOPTprefit.key 0.001 >methanol-opt-6-1-2-3-061_postQMOPTprefit.out
Sun Dec 29 12:26:58 2019  Calling: analyze.x -k tmp-6-1-2-3-061_postQMOPTprefit.key methanol-opt-6-1-2-3-061_postQMOPTprefit.xyz_2 ed > methanol-opt-6-1-2-3-061_postQMOPTprefit.alz
Sun Dec 29 12:26:59 2019  Calling: minimize.x methanol-opt-6-1-2-3-089_postQMOPTprefit.xyz -k tmp-6-1-2-3-089_postQMOPTprefit.key 0.001 >methanol-opt-6-1-2-3-089_postQMOPTprefit.out
Sun Dec 29 12:27:00 2019  Calling: analyze.x -k tmp-6-1-2-3-089_postQMOPTprefit.key methanol-opt-6-1-2-3-089_postQMOPTprefit.xyz_2 ed > methanol-opt-6-1-2-3-089_postQMOPTprefit.alz
Sun Dec 29 12:27:01 2019  Calling: minimize.x methanol-opt-6-1-2-3-117_postQMOPTprefit.xyz -k tmp-6-1-2-3-117_postQMOPTprefit.key 0.001 >methanol-opt-6-1-2-3-117_postQMOPTprefit.out
Sun Dec 29 12:27:02 2019  Calling: analyze.x -k tmp-6-1-2-3-117_postQMOPTprefit.key methanol-opt-6-1-2-3-117_postQMOPTprefit.xyz_2 ed > methanol-opt-6-1-2-3-117_postQMOPTprefit.alz
Sun Dec 29 12:27:03 2019  Calling: minimize.x methanol-opt-6-1-2-3-145_postQMOPTprefit.xyz -k tmp-6-1-2-3-145_postQMOPTprefit.key 0.001 >methanol-opt-6-1-2-3-145_postQMOPTprefit.out
Sun Dec 29 12:27:04 2019  Calling: analyze.x -k tmp-6-1-2-3-145_postQMOPTprefit.key methanol-opt-6-1-2-3-145_postQMOPTprefit.xyz_2 ed > methanol-opt-6-1-2-3-145_postQMOPTprefit.alz
Sun Dec 29 12:27:05 2019  Calling: minimize.x methanol-opt-6-1-2-3-173_postQMOPTprefit.xyz -k tmp-6-1-2-3-173_postQMOPTprefit.key 0.001 >methanol-opt-6-1-2-3-173_postQMOPTprefit.out
Sun Dec 29 12:27:06 2019  Calling: analyze.x -k tmp-6-1-2-3-173_postQMOPTprefit.key methanol-opt-6-1-2-3-173_postQMOPTprefit.xyz_2 ed > methanol-opt-6-1-2-3-173_postQMOPTprefit.alz
Sun Dec 29 12:27:06 2019  Calling: minimize.x methanol-opt-6-1-2-3-201_postQMOPTprefit.xyz -k tmp-6-1-2-3-201_postQMOPTprefit.key 0.001 >methanol-opt-6-1-2-3-201_postQMOPTprefit.out
Sun Dec 29 12:27:07 2019  Calling: analyze.x -k tmp-6-1-2-3-201_postQMOPTprefit.key methanol-opt-6-1-2-3-201_postQMOPTprefit.xyz_2 ed > methanol-opt-6-1-2-3-201_postQMOPTprefit.alz
Sun Dec 29 12:27:08 2019  Calling: minimize.x methanol-opt-6-1-2-3-037_postQMOPTprefit.xyz -k tmp-6-1-2-3-037_postQMOPTprefit.key 0.001 >methanol-opt-6-1-2-3-037_postQMOPTprefit.out
Sun Dec 29 12:27:10 2019  Calling: analyze.x -k tmp-6-1-2-3-037_postQMOPTprefit.key methanol-opt-6-1-2-3-037_postQMOPTprefit.xyz_2 ed > methanol-opt-6-1-2-3-037_postQMOPTprefit.alz
Sun Dec 29 12:27:10 2019  Calling: minimize.x methanol-opt-6-1-2-3-009_postQMOPTprefit.xyz -k tmp-6-1-2-3-009_postQMOPTprefit.key 0.001 >methanol-opt-6-1-2-3-009_postQMOPTprefit.out
Sun Dec 29 12:27:12 2019  Calling: analyze.x -k tmp-6-1-2-3-009_postQMOPTprefit.key methanol-opt-6-1-2-3-009_postQMOPTprefit.xyz_2 ed > methanol-opt-6-1-2-3-009_postQMOPTprefit.alz
Sun Dec 29 12:27:12 2019  Calling: minimize.x methanol-opt-6-1-2-3-341_postQMOPTprefit.xyz -k tmp-6-1-2-3-341_postQMOPTprefit.key 0.001 >methanol-opt-6-1-2-3-341_postQMOPTprefit.out
Sun Dec 29 12:27:13 2019  Calling: analyze.x -k tmp-6-1-2-3-341_postQMOPTprefit.key methanol-opt-6-1-2-3-341_postQMOPTprefit.xyz_2 ed > methanol-opt-6-1-2-3-341_postQMOPTprefit.alz
Sun Dec 29 12:27:14 2019  Calling: minimize.x methanol-opt-6-1-2-3-313_postQMOPTprefit.xyz -k tmp-6-1-2-3-313_postQMOPTprefit.key 0.001 >methanol-opt-6-1-2-3-313_postQMOPTprefit.out
Sun Dec 29 12:27:15 2019  Calling: analyze.x -k tmp-6-1-2-3-313_postQMOPTprefit.key methanol-opt-6-1-2-3-313_postQMOPTprefit.xyz_2 ed > methanol-opt-6-1-2-3-313_postQMOPTprefit.alz
Sun Dec 29 12:27:16 2019  Calling: minimize.x methanol-opt-6-1-2-3-285_postQMOPTprefit.xyz -k tmp-6-1-2-3-285_postQMOPTprefit.key 0.001 >methanol-opt-6-1-2-3-285_postQMOPTprefit.out
Sun Dec 29 12:27:17 2019  Calling: analyze.x -k tmp-6-1-2-3-285_postQMOPTprefit.key methanol-opt-6-1-2-3-285_postQMOPTprefit.xyz_2 ed > methanol-opt-6-1-2-3-285_postQMOPTprefit.alz
Sun Dec 29 12:27:18 2019  Calling: minimize.x methanol-opt-6-1-2-3-257_postQMOPTprefit.xyz -k tmp-6-1-2-3-257_postQMOPTprefit.key 0.001 >methanol-opt-6-1-2-3-257_postQMOPTprefit.out
Sun Dec 29 12:27:19 2019  Calling: analyze.x -k tmp-6-1-2-3-257_postQMOPTprefit.key methanol-opt-6-1-2-3-257_postQMOPTprefit.xyz_2 ed > methanol-opt-6-1-2-3-257_postQMOPTprefit.alz
Sun Dec 29 12:27:20 2019  Calling: minimize.x methanol-opt-6-1-2-3-229_postQMOPTprefit.xyz -k tmp-6-1-2-3-229_postQMOPTprefit.key 0.001 >methanol-opt-6-1-2-3-229_postQMOPTprefit.out
Sun Dec 29 12:27:21 2019  Calling: analyze.x -k tmp-6-1-2-3-229_postQMOPTprefit.key methanol-opt-6-1-2-3-229_postQMOPTprefit.xyz_2 ed > methanol-opt-6-1-2-3-229_postQMOPTprefit.alz
Sun Dec 29 12:27:22 2019  Calling: GAUSS_SCRDIR=/scratch/bdw2292/Gau-methanol g09 methanol-sp-6-1-2-3-061.com
Sun Dec 29 12:27:36 2019  Calling: GAUSS_SCRDIR=/scratch/bdw2292/Gau-methanol g09 methanol-sp-6-1-2-3-089.com
Sun Dec 29 12:27:50 2019  Calling: GAUSS_SCRDIR=/scratch/bdw2292/Gau-methanol g09 methanol-sp-6-1-2-3-117.com
Sun Dec 29 12:28:04 2019  Calling: GAUSS_SCRDIR=/scratch/bdw2292/Gau-methanol g09 methanol-sp-6-1-2-3-145.com
Sun Dec 29 12:28:18 2019  Calling: GAUSS_SCRDIR=/scratch/bdw2292/Gau-methanol g09 methanol-sp-6-1-2-3-173.com
Sun Dec 29 12:28:32 2019  Calling: GAUSS_SCRDIR=/scratch/bdw2292/Gau-methanol g09 methanol-sp-6-1-2-3-201.com
Sun Dec 29 12:28:46 2019  Calling: GAUSS_SCRDIR=/scratch/bdw2292/Gau-methanol g09 methanol-sp-6-1-2-3-037.com
Sun Dec 29 12:29:00 2019  Calling: GAUSS_SCRDIR=/scratch/bdw2292/Gau-methanol g09 methanol-sp-6-1-2-3-009.com
Sun Dec 29 12:29:14 2019  Calling: GAUSS_SCRDIR=/scratch/bdw2292/Gau-methanol g09 methanol-sp-6-1-2-3-341.com
Sun Dec 29 12:29:28 2019  Calling: GAUSS_SCRDIR=/scratch/bdw2292/Gau-methanol g09 methanol-sp-6-1-2-3-313.com
Sun Dec 29 12:29:42 2019  Calling: GAUSS_SCRDIR=/scratch/bdw2292/Gau-methanol g09 methanol-sp-6-1-2-3-285.com
Sun Dec 29 12:29:56 2019  Calling: GAUSS_SCRDIR=/scratch/bdw2292/Gau-methanol g09 methanol-sp-6-1-2-3-257.com
Sun Dec 29 12:30:10 2019  Calling: GAUSS_SCRDIR=/scratch/bdw2292/Gau-methanol g09 methanol-sp-6-1-2-3-229.com
Sun Dec 29 12:30:24 2019 number of parameters to fit for 403 401 402 404 are 4
Sun Dec 29 12:30:25 2019  Calling: minimize.x methanol-opt-6-1-2-3-061_postQMOPTpostfit.xyz -k tmp-6-1-2-3-061_postQMOPTpostfit.key 0.001 >methanol-opt-6-1-2-3-061_postQMOPTpostfit.out
Sun Dec 29 12:30:26 2019  Calling: analyze.x -k tmp-6-1-2-3-061_postQMOPTpostfit.key methanol-opt-6-1-2-3-061_postQMOPTpostfit.xyz_2 ed > methanol-opt-6-1-2-3-061_postQMOPTpostfit.alz
Sun Dec 29 12:30:26 2019  Calling: minimize.x methanol-opt-6-1-2-3-089_postQMOPTpostfit.xyz -k tmp-6-1-2-3-089_postQMOPTpostfit.key 0.001 >methanol-opt-6-1-2-3-089_postQMOPTpostfit.out
Sun Dec 29 12:30:28 2019  Calling: analyze.x -k tmp-6-1-2-3-089_postQMOPTpostfit.key methanol-opt-6-1-2-3-089_postQMOPTpostfit.xyz_2 ed > methanol-opt-6-1-2-3-089_postQMOPTpostfit.alz
Sun Dec 29 12:30:29 2019  Calling: minimize.x methanol-opt-6-1-2-3-117_postQMOPTpostfit.xyz -k tmp-6-1-2-3-117_postQMOPTpostfit.key 0.001 >methanol-opt-6-1-2-3-117_postQMOPTpostfit.out
Sun Dec 29 12:30:30 2019  Calling: analyze.x -k tmp-6-1-2-3-117_postQMOPTpostfit.key methanol-opt-6-1-2-3-117_postQMOPTpostfit.xyz_2 ed > methanol-opt-6-1-2-3-117_postQMOPTpostfit.alz
Sun Dec 29 12:30:30 2019  Calling: minimize.x methanol-opt-6-1-2-3-145_postQMOPTpostfit.xyz -k tmp-6-1-2-3-145_postQMOPTpostfit.key 0.001 >methanol-opt-6-1-2-3-145_postQMOPTpostfit.out
Sun Dec 29 12:30:32 2019  Calling: analyze.x -k tmp-6-1-2-3-145_postQMOPTpostfit.key methanol-opt-6-1-2-3-145_postQMOPTpostfit.xyz_2 ed > methanol-opt-6-1-2-3-145_postQMOPTpostfit.alz
Sun Dec 29 12:30:32 2019  Calling: minimize.x methanol-opt-6-1-2-3-173_postQMOPTpostfit.xyz -k tmp-6-1-2-3-173_postQMOPTpostfit.key 0.001 >methanol-opt-6-1-2-3-173_postQMOPTpostfit.out
Sun Dec 29 12:30:33 2019  Calling: analyze.x -k tmp-6-1-2-3-173_postQMOPTpostfit.key methanol-opt-6-1-2-3-173_postQMOPTpostfit.xyz_2 ed > methanol-opt-6-1-2-3-173_postQMOPTpostfit.alz
Sun Dec 29 12:30:34 2019  Calling: minimize.x methanol-opt-6-1-2-3-201_postQMOPTpostfit.xyz -k tmp-6-1-2-3-201_postQMOPTpostfit.key 0.001 >methanol-opt-6-1-2-3-201_postQMOPTpostfit.out
Sun Dec 29 12:30:35 2019  Calling: analyze.x -k tmp-6-1-2-3-201_postQMOPTpostfit.key methanol-opt-6-1-2-3-201_postQMOPTpostfit.xyz_2 ed > methanol-opt-6-1-2-3-201_postQMOPTpostfit.alz
Sun Dec 29 12:30:36 2019  Calling: minimize.x methanol-opt-6-1-2-3-037_postQMOPTpostfit.xyz -k tmp-6-1-2-3-037_postQMOPTpostfit.key 0.001 >methanol-opt-6-1-2-3-037_postQMOPTpostfit.out
Sun Dec 29 12:30:37 2019  Calling: analyze.x -k tmp-6-1-2-3-037_postQMOPTpostfit.key methanol-opt-6-1-2-3-037_postQMOPTpostfit.xyz_2 ed > methanol-opt-6-1-2-3-037_postQMOPTpostfit.alz
Sun Dec 29 12:30:38 2019  Calling: minimize.x methanol-opt-6-1-2-3-009_postQMOPTpostfit.xyz -k tmp-6-1-2-3-009_postQMOPTpostfit.key 0.001 >methanol-opt-6-1-2-3-009_postQMOPTpostfit.out
Sun Dec 29 12:30:40 2019  Calling: analyze.x -k tmp-6-1-2-3-009_postQMOPTpostfit.key methanol-opt-6-1-2-3-009_postQMOPTpostfit.xyz_2 ed > methanol-opt-6-1-2-3-009_postQMOPTpostfit.alz
Sun Dec 29 12:30:40 2019  Calling: minimize.x methanol-opt-6-1-2-3-341_postQMOPTpostfit.xyz -k tmp-6-1-2-3-341_postQMOPTpostfit.key 0.001 >methanol-opt-6-1-2-3-341_postQMOPTpostfit.out
Sun Dec 29 12:30:41 2019  Calling: analyze.x -k tmp-6-1-2-3-341_postQMOPTpostfit.key methanol-opt-6-1-2-3-341_postQMOPTpostfit.xyz_2 ed > methanol-opt-6-1-2-3-341_postQMOPTpostfit.alz
Sun Dec 29 12:30:42 2019  Calling: minimize.x methanol-opt-6-1-2-3-313_postQMOPTpostfit.xyz -k tmp-6-1-2-3-313_postQMOPTpostfit.key 0.001 >methanol-opt-6-1-2-3-313_postQMOPTpostfit.out
Sun Dec 29 12:30:43 2019  Calling: analyze.x -k tmp-6-1-2-3-313_postQMOPTpostfit.key methanol-opt-6-1-2-3-313_postQMOPTpostfit.xyz_2 ed > methanol-opt-6-1-2-3-313_postQMOPTpostfit.alz
Sun Dec 29 12:30:44 2019  Calling: minimize.x methanol-opt-6-1-2-3-285_postQMOPTpostfit.xyz -k tmp-6-1-2-3-285_postQMOPTpostfit.key 0.001 >methanol-opt-6-1-2-3-285_postQMOPTpostfit.out
Sun Dec 29 12:30:45 2019  Calling: analyze.x -k tmp-6-1-2-3-285_postQMOPTpostfit.key methanol-opt-6-1-2-3-285_postQMOPTpostfit.xyz_2 ed > methanol-opt-6-1-2-3-285_postQMOPTpostfit.alz
Sun Dec 29 12:30:46 2019  Calling: minimize.x methanol-opt-6-1-2-3-257_postQMOPTpostfit.xyz -k tmp-6-1-2-3-257_postQMOPTpostfit.key 0.001 >methanol-opt-6-1-2-3-257_postQMOPTpostfit.out
Sun Dec 29 12:30:47 2019  Calling: analyze.x -k tmp-6-1-2-3-257_postQMOPTpostfit.key methanol-opt-6-1-2-3-257_postQMOPTpostfit.xyz_2 ed > methanol-opt-6-1-2-3-257_postQMOPTpostfit.alz
Sun Dec 29 12:30:48 2019  Calling: minimize.x methanol-opt-6-1-2-3-229_postQMOPTpostfit.xyz -k tmp-6-1-2-3-229_postQMOPTpostfit.key 0.001 >methanol-opt-6-1-2-3-229_postQMOPTpostfit.out
Sun Dec 29 12:30:49 2019  Calling: analyze.x -k tmp-6-1-2-3-229_postQMOPTpostfit.key methanol-opt-6-1-2-3-229_postQMOPTpostfit.xyz_2 ed > methanol-opt-6-1-2-3-229_postQMOPTpostfit.alz
Sun Dec 29 12:30:50 2019 
Sun Dec 29 12:30:50 2019 =========================================================
Sun Dec 29 12:30:50 2019 Minimizing structure

Sun Dec 29 12:30:50 2019  Calling: cp methanol.xyz_2 ttt.xyz
Sun Dec 29 12:30:50 2019  Calling: cp methanol.key_5 ttt.key
Sun Dec 29 12:30:50 2019  Calling: minimize.x -k ttt.key ttt.xyz 0.1

     ######################################################################
   ##########################################################################
  ###                                                                      ###
 ###            Tinker  ---  Software Tools for Molecular Design            ###
 ##                                                                          ##
 ##                          Version 8.7  June 2019                          ##
 ##                                                                          ##
 ##               Copyright (c)  Jay William Ponder  1990-2019               ##
 ###                           All Rights Reserved                          ###
  ###                                                                      ###
   ##########################################################################
     ######################################################################


 Additional Atom Definition Parameters :

     Type  Class  Symbol  Description               Atomic    Mass   Valence

     402    402     O     methanol                     8     15.999     2
     401    401     C     methanol                     6     12.011     4
     403    403     H     methanol                     1      1.008     1
     404    404     H     methanol                     1      1.008     1

 Additional Bond Stretching Parameters :

     Atom Classes             K(S)         Length

       401 402             500.100         1.4296
       402 404             615.900         0.9714
       401 403             385.000         1.0956

 Additional Angle Bending Parameters :

     Atom Classes             K(B)          Angle

     403 401 403            40.570        108.724
     402 401 403            60.990        106.530
     401 402 404            64.960        106.891

 Additional Stretch-Bend Parameters :

     Atom Classes          K(SB)-1        K(SB)-2

     402 401 403            -4.500         38.000
     401 402 404            -4.500         38.000

 Additional Torsional Parameters :

     Atom Classes     1-Fold    2-Fold    3-Fold    4-Fold    5-Fold    6-Fold

   403 401 402 404   0.72   0 -0.72 180  0.21   0  0.00   0  0.00   0  0.00   0

 Additional van der Waals Parameters :

     Atom Class               Size        Epsilon        Reduction

         402                3.4050         0.1100          0.000
         401                3.7600         0.1010          0.000
         403                2.8700         0.0240          0.910
         404                2.6550         0.0135          0.910

 Additional Atomic Multipole Parameters :

     Atom Type     Coordinate Frame Definition         Multipole Moments

         401      402    404      0   Z-then-X     0.14802
                                                  -0.08108  0.00000  0.42570
                                                  -0.39844
                                                   0.00000 -0.41757
                                                   0.02956  0.00000  0.81601

         402      401    404      0   Z-then-X    -0.43376
                                                   0.19656  0.00000  0.27529
                                                   0.13769
                                                   0.00000 -0.43975
                                                  -0.15642  0.00000  0.30205

         403      401    402      0   Z-then-X     0.02474
                                                   0.00105  0.00000 -0.10244
                                                   0.02646
                                                   0.00000  0.01500
                                                  -0.02740  0.00000 -0.04146

         404      402    401      0   Z-then-X     0.21152
                                                  -0.02854  0.00000 -0.09826
                                                   0.03555
                                                   0.00000 -0.09467
                                                  -0.02157  0.00000  0.05912

 Additional Atomic Dipole Polarizability Parameters :

     Atom Type           Alpha       Thole     Group Atom Types

         402             0.837       0.390         401  404
         401             1.334       0.390         402  403
         403             0.496       0.390         401
         404             0.496       0.390         402

 Limited Memory BFGS Quasi-Newton Optimization :

 QN Iter     F Value      G RMS      F Move   X Move   Angle  FG Call  Comment

     0       -2.5925    10.5921                                   1
     1       -2.7738     6.6359      0.1813   0.0061    0.00      3    Success 
     2       -2.8614     5.2568      0.0875   0.0028   29.93      4    Success 
     3       -3.0040     3.4902      0.1426   0.0063   28.43      5    Success 
     4       -3.1270     5.2378      0.1230   0.0149   23.93      6    Success 
     5       -3.1717     2.2908      0.0447   0.0048   50.24      7    Success 
     6       -3.1849     1.5146      0.0132   0.0013   26.47      8    Success 
     7       -3.2019     0.5061      0.0171   0.0036   35.42      9    Success 
     8       -3.2027     1.0436      0.0008   0.0025   35.54     10    Success 
     9       -3.2039     0.5819      0.0012   0.0003   16.11     11    Success 
    10       -3.2044     0.0776      0.0006   0.0004   31.85     12   SmallGrad

 LBFGS  --  Normal Termination due to SmallGrad

 Final Function Value :           -3.2044
 Final RMS Gradient :              0.0776
 Final Gradient Norm :             0.1900
Sun Dec 29 12:30:51 2019 
Sun Dec 29 12:30:51 2019 =========================================================
Sun Dec 29 12:30:51 2019 QM Dipole moment

Sun Dec 29 12:30:51 2019  Calling: grep -A7 "Dipole moment" methanol-esp.log>QMDipole.txt
Sun Dec 29 12:30:51 2019 QM Dipole moment = 1.8108
Sun Dec 29 12:30:51 2019 
Sun Dec 29 12:30:51 2019 =========================================================
Sun Dec 29 12:30:51 2019 MM Dipole moment

Sun Dec 29 12:30:51 2019  Calling: analyze.x methanol.xyz_2 em | grep -A11 Charge>MMDipole.txt
Sun Dec 29 12:30:51 2019 MM Dipole moment = 2.423
****************************************************************************************************
Sun Dec 29 12:30:51 2019 Poltype Job Finished

