Poltype -- Polarizable atom typer of small molecules for the AMOEBA polarizable force field



Please cite:

Wu, J.C.; Chattree, G.; Ren, P.Y.; Automation of AMOEBA polarizable force field 

parameterization for small molecules. Theor Chem Acc. 



Version 2.0.0 December 2019



Copyright (c)  Johnny Wu, Gaurav Chattree, Brandon Walker, Matthew Harger and Pengyu Ren 2019



All Rights Reserved

##############################################################################################################



qme_list  [-72464.4307297054, -72464.97177523615, -72465.25886016096, -72464.88757931841, -72464.39452149735, -72464.60689638357, -72465.05895206875, -72464.9085481947, -72464.40501053828, -72464.46234135615, -72464.97221717854, -72465.01830210374, -72464.53714069563]
mme_list  [-3.0265, -3.1152, -3.1631, -3.1008, -3.0214, -3.0679, -3.1542, -3.1205, -3.0192, -3.0301, -3.1335, -3.147, -3.0542]
Optimization terminated successfully.
         Current function value: 0.044362
         Iterations: 16
         Function evaluations: 32
Optimization terminated successfully.
         Current function value: 0.035499
         Iterations: 16
         Function evaluations: 32
{1: 0.7226386636103712, 2: -0.7226386633121439, 3: 0.21432887708121104}
second deleteion  [-72464.4307297054, -72464.97177523615, -72465.25886016096, -72464.88757931841, -72464.39452149735, -72464.60689638357, -72465.05895206875, -72464.9085481947, -72464.40501053828, -72464.46234135615, -72464.97221717854, -72465.01830210374, -72464.53714069563]
unnormed qm_energy  [-72464.4307297054, -72464.97177523615, -72465.25886016096, -72464.88757931841, -72464.39452149735, -72464.60689638357, -72465.05895206875, -72464.9085481947, -72464.40501053828, -72464.46234135615, -72464.97221717854, -72465.01830210374, -72464.53714069563]
energy list  [0.8281304555566749, 0.28708492481382564, 0.0, 0.3712808425480034, 0.8643386636103969, 0.6519637773890281, 0.19990809221053496, 0.3503119662636891, 0.8538496226829011, 0.7965188048110576, 0.2866429824207444, 0.24055805722309742, 0.7217194653348997]
Optimization terminated successfully.
         Current function value: 0.051742
         Iterations: 15
         Function evaluations: 30
Optimization terminated successfully.
         Current function value: 0.042418
         Iterations: 15
         Function evaluations: 30
