Poltype -- Polarizable atom typer of small molecules for the AMOEBA polarizable force field



Please cite:

Wu, J.C.; Chattree, G.; Ren, P.Y.; Automation of AMOEBA polarizable force field 

parameterization for small molecules. Theor Chem Acc. 



Version 2.2.5 February 2020



Copyright (c)  Johnny Wu, Gaurav Chattree, Brandon Walker, Matthew Harger and Pengyu Ren 2019



All Rights Reserved

##############################################################################################################



idxtosymclass  {1: 401, 4: 402, 2: 403, 8: 405, 9: 405, 3: 406, 5: 409, 6: 409, 7: 409}
atomidx  1
highestsymneighbnorepeatidx 4
val  1 highestsymneighbnorepeatval 3
uniqueneighbtypesofhighestsymneighbnorepeat [401, 403, 406]
uniqueneighbtypes [402]
z-then-x
atomidx  2
highestsymneighbnorepeatidx 4
val  3 highestsymneighbnorepeatval 3
uniqueneighbtypesofhighestsymneighbnorepeat [401, 403, 406]
uniqueneighbtypes [402, 405]
z-then-x
atomidx  3
highestsymneighbnorepeatidx 4
val  4 highestsymneighbnorepeatval 3
uniqueneighbtypesofhighestsymneighbnorepeat [401, 403, 406]
uniqueneighbtypes [409, 402]
z-then-x
atomidx  4
highestsymneighbnorepeatidx 3
val  3 highestsymneighbnorepeatval 4
uniqueneighbtypesofhighestsymneighbnorepeat [409, 402]
uniqueneighbtypes [401, 403, 406]
z-then-x
atomidx  5
highestsymneighbnorepeatidx 3
val  1 highestsymneighbnorepeatval 4
uniqueneighbtypesofhighestsymneighbnorepeat [409, 402]
uniqueneighbtypes [406]
z-then-x
atomidx  6
highestsymneighbnorepeatidx 3
val  1 highestsymneighbnorepeatval 4
uniqueneighbtypesofhighestsymneighbnorepeat [409, 402]
uniqueneighbtypes [406]
z-then-x
atomidx  7
highestsymneighbnorepeatidx 3
val  1 highestsymneighbnorepeatval 4
uniqueneighbtypesofhighestsymneighbnorepeat [409, 402]
uniqueneighbtypes [406]
z-then-x
atomidx  8
highestsymneighbnorepeatidx 2
val  1 highestsymneighbnorepeatval 3
uniqueneighbtypesofhighestsymneighbnorepeat [402, 405]
uniqueneighbtypes [403]
z-then-x
atomidx  9
highestsymneighbnorepeatidx 2
val  1 highestsymneighbnorepeatval 3
uniqueneighbtypesofhighestsymneighbnorepeat [402, 405]
uniqueneighbtypes [403]
z-then-x
no bisector and no trisector 1
no bisector and no trisector 2
no bisector and no trisector 3
no bisector and no trisector 4
no bisector and no trisector 5
no bisector and no trisector 6
no bisector and no trisector 7
no bisector and no trisector 8
no bisector and no trisector 9
