
     ######################################################################
   ##########################################################################
  ###                                                                      ###
 ###            Tinker  ---  Software Tools for Molecular Design            ###
 ##                                                                          ##
 ##                          Version 8.7  June 2019                          ##
 ##                                                                          ##
 ##               Copyright (c)  Jay William Ponder  1990-2019               ##
 ###                           All Rights Reserved                          ###
  ###                                                                      ###
   ##########################################################################
     ######################################################################


 Additional Atom Definition Parameters :

     Type  Class  Symbol  Description               Atomic    Mass   Valence

     402    402     O     methanol                     8     15.999     2
     401    401     C     methanol                     6     12.011     4
     403    403     H     methanol                     1      1.008     1
     404    404     H     methanol                     1      1.008     1

 Additional Bond Stretching Parameters :

     Atom Classes             K(S)         Length

       401 402             500.100         1.4245
       402 404             615.900         0.9701
       401 403             385.000         1.0970

 Additional Angle Bending Parameters :

     Atom Classes             K(B)          Angle

     403 401 403            40.570        108.533
     402 401 403            60.990        106.257
     401 402 404            64.960        107.328

 Additional Stretch-Bend Parameters :

     Atom Classes          K(SB)-1        K(SB)-2

     402 401 403            -4.500         38.000
     401 402 404            -4.500         38.000

 Additional Torsional Parameters :

     Atom Classes     1-Fold    2-Fold    3-Fold    4-Fold    5-Fold    6-Fold

   403 401 402 404   0.00   0  0.00 180  0.00   0  0.00   0  0.00   0  0.00   0

 Additional van der Waals Parameters :

     Atom Class               Size        Epsilon        Reduction

         402                3.4050         0.1100          0.000
         401                3.7600         0.1010          0.000
         403                2.8700         0.0240          0.910
         404                2.6550         0.0135          0.910

 Additional Atomic Multipole Parameters :

     Atom Type     Coordinate Frame Definition         Multipole Moments

         401      402    404      0   Z-then-X     0.14948
                                                  -0.07932  0.00000  0.42824
                                                  -0.39945
                                                   0.00000 -0.41718
                                                   0.03099  0.00000  0.81663

         402      401    404      0   Z-then-X    -0.43257
                                                   0.19658  0.00000  0.27808
                                                   0.13503
                                                   0.00000 -0.43843
                                                  -0.15929  0.00000  0.30340

         403      401    402      0   Z-then-X     0.02375
                                                   0.00073  0.00000 -0.10207
                                                   0.02679
                                                   0.00000  0.01450
                                                  -0.02766  0.00000 -0.04129

         404      402    401      0   Z-then-X     0.21184
                                                  -0.02957  0.00000 -0.09812
                                                   0.03539
                                                   0.00000 -0.09473
                                                  -0.02219  0.00000  0.05934

 Additional Atomic Dipole Polarizability Parameters :

     Atom Type           Alpha       Thole     Group Atom Types

         402             0.837       0.390         401  404
         401             1.334       0.390         402  403
         403             0.496       0.390         401
         404             0.496       0.390         402

 Limited Memory BFGS Quasi-Newton Optimization :

 QN Iter     F Value      G RMS      F Move   X Move   Angle  FG Call  Comment

     0        1.8529    18.3799                                   1
     1        1.6128    10.5693      0.2401   0.0041    0.00      3    Success 
     2        1.5026     8.1669      0.1102   0.0024   30.64      4    Success 
     3        1.3273     6.0768      0.1753   0.0052   30.97      5    Success 
     4        1.1304     5.4250      0.1970   0.0118   35.18      6    Success 
     5        1.0823     4.0830      0.0480   0.0046   50.12      8    Success 
     6        1.0511     2.7484      0.0312   0.0027   52.78      9    Success 
     7        1.0139     1.9700      0.0372   0.0050   44.00     10    Success 
     8        0.9945     1.8089      0.0194   0.0035   50.90     11    Success 
     9        0.9923     3.7601      0.0022   0.0063   55.11     12    Success 
    10        0.9882     3.2032      0.0041   0.0002   33.94     13    Success 
    11        0.9814     2.0483      0.0067   0.0006   42.60     14    Success 
    12        0.9766     0.0946      0.0048   0.0011   43.06     15    Success 
    13        0.9766     0.0598      0.0000   0.0000   29.76     16    Success 
    14        0.9766     0.0250      0.0000   0.0001   24.60     17    Success 
    15        0.9766     0.0195      0.0000   0.0000   29.59     18    Success 
    16        0.9766     0.0306      0.0000   0.0001   35.23     19    Success 
    17        0.9766     0.0205      0.0000   0.0000   45.62     20    Success 
    18        0.9765     0.0016      0.0000   0.0000   56.69     21    Success 
    19        0.9765     0.0007      0.0000   0.0000   40.17     22   SmallGrad

 LBFGS  --  Normal Termination due to SmallGrad

 Final Function Value :            0.9765
 Final RMS Gradient :              0.0007
 Final Gradient Norm :             0.0017
