
     ######################################################################
   ##########################################################################
  ###                                                                      ###
 ###            Tinker  ---  Software Tools for Molecular Design            ###
 ##                                                                          ##
 ##                          Version 8.7  June 2019                          ##
 ##                                                                          ##
 ##               Copyright (c)  Jay William Ponder  1990-2019               ##
 ###                           All Rights Reserved                          ###
  ###                                                                      ###
   ##########################################################################
     ######################################################################


 Additional Atom Definition Parameters :

     Type  Class  Symbol  Description               Atomic    Mass   Valence

     402    402     O     methanol                     8     15.999     2
     401    401     C     methanol                     6     12.011     4
     403    403     H     methanol                     1      1.008     1
     404    404     H     methanol                     1      1.008     1

 Additional Bond Stretching Parameters :

     Atom Classes             K(S)         Length

       401 402             500.100         1.4245
       402 404             615.900         0.9701
       401 403             385.000         1.0970

 Additional Angle Bending Parameters :

     Atom Classes             K(B)          Angle

     403 401 403            40.570        108.533
     402 401 403            60.990        106.257
     401 402 404            64.960        107.328

 Additional Stretch-Bend Parameters :

     Atom Classes          K(SB)-1        K(SB)-2

     402 401 403            -4.500         38.000
     401 402 404            -4.500         38.000

 Additional Torsional Parameters :

     Atom Classes     1-Fold    2-Fold    3-Fold    4-Fold    5-Fold    6-Fold

   403 401 402 404   0.00   0  0.00 180  0.00   0  0.00   0  0.00   0  0.00   0

 Additional van der Waals Parameters :

     Atom Class               Size        Epsilon        Reduction

         402                3.4050         0.1100          0.000
         401                3.7600         0.1010          0.000
         403                2.8700         0.0240          0.910
         404                2.6550         0.0135          0.910

 Additional Atomic Multipole Parameters :

     Atom Type     Coordinate Frame Definition         Multipole Moments

         401      402    404      0   Z-then-X     0.14948
                                                  -0.07932  0.00000  0.42824
                                                  -0.39945
                                                   0.00000 -0.41718
                                                   0.03099  0.00000  0.81663

         402      401    404      0   Z-then-X    -0.43257
                                                   0.19658  0.00000  0.27808
                                                   0.13503
                                                   0.00000 -0.43843
                                                  -0.15929  0.00000  0.30340

         403      401    402      0   Z-then-X     0.02375
                                                   0.00073  0.00000 -0.10207
                                                   0.02679
                                                   0.00000  0.01450
                                                  -0.02766  0.00000 -0.04129

         404      402    401      0   Z-then-X     0.21184
                                                  -0.02957  0.00000 -0.09812
                                                   0.03539
                                                   0.00000 -0.09473
                                                  -0.02219  0.00000  0.05934

 Additional Atomic Dipole Polarizability Parameters :

     Atom Type           Alpha       Thole     Group Atom Types

         402             0.837       0.390         401  404
         401             1.334       0.390         402  403
         403             0.496       0.390         401
         404             0.496       0.390         402

 Limited Memory BFGS Quasi-Newton Optimization :

 QN Iter     F Value      G RMS      F Move   X Move   Angle  FG Call  Comment

     0        1.1203     5.2686                                   1
     1        1.1076     0.6855      0.0127   0.0008    0.00      3    Success 
     2        1.1072     0.5684      0.0004   0.0001    7.34      4    Success 
     3        1.1065     0.4937      0.0007   0.0002   10.17      5    Success 
     4        1.1053     0.5012      0.0012   0.0005   16.86      6    Success 
     5        1.1034     0.5203      0.0019   0.0010   38.95      7    Success 
     6        1.1021     0.3234      0.0013   0.0015   57.93      8    Success 
     7        1.1021     0.1654      0.0000   0.0001   57.78      9    Success 
     8        1.1021     0.0525      0.0000   0.0000   42.67     10    Success 
     9        1.1021     0.0412      0.0000   0.0000   28.98     11    Success 
    10        1.1021     0.0497      0.0000   0.0001   42.16     12    Success 
    11        1.1021     0.0461      0.0000   0.0001   63.97     13    Success 
    12        1.1020     0.0252      0.0000   0.0001   68.29     14    Success 
    13        1.1020     0.0132      0.0000   0.0000   45.56     15    Success 
    14        1.1020     0.0033      0.0000   0.0000   43.40     16    Success 
    15        1.1020     0.0008      0.0000   0.0000   35.03     17   SmallGrad

 LBFGS  --  Normal Termination due to SmallGrad

 Final Function Value :            1.1020
 Final RMS Gradient :              0.0008
 Final Gradient Norm :             0.0019
