
     ######################################################################
   ##########################################################################
  ###                                                                      ###
 ###            Tinker  ---  Software Tools for Molecular Design            ###
 ##                                                                          ##
 ##                          Version 8.7  June 2019                          ##
 ##                                                                          ##
 ##               Copyright (c)  Jay William Ponder  1990-2019               ##
 ###                           All Rights Reserved                          ###
  ###                                                                      ###
   ##########################################################################
     ######################################################################


 Additional Atom Definition Parameters :

     Type  Class  Symbol  Description               Atomic    Mass   Valence

     402    402     O     methanol                     8     15.999     2
     401    401     C     methanol                     6     12.011     4
     403    403     H     methanol                     1      1.008     1
     404    404     H     methanol                     1      1.008     1

 Additional Bond Stretching Parameters :

     Atom Classes             K(S)         Length

       401 402             500.100         1.4245
       402 404             615.900         0.9701
       401 403             385.000         1.0970

 Additional Angle Bending Parameters :

     Atom Classes             K(B)          Angle

     403 401 403            40.570        108.533
     402 401 403            60.990        106.257
     401 402 404            64.960        107.328

 Additional Stretch-Bend Parameters :

     Atom Classes          K(SB)-1        K(SB)-2

     402 401 403            -4.500         38.000
     401 402 404            -4.500         38.000

 Additional Torsional Parameters :

     Atom Classes     1-Fold    2-Fold    3-Fold    4-Fold    5-Fold    6-Fold

   403 401 402 404   0.00   0  0.00 180  0.00   0  0.00   0  0.00   0  0.00   0

 Additional van der Waals Parameters :

     Atom Class               Size        Epsilon        Reduction

         402                3.4050         0.1100          0.000
         401                3.7600         0.1010          0.000
         403                2.8700         0.0240          0.910
         404                2.6550         0.0135          0.910

 Additional Atomic Multipole Parameters :

     Atom Type     Coordinate Frame Definition         Multipole Moments

         401      402    404      0   Z-then-X     0.14948
                                                  -0.07932  0.00000  0.42824
                                                  -0.39945
                                                   0.00000 -0.41718
                                                   0.03099  0.00000  0.81663

         402      401    404      0   Z-then-X    -0.43257
                                                   0.19658  0.00000  0.27808
                                                   0.13503
                                                   0.00000 -0.43843
                                                  -0.15929  0.00000  0.30340

         403      401    402      0   Z-then-X     0.02375
                                                   0.00073  0.00000 -0.10207
                                                   0.02679
                                                   0.00000  0.01450
                                                  -0.02766  0.00000 -0.04129

         404      402    401      0   Z-then-X     0.21184
                                                  -0.02957  0.00000 -0.09812
                                                   0.03539
                                                   0.00000 -0.09473
                                                  -0.02219  0.00000  0.05934

 Additional Atomic Dipole Polarizability Parameters :

     Atom Type           Alpha       Thole     Group Atom Types

         402             0.837       0.390         401  404
         401             1.334       0.390         402  403
         403             0.496       0.390         401
         404             0.496       0.390         402

 Limited Memory BFGS Quasi-Newton Optimization :

 QN Iter     F Value      G RMS      F Move   X Move   Angle  FG Call  Comment

     0      272.9235   803.8882                                   1
     1       51.4765   248.9062    221.4470   0.1701    0.00      2    Success 
     2       13.1586    98.2491     38.3178   0.0373    4.54      3    Success 
     3        4.8263    46.7228      8.3323   0.0289    5.95      4    Success 
     4        3.2933    24.3978      1.5331   0.0079   24.33      5    Success 
     5        2.4516    12.8177      0.8417   0.0122   24.28      6    Success 
     6        2.1655    10.6489      0.2861   0.0049   29.25      7    Success 
     7        1.7102     7.4738      0.4553   0.0109   34.89      8    Success 
     8        1.2357     6.4395      0.4745   0.0248   37.16      9    Success 
     9        1.1832     4.1068      0.0525   0.0042   49.27     11    Success 
    10        1.1528     2.5013      0.0305   0.0025   51.14     12    Success 
    11        1.1209     2.0071      0.0318   0.0042   34.82     13    Success 
    12        1.1090     2.2746      0.0119   0.0028   49.48     14    Success 
    13        1.1038     0.6293      0.0052   0.0017   60.99     15    Success 
    14        1.1032     0.2897      0.0006   0.0004   51.51     16    Success 
    15        1.1029     0.2210      0.0003   0.0002   34.67     17    Success 
    16        1.1025     0.2229      0.0004   0.0005   30.59     18    Success 
    17        1.1022     0.2624      0.0003   0.0007   50.47     19    Success 
    18        1.1021     0.2021      0.0001   0.0004   59.41     20    Success 
    19        1.1021     0.0375      0.0000   0.0002   61.38     21    Success 
    20        1.1021     0.0192      0.0000   0.0000   40.47     22    Success 
    21        1.1021     0.0181      0.0000   0.0000   25.83     23    Success 
    22        1.1020     0.0141      0.0000   0.0000   38.32     24    Success 
    23        1.1020     0.0207      0.0000   0.0000   49.73     26    Success 
    24        1.1020     0.0060      0.0000   0.0000   66.05     27    Success 
    25        1.1020     0.0008      0.0000   0.0000   53.67     28   SmallGrad

 LBFGS  --  Normal Termination due to SmallGrad

 Final Function Value :            1.1020
 Final RMS Gradient :              0.0008
 Final Gradient Norm :             0.0020
