
     ######################################################################
   ##########################################################################
  ###                                                                      ###
 ###            Tinker  ---  Software Tools for Molecular Design            ###
 ##                                                                          ##
 ##                          Version 8.7  June 2019                          ##
 ##                                                                          ##
 ##               Copyright (c)  Jay William Ponder  1990-2019               ##
 ###                           All Rights Reserved                          ###
  ###                                                                      ###
   ##########################################################################
     ######################################################################


 Additional Atom Definition Parameters :

     Type  Class  Symbol  Description               Atomic    Mass   Valence

     402    402     O     methanol                     8     15.999     2
     401    401     C     methanol                     6     12.011     4
     403    403     H     methanol                     1      1.008     1
     404    404     H     methanol                     1      1.008     1

 Additional Bond Stretching Parameters :

     Atom Classes             K(S)         Length

       401 402             500.100         1.4245
       402 404             615.900         0.9701
       401 403             385.000         1.0970

 Additional Angle Bending Parameters :

     Atom Classes             K(B)          Angle

     403 401 403            40.570        108.533
     402 401 403            60.990        106.257
     401 402 404            64.960        107.328

 Additional Stretch-Bend Parameters :

     Atom Classes          K(SB)-1        K(SB)-2

     402 401 403            -4.500         38.000
     401 402 404            -4.500         38.000

 Additional Torsional Parameters :

     Atom Classes     1-Fold    2-Fold    3-Fold    4-Fold    5-Fold    6-Fold

   403 401 402 404   0.00   0  0.00 180  0.00   0  0.00   0  0.00   0  0.00   0

 Additional van der Waals Parameters :

     Atom Class               Size        Epsilon        Reduction

         402                3.4050         0.1100          0.000
         401                3.7600         0.1010          0.000
         403                2.8700         0.0240          0.910
         404                2.6550         0.0135          0.910

 Additional Atomic Multipole Parameters :

     Atom Type     Coordinate Frame Definition         Multipole Moments

         401      402    404      0   Z-then-X     0.14948
                                                  -0.07932  0.00000  0.42824
                                                  -0.39945
                                                   0.00000 -0.41718
                                                   0.03099  0.00000  0.81663

         402      401    404      0   Z-then-X    -0.43257
                                                   0.19658  0.00000  0.27808
                                                   0.13503
                                                   0.00000 -0.43843
                                                  -0.15929  0.00000  0.30340

         403      401    402      0   Z-then-X     0.02375
                                                   0.00073  0.00000 -0.10207
                                                   0.02679
                                                   0.00000  0.01450
                                                  -0.02766  0.00000 -0.04129

         404      402    401      0   Z-then-X     0.21184
                                                  -0.02957  0.00000 -0.09812
                                                   0.03539
                                                   0.00000 -0.09473
                                                  -0.02219  0.00000  0.05934

 Additional Atomic Dipole Polarizability Parameters :

     Atom Type           Alpha       Thole     Group Atom Types

         402             0.837       0.390         401  404
         401             1.334       0.390         402  403
         403             0.496       0.390         401
         404             0.496       0.390         402

 Limited Memory BFGS Quasi-Newton Optimization :

 QN Iter     F Value      G RMS      F Move   X Move   Angle  FG Call  Comment

     0        1.9334    17.0641                                   1
     1        1.6949    11.2118      0.2385   0.0045    0.00      3    Success 
     2        1.5740     7.9844      0.1209   0.0027   33.99      4    Success 
     3        1.3932     6.2143      0.1809   0.0060   32.29      5    Success 
     4        1.2207     4.7146      0.1725   0.0099   41.02      6    Success 
     5        1.1923     8.7279      0.0284   0.0096   49.08      7    Success 
     6        1.1465     5.4062      0.0458   0.0011   11.06      8    Success 
     7        1.1068     1.5726      0.0397   0.0025   29.27      9    Success 
     8        1.0988     1.5876      0.0080   0.0014   42.74     10    Success 
     9        1.0857     1.3755      0.0131   0.0023   43.94     11    Success 
    10        1.0741     1.4629      0.0116   0.0048   48.37     12    Success 
    11        1.0722     0.4041      0.0019   0.0007   52.69     14    Success 
    12        1.0719     0.1832      0.0002   0.0004   66.51     15    Success 
    13        1.0718     0.1237      0.0001   0.0001   22.22     16    Success 
    14        1.0717     0.1083      0.0001   0.0002   31.59     17    Success 
    15        1.0717     0.0827      0.0001   0.0002   51.13     18    Success 
    16        1.0716     0.0429      0.0000   0.0002   56.48     19    Success 
    17        1.0716     0.0129      0.0000   0.0000   52.66     21    Success 
    18        1.0716     0.0032      0.0000   0.0000   60.20     22    Success 
    19        1.0716     0.0006      0.0000   0.0000   32.62     23   SmallGrad

 LBFGS  --  Normal Termination due to SmallGrad

 Final Function Value :            1.0716
 Final RMS Gradient :              0.0006
 Final Gradient Norm :             0.0015
