
     ######################################################################
   ##########################################################################
  ###                                                                      ###
 ###            Tinker  ---  Software Tools for Molecular Design            ###
 ##                                                                          ##
 ##                          Version 8.7  June 2019                          ##
 ##                                                                          ##
 ##               Copyright (c)  Jay William Ponder  1990-2019               ##
 ###                           All Rights Reserved                          ###
  ###                                                                      ###
   ##########################################################################
     ######################################################################


 Additional Atom Definition Parameters :

     Type  Class  Symbol  Description               Atomic    Mass   Valence

     402    402     O     methanol                     8     15.999     2
     401    401     C     methanol                     6     12.011     4
     403    403     H     methanol                     1      1.008     1
     404    404     H     methanol                     1      1.008     1

 Additional Bond Stretching Parameters :

     Atom Classes             K(S)         Length

       401 402             500.100         1.4245
       402 404             615.900         0.9701
       401 403             385.000         1.0970

 Additional Angle Bending Parameters :

     Atom Classes             K(B)          Angle

     403 401 403            40.570        108.533
     402 401 403            60.990        106.257
     401 402 404            64.960        107.328

 Additional Stretch-Bend Parameters :

     Atom Classes          K(SB)-1        K(SB)-2

     402 401 403            -4.500         38.000
     401 402 404            -4.500         38.000

 Additional Torsional Parameters :

     Atom Classes     1-Fold    2-Fold    3-Fold    4-Fold    5-Fold    6-Fold

   403 401 402 404   0.80   0 -0.80 180  0.23   0  0.00   0  0.00   0  0.00   0

 Additional van der Waals Parameters :

     Atom Class               Size        Epsilon        Reduction

         402                3.4050         0.1100          0.000
         401                3.7600         0.1010          0.000
         403                2.8700         0.0240          0.910
         404                2.6550         0.0135          0.910

 Additional Atomic Multipole Parameters :

     Atom Type     Coordinate Frame Definition         Multipole Moments

         401      402    404      0   Z-then-X     0.14948
                                                  -0.07932  0.00000  0.42824
                                                  -0.39945
                                                   0.00000 -0.41718
                                                   0.03099  0.00000  0.81663

         402      401    404      0   Z-then-X    -0.43257
                                                   0.19658  0.00000  0.27808
                                                   0.13503
                                                   0.00000 -0.43843
                                                  -0.15929  0.00000  0.30340

         403      401    402      0   Z-then-X     0.02375
                                                   0.00073  0.00000 -0.10207
                                                   0.02679
                                                   0.00000  0.01450
                                                  -0.02766  0.00000 -0.04129

         404      402    401      0   Z-then-X     0.21184
                                                  -0.02957  0.00000 -0.09812
                                                   0.03539
                                                   0.00000 -0.09473
                                                  -0.02219  0.00000  0.05934

 Additional Atomic Dipole Polarizability Parameters :

     Atom Type           Alpha       Thole     Group Atom Types

         402             0.837       0.390         401  404
         401             1.334       0.390         402  403
         403             0.496       0.390         401
         404             0.496       0.390         402

 Limited Memory BFGS Quasi-Newton Optimization :

 QN Iter     F Value      G RMS      F Move   X Move   Angle  FG Call  Comment

     0        3.6242    30.0514                                   1
     1        2.4538    14.2217      1.1704   0.0160    0.00      3    Success 
     2        2.2001     6.9326      0.2537   0.0046   13.91      4    Success 
     3        2.0602     4.2760      0.1400   0.0052   19.77      5    Success 
     4        1.9809     2.7395      0.0792   0.0054   34.14      6    Success 
     5        1.9262     2.1010      0.0548   0.0064   39.04      7    Success 
     6        1.9071     2.8530      0.0190   0.0041   42.38      9    Success 
     7        1.8922     1.0698      0.0149   0.0033   62.82     10    Success 
     8        1.8891     0.5930      0.0031   0.0012   47.43     11    Success 
     9        1.8877     0.3737      0.0014   0.0010   44.17     12    Success 
    10        1.8871     0.1912      0.0005   0.0006   41.21     13    Success 
    11        1.8870     0.0823      0.0001   0.0002   38.18     14    Success 
    12        1.8870     0.0733      0.0000   0.0001   35.03     15    Success 
    13        1.8869     0.0191      0.0000   0.0002   42.96     16    Success 
    14        1.8869     0.0061      0.0000   0.0000   41.78     17    Success 
    15        1.8869     0.0008      0.0000   0.0000   27.68     18   SmallGrad

 LBFGS  --  Normal Termination due to SmallGrad

 Final Function Value :            1.8869
 Final RMS Gradient :              0.0008
 Final Gradient Norm :             0.0021
