
     ######################################################################
   ##########################################################################
  ###                                                                      ###
 ###            Tinker  ---  Software Tools for Molecular Design            ###
 ##                                                                          ##
 ##                          Version 8.7  June 2019                          ##
 ##                                                                          ##
 ##               Copyright (c)  Jay William Ponder  1990-2019               ##
 ###                           All Rights Reserved                          ###
  ###                                                                      ###
   ##########################################################################
     ######################################################################


 Additional Atom Definition Parameters :

     Type  Class  Symbol  Description               Atomic    Mass   Valence

     402    402     O     methanol                     8     15.999     2
     401    401     C     methanol                     6     12.011     4
     403    403     H     methanol                     1      1.008     1
     404    404     H     methanol                     1      1.008     1

 Additional Bond Stretching Parameters :

     Atom Classes             K(S)         Length

       401 402             500.100         1.4245
       402 404             615.900         0.9701
       401 403             385.000         1.0970

 Additional Angle Bending Parameters :

     Atom Classes             K(B)          Angle

     403 401 403            40.570        108.533
     402 401 403            60.990        106.257
     401 402 404            64.960        107.328

 Additional Stretch-Bend Parameters :

     Atom Classes          K(SB)-1        K(SB)-2

     402 401 403            -4.500         38.000
     401 402 404            -4.500         38.000

 Additional Torsional Parameters :

     Atom Classes     1-Fold    2-Fold    3-Fold    4-Fold    5-Fold    6-Fold

   403 401 402 404   0.00   0  0.00 180  0.00   0  0.00   0  0.00   0  0.00   0

 Additional van der Waals Parameters :

     Atom Class               Size        Epsilon        Reduction

         402                3.4050         0.1100          0.000
         401                3.7600         0.1010          0.000
         403                2.8700         0.0240          0.910
         404                2.6550         0.0135          0.910

 Additional Atomic Multipole Parameters :

     Atom Type     Coordinate Frame Definition         Multipole Moments

         401      402    404      0   Z-then-X     0.14948
                                                  -0.07932  0.00000  0.42824
                                                  -0.39945
                                                   0.00000 -0.41718
                                                   0.03099  0.00000  0.81663

         402      401    404      0   Z-then-X    -0.43257
                                                   0.19658  0.00000  0.27808
                                                   0.13503
                                                   0.00000 -0.43843
                                                  -0.15929  0.00000  0.30340

         403      401    402      0   Z-then-X     0.02375
                                                   0.00073  0.00000 -0.10207
                                                   0.02679
                                                   0.00000  0.01450
                                                  -0.02766  0.00000 -0.04129

         404      402    401      0   Z-then-X     0.21184
                                                  -0.02957  0.00000 -0.09812
                                                   0.03539
                                                   0.00000 -0.09473
                                                  -0.02219  0.00000  0.05934

 Additional Atomic Dipole Polarizability Parameters :

     Atom Type           Alpha       Thole     Group Atom Types

         402             0.837       0.390         401  404
         401             1.334       0.390         402  403
         403             0.496       0.390         401
         404             0.496       0.390         402

 Limited Memory BFGS Quasi-Newton Optimization :

 QN Iter     F Value      G RMS      F Move   X Move   Angle  FG Call  Comment

     0        2.5335    26.4471                                   1
     1        1.7962    18.5707      0.7373   0.0191    0.00      3    Success 
     2        1.3677     7.3652      0.4285   0.0061    5.44      4    Success 
     3        1.2506     6.8288      0.1171   0.0047    7.03      5    Success 
     4        1.1671     5.8026      0.0835   0.0054   46.50      6    Success 
     5        1.1122     3.7178      0.0550   0.0039   55.61      7    Success 
     6        1.0577     2.8081      0.0545   0.0051   46.24      8    Success 
     7        1.0213     3.5882      0.0364   0.0064   44.85      9    Success 
     8        1.0006     1.7220      0.0207   0.0030   54.49     10    Success 
     9        0.9922     1.4147      0.0084   0.0013   40.01     11    Success 
    10        0.9804     0.8781      0.0118   0.0027   43.61     12    Success 
    11        0.9783     0.9347      0.0021   0.0012   49.72     14    Success 
    12        0.9766     0.1373      0.0017   0.0014   61.78     15    Success 
    13        0.9766     0.0696      0.0000   0.0002   52.14     16    Success 
    14        0.9766     0.0540      0.0000   0.0001   46.26     17    Success 
    15        0.9766     0.0317      0.0000   0.0000   45.52     18    Success 
    16        0.9766     0.0276      0.0000   0.0001   35.31     19    Success 
    17        0.9766     0.0178      0.0000   0.0001   53.02     20    Success 
    18        0.9765     0.0039      0.0000   0.0000   58.01     21    Success 
    19        0.9765     0.0009      0.0000   0.0000   35.13     22   SmallGrad

 LBFGS  --  Normal Termination due to SmallGrad

 Final Function Value :            0.9765
 Final RMS Gradient :              0.0009
 Final Gradient Norm :             0.0022
