
     ######################################################################
   ##########################################################################
  ###                                                                      ###
 ###            Tinker  ---  Software Tools for Molecular Design            ###
 ##                                                                          ##
 ##                          Version 8.7  June 2019                          ##
 ##                                                                          ##
 ##               Copyright (c)  Jay William Ponder  1990-2019               ##
 ###                           All Rights Reserved                          ###
  ###                                                                      ###
   ##########################################################################
     ######################################################################


 Additional Atom Definition Parameters :

     Type  Class  Symbol  Description               Atomic    Mass   Valence

     402    402     O     methanol                     8     15.999     2
     401    401     C     methanol                     6     12.011     4
     403    403     H     methanol                     1      1.008     1
     404    404     H     methanol                     1      1.008     1

 Additional Bond Stretching Parameters :

     Atom Classes             K(S)         Length

       401 402             500.100         1.4245
       402 404             615.900         0.9701
       401 403             385.000         1.0970

 Additional Angle Bending Parameters :

     Atom Classes             K(B)          Angle

     403 401 403            40.570        108.533
     402 401 403            60.990        106.257
     401 402 404            64.960        107.328

 Additional Stretch-Bend Parameters :

     Atom Classes          K(SB)-1        K(SB)-2

     402 401 403            -4.500         38.000
     401 402 404            -4.500         38.000

 Additional Torsional Parameters :

     Atom Classes     1-Fold    2-Fold    3-Fold    4-Fold    5-Fold    6-Fold

   403 401 402 404   0.80   0 -0.80 180  0.23   0  0.00   0  0.00   0  0.00   0

 Additional van der Waals Parameters :

     Atom Class               Size        Epsilon        Reduction

         402                3.4050         0.1100          0.000
         401                3.7600         0.1010          0.000
         403                2.8700         0.0240          0.910
         404                2.6550         0.0135          0.910

 Additional Atomic Multipole Parameters :

     Atom Type     Coordinate Frame Definition         Multipole Moments

         401      402    404      0   Z-then-X     0.14948
                                                  -0.07932  0.00000  0.42824
                                                  -0.39945
                                                   0.00000 -0.41718
                                                   0.03099  0.00000  0.81663

         402      401    404      0   Z-then-X    -0.43257
                                                   0.19658  0.00000  0.27808
                                                   0.13503
                                                   0.00000 -0.43843
                                                  -0.15929  0.00000  0.30340

         403      401    402      0   Z-then-X     0.02375
                                                   0.00073  0.00000 -0.10207
                                                   0.02679
                                                   0.00000  0.01450
                                                  -0.02766  0.00000 -0.04129

         404      402    401      0   Z-then-X     0.21184
                                                  -0.02957  0.00000 -0.09812
                                                   0.03539
                                                   0.00000 -0.09473
                                                  -0.02219  0.00000  0.05934

 Additional Atomic Dipole Polarizability Parameters :

     Atom Type           Alpha       Thole     Group Atom Types

         402             0.837       0.390         401  404
         401             1.334       0.390         402  403
         403             0.496       0.390         401
         404             0.496       0.390         402

 Limited Memory BFGS Quasi-Newton Optimization :

 QN Iter     F Value      G RMS      F Move   X Move   Angle  FG Call  Comment

     0        1.7243    12.7566                                   1
     1        1.4684     9.7537      0.2559   0.0071    0.00      3    Success 
     2        1.3199     6.6335      0.1485   0.0038   35.74      4    Success 
     3        1.1226     3.4495      0.1973   0.0089   32.64      5    Success 
     4        1.0386     4.6268      0.0840   0.0088   30.83      6    Success 
     5        1.0129     4.5706      0.0256   0.0035   57.96      8    Success 
     6        0.9910     2.0632      0.0219   0.0023   59.61      9    Success 
     7        0.9781     1.9075      0.0129   0.0021   45.64     10    Success 
     8        0.9621     1.8309      0.0161   0.0028   50.81     11    Success 
     9        0.9452     1.2477      0.0169   0.0051   54.92     12    Success 
    10        0.9438     0.4518      0.0013   0.0005   47.26     14    Success 
    11        0.9436     0.1027      0.0002   0.0002   54.35     15    Success 
    12        0.9436     0.0367      0.0000   0.0001   56.94     16    Success 
    13        0.9436     0.0310      0.0000   0.0000   33.54     17    Success 
    14        0.9436     0.0204      0.0000   0.0000   34.12     18    Success 
    15        0.9436     0.0133      0.0000   0.0000   45.31     19    Success 
    16        0.9436     0.0048      0.0000   0.0000   48.42     20    Success 
    17        0.9436     0.0021      0.0000   0.0000   27.02     22    Success 
    18        0.9436     0.0004      0.0000   0.0000   51.01     23   SmallGrad

 LBFGS  --  Normal Termination due to SmallGrad

 Final Function Value :            0.9436
 Final RMS Gradient :              0.0004
 Final Gradient Norm :             0.0010
