
     ######################################################################
   ##########################################################################
  ###                                                                      ###
 ###            Tinker  ---  Software Tools for Molecular Design            ###
 ##                                                                          ##
 ##                          Version 8.7  June 2019                          ##
 ##                                                                          ##
 ##               Copyright (c)  Jay William Ponder  1990-2019               ##
 ###                           All Rights Reserved                          ###
  ###                                                                      ###
   ##########################################################################
     ######################################################################


 Additional Atom Definition Parameters :

     Type  Class  Symbol  Description               Atomic    Mass   Valence

     402    402     O     methanol                     8     15.999     2
     401    401     C     methanol                     6     12.011     4
     403    403     H     methanol                     1      1.008     1
     404    404     H     methanol                     1      1.008     1

 Additional Bond Stretching Parameters :

     Atom Classes             K(S)         Length

       401 402             500.100         1.4245
       402 404             615.900         0.9701
       401 403             385.000         1.0970

 Additional Angle Bending Parameters :

     Atom Classes             K(B)          Angle

     403 401 403            40.570        108.533
     402 401 403            60.990        106.257
     401 402 404            64.960        107.328

 Additional Stretch-Bend Parameters :

     Atom Classes          K(SB)-1        K(SB)-2

     402 401 403            -4.500         38.000
     401 402 404            -4.500         38.000

 Additional Torsional Parameters :

     Atom Classes     1-Fold    2-Fold    3-Fold    4-Fold    5-Fold    6-Fold

   403 401 402 404   0.80   0 -0.80 180  0.23   0  0.00   0  0.00   0  0.00   0

 Additional van der Waals Parameters :

     Atom Class               Size        Epsilon        Reduction

         402                3.4050         0.1100          0.000
         401                3.7600         0.1010          0.000
         403                2.8700         0.0240          0.910
         404                2.6550         0.0135          0.910

 Additional Atomic Multipole Parameters :

     Atom Type     Coordinate Frame Definition         Multipole Moments

         401      402    404      0   Z-then-X     0.14948
                                                  -0.07932  0.00000  0.42824
                                                  -0.39945
                                                   0.00000 -0.41718
                                                   0.03099  0.00000  0.81663

         402      401    404      0   Z-then-X    -0.43257
                                                   0.19658  0.00000  0.27808
                                                   0.13503
                                                   0.00000 -0.43843
                                                  -0.15929  0.00000  0.30340

         403      401    402      0   Z-then-X     0.02375
                                                   0.00073  0.00000 -0.10207
                                                   0.02679
                                                   0.00000  0.01450
                                                  -0.02766  0.00000 -0.04129

         404      402    401      0   Z-then-X     0.21184
                                                  -0.02957  0.00000 -0.09812
                                                   0.03539
                                                   0.00000 -0.09473
                                                  -0.02219  0.00000  0.05934

 Additional Atomic Dipole Polarizability Parameters :

     Atom Type           Alpha       Thole     Group Atom Types

         402             0.837       0.390         401  404
         401             1.334       0.390         402  403
         403             0.496       0.390         401
         404             0.496       0.390         402

 Limited Memory BFGS Quasi-Newton Optimization :

 QN Iter     F Value      G RMS      F Move   X Move   Angle  FG Call  Comment

     0        3.4210    29.5035                                   1
     1        2.4487    16.7597      0.9723   0.0161    0.00      3    Success 
     2        2.1905     9.1181      0.2582   0.0046    5.22      4    Success 
     3        2.0976     5.6140      0.0929   0.0031   29.56      5    Success 
     4        2.0181     4.3360      0.0795   0.0040   37.25      6    Success 
     5        1.9308     2.6169      0.0873   0.0069   42.98      7    Success 
     6        1.9242     6.0806      0.0066   0.0063   44.08      8    Success 
     7        1.9124     4.9000      0.0118   0.0004   23.72      9    Success 
     8        1.8944     2.5553      0.0180   0.0009   26.73     10    Success 
     9        1.8849     0.9208      0.0095   0.0014   39.08     11    Success 
    10        1.8825     0.9617      0.0024   0.0007   45.99     12    Success 
    11        1.8785     0.7964      0.0040   0.0013   48.50     13    Success 
    12        1.8754     0.7552      0.0031   0.0026   49.81     14    Success 
    13        1.8748     0.1857      0.0006   0.0004   44.39     16    Success 
    14        1.8747     0.0816      0.0001   0.0003   56.18     17    Success 
    15        1.8746     0.0394      0.0000   0.0001   33.78     18    Success 
    16        1.8746     0.0419      0.0000   0.0000   34.67     19    Success 
    17        1.8746     0.0206      0.0000   0.0000   39.70     20    Success 
    18        1.8746     0.0080      0.0000   0.0000   37.38     21    Success 
    19        1.8746     0.0033      0.0000   0.0000   47.18     22    Success 
    20        1.8746     0.0006      0.0000   0.0000   59.50     23   SmallGrad

 LBFGS  --  Normal Termination due to SmallGrad

 Final Function Value :            1.8746
 Final RMS Gradient :              0.0006
 Final Gradient Norm :             0.0015
