Sat Dec 21 15:14:11 2019 Calling: ssh node35 "cd /home/bdw2292/poltype/Examples/MethanolFitRotBndsList/qm-torsion;source /home/bdw2292/.poltype.bashrc;mkdir /scratch/bdw2292/Gau-methanol"
mkdir: cannot create directory ‘/scratch/bdw2292/Gau-methanol’: File exists
Sat Dec 21 15:14:13 2019 Calling: ssh node35 "cd /home/bdw2292/poltype/Examples/MethanolFitRotBndsList/qm-torsion;source /home/bdw2292/.poltype.bashrc;GAUSS_SCRDIR=/scratch/bdw2292/Gau-methanol g09 methanol-sp-6-1-2-3-061.com"
Sat Dec 21 15:14:13 2019 Calling: ssh node36 "cd /home/bdw2292/poltype/Examples/MethanolFitRotBndsList/qm-torsion;source /home/bdw2292/.poltype.bashrc;mkdir /scratch/bdw2292/Gau-methanol"
mkdir: cannot create directory ‘/scratch/bdw2292/Gau-methanol’: File exists
Sat Dec 21 15:14:15 2019 Calling: ssh node36 "cd /home/bdw2292/poltype/Examples/MethanolFitRotBndsList/qm-torsion;source /home/bdw2292/.poltype.bashrc;GAUSS_SCRDIR=/scratch/bdw2292/Gau-methanol g09 methanol-sp-6-1-2-3-091.com"
Sat Dec 21 15:14:15 2019 Calling: ssh node37 "cd /home/bdw2292/poltype/Examples/MethanolFitRotBndsList/qm-torsion;source /home/bdw2292/.poltype.bashrc;mkdir /scratch/bdw2292/Gau-methanol"
mkdir: cannot create directory ‘/scratch/bdw2292/Gau-methanol’: File exists
Sat Dec 21 15:14:17 2019 Calling: ssh node37 "cd /home/bdw2292/poltype/Examples/MethanolFitRotBndsList/qm-torsion;source /home/bdw2292/.poltype.bashrc;GAUSS_SCRDIR=/scratch/bdw2292/Gau-methanol g09 methanol-sp-6-1-2-3-121.com"
Sat Dec 21 15:14:17 2019 Calling: ssh node38 "cd /home/bdw2292/poltype/Examples/MethanolFitRotBndsList/qm-torsion;source /home/bdw2292/.poltype.bashrc;mkdir /scratch/bdw2292/Gau-methanol"
Sat Dec 21 15:14:19 2019 Calling: ssh node38 "cd /home/bdw2292/poltype/Examples/MethanolFitRotBndsList/qm-torsion;source /home/bdw2292/.poltype.bashrc;GAUSS_SCRDIR=/scratch/bdw2292/Gau-methanol g09 methanol-sp-6-1-2-3-151.com"
Sat Dec 21 15:14:19 2019 Calling: ssh node40 "cd /home/bdw2292/poltype/Examples/MethanolFitRotBndsList/qm-torsion;source /home/bdw2292/.poltype.bashrc;mkdir /scratch/bdw2292/Gau-methanol"
mkdir: cannot create directory `/scratch/bdw2292/Gau-methanol': File exists
Sat Dec 21 15:14:21 2019 Calling: ssh node40 "cd /home/bdw2292/poltype/Examples/MethanolFitRotBndsList/qm-torsion;source /home/bdw2292/.poltype.bashrc;GAUSS_SCRDIR=/scratch/bdw2292/Gau-methanol g09 methanol-sp-6-1-2-3-181.com"
Sat Dec 21 15:14:21 2019 Calling: ssh node42 "cd /home/bdw2292/poltype/Examples/MethanolFitRotBndsList/qm-torsion;source /home/bdw2292/.poltype.bashrc;mkdir /scratch/bdw2292/Gau-methanol"
mkdir: cannot create directory `/scratch/bdw2292/Gau-methanol': File exists
Sat Dec 21 15:14:23 2019 Calling: ssh node42 "cd /home/bdw2292/poltype/Examples/MethanolFitRotBndsList/qm-torsion;source /home/bdw2292/.poltype.bashrc;GAUSS_SCRDIR=/scratch/bdw2292/Gau-methanol g09 methanol-sp-6-1-2-3-211.com"
Sat Dec 21 15:14:23 2019 Calling: ssh node43 "cd /home/bdw2292/poltype/Examples/MethanolFitRotBndsList/qm-torsion;source /home/bdw2292/.poltype.bashrc;mkdir /scratch/bdw2292/Gau-methanol"
mkdir: cannot create directory `/scratch/bdw2292/Gau-methanol': File exists
Sat Dec 21 15:14:25 2019 Calling: ssh node43 "cd /home/bdw2292/poltype/Examples/MethanolFitRotBndsList/qm-torsion;source /home/bdw2292/.poltype.bashrc;GAUSS_SCRDIR=/scratch/bdw2292/Gau-methanol g09 methanol-sp-6-1-2-3-031.com"
Sat Dec 21 15:14:25 2019 Calling: ssh node44 "cd /home/bdw2292/poltype/Examples/MethanolFitRotBndsList/qm-torsion;source /home/bdw2292/.poltype.bashrc;mkdir /scratch/bdw2292/Gau-methanol"
mkdir: cannot create directory ‘/scratch/bdw2292/Gau-methanol’: File exists
Sat Dec 21 15:14:27 2019 Calling: ssh node44 "cd /home/bdw2292/poltype/Examples/MethanolFitRotBndsList/qm-torsion;source /home/bdw2292/.poltype.bashrc;GAUSS_SCRDIR=/scratch/bdw2292/Gau-methanol g09 methanol-sp-6-1-2-3-001.com"
Sat Dec 21 15:14:27 2019 Calling: ssh node45 "cd /home/bdw2292/poltype/Examples/MethanolFitRotBndsList/qm-torsion;source /home/bdw2292/.poltype.bashrc;mkdir /scratch/bdw2292/Gau-methanol"
mkdir: cannot create directory `/scratch/bdw2292/Gau-methanol': File exists
Sat Dec 21 15:14:29 2019 Calling: ssh node45 "cd /home/bdw2292/poltype/Examples/MethanolFitRotBndsList/qm-torsion;source /home/bdw2292/.poltype.bashrc;GAUSS_SCRDIR=/scratch/bdw2292/Gau-methanol g09 methanol-sp-6-1-2-3-331.com"
Sat Dec 21 15:14:29 2019 Calling: ssh node46 "cd /home/bdw2292/poltype/Examples/MethanolFitRotBndsList/qm-torsion;source /home/bdw2292/.poltype.bashrc;mkdir /scratch/bdw2292/Gau-methanol"
mkdir: cannot create directory `/scratch/bdw2292/Gau-methanol': File exists
mkdir: cannot create directory `/scratch/bdw2292/Gau-methanol': File exists
Sat Dec 21 15:14:31 2019 Calling: ssh node46 "cd /home/bdw2292/poltype/Examples/MethanolFitRotBndsList/qm-torsion;source /home/bdw2292/.poltype.bashrc;GAUSS_SCRDIR=/scratch/bdw2292/Gau-methanol g09 methanol-sp-6-1-2-3-301.com"
Sat Dec 21 15:14:31 2019 Calling: ssh node47 "cd /home/bdw2292/poltype/Examples/MethanolFitRotBndsList/qm-torsion;source /home/bdw2292/.poltype.bashrc;mkdir /scratch/bdw2292/Gau-methanol"
Sat Dec 21 15:14:33 2019 Calling: ssh node47 "cd /home/bdw2292/poltype/Examples/MethanolFitRotBndsList/qm-torsion;source /home/bdw2292/.poltype.bashrc;GAUSS_SCRDIR=/scratch/bdw2292/Gau-methanol g09 methanol-sp-6-1-2-3-271.com"
mkdir: cannot create directory `/scratch/bdw2292/Gau-methanol': File exists
Sat Dec 21 15:14:38 2019 Sleeping for 5 seconds
Sat Dec 21 15:14:38 2019 GAUSS_SCRDIR=/scratch/bdw2292/Gau-methanol g09 methanol-sp-6-1-2-3-061.com has terminated on node node35
Sat Dec 21 15:14:38 2019 GAUSS_SCRDIR=/scratch/bdw2292/Gau-methanol g09 methanol-sp-6-1-2-3-091.com has terminated on node node36
Sat Dec 21 15:14:38 2019 GAUSS_SCRDIR=/scratch/bdw2292/Gau-methanol g09 methanol-sp-6-1-2-3-121.com has terminated on node node37
Sat Dec 21 15:14:38 2019 GAUSS_SCRDIR=/scratch/bdw2292/Gau-methanol g09 methanol-sp-6-1-2-3-151.com has terminated on node node38
Sat Dec 21 15:14:38 2019 GAUSS_SCRDIR=/scratch/bdw2292/Gau-methanol g09 methanol-sp-6-1-2-3-181.com has terminated on node node40
Sat Dec 21 15:14:38 2019 GAUSS_SCRDIR=/scratch/bdw2292/Gau-methanol g09 methanol-sp-6-1-2-3-211.com has terminated on node node42
Sat Dec 21 15:14:38 2019 GAUSS_SCRDIR=/scratch/bdw2292/Gau-methanol g09 methanol-sp-6-1-2-3-031.com has terminated on node node43
Sat Dec 21 15:14:38 2019 GAUSS_SCRDIR=/scratch/bdw2292/Gau-methanol g09 methanol-sp-6-1-2-3-001.com has terminated on node node44
Sat Dec 21 15:14:38 2019 GAUSS_SCRDIR=/scratch/bdw2292/Gau-methanol g09 methanol-sp-6-1-2-3-331.com has terminated on node node45
Sat Dec 21 15:14:38 2019 GAUSS_SCRDIR=/scratch/bdw2292/Gau-methanol g09 methanol-sp-6-1-2-3-301.com has terminated on node node46
Sat Dec 21 15:14:38 2019 GAUSS_SCRDIR=/scratch/bdw2292/Gau-methanol g09 methanol-sp-6-1-2-3-271.com has terminated on node node47
Sat Dec 21 15:14:43 2019 Sleeping for 5 seconds
Sat Dec 21 15:14:43 2019 All jobs have finished 
