
     ######################################################################
   ##########################################################################
  ###                                                                      ###
 ###            Tinker  ---  Software Tools for Molecular Design            ###
 ##                                                                          ##
 ##                          Version 8.7  June 2019                          ##
 ##                                                                          ##
 ##               Copyright (c)  Jay William Ponder  1990-2019               ##
 ###                           All Rights Reserved                          ###
  ###                                                                      ###
   ##########################################################################
     ######################################################################


 Additional Atom Definition Parameters :

     Type  Class  Symbol  Description               Atomic    Mass   Valence

     401    401     O     water                        8     15.999     2
     403    403     H     water                        1      1.008     1

 Additional Bond Stretching Parameters :

     Atom Classes             K(S)         Length

       401 403             529.600         0.9686

 Additional Angle Bending Parameters :

     Atom Classes             K(B)          Angle

     403 401 403            34.050        103.992

 Additional van der Waals Parameters :

     Atom Class               Size        Epsilon        Reduction

         401                3.4050         0.1100          0.000
         403                2.6550         0.0135          0.910

 Additional Atomic Multipole Parameters :

     Atom Type     Coordinate Frame Definition         Multipole Moments

         401      403    403      0   Bisector    -0.37752
                                                   0.00000  0.00000  0.32111
                                                   0.50384
                                                   0.00000 -0.66797
                                                   0.00000  0.00000  0.16413

         403      401    403      0   Z-then-X     0.18876
                                                  -0.05910  0.00000 -0.13379
                                                   0.00378
                                                   0.00000 -0.07477
                                                  -0.03323  0.00000  0.07099

 Additional Atomic Dipole Polarizability Parameters :

     Atom Type           Alpha       Thole     Group Atom Types

         401             0.837       0.390         403
         403             0.496       0.390         401

 Limited Memory BFGS Quasi-Newton Optimization :

 QN Iter     F Value      G RMS      F Move   X Move   Angle  FG Call  Comment

     0        0.0000     0.0115                                   1

 LBFGS  --  Normal Termination due to SmallGrad

 Final Function Value :            0.0000
 Final RMS Gradient :              0.0115
 Final Gradient Norm :             0.0199
