
     ######################################################################
   ##########################################################################
  ###                                                                      ###
 ###            Tinker  ---  Software Tools for Molecular Design            ###
 ##                                                                          ##
 ##                          Version 8.7  June 2019                          ##
 ##                                                                          ##
 ##               Copyright (c)  Jay William Ponder  1990-2019               ##
 ###                           All Rights Reserved                          ###
  ###                                                                      ###
   ##########################################################################
     ######################################################################


 Additional Atom Definition Parameters :

     Type  Class  Symbol  Description               Atomic    Mass   Valence

     402    402     C     ethene                       6     12.011     3
     406    406     H     ethene                       1      1.008     1

 Additional Bond Stretching Parameters :

     Atom Classes             K(S)         Length

       402 402             680.000         1.3350
       402 406             341.000         1.0847

 Additional Angle Bending Parameters :

     Atom Classes             K(B)          Angle

     402 402 406            32.000        121.700
     406 402 406            39.570        116.600

 Additional Torsional Parameters :

     Atom Classes     1-Fold    2-Fold    3-Fold    4-Fold    5-Fold    6-Fold

   406 402 402 406   0.00   0 10.00 180  0.00   0  0.00   0  0.00   0  0.00   0

 Additional van der Waals Parameters :

     Atom Class               Size        Epsilon        Reduction

         402                3.8000         0.0890          0.000
         406                2.9800         0.0240          0.940

 Additional Atomic Multipole Parameters :

     Atom Type     Coordinate Frame Definition         Multipole Moments

         402      402      0      0   Z-Only      -0.06030
                                                   0.00000  0.00000 -0.13068
                                                   0.02066
                                                   0.00000  0.02066
                                                   0.00000  0.00000 -0.04132

         406      402    406      0   Z-then-X     0.03015
                                                  -0.00382  0.00000 -0.20835
                                                   0.12877
                                                   0.00000  0.03036
                                                   0.06302  0.00000 -0.15913

 Additional Atomic Dipole Polarizability Parameters :

     Atom Type           Alpha       Thole     Group Atom Types

         402             1.750       0.390         402  406
         406             0.696       0.390         402

 Limited Memory BFGS Quasi-Newton Optimization :

 QN Iter     F Value      G RMS      F Move   X Move   Angle  FG Call  Comment

     0        0.7012     0.9397                                   1
     1        0.6918     0.6441      0.0095   0.0034    0.00      3    Success 
     2        0.6902     0.8471      0.0016   0.0010   34.43      5    Success 
     3        0.6889     0.1988      0.0012   0.0007   57.92      6    Success 
     4        0.6889     0.0009      0.0001   0.0002   57.28      7   SmallGrad

 LBFGS  --  Normal Termination due to SmallGrad

 Final Function Value :            0.6889
 Final RMS Gradient :              0.0009
 Final Gradient Norm :             0.0022
