
     ######################################################################
   ##########################################################################
  ###                                                                      ###
 ###            Tinker  ---  Software Tools for Molecular Design            ###
 ##                                                                          ##
 ##                          Version 8.7  June 2019                          ##
 ##                                                                          ##
 ##               Copyright (c)  Jay William Ponder  1990-2019               ##
 ###                           All Rights Reserved                          ###
  ###                                                                      ###
   ##########################################################################
     ######################################################################


 Additional Atom Definition Parameters :

     Type  Class  Symbol  Description               Atomic    Mass   Valence

     401    401     H     MonoMethylPhosphate1         1      1.008     1
     402    402     O     MonoMethylPhosphate1         8     15.999     2
     403    403     P     MonoMethylPhosphate1        15     30.974     4
     404    404     O     MonoMethylPhosphate1         8     15.999     2
     410    410     O     MonoMethylPhosphate1         8     15.999     1
     405    405     C     MonoMethylPhosphate1         6     12.011     4
     408    408     H     MonoMethylPhosphate1         1      1.008     1

 Additional Bond Stretching Parameters :

     Atom Classes             K(S)         Length

       401 402             560.000         0.9654
       402 403             450.000         1.6528
       403 410             775.000         1.5015
       403 404             450.000         1.6461
       404 405             465.100         1.4167
       405 408             341.000         1.0956

 Additional Angle Bending Parameters :

     Atom Classes             K(B)          Angle

     401 402 403            60.000        108.290
     402 403 410            75.860        107.710
     402 403 404            65.580        101.007
     404 403 410            75.860        109.969
     410 403 410            89.880        122.648
     403 404 405            80.300        117.674
     408 405 408            39.570        109.205
     404 405 408            60.990        111.289

 Additional Stretch-Bend Parameters :

     Atom Classes          K(SB)-1        K(SB)-2

     401 402 403            -4.500         38.000
     402 403 404            14.400         14.400
     402 403 410            14.400         14.400
     404 403 410            14.400         14.400
     403 404 405            38.000         38.000
     404 405 408            -4.500         38.000

 Additional Torsional Parameters :

     Atom Classes     1-Fold    2-Fold    3-Fold    4-Fold    5-Fold    6-Fold

   401 402 403 410  -2.00   0 -1.68 180 -0.80   0  0.00   0  0.00   0  0.00   0
   401 402 403 404  -2.00   0 -1.68 180 -0.80   0  0.00   0  0.00   0  0.00   0
   402 403 404 405   0.00   0  0.00 180  0.00   0  0.00   0  0.00   0  0.00   0
   403 404 405 408   2.00   0 -1.50 180  0.89   0  0.00   0  0.00   0  0.00   0
   410 403 404 405   0.00   0  0.00 180  0.00   0  0.00   0  0.00   0  0.00   0

 Additional van der Waals Parameters :

     Atom Class               Size        Epsilon        Reduction

         401                2.6650         0.0150          0.910
         402                3.4050         0.1120          0.000
         403                4.4500         0.3900          0.000
         404                3.4050         0.1100          0.000
         410                3.6300         0.1120          0.000
         405                3.8200         0.1010          0.000
         408                2.9600         0.0240          0.920

 Additional Atomic Multipole Parameters :

     Atom Type     Coordinate Frame Definition         Multipole Moments

         401      402    403      0   Z-then-X     0.21373
                                                  -0.08822  0.00000 -0.03972
                                                  -0.08963
                                                   0.00000 -0.13064
                                                   0.02556  0.00000  0.22027

         402      403    401      0   Z-then-X    -0.62101
                                                   0.18655  0.00000  0.04910
                                                   0.44280
                                                   0.00000 -0.56771
                                                  -0.28514  0.00000  0.12491

         403      404    402      0   Z-then-X     1.60651
                                                   0.05960  0.00000  0.09207
                                                  -0.02473
                                                   0.00000  0.07549
                                                  -0.01643  0.00000 -0.05076

         404      405    403      0   Z-then-X    -0.55243
                                                   0.12961  0.00000  0.34834
                                                  -0.10785
                                                   0.00000 -0.59485
                                                  -0.06085  0.00000  0.70270

         405      404    403      0   Z-then-X     0.15191
                                                  -0.11712  0.00000  0.36936
                                                  -0.43726
                                                   0.00000 -0.27816
                                                  -0.11819  0.00000  0.71542

         408      405    404      0   Z-then-X    -0.00243
                                                  -0.00158  0.00000 -0.10394
                                                   0.01963
                                                   0.00000 -0.03888
                                                   0.02637  0.00000  0.01925

         410      403    410      0   Z-then-X    -0.89571
                                                  -0.01259  0.00000  0.04810
                                                  -0.22681
                                                   0.00000 -0.18762
                                                   0.04610  0.00000  0.41443

 Additional Atomic Dipole Polarizability Parameters :

     Atom Type           Alpha       Thole     Group Atom Types

         401             0.496       0.390         402
         402             0.837       0.390         401  403
         403             1.828       0.390         402  404  410
         404             0.837       0.390         403  405
         410             0.837       0.390         403
         405             1.334       0.390         404  408
         408             0.496       0.390         405

 Limited Memory BFGS Quasi-Newton Optimization :

 QN Iter     F Value      G RMS      F Move   X Move   Angle  FG Call  Comment

     0     -116.7518    15.8798                                   1
     1     -117.3730    11.7574      0.6213   0.0089    0.00      3    Success 
     2     -117.7304     9.2154      0.3574   0.0039   30.93      4    Success 
     3     -118.3616     6.9853      0.6313   0.0089   29.07      5    Success 
     4     -119.3250     6.5350      0.9633   0.0196   22.92      6    Success 
     5     -119.7429     9.9178      0.4180   0.0177   43.86      8    Success 
     6     -120.0461     4.0877      0.3032   0.0176   70.09      9    Success 
     7     -120.1396     3.3282      0.0935   0.0034   39.71     10    Success 
     8     -120.2909     2.3096      0.1513   0.0070   36.68     11    Success 
     9     -120.3928     6.6069      0.1019   0.0154   31.88     12    Success 
    10     -120.4962     2.2412      0.1034   0.0068   62.96     13    Success 
    11     -120.5270     1.7262      0.0308   0.0018   29.67     14    Success 
    12     -120.5780     1.3812      0.0510   0.0047   40.37     15    Success 
    13     -120.6294     2.5524      0.0514   0.0115   50.03     16    Success 
    14     -120.6488     1.3119      0.0194   0.0065   70.95     17    Success 
    15     -120.6553     0.6776      0.0066   0.0011   49.65     18    Success 
    16     -120.6616     0.5433      0.0063   0.0014   20.31     19    Success 
    17     -120.6664     0.4658      0.0048   0.0021   50.09     20    Success 
    18     -120.6701     0.3242      0.0037   0.0022   59.45     21    Success 
    19     -120.6726     0.7053      0.0025   0.0032   55.75     22    Success 
    20     -120.6756     0.5074      0.0030   0.0019   72.45     23    Success 
    21     -120.6803     0.6429      0.0047   0.0035   70.75     24    Success 
    22     -120.6882     0.9141      0.0079   0.0065   76.91     25    Success 
    23     -120.7025     1.3638      0.0143   0.0114   81.24     26    Success 
    24     -120.7283     2.3548      0.0258   0.0204   84.11     27    Success 
    25     -120.7554     5.5994      0.0272   0.0361   86.52     28    Success 
    26     -120.8036     4.8471      0.0482   0.0079   82.91     29    Success 
    27     -120.8937     5.4486      0.0901   0.0249   85.42     30    Success 
    28     -121.0571     6.6416      0.1634   0.0348   84.54     31    Success 
    29     -121.3076     8.4162      0.2505   0.0455   83.80     32    Success 
    30     -121.5918     8.0616      0.2842   0.0442   82.25     33    Success 
    31     -121.8523     6.7130      0.2605   0.0284   78.99     34    Success 
    32     -121.9499     9.6124      0.0976   0.0248   83.88     36    Success 
    33     -122.1294     9.0113      0.1795   0.0089   76.75     37    Success 
    34     -122.4475     8.5491      0.3181   0.0154   75.00     38    Success 
    35     -122.9847     7.5023      0.5372   0.0260   73.34     39    Success 
    36     -123.7430     8.3502      0.7583   0.0504   73.51     40    Success 
    37     -123.7931    16.6175      0.0500   0.0523   71.02     41    Success 
    38     -124.2041    11.3734      0.4111   0.0084   68.89     43    Success 
    39     -124.3381    10.4667      0.1340   0.0156   62.42     44    Success 
    40     -124.5602     8.0271      0.2221   0.0140   79.44     45    Success 
    41     -124.8125     5.0263      0.2523   0.0320   80.03     46    Success 
    42     -124.9209     3.8334      0.1084   0.0037   46.73     47    Success 
    43     -125.1034     3.4999      0.1825   0.0086   48.79     48    Success 
    44     -125.3762     3.9526      0.2729   0.0182   55.10     49    Success 
    45     -125.4735     6.2203      0.0972   0.0123   66.29     51    Success 
    46     -125.6044     3.5022      0.1309   0.0146   77.65     52    Success 
    47     -125.6594     1.3343      0.0550   0.0094   73.30     53    Success 
    48     -125.6775     2.7116      0.0180   0.0138   70.84     54    Success 
    49     -125.7011     1.0877      0.0236   0.0040   70.34     55    Success 
    50     -125.7112     0.7118      0.0102   0.0025   58.66     56    Success 
    51     -125.7190     0.6289      0.0078   0.0036   64.26     57    Success 
    52     -125.7208     1.8027      0.0018   0.0050   69.26     58    Success 
    53     -125.7238     1.2833      0.0030   0.0006   72.35     59    Success 
    54     -125.7281     0.5125      0.0043   0.0013   68.57     60    Success 
    55     -125.7307     0.5909      0.0025   0.0013   59.66     61    Success 
    56     -125.7341     0.9060      0.0035   0.0019   67.03     62    Success 
    57     -125.7400     1.1354      0.0059   0.0030   75.02     63    Success 
    58     -125.7500     1.2939      0.0100   0.0051   78.20     64    Success 
    59     -125.7564     2.3050      0.0064   0.0092   80.33     65    Success 
    60     -125.7665     1.5399      0.0101   0.0045   82.89     66    Success 
    61     -125.7756     0.5212      0.0091   0.0059   80.10     67    Success 
    62     -125.7776     0.3618      0.0020   0.0022   76.15     68    Success 
    63     -125.7794     0.4109      0.0018   0.0024   70.74     69    Success 
    64     -125.7804     0.4794      0.0010   0.0025   79.42     70    Success 
    65     -125.7815     0.3345      0.0011   0.0016   79.01     71    Success 
    66     -125.7831     0.3073      0.0015   0.0026   75.09     72    Success 
    67     -125.7844     0.4324      0.0014   0.0030   77.28     73    Success 
    68     -125.7864     0.5452      0.0020   0.0038   81.01     74    Success 
    69     -125.7892     0.6081      0.0028   0.0054   82.32     75    Success 
    70     -125.7932     0.5608      0.0040   0.0070   82.49     76    Success 
    71     -125.7992     0.5887      0.0059   0.0097   81.46     77    Success 
    72     -125.8060     0.9558      0.0069   0.0132   81.21     78    Success 
    73     -125.8145     0.7744      0.0084   0.0113   83.10     79    Success 
    74     -125.8219     0.7513      0.0074   0.0084   81.19     80    Success 
    75     -125.8257     1.7359      0.0039   0.0157   82.77     81    Success 
    76     -125.8318     0.9730      0.0060   0.0021   77.62     82    Success 
    77     -125.8383     0.5677      0.0065   0.0072   82.03     83    Success 
    78     -125.8428     0.6730      0.0045   0.0055   78.44     84    Success 
    79     -125.8451     1.1132      0.0023   0.0192   86.01     85    Success 
    80     -125.8488     0.7534      0.0037   0.0016   74.75     86    Success 
    81     -125.8522     0.1503      0.0034   0.0020   66.55     87    Success 
    82     -125.8527     0.1306      0.0005   0.0020   77.65     88    Success 
    83     -125.8531     0.1949      0.0004   0.0037   81.37     89    Success 
    84     -125.8532     0.1648      0.0001   0.0022   86.67     91    Success 
    85     -125.8534     0.0910      0.0001   0.0010   84.86     92   SmallGrad

 LBFGS  --  Normal Termination due to SmallGrad

 Final Function Value :         -125.8534
 Final RMS Gradient :              0.0910
 Final Gradient Norm :             0.2879
